<?xml version="1.0" encoding="UTF-8"?>
<testsuites name="TS_Disbursement_Dashboard" time="257.909" tests="4" failures="1" errors="0">
   <testsuite name="TS_Disbursement_Dashboard" tests="4" failures="1" errors="0" time="257.909" timestamp="2021-01-21 15:37:09" hostname="chaidir.pratama01 - 192.168.1.2" id="Test Suites/RTD/TS_Disbursement_Dashboard">
      <properties>
         <property name="deviceName" value=""/>
         <property name="devicePlatform" value=""/>
         <property name="logFolder" value="/Users/chaidir.pratama01/Katalon Studio/IST_Automation_Git/Reports/20210121_153655/RTD/TS_Disbursement_Dashboard/20210121_153655"/>
         <property name="logFiles" value="/Users/chaidir.pratama01/Katalon Studio/IST_Automation_Git/Reports/20210121_153655/RTD/TS_Disbursement_Dashboard/20210121_153655/execution0.log"/>
         <property name="attachments" value="/Users/chaidir.pratama01/Documents/Docs/Katalon Studio/Screenshot/test-Dashboard for CCC/OCS.png, /Users/chaidir.pratama01/Documents/Docs/Katalon Studio/Screenshot/test-Disbursement Dashboard.png, /Users/chaidir.pratama01/Documents/Docs/Katalon Studio/Screenshot/test-Disbursement Dashboard.png, /Users/chaidir.pratama01/Documents/Docs/Katalon Studio/Screenshot/test-Disbursement Dashboard.png, /Users/chaidir.pratama01/Documents/Docs/Katalon Studio/Screenshot/test-Disbursement Dashboard.png, /Users/chaidir.pratama01/Documents/Docs/Katalon Studio/Screenshot/test-Disbursement Dashboard.png, /Users/chaidir.pratama01/Documents/Docs/Katalon Studio/Screenshot/test-Disbursement Dashboard.png, /Users/chaidir.pratama01/Documents/Docs/Katalon Studio/Screenshot/test-Disbursement Dashboard.png, /Users/chaidir.pratama01/Documents/Docs/Katalon Studio/Screenshot/test-Disbursement Dashboard.png, /Users/chaidir.pratama01/Documents/Docs/Katalon Studio/Screenshot/test-Disbursement Dashboard.png, /Users/chaidir.pratama01/Katalon Studio/IST_Automation_Git/Reports/20210121_153655/RTD/TS_Disbursement_Dashboard/20210121_153655/1611218411421.png, /Users/chaidir.pratama01/Documents/Docs/Katalon Studio/Screenshot/test-Disbursement Dashboard.png, /Users/chaidir.pratama01/Documents/Docs/Katalon Studio/Screenshot/test-Disbursement Dashboard.png, /Users/chaidir.pratama01/Documents/Docs/Katalon Studio/Screenshot/test-Disbursement Dashboard.png, /Users/chaidir.pratama01/Documents/Docs/Katalon Studio/Screenshot/test-Disbursement Dashboard.png, /Users/chaidir.pratama01/Documents/Docs/Katalon Studio/Screenshot/test-Disbursement Dashboard.png"/>
         <property name="hostName" value="chaidir.pratama01 - 192.168.1.2"/>
         <property name="os" value="Mac OS X 64bit"/>
         <property name="katalonVersion" value="7.6.0.${buildNumber}"/>
         <property name="browser" value="Chrome 87.0.4280.141"/>
         <property name="hostAddress" value="192.168.1.2"/>
         <property name="sessionId" value="89f7eb0a3f85d17eeee10abf025a6e29"/>
         <property name="seleniumVersion" value="3.141.59"/>
         <property name="proxyInformation" value="ProxyInformation { proxyOption=NO_PROXY, proxyServerType=HTTP, username=, password=********, proxyServerAddress=, proxyServerPort=0, executionList=\&quot;\&quot;, isApplyToDesiredCapabilities=true }"/>
         <property name="platform" value="Mac OS X"/>
      </properties>
      <testcase name="Test Cases/RTD/Disbursement Dashboard/TC_View_Detail_Disbursement_Dashboard" time="45.068" classname="Test Cases/RTD/Disbursement Dashboard/TC_View_Detail_Disbursement_Dashboard" status="PASSED">
         <system-out><![CDATA[2021-01-21 15:37:09 - [TEST_CASE][PASSED] - Test Cases/RTD/Disbursement Dashboard/TC_View_Detail_Disbursement_Dashboard: Test Cases/RTD/Disbursement Dashboard/TC_View_Detail_Disbursement_Dashboard

2021-01-21 15:37:09 - [TEST_STEP][PASSED] - runFeatureFile("Include/features/IST_Real/RTD/Disbursement_Dashboard/View_Detail_Disbursement_Dashboard.feature"): Feature file: 'Include/features/IST_Real/RTD/Disbursement_Dashboard/View_Detail_Disbursement_Dashboard.feature' was passed

2021-01-21 15:37:09 - [MESSAGE][INFO] - Starting run keyword runFeatureFile: 'Include/features/IST_Real/RTD/Disbursement_Dashboard/View_Detail_Disbursement_Dashboard.feature' and extract report to folder: '/Users/chaidir.pratama01/Katalon Studio/IST_Automation_Git/Reports/20210121_153655/RTD/TS_Disbursement_Dashboard/20210121_153655/cucumber_report/1611218229812'...

2021-01-21 15:37:10 - [TEST_CASE][PASSED] - Start Test Case : SCENARIO Search by STATUS Success to Disburse and then View Detail of it: SCENARIO Search by STATUS Success to Disburse and then View Detail of it

2021-01-21 15:37:10 - [TEST_STEP][PASSED] - Go to ISTools: Go to ISTools

2021-01-21 15:37:10 - [MESSAGE][INFO] - Starting 'Chrome (headless)' driver

2021-01-21 15:37:10 - [MESSAGE][INFO] - User set preference: ['args', '[--start-maximized, --disable-gpu, --no-proxy-server, –-no-sandbox, --allow-running-insecure-content, --ignore-certificate-errors, window-size=1680,814, force-device-scale-factor=2, --lang=en-GB]']

2021-01-21 15:37:10 - [MESSAGE][INFO] - User set preference: ['prefs', '{download.default_directory=/Users/chaidir.pratama01/Katalon Studio/IST_Automation_Git/Download}']

2021-01-21 15:37:10 - [MESSAGE][INFO] - Action delay is set to 0 milliseconds

2021-01-21 15:37:11 - [MESSAGE][PASSED] - Browser is opened with url: ''

2021-01-21 15:37:14 - [MESSAGE][PASSED] - Navigate to 'https://dev-istools.homecredit.id/foundation/' successfully

2021-01-21 15:37:14 - [MESSAGE][PASSED] - Go to ISTools

2021-01-21 15:37:14 - [TEST_STEP][PASSED] - Login IST with valid credentials: Login IST with valid credentials

2021-01-21 15:37:14 - [MESSAGE][PASSED] - Text 'mobile.test' is set on object 'Object Repository/Page_/input_Username_j_username'

2021-01-21 15:37:14 - [MESSAGE][PASSED] - Text ****** has been set on object 'Object Repository/Page_/input_Password_j_password'

2021-01-21 15:37:15 - [MESSAGE][PASSED] - Object: 'Object Repository/Page_/button_Login' is clicked on

2021-01-21 15:37:15 - [MESSAGE][PASSED] - Login IST with valid credentials

2021-01-21 15:37:15 - [TEST_STEP][PASSED] - Login Success: Login Success

2021-01-21 15:37:15 - [MESSAGE][INFO] - Login Success

2021-01-21 15:37:15 - [MESSAGE][PASSED] - Current window maximized

2021-01-21 15:37:15 - [MESSAGE][PASSED] - Object 'Object Repository/Page_/h1_Welcome to IT Supporting Tools' is present

2021-01-21 15:37:15 - [MESSAGE][PASSED] - Login Success

2021-01-21 15:37:15 - [TEST_STEP][PASSED] - Select Arrow Menu "Real Time Disbursement": Select Arrow Menu "Real Time Disbursement"

2021-01-21 15:37:15 - [MESSAGE][PASSED] - Object: '' is clicked on

2021-01-21 15:37:15 - [MESSAGE][PASSED] - Select Arrow Menu "Real Time Disbursement"

2021-01-21 15:37:15 - [TEST_STEP][PASSED] - Select Menu "Dashboard for CCC/OCS": Select Menu "Dashboard for CCC/OCS"

2021-01-21 15:37:15 - [MESSAGE][PASSED] - Taking screenshot successfully
[[ATTACHMENT|/Users/chaidir.pratama01/Documents/Docs/Katalon Studio/Screenshot/test-Dashboard for CCC/OCS.png]]

2021-01-21 15:37:15 - [MESSAGE][PASSED] - Object '' is present

2021-01-21 15:37:16 - [MESSAGE][PASSED] - Object: '' is clicked on

2021-01-21 15:37:16 - [MESSAGE][PASSED] - Wait for page load successfully

2021-01-21 15:37:16 - [MESSAGE][PASSED] - Select Menu "Dashboard for CCC/OCS"

2021-01-21 15:37:16 - [TEST_STEP][PASSED] - Select STATUS "Success to Disburse": Select STATUS "Success to Disburse"

2021-01-21 15:37:16 - [MESSAGE][PASSED] - All options with value 'Success to Disburse' are selected in object ''  using regular expression

2021-01-21 15:37:16 - [MESSAGE][PASSED] - Select STATUS "Success to Disburse"

2021-01-21 15:37:16 - [TEST_STEP][PASSED] - Click button "Search": Click button "Search"

2021-01-21 15:37:16 - [MESSAGE][INFO] - >>>>>//Button[contains(text(),'Search')]

2021-01-21 15:37:19 - [MESSAGE][PASSED] - Object '' is present

2021-01-21 15:37:19 - [MESSAGE][PASSED] - Object: '' is clicked on

2021-01-21 15:37:19 - [MESSAGE][PASSED] - Switched to window with index: '0'

2021-01-21 15:37:19 - [MESSAGE][PASSED] - Click button "Search"

2021-01-21 15:37:19 - [TEST_STEP][PASSED] - Verify Search Result Presents: Verify Search Result Presents

2021-01-21 15:37:19 - [MESSAGE][PASSED] - Object '' is present

2021-01-21 15:37:20 - [MESSAGE][PASSED] - Verify Search Result Presents

2021-01-21 15:37:20 - [TEST_STEP][PASSED] - Click View Detail: Click View Detail

2021-01-21 15:37:20 - [MESSAGE][PASSED] - Object '' is present

2021-01-21 15:37:20 - [MESSAGE][PASSED] - Object: '' is clicked on

2021-01-21 15:37:20 - [MESSAGE][PASSED] - Click View Detail

2021-01-21 15:37:20 - [TEST_STEP][PASSED] - Verify Information in View Detail: Verify Information in View Detail

2021-01-21 15:37:23 - [MESSAGE][PASSED] - Delayed 3 second(s)

2021-01-21 15:37:23 - [MESSAGE][PASSED] - Attribute 'value' of object '' is: '3900014152'

2021-01-21 15:37:26 - [MESSAGE][PASSED] - Delayed 3 second(s)

2021-01-21 15:37:26 - [MESSAGE][PASSED] - Attribute 'value' of object '' is: 'IDITXLeks TESTERbIvIvO'

2021-01-21 15:37:29 - [MESSAGE][PASSED] - Delayed 3 second(s)

2021-01-21 15:37:29 - [MESSAGE][PASSED] - Attribute 'value' of object '' is: 'Success to Disburse'

2021-01-21 15:37:32 - [MESSAGE][PASSED] - Delayed 3 second(s)

2021-01-21 15:37:32 - [MESSAGE][PASSED] - Attribute 'value' of object '' is: 'Rp 7,000,000'

2021-01-21 15:37:35 - [MESSAGE][PASSED] - Delayed 3 second(s)

2021-01-21 15:37:35 - [MESSAGE][PASSED] - Attribute 'value' of object '' is: 'KESEJAHTERAAN EKONOMI'

2021-01-21 15:37:38 - [MESSAGE][PASSED] - Delayed 3 second(s)

2021-01-21 15:37:38 - [MESSAGE][PASSED] - Attribute 'value' of object '' is: '1'

2021-01-21 15:37:41 - [MESSAGE][PASSED] - Delayed 3 second(s)

2021-01-21 15:37:41 - [MESSAGE][PASSED] - Attribute 'value' of object '' is: 'NAMA ADA DISINI'

2021-01-21 15:37:44 - [MESSAGE][PASSED] - Delayed 3 second(s)

2021-01-21 15:37:44 - [MESSAGE][PASSED] - Attribute 'value' of object '' is: 'KESEJAHTERAAN EKONOMI'

2021-01-21 15:37:47 - [MESSAGE][PASSED] - Delayed 3 second(s)

2021-01-21 15:37:47 - [MESSAGE][PASSED] - Attribute 'value' of object '' is: ''

2021-01-21 15:37:50 - [MESSAGE][PASSED] - Delayed 3 second(s)

2021-01-21 15:37:50 - [MESSAGE][PASSED] - Attribute 'value' of object '' is: ''

2021-01-21 15:37:50 - [MESSAGE][PASSED] - Text of object '' is: 'Date'

2021-01-21 15:37:50 - [MESSAGE][PASSED] - Text of object '' is: 'Status'

2021-01-21 15:37:50 - [MESSAGE][PASSED] - Text of object '' is: 'Updated Information'

2021-01-21 15:37:50 - [MESSAGE][PASSED] - Text of object '' is: 'Last Update By'

2021-01-21 15:37:50 - [MESSAGE][PASSED] - Text of object '' is: 'Department'

2021-01-21 15:37:51 - [MESSAGE][PASSED] - Verify Information in View Detail

2021-01-21 15:37:51 - [TEST_STEP][PASSED] - Click button "Logout": Click button "Logout"

2021-01-21 15:37:51 - [MESSAGE][INFO] - >>>>>//Button[contains(text(),'Logout')]

2021-01-21 15:37:54 - [MESSAGE][PASSED] - Object '' is present

2021-01-21 15:37:54 - [MESSAGE][PASSED] - Object: '' is clicked on

2021-01-21 15:37:54 - [MESSAGE][PASSED] - Switched to window with index: '0'

2021-01-21 15:37:54 - [MESSAGE][PASSED] - Click button "Logout"

2021-01-21 15:37:54 - [TEST_STEP][PASSED] - Close browser: Close browser

2021-01-21 15:37:54 - [MESSAGE][PASSED] - Browser is closed

2021-01-21 15:37:54 - [MESSAGE][PASSED] - Close browser

2021-01-21 15:37:54 - [MESSAGE][PASSED] - Feature file: 'Include/features/IST_Real/RTD/Disbursement_Dashboard/View_Detail_Disbursement_Dashboard.feature' was passed]]></system-out>
         <system-err><![CDATA[]]></system-err>
      </testcase>
      <testcase name="Test Cases/RTD/Disbursement Dashboard/TC_Search_by_Contract_Number_Disbursement_Dashboard" time="6.734" classname="Test Cases/RTD/Disbursement Dashboard/TC_Search_by_Contract_Number_Disbursement_Dashboard" status="PASSED">
         <system-out><![CDATA[2021-01-21 15:37:54 - [TEST_CASE][PASSED] - Test Cases/RTD/Disbursement Dashboard/TC_Search_by_Contract_Number_Disbursement_Dashboard: Test Cases/RTD/Disbursement Dashboard/TC_Search_by_Contract_Number_Disbursement_Dashboard

2021-01-21 15:37:54 - [TEST_STEP][PASSED] - runFeatureFile("Include/features/IST_Real/RTD/Disbursement_Dashboard/Search_by_Contract_Number_Disbursement_Dashboard.feature"): Feature file: 'Include/features/IST_Real/RTD/Disbursement_Dashboard/Search_by_Contract_Number_Disbursement_Dashboard.feature' was passed

2021-01-21 15:37:54 - [MESSAGE][INFO] - Starting run keyword runFeatureFile: 'Include/features/IST_Real/RTD/Disbursement_Dashboard/Search_by_Contract_Number_Disbursement_Dashboard.feature' and extract report to folder: '/Users/chaidir.pratama01/Katalon Studio/IST_Automation_Git/Reports/20210121_153655/RTD/TS_Disbursement_Dashboard/20210121_153655/cucumber_report/1611218274681'...

2021-01-21 15:37:54 - [TEST_CASE][PASSED] - Start Test Case : SCENARIO Search by Contract Number and it found on Dashboard: SCENARIO Search by Contract Number and it found on Dashboard

2021-01-21 15:37:54 - [TEST_STEP][PASSED] - Go to ISTools: Go to ISTools

2021-01-21 15:37:54 - [MESSAGE][INFO] - Starting 'Chrome (headless)' driver

2021-01-21 15:37:54 - [MESSAGE][INFO] - User set preference: ['args', '[--start-maximized, --disable-gpu, --no-proxy-server, –-no-sandbox, --allow-running-insecure-content, --ignore-certificate-errors, window-size=1680,814, force-device-scale-factor=2, --lang=en-GB]']

2021-01-21 15:37:54 - [MESSAGE][INFO] - User set preference: ['prefs', '{download.default_directory=/Users/chaidir.pratama01/Katalon Studio/IST_Automation_Git/Download}']

2021-01-21 15:37:54 - [MESSAGE][INFO] - Action delay is set to 0 milliseconds

2021-01-21 15:37:55 - [MESSAGE][PASSED] - Browser is opened with url: ''

2021-01-21 15:37:55 - [MESSAGE][PASSED] - Navigate to 'https://dev-istools.homecredit.id/foundation/' successfully

2021-01-21 15:37:55 - [MESSAGE][PASSED] - Go to ISTools

2021-01-21 15:37:55 - [TEST_STEP][PASSED] - Login IST with valid credentials: Login IST with valid credentials

2021-01-21 15:37:56 - [MESSAGE][PASSED] - Text 'mobile.test' is set on object 'Object Repository/Page_/input_Username_j_username'

2021-01-21 15:37:56 - [MESSAGE][PASSED] - Text ****** has been set on object 'Object Repository/Page_/input_Password_j_password'

2021-01-21 15:37:56 - [MESSAGE][PASSED] - Object: 'Object Repository/Page_/button_Login' is clicked on

2021-01-21 15:37:56 - [MESSAGE][PASSED] - Login IST with valid credentials

2021-01-21 15:37:56 - [TEST_STEP][PASSED] - Login Success: Login Success

2021-01-21 15:37:56 - [MESSAGE][INFO] - Login Success

2021-01-21 15:37:56 - [MESSAGE][PASSED] - Current window maximized

2021-01-21 15:37:56 - [MESSAGE][PASSED] - Object 'Object Repository/Page_/h1_Welcome to IT Supporting Tools' is present

2021-01-21 15:37:56 - [MESSAGE][PASSED] - Login Success

2021-01-21 15:37:56 - [TEST_STEP][PASSED] - Select Arrow Menu "Real Time Disbursement": Select Arrow Menu "Real Time Disbursement"

2021-01-21 15:37:56 - [MESSAGE][PASSED] - Object: '' is clicked on

2021-01-21 15:37:56 - [MESSAGE][PASSED] - Select Arrow Menu "Real Time Disbursement"

2021-01-21 15:37:56 - [TEST_STEP][PASSED] - Select Menu "Disbursement Dashboard": Select Menu "Disbursement Dashboard"

2021-01-21 15:37:57 - [MESSAGE][PASSED] - Taking screenshot successfully
[[ATTACHMENT|/Users/chaidir.pratama01/Documents/Docs/Katalon Studio/Screenshot/test-Disbursement Dashboard.png]]

2021-01-21 15:37:57 - [MESSAGE][PASSED] - Object '' is present

2021-01-21 15:37:57 - [MESSAGE][PASSED] - Object: '' is clicked on

2021-01-21 15:37:57 - [MESSAGE][PASSED] - Wait for page load successfully

2021-01-21 15:37:57 - [MESSAGE][PASSED] - Select Menu "Disbursement Dashboard"

2021-01-21 15:37:57 - [TEST_STEP][PASSED] - Input Contract RTD in Contract Number label: Input Contract RTD in Contract Number label

2021-01-21 15:37:57 - [MESSAGE][PASSED] - Text '4000014162' is set on object ''

2021-01-21 15:37:57 - [MESSAGE][PASSED] - Input Contract RTD in Contract Number label

2021-01-21 15:37:57 - [TEST_STEP][PASSED] - Click button "Search": Click button "Search"

2021-01-21 15:37:57 - [MESSAGE][INFO] - >>>>>//Button[contains(text(),'Search')]

2021-01-21 15:38:00 - [MESSAGE][PASSED] - Object '' is present

2021-01-21 15:38:00 - [MESSAGE][PASSED] - Object: '' is clicked on

2021-01-21 15:38:00 - [MESSAGE][PASSED] - Switched to window with index: '0'

2021-01-21 15:38:00 - [MESSAGE][PASSED] - Click button "Search"

2021-01-21 15:38:00 - [TEST_STEP][PASSED] - Verify Search Result Presents: Verify Search Result Presents

2021-01-21 15:38:00 - [MESSAGE][PASSED] - Object '' is present

2021-01-21 15:38:01 - [MESSAGE][PASSED] - Verify Search Result Presents

2021-01-21 15:38:01 - [MESSAGE][PASSED] - Feature file: 'Include/features/IST_Real/RTD/Disbursement_Dashboard/Search_by_Contract_Number_Disbursement_Dashboard.feature' was passed]]></system-out>
         <system-err><![CDATA[]]></system-err>
      </testcase>
      <testcase name="Test Cases/RTD/Disbursement Dashboard/TC_Search_by_STATUS_Disbursement_Dashboard" time="191.555" classname="Test Cases/RTD/Disbursement Dashboard/TC_Search_by_STATUS_Disbursement_Dashboard" status="PASSED">
         <system-out><![CDATA[2021-01-21 15:38:01 - [TEST_CASE][PASSED] - Test Cases/RTD/Disbursement Dashboard/TC_Search_by_STATUS_Disbursement_Dashboard: Test Cases/RTD/Disbursement Dashboard/TC_Search_by_STATUS_Disbursement_Dashboard

2021-01-21 15:38:01 - [TEST_STEP][PASSED] - runFeatureFile("Include/features/IST_Real/RTD/Disbursement_Dashboard/Search_by_STATUS_Disbursement_Dashboard.feature"): Feature file: 'Include/features/IST_Real/RTD/Disbursement_Dashboard/Search_by_STATUS_Disbursement_Dashboard.feature' was passed

2021-01-21 15:38:01 - [MESSAGE][INFO] - Starting run keyword runFeatureFile: 'Include/features/IST_Real/RTD/Disbursement_Dashboard/Search_by_STATUS_Disbursement_Dashboard.feature' and extract report to folder: '/Users/chaidir.pratama01/Katalon Studio/IST_Automation_Git/Reports/20210121_153655/RTD/TS_Disbursement_Dashboard/20210121_153655/cucumber_report/1611218281394'...

2021-01-21 15:38:01 - [TEST_CASE][PASSED] - Start Test Case : SCENARIO Search by STATUS Eligible to Disburse: SCENARIO Search by STATUS Eligible to Disburse

2021-01-21 15:38:01 - [TEST_STEP][PASSED] - Go to ISTools: Go to ISTools

2021-01-21 15:38:01 - [MESSAGE][WARNING] - A browser is already opened. Closing browser and opening a new one

2021-01-21 15:38:01 - [MESSAGE][INFO] - Starting 'Chrome (headless)' driver

2021-01-21 15:38:01 - [MESSAGE][INFO] - User set preference: ['args', '[--start-maximized, --disable-gpu, --no-proxy-server, –-no-sandbox, --allow-running-insecure-content, --ignore-certificate-errors, window-size=1680,814, force-device-scale-factor=2, --lang=en-GB]']

2021-01-21 15:38:01 - [MESSAGE][INFO] - User set preference: ['prefs', '{download.default_directory=/Users/chaidir.pratama01/Katalon Studio/IST_Automation_Git/Download}']

2021-01-21 15:38:01 - [MESSAGE][INFO] - Action delay is set to 0 milliseconds

2021-01-21 15:38:01 - [MESSAGE][PASSED] - Browser is opened with url: ''

2021-01-21 15:38:02 - [MESSAGE][PASSED] - Navigate to 'https://dev-istools.homecredit.id/foundation/' successfully

2021-01-21 15:38:02 - [MESSAGE][PASSED] - Go to ISTools

2021-01-21 15:38:02 - [TEST_STEP][PASSED] - Login IST with valid credentials: Login IST with valid credentials

2021-01-21 15:38:02 - [MESSAGE][PASSED] - Text 'mobile.test' is set on object 'Object Repository/Page_/input_Username_j_username'

2021-01-21 15:38:02 - [MESSAGE][PASSED] - Text ****** has been set on object 'Object Repository/Page_/input_Password_j_password'

2021-01-21 15:38:03 - [MESSAGE][PASSED] - Object: 'Object Repository/Page_/button_Login' is clicked on

2021-01-21 15:38:03 - [MESSAGE][PASSED] - Login IST with valid credentials

2021-01-21 15:38:03 - [TEST_STEP][PASSED] - Login Success: Login Success

2021-01-21 15:38:03 - [MESSAGE][INFO] - Login Success

2021-01-21 15:38:03 - [MESSAGE][PASSED] - Current window maximized

2021-01-21 15:38:03 - [MESSAGE][PASSED] - Object 'Object Repository/Page_/h1_Welcome to IT Supporting Tools' is present

2021-01-21 15:38:03 - [MESSAGE][PASSED] - Login Success

2021-01-21 15:38:03 - [TEST_STEP][PASSED] - Select Arrow Menu "Real Time Disbursement": Select Arrow Menu "Real Time Disbursement"

2021-01-21 15:38:03 - [MESSAGE][PASSED] - Object: '' is clicked on

2021-01-21 15:38:03 - [MESSAGE][PASSED] - Select Arrow Menu "Real Time Disbursement"

2021-01-21 15:38:03 - [TEST_STEP][PASSED] - Select Menu "Disbursement Dashboard": Select Menu "Disbursement Dashboard"

2021-01-21 15:38:04 - [MESSAGE][PASSED] - Taking screenshot successfully
[[ATTACHMENT|/Users/chaidir.pratama01/Documents/Docs/Katalon Studio/Screenshot/test-Disbursement Dashboard.png]]

2021-01-21 15:38:04 - [MESSAGE][PASSED] - Object '' is present

2021-01-21 15:38:04 - [MESSAGE][PASSED] - Object: '' is clicked on

2021-01-21 15:38:04 - [MESSAGE][PASSED] - Wait for page load successfully

2021-01-21 15:38:04 - [MESSAGE][PASSED] - Select Menu "Disbursement Dashboard"

2021-01-21 15:38:04 - [TEST_STEP][PASSED] - Select STATUS "Eligible to disburse": Select STATUS "Eligible to disburse"

2021-01-21 15:38:04 - [MESSAGE][PASSED] - All options with value 'Eligible to disburse' are selected in object ''  using regular expression

2021-01-21 15:38:04 - [MESSAGE][PASSED] - Select STATUS "Eligible to disburse"

2021-01-21 15:38:04 - [TEST_STEP][PASSED] - Click button "Search": Click button "Search"

2021-01-21 15:38:04 - [MESSAGE][INFO] - >>>>>//Button[contains(text(),'Search')]

2021-01-21 15:38:07 - [MESSAGE][PASSED] - Object '' is present

2021-01-21 15:38:07 - [MESSAGE][PASSED] - Object: '' is clicked on

2021-01-21 15:38:07 - [MESSAGE][PASSED] - Switched to window with index: '0'

2021-01-21 15:38:07 - [MESSAGE][PASSED] - Click button "Search"

2021-01-21 15:38:07 - [TEST_STEP][PASSED] - Verify Search Result Presents: Verify Search Result Presents

2021-01-21 15:38:07 - [MESSAGE][PASSED] - Object '' is present

2021-01-21 15:38:14 - [MESSAGE][PASSED] - Verify Search Result Presents

2021-01-21 15:38:14 - [TEST_STEP][PASSED] - Click button "Logout": Click button "Logout"

2021-01-21 15:38:14 - [MESSAGE][INFO] - >>>>>//Button[contains(text(),'Logout')]

2021-01-21 15:38:17 - [MESSAGE][PASSED] - Object '' is present

2021-01-21 15:38:18 - [MESSAGE][PASSED] - Object: '' is clicked on

2021-01-21 15:38:18 - [MESSAGE][PASSED] - Switched to window with index: '0'

2021-01-21 15:38:18 - [MESSAGE][PASSED] - Click button "Logout"

2021-01-21 15:38:18 - [TEST_STEP][PASSED] - Close browser: Close browser

2021-01-21 15:38:18 - [MESSAGE][PASSED] - Browser is closed

2021-01-21 15:38:18 - [MESSAGE][PASSED] - Close browser

2021-01-21 15:38:18 - [TEST_CASE][PASSED] - Start Test Case : SCENARIO Search by STATUS Waiting approval from Risk: SCENARIO Search by STATUS Waiting approval from Risk

2021-01-21 15:38:18 - [TEST_STEP][PASSED] - Go to ISTools: Go to ISTools

2021-01-21 15:38:18 - [MESSAGE][INFO] - Starting 'Chrome (headless)' driver

2021-01-21 15:38:18 - [MESSAGE][INFO] - User set preference: ['args', '[--start-maximized, --disable-gpu, --no-proxy-server, –-no-sandbox, --allow-running-insecure-content, --ignore-certificate-errors, window-size=1680,814, force-device-scale-factor=2, --lang=en-GB]']

2021-01-21 15:38:18 - [MESSAGE][INFO] - User set preference: ['prefs', '{download.default_directory=/Users/chaidir.pratama01/Katalon Studio/IST_Automation_Git/Download}']

2021-01-21 15:38:18 - [MESSAGE][INFO] - Action delay is set to 0 milliseconds

2021-01-21 15:38:19 - [MESSAGE][PASSED] - Browser is opened with url: ''

2021-01-21 15:38:20 - [MESSAGE][PASSED] - Navigate to 'https://dev-istools.homecredit.id/foundation/' successfully

2021-01-21 15:38:20 - [MESSAGE][PASSED] - Go to ISTools

2021-01-21 15:38:20 - [TEST_STEP][PASSED] - Login IST with valid credentials: Login IST with valid credentials

2021-01-21 15:38:20 - [MESSAGE][PASSED] - Text 'mobile.test' is set on object 'Object Repository/Page_/input_Username_j_username'

2021-01-21 15:38:20 - [MESSAGE][PASSED] - Text ****** has been set on object 'Object Repository/Page_/input_Password_j_password'

2021-01-21 15:38:21 - [MESSAGE][PASSED] - Object: 'Object Repository/Page_/button_Login' is clicked on

2021-01-21 15:38:21 - [MESSAGE][PASSED] - Login IST with valid credentials

2021-01-21 15:38:21 - [TEST_STEP][PASSED] - Login Success: Login Success

2021-01-21 15:38:21 - [MESSAGE][INFO] - Login Success

2021-01-21 15:38:21 - [MESSAGE][PASSED] - Current window maximized

2021-01-21 15:38:21 - [MESSAGE][PASSED] - Object 'Object Repository/Page_/h1_Welcome to IT Supporting Tools' is present

2021-01-21 15:38:21 - [MESSAGE][PASSED] - Login Success

2021-01-21 15:38:21 - [TEST_STEP][PASSED] - Select Arrow Menu "Real Time Disbursement": Select Arrow Menu "Real Time Disbursement"

2021-01-21 15:38:21 - [MESSAGE][PASSED] - Object: '' is clicked on

2021-01-21 15:38:21 - [MESSAGE][PASSED] - Select Arrow Menu "Real Time Disbursement"

2021-01-21 15:38:21 - [TEST_STEP][PASSED] - Select Menu "Disbursement Dashboard": Select Menu "Disbursement Dashboard"

2021-01-21 15:38:22 - [MESSAGE][PASSED] - Taking screenshot successfully
[[ATTACHMENT|/Users/chaidir.pratama01/Documents/Docs/Katalon Studio/Screenshot/test-Disbursement Dashboard.png]]

2021-01-21 15:38:22 - [MESSAGE][PASSED] - Object '' is present

2021-01-21 15:38:22 - [MESSAGE][PASSED] - Object: '' is clicked on

2021-01-21 15:38:22 - [MESSAGE][PASSED] - Wait for page load successfully

2021-01-21 15:38:22 - [MESSAGE][PASSED] - Select Menu "Disbursement Dashboard"

2021-01-21 15:38:22 - [TEST_STEP][PASSED] - Select STATUS "Waiting approval from Risk": Select STATUS "Waiting approval from Risk"

2021-01-21 15:38:23 - [MESSAGE][PASSED] - All options with value 'Waiting approval from Risk' are selected in object ''  using regular expression

2021-01-21 15:38:23 - [MESSAGE][PASSED] - Select STATUS "Waiting approval from Risk"

2021-01-21 15:38:23 - [TEST_STEP][PASSED] - Click button "Search": Click button "Search"

2021-01-21 15:38:23 - [MESSAGE][INFO] - >>>>>//Button[contains(text(),'Search')]

2021-01-21 15:38:26 - [MESSAGE][PASSED] - Object '' is present

2021-01-21 15:38:26 - [MESSAGE][PASSED] - Object: '' is clicked on

2021-01-21 15:38:26 - [MESSAGE][PASSED] - Switched to window with index: '0'

2021-01-21 15:38:26 - [MESSAGE][PASSED] - Click button "Search"

2021-01-21 15:38:26 - [TEST_STEP][PASSED] - Verify Search Result Presents: Verify Search Result Presents

2021-01-21 15:38:26 - [MESSAGE][PASSED] - Object '' is present

2021-01-21 15:38:28 - [MESSAGE][PASSED] - Verify Search Result Presents

2021-01-21 15:38:28 - [TEST_STEP][PASSED] - Click button "Logout": Click button "Logout"

2021-01-21 15:38:28 - [MESSAGE][INFO] - >>>>>//Button[contains(text(),'Logout')]

2021-01-21 15:38:31 - [MESSAGE][PASSED] - Object '' is present

2021-01-21 15:38:32 - [MESSAGE][PASSED] - Object: '' is clicked on

2021-01-21 15:38:32 - [MESSAGE][PASSED] - Switched to window with index: '0'

2021-01-21 15:38:32 - [MESSAGE][PASSED] - Click button "Logout"

2021-01-21 15:38:32 - [TEST_STEP][PASSED] - Close browser: Close browser

2021-01-21 15:38:32 - [MESSAGE][PASSED] - Browser is closed

2021-01-21 15:38:32 - [MESSAGE][PASSED] - Close browser

2021-01-21 15:38:32 - [TEST_CASE][PASSED] - Start Test Case : SCENARIO Search by STATUS Waiting for approval from In Payment: SCENARIO Search by STATUS Waiting for approval from In Payment

2021-01-21 15:38:32 - [TEST_STEP][PASSED] - Go to ISTools: Go to ISTools

2021-01-21 15:38:32 - [MESSAGE][INFO] - Starting 'Chrome (headless)' driver

2021-01-21 15:38:32 - [MESSAGE][INFO] - User set preference: ['args', '[--start-maximized, --disable-gpu, --no-proxy-server, –-no-sandbox, --allow-running-insecure-content, --ignore-certificate-errors, window-size=1680,814, force-device-scale-factor=2, --lang=en-GB]']

2021-01-21 15:38:32 - [MESSAGE][INFO] - User set preference: ['prefs', '{download.default_directory=/Users/chaidir.pratama01/Katalon Studio/IST_Automation_Git/Download}']

2021-01-21 15:38:32 - [MESSAGE][INFO] - Action delay is set to 0 milliseconds

2021-01-21 15:38:32 - [MESSAGE][PASSED] - Browser is opened with url: ''

2021-01-21 15:38:33 - [MESSAGE][PASSED] - Navigate to 'https://dev-istools.homecredit.id/foundation/' successfully

2021-01-21 15:38:33 - [MESSAGE][PASSED] - Go to ISTools

2021-01-21 15:38:33 - [TEST_STEP][PASSED] - Login IST with valid credentials: Login IST with valid credentials

2021-01-21 15:38:33 - [MESSAGE][PASSED] - Text 'mobile.test' is set on object 'Object Repository/Page_/input_Username_j_username'

2021-01-21 15:38:33 - [MESSAGE][PASSED] - Text ****** has been set on object 'Object Repository/Page_/input_Password_j_password'

2021-01-21 15:38:33 - [MESSAGE][PASSED] - Object: 'Object Repository/Page_/button_Login' is clicked on

2021-01-21 15:38:33 - [MESSAGE][PASSED] - Login IST with valid credentials

2021-01-21 15:38:33 - [TEST_STEP][PASSED] - Login Success: Login Success

2021-01-21 15:38:33 - [MESSAGE][INFO] - Login Success

2021-01-21 15:38:34 - [MESSAGE][PASSED] - Current window maximized

2021-01-21 15:38:34 - [MESSAGE][PASSED] - Object 'Object Repository/Page_/h1_Welcome to IT Supporting Tools' is present

2021-01-21 15:38:34 - [MESSAGE][PASSED] - Login Success

2021-01-21 15:38:34 - [TEST_STEP][PASSED] - Select Arrow Menu "Real Time Disbursement": Select Arrow Menu "Real Time Disbursement"

2021-01-21 15:38:34 - [MESSAGE][PASSED] - Object: '' is clicked on

2021-01-21 15:38:34 - [MESSAGE][PASSED] - Select Arrow Menu "Real Time Disbursement"

2021-01-21 15:38:34 - [TEST_STEP][PASSED] - Select Menu "Disbursement Dashboard": Select Menu "Disbursement Dashboard"

2021-01-21 15:38:34 - [MESSAGE][PASSED] - Taking screenshot successfully
[[ATTACHMENT|/Users/chaidir.pratama01/Documents/Docs/Katalon Studio/Screenshot/test-Disbursement Dashboard.png]]

2021-01-21 15:38:34 - [MESSAGE][PASSED] - Object '' is present

2021-01-21 15:38:34 - [MESSAGE][PASSED] - Object: '' is clicked on

2021-01-21 15:38:34 - [MESSAGE][PASSED] - Wait for page load successfully

2021-01-21 15:38:34 - [MESSAGE][PASSED] - Select Menu "Disbursement Dashboard"

2021-01-21 15:38:34 - [TEST_STEP][PASSED] - Select STATUS "Waiting for approval from In Payment": Select STATUS "Waiting for approval from In Payment"

2021-01-21 15:38:35 - [MESSAGE][PASSED] - All options with value 'Waiting for approval from In Payment' are selected in object ''  using regular expression

2021-01-21 15:38:35 - [MESSAGE][PASSED] - Select STATUS "Waiting for approval from In Payment"

2021-01-21 15:38:35 - [TEST_STEP][PASSED] - Click button "Search": Click button "Search"

2021-01-21 15:38:35 - [MESSAGE][INFO] - >>>>>//Button[contains(text(),'Search')]

2021-01-21 15:38:38 - [MESSAGE][PASSED] - Object '' is present

2021-01-21 15:38:38 - [MESSAGE][PASSED] - Object: '' is clicked on

2021-01-21 15:38:38 - [MESSAGE][PASSED] - Switched to window with index: '0'

2021-01-21 15:38:38 - [MESSAGE][PASSED] - Click button "Search"

2021-01-21 15:38:38 - [TEST_STEP][PASSED] - Verify Search Result Presents: Verify Search Result Presents

2021-01-21 15:38:38 - [MESSAGE][PASSED] - Object '' is present

2021-01-21 15:38:38 - [MESSAGE][PASSED] - Verify Search Result Presents

2021-01-21 15:38:38 - [TEST_STEP][PASSED] - Click button "Logout": Click button "Logout"

2021-01-21 15:38:38 - [MESSAGE][INFO] - >>>>>//Button[contains(text(),'Logout')]

2021-01-21 15:38:41 - [MESSAGE][PASSED] - Object '' is present

2021-01-21 15:38:42 - [MESSAGE][PASSED] - Object: '' is clicked on

2021-01-21 15:38:42 - [MESSAGE][PASSED] - Switched to window with index: '0'

2021-01-21 15:38:42 - [MESSAGE][PASSED] - Click button "Logout"

2021-01-21 15:38:42 - [TEST_STEP][PASSED] - Close browser: Close browser

2021-01-21 15:38:42 - [MESSAGE][PASSED] - Browser is closed

2021-01-21 15:38:42 - [MESSAGE][PASSED] - Close browser

2021-01-21 15:38:42 - [TEST_CASE][PASSED] - Start Test Case : SCENARIO Search by STATUS Not eligible to disburse: SCENARIO Search by STATUS Not eligible to disburse

2021-01-21 15:38:42 - [TEST_STEP][PASSED] - Go to ISTools: Go to ISTools

2021-01-21 15:38:42 - [MESSAGE][INFO] - Starting 'Chrome (headless)' driver

2021-01-21 15:38:42 - [MESSAGE][INFO] - User set preference: ['args', '[--start-maximized, --disable-gpu, --no-proxy-server, –-no-sandbox, --allow-running-insecure-content, --ignore-certificate-errors, window-size=1680,814, force-device-scale-factor=2, --lang=en-GB]']

2021-01-21 15:38:42 - [MESSAGE][INFO] - User set preference: ['prefs', '{download.default_directory=/Users/chaidir.pratama01/Katalon Studio/IST_Automation_Git/Download}']

2021-01-21 15:38:42 - [MESSAGE][INFO] - Action delay is set to 0 milliseconds

2021-01-21 15:38:42 - [MESSAGE][PASSED] - Browser is opened with url: ''

2021-01-21 15:38:43 - [MESSAGE][PASSED] - Navigate to 'https://dev-istools.homecredit.id/foundation/' successfully

2021-01-21 15:38:43 - [MESSAGE][PASSED] - Go to ISTools

2021-01-21 15:38:43 - [TEST_STEP][PASSED] - Login IST with valid credentials: Login IST with valid credentials

2021-01-21 15:38:43 - [MESSAGE][PASSED] - Text 'mobile.test' is set on object 'Object Repository/Page_/input_Username_j_username'

2021-01-21 15:38:43 - [MESSAGE][PASSED] - Text ****** has been set on object 'Object Repository/Page_/input_Password_j_password'

2021-01-21 15:38:43 - [MESSAGE][PASSED] - Object: 'Object Repository/Page_/button_Login' is clicked on

2021-01-21 15:38:43 - [MESSAGE][PASSED] - Login IST with valid credentials

2021-01-21 15:38:43 - [TEST_STEP][PASSED] - Login Success: Login Success

2021-01-21 15:38:43 - [MESSAGE][INFO] - Login Success

2021-01-21 15:38:44 - [MESSAGE][PASSED] - Current window maximized

2021-01-21 15:38:44 - [MESSAGE][PASSED] - Object 'Object Repository/Page_/h1_Welcome to IT Supporting Tools' is present

2021-01-21 15:38:44 - [MESSAGE][PASSED] - Login Success

2021-01-21 15:38:44 - [TEST_STEP][PASSED] - Select Arrow Menu "Real Time Disbursement": Select Arrow Menu "Real Time Disbursement"

2021-01-21 15:38:44 - [MESSAGE][PASSED] - Object: '' is clicked on

2021-01-21 15:38:44 - [MESSAGE][PASSED] - Select Arrow Menu "Real Time Disbursement"

2021-01-21 15:38:44 - [TEST_STEP][PASSED] - Select Menu "Disbursement Dashboard": Select Menu "Disbursement Dashboard"

2021-01-21 15:38:44 - [MESSAGE][PASSED] - Taking screenshot successfully
[[ATTACHMENT|/Users/chaidir.pratama01/Documents/Docs/Katalon Studio/Screenshot/test-Disbursement Dashboard.png]]

2021-01-21 15:38:44 - [MESSAGE][PASSED] - Object '' is present

2021-01-21 15:38:44 - [MESSAGE][PASSED] - Object: '' is clicked on

2021-01-21 15:38:44 - [MESSAGE][PASSED] - Wait for page load successfully

2021-01-21 15:38:44 - [MESSAGE][PASSED] - Select Menu "Disbursement Dashboard"

2021-01-21 15:38:44 - [TEST_STEP][PASSED] - Select STATUS "Not eligible to disburse": Select STATUS "Not eligible to disburse"

2021-01-21 15:38:45 - [MESSAGE][PASSED] - All options with value 'Not eligible to disburse' are selected in object ''  using regular expression

2021-01-21 15:38:45 - [MESSAGE][PASSED] - Select STATUS "Not eligible to disburse"

2021-01-21 15:38:45 - [TEST_STEP][PASSED] - Click button "Search": Click button "Search"

2021-01-21 15:38:45 - [MESSAGE][INFO] - >>>>>//Button[contains(text(),'Search')]

2021-01-21 15:38:48 - [MESSAGE][PASSED] - Object '' is present

2021-01-21 15:38:48 - [MESSAGE][PASSED] - Object: '' is clicked on

2021-01-21 15:38:48 - [MESSAGE][PASSED] - Switched to window with index: '0'

2021-01-21 15:38:48 - [MESSAGE][PASSED] - Click button "Search"

2021-01-21 15:38:48 - [TEST_STEP][PASSED] - Verify Search Result Presents: Verify Search Result Presents

2021-01-21 15:38:48 - [MESSAGE][PASSED] - Object '' is present

2021-01-21 15:38:55 - [MESSAGE][PASSED] - Verify Search Result Presents

2021-01-21 15:38:55 - [TEST_STEP][PASSED] - Click button "Logout": Click button "Logout"

2021-01-21 15:38:55 - [MESSAGE][INFO] - >>>>>//Button[contains(text(),'Logout')]

2021-01-21 15:38:58 - [MESSAGE][PASSED] - Object '' is present

2021-01-21 15:38:59 - [MESSAGE][PASSED] - Object: '' is clicked on

2021-01-21 15:38:59 - [MESSAGE][PASSED] - Switched to window with index: '0'

2021-01-21 15:38:59 - [MESSAGE][PASSED] - Click button "Logout"

2021-01-21 15:38:59 - [TEST_STEP][PASSED] - Close browser: Close browser

2021-01-21 15:38:59 - [MESSAGE][PASSED] - Browser is closed

2021-01-21 15:38:59 - [MESSAGE][PASSED] - Close browser

2021-01-21 15:38:59 - [TEST_CASE][PASSED] - Start Test Case : SCENARIO Search by STATUS Ready to disburse: SCENARIO Search by STATUS Ready to disburse

2021-01-21 15:38:59 - [TEST_STEP][PASSED] - Go to ISTools: Go to ISTools

2021-01-21 15:38:59 - [MESSAGE][INFO] - Starting 'Chrome (headless)' driver

2021-01-21 15:38:59 - [MESSAGE][INFO] - User set preference: ['args', '[--start-maximized, --disable-gpu, --no-proxy-server, –-no-sandbox, --allow-running-insecure-content, --ignore-certificate-errors, window-size=1680,814, force-device-scale-factor=2, --lang=en-GB]']

2021-01-21 15:38:59 - [MESSAGE][INFO] - User set preference: ['prefs', '{download.default_directory=/Users/chaidir.pratama01/Katalon Studio/IST_Automation_Git/Download}']

2021-01-21 15:38:59 - [MESSAGE][INFO] - Action delay is set to 0 milliseconds

2021-01-21 15:38:59 - [MESSAGE][PASSED] - Browser is opened with url: ''

2021-01-21 15:39:00 - [MESSAGE][PASSED] - Navigate to 'https://dev-istools.homecredit.id/foundation/' successfully

2021-01-21 15:39:00 - [MESSAGE][PASSED] - Go to ISTools

2021-01-21 15:39:00 - [TEST_STEP][PASSED] - Login IST with valid credentials: Login IST with valid credentials

2021-01-21 15:39:00 - [MESSAGE][PASSED] - Text 'mobile.test' is set on object 'Object Repository/Page_/input_Username_j_username'

2021-01-21 15:39:00 - [MESSAGE][PASSED] - Text ****** has been set on object 'Object Repository/Page_/input_Password_j_password'

2021-01-21 15:39:00 - [MESSAGE][PASSED] - Object: 'Object Repository/Page_/button_Login' is clicked on

2021-01-21 15:39:00 - [MESSAGE][PASSED] - Login IST with valid credentials

2021-01-21 15:39:00 - [TEST_STEP][PASSED] - Login Success: Login Success

2021-01-21 15:39:00 - [MESSAGE][INFO] - Login Success

2021-01-21 15:39:00 - [MESSAGE][PASSED] - Current window maximized

2021-01-21 15:39:00 - [MESSAGE][PASSED] - Object 'Object Repository/Page_/h1_Welcome to IT Supporting Tools' is present

2021-01-21 15:39:00 - [MESSAGE][PASSED] - Login Success

2021-01-21 15:39:00 - [TEST_STEP][PASSED] - Select Arrow Menu "Real Time Disbursement": Select Arrow Menu "Real Time Disbursement"

2021-01-21 15:39:01 - [MESSAGE][PASSED] - Object: '' is clicked on

2021-01-21 15:39:01 - [MESSAGE][PASSED] - Select Arrow Menu "Real Time Disbursement"

2021-01-21 15:39:01 - [TEST_STEP][PASSED] - Select Menu "Disbursement Dashboard": Select Menu "Disbursement Dashboard"

2021-01-21 15:39:01 - [MESSAGE][PASSED] - Taking screenshot successfully
[[ATTACHMENT|/Users/chaidir.pratama01/Documents/Docs/Katalon Studio/Screenshot/test-Disbursement Dashboard.png]]

2021-01-21 15:39:01 - [MESSAGE][PASSED] - Object '' is present

2021-01-21 15:39:01 - [MESSAGE][PASSED] - Object: '' is clicked on

2021-01-21 15:39:01 - [MESSAGE][PASSED] - Wait for page load successfully

2021-01-21 15:39:01 - [MESSAGE][PASSED] - Select Menu "Disbursement Dashboard"

2021-01-21 15:39:01 - [TEST_STEP][PASSED] - Select STATUS "Ready to disburse": Select STATUS "Ready to disburse"

2021-01-21 15:39:02 - [MESSAGE][PASSED] - All options with value 'Ready to disburse' are selected in object ''  using regular expression

2021-01-21 15:39:02 - [MESSAGE][PASSED] - Select STATUS "Ready to disburse"

2021-01-21 15:39:02 - [TEST_STEP][PASSED] - Click button "Search": Click button "Search"

2021-01-21 15:39:02 - [MESSAGE][INFO] - >>>>>//Button[contains(text(),'Search')]

2021-01-21 15:39:05 - [MESSAGE][PASSED] - Object '' is present

2021-01-21 15:39:05 - [MESSAGE][PASSED] - Object: '' is clicked on

2021-01-21 15:39:05 - [MESSAGE][PASSED] - Switched to window with index: '0'

2021-01-21 15:39:05 - [MESSAGE][PASSED] - Click button "Search"

2021-01-21 15:39:05 - [TEST_STEP][PASSED] - Verify Search Result Presents: Verify Search Result Presents

2021-01-21 15:39:05 - [MESSAGE][PASSED] - Object '' is present

2021-01-21 15:39:07 - [MESSAGE][PASSED] - Verify Search Result Presents

2021-01-21 15:39:07 - [TEST_STEP][PASSED] - Click button "Logout": Click button "Logout"

2021-01-21 15:39:07 - [MESSAGE][INFO] - >>>>>//Button[contains(text(),'Logout')]

2021-01-21 15:39:10 - [MESSAGE][PASSED] - Object '' is present

2021-01-21 15:39:10 - [MESSAGE][PASSED] - Object: '' is clicked on

2021-01-21 15:39:10 - [MESSAGE][PASSED] - Switched to window with index: '0'

2021-01-21 15:39:10 - [MESSAGE][PASSED] - Click button "Logout"

2021-01-21 15:39:10 - [TEST_STEP][PASSED] - Close browser: Close browser

2021-01-21 15:39:10 - [MESSAGE][PASSED] - Browser is closed

2021-01-21 15:39:10 - [MESSAGE][PASSED] - Close browser

2021-01-21 15:39:10 - [TEST_CASE][PASSED] - Start Test Case : SCENARIO Search by STATUS Failed due to invalid bank account: SCENARIO Search by STATUS Failed due to invalid bank account

2021-01-21 15:39:10 - [TEST_STEP][PASSED] - Go to ISTools: Go to ISTools

2021-01-21 15:39:10 - [MESSAGE][INFO] - Starting 'Chrome (headless)' driver

2021-01-21 15:39:10 - [MESSAGE][INFO] - User set preference: ['args', '[--start-maximized, --disable-gpu, --no-proxy-server, –-no-sandbox, --allow-running-insecure-content, --ignore-certificate-errors, window-size=1680,814, force-device-scale-factor=2, --lang=en-GB]']

2021-01-21 15:39:10 - [MESSAGE][INFO] - User set preference: ['prefs', '{download.default_directory=/Users/chaidir.pratama01/Katalon Studio/IST_Automation_Git/Download}']

2021-01-21 15:39:10 - [MESSAGE][INFO] - Action delay is set to 0 milliseconds

2021-01-21 15:39:11 - [MESSAGE][PASSED] - Browser is opened with url: ''

2021-01-21 15:39:11 - [MESSAGE][PASSED] - Navigate to 'https://dev-istools.homecredit.id/foundation/' successfully

2021-01-21 15:39:11 - [MESSAGE][PASSED] - Go to ISTools

2021-01-21 15:39:11 - [TEST_STEP][PASSED] - Login IST with valid credentials: Login IST with valid credentials

2021-01-21 15:39:12 - [MESSAGE][PASSED] - Text 'mobile.test' is set on object 'Object Repository/Page_/input_Username_j_username'

2021-01-21 15:39:12 - [MESSAGE][PASSED] - Text ****** has been set on object 'Object Repository/Page_/input_Password_j_password'

2021-01-21 15:39:12 - [MESSAGE][PASSED] - Object: 'Object Repository/Page_/button_Login' is clicked on

2021-01-21 15:39:12 - [MESSAGE][PASSED] - Login IST with valid credentials

2021-01-21 15:39:12 - [TEST_STEP][PASSED] - Login Success: Login Success

2021-01-21 15:39:12 - [MESSAGE][INFO] - Login Success

2021-01-21 15:39:12 - [MESSAGE][PASSED] - Current window maximized

2021-01-21 15:39:12 - [MESSAGE][PASSED] - Object 'Object Repository/Page_/h1_Welcome to IT Supporting Tools' is present

2021-01-21 15:39:12 - [MESSAGE][PASSED] - Login Success

2021-01-21 15:39:12 - [TEST_STEP][PASSED] - Select Arrow Menu "Real Time Disbursement": Select Arrow Menu "Real Time Disbursement"

2021-01-21 15:39:12 - [MESSAGE][PASSED] - Object: '' is clicked on

2021-01-21 15:39:12 - [MESSAGE][PASSED] - Select Arrow Menu "Real Time Disbursement"

2021-01-21 15:39:12 - [TEST_STEP][PASSED] - Select Menu "Disbursement Dashboard": Select Menu "Disbursement Dashboard"

2021-01-21 15:39:13 - [MESSAGE][PASSED] - Taking screenshot successfully
[[ATTACHMENT|/Users/chaidir.pratama01/Documents/Docs/Katalon Studio/Screenshot/test-Disbursement Dashboard.png]]

2021-01-21 15:39:13 - [MESSAGE][PASSED] - Object '' is present

2021-01-21 15:39:13 - [MESSAGE][PASSED] - Object: '' is clicked on

2021-01-21 15:39:13 - [MESSAGE][PASSED] - Wait for page load successfully

2021-01-21 15:39:13 - [MESSAGE][PASSED] - Select Menu "Disbursement Dashboard"

2021-01-21 15:39:13 - [TEST_STEP][PASSED] - Select STATUS "Failed due to invalid bank account": Select STATUS "Failed due to invalid bank account"

2021-01-21 15:39:13 - [MESSAGE][PASSED] - All options with value 'Failed due to invalid bank account' are selected in object ''  using regular expression

2021-01-21 15:39:13 - [MESSAGE][PASSED] - Select STATUS "Failed due to invalid bank account"

2021-01-21 15:39:13 - [TEST_STEP][PASSED] - Click button "Search": Click button "Search"

2021-01-21 15:39:13 - [MESSAGE][INFO] - >>>>>//Button[contains(text(),'Search')]

2021-01-21 15:39:16 - [MESSAGE][PASSED] - Object '' is present

2021-01-21 15:39:16 - [MESSAGE][PASSED] - Object: '' is clicked on

2021-01-21 15:39:16 - [MESSAGE][PASSED] - Switched to window with index: '0'

2021-01-21 15:39:16 - [MESSAGE][PASSED] - Click button "Search"

2021-01-21 15:39:16 - [TEST_STEP][PASSED] - Verify Search Result Presents: Verify Search Result Presents

2021-01-21 15:39:16 - [MESSAGE][PASSED] - Object '' is present

2021-01-21 15:39:18 - [MESSAGE][PASSED] - Verify Search Result Presents

2021-01-21 15:39:18 - [TEST_STEP][PASSED] - Click button "Logout": Click button "Logout"

2021-01-21 15:39:18 - [MESSAGE][INFO] - >>>>>//Button[contains(text(),'Logout')]

2021-01-21 15:39:21 - [MESSAGE][PASSED] - Object '' is present

2021-01-21 15:39:21 - [MESSAGE][PASSED] - Object: '' is clicked on

2021-01-21 15:39:21 - [MESSAGE][PASSED] - Switched to window with index: '0'

2021-01-21 15:39:21 - [MESSAGE][PASSED] - Click button "Logout"

2021-01-21 15:39:21 - [TEST_STEP][PASSED] - Close browser: Close browser

2021-01-21 15:39:21 - [MESSAGE][PASSED] - Browser is closed

2021-01-21 15:39:21 - [MESSAGE][PASSED] - Close browser

2021-01-21 15:39:21 - [TEST_CASE][PASSED] - Start Test Case : SCENARIO Search by STATUS Failed due to system error: SCENARIO Search by STATUS Failed due to system error

2021-01-21 15:39:21 - [TEST_STEP][PASSED] - Go to ISTools: Go to ISTools

2021-01-21 15:39:21 - [MESSAGE][INFO] - Starting 'Chrome (headless)' driver

2021-01-21 15:39:21 - [MESSAGE][INFO] - User set preference: ['args', '[--start-maximized, --disable-gpu, --no-proxy-server, –-no-sandbox, --allow-running-insecure-content, --ignore-certificate-errors, window-size=1680,814, force-device-scale-factor=2, --lang=en-GB]']

2021-01-21 15:39:21 - [MESSAGE][INFO] - User set preference: ['prefs', '{download.default_directory=/Users/chaidir.pratama01/Katalon Studio/IST_Automation_Git/Download}']

2021-01-21 15:39:21 - [MESSAGE][INFO] - Action delay is set to 0 milliseconds

2021-01-21 15:39:21 - [MESSAGE][PASSED] - Browser is opened with url: ''

2021-01-21 15:39:22 - [MESSAGE][PASSED] - Navigate to 'https://dev-istools.homecredit.id/foundation/' successfully

2021-01-21 15:39:22 - [MESSAGE][PASSED] - Go to ISTools

2021-01-21 15:39:22 - [TEST_STEP][PASSED] - Login IST with valid credentials: Login IST with valid credentials

2021-01-21 15:39:22 - [MESSAGE][PASSED] - Text 'mobile.test' is set on object 'Object Repository/Page_/input_Username_j_username'

2021-01-21 15:39:22 - [MESSAGE][PASSED] - Text ****** has been set on object 'Object Repository/Page_/input_Password_j_password'

2021-01-21 15:39:23 - [MESSAGE][PASSED] - Object: 'Object Repository/Page_/button_Login' is clicked on

2021-01-21 15:39:23 - [MESSAGE][PASSED] - Login IST with valid credentials

2021-01-21 15:39:23 - [TEST_STEP][PASSED] - Login Success: Login Success

2021-01-21 15:39:23 - [MESSAGE][INFO] - Login Success

2021-01-21 15:39:23 - [MESSAGE][PASSED] - Current window maximized

2021-01-21 15:39:23 - [MESSAGE][PASSED] - Object 'Object Repository/Page_/h1_Welcome to IT Supporting Tools' is present

2021-01-21 15:39:23 - [MESSAGE][PASSED] - Login Success

2021-01-21 15:39:23 - [TEST_STEP][PASSED] - Select Arrow Menu "Real Time Disbursement": Select Arrow Menu "Real Time Disbursement"

2021-01-21 15:39:23 - [MESSAGE][PASSED] - Object: '' is clicked on

2021-01-21 15:39:23 - [MESSAGE][PASSED] - Select Arrow Menu "Real Time Disbursement"

2021-01-21 15:39:23 - [TEST_STEP][PASSED] - Select Menu "Disbursement Dashboard": Select Menu "Disbursement Dashboard"

2021-01-21 15:39:24 - [MESSAGE][PASSED] - Taking screenshot successfully
[[ATTACHMENT|/Users/chaidir.pratama01/Documents/Docs/Katalon Studio/Screenshot/test-Disbursement Dashboard.png]]

2021-01-21 15:39:24 - [MESSAGE][PASSED] - Object '' is present

2021-01-21 15:39:24 - [MESSAGE][PASSED] - Object: '' is clicked on

2021-01-21 15:39:24 - [MESSAGE][PASSED] - Wait for page load successfully

2021-01-21 15:39:24 - [MESSAGE][PASSED] - Select Menu "Disbursement Dashboard"

2021-01-21 15:39:24 - [TEST_STEP][PASSED] - Select STATUS "Failed due to system error": Select STATUS "Failed due to system error"

2021-01-21 15:39:24 - [MESSAGE][PASSED] - All options with value 'Failed due to system error' are selected in object ''  using regular expression

2021-01-21 15:39:24 - [MESSAGE][PASSED] - Select STATUS "Failed due to system error"

2021-01-21 15:39:24 - [TEST_STEP][PASSED] - Click button "Search": Click button "Search"

2021-01-21 15:39:24 - [MESSAGE][INFO] - >>>>>//Button[contains(text(),'Search')]

2021-01-21 15:39:27 - [MESSAGE][PASSED] - Object '' is present

2021-01-21 15:39:27 - [MESSAGE][PASSED] - Object: '' is clicked on

2021-01-21 15:39:27 - [MESSAGE][PASSED] - Switched to window with index: '0'

2021-01-21 15:39:27 - [MESSAGE][PASSED] - Click button "Search"

2021-01-21 15:39:27 - [TEST_STEP][PASSED] - Verify Search Result Presents: Verify Search Result Presents

2021-01-21 15:39:27 - [MESSAGE][PASSED] - Object '' is present

2021-01-21 15:39:31 - [MESSAGE][PASSED] - Verify Search Result Presents

2021-01-21 15:39:31 - [TEST_STEP][PASSED] - Click button "Logout": Click button "Logout"

2021-01-21 15:39:31 - [MESSAGE][INFO] - >>>>>//Button[contains(text(),'Logout')]

2021-01-21 15:39:34 - [MESSAGE][PASSED] - Object '' is present

2021-01-21 15:39:34 - [MESSAGE][PASSED] - Object: '' is clicked on

2021-01-21 15:39:34 - [MESSAGE][PASSED] - Switched to window with index: '0'

2021-01-21 15:39:34 - [MESSAGE][PASSED] - Click button "Logout"

2021-01-21 15:39:34 - [TEST_STEP][PASSED] - Close browser: Close browser

2021-01-21 15:39:34 - [MESSAGE][PASSED] - Browser is closed

2021-01-21 15:39:34 - [MESSAGE][PASSED] - Close browser

2021-01-21 15:39:34 - [TEST_CASE][PASSED] - Start Test Case : SCENARIO Search by STATUS Failed due to insufficient fund: SCENARIO Search by STATUS Failed due to insufficient fund

2021-01-21 15:39:34 - [TEST_STEP][PASSED] - Go to ISTools: Go to ISTools

2021-01-21 15:39:34 - [MESSAGE][INFO] - Starting 'Chrome (headless)' driver

2021-01-21 15:39:34 - [MESSAGE][INFO] - User set preference: ['args', '[--start-maximized, --disable-gpu, --no-proxy-server, –-no-sandbox, --allow-running-insecure-content, --ignore-certificate-errors, window-size=1680,814, force-device-scale-factor=2, --lang=en-GB]']

2021-01-21 15:39:34 - [MESSAGE][INFO] - User set preference: ['prefs', '{download.default_directory=/Users/chaidir.pratama01/Katalon Studio/IST_Automation_Git/Download}']

2021-01-21 15:39:34 - [MESSAGE][INFO] - Action delay is set to 0 milliseconds

2021-01-21 15:39:34 - [MESSAGE][PASSED] - Browser is opened with url: ''

2021-01-21 15:39:35 - [MESSAGE][PASSED] - Navigate to 'https://dev-istools.homecredit.id/foundation/' successfully

2021-01-21 15:39:35 - [MESSAGE][PASSED] - Go to ISTools

2021-01-21 15:39:35 - [TEST_STEP][PASSED] - Login IST with valid credentials: Login IST with valid credentials

2021-01-21 15:39:35 - [MESSAGE][PASSED] - Text 'mobile.test' is set on object 'Object Repository/Page_/input_Username_j_username'

2021-01-21 15:39:35 - [MESSAGE][PASSED] - Text ****** has been set on object 'Object Repository/Page_/input_Password_j_password'

2021-01-21 15:39:36 - [MESSAGE][PASSED] - Object: 'Object Repository/Page_/button_Login' is clicked on

2021-01-21 15:39:36 - [MESSAGE][PASSED] - Login IST with valid credentials

2021-01-21 15:39:36 - [TEST_STEP][PASSED] - Login Success: Login Success

2021-01-21 15:39:36 - [MESSAGE][INFO] - Login Success

2021-01-21 15:39:36 - [MESSAGE][PASSED] - Current window maximized

2021-01-21 15:39:36 - [MESSAGE][PASSED] - Object 'Object Repository/Page_/h1_Welcome to IT Supporting Tools' is present

2021-01-21 15:39:36 - [MESSAGE][PASSED] - Login Success

2021-01-21 15:39:36 - [TEST_STEP][PASSED] - Select Arrow Menu "Real Time Disbursement": Select Arrow Menu "Real Time Disbursement"

2021-01-21 15:39:36 - [MESSAGE][PASSED] - Object: '' is clicked on

2021-01-21 15:39:36 - [MESSAGE][PASSED] - Select Arrow Menu "Real Time Disbursement"

2021-01-21 15:39:36 - [TEST_STEP][PASSED] - Select Menu "Disbursement Dashboard": Select Menu "Disbursement Dashboard"

2021-01-21 15:39:36 - [MESSAGE][PASSED] - Taking screenshot successfully
[[ATTACHMENT|/Users/chaidir.pratama01/Documents/Docs/Katalon Studio/Screenshot/test-Disbursement Dashboard.png]]

2021-01-21 15:39:36 - [MESSAGE][PASSED] - Object '' is present

2021-01-21 15:39:36 - [MESSAGE][PASSED] - Object: '' is clicked on

2021-01-21 15:39:36 - [MESSAGE][PASSED] - Wait for page load successfully

2021-01-21 15:39:36 - [MESSAGE][PASSED] - Select Menu "Disbursement Dashboard"

2021-01-21 15:39:36 - [TEST_STEP][PASSED] - Select STATUS "Failed due to insufficient fund": Select STATUS "Failed due to insufficient fund"

2021-01-21 15:39:37 - [MESSAGE][PASSED] - All options with value 'Failed due to insufficient fund' are selected in object ''  using regular expression

2021-01-21 15:39:37 - [MESSAGE][PASSED] - Select STATUS "Failed due to insufficient fund"

2021-01-21 15:39:37 - [TEST_STEP][PASSED] - Click button "Search": Click button "Search"

2021-01-21 15:39:37 - [MESSAGE][INFO] - >>>>>//Button[contains(text(),'Search')]

2021-01-21 15:39:40 - [MESSAGE][PASSED] - Object '' is present

2021-01-21 15:39:40 - [MESSAGE][PASSED] - Object: '' is clicked on

2021-01-21 15:39:40 - [MESSAGE][PASSED] - Switched to window with index: '0'

2021-01-21 15:39:40 - [MESSAGE][PASSED] - Click button "Search"

2021-01-21 15:39:40 - [TEST_STEP][PASSED] - Verify Search Result Presents: Verify Search Result Presents

2021-01-21 15:40:11 - [MESSAGE][INFO] - Unable to find the element located by 'By.xpath: //td[@style='display:none' and contains(text(),'-Empty-')]'. Please recheck the objects properties to make sure the desired element is located. 

2021-01-21 15:40:11 - [MESSAGE][WARNING] - com.kms.katalon.core.webui.exception.WebElementNotFoundException: Web element with id: '' located by '//td[@style='display:none' and contains(text(),'-Empty-')]' not found (Root cause: com.kms.katalon.core.exception.StepFailedException: com.kms.katalon.core.webui.exception.WebElementNotFoundException: Web element with id: '' located by '//td[@style='display:none' and contains(text(),'-Empty-')]' not found
	at com.kms.katalon.core.webui.keyword.internal.WebUIKeywordMain.stepFailed(WebUIKeywordMain.groovy:64)
	at com.kms.katalon.core.webui.keyword.builtin.VerifyElementPresentKeyword$_verifyElementPresent_closure1.doCall(VerifyElementPresentKeyword.groovy:85)
	at com.kms.katalon.core.webui.keyword.builtin.VerifyElementPresentKeyword$_verifyElementPresent_closure1.call(VerifyElementPresentKeyword.groovy)
	at com.kms.katalon.core.webui.keyword.internal.WebUIKeywordMain.runKeyword(WebUIKeywordMain.groovy:20)
	at com.kms.katalon.core.webui.keyword.builtin.VerifyElementPresentKeyword.verifyElementPresent(VerifyElementPresentKeyword.groovy:92)
	at com.kms.katalon.core.webui.keyword.builtin.VerifyElementPresentKeyword.execute(VerifyElementPresentKeyword.groovy:68)
	at com.kms.katalon.core.keyword.internal.KeywordExecutor.executeKeywordForPlatform(KeywordExecutor.groovy:73)
	at com.kms.katalon.core.webui.keyword.WebUiBuiltInKeywords.verifyElementPresent(WebUiBuiltInKeywords.groovy:1444)
	at com.kms.katalon.core.webui.keyword.WebUiBuiltInKeywords$verifyElementPresent$11.call(Unknown Source)
	at ist_real.Contract_Dispatcher.VerifyTblFilled(Contract_Dispatcher.groovy:1313)
	at ist_real.Contract_Dispatcher$VerifyTblFilled$0.call(Unknown Source)
	at RTD.Search_Result_Presents(RTD.groovy:187)
	at cucumber.runtime.Utils$1.call(Utils.java:26)
	at cucumber.runtime.Timeout.timeout(Timeout.java:16)
	at cucumber.runtime.Utils.invoke(Utils.java:20)
	at cucumber.runtime.java.JavaStepDefinition.execute(JavaStepDefinition.java:48)
	at cucumber.runtime.PickleStepDefinitionMatch.runStep(PickleStepDefinitionMatch.java:50)
	at cucumber.runner.TestStep.executeStep(TestStep.java:55)
	at cucumber.runner.TestStep.run(TestStep.java:42)
	at cucumber.runner.PickleStepTestStep.run(PickleStepTestStep.java:53)
	at cucumber.runner.TestCase.run(TestCase.java:47)
	at cucumber.runner.Runner.runPickle(Runner.java:44)
	at cucumber.runtime.Runtime.runFeature(Runtime.java:120)
	at cucumber.runtime.Runtime.run(Runtime.java:106)
	at cucumber.api.cli.Main.run(Main.java:35)
	at cucumber.api.cli.Main$run.call(Unknown Source)
	at com.kms.katalon.core.cucumber.keyword.CucumberBuiltinKeywords$_runFeatureFile_closure1.doCall(CucumberBuiltinKeywords.groovy:76)
	at com.kms.katalon.core.cucumber.keyword.CucumberBuiltinKeywords$_runFeatureFile_closure1.doCall(CucumberBuiltinKeywords.groovy)
	at com.kms.katalon.core.keyword.internal.KeywordMain.runKeyword(KeywordMain.groovy:68)
	at com.kms.katalon.core.keyword.internal.KeywordMain$runKeyword.call(Unknown Source)
	at com.kms.katalon.core.cucumber.keyword.CucumberBuiltinKeywords.runFeatureFile(CucumberBuiltinKeywords.groovy:46)
	at com.kms.katalon.core.cucumber.keyword.CucumberBuiltinKeywords$runFeatureFile$0.callStatic(Unknown Source)
	at com.kms.katalon.core.cucumber.keyword.CucumberBuiltinKeywords.runFeatureFile(CucumberBuiltinKeywords.groovy:169)
	at com.kms.katalon.core.cucumber.keyword.CucumberBuiltinKeywords$runFeatureFile.call(Unknown Source)
	at TC_Search_by_STATUS_Disbursement_Dashboard.run(TC_Search_by_STATUS_Disbursement_Dashboard:18)
	at com.kms.katalon.core.main.ScriptEngine.run(ScriptEngine.java:194)
	at com.kms.katalon.core.main.ScriptEngine.runScriptAsRawText(ScriptEngine.java:119)
	at com.kms.katalon.core.main.TestCaseExecutor.runScript(TestCaseExecutor.java:339)
	at com.kms.katalon.core.main.TestCaseExecutor.doExecute(TestCaseExecutor.java:330)
	at com.kms.katalon.core.main.TestCaseExecutor.processExecutionPhase(TestCaseExecutor.java:309)
	at com.kms.katalon.core.main.TestCaseExecutor.accessMainPhase(TestCaseExecutor.java:301)
	at com.kms.katalon.core.main.TestCaseExecutor.execute(TestCaseExecutor.java:235)
	at com.kms.katalon.core.main.TestSuiteExecutor.accessTestCaseMainPhase(TestSuiteExecutor.java:191)
	at com.kms.katalon.core.main.TestSuiteExecutor.accessTestSuiteMainPhase(TestSuiteExecutor.java:141)
	at com.kms.katalon.core.main.TestSuiteExecutor.execute(TestSuiteExecutor.java:90)
	at com.kms.katalon.core.main.TestCaseMain.startTestSuite(TestCaseMain.java:157)
	at com.kms.katalon.core.main.TestCaseMain$startTestSuite$0.call(Unknown Source)
	at TempTestSuite1611218215211.run(TempTestSuite1611218215211.groovy:39)
)
[[ATTACHMENT|/Users/chaidir.pratama01/Katalon Studio/IST_Automation_Git/Reports/20210121_153655/RTD/TS_Disbursement_Dashboard/20210121_153655/1611218411421.png]]

2021-01-21 15:40:11 - [MESSAGE][PASSED] - Verify Search Result Presents

2021-01-21 15:40:11 - [TEST_STEP][PASSED] - Click button "Logout": Click button "Logout"

2021-01-21 15:40:11 - [MESSAGE][INFO] - >>>>>//Button[contains(text(),'Logout')]

2021-01-21 15:40:14 - [MESSAGE][PASSED] - Object '' is present

2021-01-21 15:40:15 - [MESSAGE][PASSED] - Object: '' is clicked on

2021-01-21 15:40:15 - [MESSAGE][PASSED] - Switched to window with index: '0'

2021-01-21 15:40:15 - [MESSAGE][PASSED] - Click button "Logout"

2021-01-21 15:40:15 - [TEST_STEP][PASSED] - Close browser: Close browser

2021-01-21 15:40:15 - [MESSAGE][PASSED] - Browser is closed

2021-01-21 15:40:15 - [MESSAGE][PASSED] - Close browser

2021-01-21 15:40:15 - [TEST_CASE][PASSED] - Start Test Case : SCENARIO Search by STATUS Manual Disbursement: SCENARIO Search by STATUS Manual Disbursement

2021-01-21 15:40:15 - [TEST_STEP][PASSED] - Go to ISTools: Go to ISTools

2021-01-21 15:40:15 - [MESSAGE][INFO] - Starting 'Chrome (headless)' driver

2021-01-21 15:40:15 - [MESSAGE][INFO] - User set preference: ['args', '[--start-maximized, --disable-gpu, --no-proxy-server, –-no-sandbox, --allow-running-insecure-content, --ignore-certificate-errors, window-size=1680,814, force-device-scale-factor=2, --lang=en-GB]']

2021-01-21 15:40:15 - [MESSAGE][INFO] - User set preference: ['prefs', '{download.default_directory=/Users/chaidir.pratama01/Katalon Studio/IST_Automation_Git/Download}']

2021-01-21 15:40:15 - [MESSAGE][INFO] - Action delay is set to 0 milliseconds

2021-01-21 15:40:15 - [MESSAGE][PASSED] - Browser is opened with url: ''

2021-01-21 15:40:16 - [MESSAGE][PASSED] - Navigate to 'https://dev-istools.homecredit.id/foundation/' successfully

2021-01-21 15:40:16 - [MESSAGE][PASSED] - Go to ISTools

2021-01-21 15:40:16 - [TEST_STEP][PASSED] - Login IST with valid credentials: Login IST with valid credentials

2021-01-21 15:40:17 - [MESSAGE][PASSED] - Text 'mobile.test' is set on object 'Object Repository/Page_/input_Username_j_username'

2021-01-21 15:40:17 - [MESSAGE][PASSED] - Text ****** has been set on object 'Object Repository/Page_/input_Password_j_password'

2021-01-21 15:40:17 - [MESSAGE][PASSED] - Object: 'Object Repository/Page_/button_Login' is clicked on

2021-01-21 15:40:17 - [MESSAGE][PASSED] - Login IST with valid credentials

2021-01-21 15:40:17 - [TEST_STEP][PASSED] - Login Success: Login Success

2021-01-21 15:40:17 - [MESSAGE][INFO] - Login Success

2021-01-21 15:40:17 - [MESSAGE][PASSED] - Current window maximized

2021-01-21 15:40:17 - [MESSAGE][PASSED] - Object 'Object Repository/Page_/h1_Welcome to IT Supporting Tools' is present

2021-01-21 15:40:17 - [MESSAGE][PASSED] - Login Success

2021-01-21 15:40:17 - [TEST_STEP][PASSED] - Select Arrow Menu "Real Time Disbursement": Select Arrow Menu "Real Time Disbursement"

2021-01-21 15:40:18 - [MESSAGE][PASSED] - Object: '' is clicked on

2021-01-21 15:40:18 - [MESSAGE][PASSED] - Select Arrow Menu "Real Time Disbursement"

2021-01-21 15:40:18 - [TEST_STEP][PASSED] - Select Menu "Disbursement Dashboard": Select Menu "Disbursement Dashboard"

2021-01-21 15:40:18 - [MESSAGE][PASSED] - Taking screenshot successfully
[[ATTACHMENT|/Users/chaidir.pratama01/Documents/Docs/Katalon Studio/Screenshot/test-Disbursement Dashboard.png]]

2021-01-21 15:40:18 - [MESSAGE][PASSED] - Object '' is present

2021-01-21 15:40:18 - [MESSAGE][PASSED] - Object: '' is clicked on

2021-01-21 15:40:18 - [MESSAGE][PASSED] - Wait for page load successfully

2021-01-21 15:40:18 - [MESSAGE][PASSED] - Select Menu "Disbursement Dashboard"

2021-01-21 15:40:18 - [TEST_STEP][PASSED] - Select STATUS "Manual Disbursement": Select STATUS "Manual Disbursement"

2021-01-21 15:40:19 - [MESSAGE][PASSED] - All options with value 'Manual Disbursement' are selected in object ''  using regular expression

2021-01-21 15:40:19 - [MESSAGE][PASSED] - Select STATUS "Manual Disbursement"

2021-01-21 15:40:19 - [TEST_STEP][PASSED] - Click button "Search": Click button "Search"

2021-01-21 15:40:19 - [MESSAGE][INFO] - >>>>>//Button[contains(text(),'Search')]

2021-01-21 15:40:22 - [MESSAGE][PASSED] - Object '' is present

2021-01-21 15:40:22 - [MESSAGE][PASSED] - Object: '' is clicked on

2021-01-21 15:40:22 - [MESSAGE][PASSED] - Switched to window with index: '0'

2021-01-21 15:40:22 - [MESSAGE][PASSED] - Click button "Search"

2021-01-21 15:40:22 - [TEST_STEP][PASSED] - Verify Search Result Presents: Verify Search Result Presents

2021-01-21 15:40:22 - [MESSAGE][PASSED] - Object '' is present

2021-01-21 15:40:29 - [MESSAGE][PASSED] - Verify Search Result Presents

2021-01-21 15:40:29 - [TEST_STEP][PASSED] - Click button "Logout": Click button "Logout"

2021-01-21 15:40:29 - [MESSAGE][INFO] - >>>>>//Button[contains(text(),'Logout')]

2021-01-21 15:40:32 - [MESSAGE][PASSED] - Object '' is present

2021-01-21 15:40:32 - [MESSAGE][PASSED] - Object: '' is clicked on

2021-01-21 15:40:32 - [MESSAGE][PASSED] - Switched to window with index: '0'

2021-01-21 15:40:32 - [MESSAGE][PASSED] - Click button "Logout"

2021-01-21 15:40:32 - [TEST_STEP][PASSED] - Close browser: Close browser

2021-01-21 15:40:32 - [MESSAGE][PASSED] - Browser is closed

2021-01-21 15:40:32 - [MESSAGE][PASSED] - Close browser

2021-01-21 15:40:32 - [TEST_CASE][PASSED] - Start Test Case : SCENARIO Search by STATUS DONE: SCENARIO Search by STATUS DONE

2021-01-21 15:40:32 - [TEST_STEP][PASSED] - Go to ISTools: Go to ISTools

2021-01-21 15:40:32 - [MESSAGE][INFO] - Starting 'Chrome (headless)' driver

2021-01-21 15:40:32 - [MESSAGE][INFO] - User set preference: ['args', '[--start-maximized, --disable-gpu, --no-proxy-server, –-no-sandbox, --allow-running-insecure-content, --ignore-certificate-errors, window-size=1680,814, force-device-scale-factor=2, --lang=en-GB]']

2021-01-21 15:40:32 - [MESSAGE][INFO] - User set preference: ['prefs', '{download.default_directory=/Users/chaidir.pratama01/Katalon Studio/IST_Automation_Git/Download}']

2021-01-21 15:40:32 - [MESSAGE][INFO] - Action delay is set to 0 milliseconds

2021-01-21 15:40:32 - [MESSAGE][PASSED] - Browser is opened with url: ''

2021-01-21 15:40:33 - [MESSAGE][PASSED] - Navigate to 'https://dev-istools.homecredit.id/foundation/' successfully

2021-01-21 15:40:33 - [MESSAGE][PASSED] - Go to ISTools

2021-01-21 15:40:33 - [TEST_STEP][PASSED] - Login IST with valid credentials: Login IST with valid credentials

2021-01-21 15:40:33 - [MESSAGE][PASSED] - Text 'mobile.test' is set on object 'Object Repository/Page_/input_Username_j_username'

2021-01-21 15:40:33 - [MESSAGE][PASSED] - Text ****** has been set on object 'Object Repository/Page_/input_Password_j_password'

2021-01-21 15:40:34 - [MESSAGE][PASSED] - Object: 'Object Repository/Page_/button_Login' is clicked on

2021-01-21 15:40:34 - [MESSAGE][PASSED] - Login IST with valid credentials

2021-01-21 15:40:34 - [TEST_STEP][PASSED] - Login Success: Login Success

2021-01-21 15:40:34 - [MESSAGE][INFO] - Login Success

2021-01-21 15:40:34 - [MESSAGE][PASSED] - Current window maximized

2021-01-21 15:40:34 - [MESSAGE][PASSED] - Object 'Object Repository/Page_/h1_Welcome to IT Supporting Tools' is present

2021-01-21 15:40:34 - [MESSAGE][PASSED] - Login Success

2021-01-21 15:40:34 - [TEST_STEP][PASSED] - Select Arrow Menu "Real Time Disbursement": Select Arrow Menu "Real Time Disbursement"

2021-01-21 15:40:34 - [MESSAGE][PASSED] - Object: '' is clicked on

2021-01-21 15:40:34 - [MESSAGE][PASSED] - Select Arrow Menu "Real Time Disbursement"

2021-01-21 15:40:34 - [TEST_STEP][PASSED] - Select Menu "Disbursement Dashboard": Select Menu "Disbursement Dashboard"

2021-01-21 15:40:34 - [MESSAGE][PASSED] - Taking screenshot successfully
[[ATTACHMENT|/Users/chaidir.pratama01/Documents/Docs/Katalon Studio/Screenshot/test-Disbursement Dashboard.png]]

2021-01-21 15:40:35 - [MESSAGE][PASSED] - Object '' is present

2021-01-21 15:40:35 - [MESSAGE][PASSED] - Object: '' is clicked on

2021-01-21 15:40:35 - [MESSAGE][PASSED] - Wait for page load successfully

2021-01-21 15:40:35 - [MESSAGE][PASSED] - Select Menu "Disbursement Dashboard"

2021-01-21 15:40:35 - [TEST_STEP][PASSED] - Select STATUS "DONE": Select STATUS "DONE"

2021-01-21 15:40:35 - [MESSAGE][PASSED] - All options with value 'DONE' are selected in object ''  using regular expression

2021-01-21 15:40:35 - [MESSAGE][PASSED] - Select STATUS "DONE"

2021-01-21 15:40:35 - [TEST_STEP][PASSED] - Click button "Search": Click button "Search"

2021-01-21 15:40:35 - [MESSAGE][INFO] - >>>>>//Button[contains(text(),'Search')]

2021-01-21 15:40:38 - [MESSAGE][PASSED] - Object '' is present

2021-01-21 15:40:38 - [MESSAGE][PASSED] - Object: '' is clicked on

2021-01-21 15:40:38 - [MESSAGE][PASSED] - Switched to window with index: '0'

2021-01-21 15:40:38 - [MESSAGE][PASSED] - Click button "Search"

2021-01-21 15:40:38 - [TEST_STEP][PASSED] - Verify Search Result Presents: Verify Search Result Presents

2021-01-21 15:40:38 - [MESSAGE][PASSED] - Object '' is present

2021-01-21 15:40:45 - [MESSAGE][PASSED] - Verify Search Result Presents

2021-01-21 15:40:45 - [TEST_STEP][PASSED] - Click button "Logout": Click button "Logout"

2021-01-21 15:40:45 - [MESSAGE][INFO] - >>>>>//Button[contains(text(),'Logout')]

2021-01-21 15:40:48 - [MESSAGE][PASSED] - Object '' is present

2021-01-21 15:40:48 - [MESSAGE][PASSED] - Object: '' is clicked on

2021-01-21 15:40:48 - [MESSAGE][PASSED] - Switched to window with index: '0'

2021-01-21 15:40:48 - [MESSAGE][PASSED] - Click button "Logout"

2021-01-21 15:40:48 - [TEST_STEP][PASSED] - Close browser: Close browser

2021-01-21 15:40:48 - [MESSAGE][PASSED] - Browser is closed

2021-01-21 15:40:48 - [MESSAGE][PASSED] - Close browser

2021-01-21 15:40:48 - [TEST_CASE][PASSED] - Start Test Case : SCENARIO Search by STATUS Waiting Partner Confirmation: SCENARIO Search by STATUS Waiting Partner Confirmation

2021-01-21 15:40:48 - [TEST_STEP][PASSED] - Go to ISTools: Go to ISTools

2021-01-21 15:40:48 - [MESSAGE][INFO] - Starting 'Chrome (headless)' driver

2021-01-21 15:40:48 - [MESSAGE][INFO] - User set preference: ['args', '[--start-maximized, --disable-gpu, --no-proxy-server, –-no-sandbox, --allow-running-insecure-content, --ignore-certificate-errors, window-size=1680,814, force-device-scale-factor=2, --lang=en-GB]']

2021-01-21 15:40:48 - [MESSAGE][INFO] - User set preference: ['prefs', '{download.default_directory=/Users/chaidir.pratama01/Katalon Studio/IST_Automation_Git/Download}']

2021-01-21 15:40:48 - [MESSAGE][INFO] - Action delay is set to 0 milliseconds

2021-01-21 15:40:49 - [MESSAGE][PASSED] - Browser is opened with url: ''

2021-01-21 15:40:49 - [MESSAGE][PASSED] - Navigate to 'https://dev-istools.homecredit.id/foundation/' successfully

2021-01-21 15:40:49 - [MESSAGE][PASSED] - Go to ISTools

2021-01-21 15:40:49 - [TEST_STEP][PASSED] - Login IST with valid credentials: Login IST with valid credentials

2021-01-21 15:40:49 - [MESSAGE][PASSED] - Text 'mobile.test' is set on object 'Object Repository/Page_/input_Username_j_username'

2021-01-21 15:40:50 - [MESSAGE][PASSED] - Text ****** has been set on object 'Object Repository/Page_/input_Password_j_password'

2021-01-21 15:40:50 - [MESSAGE][PASSED] - Object: 'Object Repository/Page_/button_Login' is clicked on

2021-01-21 15:40:50 - [MESSAGE][PASSED] - Login IST with valid credentials

2021-01-21 15:40:50 - [TEST_STEP][PASSED] - Login Success: Login Success

2021-01-21 15:40:50 - [MESSAGE][INFO] - Login Success

2021-01-21 15:40:50 - [MESSAGE][PASSED] - Current window maximized

2021-01-21 15:40:50 - [MESSAGE][PASSED] - Object 'Object Repository/Page_/h1_Welcome to IT Supporting Tools' is present

2021-01-21 15:40:50 - [MESSAGE][PASSED] - Login Success

2021-01-21 15:40:50 - [TEST_STEP][PASSED] - Select Arrow Menu "Real Time Disbursement": Select Arrow Menu "Real Time Disbursement"

2021-01-21 15:40:50 - [MESSAGE][PASSED] - Object: '' is clicked on

2021-01-21 15:40:50 - [MESSAGE][PASSED] - Select Arrow Menu "Real Time Disbursement"

2021-01-21 15:40:50 - [TEST_STEP][PASSED] - Select Menu "Disbursement Dashboard": Select Menu "Disbursement Dashboard"

2021-01-21 15:40:51 - [MESSAGE][PASSED] - Taking screenshot successfully
[[ATTACHMENT|/Users/chaidir.pratama01/Documents/Docs/Katalon Studio/Screenshot/test-Disbursement Dashboard.png]]

2021-01-21 15:40:51 - [MESSAGE][PASSED] - Object '' is present

2021-01-21 15:40:51 - [MESSAGE][PASSED] - Object: '' is clicked on

2021-01-21 15:40:51 - [MESSAGE][PASSED] - Wait for page load successfully

2021-01-21 15:40:51 - [MESSAGE][PASSED] - Select Menu "Disbursement Dashboard"

2021-01-21 15:40:51 - [TEST_STEP][PASSED] - Select STATUS "Waiting Partner Confirmation": Select STATUS "Waiting Partner Confirmation"

2021-01-21 15:40:51 - [MESSAGE][PASSED] - All options with value 'Waiting Partner Confirmation' are selected in object ''  using regular expression

2021-01-21 15:40:51 - [MESSAGE][PASSED] - Select STATUS "Waiting Partner Confirmation"

2021-01-21 15:40:51 - [TEST_STEP][PASSED] - Click button "Search": Click button "Search"

2021-01-21 15:40:51 - [MESSAGE][INFO] - >>>>>//Button[contains(text(),'Search')]

2021-01-21 15:40:54 - [MESSAGE][PASSED] - Object '' is present

2021-01-21 15:40:54 - [MESSAGE][PASSED] - Object: '' is clicked on

2021-01-21 15:40:54 - [MESSAGE][PASSED] - Switched to window with index: '0'

2021-01-21 15:40:54 - [MESSAGE][PASSED] - Click button "Search"

2021-01-21 15:40:54 - [TEST_STEP][PASSED] - Verify Search Result Presents: Verify Search Result Presents

2021-01-21 15:40:55 - [MESSAGE][PASSED] - Object '' is present

2021-01-21 15:40:59 - [MESSAGE][PASSED] - Verify Search Result Presents

2021-01-21 15:40:59 - [TEST_STEP][PASSED] - Click button "Logout": Click button "Logout"

2021-01-21 15:40:59 - [MESSAGE][INFO] - >>>>>//Button[contains(text(),'Logout')]

2021-01-21 15:41:02 - [MESSAGE][PASSED] - Object '' is present

2021-01-21 15:41:02 - [MESSAGE][PASSED] - Object: '' is clicked on

2021-01-21 15:41:02 - [MESSAGE][PASSED] - Switched to window with index: '0'

2021-01-21 15:41:02 - [MESSAGE][PASSED] - Click button "Logout"

2021-01-21 15:41:02 - [TEST_STEP][PASSED] - Close browser: Close browser

2021-01-21 15:41:02 - [MESSAGE][PASSED] - Browser is closed

2021-01-21 15:41:02 - [MESSAGE][PASSED] - Close browser

2021-01-21 15:41:02 - [TEST_CASE][PASSED] - Start Test Case : SCENARIO Search by STATUS Success to Disburse: SCENARIO Search by STATUS Success to Disburse

2021-01-21 15:41:02 - [TEST_STEP][PASSED] - Go to ISTools: Go to ISTools

2021-01-21 15:41:02 - [MESSAGE][INFO] - Starting 'Chrome (headless)' driver

2021-01-21 15:41:02 - [MESSAGE][INFO] - User set preference: ['args', '[--start-maximized, --disable-gpu, --no-proxy-server, –-no-sandbox, --allow-running-insecure-content, --ignore-certificate-errors, window-size=1680,814, force-device-scale-factor=2, --lang=en-GB]']

2021-01-21 15:41:02 - [MESSAGE][INFO] - User set preference: ['prefs', '{download.default_directory=/Users/chaidir.pratama01/Katalon Studio/IST_Automation_Git/Download}']

2021-01-21 15:41:02 - [MESSAGE][INFO] - Action delay is set to 0 milliseconds

2021-01-21 15:41:02 - [MESSAGE][PASSED] - Browser is opened with url: ''

2021-01-21 15:41:03 - [MESSAGE][PASSED] - Navigate to 'https://dev-istools.homecredit.id/foundation/' successfully

2021-01-21 15:41:03 - [MESSAGE][PASSED] - Go to ISTools

2021-01-21 15:41:03 - [TEST_STEP][PASSED] - Login IST with valid credentials: Login IST with valid credentials

2021-01-21 15:41:03 - [MESSAGE][PASSED] - Text 'mobile.test' is set on object 'Object Repository/Page_/input_Username_j_username'

2021-01-21 15:41:04 - [MESSAGE][PASSED] - Text ****** has been set on object 'Object Repository/Page_/input_Password_j_password'

2021-01-21 15:41:04 - [MESSAGE][PASSED] - Object: 'Object Repository/Page_/button_Login' is clicked on

2021-01-21 15:41:04 - [MESSAGE][PASSED] - Login IST with valid credentials

2021-01-21 15:41:04 - [TEST_STEP][PASSED] - Login Success: Login Success

2021-01-21 15:41:04 - [MESSAGE][INFO] - Login Success

2021-01-21 15:41:04 - [MESSAGE][PASSED] - Current window maximized

2021-01-21 15:41:04 - [MESSAGE][PASSED] - Object 'Object Repository/Page_/h1_Welcome to IT Supporting Tools' is present

2021-01-21 15:41:04 - [MESSAGE][PASSED] - Login Success

2021-01-21 15:41:04 - [TEST_STEP][PASSED] - Select Arrow Menu "Real Time Disbursement": Select Arrow Menu "Real Time Disbursement"

2021-01-21 15:41:04 - [MESSAGE][PASSED] - Object: '' is clicked on

2021-01-21 15:41:04 - [MESSAGE][PASSED] - Select Arrow Menu "Real Time Disbursement"

2021-01-21 15:41:04 - [TEST_STEP][PASSED] - Select Menu "Disbursement Dashboard": Select Menu "Disbursement Dashboard"

2021-01-21 15:41:05 - [MESSAGE][PASSED] - Taking screenshot successfully
[[ATTACHMENT|/Users/chaidir.pratama01/Documents/Docs/Katalon Studio/Screenshot/test-Disbursement Dashboard.png]]

2021-01-21 15:41:05 - [MESSAGE][PASSED] - Object '' is present

2021-01-21 15:41:05 - [MESSAGE][PASSED] - Object: '' is clicked on

2021-01-21 15:41:05 - [MESSAGE][PASSED] - Wait for page load successfully

2021-01-21 15:41:05 - [MESSAGE][PASSED] - Select Menu "Disbursement Dashboard"

2021-01-21 15:41:05 - [TEST_STEP][PASSED] - Select STATUS "Success to Disburse": Select STATUS "Success to Disburse"

2021-01-21 15:41:05 - [MESSAGE][PASSED] - All options with value 'Success to Disburse' are selected in object ''  using regular expression

2021-01-21 15:41:05 - [MESSAGE][PASSED] - Select STATUS "Success to Disburse"

2021-01-21 15:41:05 - [TEST_STEP][PASSED] - Click button "Search": Click button "Search"

2021-01-21 15:41:05 - [MESSAGE][INFO] - >>>>>//Button[contains(text(),'Search')]

2021-01-21 15:41:08 - [MESSAGE][PASSED] - Object '' is present

2021-01-21 15:41:08 - [MESSAGE][PASSED] - Object: '' is clicked on

2021-01-21 15:41:08 - [MESSAGE][PASSED] - Switched to window with index: '0'

2021-01-21 15:41:08 - [MESSAGE][PASSED] - Click button "Search"

2021-01-21 15:41:08 - [TEST_STEP][PASSED] - Verify Search Result Presents: Verify Search Result Presents

2021-01-21 15:41:09 - [MESSAGE][PASSED] - Object '' is present

2021-01-21 15:41:09 - [MESSAGE][PASSED] - Verify Search Result Presents

2021-01-21 15:41:09 - [TEST_STEP][PASSED] - Click button "Logout": Click button "Logout"

2021-01-21 15:41:09 - [MESSAGE][INFO] - >>>>>//Button[contains(text(),'Logout')]

2021-01-21 15:41:12 - [MESSAGE][PASSED] - Object '' is present

2021-01-21 15:41:12 - [MESSAGE][PASSED] - Object: '' is clicked on

2021-01-21 15:41:12 - [MESSAGE][PASSED] - Switched to window with index: '0'

2021-01-21 15:41:12 - [MESSAGE][PASSED] - Click button "Logout"

2021-01-21 15:41:12 - [TEST_STEP][PASSED] - Close browser: Close browser

2021-01-21 15:41:12 - [MESSAGE][PASSED] - Browser is closed

2021-01-21 15:41:12 - [MESSAGE][PASSED] - Close browser

2021-01-21 15:41:12 - [MESSAGE][PASSED] - Feature file: 'Include/features/IST_Real/RTD/Disbursement_Dashboard/Search_by_STATUS_Disbursement_Dashboard.feature' was passed]]></system-out>
         <system-err><![CDATA[]]></system-err>
      </testcase>
      <testcase name="Test Cases/RTD/Disbursement Dashboard/TC_Export_Data_Disbursement_Dashboard" time="9.358" classname="Test Cases/RTD/Disbursement Dashboard/TC_Export_Data_Disbursement_Dashboard" status="FAILED">
         <failure type="FAILED" message="Test Cases/RTD/Disbursement Dashboard/TC_Export_Data_Disbursement_Dashboard FAILED.
Reason:
com.kms.katalon.core.exception.StepFailedException: Feature file 'Include/features/IST_Real/RTD/Disbursement_Dashboard/Export_Data_Disbursement_Dashboard.feature' was failed
	at com.kms.katalon.core.keyword.internal.KeywordMain.stepFailed(KeywordMain.groovy:50)
	at com.kms.katalon.core.keyword.internal.KeywordMain.stepFailed(KeywordMain.groovy)
	at com.kms.katalon.core.keyword.internal.KeywordMain.stepFailed(KeywordMain.groovy:23)
	at com.kms.katalon.core.keyword.internal.KeywordMain$stepFailed$0.call(Unknown Source)
	at com.kms.katalon.core.cucumber.keyword.CucumberBuiltinKeywords$_runFeatureFile_closure1.doCall(CucumberBuiltinKeywords.groovy:82)
	at com.kms.katalon.core.cucumber.keyword.CucumberBuiltinKeywords$_runFeatureFile_closure1.doCall(CucumberBuiltinKeywords.groovy)
	at com.kms.katalon.core.keyword.internal.KeywordMain.runKeyword(KeywordMain.groovy:68)
	at com.kms.katalon.core.keyword.internal.KeywordMain$runKeyword.call(Unknown Source)
	at com.kms.katalon.core.cucumber.keyword.CucumberBuiltinKeywords.runFeatureFile(CucumberBuiltinKeywords.groovy:46)
	at com.kms.katalon.core.cucumber.keyword.CucumberBuiltinKeywords$runFeatureFile$0.callStatic(Unknown Source)
	at com.kms.katalon.core.cucumber.keyword.CucumberBuiltinKeywords.runFeatureFile(CucumberBuiltinKeywords.groovy:169)
	at com.kms.katalon.core.cucumber.keyword.CucumberBuiltinKeywords$runFeatureFile.call(Unknown Source)
	at TC_Export_Data_Disbursement_Dashboard.run(TC_Export_Data_Disbursement_Dashboard:18)
	at com.kms.katalon.core.main.ScriptEngine.run(ScriptEngine.java:194)
	at com.kms.katalon.core.main.ScriptEngine.runScriptAsRawText(ScriptEngine.java:119)
	at com.kms.katalon.core.main.TestCaseExecutor.runScript(TestCaseExecutor.java:339)
	at com.kms.katalon.core.main.TestCaseExecutor.doExecute(TestCaseExecutor.java:330)
	at com.kms.katalon.core.main.TestCaseExecutor.processExecutionPhase(TestCaseExecutor.java:309)
	at com.kms.katalon.core.main.TestCaseExecutor.accessMainPhase(TestCaseExecutor.java:301)
	at com.kms.katalon.core.main.TestCaseExecutor.execute(TestCaseExecutor.java:235)
	at com.kms.katalon.core.main.TestSuiteExecutor.accessTestCaseMainPhase(TestSuiteExecutor.java:191)
	at com.kms.katalon.core.main.TestSuiteExecutor.accessTestSuiteMainPhase(TestSuiteExecutor.java:141)
	at com.kms.katalon.core.main.TestSuiteExecutor.execute(TestSuiteExecutor.java:90)
	at com.kms.katalon.core.main.TestCaseMain.startTestSuite(TestCaseMain.java:157)
	at com.kms.katalon.core.main.TestCaseMain$startTestSuite$0.call(Unknown Source)
	at TempTestSuite1611218215211.run(TempTestSuite1611218215211.groovy:39)
"/>
         <system-out><![CDATA[2021-01-21 15:41:12 - [TEST_CASE][FAILED] - Test Cases/RTD/Disbursement Dashboard/TC_Export_Data_Disbursement_Dashboard: Test Cases/RTD/Disbursement Dashboard/TC_Export_Data_Disbursement_Dashboard FAILED.
Reason:
com.kms.katalon.core.exception.StepFailedException: Feature file 'Include/features/IST_Real/RTD/Disbursement_Dashboard/Export_Data_Disbursement_Dashboard.feature' was failed
	at com.kms.katalon.core.keyword.internal.KeywordMain.stepFailed(KeywordMain.groovy:50)
	at com.kms.katalon.core.keyword.internal.KeywordMain.stepFailed(KeywordMain.groovy)
	at com.kms.katalon.core.keyword.internal.KeywordMain.stepFailed(KeywordMain.groovy:23)
	at com.kms.katalon.core.keyword.internal.KeywordMain$stepFailed$0.call(Unknown Source)
	at com.kms.katalon.core.cucumber.keyword.CucumberBuiltinKeywords$_runFeatureFile_closure1.doCall(CucumberBuiltinKeywords.groovy:82)
	at com.kms.katalon.core.cucumber.keyword.CucumberBuiltinKeywords$_runFeatureFile_closure1.doCall(CucumberBuiltinKeywords.groovy)
	at com.kms.katalon.core.keyword.internal.KeywordMain.runKeyword(KeywordMain.groovy:68)
	at com.kms.katalon.core.keyword.internal.KeywordMain$runKeyword.call(Unknown Source)
	at com.kms.katalon.core.cucumber.keyword.CucumberBuiltinKeywords.runFeatureFile(CucumberBuiltinKeywords.groovy:46)
	at com.kms.katalon.core.cucumber.keyword.CucumberBuiltinKeywords$runFeatureFile$0.callStatic(Unknown Source)
	at com.kms.katalon.core.cucumber.keyword.CucumberBuiltinKeywords.runFeatureFile(CucumberBuiltinKeywords.groovy:169)
	at com.kms.katalon.core.cucumber.keyword.CucumberBuiltinKeywords$runFeatureFile.call(Unknown Source)
	at TC_Export_Data_Disbursement_Dashboard.run(TC_Export_Data_Disbursement_Dashboard:18)
	at com.kms.katalon.core.main.ScriptEngine.run(ScriptEngine.java:194)
	at com.kms.katalon.core.main.ScriptEngine.runScriptAsRawText(ScriptEngine.java:119)
	at com.kms.katalon.core.main.TestCaseExecutor.runScript(TestCaseExecutor.java:339)
	at com.kms.katalon.core.main.TestCaseExecutor.doExecute(TestCaseExecutor.java:330)
	at com.kms.katalon.core.main.TestCaseExecutor.processExecutionPhase(TestCaseExecutor.java:309)
	at com.kms.katalon.core.main.TestCaseExecutor.accessMainPhase(TestCaseExecutor.java:301)
	at com.kms.katalon.core.main.TestCaseExecutor.execute(TestCaseExecutor.java:235)
	at com.kms.katalon.core.main.TestSuiteExecutor.accessTestCaseMainPhase(TestSuiteExecutor.java:191)
	at com.kms.katalon.core.main.TestSuiteExecutor.accessTestSuiteMainPhase(TestSuiteExecutor.java:141)
	at com.kms.katalon.core.main.TestSuiteExecutor.execute(TestSuiteExecutor.java:90)
	at com.kms.katalon.core.main.TestCaseMain.startTestSuite(TestCaseMain.java:157)
	at com.kms.katalon.core.main.TestCaseMain$startTestSuite$0.call(Unknown Source)
	at TempTestSuite1611218215211.run(TempTestSuite1611218215211.groovy:39)


2021-01-21 15:41:12 - [TEST_STEP][FAILED] - runFeatureFile("Include/features/IST_Real/RTD/Disbursement_Dashboard/Export_Data_Disbursement_Dashboard.feature"): Keyword runFeatureFile was failed (Root cause: com.kms.katalon.core.exception.StepFailedException: Feature file 'Include/features/IST_Real/RTD/Disbursement_Dashboard/Export_Data_Disbursement_Dashboard.feature' was failed
	at com.kms.katalon.core.keyword.internal.KeywordMain.stepFailed(KeywordMain.groovy:50)
	at com.kms.katalon.core.keyword.internal.KeywordMain.stepFailed(KeywordMain.groovy)
	at com.kms.katalon.core.keyword.internal.KeywordMain.stepFailed(KeywordMain.groovy:23)
	at com.kms.katalon.core.keyword.internal.KeywordMain$stepFailed$0.call(Unknown Source)
	at com.kms.katalon.core.cucumber.keyword.CucumberBuiltinKeywords$_runFeatureFile_closure1.doCall(CucumberBuiltinKeywords.groovy:82)
	at com.kms.katalon.core.cucumber.keyword.CucumberBuiltinKeywords$_runFeatureFile_closure1.doCall(CucumberBuiltinKeywords.groovy)
	at com.kms.katalon.core.keyword.internal.KeywordMain.runKeyword(KeywordMain.groovy:68)
	at com.kms.katalon.core.keyword.internal.KeywordMain$runKeyword.call(Unknown Source)
	at com.kms.katalon.core.cucumber.keyword.CucumberBuiltinKeywords.runFeatureFile(CucumberBuiltinKeywords.groovy:46)
	at com.kms.katalon.core.cucumber.keyword.CucumberBuiltinKeywords$runFeatureFile$0.callStatic(Unknown Source)
	at com.kms.katalon.core.cucumber.keyword.CucumberBuiltinKeywords.runFeatureFile(CucumberBuiltinKeywords.groovy:169)
	at com.kms.katalon.core.cucumber.keyword.CucumberBuiltinKeywords$runFeatureFile.call(Unknown Source)
	at TC_Export_Data_Disbursement_Dashboard.run(TC_Export_Data_Disbursement_Dashboard:18)
	at com.kms.katalon.core.main.ScriptEngine.run(ScriptEngine.java:194)
	at com.kms.katalon.core.main.ScriptEngine.runScriptAsRawText(ScriptEngine.java:119)
	at com.kms.katalon.core.main.TestCaseExecutor.runScript(TestCaseExecutor.java:339)
	at com.kms.katalon.core.main.TestCaseExecutor.doExecute(TestCaseExecutor.java:330)
	at com.kms.katalon.core.main.TestCaseExecutor.processExecutionPhase(TestCaseExecutor.java:309)
	at com.kms.katalon.core.main.TestCaseExecutor.accessMainPhase(TestCaseExecutor.java:301)
	at com.kms.katalon.core.main.TestCaseExecutor.execute(TestCaseExecutor.java:235)
	at com.kms.katalon.core.main.TestSuiteExecutor.accessTestCaseMainPhase(TestSuiteExecutor.java:191)
	at com.kms.katalon.core.main.TestSuiteExecutor.accessTestSuiteMainPhase(TestSuiteExecutor.java:141)
	at com.kms.katalon.core.main.TestSuiteExecutor.execute(TestSuiteExecutor.java:90)
	at com.kms.katalon.core.main.TestCaseMain.startTestSuite(TestCaseMain.java:157)
	at com.kms.katalon.core.main.TestCaseMain$startTestSuite$0.call(Unknown Source)
	at TempTestSuite1611218215211.run(TempTestSuite1611218215211.groovy:39)
)

2021-01-21 15:41:12 - [MESSAGE][INFO] - Starting run keyword runFeatureFile: 'Include/features/IST_Real/RTD/Disbursement_Dashboard/Export_Data_Disbursement_Dashboard.feature' and extract report to folder: '/Users/chaidir.pratama01/Katalon Studio/IST_Automation_Git/Reports/20210121_153655/RTD/TS_Disbursement_Dashboard/20210121_153655/cucumber_report/1611218472955'...

2021-01-21 15:41:13 - [TEST_CASE][FAILED] - Start Test Case : SCENARIO Export Data: SCENARIO Export Data FAILED.
Reason:
com.kms.katalon.core.exception.StepFailedException: Cannot take screenshot
	at com.kms.katalon.core.webui.keyword.internal.WebUIKeywordMain.stepFailed(WebUIKeywordMain.groovy:64)
	at com.kms.katalon.core.webui.keyword.internal.WebUIKeywordMain.runKeyword(WebUIKeywordMain.groovy:26)
	at com.kms.katalon.core.webui.keyword.builtin.TakeScreenshotKeyword.takeScreenshot(TakeScreenshotKeyword.groovy:88)
	at com.kms.katalon.core.webui.keyword.builtin.TakeScreenshotKeyword.execute(TakeScreenshotKeyword.groovy:71)
	at com.kms.katalon.core.keyword.internal.KeywordExecutor.executeKeywordForPlatform(KeywordExecutor.groovy:73)
	at com.kms.katalon.core.webui.keyword.WebUiBuiltInKeywords.takeScreenshot(WebUiBuiltInKeywords.groovy:2907)
	at com.kms.katalon.core.webui.keyword.WebUiBuiltInKeywords$takeScreenshot$6.call(Unknown Source)
	at ist_real.Contract_Dispatcher.ClickButton(Contract_Dispatcher.groovy:637)
	at ✽.Click button "Export Data"(/Users/chaidir.pratama01/Katalon Studio/IST_Automation_Git/Include/features/IST_Real/RTD/Disbursement_Dashboard/Export_Data_Disbursement_Dashboard.feature:35)
Caused by: org.openqa.selenium.UnhandledAlertException: unexpected alert open: <unknown>
  (Session info: headless chrome=87.0.4280.141): 
Build info: version: '3.141.59', revision: 'e82be7d358', time: '2018-11-14T08:25:53'
System info: host: 'M-Chaidir-Pratama.local', ip: 'fe80:0:0:0:14e4:ed6f:bc3b:fd01%en0', os.name: 'Mac OS X', os.arch: 'x86_64', os.version: '10.15', java.version: '1.8.0_181'
Driver info: com.kms.katalon.selenium.driver.CChromeDriver
Capabilities {acceptInsecureCerts: false, browserName: chrome, browserVersion: 87.0.4280.141, chrome: {chromedriverVersion: 87.0.4280.88 (89e2380a3e36c..., userDataDir: /var/folders/0s/4_d154xd6dq...}, goog:chromeOptions: {debuggerAddress: localhost:56684}, javascriptEnabled: true, networkConnectionEnabled: false, pageLoadStrategy: normal, platform: MAC, platformName: MAC, proxy: Proxy(), setWindowRect: true, strictFileInteractability: false, timeouts: {implicit: 0, pageLoad: 300000, script: 30000}, unhandledPromptBehavior: dismiss and notify, webauthn:virtualAuthenticators: true}
Session ID: 89f7eb0a3f85d17eeee10abf025a6e29
	at org.openqa.selenium.remote.http.W3CHttpResponseCodec.decode(W3CHttpResponseCodec.java:120)
	at org.openqa.selenium.remote.http.W3CHttpResponseCodec.decode(W3CHttpResponseCodec.java:49)
	at org.openqa.selenium.remote.HttpCommandExecutor.execute(HttpCommandExecutor.java:158)
	at org.openqa.selenium.remote.service.DriverCommandExecutor.execute(DriverCommandExecutor.java:83)
	at org.openqa.selenium.remote.RemoteWebDriver.execute(RemoteWebDriver.java:552)
	at com.kms.katalon.selenium.driver.CChromeDriver.execute(CChromeDriver.java:19)
	at org.openqa.selenium.remote.RemoteWebDriver.execute(RemoteWebDriver.java:609)
	at org.openqa.selenium.remote.RemoteWebDriver.getScreenshotAs(RemoteWebDriver.java:295)
	at org.openqa.selenium.support.events.EventFiringWebDriver.lambda$new$1(EventFiringWebDriver.java:105)
	at com.sun.proxy.$Proxy18.getScreenshotAs(Unknown Source)
	at org.openqa.selenium.support.events.EventFiringWebDriver.getScreenshotAs(EventFiringWebDriver.java:302)
	at com.kms.katalon.core.webui.util.FileUtil.takesScreenshot(FileUtil.java:32)
	at com.kms.katalon.core.webui.keyword.builtin.TakeScreenshotKeyword$_takeScreenshot_closure1.doCall(TakeScreenshotKeyword.groovy:89)
	at com.kms.katalon.core.webui.keyword.builtin.TakeScreenshotKeyword$_takeScreenshot_closure1.call(TakeScreenshotKeyword.groovy)
	at com.kms.katalon.core.webui.keyword.internal.WebUIKeywordMain.runKeyword(WebUIKeywordMain.groovy:20)
	at com.kms.katalon.core.webui.keyword.builtin.TakeScreenshotKeyword.takeScreenshot(TakeScreenshotKeyword.groovy:88)
	at com.kms.katalon.core.webui.keyword.builtin.TakeScreenshotKeyword.execute(TakeScreenshotKeyword.groovy:71)
	at com.kms.katalon.core.keyword.internal.KeywordExecutor.executeKeywordForPlatform(KeywordExecutor.groovy:73)
	at com.kms.katalon.core.webui.keyword.WebUiBuiltInKeywords.takeScreenshot(WebUiBuiltInKeywords.groovy:2907)
	at com.kms.katalon.core.webui.keyword.WebUiBuiltInKeywords$takeScreenshot$6.call(Unknown Source)
	at ist_real.Contract_Dispatcher.ClickButton(Contract_Dispatcher.groovy:637)
	at cucumber.runtime.Utils$1.call(Utils.java:26)
	at cucumber.runtime.Timeout.timeout(Timeout.java:16)
	at cucumber.runtime.Utils.invoke(Utils.java:20)
	at cucumber.runtime.java.JavaStepDefinition.execute(JavaStepDefinition.java:48)
	at cucumber.runtime.PickleStepDefinitionMatch.runStep(PickleStepDefinitionMatch.java:50)
	at cucumber.runner.TestStep.executeStep(TestStep.java:55)
	at cucumber.runner.TestStep.run(TestStep.java:42)
	at cucumber.runner.PickleStepTestStep.run(PickleStepTestStep.java:53)
	at cucumber.runner.TestCase.run(TestCase.java:47)
	at cucumber.runner.Runner.runPickle(Runner.java:44)
	at cucumber.runtime.Runtime.runFeature(Runtime.java:120)
	at cucumber.runtime.Runtime.run(Runtime.java:106)
	at cucumber.api.cli.Main.run(Main.java:35)
	at cucumber.api.cli.Main$run.call(Unknown Source)
	at com.kms.katalon.core.cucumber.keyword.CucumberBuiltinKeywords$_runFeatureFile_closure1.doCall(CucumberBuiltinKeywords.groovy:76)
	at com.kms.katalon.core.cucumber.keyword.CucumberBuiltinKeywords$_runFeatureFile_closure1.doCall(CucumberBuiltinKeywords.groovy)
	at com.kms.katalon.core.keyword.internal.KeywordMain.runKeyword(KeywordMain.groovy:68)
	at com.kms.katalon.core.keyword.internal.KeywordMain$runKeyword.call(Unknown Source)
	at com.kms.katalon.core.cucumber.keyword.CucumberBuiltinKeywords.runFeatureFile(CucumberBuiltinKeywords.groovy:46)
	at com.kms.katalon.core.cucumber.keyword.CucumberBuiltinKeywords$runFeatureFile$0.callStatic(Unknown Source)
	at com.kms.katalon.core.cucumber.keyword.CucumberBuiltinKeywords.runFeatureFile(CucumberBuiltinKeywords.groovy:169)
	at com.kms.katalon.core.cucumber.keyword.CucumberBuiltinKeywords$runFeatureFile.call(Unknown Source)
	at TC_Export_Data_Disbursement_Dashboard.run(TC_Export_Data_Disbursement_Dashboard:18)
	at com.kms.katalon.core.main.ScriptEngine.run(ScriptEngine.java:194)
	at com.kms.katalon.core.main.ScriptEngine.runScriptAsRawText(ScriptEngine.java:119)
	at com.kms.katalon.core.main.TestCaseExecutor.runScript(TestCaseExecutor.java:339)
	at com.kms.katalon.core.main.TestCaseExecutor.doExecute(TestCaseExecutor.java:330)
	at com.kms.katalon.core.main.TestCaseExecutor.processExecutionPhase(TestCaseExecutor.java:309)
	at com.kms.katalon.core.main.TestCaseExecutor.accessMainPhase(TestCaseExecutor.java:301)
	at com.kms.katalon.core.main.TestCaseExecutor.execute(TestCaseExecutor.java:235)
	at com.kms.katalon.core.main.TestSuiteExecutor.accessTestCaseMainPhase(TestSuiteExecutor.java:191)
	at com.kms.katalon.core.main.TestSuiteExecutor.accessTestSuiteMainPhase(TestSuiteExecutor.java:141)
	at com.kms.katalon.core.main.TestSuiteExecutor.execute(TestSuiteExecutor.java:90)
	at com.kms.katalon.core.main.TestCaseMain.startTestSuite(TestCaseMain.java:157)
	at com.kms.katalon.core.main.TestCaseMain$startTestSuite$0.call(Unknown Source)
	at TempTestSuite1611218215211.run(TempTestSuite1611218215211.groovy:39)


2021-01-21 15:41:13 - [TEST_STEP][PASSED] - Go to ISTools: Go to ISTools

2021-01-21 15:41:13 - [MESSAGE][INFO] - Starting 'Chrome (headless)' driver

2021-01-21 15:41:13 - [MESSAGE][INFO] - User set preference: ['args', '[--start-maximized, --disable-gpu, --no-proxy-server, –-no-sandbox, --allow-running-insecure-content, --ignore-certificate-errors, window-size=1680,814, force-device-scale-factor=2, --lang=en-GB]']

2021-01-21 15:41:13 - [MESSAGE][INFO] - User set preference: ['prefs', '{download.default_directory=/Users/chaidir.pratama01/Katalon Studio/IST_Automation_Git/Download}']

2021-01-21 15:41:13 - [MESSAGE][INFO] - Action delay is set to 0 milliseconds

2021-01-21 15:41:13 - [MESSAGE][PASSED] - Browser is opened with url: ''

2021-01-21 15:41:14 - [MESSAGE][PASSED] - Navigate to 'https://dev-istools.homecredit.id/foundation/' successfully

2021-01-21 15:41:14 - [MESSAGE][PASSED] - Go to ISTools

2021-01-21 15:41:14 - [TEST_STEP][PASSED] - Login IST with valid credentials: Login IST with valid credentials

2021-01-21 15:41:14 - [MESSAGE][PASSED] - Text 'mobile.test' is set on object 'Object Repository/Page_/input_Username_j_username'

2021-01-21 15:41:14 - [MESSAGE][PASSED] - Text ****** has been set on object 'Object Repository/Page_/input_Password_j_password'

2021-01-21 15:41:14 - [MESSAGE][PASSED] - Object: 'Object Repository/Page_/button_Login' is clicked on

2021-01-21 15:41:14 - [MESSAGE][PASSED] - Login IST with valid credentials

2021-01-21 15:41:14 - [TEST_STEP][PASSED] - Login Success: Login Success

2021-01-21 15:41:14 - [MESSAGE][INFO] - Login Success

2021-01-21 15:41:14 - [MESSAGE][PASSED] - Current window maximized

2021-01-21 15:41:14 - [MESSAGE][PASSED] - Object 'Object Repository/Page_/h1_Welcome to IT Supporting Tools' is present

2021-01-21 15:41:14 - [MESSAGE][PASSED] - Login Success

2021-01-21 15:41:14 - [TEST_STEP][PASSED] - Select Arrow Menu "Real Time Disbursement": Select Arrow Menu "Real Time Disbursement"

2021-01-21 15:41:15 - [MESSAGE][PASSED] - Object: '' is clicked on

2021-01-21 15:41:15 - [MESSAGE][PASSED] - Select Arrow Menu "Real Time Disbursement"

2021-01-21 15:41:15 - [TEST_STEP][PASSED] - Select Menu "Disbursement Dashboard": Select Menu "Disbursement Dashboard"

2021-01-21 15:41:15 - [MESSAGE][PASSED] - Taking screenshot successfully
[[ATTACHMENT|/Users/chaidir.pratama01/Documents/Docs/Katalon Studio/Screenshot/test-Disbursement Dashboard.png]]

2021-01-21 15:41:15 - [MESSAGE][PASSED] - Object '' is present

2021-01-21 15:41:15 - [MESSAGE][PASSED] - Object: '' is clicked on

2021-01-21 15:41:15 - [MESSAGE][PASSED] - Wait for page load successfully

2021-01-21 15:41:15 - [MESSAGE][PASSED] - Select Menu "Disbursement Dashboard"

2021-01-21 15:41:15 - [TEST_STEP][PASSED] - Input Contract RTD in Contract Number label: Input Contract RTD in Contract Number label

2021-01-21 15:41:15 - [MESSAGE][PASSED] - Text '4000014162' is set on object ''

2021-01-21 15:41:15 - [MESSAGE][PASSED] - Input Contract RTD in Contract Number label

2021-01-21 15:41:15 - [TEST_STEP][PASSED] - Click button "Search": Click button "Search"

2021-01-21 15:41:15 - [MESSAGE][INFO] - >>>>>//Button[contains(text(),'Search')]

2021-01-21 15:41:18 - [MESSAGE][PASSED] - Object '' is present

2021-01-21 15:41:19 - [MESSAGE][PASSED] - Object: '' is clicked on

2021-01-21 15:41:19 - [MESSAGE][PASSED] - Switched to window with index: '0'

2021-01-21 15:41:19 - [MESSAGE][PASSED] - Click button "Search"

2021-01-21 15:41:19 - [TEST_STEP][PASSED] - Verify Table Filled: Verify Table Filled

2021-01-21 15:41:19 - [MESSAGE][PASSED] - Object '' is present

2021-01-21 15:41:19 - [MESSAGE][PASSED] - Verify Table Filled

2021-01-21 15:41:19 - [TEST_STEP][FAILED] - Click button "Export Data": Click button "Export Data" FAILED.
Reason:
com.kms.katalon.core.exception.StepFailedException: Cannot take screenshot
	at com.kms.katalon.core.webui.keyword.internal.WebUIKeywordMain.stepFailed(WebUIKeywordMain.groovy:64)
	at com.kms.katalon.core.webui.keyword.internal.WebUIKeywordMain.runKeyword(WebUIKeywordMain.groovy:26)
	at com.kms.katalon.core.webui.keyword.builtin.TakeScreenshotKeyword.takeScreenshot(TakeScreenshotKeyword.groovy:88)
	at com.kms.katalon.core.webui.keyword.builtin.TakeScreenshotKeyword.execute(TakeScreenshotKeyword.groovy:71)
	at com.kms.katalon.core.keyword.internal.KeywordExecutor.executeKeywordForPlatform(KeywordExecutor.groovy:73)
	at com.kms.katalon.core.webui.keyword.WebUiBuiltInKeywords.takeScreenshot(WebUiBuiltInKeywords.groovy:2907)
	at com.kms.katalon.core.webui.keyword.WebUiBuiltInKeywords$takeScreenshot$6.call(Unknown Source)
	at ist_real.Contract_Dispatcher.ClickButton(Contract_Dispatcher.groovy:637)
	at ✽.Click button "Export Data"(/Users/chaidir.pratama01/Katalon Studio/IST_Automation_Git/Include/features/IST_Real/RTD/Disbursement_Dashboard/Export_Data_Disbursement_Dashboard.feature:35)
Caused by: org.openqa.selenium.UnhandledAlertException: unexpected alert open: <unknown>
  (Session info: headless chrome=87.0.4280.141): 
Build info: version: '3.141.59', revision: 'e82be7d358', time: '2018-11-14T08:25:53'
System info: host: 'M-Chaidir-Pratama.local', ip: 'fe80:0:0:0:14e4:ed6f:bc3b:fd01%en0', os.name: 'Mac OS X', os.arch: 'x86_64', os.version: '10.15', java.version: '1.8.0_181'
Driver info: com.kms.katalon.selenium.driver.CChromeDriver
Capabilities {acceptInsecureCerts: false, browserName: chrome, browserVersion: 87.0.4280.141, chrome: {chromedriverVersion: 87.0.4280.88 (89e2380a3e36c..., userDataDir: /var/folders/0s/4_d154xd6dq...}, goog:chromeOptions: {debuggerAddress: localhost:56684}, javascriptEnabled: true, networkConnectionEnabled: false, pageLoadStrategy: normal, platform: MAC, platformName: MAC, proxy: Proxy(), setWindowRect: true, strictFileInteractability: false, timeouts: {implicit: 0, pageLoad: 300000, script: 30000}, unhandledPromptBehavior: dismiss and notify, webauthn:virtualAuthenticators: true}
Session ID: 89f7eb0a3f85d17eeee10abf025a6e29
	at org.openqa.selenium.remote.http.W3CHttpResponseCodec.decode(W3CHttpResponseCodec.java:120)
	at org.openqa.selenium.remote.http.W3CHttpResponseCodec.decode(W3CHttpResponseCodec.java:49)
	at org.openqa.selenium.remote.HttpCommandExecutor.execute(HttpCommandExecutor.java:158)
	at org.openqa.selenium.remote.service.DriverCommandExecutor.execute(DriverCommandExecutor.java:83)
	at org.openqa.selenium.remote.RemoteWebDriver.execute(RemoteWebDriver.java:552)
	at com.kms.katalon.selenium.driver.CChromeDriver.execute(CChromeDriver.java:19)
	at org.openqa.selenium.remote.RemoteWebDriver.execute(RemoteWebDriver.java:609)
	at org.openqa.selenium.remote.RemoteWebDriver.getScreenshotAs(RemoteWebDriver.java:295)
	at org.openqa.selenium.support.events.EventFiringWebDriver.lambda$new$1(EventFiringWebDriver.java:105)
	at com.sun.proxy.$Proxy18.getScreenshotAs(Unknown Source)
	at org.openqa.selenium.support.events.EventFiringWebDriver.getScreenshotAs(EventFiringWebDriver.java:302)
	at com.kms.katalon.core.webui.util.FileUtil.takesScreenshot(FileUtil.java:32)
	at com.kms.katalon.core.webui.keyword.builtin.TakeScreenshotKeyword$_takeScreenshot_closure1.doCall(TakeScreenshotKeyword.groovy:89)
	at com.kms.katalon.core.webui.keyword.builtin.TakeScreenshotKeyword$_takeScreenshot_closure1.call(TakeScreenshotKeyword.groovy)
	at com.kms.katalon.core.webui.keyword.internal.WebUIKeywordMain.runKeyword(WebUIKeywordMain.groovy:20)
	at com.kms.katalon.core.webui.keyword.builtin.TakeScreenshotKeyword.takeScreenshot(TakeScreenshotKeyword.groovy:88)
	at com.kms.katalon.core.webui.keyword.builtin.TakeScreenshotKeyword.execute(TakeScreenshotKeyword.groovy:71)
	at com.kms.katalon.core.keyword.internal.KeywordExecutor.executeKeywordForPlatform(KeywordExecutor.groovy:73)
	at com.kms.katalon.core.webui.keyword.WebUiBuiltInKeywords.takeScreenshot(WebUiBuiltInKeywords.groovy:2907)
	at com.kms.katalon.core.webui.keyword.WebUiBuiltInKeywords$takeScreenshot$6.call(Unknown Source)
	at ist_real.Contract_Dispatcher.ClickButton(Contract_Dispatcher.groovy:637)
	at cucumber.runtime.Utils$1.call(Utils.java:26)
	at cucumber.runtime.Timeout.timeout(Timeout.java:16)
	at cucumber.runtime.Utils.invoke(Utils.java:20)
	at cucumber.runtime.java.JavaStepDefinition.execute(JavaStepDefinition.java:48)
	at cucumber.runtime.PickleStepDefinitionMatch.runStep(PickleStepDefinitionMatch.java:50)
	at cucumber.runner.TestStep.executeStep(TestStep.java:55)
	at cucumber.runner.TestStep.run(TestStep.java:42)
	at cucumber.runner.PickleStepTestStep.run(PickleStepTestStep.java:53)
	at cucumber.runner.TestCase.run(TestCase.java:47)
	at cucumber.runner.Runner.runPickle(Runner.java:44)
	at cucumber.runtime.Runtime.runFeature(Runtime.java:120)
	at cucumber.runtime.Runtime.run(Runtime.java:106)
	at cucumber.api.cli.Main.run(Main.java:35)
	at cucumber.api.cli.Main$run.call(Unknown Source)
	at com.kms.katalon.core.cucumber.keyword.CucumberBuiltinKeywords$_runFeatureFile_closure1.doCall(CucumberBuiltinKeywords.groovy:76)
	at com.kms.katalon.core.cucumber.keyword.CucumberBuiltinKeywords$_runFeatureFile_closure1.doCall(CucumberBuiltinKeywords.groovy)
	at com.kms.katalon.core.keyword.internal.KeywordMain.runKeyword(KeywordMain.groovy:68)
	at com.kms.katalon.core.keyword.internal.KeywordMain$runKeyword.call(Unknown Source)
	at com.kms.katalon.core.cucumber.keyword.CucumberBuiltinKeywords.runFeatureFile(CucumberBuiltinKeywords.groovy:46)
	at com.kms.katalon.core.cucumber.keyword.CucumberBuiltinKeywords$runFeatureFile$0.callStatic(Unknown Source)
	at com.kms.katalon.core.cucumber.keyword.CucumberBuiltinKeywords.runFeatureFile(CucumberBuiltinKeywords.groovy:169)
	at com.kms.katalon.core.cucumber.keyword.CucumberBuiltinKeywords$runFeatureFile.call(Unknown Source)
	at TC_Export_Data_Disbursement_Dashboard.run(TC_Export_Data_Disbursement_Dashboard:18)
	at com.kms.katalon.core.main.ScriptEngine.run(ScriptEngine.java:194)
	at com.kms.katalon.core.main.ScriptEngine.runScriptAsRawText(ScriptEngine.java:119)
	at com.kms.katalon.core.main.TestCaseExecutor.runScript(TestCaseExecutor.java:339)
	at com.kms.katalon.core.main.TestCaseExecutor.doExecute(TestCaseExecutor.java:330)
	at com.kms.katalon.core.main.TestCaseExecutor.processExecutionPhase(TestCaseExecutor.java:309)
	at com.kms.katalon.core.main.TestCaseExecutor.accessMainPhase(TestCaseExecutor.java:301)
	at com.kms.katalon.core.main.TestCaseExecutor.execute(TestCaseExecutor.java:235)
	at com.kms.katalon.core.main.TestSuiteExecutor.accessTestCaseMainPhase(TestSuiteExecutor.java:191)
	at com.kms.katalon.core.main.TestSuiteExecutor.accessTestSuiteMainPhase(TestSuiteExecutor.java:141)
	at com.kms.katalon.core.main.TestSuiteExecutor.execute(TestSuiteExecutor.java:90)
	at com.kms.katalon.core.main.TestCaseMain.startTestSuite(TestCaseMain.java:157)
	at com.kms.katalon.core.main.TestCaseMain$startTestSuite$0.call(Unknown Source)
	at TempTestSuite1611218215211.run(TempTestSuite1611218215211.groovy:39)


2021-01-21 15:41:19 - [MESSAGE][INFO] - >>>>>//Button[contains(text(),'Export Data')]

2021-01-21 15:41:22 - [MESSAGE][PASSED] - Object: '' is clicked on

2021-01-21 15:41:22 - [MESSAGE][WARNING] - Cannot take screenshot

2021-01-21 15:41:22 - [MESSAGE][FAILED] - Cannot take screenshot (Root cause: com.kms.katalon.core.exception.StepFailedException: Cannot take screenshot
	at com.kms.katalon.core.webui.keyword.internal.WebUIKeywordMain.stepFailed(WebUIKeywordMain.groovy:64)
	at com.kms.katalon.core.webui.keyword.internal.WebUIKeywordMain.runKeyword(WebUIKeywordMain.groovy:26)
	at com.kms.katalon.core.webui.keyword.builtin.TakeScreenshotKeyword.takeScreenshot(TakeScreenshotKeyword.groovy:88)
	at com.kms.katalon.core.webui.keyword.builtin.TakeScreenshotKeyword.execute(TakeScreenshotKeyword.groovy:71)
	at com.kms.katalon.core.keyword.internal.KeywordExecutor.executeKeywordForPlatform(KeywordExecutor.groovy:73)
	at com.kms.katalon.core.webui.keyword.WebUiBuiltInKeywords.takeScreenshot(WebUiBuiltInKeywords.groovy:2907)
	at com.kms.katalon.core.webui.keyword.WebUiBuiltInKeywords$takeScreenshot$6.call(Unknown Source)
	at ist_real.Contract_Dispatcher.ClickButton(Contract_Dispatcher.groovy:637)
	at cucumber.runtime.Utils$1.call(Utils.java:26)
	at cucumber.runtime.Timeout.timeout(Timeout.java:16)
	at cucumber.runtime.Utils.invoke(Utils.java:20)
	at cucumber.runtime.java.JavaStepDefinition.execute(JavaStepDefinition.java:48)
	at cucumber.runtime.PickleStepDefinitionMatch.runStep(PickleStepDefinitionMatch.java:50)
	at cucumber.runner.TestStep.executeStep(TestStep.java:55)
	at cucumber.runner.TestStep.run(TestStep.java:42)
	at cucumber.runner.PickleStepTestStep.run(PickleStepTestStep.java:53)
	at cucumber.runner.TestCase.run(TestCase.java:47)
	at cucumber.runner.Runner.runPickle(Runner.java:44)
	at cucumber.runtime.Runtime.runFeature(Runtime.java:120)
	at cucumber.runtime.Runtime.run(Runtime.java:106)
	at cucumber.api.cli.Main.run(Main.java:35)
	at cucumber.api.cli.Main$run.call(Unknown Source)
	at com.kms.katalon.core.cucumber.keyword.CucumberBuiltinKeywords$_runFeatureFile_closure1.doCall(CucumberBuiltinKeywords.groovy:76)
	at com.kms.katalon.core.cucumber.keyword.CucumberBuiltinKeywords$_runFeatureFile_closure1.doCall(CucumberBuiltinKeywords.groovy)
	at com.kms.katalon.core.keyword.internal.KeywordMain.runKeyword(KeywordMain.groovy:68)
	at com.kms.katalon.core.keyword.internal.KeywordMain$runKeyword.call(Unknown Source)
	at com.kms.katalon.core.cucumber.keyword.CucumberBuiltinKeywords.runFeatureFile(CucumberBuiltinKeywords.groovy:46)
	at com.kms.katalon.core.cucumber.keyword.CucumberBuiltinKeywords$runFeatureFile$0.callStatic(Unknown Source)
	at com.kms.katalon.core.cucumber.keyword.CucumberBuiltinKeywords.runFeatureFile(CucumberBuiltinKeywords.groovy:169)
	at com.kms.katalon.core.cucumber.keyword.CucumberBuiltinKeywords$runFeatureFile.call(Unknown Source)
	at TC_Export_Data_Disbursement_Dashboard.run(TC_Export_Data_Disbursement_Dashboard:18)
	at com.kms.katalon.core.main.ScriptEngine.run(ScriptEngine.java:194)
	at com.kms.katalon.core.main.ScriptEngine.runScriptAsRawText(ScriptEngine.java:119)
	at com.kms.katalon.core.main.TestCaseExecutor.runScript(TestCaseExecutor.java:339)
	at com.kms.katalon.core.main.TestCaseExecutor.doExecute(TestCaseExecutor.java:330)
	at com.kms.katalon.core.main.TestCaseExecutor.processExecutionPhase(TestCaseExecutor.java:309)
	at com.kms.katalon.core.main.TestCaseExecutor.accessMainPhase(TestCaseExecutor.java:301)
	at com.kms.katalon.core.main.TestCaseExecutor.execute(TestCaseExecutor.java:235)
	at com.kms.katalon.core.main.TestSuiteExecutor.accessTestCaseMainPhase(TestSuiteExecutor.java:191)
	at com.kms.katalon.core.main.TestSuiteExecutor.accessTestSuiteMainPhase(TestSuiteExecutor.java:141)
	at com.kms.katalon.core.main.TestSuiteExecutor.execute(TestSuiteExecutor.java:90)
	at com.kms.katalon.core.main.TestCaseMain.startTestSuite(TestCaseMain.java:157)
	at com.kms.katalon.core.main.TestCaseMain$startTestSuite$0.call(Unknown Source)
	at TempTestSuite1611218215211.run(TempTestSuite1611218215211.groovy:39)
Caused by: org.openqa.selenium.UnhandledAlertException: unexpected alert open: <unknown>
  (Session info: headless chrome=87.0.4280.141): 
Build info: version: '3.141.59', revision: 'e82be7d358', time: '2018-11-14T08:25:53'
System info: host: 'M-Chaidir-Pratama.local', ip: 'fe80:0:0:0:14e4:ed6f:bc3b:fd01%en0', os.name: 'Mac OS X', os.arch: 'x86_64', os.version: '10.15', java.version: '1.8.0_181'
Driver info: com.kms.katalon.selenium.driver.CChromeDriver
Capabilities {acceptInsecureCerts: false, browserName: chrome, browserVersion: 87.0.4280.141, chrome: {chromedriverVersion: 87.0.4280.88 (89e2380a3e36c..., userDataDir: /var/folders/0s/4_d154xd6dq...}, goog:chromeOptions: {debuggerAddress: localhost:56684}, javascriptEnabled: true, networkConnectionEnabled: false, pageLoadStrategy: normal, platform: MAC, platformName: MAC, proxy: Proxy(), setWindowRect: true, strictFileInteractability: false, timeouts: {implicit: 0, pageLoad: 300000, script: 30000}, unhandledPromptBehavior: dismiss and notify, webauthn:virtualAuthenticators: true}
Session ID: 89f7eb0a3f85d17eeee10abf025a6e29
	at org.openqa.selenium.remote.http.W3CHttpResponseCodec.decode(W3CHttpResponseCodec.java:120)
	at org.openqa.selenium.remote.http.W3CHttpResponseCodec.decode(W3CHttpResponseCodec.java:49)
	at org.openqa.selenium.remote.HttpCommandExecutor.execute(HttpCommandExecutor.java:158)
	at org.openqa.selenium.remote.service.DriverCommandExecutor.execute(DriverCommandExecutor.java:83)
	at org.openqa.selenium.remote.RemoteWebDriver.execute(RemoteWebDriver.java:552)
	at com.kms.katalon.selenium.driver.CChromeDriver.execute(CChromeDriver.java:19)
	at org.openqa.selenium.remote.RemoteWebDriver.execute(RemoteWebDriver.java:609)
	at org.openqa.selenium.remote.RemoteWebDriver.getScreenshotAs(RemoteWebDriver.java:295)
	at org.openqa.selenium.support.events.EventFiringWebDriver.lambda$new$1(EventFiringWebDriver.java:105)
	at com.sun.proxy.$Proxy18.getScreenshotAs(Unknown Source)
	at org.openqa.selenium.support.events.EventFiringWebDriver.getScreenshotAs(EventFiringWebDriver.java:302)
	at com.kms.katalon.core.webui.util.FileUtil.takesScreenshot(FileUtil.java:32)
	at com.kms.katalon.core.webui.keyword.builtin.TakeScreenshotKeyword$_takeScreenshot_closure1.doCall(TakeScreenshotKeyword.groovy:89)
	at com.kms.katalon.core.webui.keyword.builtin.TakeScreenshotKeyword$_takeScreenshot_closure1.call(TakeScreenshotKeyword.groovy)
	at com.kms.katalon.core.webui.keyword.internal.WebUIKeywordMain.runKeyword(WebUIKeywordMain.groovy:20)
	at com.kms.katalon.core.webui.keyword.builtin.TakeScreenshotKeyword.takeScreenshot(TakeScreenshotKeyword.groovy:88)
	at com.kms.katalon.core.webui.keyword.builtin.TakeScreenshotKeyword.execute(TakeScreenshotKeyword.groovy:71)
	at com.kms.katalon.core.keyword.internal.KeywordExecutor.executeKeywordForPlatform(KeywordExecutor.groovy:73)
	at com.kms.katalon.core.webui.keyword.WebUiBuiltInKeywords.takeScreenshot(WebUiBuiltInKeywords.groovy:2907)
	at com.kms.katalon.core.webui.keyword.WebUiBuiltInKeywords$takeScreenshot$6.call(Unknown Source)
	at ist_real.Contract_Dispatcher.ClickButton(Contract_Dispatcher.groovy:637)
	at cucumber.runtime.Utils$1.call(Utils.java:26)
	at cucumber.runtime.Timeout.timeout(Timeout.java:16)
	at cucumber.runtime.Utils.invoke(Utils.java:20)
	at cucumber.runtime.java.JavaStepDefinition.execute(JavaStepDefinition.java:48)
	at cucumber.runtime.PickleStepDefinitionMatch.runStep(PickleStepDefinitionMatch.java:50)
	at cucumber.runner.TestStep.executeStep(TestStep.java:55)
	at cucumber.runner.TestStep.run(TestStep.java:42)
	at cucumber.runner.PickleStepTestStep.run(PickleStepTestStep.java:53)
	at cucumber.runner.TestCase.run(TestCase.java:47)
	at cucumber.runner.Runner.runPickle(Runner.java:44)
	at cucumber.runtime.Runtime.runFeature(Runtime.java:120)
	at cucumber.runtime.Runtime.run(Runtime.java:106)
	at cucumber.api.cli.Main.run(Main.java:35)
	at cucumber.api.cli.Main$run.call(Unknown Source)
	at com.kms.katalon.core.cucumber.keyword.CucumberBuiltinKeywords$_runFeatureFile_closure1.doCall(CucumberBuiltinKeywords.groovy:76)
	at com.kms.katalon.core.cucumber.keyword.CucumberBuiltinKeywords$_runFeatureFile_closure1.doCall(CucumberBuiltinKeywords.groovy)
	at com.kms.katalon.core.keyword.internal.KeywordMain.runKeyword(KeywordMain.groovy:68)
	at com.kms.katalon.core.keyword.internal.KeywordMain$runKeyword.call(Unknown Source)
	at com.kms.katalon.core.cucumber.keyword.CucumberBuiltinKeywords.runFeatureFile(CucumberBuiltinKeywords.groovy:46)
	at com.kms.katalon.core.cucumber.keyword.CucumberBuiltinKeywords$runFeatureFile$0.callStatic(Unknown Source)
	at com.kms.katalon.core.cucumber.keyword.CucumberBuiltinKeywords.runFeatureFile(CucumberBuiltinKeywords.groovy:169)
	at com.kms.katalon.core.cucumber.keyword.CucumberBuiltinKeywords$runFeatureFile.call(Unknown Source)
	at Script1611043030395.run(Script1611043030395.groovy:18)
	... 13 more
)

2021-01-21 15:41:22 - [MESSAGE][FAILED] - Click button "Export Data" FAILED.
Reason:
com.kms.katalon.core.exception.StepFailedException: Cannot take screenshot
	at com.kms.katalon.core.webui.keyword.internal.WebUIKeywordMain.stepFailed(WebUIKeywordMain.groovy:64)
	at com.kms.katalon.core.webui.keyword.internal.WebUIKeywordMain.runKeyword(WebUIKeywordMain.groovy:26)
	at com.kms.katalon.core.webui.keyword.builtin.TakeScreenshotKeyword.takeScreenshot(TakeScreenshotKeyword.groovy:88)
	at com.kms.katalon.core.webui.keyword.builtin.TakeScreenshotKeyword.execute(TakeScreenshotKeyword.groovy:71)
	at com.kms.katalon.core.keyword.internal.KeywordExecutor.executeKeywordForPlatform(KeywordExecutor.groovy:73)
	at com.kms.katalon.core.webui.keyword.WebUiBuiltInKeywords.takeScreenshot(WebUiBuiltInKeywords.groovy:2907)
	at com.kms.katalon.core.webui.keyword.WebUiBuiltInKeywords$takeScreenshot$6.call(Unknown Source)
	at ist_real.Contract_Dispatcher.ClickButton(Contract_Dispatcher.groovy:637)
	at ✽.Click button "Export Data"(/Users/chaidir.pratama01/Katalon Studio/IST_Automation_Git/Include/features/IST_Real/RTD/Disbursement_Dashboard/Export_Data_Disbursement_Dashboard.feature:35)
Caused by: org.openqa.selenium.UnhandledAlertException: unexpected alert open: <unknown>
  (Session info: headless chrome=87.0.4280.141): 
Build info: version: '3.141.59', revision: 'e82be7d358', time: '2018-11-14T08:25:53'
System info: host: 'M-Chaidir-Pratama.local', ip: 'fe80:0:0:0:14e4:ed6f:bc3b:fd01%en0', os.name: 'Mac OS X', os.arch: 'x86_64', os.version: '10.15', java.version: '1.8.0_181'
Driver info: com.kms.katalon.selenium.driver.CChromeDriver
Capabilities {acceptInsecureCerts: false, browserName: chrome, browserVersion: 87.0.4280.141, chrome: {chromedriverVersion: 87.0.4280.88 (89e2380a3e36c..., userDataDir: /var/folders/0s/4_d154xd6dq...}, goog:chromeOptions: {debuggerAddress: localhost:56684}, javascriptEnabled: true, networkConnectionEnabled: false, pageLoadStrategy: normal, platform: MAC, platformName: MAC, proxy: Proxy(), setWindowRect: true, strictFileInteractability: false, timeouts: {implicit: 0, pageLoad: 300000, script: 30000}, unhandledPromptBehavior: dismiss and notify, webauthn:virtualAuthenticators: true}
Session ID: 89f7eb0a3f85d17eeee10abf025a6e29
	at org.openqa.selenium.remote.http.W3CHttpResponseCodec.decode(W3CHttpResponseCodec.java:120)
	at org.openqa.selenium.remote.http.W3CHttpResponseCodec.decode(W3CHttpResponseCodec.java:49)
	at org.openqa.selenium.remote.HttpCommandExecutor.execute(HttpCommandExecutor.java:158)
	at org.openqa.selenium.remote.service.DriverCommandExecutor.execute(DriverCommandExecutor.java:83)
	at org.openqa.selenium.remote.RemoteWebDriver.execute(RemoteWebDriver.java:552)
	at com.kms.katalon.selenium.driver.CChromeDriver.execute(CChromeDriver.java:19)
	at org.openqa.selenium.remote.RemoteWebDriver.execute(RemoteWebDriver.java:609)
	at org.openqa.selenium.remote.RemoteWebDriver.getScreenshotAs(RemoteWebDriver.java:295)
	at org.openqa.selenium.support.events.EventFiringWebDriver.lambda$new$1(EventFiringWebDriver.java:105)
	at com.sun.proxy.$Proxy18.getScreenshotAs(Unknown Source)
	at org.openqa.selenium.support.events.EventFiringWebDriver.getScreenshotAs(EventFiringWebDriver.java:302)
	at com.kms.katalon.core.webui.util.FileUtil.takesScreenshot(FileUtil.java:32)
	at com.kms.katalon.core.webui.keyword.builtin.TakeScreenshotKeyword$_takeScreenshot_closure1.doCall(TakeScreenshotKeyword.groovy:89)
	at com.kms.katalon.core.webui.keyword.builtin.TakeScreenshotKeyword$_takeScreenshot_closure1.call(TakeScreenshotKeyword.groovy)
	at com.kms.katalon.core.webui.keyword.internal.WebUIKeywordMain.runKeyword(WebUIKeywordMain.groovy:20)
	at com.kms.katalon.core.webui.keyword.builtin.TakeScreenshotKeyword.takeScreenshot(TakeScreenshotKeyword.groovy:88)
	at com.kms.katalon.core.webui.keyword.builtin.TakeScreenshotKeyword.execute(TakeScreenshotKeyword.groovy:71)
	at com.kms.katalon.core.keyword.internal.KeywordExecutor.executeKeywordForPlatform(KeywordExecutor.groovy:73)
	at com.kms.katalon.core.webui.keyword.WebUiBuiltInKeywords.takeScreenshot(WebUiBuiltInKeywords.groovy:2907)
	at com.kms.katalon.core.webui.keyword.WebUiBuiltInKeywords$takeScreenshot$6.call(Unknown Source)
	at ist_real.Contract_Dispatcher.ClickButton(Contract_Dispatcher.groovy:637)
	at cucumber.runtime.Utils$1.call(Utils.java:26)
	at cucumber.runtime.Timeout.timeout(Timeout.java:16)
	at cucumber.runtime.Utils.invoke(Utils.java:20)
	at cucumber.runtime.java.JavaStepDefinition.execute(JavaStepDefinition.java:48)
	at cucumber.runtime.PickleStepDefinitionMatch.runStep(PickleStepDefinitionMatch.java:50)
	at cucumber.runner.TestStep.executeStep(TestStep.java:55)
	at cucumber.runner.TestStep.run(TestStep.java:42)
	at cucumber.runner.PickleStepTestStep.run(PickleStepTestStep.java:53)
	at cucumber.runner.TestCase.run(TestCase.java:47)
	at cucumber.runner.Runner.runPickle(Runner.java:44)
	at cucumber.runtime.Runtime.runFeature(Runtime.java:120)
	at cucumber.runtime.Runtime.run(Runtime.java:106)
	at cucumber.api.cli.Main.run(Main.java:35)
	at cucumber.api.cli.Main$run.call(Unknown Source)
	at com.kms.katalon.core.cucumber.keyword.CucumberBuiltinKeywords$_runFeatureFile_closure1.doCall(CucumberBuiltinKeywords.groovy:76)
	at com.kms.katalon.core.cucumber.keyword.CucumberBuiltinKeywords$_runFeatureFile_closure1.doCall(CucumberBuiltinKeywords.groovy)
	at com.kms.katalon.core.keyword.internal.KeywordMain.runKeyword(KeywordMain.groovy:68)
	at com.kms.katalon.core.keyword.internal.KeywordMain$runKeyword.call(Unknown Source)
	at com.kms.katalon.core.cucumber.keyword.CucumberBuiltinKeywords.runFeatureFile(CucumberBuiltinKeywords.groovy:46)
	at com.kms.katalon.core.cucumber.keyword.CucumberBuiltinKeywords$runFeatureFile$0.callStatic(Unknown Source)
	at com.kms.katalon.core.cucumber.keyword.CucumberBuiltinKeywords.runFeatureFile(CucumberBuiltinKeywords.groovy:169)
	at com.kms.katalon.core.cucumber.keyword.CucumberBuiltinKeywords$runFeatureFile.call(Unknown Source)
	at TC_Export_Data_Disbursement_Dashboard.run(TC_Export_Data_Disbursement_Dashboard:18)
	at com.kms.katalon.core.main.ScriptEngine.run(ScriptEngine.java:194)
	at com.kms.katalon.core.main.ScriptEngine.runScriptAsRawText(ScriptEngine.java:119)
	at com.kms.katalon.core.main.TestCaseExecutor.runScript(TestCaseExecutor.java:339)
	at com.kms.katalon.core.main.TestCaseExecutor.doExecute(TestCaseExecutor.java:330)
	at com.kms.katalon.core.main.TestCaseExecutor.processExecutionPhase(TestCaseExecutor.java:309)
	at com.kms.katalon.core.main.TestCaseExecutor.accessMainPhase(TestCaseExecutor.java:301)
	at com.kms.katalon.core.main.TestCaseExecutor.execute(TestCaseExecutor.java:235)
	at com.kms.katalon.core.main.TestSuiteExecutor.accessTestCaseMainPhase(TestSuiteExecutor.java:191)
	at com.kms.katalon.core.main.TestSuiteExecutor.accessTestSuiteMainPhase(TestSuiteExecutor.java:141)
	at com.kms.katalon.core.main.TestSuiteExecutor.execute(TestSuiteExecutor.java:90)
	at com.kms.katalon.core.main.TestCaseMain.startTestSuite(TestCaseMain.java:157)
	at com.kms.katalon.core.main.TestCaseMain$startTestSuite$0.call(Unknown Source)
	at TempTestSuite1611218215211.run(TempTestSuite1611218215211.groovy:39)


2021-01-21 15:41:22 - [MESSAGE][FAILED] - Feature file 'Include/features/IST_Real/RTD/Disbursement_Dashboard/Export_Data_Disbursement_Dashboard.feature' was failed

2021-01-21 15:41:22 - [MESSAGE][FAILED] - Keyword runFeatureFile was failed (Root cause: com.kms.katalon.core.exception.StepFailedException: Feature file 'Include/features/IST_Real/RTD/Disbursement_Dashboard/Export_Data_Disbursement_Dashboard.feature' was failed
	at com.kms.katalon.core.keyword.internal.KeywordMain.stepFailed(KeywordMain.groovy:50)
	at com.kms.katalon.core.keyword.internal.KeywordMain.stepFailed(KeywordMain.groovy)
	at com.kms.katalon.core.keyword.internal.KeywordMain.stepFailed(KeywordMain.groovy:23)
	at com.kms.katalon.core.keyword.internal.KeywordMain$stepFailed$0.call(Unknown Source)
	at com.kms.katalon.core.cucumber.keyword.CucumberBuiltinKeywords$_runFeatureFile_closure1.doCall(CucumberBuiltinKeywords.groovy:82)
	at com.kms.katalon.core.cucumber.keyword.CucumberBuiltinKeywords$_runFeatureFile_closure1.doCall(CucumberBuiltinKeywords.groovy)
	at com.kms.katalon.core.keyword.internal.KeywordMain.runKeyword(KeywordMain.groovy:68)
	at com.kms.katalon.core.keyword.internal.KeywordMain$runKeyword.call(Unknown Source)
	at com.kms.katalon.core.cucumber.keyword.CucumberBuiltinKeywords.runFeatureFile(CucumberBuiltinKeywords.groovy:46)
	at com.kms.katalon.core.cucumber.keyword.CucumberBuiltinKeywords$runFeatureFile$0.callStatic(Unknown Source)
	at com.kms.katalon.core.cucumber.keyword.CucumberBuiltinKeywords.runFeatureFile(CucumberBuiltinKeywords.groovy:169)
	at com.kms.katalon.core.cucumber.keyword.CucumberBuiltinKeywords$runFeatureFile.call(Unknown Source)
	at TC_Export_Data_Disbursement_Dashboard.run(TC_Export_Data_Disbursement_Dashboard:18)
	at com.kms.katalon.core.main.ScriptEngine.run(ScriptEngine.java:194)
	at com.kms.katalon.core.main.ScriptEngine.runScriptAsRawText(ScriptEngine.java:119)
	at com.kms.katalon.core.main.TestCaseExecutor.runScript(TestCaseExecutor.java:339)
	at com.kms.katalon.core.main.TestCaseExecutor.doExecute(TestCaseExecutor.java:330)
	at com.kms.katalon.core.main.TestCaseExecutor.processExecutionPhase(TestCaseExecutor.java:309)
	at com.kms.katalon.core.main.TestCaseExecutor.accessMainPhase(TestCaseExecutor.java:301)
	at com.kms.katalon.core.main.TestCaseExecutor.execute(TestCaseExecutor.java:235)
	at com.kms.katalon.core.main.TestSuiteExecutor.accessTestCaseMainPhase(TestSuiteExecutor.java:191)
	at com.kms.katalon.core.main.TestSuiteExecutor.accessTestSuiteMainPhase(TestSuiteExecutor.java:141)
	at com.kms.katalon.core.main.TestSuiteExecutor.execute(TestSuiteExecutor.java:90)
	at com.kms.katalon.core.main.TestCaseMain.startTestSuite(TestCaseMain.java:157)
	at com.kms.katalon.core.main.TestCaseMain$startTestSuite$0.call(Unknown Source)
	at TempTestSuite1611218215211.run(TempTestSuite1611218215211.groovy:39)
)]]></system-out>
         <system-err><![CDATA[2021-01-21 15:41:12 - [TEST_CASE][FAILED] - Test Cases/RTD/Disbursement Dashboard/TC_Export_Data_Disbursement_Dashboard: Test Cases/RTD/Disbursement Dashboard/TC_Export_Data_Disbursement_Dashboard FAILED.
Reason:
com.kms.katalon.core.exception.StepFailedException: Feature file 'Include/features/IST_Real/RTD/Disbursement_Dashboard/Export_Data_Disbursement_Dashboard.feature' was failed
	at com.kms.katalon.core.keyword.internal.KeywordMain.stepFailed(KeywordMain.groovy:50)
	at com.kms.katalon.core.keyword.internal.KeywordMain.stepFailed(KeywordMain.groovy)
	at com.kms.katalon.core.keyword.internal.KeywordMain.stepFailed(KeywordMain.groovy:23)
	at com.kms.katalon.core.keyword.internal.KeywordMain$stepFailed$0.call(Unknown Source)
	at com.kms.katalon.core.cucumber.keyword.CucumberBuiltinKeywords$_runFeatureFile_closure1.doCall(CucumberBuiltinKeywords.groovy:82)
	at com.kms.katalon.core.cucumber.keyword.CucumberBuiltinKeywords$_runFeatureFile_closure1.doCall(CucumberBuiltinKeywords.groovy)
	at com.kms.katalon.core.keyword.internal.KeywordMain.runKeyword(KeywordMain.groovy:68)
	at com.kms.katalon.core.keyword.internal.KeywordMain$runKeyword.call(Unknown Source)
	at com.kms.katalon.core.cucumber.keyword.CucumberBuiltinKeywords.runFeatureFile(CucumberBuiltinKeywords.groovy:46)
	at com.kms.katalon.core.cucumber.keyword.CucumberBuiltinKeywords$runFeatureFile$0.callStatic(Unknown Source)
	at com.kms.katalon.core.cucumber.keyword.CucumberBuiltinKeywords.runFeatureFile(CucumberBuiltinKeywords.groovy:169)
	at com.kms.katalon.core.cucumber.keyword.CucumberBuiltinKeywords$runFeatureFile.call(Unknown Source)
	at TC_Export_Data_Disbursement_Dashboard.run(TC_Export_Data_Disbursement_Dashboard:18)
	at com.kms.katalon.core.main.ScriptEngine.run(ScriptEngine.java:194)
	at com.kms.katalon.core.main.ScriptEngine.runScriptAsRawText(ScriptEngine.java:119)
	at com.kms.katalon.core.main.TestCaseExecutor.runScript(TestCaseExecutor.java:339)
	at com.kms.katalon.core.main.TestCaseExecutor.doExecute(TestCaseExecutor.java:330)
	at com.kms.katalon.core.main.TestCaseExecutor.processExecutionPhase(TestCaseExecutor.java:309)
	at com.kms.katalon.core.main.TestCaseExecutor.accessMainPhase(TestCaseExecutor.java:301)
	at com.kms.katalon.core.main.TestCaseExecutor.execute(TestCaseExecutor.java:235)
	at com.kms.katalon.core.main.TestSuiteExecutor.accessTestCaseMainPhase(TestSuiteExecutor.java:191)
	at com.kms.katalon.core.main.TestSuiteExecutor.accessTestSuiteMainPhase(TestSuiteExecutor.java:141)
	at com.kms.katalon.core.main.TestSuiteExecutor.execute(TestSuiteExecutor.java:90)
	at com.kms.katalon.core.main.TestCaseMain.startTestSuite(TestCaseMain.java:157)
	at com.kms.katalon.core.main.TestCaseMain$startTestSuite$0.call(Unknown Source)
	at TempTestSuite1611218215211.run(TempTestSuite1611218215211.groovy:39)]]></system-err>
      </testcase>
      <system-out><![CDATA[2021-01-21 15:37:09 - [TEST_SUITE][FAILED] - TS_Disbursement_Dashboard: Test Cases/RTD/Disbursement Dashboard/TC_Export_Data_Disbursement_Dashboard FAILED.
Reason:
com.kms.katalon.core.exception.StepFailedException: Feature file 'Include/features/IST_Real/RTD/Disbursement_Dashboard/Export_Data_Disbursement_Dashboard.feature' was failed
	at com.kms.katalon.core.keyword.internal.KeywordMain.stepFailed(KeywordMain.groovy:50)
	at com.kms.katalon.core.keyword.internal.KeywordMain.stepFailed(KeywordMain.groovy)
	at com.kms.katalon.core.keyword.internal.KeywordMain.stepFailed(KeywordMain.groovy:23)
	at com.kms.katalon.core.keyword.internal.KeywordMain$stepFailed$0.call(Unknown Source)
	at com.kms.katalon.core.cucumber.keyword.CucumberBuiltinKeywords$_runFeatureFile_closure1.doCall(CucumberBuiltinKeywords.groovy:82)
	at com.kms.katalon.core.cucumber.keyword.CucumberBuiltinKeywords$_runFeatureFile_closure1.doCall(CucumberBuiltinKeywords.groovy)
	at com.kms.katalon.core.keyword.internal.KeywordMain.runKeyword(KeywordMain.groovy:68)
	at com.kms.katalon.core.keyword.internal.KeywordMain$runKeyword.call(Unknown Source)
	at com.kms.katalon.core.cucumber.keyword.CucumberBuiltinKeywords.runFeatureFile(CucumberBuiltinKeywords.groovy:46)
	at com.kms.katalon.core.cucumber.keyword.CucumberBuiltinKeywords$runFeatureFile$0.callStatic(Unknown Source)
	at com.kms.katalon.core.cucumber.keyword.CucumberBuiltinKeywords.runFeatureFile(CucumberBuiltinKeywords.groovy:169)
	at com.kms.katalon.core.cucumber.keyword.CucumberBuiltinKeywords$runFeatureFile.call(Unknown Source)
	at TC_Export_Data_Disbursement_Dashboard.run(TC_Export_Data_Disbursement_Dashboard:18)
	at com.kms.katalon.core.main.ScriptEngine.run(ScriptEngine.java:194)
	at com.kms.katalon.core.main.ScriptEngine.runScriptAsRawText(ScriptEngine.java:119)
	at com.kms.katalon.core.main.TestCaseExecutor.runScript(TestCaseExecutor.java:339)
	at com.kms.katalon.core.main.TestCaseExecutor.doExecute(TestCaseExecutor.java:330)
	at com.kms.katalon.core.main.TestCaseExecutor.processExecutionPhase(TestCaseExecutor.java:309)
	at com.kms.katalon.core.main.TestCaseExecutor.accessMainPhase(TestCaseExecutor.java:301)
	at com.kms.katalon.core.main.TestCaseExecutor.execute(TestCaseExecutor.java:235)
	at com.kms.katalon.core.main.TestSuiteExecutor.accessTestCaseMainPhase(TestSuiteExecutor.java:191)
	at com.kms.katalon.core.main.TestSuiteExecutor.accessTestSuiteMainPhase(TestSuiteExecutor.java:141)
	at com.kms.katalon.core.main.TestSuiteExecutor.execute(TestSuiteExecutor.java:90)
	at com.kms.katalon.core.main.TestCaseMain.startTestSuite(TestCaseMain.java:157)
	at com.kms.katalon.core.main.TestCaseMain$startTestSuite$0.call(Unknown Source)
	at TempTestSuite1611218215211.run(TempTestSuite1611218215211.groovy:39)]]></system-out>
      <system-err><![CDATA[2021-01-21 15:37:09 - [TEST_SUITE][FAILED] - TS_Disbursement_Dashboard: Test Cases/RTD/Disbursement Dashboard/TC_Export_Data_Disbursement_Dashboard FAILED.
Reason:
com.kms.katalon.core.exception.StepFailedException: Feature file 'Include/features/IST_Real/RTD/Disbursement_Dashboard/Export_Data_Disbursement_Dashboard.feature' was failed
	at com.kms.katalon.core.keyword.internal.KeywordMain.stepFailed(KeywordMain.groovy:50)
	at com.kms.katalon.core.keyword.internal.KeywordMain.stepFailed(KeywordMain.groovy)
	at com.kms.katalon.core.keyword.internal.KeywordMain.stepFailed(KeywordMain.groovy:23)
	at com.kms.katalon.core.keyword.internal.KeywordMain$stepFailed$0.call(Unknown Source)
	at com.kms.katalon.core.cucumber.keyword.CucumberBuiltinKeywords$_runFeatureFile_closure1.doCall(CucumberBuiltinKeywords.groovy:82)
	at com.kms.katalon.core.cucumber.keyword.CucumberBuiltinKeywords$_runFeatureFile_closure1.doCall(CucumberBuiltinKeywords.groovy)
	at com.kms.katalon.core.keyword.internal.KeywordMain.runKeyword(KeywordMain.groovy:68)
	at com.kms.katalon.core.keyword.internal.KeywordMain$runKeyword.call(Unknown Source)
	at com.kms.katalon.core.cucumber.keyword.CucumberBuiltinKeywords.runFeatureFile(CucumberBuiltinKeywords.groovy:46)
	at com.kms.katalon.core.cucumber.keyword.CucumberBuiltinKeywords$runFeatureFile$0.callStatic(Unknown Source)
	at com.kms.katalon.core.cucumber.keyword.CucumberBuiltinKeywords.runFeatureFile(CucumberBuiltinKeywords.groovy:169)
	at com.kms.katalon.core.cucumber.keyword.CucumberBuiltinKeywords$runFeatureFile.call(Unknown Source)
	at TC_Export_Data_Disbursement_Dashboard.run(TC_Export_Data_Disbursement_Dashboard:18)
	at com.kms.katalon.core.main.ScriptEngine.run(ScriptEngine.java:194)
	at com.kms.katalon.core.main.ScriptEngine.runScriptAsRawText(ScriptEngine.java:119)
	at com.kms.katalon.core.main.TestCaseExecutor.runScript(TestCaseExecutor.java:339)
	at com.kms.katalon.core.main.TestCaseExecutor.doExecute(TestCaseExecutor.java:330)
	at com.kms.katalon.core.main.TestCaseExecutor.processExecutionPhase(TestCaseExecutor.java:309)
	at com.kms.katalon.core.main.TestCaseExecutor.accessMainPhase(TestCaseExecutor.java:301)
	at com.kms.katalon.core.main.TestCaseExecutor.execute(TestCaseExecutor.java:235)
	at com.kms.katalon.core.main.TestSuiteExecutor.accessTestCaseMainPhase(TestSuiteExecutor.java:191)
	at com.kms.katalon.core.main.TestSuiteExecutor.accessTestSuiteMainPhase(TestSuiteExecutor.java:141)
	at com.kms.katalon.core.main.TestSuiteExecutor.execute(TestSuiteExecutor.java:90)
	at com.kms.katalon.core.main.TestCaseMain.startTestSuite(TestCaseMain.java:157)
	at com.kms.katalon.core.main.TestCaseMain$startTestSuite$0.call(Unknown Source)
	at TempTestSuite1611218215211.run(TempTestSuite1611218215211.groovy:39)]]></system-err>
   </testsuite>
</testsuites>
