<?xml version="1.0" encoding="UTF-8"?>
<testsuites name="TS_Dashboard_for_CCC_OCS" time="289.127" tests="4" failures="0" errors="0">
   <testsuite name="TS_Dashboard_for_CCC_OCS" tests="4" failures="0" errors="0" time="289.127" timestamp="2021-01-21 15:51:11" hostname="chaidir.pratama01 - 192.168.1.2" id="Test Suites/RTD/TS_Dashboard_for_CCC_OCS">
      <properties>
[...]
</properties>
      <testcase name="Test Cases/RTD/Dashboard for CCC OCS/TC_Search_by_Status" time="228.09" classname="Test Cases/RTD/Dashboard for CCC OCS/TC_Search_by_Status" status="PASSED">
         <system-out><![CDATA[2021-01-21 15:51:11 - [TEST_CASE][PASSED] - Test Cases/RTD/Dashboard for CCC OCS/TC_Search_by_Status: Test Cases/RTD/Dashboard for CCC OCS/TC_Search_by_Status

2021-01-21 15:51:11 - [TEST_STEP][PASSED] - runFeatureFile("Include/features/IST_Real/RTD/Dashboard_for_CCC_OCS/Search_by_STATUS_CCC_OCS.feature"): Feature file: 'Include/features/IST_Real/RTD/Dashboard_for_CCC_OCS/Search_by_STATUS_CCC_OCS.feature' was passed

2021-01-21 15:51:11 - [MESSAGE][INFO] - Starting run keyword runFeatureFile: 'Include/features/IST_Real/RTD/Dashboard_for_CCC_OCS/Search_by_STATUS_CCC_OCS.feature' and extract report to folder: '/Users/chaidir.pratama01/Katalon Studio/IST_Automation_Git/Reports/20210121_153655/RTD/TS_Dashboard_for_CCC_OCS/20210121_153658/cucumber_report/1611219071870'...

2021-01-21 15:51:12 - [TEST_CASE][PASSED] - Start Test Case : SCENARIO Search by STATUS Eligible to Disburse: SCENARIO Search by STATUS Eligible to Disburse

2021-01-21 15:51:12 - [TEST_STEP][PASSED] - Go to ISTools: Go to ISTools

2021-01-21 15:51:12 - [MESSAGE][INFO] - Starting 'Chrome (headless)' driver

2021-01-21 15:51:12 - [MESSAGE][INFO] - User set preference: ['args', '[--start-maximized, --disable-gpu, --no-proxy-server, –-no-sandbox, --allow-running-insecure-content, --ignore-certificate-errors, window-size=1680,814, force-device-scale-factor=2, --lang=en-GB]']

2021-01-21 15:51:12 - [MESSAGE][INFO] - User set preference: ['prefs', '{download.default_directory=/Users/chaidir.pratama01/Katalon Studio/IST_Automation_Git/Download}']

2021-01-21 15:51:12 - [MESSAGE][INFO] - Action delay is set to 0 milliseconds

2021-01-21 15:51:13 - [MESSAGE][PASSED] - Browser is opened with url: ''

2021-01-21 15:51:15 - [MESSAGE][PASSED] - Navigate to 'https://dev-istools.homecredit.id/foundation/' successfully

2021-01-21 15:51:15 - [MESSAGE][PASSED] - Go to ISTools

2021-01-21 15:51:15 - [TEST_STEP][PASSED] - Login IST with valid credentials: Login IST with valid credentials

2021-01-21 15:51:15 - [MESSAGE][PASSED] - Text 'mobile.test' is set on object 'Object Repository/Page_/input_Username_j_username'

2021-01-21 15:51:15 - [MESSAGE][PASSED] - Text ****** has been set on object 'Object Repository/Page_/input_Password_j_password'

2021-01-21 15:51:16 - [MESSAGE][PASSED] - Object: 'Object Repository/Page_/button_Login' is clicked on

2021-01-21 15:51:16 - [MESSAGE][PASSED] - Login IST with valid credentials

2021-01-21 15:51:16 - [TEST_STEP][PASSED] - Login Success: Login Success

2021-01-21 15:51:16 - [MESSAGE][INFO] - Login Success

2021-01-21 15:51:16 - [MESSAGE][PASSED] - Current window maximized

2021-01-21 15:51:16 - [MESSAGE][PASSED] - Object 'Object Repository/Page_/h1_Welcome to IT Supporting Tools' is present

2021-01-21 15:51:16 - [MESSAGE][PASSED] - Login Success

2021-01-21 15:51:16 - [TEST_STEP][PASSED] - Select Arrow Menu "Real Time Disbursement": Select Arrow Menu "Real Time Disbursement"

2021-01-21 15:51:16 - [MESSAGE][PASSED] - Object: '' is clicked on

2021-01-21 15:51:16 - [MESSAGE][PASSED] - Select Arrow Menu "Real Time Disbursement"

2021-01-21 15:51:16 - [TEST_STEP][PASSED] - Select Menu "Dashboard for CCC/OCS": Select Menu "Dashboard for CCC/OCS"

2021-01-21 15:51:16 - [MESSAGE][PASSED] - Taking screenshot successfully
[[ATTACHMENT|/Users/chaidir.pratama01/Documents/Docs/Katalon Studio/Screenshot/test-Dashboard for CCC/OCS.png]]

2021-01-21 15:51:16 - [MESSAGE][PASSED] - Object '' is present

2021-01-21 15:51:16 - [MESSAGE][PASSED] - Object: '' is clicked on

2021-01-21 15:51:16 - [MESSAGE][PASSED] - Wait for page load successfully

2021-01-21 15:51:16 - [MESSAGE][PASSED] - Select Menu "Dashboard for CCC/OCS"

2021-01-21 15:51:16 - [TEST_STEP][PASSED] - Select STATUS "Eligible to disburse": Select STATUS "Eligible to disburse"

2021-01-21 15:51:17 - [MESSAGE][PASSED] - All options with value 'Eligible to disburse' are selected in object ''  using regular expression

2021-01-21 15:51:17 - [MESSAGE][PASSED] - Select STATUS "Eligible to disburse"

2021-01-21 15:51:17 - [TEST_STEP][PASSED] - Click button "Search": Click button "Search"

2021-01-21 15:51:17 - [MESSAGE][INFO] - >>>>>//Button[contains(text(),'Search')]

2021-01-21 15:51:20 - [MESSAGE][PASSED] - Object '' is present

2021-01-21 15:51:20 - [MESSAGE][PASSED] - Object: '' is clicked on

2021-01-21 15:51:20 - [MESSAGE][PASSED] - Switched to window with index: '0'

2021-01-21 15:51:20 - [MESSAGE][PASSED] - Click button "Search"

2021-01-21 15:51:20 - [TEST_STEP][PASSED] - Verify Search Result Presents: Verify Search Result Presents

2021-01-21 15:51:20 - [MESSAGE][PASSED] - Object '' is present

2021-01-21 15:51:27 - [MESSAGE][PASSED] - Verify Search Result Presents

2021-01-21 15:51:27 - [TEST_STEP][PASSED] - Click button "Logout": Click button "Logout"

2021-01-21 15:51:27 - [MESSAGE][INFO] - >>>>>//Button[contains(text(),'Logout')]

2021-01-21 15:51:30 - [MESSAGE][PASSED] - Object '' is present

2021-01-21 15:51:30 - [MESSAGE][PASSED] - Object: '' is clicked on

2021-01-21 15:51:30 - [MESSAGE][PASSED] - Switched to window with index: '0'

2021-01-21 15:51:30 - [MESSAGE][PASSED] - Click button "Logout"

2021-01-21 15:51:30 - [TEST_STEP][PASSED] - Close browser: Close browser

2021-01-21 15:51:30 - [MESSAGE][PASSED] - Browser is closed

2021-01-21 15:51:30 - [MESSAGE][PASSED] - Close browser

2021-01-21 15:51:30 - [TEST_CASE][PASSED] - Start Test Case : SCENARIO Search by STATUS Waiting approval from Risk: SCENARIO Search by STATUS Waiting approval from Risk

2021-01-21 15:51:30 - [TEST_STEP][PASSED] - Go to ISTools: Go to ISTools

2021-01-21 15:51:30 - [MESSAGE][INFO] - Starting 'Chrome (headless)' driver

2021-01-21 15:51:30 - [MESSAGE][INFO] - User set preference: ['args', '[--start-maximized, --disable-gpu, --no-proxy-server, –-no-sandbox, --allow-running-insecure-content, --ignore-certificate-errors, window-size=1680,814, force-device-scale-factor=2, --lang=en-GB]']

2021-01-21 15:51:30 - [MESSAGE][INFO] - User set preference: ['prefs', '{download.default_directory=/Users/chaidir.pratama01/Katalon Studio/IST_Automation_Git/Download}']

2021-01-21 15:51:30 - [MESSAGE][INFO] - Action delay is set to 0 milliseconds

2021-01-21 15:51:31 - [MESSAGE][PASSED] - Browser is opened with url: ''

2021-01-21 15:51:32 - [MESSAGE][PASSED] - Navigate to 'https://dev-istools.homecredit.id/foundation/' successfully

2021-01-21 15:51:32 - [MESSAGE][PASSED] - Go to ISTools

2021-01-21 15:51:32 - [TEST_STEP][PASSED] - Login IST with valid credentials: Login IST with valid credentials

2021-01-21 15:51:32 - [MESSAGE][PASSED] - Text 'mobile.test' is set on object 'Object Repository/Page_/input_Username_j_username'

2021-01-21 15:51:32 - [MESSAGE][PASSED] - Text ****** has been set on object 'Object Repository/Page_/input_Password_j_password'

2021-01-21 15:51:32 - [MESSAGE][PASSED] - Object: 'Object Repository/Page_/button_Login' is clicked on

2021-01-21 15:51:32 - [MESSAGE][PASSED] - Login IST with valid credentials

2021-01-21 15:51:32 - [TEST_STEP][PASSED] - Login Success: Login Success

2021-01-21 15:51:32 - [MESSAGE][INFO] - Login Success

2021-01-21 15:51:32 - [MESSAGE][PASSED] - Current window maximized

2021-01-21 15:51:32 - [MESSAGE][PASSED] - Object 'Object Repository/Page_/h1_Welcome to IT Supporting Tools' is present

2021-01-21 15:51:32 - [MESSAGE][PASSED] - Login Success

2021-01-21 15:51:32 - [TEST_STEP][PASSED] - Select Arrow Menu "Real Time Disbursement": Select Arrow Menu "Real Time Disbursement"

2021-01-21 15:51:32 - [MESSAGE][PASSED] - Object: '' is clicked on

2021-01-21 15:51:32 - [MESSAGE][PASSED] - Select Arrow Menu "Real Time Disbursement"

2021-01-21 15:51:32 - [TEST_STEP][PASSED] - Select Menu "Dashboard for CCC/OCS": Select Menu "Dashboard for CCC/OCS"

2021-01-21 15:51:33 - [MESSAGE][PASSED] - Taking screenshot successfully
[[ATTACHMENT|/Users/chaidir.pratama01/Documents/Docs/Katalon Studio/Screenshot/test-Dashboard for CCC/OCS.png]]

2021-01-21 15:51:33 - [MESSAGE][PASSED] - Object '' is present

2021-01-21 15:51:33 - [MESSAGE][PASSED] - Object: '' is clicked on

2021-01-21 15:51:33 - [MESSAGE][PASSED] - Wait for page load successfully

2021-01-21 15:51:33 - [MESSAGE][PASSED] - Select Menu "Dashboard for CCC/OCS"

2021-01-21 15:51:33 - [TEST_STEP][PASSED] - Select STATUS "Waiting approval from Risk": Select STATUS "Waiting approval from Risk"

2021-01-21 15:51:33 - [MESSAGE][PASSED] - All options with value 'Waiting approval from Risk' are selected in object ''  using regular expression

2021-01-21 15:51:33 - [MESSAGE][PASSED] - Select STATUS "Waiting approval from Risk"

2021-01-21 15:51:33 - [TEST_STEP][PASSED] - Click button "Search": Click button "Search"

2021-01-21 15:51:33 - [MESSAGE][INFO] - >>>>>//Button[contains(text(),'Search')]

2021-01-21 15:51:36 - [MESSAGE][PASSED] - Object '' is present

2021-01-21 15:51:36 - [MESSAGE][PASSED] - Object: '' is clicked on

2021-01-21 15:51:36 - [MESSAGE][PASSED] - Switched to window with index: '0'

2021-01-21 15:51:36 - [MESSAGE][PASSED] - Click button "Search"

2021-01-21 15:51:36 - [TEST_STEP][PASSED] - Verify Search Result Presents: Verify Search Result Presents

2021-01-21 15:51:37 - [MESSAGE][PASSED] - Object '' is present

2021-01-21 15:51:39 - [MESSAGE][PASSED] - Verify Search Result Presents

2021-01-21 15:51:39 - [TEST_STEP][PASSED] - Click button "Logout": Click button "Logout"

2021-01-21 15:51:39 - [MESSAGE][INFO] - >>>>>//Button[contains(text(),'Logout')]

2021-01-21 15:51:42 - [MESSAGE][PASSED] - Object '' is present

2021-01-21 15:51:42 - [MESSAGE][PASSED] - Object: '' is clicked on

2021-01-21 15:51:42 - [MESSAGE][PASSED] - Switched to window with index: '0'

2021-01-21 15:51:42 - [MESSAGE][PASSED] - Click button "Logout"

2021-01-21 15:51:42 - [TEST_STEP][PASSED] - Close browser: Close browser

2021-01-21 15:51:42 - [MESSAGE][PASSED] - Browser is closed

2021-01-21 15:51:42 - [MESSAGE][PASSED] - Close browser

2021-01-21 15:51:42 - [TEST_CASE][PASSED] - Start Test Case : SCENARIO Search by STATUS Waiting for approval from In Payment: SCENARIO Search by STATUS Waiting for approval from In Payment

2021-01-21 15:51:42 - [TEST_STEP][PASSED] - Go to ISTools: Go to ISTools

2021-01-21 15:51:42 - [MESSAGE][INFO] - Starting 'Chrome (headless)' driver

2021-01-21 15:51:42 - [MESSAGE][INFO] - User set preference: ['args', '[--start-maximized, --disable-gpu, --no-proxy-server, –-no-sandbox, --allow-running-insecure-content, --ignore-certificate-errors, window-size=1680,814, force-device-scale-factor=2, --lang=en-GB]']

2021-01-21 15:51:42 - [MESSAGE][INFO] - User set preference: ['prefs', '{download.default_directory=/Users/chaidir.pratama01/Katalon Studio/IST_Automation_Git/Download}']

2021-01-21 15:51:42 - [MESSAGE][INFO] - Action delay is set to 0 milliseconds

2021-01-21 15:51:43 - [MESSAGE][PASSED] - Browser is opened with url: ''

2021-01-21 15:51:43 - [MESSAGE][PASSED] - Navigate to 'https://dev-istools.homecredit.id/foundation/' successfully

2021-01-21 15:51:43 - [MESSAGE][PASSED] - Go to ISTools

2021-01-21 15:51:43 - [TEST_STEP][PASSED] - Login IST with valid credentials: Login IST with valid credentials

2021-01-21 15:51:43 - [MESSAGE][PASSED] - Text 'mobile.test' is set on object 'Object Repository/Page_/input_Username_j_username'

2021-01-21 15:51:44 - [MESSAGE][PASSED] - Text ****** has been set on object 'Object Repository/Page_/input_Password_j_password'

2021-01-21 15:51:44 - [MESSAGE][PASSED] - Object: 'Object Repository/Page_/button_Login' is clicked on

2021-01-21 15:51:44 - [MESSAGE][PASSED] - Login IST with valid credentials

2021-01-21 15:51:44 - [TEST_STEP][PASSED] - Login Success: Login Success

2021-01-21 15:51:44 - [MESSAGE][INFO] - Login Success

2021-01-21 15:51:44 - [MESSAGE][PASSED] - Current window maximized

2021-01-21 15:51:44 - [MESSAGE][PASSED] - Object 'Object Repository/Page_/h1_Welcome to IT Supporting Tools' is present

2021-01-21 15:51:44 - [MESSAGE][PASSED] - Login Success

2021-01-21 15:51:44 - [TEST_STEP][PASSED] - Select Arrow Menu "Real Time Disbursement": Select Arrow Menu "Real Time Disbursement"

2021-01-21 15:51:44 - [MESSAGE][PASSED] - Object: '' is clicked on

2021-01-21 15:51:44 - [MESSAGE][PASSED] - Select Arrow Menu "Real Time Disbursement"

2021-01-21 15:51:44 - [TEST_STEP][PASSED] - Select Menu "Dashboard for CCC/OCS": Select Menu "Dashboard for CCC/OCS"

2021-01-21 15:51:45 - [MESSAGE][PASSED] - Taking screenshot successfully
[[ATTACHMENT|/Users/chaidir.pratama01/Documents/Docs/Katalon Studio/Screenshot/test-Dashboard for CCC/OCS.png]]

2021-01-21 15:51:45 - [MESSAGE][PASSED] - Object '' is present

2021-01-21 15:51:45 - [MESSAGE][PASSED] - Object: '' is clicked on

2021-01-21 15:51:45 - [MESSAGE][PASSED] - Wait for page load successfully

2021-01-21 15:51:45 - [MESSAGE][PASSED] - Select Menu "Dashboard for CCC/OCS"

2021-01-21 15:51:45 - [TEST_STEP][PASSED] - Select STATUS "Waiting for approval from In Payment": Select STATUS "Waiting for approval from In Payment"

2021-01-21 15:51:45 - [MESSAGE][PASSED] - All options with value 'Waiting for approval from In Payment' are selected in object ''  using regular expression

2021-01-21 15:51:45 - [MESSAGE][PASSED] - Select STATUS "Waiting for approval from In Payment"

2021-01-21 15:51:45 - [TEST_STEP][PASSED] - Click button "Search": Click button "Search"

2021-01-21 15:51:45 - [MESSAGE][INFO] - >>>>>//Button[contains(text(),'Search')]

2021-01-21 15:51:48 - [MESSAGE][PASSED] - Object '' is present

2021-01-21 15:51:48 - [MESSAGE][PASSED] - Object: '' is clicked on

2021-01-21 15:51:48 - [MESSAGE][PASSED] - Switched to window with index: '0'

2021-01-21 15:51:48 - [MESSAGE][PASSED] - Click button "Search"

2021-01-21 15:51:48 - [TEST_STEP][PASSED] - Verify Search Result Presents: Verify Search Result Presents

2021-01-21 15:51:48 - [MESSAGE][PASSED] - Object '' is present

2021-01-21 15:51:49 - [MESSAGE][PASSED] - Verify Search Result Presents

2021-01-21 15:51:49 - [TEST_STEP][PASSED] - Click button "Logout": Click button "Logout"

2021-01-21 15:51:49 - [MESSAGE][INFO] - >>>>>//Button[contains(text(),'Logout')]

2021-01-21 15:51:52 - [MESSAGE][PASSED] - Object '' is present

2021-01-21 15:51:52 - [MESSAGE][PASSED] - Object: '' is clicked on

2021-01-21 15:51:52 - [MESSAGE][PASSED] - Switched to window with index: '0'

2021-01-21 15:51:52 - [MESSAGE][PASSED] - Click button "Logout"

2021-01-21 15:51:52 - [TEST_STEP][PASSED] - Close browser: Close browser

2021-01-21 15:51:52 - [MESSAGE][PASSED] - Browser is closed

2021-01-21 15:51:52 - [MESSAGE][PASSED] - Close browser

2021-01-21 15:51:52 - [TEST_CASE][PASSED] - Start Test Case : SCENARIO Search by STATUS Not eligible to disburse: SCENARIO Search by STATUS Not eligible to disburse

2021-01-21 15:51:52 - [TEST_STEP][PASSED] - Go to ISTools: Go to ISTools

2021-01-21 15:51:52 - [MESSAGE][INFO] - Starting 'Chrome (headless)' driver

2021-01-21 15:51:52 - [MESSAGE][INFO] - User set preference: ['args', '[--start-maximized, --disable-gpu, --no-proxy-server, –-no-sandbox, --allow-running-insecure-content, --ignore-certificate-errors, window-size=1680,814, force-device-scale-factor=2, --lang=en-GB]']

2021-01-21 15:51:52 - [MESSAGE][INFO] - User set preference: ['prefs', '{download.default_directory=/Users/chaidir.pratama01/Katalon Studio/IST_Automation_Git/Download}']

2021-01-21 15:51:52 - [MESSAGE][INFO] - Action delay is set to 0 milliseconds

2021-01-21 15:51:53 - [MESSAGE][PASSED] - Browser is opened with url: ''

2021-01-21 15:51:53 - [MESSAGE][PASSED] - Navigate to 'https://dev-istools.homecredit.id/foundation/' successfully

2021-01-21 15:51:53 - [MESSAGE][PASSED] - Go to ISTools

2021-01-21 15:51:53 - [TEST_STEP][PASSED] - Login IST with valid credentials: Login IST with valid credentials

2021-01-21 15:51:54 - [MESSAGE][PASSED] - Text 'mobile.test' is set on object 'Object Repository/Page_/input_Username_j_username'

2021-01-21 15:51:54 - [MESSAGE][PASSED] - Text ****** has been set on object 'Object Repository/Page_/input_Password_j_password'

2021-01-21 15:51:54 - [MESSAGE][PASSED] - Object: 'Object Repository/Page_/button_Login' is clicked on

2021-01-21 15:51:54 - [MESSAGE][PASSED] - Login IST with valid credentials

2021-01-21 15:51:54 - [TEST_STEP][PASSED] - Login Success: Login Success

2021-01-21 15:51:54 - [MESSAGE][INFO] - Login Success

2021-01-21 15:51:54 - [MESSAGE][PASSED] - Current window maximized

2021-01-21 15:51:54 - [MESSAGE][PASSED] - Object 'Object Repository/Page_/h1_Welcome to IT Supporting Tools' is present

2021-01-21 15:51:54 - [MESSAGE][PASSED] - Login Success

2021-01-21 15:51:54 - [TEST_STEP][PASSED] - Select Arrow Menu "Real Time Disbursement": Select Arrow Menu "Real Time Disbursement"

2021-01-21 15:51:54 - [MESSAGE][PASSED] - Object: '' is clicked on

2021-01-21 15:51:54 - [MESSAGE][PASSED] - Select Arrow Menu "Real Time Disbursement"

2021-01-21 15:51:54 - [TEST_STEP][PASSED] - Select Menu "Dashboard for CCC/OCS": Select Menu "Dashboard for CCC/OCS"

2021-01-21 15:51:55 - [MESSAGE][PASSED] - Taking screenshot successfully
[[ATTACHMENT|/Users/chaidir.pratama01/Documents/Docs/Katalon Studio/Screenshot/test-Dashboard for CCC/OCS.png]]

2021-01-21 15:51:55 - [MESSAGE][PASSED] - Object '' is present

2021-01-21 15:51:55 - [MESSAGE][PASSED] - Object: '' is clicked on

2021-01-21 15:51:55 - [MESSAGE][PASSED] - Wait for page load successfully

2021-01-21 15:51:55 - [MESSAGE][PASSED] - Select Menu "Dashboard for CCC/OCS"

2021-01-21 15:51:55 - [TEST_STEP][PASSED] - Select STATUS "Not eligible to disburse": Select STATUS "Not eligible to disburse"

2021-01-21 15:51:55 - [MESSAGE][PASSED] - All options with value 'Not eligible to disburse' are selected in object ''  using regular expression

2021-01-21 15:51:55 - [MESSAGE][PASSED] - Select STATUS "Not eligible to disburse"

2021-01-21 15:51:55 - [TEST_STEP][PASSED] - Click button "Search": Click button "Search"

2021-01-21 15:51:55 - [MESSAGE][INFO] - >>>>>//Button[contains(text(),'Search')]

2021-01-21 15:51:59 - [MESSAGE][PASSED] - Object '' is present

2021-01-21 15:51:59 - [MESSAGE][PASSED] - Object: '' is clicked on

2021-01-21 15:51:59 - [MESSAGE][PASSED] - Switched to window with index: '0'

2021-01-21 15:51:59 - [MESSAGE][PASSED] - Click button "Search"

2021-01-21 15:51:59 - [TEST_STEP][PASSED] - Verify Search Result Presents: Verify Search Result Presents

2021-01-21 15:52:00 - [MESSAGE][PASSED] - Object '' is present

2021-01-21 15:52:06 - [MESSAGE][PASSED] - Verify Search Result Presents

2021-01-21 15:52:06 - [TEST_STEP][PASSED] - Click button "Logout": Click button "Logout"

2021-01-21 15:52:06 - [MESSAGE][INFO] - >>>>>//Button[contains(text(),'Logout')]

2021-01-21 15:52:09 - [MESSAGE][PASSED] - Object '' is present

2021-01-21 15:52:09 - [MESSAGE][PASSED] - Object: '' is clicked on

2021-01-21 15:52:09 - [MESSAGE][PASSED] - Switched to window with index: '0'

2021-01-21 15:52:09 - [MESSAGE][PASSED] - Click button "Logout"

2021-01-21 15:52:09 - [TEST_STEP][PASSED] - Close browser: Close browser

2021-01-21 15:52:10 - [MESSAGE][PASSED] - Browser is closed

2021-01-21 15:52:10 - [MESSAGE][PASSED] - Close browser

2021-01-21 15:52:10 - [TEST_CASE][PASSED] - Start Test Case : SCENARIO Search by STATUS Ready to disburse: SCENARIO Search by STATUS Ready to disburse

2021-01-21 15:52:10 - [TEST_STEP][PASSED] - Go to ISTools: Go to ISTools

2021-01-21 15:52:10 - [MESSAGE][INFO] - Starting 'Chrome (headless)' driver

2021-01-21 15:52:10 - [MESSAGE][INFO] - User set preference: ['args', '[--start-maximized, --disable-gpu, --no-proxy-server, –-no-sandbox, --allow-running-insecure-content, --ignore-certificate-errors, window-size=1680,814, force-device-scale-factor=2, --lang=en-GB]']

2021-01-21 15:52:10 - [MESSAGE][INFO] - User set preference: ['prefs', '{download.default_directory=/Users/chaidir.pratama01/Katalon Studio/IST_Automation_Git/Download}']

2021-01-21 15:52:10 - [MESSAGE][INFO] - Action delay is set to 0 milliseconds

2021-01-21 15:52:10 - [MESSAGE][PASSED] - Browser is opened with url: ''

2021-01-21 15:52:11 - [MESSAGE][PASSED] - Navigate to 'https://dev-istools.homecredit.id/foundation/' successfully

2021-01-21 15:52:11 - [MESSAGE][PASSED] - Go to ISTools

2021-01-21 15:52:11 - [TEST_STEP][PASSED] - Login IST with valid credentials: Login IST with valid credentials

2021-01-21 15:52:11 - [MESSAGE][PASSED] - Text 'mobile.test' is set on object 'Object Repository/Page_/input_Username_j_username'

2021-01-21 15:52:11 - [MESSAGE][PASSED] - Text ****** has been set on object 'Object Repository/Page_/input_Password_j_password'

2021-01-21 15:52:11 - [MESSAGE][PASSED] - Object: 'Object Repository/Page_/button_Login' is clicked on

2021-01-21 15:52:11 - [MESSAGE][PASSED] - Login IST with valid credentials

2021-01-21 15:52:11 - [TEST_STEP][PASSED] - Login Success: Login Success

2021-01-21 15:52:11 - [MESSAGE][INFO] - Login Success

2021-01-21 15:52:11 - [MESSAGE][PASSED] - Current window maximized

2021-01-21 15:52:11 - [MESSAGE][PASSED] - Object 'Object Repository/Page_/h1_Welcome to IT Supporting Tools' is present

2021-01-21 15:52:11 - [MESSAGE][PASSED] - Login Success

2021-01-21 15:52:11 - [TEST_STEP][PASSED] - Select Arrow Menu "Real Time Disbursement": Select Arrow Menu "Real Time Disbursement"

2021-01-21 15:52:11 - [MESSAGE][PASSED] - Object: '' is clicked on

2021-01-21 15:52:11 - [MESSAGE][PASSED] - Select Arrow Menu "Real Time Disbursement"

2021-01-21 15:52:11 - [TEST_STEP][PASSED] - Select Menu "Dashboard for CCC/OCS": Select Menu "Dashboard for CCC/OCS"

2021-01-21 15:52:12 - [MESSAGE][PASSED] - Taking screenshot successfully
[[ATTACHMENT|/Users/chaidir.pratama01/Documents/Docs/Katalon Studio/Screenshot/test-Dashboard for CCC/OCS.png]]

2021-01-21 15:52:12 - [MESSAGE][PASSED] - Object '' is present

2021-01-21 15:52:12 - [MESSAGE][PASSED] - Object: '' is clicked on

2021-01-21 15:52:12 - [MESSAGE][PASSED] - Wait for page load successfully

2021-01-21 15:52:12 - [MESSAGE][PASSED] - Select Menu "Dashboard for CCC/OCS"

2021-01-21 15:52:12 - [TEST_STEP][PASSED] - Select STATUS "Ready to disburse": Select STATUS "Ready to disburse"

2021-01-21 15:52:12 - [MESSAGE][PASSED] - All options with value 'Ready to disburse' are selected in object ''  using regular expression

2021-01-21 15:52:12 - [MESSAGE][PASSED] - Select STATUS "Ready to disburse"

2021-01-21 15:52:12 - [TEST_STEP][PASSED] - Click button "Search": Click button "Search"

2021-01-21 15:52:12 - [MESSAGE][INFO] - >>>>>//Button[contains(text(),'Search')]

2021-01-21 15:52:15 - [MESSAGE][PASSED] - Object '' is present

2021-01-21 15:52:16 - [MESSAGE][PASSED] - Object: '' is clicked on

2021-01-21 15:52:16 - [MESSAGE][PASSED] - Switched to window with index: '0'

2021-01-21 15:52:16 - [MESSAGE][PASSED] - Click button "Search"

2021-01-21 15:52:16 - [TEST_STEP][PASSED] - Verify Search Result Presents: Verify Search Result Presents

2021-01-21 15:52:16 - [MESSAGE][PASSED] - Object '' is present

2021-01-21 15:52:18 - [MESSAGE][PASSED] - Verify Search Result Presents

2021-01-21 15:52:18 - [TEST_STEP][PASSED] - Click button "Logout": Click button "Logout"

2021-01-21 15:52:18 - [MESSAGE][INFO] - >>>>>//Button[contains(text(),'Logout')]

2021-01-21 15:52:21 - [MESSAGE][PASSED] - Object '' is present

2021-01-21 15:52:21 - [MESSAGE][PASSED] - Object: '' is clicked on

2021-01-21 15:52:21 - [MESSAGE][PASSED] - Switched to window with index: '0'

2021-01-21 15:52:21 - [MESSAGE][PASSED] - Click button "Logout"

2021-01-21 15:52:21 - [TEST_STEP][PASSED] - Close browser: Close browser

2021-01-21 15:52:21 - [MESSAGE][PASSED] - Browser is closed

2021-01-21 15:52:21 - [MESSAGE][PASSED] - Close browser

2021-01-21 15:52:21 - [TEST_CASE][PASSED] - Start Test Case : SCENARIO Search by STATUS Failed due to invalid bank account: SCENARIO Search by STATUS Failed due to invalid bank account

2021-01-21 15:52:21 - [TEST_STEP][PASSED] - Go to ISTools: Go to ISTools

2021-01-21 15:52:21 - [MESSAGE][INFO] - Starting 'Chrome (headless)' driver

2021-01-21 15:52:21 - [MESSAGE][INFO] - User set preference: ['args', '[--start-maximized, --disable-gpu, --no-proxy-server, –-no-sandbox, --allow-running-insecure-content, --ignore-certificate-errors, window-size=1680,814, force-device-scale-factor=2, --lang=en-GB]']

2021-01-21 15:52:21 - [MESSAGE][INFO] - User set preference: ['prefs', '{download.default_directory=/Users/chaidir.pratama01/Katalon Studio/IST_Automation_Git/Download}']

2021-01-21 15:52:21 - [MESSAGE][INFO] - Action delay is set to 0 milliseconds

2021-01-21 15:52:22 - [MESSAGE][PASSED] - Browser is opened with url: ''

2021-01-21 15:52:22 - [MESSAGE][PASSED] - Navigate to 'https://dev-istools.homecredit.id/foundation/' successfully

2021-01-21 15:52:22 - [MESSAGE][PASSED] - Go to ISTools

2021-01-21 15:52:22 - [TEST_STEP][PASSED] - Login IST with valid credentials: Login IST with valid credentials

2021-01-21 15:52:23 - [MESSAGE][PASSED] - Text 'mobile.test' is set on object 'Object Repository/Page_/input_Username_j_username'

2021-01-21 15:52:23 - [MESSAGE][PASSED] - Text ****** has been set on object 'Object Repository/Page_/input_Password_j_password'

2021-01-21 15:52:23 - [MESSAGE][PASSED] - Object: 'Object Repository/Page_/button_Login' is clicked on

2021-01-21 15:52:23 - [MESSAGE][PASSED] - Login IST with valid credentials

2021-01-21 15:52:23 - [TEST_STEP][PASSED] - Login Success: Login Success

2021-01-21 15:52:23 - [MESSAGE][INFO] - Login Success

2021-01-21 15:52:23 - [MESSAGE][PASSED] - Current window maximized

2021-01-21 15:52:23 - [MESSAGE][PASSED] - Object 'Object Repository/Page_/h1_Welcome to IT Supporting Tools' is present

2021-01-21 15:52:23 - [MESSAGE][PASSED] - Login Success

2021-01-21 15:52:23 - [TEST_STEP][PASSED] - Select Arrow Menu "Real Time Disbursement": Select Arrow Menu "Real Time Disbursement"

2021-01-21 15:52:23 - [MESSAGE][PASSED] - Object: '' is clicked on

2021-01-21 15:52:23 - [MESSAGE][PASSED] - Select Arrow Menu "Real Time Disbursement"

2021-01-21 15:52:23 - [TEST_STEP][PASSED] - Select Menu "Dashboard for CCC/OCS": Select Menu "Dashboard for CCC/OCS"

2021-01-21 15:52:24 - [MESSAGE][PASSED] - Taking screenshot successfully
[[ATTACHMENT|/Users/chaidir.pratama01/Documents/Docs/Katalon Studio/Screenshot/test-Dashboard for CCC/OCS.png]]

2021-01-21 15:52:24 - [MESSAGE][PASSED] - Object '' is present

2021-01-21 15:52:24 - [MESSAGE][PASSED] - Object: '' is clicked on

2021-01-21 15:52:24 - [MESSAGE][PASSED] - Wait for page load successfully

2021-01-21 15:52:24 - [MESSAGE][PASSED] - Select Menu "Dashboard for CCC/OCS"

2021-01-21 15:52:24 - [TEST_STEP][PASSED] - Select STATUS "Failed due to invalid bank account": Select STATUS "Failed due to invalid bank account"

2021-01-21 15:52:24 - [MESSAGE][PASSED] - All options with value 'Failed due to invalid bank account' are selected in object ''  using regular expression

2021-01-21 15:52:24 - [MESSAGE][PASSED] - Select STATUS "Failed due to invalid bank account"

2021-01-21 15:52:24 - [TEST_STEP][PASSED] - Click button "Search": Click button "Search"

2021-01-21 15:52:24 - [MESSAGE][INFO] - >>>>>//Button[contains(text(),'Search')]

2021-01-21 15:52:27 - [MESSAGE][PASSED] - Object '' is present

2021-01-21 15:52:27 - [MESSAGE][PASSED] - Object: '' is clicked on

2021-01-21 15:52:27 - [MESSAGE][PASSED] - Switched to window with index: '0'

2021-01-21 15:52:27 - [MESSAGE][PASSED] - Click button "Search"

2021-01-21 15:52:27 - [TEST_STEP][PASSED] - Verify Search Result Presents: Verify Search Result Presents

2021-01-21 15:52:28 - [MESSAGE][PASSED] - Object '' is present

2021-01-21 15:52:29 - [MESSAGE][PASSED] - Verify Search Result Presents

2021-01-21 15:52:29 - [TEST_STEP][PASSED] - Click button "Logout": Click button "Logout"

2021-01-21 15:52:29 - [MESSAGE][INFO] - >>>>>//Button[contains(text(),'Logout')]

2021-01-21 15:52:32 - [MESSAGE][PASSED] - Object '' is present

2021-01-21 15:52:32 - [MESSAGE][PASSED] - Object: '' is clicked on

2021-01-21 15:52:32 - [MESSAGE][PASSED] - Switched to window with index: '0'

2021-01-21 15:52:32 - [MESSAGE][PASSED] - Click button "Logout"

2021-01-21 15:52:32 - [TEST_STEP][PASSED] - Close browser: Close browser

2021-01-21 15:52:32 - [MESSAGE][PASSED] - Browser is closed

2021-01-21 15:52:32 - [MESSAGE][PASSED] - Close browser

2021-01-21 15:52:32 - [TEST_CASE][PASSED] - Start Test Case : SCENARIO Search by STATUS Failed due to system error: SCENARIO Search by STATUS Failed due to system error

2021-01-21 15:52:32 - [TEST_STEP][PASSED] - Go to ISTools: Go to ISTools

2021-01-21 15:52:32 - [MESSAGE][INFO] - Starting 'Chrome (headless)' driver

2021-01-21 15:52:32 - [MESSAGE][INFO] - User set preference: ['args', '[--start-maximized, --disable-gpu, --no-proxy-server, –-no-sandbox, --allow-running-insecure-content, --ignore-certificate-errors, window-size=1680,814, force-device-scale-factor=2, --lang=en-GB]']

2021-01-21 15:52:32 - [MESSAGE][INFO] - User set preference: ['prefs', '{download.default_directory=/Users/chaidir.pratama01/Katalon Studio/IST_Automation_Git/Download}']

2021-01-21 15:52:32 - [MESSAGE][INFO] - Action delay is set to 0 milliseconds

2021-01-21 15:52:33 - [MESSAGE][PASSED] - Browser is opened with url: ''

2021-01-21 15:52:33 - [MESSAGE][PASSED] - Navigate to 'https://dev-istools.homecredit.id/foundation/' successfully

2021-01-21 15:52:33 - [MESSAGE][PASSED] - Go to ISTools

2021-01-21 15:52:33 - [TEST_STEP][PASSED] - Login IST with valid credentials: Login IST with valid credentials

2021-01-21 15:52:34 - [MESSAGE][PASSED] - Text 'mobile.test' is set on object 'Object Repository/Page_/input_Username_j_username'

2021-01-21 15:52:34 - [MESSAGE][PASSED] - Text ****** has been set on object 'Object Repository/Page_/input_Password_j_password'

2021-01-21 15:52:34 - [MESSAGE][PASSED] - Object: 'Object Repository/Page_/button_Login' is clicked on

2021-01-21 15:52:34 - [MESSAGE][PASSED] - Login IST with valid credentials

2021-01-21 15:52:34 - [TEST_STEP][PASSED] - Login Success: Login Success

2021-01-21 15:52:34 - [MESSAGE][INFO] - Login Success

2021-01-21 15:52:34 - [MESSAGE][PASSED] - Current window maximized

2021-01-21 15:52:34 - [MESSAGE][PASSED] - Object 'Object Repository/Page_/h1_Welcome to IT Supporting Tools' is present

2021-01-21 15:52:34 - [MESSAGE][PASSED] - Login Success

2021-01-21 15:52:34 - [TEST_STEP][PASSED] - Select Arrow Menu "Real Time Disbursement": Select Arrow Menu "Real Time Disbursement"

2021-01-21 15:52:34 - [MESSAGE][PASSED] - Object: '' is clicked on

2021-01-21 15:52:34 - [MESSAGE][PASSED] - Select Arrow Menu "Real Time Disbursement"

2021-01-21 15:52:34 - [TEST_STEP][PASSED] - Select Menu "Dashboard for CCC/OCS": Select Menu "Dashboard for CCC/OCS"

2021-01-21 15:52:35 - [MESSAGE][PASSED] - Taking screenshot successfully
[[ATTACHMENT|/Users/chaidir.pratama01/Documents/Docs/Katalon Studio/Screenshot/test-Dashboard for CCC/OCS.png]]

2021-01-21 15:52:35 - [MESSAGE][PASSED] - Object '' is present

2021-01-21 15:52:35 - [MESSAGE][PASSED] - Object: '' is clicked on

2021-01-21 15:52:35 - [MESSAGE][PASSED] - Wait for page load successfully

2021-01-21 15:52:35 - [MESSAGE][PASSED] - Select Menu "Dashboard for CCC/OCS"

2021-01-21 15:52:35 - [TEST_STEP][PASSED] - Select STATUS "Failed due to system error": Select STATUS "Failed due to system error"

2021-01-21 15:52:35 - [MESSAGE][PASSED] - All options with value 'Failed due to system error' are selected in object ''  using regular expression

2021-01-21 15:52:35 - [MESSAGE][PASSED] - Select STATUS "Failed due to system error"

2021-01-21 15:52:35 - [TEST_STEP][PASSED] - Click button "Search": Click button "Search"

2021-01-21 15:52:35 - [MESSAGE][INFO] - >>>>>//Button[contains(text(),'Search')]

2021-01-21 15:52:38 - [MESSAGE][PASSED] - Object '' is present

2021-01-21 15:52:38 - [MESSAGE][PASSED] - Object: '' is clicked on

2021-01-21 15:52:38 - [MESSAGE][PASSED] - Switched to window with index: '0'

2021-01-21 15:52:38 - [MESSAGE][PASSED] - Click button "Search"

2021-01-21 15:52:38 - [TEST_STEP][PASSED] - Verify Search Result Presents: Verify Search Result Presents

2021-01-21 15:52:38 - [MESSAGE][PASSED] - Object '' is present

2021-01-21 15:52:42 - [MESSAGE][PASSED] - Verify Search Result Presents

2021-01-21 15:52:42 - [TEST_STEP][PASSED] - Click button "Logout": Click button "Logout"

2021-01-21 15:52:42 - [MESSAGE][INFO] - >>>>>//Button[contains(text(),'Logout')]

2021-01-21 15:52:45 - [MESSAGE][PASSED] - Object '' is present

2021-01-21 15:52:45 - [MESSAGE][PASSED] - Object: '' is clicked on

2021-01-21 15:52:45 - [MESSAGE][PASSED] - Switched to window with index: '0'

2021-01-21 15:52:45 - [MESSAGE][PASSED] - Click button "Logout"

2021-01-21 15:52:45 - [TEST_STEP][PASSED] - Close browser: Close browser

2021-01-21 15:52:45 - [MESSAGE][PASSED] - Browser is closed

2021-01-21 15:52:45 - [MESSAGE][PASSED] - Close browser

2021-01-21 15:52:45 - [TEST_CASE][PASSED] - Start Test Case : SCENARIO Search by STATUS Failed due to insufficient fund: SCENARIO Search by STATUS Failed due to insufficient fund

2021-01-21 15:52:45 - [TEST_STEP][PASSED] - Go to ISTools: Go to ISTools

2021-01-21 15:52:45 - [MESSAGE][INFO] - Starting 'Chrome (headless)' driver

2021-01-21 15:52:45 - [MESSAGE][INFO] - User set preference: ['args', '[--start-maximized, --disable-gpu, --no-proxy-server, –-no-sandbox, --allow-running-insecure-content, --ignore-certificate-errors, window-size=1680,814, force-device-scale-factor=2, --lang=en-GB]']

2021-01-21 15:52:45 - [MESSAGE][INFO] - User set preference: ['prefs', '{download.default_directory=/Users/chaidir.pratama01/Katalon Studio/IST_Automation_Git/Download}']

2021-01-21 15:52:45 - [MESSAGE][INFO] - Action delay is set to 0 milliseconds

2021-01-21 15:52:45 - [MESSAGE][PASSED] - Browser is opened with url: ''

2021-01-21 15:52:46 - [MESSAGE][PASSED] - Navigate to 'https://dev-istools.homecredit.id/foundation/' successfully

2021-01-21 15:52:46 - [MESSAGE][PASSED] - Go to ISTools

2021-01-21 15:52:46 - [TEST_STEP][PASSED] - Login IST with valid credentials: Login IST with valid credentials

2021-01-21 15:52:46 - [MESSAGE][PASSED] - Text 'mobile.test' is set on object 'Object Repository/Page_/input_Username_j_username'

2021-01-21 15:52:46 - [MESSAGE][PASSED] - Text ****** has been set on object 'Object Repository/Page_/input_Password_j_password'

2021-01-21 15:52:47 - [MESSAGE][PASSED] - Object: 'Object Repository/Page_/button_Login' is clicked on

2021-01-21 15:52:47 - [MESSAGE][PASSED] - Login IST with valid credentials

2021-01-21 15:52:47 - [TEST_STEP][PASSED] - Login Success: Login Success

2021-01-21 15:52:47 - [MESSAGE][INFO] - Login Success

2021-01-21 15:52:47 - [MESSAGE][PASSED] - Current window maximized

2021-01-21 15:52:47 - [MESSAGE][PASSED] - Object 'Object Repository/Page_/h1_Welcome to IT Supporting Tools' is present

2021-01-21 15:52:47 - [MESSAGE][PASSED] - Login Success

2021-01-21 15:52:47 - [TEST_STEP][PASSED] - Select Arrow Menu "Real Time Disbursement": Select Arrow Menu "Real Time Disbursement"

2021-01-21 15:52:47 - [MESSAGE][PASSED] - Object: '' is clicked on

2021-01-21 15:52:47 - [MESSAGE][PASSED] - Select Arrow Menu "Real Time Disbursement"

2021-01-21 15:52:47 - [TEST_STEP][PASSED] - Select Menu "Dashboard for CCC/OCS": Select Menu "Dashboard for CCC/OCS"

2021-01-21 15:52:47 - [MESSAGE][PASSED] - Taking screenshot successfully
[[ATTACHMENT|/Users/chaidir.pratama01/Documents/Docs/Katalon Studio/Screenshot/test-Dashboard for CCC/OCS.png]]

2021-01-21 15:52:47 - [MESSAGE][PASSED] - Object '' is present

2021-01-21 15:52:47 - [MESSAGE][PASSED] - Object: '' is clicked on

2021-01-21 15:52:47 - [MESSAGE][PASSED] - Wait for page load successfully

2021-01-21 15:52:47 - [MESSAGE][PASSED] - Select Menu "Dashboard for CCC/OCS"

2021-01-21 15:52:47 - [TEST_STEP][PASSED] - Select STATUS "Failed due to insufficient fund": Select STATUS "Failed due to insufficient fund"

2021-01-21 15:52:48 - [MESSAGE][PASSED] - All options with value 'Failed due to insufficient fund' are selected in object ''  using regular expression

2021-01-21 15:52:48 - [MESSAGE][PASSED] - Select STATUS "Failed due to insufficient fund"

2021-01-21 15:52:48 - [TEST_STEP][PASSED] - Click button "Search": Click button "Search"

2021-01-21 15:52:48 - [MESSAGE][INFO] - >>>>>//Button[contains(text(),'Search')]

2021-01-21 15:52:51 - [MESSAGE][PASSED] - Object '' is present

2021-01-21 15:52:51 - [MESSAGE][PASSED] - Object: '' is clicked on

2021-01-21 15:52:51 - [MESSAGE][PASSED] - Switched to window with index: '0'

2021-01-21 15:52:51 - [MESSAGE][PASSED] - Click button "Search"

2021-01-21 15:52:51 - [TEST_STEP][PASSED] - Verify Search Result Presents: Verify Search Result Presents

2021-01-21 15:53:22 - [MESSAGE][INFO] - Unable to find the element located by 'By.xpath: //td[@style='display:none' and contains(text(),'-Empty-')]'. Please recheck the objects properties to make sure the desired element is located. 

2021-01-21 15:53:22 - [MESSAGE][WARNING] - com.kms.katalon.core.webui.exception.WebElementNotFoundException: Web element with id: '' located by '//td[@style='display:none' and contains(text(),'-Empty-')]' not found (Root cause: com.kms.katalon.core.exception.StepFailedException: com.kms.katalon.core.webui.exception.WebElementNotFoundException: Web element with id: '' located by '//td[@style='display:none' and contains(text(),'-Empty-')]' not found
	at com.kms.katalon.core.webui.keyword.internal.WebUIKeywordMain.stepFailed(WebUIKeywordMain.groovy:64)
	at com.kms.katalon.core.webui.keyword.builtin.VerifyElementPresentKeyword$_verifyElementPresent_closure1.doCall(VerifyElementPresentKeyword.groovy:85)
	at com.kms.katalon.core.webui.keyword.builtin.VerifyElementPresentKeyword$_verifyElementPresent_closure1.call(VerifyElementPresentKeyword.groovy)
	at com.kms.katalon.core.webui.keyword.internal.WebUIKeywordMain.runKeyword(WebUIKeywordMain.groovy:20)
	at com.kms.katalon.core.webui.keyword.builtin.VerifyElementPresentKeyword.verifyElementPresent(VerifyElementPresentKeyword.groovy:92)
	at com.kms.katalon.core.webui.keyword.builtin.VerifyElementPresentKeyword.execute(VerifyElementPresentKeyword.groovy:68)
	at com.kms.katalon.core.keyword.internal.KeywordExecutor.executeKeywordForPlatform(KeywordExecutor.groovy:73)
	at com.kms.katalon.core.webui.keyword.WebUiBuiltInKeywords.verifyElementPresent(WebUiBuiltInKeywords.groovy:1444)
	at com.kms.katalon.core.webui.keyword.WebUiBuiltInKeywords$verifyElementPresent$11.call(Unknown Source)
	at ist_real.Contract_Dispatcher.VerifyTblFilled(Contract_Dispatcher.groovy:1313)
	at ist_real.Contract_Dispatcher$VerifyTblFilled$0.call(Unknown Source)
	at RTD.Search_Result_Presents(RTD.groovy:187)
	at cucumber.runtime.Utils$1.call(Utils.java:26)
	at cucumber.runtime.Timeout.timeout(Timeout.java:16)
	at cucumber.runtime.Utils.invoke(Utils.java:20)
	at cucumber.runtime.java.JavaStepDefinition.execute(JavaStepDefinition.java:48)
	at cucumber.runtime.PickleStepDefinitionMatch.runStep(PickleStepDefinitionMatch.java:50)
	at cucumber.runner.TestStep.executeStep(TestStep.java:55)
	at cucumber.runner.TestStep.run(TestStep.java:42)
	at cucumber.runner.PickleStepTestStep.run(PickleStepTestStep.java:53)
	at cucumber.runner.TestCase.run(TestCase.java:47)
	at cucumber.runner.Runner.runPickle(Runner.java:44)
	at cucumber.runtime.Runtime.runFeature(Runtime.java:120)
	at cucumber.runtime.Runtime.run(Runtime.java:106)
	at cucumber.api.cli.Main.run(Main.java:35)
	at cucumber.api.cli.Main$run.call(Unknown Source)
	at com.kms.katalon.core.cucumber.keyword.CucumberBuiltinKeywords$_runFeatureFile_closure1.doCall(CucumberBuiltinKeywords.groovy:76)
	at com.kms.katalon.core.cucumber.keyword.CucumberBuiltinKeywords$_runFeatureFile_closure1.doCall(CucumberBuiltinKeywords.groovy)
	at com.kms.katalon.core.keyword.internal.KeywordMain.runKeyword(KeywordMain.groovy:68)
	at com.kms.katalon.core.keyword.internal.KeywordMain$runKeyword.call(Unknown Source)
	at com.kms.katalon.core.cucumber.keyword.CucumberBuiltinKeywords.runFeatureFile(CucumberBuiltinKeywords.groovy:46)
	at com.kms.katalon.core.cucumber.keyword.CucumberBuiltinKeywords$runFeatureFile$0.callStatic(Unknown Source)
	at com.kms.katalon.core.cucumber.keyword.CucumberBuiltinKeywords.runFeatureFile(CucumberBuiltinKeywords.groovy:169)
	at com.kms.katalon.core.cucumber.keyword.CucumberBuiltinKeywords$runFeatureFile.call(Unknown Source)
	at TC_Search_by_Status.run(TC_Search_by_Status:18)
	at com.kms.katalon.core.main.ScriptEngine.run(ScriptEngine.java:194)
	at com.kms.katalon.core.main.ScriptEngine.runScriptAsRawText(ScriptEngine.java:119)
	at com.kms.katalon.core.main.TestCaseExecutor.runScript(TestCaseExecutor.java:339)
	at com.kms.katalon.core.main.TestCaseExecutor.doExecute(TestCaseExecutor.java:330)
	at com.kms.katalon.core.main.TestCaseExecutor.processExecutionPhase(TestCaseExecutor.java:309)
	at com.kms.katalon.core.main.TestCaseExecutor.accessMainPhase(TestCaseExecutor.java:301)
	at com.kms.katalon.core.main.TestCaseExecutor.execute(TestCaseExecutor.java:235)
	at com.kms.katalon.core.main.TestSuiteExecutor.accessTestCaseMainPhase(TestSuiteExecutor.java:191)
	at com.kms.katalon.core.main.TestSuiteExecutor.accessTestSuiteMainPhase(TestSuiteExecutor.java:141)
	at com.kms.katalon.core.main.TestSuiteExecutor.execute(TestSuiteExecutor.java:90)
	at com.kms.katalon.core.main.TestCaseMain.startTestSuite(TestCaseMain.java:157)
	at com.kms.katalon.core.main.TestCaseMain$startTestSuite$0.call(Unknown Source)
	at TempTestSuite1611218218408.run(TempTestSuite1611218218408.groovy:39)
)
[[ATTACHMENT|/Users/chaidir.pratama01/Katalon Studio/IST_Automation_Git/Reports/20210121_153655/RTD/TS_Dashboard_for_CCC_OCS/20210121_153658/1611219202400.png]]

2021-01-21 15:53:22 - [MESSAGE][PASSED] - Verify Search Result Presents

2021-01-21 15:53:22 - [TEST_STEP][PASSED] - Click button "Logout": Click button "Logout"

2021-01-21 15:53:22 - [MESSAGE][INFO] - >>>>>//Button[contains(text(),'Logout')]

2021-01-21 15:53:25 - [MESSAGE][PASSED] - Object '' is present

2021-01-21 15:53:26 - [MESSAGE][PASSED] - Object: '' is clicked on

2021-01-21 15:53:26 - [MESSAGE][PASSED] - Switched to window with index: '0'

2021-01-21 15:53:26 - [MESSAGE][PASSED] - Click button "Logout"

2021-01-21 15:53:26 - [TEST_STEP][PASSED] - Close browser: Close browser

2021-01-21 15:53:26 - [MESSAGE][PASSED] - Browser is closed

2021-01-21 15:53:26 - [MESSAGE][PASSED] - Close browser

2021-01-21 15:53:26 - [TEST_CASE][PASSED] - Start Test Case : SCENARIO Search by STATUS Failed due to not supported bank: SCENARIO Search by STATUS Failed due to not supported bank

2021-01-21 15:53:26 - [TEST_STEP][PASSED] - Go to ISTools: Go to ISTools

2021-01-21 15:53:26 - [MESSAGE][INFO] - Starting 'Chrome (headless)' driver

2021-01-21 15:53:26 - [MESSAGE][INFO] - User set preference: ['args', '[--start-maximized, --disable-gpu, --no-proxy-server, –-no-sandbox, --allow-running-insecure-content, --ignore-certificate-errors, window-size=1680,814, force-device-scale-factor=2, --lang=en-GB]']

2021-01-21 15:53:26 - [MESSAGE][INFO] - User set preference: ['prefs', '{download.default_directory=/Users/chaidir.pratama01/Katalon Studio/IST_Automation_Git/Download}']

2021-01-21 15:53:26 - [MESSAGE][INFO] - Action delay is set to 0 milliseconds

2021-01-21 15:53:26 - [MESSAGE][PASSED] - Browser is opened with url: ''

2021-01-21 15:53:27 - [MESSAGE][PASSED] - Navigate to 'https://dev-istools.homecredit.id/foundation/' successfully

2021-01-21 15:53:27 - [MESSAGE][PASSED] - Go to ISTools

2021-01-21 15:53:27 - [TEST_STEP][PASSED] - Login IST with valid credentials: Login IST with valid credentials

2021-01-21 15:53:27 - [MESSAGE][PASSED] - Text 'mobile.test' is set on object 'Object Repository/Page_/input_Username_j_username'

2021-01-21 15:53:27 - [MESSAGE][PASSED] - Text ****** has been set on object 'Object Repository/Page_/input_Password_j_password'

2021-01-21 15:53:27 - [MESSAGE][PASSED] - Object: 'Object Repository/Page_/button_Login' is clicked on

2021-01-21 15:53:27 - [MESSAGE][PASSED] - Login IST with valid credentials

2021-01-21 15:53:27 - [TEST_STEP][PASSED] - Login Success: Login Success

2021-01-21 15:53:27 - [MESSAGE][INFO] - Login Success

2021-01-21 15:53:27 - [MESSAGE][PASSED] - Current window maximized

2021-01-21 15:53:27 - [MESSAGE][PASSED] - Object 'Object Repository/Page_/h1_Welcome to IT Supporting Tools' is present

2021-01-21 15:53:27 - [MESSAGE][PASSED] - Login Success

2021-01-21 15:53:27 - [TEST_STEP][PASSED] - Select Arrow Menu "Real Time Disbursement": Select Arrow Menu "Real Time Disbursement"

2021-01-21 15:53:27 - [MESSAGE][PASSED] - Object: '' is clicked on

2021-01-21 15:53:27 - [MESSAGE][PASSED] - Select Arrow Menu "Real Time Disbursement"

2021-01-21 15:53:27 - [TEST_STEP][PASSED] - Select Menu "Dashboard for CCC/OCS": Select Menu "Dashboard for CCC/OCS"

2021-01-21 15:53:28 - [MESSAGE][PASSED] - Taking screenshot successfully
[[ATTACHMENT|/Users/chaidir.pratama01/Documents/Docs/Katalon Studio/Screenshot/test-Dashboard for CCC/OCS.png]]

2021-01-21 15:53:28 - [MESSAGE][PASSED] - Object '' is present

2021-01-21 15:53:28 - [MESSAGE][PASSED] - Object: '' is clicked on

2021-01-21 15:53:28 - [MESSAGE][PASSED] - Wait for page load successfully

2021-01-21 15:53:28 - [MESSAGE][PASSED] - Select Menu "Dashboard for CCC/OCS"

2021-01-21 15:53:28 - [TEST_STEP][PASSED] - Select STATUS "Failed due to not supported bank": Select STATUS "Failed due to not supported bank"

2021-01-21 15:53:28 - [MESSAGE][PASSED] - All options with value 'Failed due to not supported bank' are selected in object ''  using regular expression

2021-01-21 15:53:28 - [MESSAGE][PASSED] - Select STATUS "Failed due to not supported bank"

2021-01-21 15:53:28 - [TEST_STEP][PASSED] - Click button "Search": Click button "Search"

2021-01-21 15:53:28 - [MESSAGE][INFO] - >>>>>//Button[contains(text(),'Search')]

2021-01-21 15:53:31 - [MESSAGE][PASSED] - Object '' is present

2021-01-21 15:53:31 - [MESSAGE][PASSED] - Object: '' is clicked on

2021-01-21 15:53:31 - [MESSAGE][PASSED] - Switched to window with index: '0'

2021-01-21 15:53:31 - [MESSAGE][PASSED] - Click button "Search"

2021-01-21 15:53:31 - [TEST_STEP][PASSED] - Verify Search Result Presents: Verify Search Result Presents

2021-01-21 15:54:02 - [MESSAGE][INFO] - Unable to find the element located by 'By.xpath: //td[@style='display:none' and contains(text(),'-Empty-')]'. Please recheck the objects properties to make sure the desired element is located. 

2021-01-21 15:54:03 - [MESSAGE][WARNING] - com.kms.katalon.core.webui.exception.WebElementNotFoundException: Web element with id: '' located by '//td[@style='display:none' and contains(text(),'-Empty-')]' not found (Root cause: com.kms.katalon.core.exception.StepFailedException: com.kms.katalon.core.webui.exception.WebElementNotFoundException: Web element with id: '' located by '//td[@style='display:none' and contains(text(),'-Empty-')]' not found
	at com.kms.katalon.core.webui.keyword.internal.WebUIKeywordMain.stepFailed(WebUIKeywordMain.groovy:64)
	at com.kms.katalon.core.webui.keyword.builtin.VerifyElementPresentKeyword$_verifyElementPresent_closure1.doCall(VerifyElementPresentKeyword.groovy:85)
	at com.kms.katalon.core.webui.keyword.builtin.VerifyElementPresentKeyword$_verifyElementPresent_closure1.call(VerifyElementPresentKeyword.groovy)
	at com.kms.katalon.core.webui.keyword.internal.WebUIKeywordMain.runKeyword(WebUIKeywordMain.groovy:20)
	at com.kms.katalon.core.webui.keyword.builtin.VerifyElementPresentKeyword.verifyElementPresent(VerifyElementPresentKeyword.groovy:92)
	at com.kms.katalon.core.webui.keyword.builtin.VerifyElementPresentKeyword.execute(VerifyElementPresentKeyword.groovy:68)
	at com.kms.katalon.core.keyword.internal.KeywordExecutor.executeKeywordForPlatform(KeywordExecutor.groovy:73)
	at com.kms.katalon.core.webui.keyword.WebUiBuiltInKeywords.verifyElementPresent(WebUiBuiltInKeywords.groovy:1444)
	at com.kms.katalon.core.webui.keyword.WebUiBuiltInKeywords$verifyElementPresent$11.call(Unknown Source)
	at ist_real.Contract_Dispatcher.VerifyTblFilled(Contract_Dispatcher.groovy:1313)
	at ist_real.Contract_Dispatcher$VerifyTblFilled$0.call(Unknown Source)
	at RTD.Search_Result_Presents(RTD.groovy:187)
	at cucumber.runtime.Utils$1.call(Utils.java:26)
	at cucumber.runtime.Timeout.timeout(Timeout.java:16)
	at cucumber.runtime.Utils.invoke(Utils.java:20)
	at cucumber.runtime.java.JavaStepDefinition.execute(JavaStepDefinition.java:48)
	at cucumber.runtime.PickleStepDefinitionMatch.runStep(PickleStepDefinitionMatch.java:50)
	at cucumber.runner.TestStep.executeStep(TestStep.java:55)
	at cucumber.runner.TestStep.run(TestStep.java:42)
	at cucumber.runner.PickleStepTestStep.run(PickleStepTestStep.java:53)
	at cucumber.runner.TestCase.run(TestCase.java:47)
	at cucumber.runner.Runner.runPickle(Runner.java:44)
	at cucumber.runtime.Runtime.runFeature(Runtime.java:120)
	at cucumber.runtime.Runtime.run(Runtime.java:106)
	at cucumber.api.cli.Main.run(Main.java:35)
	at cucumber.api.cli.Main$run.call(Unknown Source)
	at com.kms.katalon.core.cucumber.keyword.CucumberBuiltinKeywords$_runFeatureFile_closure1.doCall(CucumberBuiltinKeywords.groovy:76)
	at com.kms.katalon.core.cucumber.keyword.CucumberBuiltinKeywords$_runFeatureFile_closure1.doCall(CucumberBuiltinKeywords.groovy)
	at com.kms.katalon.core.keyword.internal.KeywordMain.runKeyword(KeywordMain.groovy:68)
	at com.kms.katalon.core.keyword.internal.KeywordMain$runKeyword.call(Unknown Source)
	at com.kms.katalon.core.cucumber.keyword.CucumberBuiltinKeywords.runFeatureFile(CucumberBuiltinKeywords.groovy:46)
	at com.kms.katalon.core.cucumber.keyword.CucumberBuiltinKeywords$runFeatureFile$0.callStatic(Unknown Source)
	at com.kms.katalon.core.cucumber.keyword.CucumberBuiltinKeywords.runFeatureFile(CucumberBuiltinKeywords.groovy:169)
	at com.kms.katalon.core.cucumber.keyword.CucumberBuiltinKeywords$runFeatureFile.call(Unknown Source)
	at TC_Search_by_Status.run(TC_Search_by_Status:18)
	at com.kms.katalon.core.main.ScriptEngine.run(ScriptEngine.java:194)
	at com.kms.katalon.core.main.ScriptEngine.runScriptAsRawText(ScriptEngine.java:119)
	at com.kms.katalon.core.main.TestCaseExecutor.runScript(TestCaseExecutor.java:339)
	at com.kms.katalon.core.main.TestCaseExecutor.doExecute(TestCaseExecutor.java:330)
	at com.kms.katalon.core.main.TestCaseExecutor.processExecutionPhase(TestCaseExecutor.java:309)
	at com.kms.katalon.core.main.TestCaseExecutor.accessMainPhase(TestCaseExecutor.java:301)
	at com.kms.katalon.core.main.TestCaseExecutor.execute(TestCaseExecutor.java:235)
	at com.kms.katalon.core.main.TestSuiteExecutor.accessTestCaseMainPhase(TestSuiteExecutor.java:191)
	at com.kms.katalon.core.main.TestSuiteExecutor.accessTestSuiteMainPhase(TestSuiteExecutor.java:141)
	at com.kms.katalon.core.main.TestSuiteExecutor.execute(TestSuiteExecutor.java:90)
	at com.kms.katalon.core.main.TestCaseMain.startTestSuite(TestCaseMain.java:157)
	at com.kms.katalon.core.main.TestCaseMain$startTestSuite$0.call(Unknown Source)
	at TempTestSuite1611218218408.run(TempTestSuite1611218218408.groovy:39)
)
[[ATTACHMENT|/Users/chaidir.pratama01/Katalon Studio/IST_Automation_Git/Reports/20210121_153655/RTD/TS_Dashboard_for_CCC_OCS/20210121_153658/1611219242980.png]]

2021-01-21 15:54:03 - [MESSAGE][PASSED] - Verify Search Result Presents

2021-01-21 15:54:03 - [TEST_STEP][PASSED] - Click button "Logout": Click button "Logout"

2021-01-21 15:54:03 - [MESSAGE][INFO] - >>>>>//Button[contains(text(),'Logout')]

2021-01-21 15:54:06 - [MESSAGE][PASSED] - Object '' is present

2021-01-21 15:54:06 - [MESSAGE][PASSED] - Object: '' is clicked on

2021-01-21 15:54:06 - [MESSAGE][PASSED] - Switched to window with index: '0'

2021-01-21 15:54:06 - [MESSAGE][PASSED] - Click button "Logout"

2021-01-21 15:54:06 - [TEST_STEP][PASSED] - Close browser: Close browser

2021-01-21 15:54:06 - [MESSAGE][PASSED] - Browser is closed

2021-01-21 15:54:06 - [MESSAGE][PASSED] - Close browser

2021-01-21 15:54:06 - [TEST_CASE][PASSED] - Start Test Case : SCENARIO Search by STATUS Manual Disbursement: SCENARIO Search by STATUS Manual Disbursement

2021-01-21 15:54:06 - [TEST_STEP][PASSED] - Go to ISTools: Go to ISTools

2021-01-21 15:54:06 - [MESSAGE][INFO] - Starting 'Chrome (headless)' driver

2021-01-21 15:54:06 - [MESSAGE][INFO] - User set preference: ['args', '[--start-maximized, --disable-gpu, --no-proxy-server, –-no-sandbox, --allow-running-insecure-content, --ignore-certificate-errors, window-size=1680,814, force-device-scale-factor=2, --lang=en-GB]']

2021-01-21 15:54:06 - [MESSAGE][INFO] - User set preference: ['prefs', '{download.default_directory=/Users/chaidir.pratama01/Katalon Studio/IST_Automation_Git/Download}']

2021-01-21 15:54:06 - [MESSAGE][INFO] - Action delay is set to 0 milliseconds

2021-01-21 15:54:07 - [MESSAGE][PASSED] - Browser is opened with url: ''

2021-01-21 15:54:07 - [MESSAGE][PASSED] - Navigate to 'https://dev-istools.homecredit.id/foundation/' successfully

2021-01-21 15:54:07 - [MESSAGE][PASSED] - Go to ISTools

2021-01-21 15:54:07 - [TEST_STEP][PASSED] - Login IST with valid credentials: Login IST with valid credentials

2021-01-21 15:54:07 - [MESSAGE][PASSED] - Text 'mobile.test' is set on object 'Object Repository/Page_/input_Username_j_username'

2021-01-21 15:54:08 - [MESSAGE][PASSED] - Text ****** has been set on object 'Object Repository/Page_/input_Password_j_password'

2021-01-21 15:54:08 - [MESSAGE][PASSED] - Object: 'Object Repository/Page_/button_Login' is clicked on

2021-01-21 15:54:08 - [MESSAGE][PASSED] - Login IST with valid credentials

2021-01-21 15:54:08 - [TEST_STEP][PASSED] - Login Success: Login Success

2021-01-21 15:54:08 - [MESSAGE][INFO] - Login Success

2021-01-21 15:54:08 - [MESSAGE][PASSED] - Current window maximized

2021-01-21 15:54:08 - [MESSAGE][PASSED] - Object 'Object Repository/Page_/h1_Welcome to IT Supporting Tools' is present

2021-01-21 15:54:08 - [MESSAGE][PASSED] - Login Success

2021-01-21 15:54:08 - [TEST_STEP][PASSED] - Select Arrow Menu "Real Time Disbursement": Select Arrow Menu "Real Time Disbursement"

2021-01-21 15:54:08 - [MESSAGE][PASSED] - Object: '' is clicked on

2021-01-21 15:54:08 - [MESSAGE][PASSED] - Select Arrow Menu "Real Time Disbursement"

2021-01-21 15:54:08 - [TEST_STEP][PASSED] - Select Menu "Dashboard for CCC/OCS": Select Menu "Dashboard for CCC/OCS"

2021-01-21 15:54:09 - [MESSAGE][PASSED] - Taking screenshot successfully
[[ATTACHMENT|/Users/chaidir.pratama01/Documents/Docs/Katalon Studio/Screenshot/test-Dashboard for CCC/OCS.png]]

2021-01-21 15:54:09 - [MESSAGE][PASSED] - Object '' is present

2021-01-21 15:54:09 - [MESSAGE][PASSED] - Object: '' is clicked on

2021-01-21 15:54:09 - [MESSAGE][PASSED] - Wait for page load successfully

2021-01-21 15:54:09 - [MESSAGE][PASSED] - Select Menu "Dashboard for CCC/OCS"

2021-01-21 15:54:09 - [TEST_STEP][PASSED] - Select STATUS "Manual Disbursement": Select STATUS "Manual Disbursement"

2021-01-21 15:54:09 - [MESSAGE][PASSED] - All options with value 'Manual Disbursement' are selected in object ''  using regular expression

2021-01-21 15:54:09 - [MESSAGE][PASSED] - Select STATUS "Manual Disbursement"

2021-01-21 15:54:09 - [TEST_STEP][PASSED] - Click button "Search": Click button "Search"

2021-01-21 15:54:09 - [MESSAGE][INFO] - >>>>>//Button[contains(text(),'Search')]

2021-01-21 15:54:12 - [MESSAGE][PASSED] - Object '' is present

2021-01-21 15:54:12 - [MESSAGE][PASSED] - Object: '' is clicked on

2021-01-21 15:54:12 - [MESSAGE][PASSED] - Switched to window with index: '0'

2021-01-21 15:54:12 - [MESSAGE][PASSED] - Click button "Search"

2021-01-21 15:54:12 - [TEST_STEP][PASSED] - Verify Search Result Presents: Verify Search Result Presents

2021-01-21 15:54:12 - [MESSAGE][PASSED] - Object '' is present

2021-01-21 15:54:18 - [MESSAGE][PASSED] - Verify Search Result Presents

2021-01-21 15:54:18 - [TEST_STEP][PASSED] - Click button "Logout": Click button "Logout"

2021-01-21 15:54:18 - [MESSAGE][INFO] - >>>>>//Button[contains(text(),'Logout')]

2021-01-21 15:54:21 - [MESSAGE][PASSED] - Object '' is present

2021-01-21 15:54:21 - [MESSAGE][PASSED] - Object: '' is clicked on

2021-01-21 15:54:21 - [MESSAGE][PASSED] - Switched to window with index: '0'

2021-01-21 15:54:21 - [MESSAGE][PASSED] - Click button "Logout"

2021-01-21 15:54:21 - [TEST_STEP][PASSED] - Close browser: Close browser

2021-01-21 15:54:21 - [MESSAGE][PASSED] - Browser is closed

2021-01-21 15:54:21 - [MESSAGE][PASSED] - Close browser

2021-01-21 15:54:21 - [TEST_CASE][PASSED] - Start Test Case : SCENARIO Search by STATUS DONE: SCENARIO Search by STATUS DONE

2021-01-21 15:54:21 - [TEST_STEP][PASSED] - Go to ISTools: Go to ISTools

2021-01-21 15:54:21 - [MESSAGE][INFO] - Starting 'Chrome (headless)' driver

2021-01-21 15:54:21 - [MESSAGE][INFO] - User set preference: ['args', '[--start-maximized, --disable-gpu, --no-proxy-server, –-no-sandbox, --allow-running-insecure-content, --ignore-certificate-errors, window-size=1680,814, force-device-scale-factor=2, --lang=en-GB]']

2021-01-21 15:54:21 - [MESSAGE][INFO] - User set preference: ['prefs', '{download.default_directory=/Users/chaidir.pratama01/Katalon Studio/IST_Automation_Git/Download}']

2021-01-21 15:54:21 - [MESSAGE][INFO] - Action delay is set to 0 milliseconds

2021-01-21 15:54:22 - [MESSAGE][PASSED] - Browser is opened with url: ''

2021-01-21 15:54:22 - [MESSAGE][PASSED] - Navigate to 'https://dev-istools.homecredit.id/foundation/' successfully

2021-01-21 15:54:22 - [MESSAGE][PASSED] - Go to ISTools

2021-01-21 15:54:22 - [TEST_STEP][PASSED] - Login IST with valid credentials: Login IST with valid credentials

2021-01-21 15:54:23 - [MESSAGE][PASSED] - Text 'mobile.test' is set on object 'Object Repository/Page_/input_Username_j_username'

2021-01-21 15:54:23 - [MESSAGE][PASSED] - Text ****** has been set on object 'Object Repository/Page_/input_Password_j_password'

2021-01-21 15:54:23 - [MESSAGE][PASSED] - Object: 'Object Repository/Page_/button_Login' is clicked on

2021-01-21 15:54:23 - [MESSAGE][PASSED] - Login IST with valid credentials

2021-01-21 15:54:23 - [TEST_STEP][PASSED] - Login Success: Login Success

2021-01-21 15:54:23 - [MESSAGE][INFO] - Login Success

2021-01-21 15:54:23 - [MESSAGE][PASSED] - Current window maximized

2021-01-21 15:54:23 - [MESSAGE][PASSED] - Object 'Object Repository/Page_/h1_Welcome to IT Supporting Tools' is present

2021-01-21 15:54:23 - [MESSAGE][PASSED] - Login Success

2021-01-21 15:54:23 - [TEST_STEP][PASSED] - Select Arrow Menu "Real Time Disbursement": Select Arrow Menu "Real Time Disbursement"

2021-01-21 15:54:23 - [MESSAGE][PASSED] - Object: '' is clicked on

2021-01-21 15:54:23 - [MESSAGE][PASSED] - Select Arrow Menu "Real Time Disbursement"

2021-01-21 15:54:23 - [TEST_STEP][PASSED] - Select Menu "Dashboard for CCC/OCS": Select Menu "Dashboard for CCC/OCS"

2021-01-21 15:54:24 - [MESSAGE][PASSED] - Taking screenshot successfully
[[ATTACHMENT|/Users/chaidir.pratama01/Documents/Docs/Katalon Studio/Screenshot/test-Dashboard for CCC/OCS.png]]

2021-01-21 15:54:24 - [MESSAGE][PASSED] - Object '' is present

2021-01-21 15:54:24 - [MESSAGE][PASSED] - Object: '' is clicked on

2021-01-21 15:54:24 - [MESSAGE][PASSED] - Wait for page load successfully

2021-01-21 15:54:24 - [MESSAGE][PASSED] - Select Menu "Dashboard for CCC/OCS"

2021-01-21 15:54:24 - [TEST_STEP][PASSED] - Select STATUS "DONE": Select STATUS "DONE"

2021-01-21 15:54:24 - [MESSAGE][PASSED] - All options with value 'DONE' are selected in object ''  using regular expression

2021-01-21 15:54:24 - [MESSAGE][PASSED] - Select STATUS "DONE"

2021-01-21 15:54:24 - [TEST_STEP][PASSED] - Click button "Search": Click button "Search"

2021-01-21 15:54:24 - [MESSAGE][INFO] - >>>>>//Button[contains(text(),'Search')]

2021-01-21 15:54:27 - [MESSAGE][PASSED] - Object '' is present

2021-01-21 15:54:27 - [MESSAGE][PASSED] - Object: '' is clicked on

2021-01-21 15:54:27 - [MESSAGE][PASSED] - Switched to window with index: '0'

2021-01-21 15:54:27 - [MESSAGE][PASSED] - Click button "Search"

2021-01-21 15:54:27 - [TEST_STEP][PASSED] - Verify Search Result Presents: Verify Search Result Presents

2021-01-21 15:54:27 - [MESSAGE][PASSED] - Object '' is present

2021-01-21 15:54:33 - [MESSAGE][PASSED] - Verify Search Result Presents

2021-01-21 15:54:33 - [TEST_STEP][PASSED] - Click button "Logout": Click button "Logout"

2021-01-21 15:54:33 - [MESSAGE][INFO] - >>>>>//Button[contains(text(),'Logout')]

2021-01-21 15:54:36 - [MESSAGE][PASSED] - Object '' is present

2021-01-21 15:54:36 - [MESSAGE][PASSED] - Object: '' is clicked on

2021-01-21 15:54:36 - [MESSAGE][PASSED] - Switched to window with index: '0'

2021-01-21 15:54:36 - [MESSAGE][PASSED] - Click button "Logout"

2021-01-21 15:54:36 - [TEST_STEP][PASSED] - Close browser: Close browser

2021-01-21 15:54:36 - [MESSAGE][PASSED] - Browser is closed

2021-01-21 15:54:36 - [MESSAGE][PASSED] - Close browser

2021-01-21 15:54:36 - [TEST_CASE][PASSED] - Start Test Case : SCENARIO Search by STATUS Waiting Partner Confirmation: SCENARIO Search by STATUS Waiting Partner Confirmation

2021-01-21 15:54:36 - [TEST_STEP][PASSED] - Go to ISTools: Go to ISTools

2021-01-21 15:54:36 - [MESSAGE][INFO] - Starting 'Chrome (headless)' driver

2021-01-21 15:54:36 - [MESSAGE][INFO] - User set preference: ['args', '[--start-maximized, --disable-gpu, --no-proxy-server, –-no-sandbox, --allow-running-insecure-content, --ignore-certificate-errors, window-size=1680,814, force-device-scale-factor=2, --lang=en-GB]']

2021-01-21 15:54:36 - [MESSAGE][INFO] - User set preference: ['prefs', '{download.default_directory=/Users/chaidir.pratama01/Katalon Studio/IST_Automation_Git/Download}']

2021-01-21 15:54:36 - [MESSAGE][INFO] - Action delay is set to 0 milliseconds

2021-01-21 15:54:37 - [MESSAGE][PASSED] - Browser is opened with url: ''

2021-01-21 15:54:37 - [MESSAGE][PASSED] - Navigate to 'https://dev-istools.homecredit.id/foundation/' successfully

2021-01-21 15:54:37 - [MESSAGE][PASSED] - Go to ISTools

2021-01-21 15:54:37 - [TEST_STEP][PASSED] - Login IST with valid credentials: Login IST with valid credentials

2021-01-21 15:54:38 - [MESSAGE][PASSED] - Text 'mobile.test' is set on object 'Object Repository/Page_/input_Username_j_username'

2021-01-21 15:54:38 - [MESSAGE][PASSED] - Text ****** has been set on object 'Object Repository/Page_/input_Password_j_password'

2021-01-21 15:54:38 - [MESSAGE][PASSED] - Object: 'Object Repository/Page_/button_Login' is clicked on

2021-01-21 15:54:38 - [MESSAGE][PASSED] - Login IST with valid credentials

2021-01-21 15:54:38 - [TEST_STEP][PASSED] - Login Success: Login Success

2021-01-21 15:54:38 - [MESSAGE][INFO] - Login Success

2021-01-21 15:54:38 - [MESSAGE][PASSED] - Current window maximized

2021-01-21 15:54:38 - [MESSAGE][PASSED] - Object 'Object Repository/Page_/h1_Welcome to IT Supporting Tools' is present

2021-01-21 15:54:38 - [MESSAGE][PASSED] - Login Success

2021-01-21 15:54:38 - [TEST_STEP][PASSED] - Select Arrow Menu "Real Time Disbursement": Select Arrow Menu "Real Time Disbursement"

2021-01-21 15:54:38 - [MESSAGE][PASSED] - Object: '' is clicked on

2021-01-21 15:54:38 - [MESSAGE][PASSED] - Select Arrow Menu "Real Time Disbursement"

2021-01-21 15:54:38 - [TEST_STEP][PASSED] - Select Menu "Dashboard for CCC/OCS": Select Menu "Dashboard for CCC/OCS"

2021-01-21 15:54:39 - [MESSAGE][PASSED] - Taking screenshot successfully
[[ATTACHMENT|/Users/chaidir.pratama01/Documents/Docs/Katalon Studio/Screenshot/test-Dashboard for CCC/OCS.png]]

2021-01-21 15:54:39 - [MESSAGE][PASSED] - Object '' is present

2021-01-21 15:54:39 - [MESSAGE][PASSED] - Object: '' is clicked on

2021-01-21 15:54:39 - [MESSAGE][PASSED] - Wait for page load successfully

2021-01-21 15:54:39 - [MESSAGE][PASSED] - Select Menu "Dashboard for CCC/OCS"

2021-01-21 15:54:39 - [TEST_STEP][PASSED] - Select STATUS "Waiting Partner Confirmation": Select STATUS "Waiting Partner Confirmation"

2021-01-21 15:54:39 - [MESSAGE][PASSED] - All options with value 'Waiting Partner Confirmation' are selected in object ''  using regular expression

2021-01-21 15:54:39 - [MESSAGE][PASSED] - Select STATUS "Waiting Partner Confirmation"

2021-01-21 15:54:39 - [TEST_STEP][PASSED] - Click button "Search": Click button "Search"

2021-01-21 15:54:39 - [MESSAGE][INFO] - >>>>>//Button[contains(text(),'Search')]

2021-01-21 15:54:42 - [MESSAGE][PASSED] - Object '' is present

2021-01-21 15:54:42 - [MESSAGE][PASSED] - Object: '' is clicked on

2021-01-21 15:54:42 - [MESSAGE][PASSED] - Switched to window with index: '0'

2021-01-21 15:54:42 - [MESSAGE][PASSED] - Click button "Search"

2021-01-21 15:54:42 - [TEST_STEP][PASSED] - Verify Search Result Presents: Verify Search Result Presents

2021-01-21 15:54:42 - [MESSAGE][PASSED] - Object '' is present

2021-01-21 15:54:46 - [MESSAGE][PASSED] - Verify Search Result Presents

2021-01-21 15:54:46 - [TEST_STEP][PASSED] - Click button "Logout": Click button "Logout"

2021-01-21 15:54:46 - [MESSAGE][INFO] - >>>>>//Button[contains(text(),'Logout')]

2021-01-21 15:54:49 - [MESSAGE][PASSED] - Object '' is present

2021-01-21 15:54:49 - [MESSAGE][PASSED] - Object: '' is clicked on

2021-01-21 15:54:49 - [MESSAGE][PASSED] - Switched to window with index: '0'

2021-01-21 15:54:49 - [MESSAGE][PASSED] - Click button "Logout"

2021-01-21 15:54:49 - [TEST_STEP][PASSED] - Close browser: Close browser

2021-01-21 15:54:50 - [MESSAGE][PASSED] - Browser is closed

2021-01-21 15:54:50 - [MESSAGE][PASSED] - Close browser

2021-01-21 15:54:50 - [TEST_CASE][PASSED] - Start Test Case : SCENARIO Search by STATUS Success to Disburse: SCENARIO Search by STATUS Success to Disburse

2021-01-21 15:54:50 - [TEST_STEP][PASSED] - Go to ISTools: Go to ISTools

2021-01-21 15:54:50 - [MESSAGE][INFO] - Starting 'Chrome (headless)' driver

2021-01-21 15:54:50 - [MESSAGE][INFO] - User set preference: ['args', '[--start-maximized, --disable-gpu, --no-proxy-server, –-no-sandbox, --allow-running-insecure-content, --ignore-certificate-errors, window-size=1680,814, force-device-scale-factor=2, --lang=en-GB]']

2021-01-21 15:54:50 - [MESSAGE][INFO] - User set preference: ['prefs', '{download.default_directory=/Users/chaidir.pratama01/Katalon Studio/IST_Automation_Git/Download}']

2021-01-21 15:54:50 - [MESSAGE][INFO] - Action delay is set to 0 milliseconds

2021-01-21 15:54:50 - [MESSAGE][PASSED] - Browser is opened with url: ''

2021-01-21 15:54:51 - [MESSAGE][PASSED] - Navigate to 'https://dev-istools.homecredit.id/foundation/' successfully

2021-01-21 15:54:51 - [MESSAGE][PASSED] - Go to ISTools

2021-01-21 15:54:51 - [TEST_STEP][PASSED] - Login IST with valid credentials: Login IST with valid credentials

2021-01-21 15:54:51 - [MESSAGE][PASSED] - Text 'mobile.test' is set on object 'Object Repository/Page_/input_Username_j_username'

2021-01-21 15:54:51 - [MESSAGE][PASSED] - Text ****** has been set on object 'Object Repository/Page_/input_Password_j_password'

2021-01-21 15:54:51 - [MESSAGE][PASSED] - Object: 'Object Repository/Page_/button_Login' is clicked on

2021-01-21 15:54:51 - [MESSAGE][PASSED] - Login IST with valid credentials

2021-01-21 15:54:51 - [TEST_STEP][PASSED] - Login Success: Login Success

2021-01-21 15:54:51 - [MESSAGE][INFO] - Login Success

2021-01-21 15:54:51 - [MESSAGE][PASSED] - Current window maximized

2021-01-21 15:54:51 - [MESSAGE][PASSED] - Object 'Object Repository/Page_/h1_Welcome to IT Supporting Tools' is present

2021-01-21 15:54:51 - [MESSAGE][PASSED] - Login Success

2021-01-21 15:54:51 - [TEST_STEP][PASSED] - Select Arrow Menu "Real Time Disbursement": Select Arrow Menu "Real Time Disbursement"

2021-01-21 15:54:51 - [MESSAGE][PASSED] - Object: '' is clicked on

2021-01-21 15:54:51 - [MESSAGE][PASSED] - Select Arrow Menu "Real Time Disbursement"

2021-01-21 15:54:51 - [TEST_STEP][PASSED] - Select Menu "Dashboard for CCC/OCS": Select Menu "Dashboard for CCC/OCS"

2021-01-21 15:54:52 - [MESSAGE][PASSED] - Taking screenshot successfully
[[ATTACHMENT|/Users/chaidir.pratama01/Documents/Docs/Katalon Studio/Screenshot/test-Dashboard for CCC/OCS.png]]

2021-01-21 15:54:52 - [MESSAGE][PASSED] - Object '' is present

2021-01-21 15:54:52 - [MESSAGE][PASSED] - Object: '' is clicked on

2021-01-21 15:54:52 - [MESSAGE][PASSED] - Wait for page load successfully

2021-01-21 15:54:52 - [MESSAGE][PASSED] - Select Menu "Dashboard for CCC/OCS"

2021-01-21 15:54:52 - [TEST_STEP][PASSED] - Select STATUS "Success to Disburse": Select STATUS "Success to Disburse"

2021-01-21 15:54:52 - [MESSAGE][PASSED] - All options with value 'Success to Disburse' are selected in object ''  using regular expression

2021-01-21 15:54:52 - [MESSAGE][PASSED] - Select STATUS "Success to Disburse"

2021-01-21 15:54:52 - [TEST_STEP][PASSED] - Click button "Search": Click button "Search"

2021-01-21 15:54:52 - [MESSAGE][INFO] - >>>>>//Button[contains(text(),'Search')]

2021-01-21 15:54:55 - [MESSAGE][PASSED] - Object '' is present

2021-01-21 15:54:55 - [MESSAGE][PASSED] - Object: '' is clicked on

2021-01-21 15:54:55 - [MESSAGE][PASSED] - Switched to window with index: '0'

2021-01-21 15:54:55 - [MESSAGE][PASSED] - Click button "Search"

2021-01-21 15:54:55 - [TEST_STEP][PASSED] - Verify Search Result Presents: Verify Search Result Presents

2021-01-21 15:54:55 - [MESSAGE][PASSED] - Object '' is present

2021-01-21 15:54:56 - [MESSAGE][PASSED] - Verify Search Result Presents

2021-01-21 15:54:56 - [TEST_STEP][PASSED] - Click button "Logout": Click button "Logout"

2021-01-21 15:54:56 - [MESSAGE][INFO] - >>>>>//Button[contains(text(),'Logout')]

2021-01-21 15:54:59 - [MESSAGE][PASSED] - Object '' is present

2021-01-21 15:54:59 - [MESSAGE][PASSED] - Object: '' is clicked on

2021-01-21 15:54:59 - [MESSAGE][PASSED] - Switched to window with index: '0'

2021-01-21 15:54:59 - [MESSAGE][PASSED] - Click button "Logout"

2021-01-21 15:54:59 - [TEST_STEP][PASSED] - Close browser: Close browser

2021-01-21 15:54:59 - [MESSAGE][PASSED] - Browser is closed

2021-01-21 15:54:59 - [MESSAGE][PASSED] - Close browser

2021-01-21 15:54:59 - [MESSAGE][PASSED] - Feature file: 'Include/features/IST_Real/RTD/Dashboard_for_CCC_OCS/Search_by_STATUS_CCC_OCS.feature' was passed]]></system-out>
         <system-err><![CDATA[]]></system-err>
      </testcase>
      <testcase name="Test Cases/RTD/Dashboard for CCC OCS/TC_Search_by_Contract_Number_CCC_OCS" time="6.381" classname="Test Cases/RTD/Dashboard for CCC OCS/TC_Search_by_Contract_Number_CCC_OCS" status="PASSED">
         <system-out><![CDATA[2021-01-21 15:54:59 - [TEST_CASE][PASSED] - Test Cases/RTD/Dashboard for CCC OCS/TC_Search_by_Contract_Number_CCC_OCS: Test Cases/RTD/Dashboard for CCC OCS/TC_Search_by_Contract_Number_CCC_OCS

2021-01-21 15:54:59 - [TEST_STEP][PASSED] - runFeatureFile("Include/features/IST_Real/RTD/Dashboard_for_CCC_OCS/Search_by_Contract_Number_CCC_OCS.feature"): Feature file: 'Include/features/IST_Real/RTD/Dashboard_for_CCC_OCS/Search_by_Contract_Number_CCC_OCS.feature' was passed

2021-01-21 15:54:59 - [MESSAGE][INFO] - Starting run keyword runFeatureFile: 'Include/features/IST_Real/RTD/Dashboard_for_CCC_OCS/Search_by_Contract_Number_CCC_OCS.feature' and extract report to folder: '/Users/chaidir.pratama01/Katalon Studio/IST_Automation_Git/Reports/20210121_153655/RTD/TS_Dashboard_for_CCC_OCS/20210121_153658/cucumber_report/1611219299793'...

2021-01-21 15:54:59 - [TEST_CASE][PASSED] - Start Test Case : SCENARIO Search by Contract Number and it found on Dashboard: SCENARIO Search by Contract Number and it found on Dashboard

2021-01-21 15:54:59 - [TEST_STEP][PASSED] - Go to ISTools: Go to ISTools

2021-01-21 15:54:59 - [MESSAGE][INFO] - Starting 'Chrome (headless)' driver

2021-01-21 15:54:59 - [MESSAGE][INFO] - User set preference: ['args', '[--start-maximized, --disable-gpu, --no-proxy-server, –-no-sandbox, --allow-running-insecure-content, --ignore-certificate-errors, window-size=1680,814, force-device-scale-factor=2, --lang=en-GB]']

2021-01-21 15:54:59 - [MESSAGE][INFO] - User set preference: ['prefs', '{download.default_directory=/Users/chaidir.pratama01/Katalon Studio/IST_Automation_Git/Download}']

2021-01-21 15:54:59 - [MESSAGE][INFO] - Action delay is set to 0 milliseconds

2021-01-21 15:55:00 - [MESSAGE][PASSED] - Browser is opened with url: ''

2021-01-21 15:55:00 - [MESSAGE][PASSED] - Navigate to 'https://dev-istools.homecredit.id/foundation/' successfully

2021-01-21 15:55:00 - [MESSAGE][PASSED] - Go to ISTools

2021-01-21 15:55:00 - [TEST_STEP][PASSED] - Login IST with valid credentials: Login IST with valid credentials

2021-01-21 15:55:01 - [MESSAGE][PASSED] - Text 'mobile.test' is set on object 'Object Repository/Page_/input_Username_j_username'

2021-01-21 15:55:01 - [MESSAGE][PASSED] - Text ****** has been set on object 'Object Repository/Page_/input_Password_j_password'

2021-01-21 15:55:01 - [MESSAGE][PASSED] - Object: 'Object Repository/Page_/button_Login' is clicked on

2021-01-21 15:55:01 - [MESSAGE][PASSED] - Login IST with valid credentials

2021-01-21 15:55:01 - [TEST_STEP][PASSED] - Login Success: Login Success

2021-01-21 15:55:01 - [MESSAGE][INFO] - Login Success

2021-01-21 15:55:01 - [MESSAGE][PASSED] - Current window maximized

2021-01-21 15:55:01 - [MESSAGE][PASSED] - Object 'Object Repository/Page_/h1_Welcome to IT Supporting Tools' is present

2021-01-21 15:55:01 - [MESSAGE][PASSED] - Login Success

2021-01-21 15:55:01 - [TEST_STEP][PASSED] - Select Arrow Menu "Real Time Disbursement": Select Arrow Menu "Real Time Disbursement"

2021-01-21 15:55:01 - [MESSAGE][PASSED] - Object: '' is clicked on

2021-01-21 15:55:01 - [MESSAGE][PASSED] - Select Arrow Menu "Real Time Disbursement"

2021-01-21 15:55:01 - [TEST_STEP][PASSED] - Select Menu "Dashboard for CCC/OCS": Select Menu "Dashboard for CCC/OCS"

2021-01-21 15:55:02 - [MESSAGE][PASSED] - Taking screenshot successfully
[[ATTACHMENT|/Users/chaidir.pratama01/Documents/Docs/Katalon Studio/Screenshot/test-Dashboard for CCC/OCS.png]]

2021-01-21 15:55:02 - [MESSAGE][PASSED] - Object '' is present

2021-01-21 15:55:02 - [MESSAGE][PASSED] - Object: '' is clicked on

2021-01-21 15:55:02 - [MESSAGE][PASSED] - Wait for page load successfully

2021-01-21 15:55:02 - [MESSAGE][PASSED] - Select Menu "Dashboard for CCC/OCS"

2021-01-21 15:55:02 - [TEST_STEP][PASSED] - Input Contract RTD in Contract Number label: Input Contract RTD in Contract Number label

2021-01-21 15:55:02 - [MESSAGE][PASSED] - Text '4000014162' is set on object ''

2021-01-21 15:55:02 - [MESSAGE][PASSED] - Input Contract RTD in Contract Number label

2021-01-21 15:55:02 - [TEST_STEP][PASSED] - Click button "Search": Click button "Search"

2021-01-21 15:55:02 - [MESSAGE][INFO] - >>>>>//Button[contains(text(),'Search')]

2021-01-21 15:55:05 - [MESSAGE][PASSED] - Object '' is present

2021-01-21 15:55:05 - [MESSAGE][PASSED] - Object: '' is clicked on

2021-01-21 15:55:05 - [MESSAGE][PASSED] - Switched to window with index: '0'

2021-01-21 15:55:05 - [MESSAGE][PASSED] - Click button "Search"

2021-01-21 15:55:05 - [TEST_STEP][PASSED] - Verify Search Result Presents: Verify Search Result Presents

2021-01-21 15:55:05 - [MESSAGE][PASSED] - Object '' is present

2021-01-21 15:55:06 - [MESSAGE][PASSED] - Verify Search Result Presents

2021-01-21 15:55:06 - [MESSAGE][PASSED] - Feature file: 'Include/features/IST_Real/RTD/Dashboard_for_CCC_OCS/Search_by_Contract_Number_CCC_OCS.feature' was passed]]></system-out>
         <system-err><![CDATA[]]></system-err>
      </testcase>
      <testcase name="Test Cases/RTD/Dashboard for CCC OCS/TC_View_Detail_CCC_OCS" time="40.855" classname="Test Cases/RTD/Dashboard for CCC OCS/TC_View_Detail_CCC_OCS" status="PASSED">
         <system-out><![CDATA[2021-01-21 15:55:06 - [TEST_CASE][PASSED] - Test Cases/RTD/Dashboard for CCC OCS/TC_View_Detail_CCC_OCS: Test Cases/RTD/Dashboard for CCC OCS/TC_View_Detail_CCC_OCS

2021-01-21 15:55:06 - [TEST_STEP][PASSED] - runFeatureFile("Include/features/IST_Real/RTD/Dashboard_for_CCC_OCS/View_Detail_CCC_OCS.feature"): Feature file: 'Include/features/IST_Real/RTD/Dashboard_for_CCC_OCS/View_Detail_CCC_OCS.feature' was passed

2021-01-21 15:55:06 - [MESSAGE][INFO] - Starting run keyword runFeatureFile: 'Include/features/IST_Real/RTD/Dashboard_for_CCC_OCS/View_Detail_CCC_OCS.feature' and extract report to folder: '/Users/chaidir.pratama01/Katalon Studio/IST_Automation_Git/Reports/20210121_153655/RTD/TS_Dashboard_for_CCC_OCS/20210121_153658/cucumber_report/1611219306171'...

2021-01-21 15:55:06 - [TEST_CASE][PASSED] - Start Test Case : SCENARIO Search by STATUS Success to Disburse and then View Detail of it: SCENARIO Search by STATUS Success to Disburse and then View Detail of it

2021-01-21 15:55:06 - [TEST_STEP][PASSED] - Go to ISTools: Go to ISTools

2021-01-21 15:55:06 - [MESSAGE][WARNING] - A browser is already opened. Closing browser and opening a new one

2021-01-21 15:55:06 - [MESSAGE][INFO] - Starting 'Chrome (headless)' driver

2021-01-21 15:55:06 - [MESSAGE][INFO] - User set preference: ['args', '[--start-maximized, --disable-gpu, --no-proxy-server, –-no-sandbox, --allow-running-insecure-content, --ignore-certificate-errors, window-size=1680,814, force-device-scale-factor=2, --lang=en-GB]']

2021-01-21 15:55:06 - [MESSAGE][INFO] - User set preference: ['prefs', '{download.default_directory=/Users/chaidir.pratama01/Katalon Studio/IST_Automation_Git/Download}']

2021-01-21 15:55:06 - [MESSAGE][INFO] - Action delay is set to 0 milliseconds

2021-01-21 15:55:06 - [MESSAGE][PASSED] - Browser is opened with url: ''

2021-01-21 15:55:07 - [MESSAGE][PASSED] - Navigate to 'https://dev-istools.homecredit.id/foundation/' successfully

2021-01-21 15:55:07 - [MESSAGE][PASSED] - Go to ISTools

2021-01-21 15:55:07 - [TEST_STEP][PASSED] - Login IST with valid credentials: Login IST with valid credentials

2021-01-21 15:55:07 - [MESSAGE][PASSED] - Text 'mobile.test' is set on object 'Object Repository/Page_/input_Username_j_username'

2021-01-21 15:55:07 - [MESSAGE][PASSED] - Text ****** has been set on object 'Object Repository/Page_/input_Password_j_password'

2021-01-21 15:55:07 - [MESSAGE][PASSED] - Object: 'Object Repository/Page_/button_Login' is clicked on

2021-01-21 15:55:07 - [MESSAGE][PASSED] - Login IST with valid credentials

2021-01-21 15:55:07 - [TEST_STEP][PASSED] - Login Success: Login Success

2021-01-21 15:55:07 - [MESSAGE][INFO] - Login Success

2021-01-21 15:55:08 - [MESSAGE][PASSED] - Current window maximized

2021-01-21 15:55:08 - [MESSAGE][PASSED] - Object 'Object Repository/Page_/h1_Welcome to IT Supporting Tools' is present

2021-01-21 15:55:08 - [MESSAGE][PASSED] - Login Success

2021-01-21 15:55:08 - [TEST_STEP][PASSED] - Select Arrow Menu "Real Time Disbursement": Select Arrow Menu "Real Time Disbursement"

2021-01-21 15:55:08 - [MESSAGE][PASSED] - Object: '' is clicked on

2021-01-21 15:55:08 - [MESSAGE][PASSED] - Select Arrow Menu "Real Time Disbursement"

2021-01-21 15:55:08 - [TEST_STEP][PASSED] - Select Menu "Dashboard for CCC/OCS": Select Menu "Dashboard for CCC/OCS"

2021-01-21 15:55:08 - [MESSAGE][PASSED] - Taking screenshot successfully
[[ATTACHMENT|/Users/chaidir.pratama01/Documents/Docs/Katalon Studio/Screenshot/test-Dashboard for CCC/OCS.png]]

2021-01-21 15:55:08 - [MESSAGE][PASSED] - Object '' is present

2021-01-21 15:55:08 - [MESSAGE][PASSED] - Object: '' is clicked on

2021-01-21 15:55:08 - [MESSAGE][PASSED] - Wait for page load successfully

2021-01-21 15:55:08 - [MESSAGE][PASSED] - Select Menu "Dashboard for CCC/OCS"

2021-01-21 15:55:08 - [TEST_STEP][PASSED] - Select STATUS "Success to Disburse": Select STATUS "Success to Disburse"

2021-01-21 15:55:09 - [MESSAGE][PASSED] - All options with value 'Success to Disburse' are selected in object ''  using regular expression

2021-01-21 15:55:09 - [MESSAGE][PASSED] - Select STATUS "Success to Disburse"

2021-01-21 15:55:09 - [TEST_STEP][PASSED] - Click button "Search": Click button "Search"

2021-01-21 15:55:09 - [MESSAGE][INFO] - >>>>>//Button[contains(text(),'Search')]

2021-01-21 15:55:12 - [MESSAGE][PASSED] - Object '' is present

2021-01-21 15:55:12 - [MESSAGE][PASSED] - Object: '' is clicked on

2021-01-21 15:55:12 - [MESSAGE][PASSED] - Switched to window with index: '0'

2021-01-21 15:55:12 - [MESSAGE][PASSED] - Click button "Search"

2021-01-21 15:55:12 - [TEST_STEP][PASSED] - Verify Search Result Presents: Verify Search Result Presents

2021-01-21 15:55:12 - [MESSAGE][PASSED] - Object '' is present

2021-01-21 15:55:12 - [MESSAGE][PASSED] - Verify Search Result Presents

2021-01-21 15:55:12 - [TEST_STEP][PASSED] - Click View Detail: Click View Detail

2021-01-21 15:55:12 - [MESSAGE][PASSED] - Object '' is present

2021-01-21 15:55:12 - [MESSAGE][PASSED] - Object: '' is clicked on

2021-01-21 15:55:12 - [MESSAGE][PASSED] - Click View Detail

2021-01-21 15:55:12 - [TEST_STEP][PASSED] - Verify Information in View Detail: Verify Information in View Detail

2021-01-21 15:55:15 - [MESSAGE][PASSED] - Delayed 3 second(s)

2021-01-21 15:55:15 - [MESSAGE][PASSED] - Attribute 'value' of object '' is: '3900014152'

2021-01-21 15:55:18 - [MESSAGE][PASSED] - Delayed 3 second(s)

2021-01-21 15:55:19 - [MESSAGE][PASSED] - Attribute 'value' of object '' is: 'IDITXLeks TESTERbIvIvO'

2021-01-21 15:55:22 - [MESSAGE][PASSED] - Delayed 3 second(s)

2021-01-21 15:55:22 - [MESSAGE][PASSED] - Attribute 'value' of object '' is: 'Success to Disburse'

2021-01-21 15:55:25 - [MESSAGE][PASSED] - Delayed 3 second(s)

2021-01-21 15:55:25 - [MESSAGE][PASSED] - Attribute 'value' of object '' is: 'Rp 7,000,000'

2021-01-21 15:55:28 - [MESSAGE][PASSED] - Delayed 3 second(s)

2021-01-21 15:55:28 - [MESSAGE][PASSED] - Attribute 'value' of object '' is: 'KESEJAHTERAAN EKONOMI'

2021-01-21 15:55:31 - [MESSAGE][PASSED] - Delayed 3 second(s)

2021-01-21 15:55:31 - [MESSAGE][PASSED] - Attribute 'value' of object '' is: '1'

2021-01-21 15:55:34 - [MESSAGE][PASSED] - Delayed 3 second(s)

2021-01-21 15:55:34 - [MESSAGE][PASSED] - Attribute 'value' of object '' is: 'NAMA ADA DISINI'

2021-01-21 15:55:37 - [MESSAGE][PASSED] - Delayed 3 second(s)

2021-01-21 15:55:37 - [MESSAGE][PASSED] - Attribute 'value' of object '' is: 'KESEJAHTERAAN EKONOMI'

2021-01-21 15:55:40 - [MESSAGE][PASSED] - Delayed 3 second(s)

2021-01-21 15:55:40 - [MESSAGE][PASSED] - Attribute 'value' of object '' is: ''

2021-01-21 15:55:43 - [MESSAGE][PASSED] - Delayed 3 second(s)

2021-01-21 15:55:43 - [MESSAGE][PASSED] - Attribute 'value' of object '' is: ''

2021-01-21 15:55:43 - [MESSAGE][PASSED] - Text of object '' is: 'Date'

2021-01-21 15:55:43 - [MESSAGE][PASSED] - Text of object '' is: 'Status'

2021-01-21 15:55:43 - [MESSAGE][PASSED] - Text of object '' is: 'Updated Information'

2021-01-21 15:55:43 - [MESSAGE][PASSED] - Text of object '' is: 'Last Update By'

2021-01-21 15:55:43 - [MESSAGE][PASSED] - Text of object '' is: 'Department'

2021-01-21 15:55:43 - [MESSAGE][PASSED] - Verify Information in View Detail

2021-01-21 15:55:43 - [TEST_STEP][PASSED] - Click button "Logout": Click button "Logout"

2021-01-21 15:55:43 - [MESSAGE][INFO] - >>>>>//Button[contains(text(),'Logout')]

2021-01-21 15:55:46 - [MESSAGE][PASSED] - Object '' is present

2021-01-21 15:55:46 - [MESSAGE][PASSED] - Object: '' is clicked on

2021-01-21 15:55:46 - [MESSAGE][PASSED] - Switched to window with index: '0'

2021-01-21 15:55:46 - [MESSAGE][PASSED] - Click button "Logout"

2021-01-21 15:55:46 - [TEST_STEP][PASSED] - Close browser: Close browser

2021-01-21 15:55:46 - [MESSAGE][PASSED] - Browser is closed

2021-01-21 15:55:46 - [MESSAGE][PASSED] - Close browser

2021-01-21 15:55:46 - [MESSAGE][PASSED] - Feature file: 'Include/features/IST_Real/RTD/Dashboard_for_CCC_OCS/View_Detail_CCC_OCS.feature' was passed]]></system-out>
         <system-err><![CDATA[]]></system-err>
      </testcase>
      <testcase name="Test Cases/RTD/Dashboard for CCC OCS/TC_Export_Data_CCC_OCS" time="9.55" classname="Test Cases/RTD/Dashboard for CCC OCS/TC_Export_Data_CCC_OCS" status="PASSED">
         <system-out><![CDATA[2021-01-21 15:55:46 - [TEST_CASE][PASSED] - Test Cases/RTD/Dashboard for CCC OCS/TC_Export_Data_CCC_OCS: Test Cases/RTD/Dashboard for CCC OCS/TC_Export_Data_CCC_OCS

2021-01-21 15:55:47 - [TEST_STEP][PASSED] - runFeatureFile("Include/features/IST_Real/RTD/Dashboard_for_CCC_OCS/Export_Data_CCC_OCS.feature"): Feature file: 'Include/features/IST_Real/RTD/Dashboard_for_CCC_OCS/Export_Data_CCC_OCS.feature' was passed

2021-01-21 15:55:47 - [MESSAGE][INFO] - Starting run keyword runFeatureFile: 'Include/features/IST_Real/RTD/Dashboard_for_CCC_OCS/Export_Data_CCC_OCS.feature' and extract report to folder: '/Users/chaidir.pratama01/Katalon Studio/IST_Automation_Git/Reports/20210121_153655/RTD/TS_Dashboard_for_CCC_OCS/20210121_153658/cucumber_report/1611219347031'...

2021-01-21 15:55:47 - [TEST_CASE][PASSED] - Start Test Case : SCENARIO Export Data: SCENARIO Export Data

2021-01-21 15:55:47 - [TEST_STEP][PASSED] - Go to ISTools: Go to ISTools

2021-01-21 15:55:47 - [MESSAGE][INFO] - Starting 'Chrome (headless)' driver

2021-01-21 15:55:47 - [MESSAGE][INFO] - User set preference: ['args', '[--start-maximized, --disable-gpu, --no-proxy-server, –-no-sandbox, --allow-running-insecure-content, --ignore-certificate-errors, window-size=1680,814, force-device-scale-factor=2, --lang=en-GB]']

2021-01-21 15:55:47 - [MESSAGE][INFO] - User set preference: ['prefs', '{download.default_directory=/Users/chaidir.pratama01/Katalon Studio/IST_Automation_Git/Download}']

2021-01-21 15:55:47 - [MESSAGE][INFO] - Action delay is set to 0 milliseconds

2021-01-21 15:55:47 - [MESSAGE][PASSED] - Browser is opened with url: ''

2021-01-21 15:55:48 - [MESSAGE][PASSED] - Navigate to 'https://dev-istools.homecredit.id/foundation/' successfully

2021-01-21 15:55:48 - [MESSAGE][PASSED] - Go to ISTools

2021-01-21 15:55:48 - [TEST_STEP][PASSED] - Login IST with valid credentials: Login IST with valid credentials

2021-01-21 15:55:48 - [MESSAGE][PASSED] - Text 'mobile.test' is set on object 'Object Repository/Page_/input_Username_j_username'

2021-01-21 15:55:48 - [MESSAGE][PASSED] - Text ****** has been set on object 'Object Repository/Page_/input_Password_j_password'

2021-01-21 15:55:48 - [MESSAGE][PASSED] - Object: 'Object Repository/Page_/button_Login' is clicked on

2021-01-21 15:55:48 - [MESSAGE][PASSED] - Login IST with valid credentials

2021-01-21 15:55:48 - [TEST_STEP][PASSED] - Login Success: Login Success

2021-01-21 15:55:48 - [MESSAGE][INFO] - Login Success

2021-01-21 15:55:48 - [MESSAGE][PASSED] - Current window maximized

2021-01-21 15:55:48 - [MESSAGE][PASSED] - Object 'Object Repository/Page_/h1_Welcome to IT Supporting Tools' is present

2021-01-21 15:55:48 - [MESSAGE][PASSED] - Login Success

2021-01-21 15:55:48 - [TEST_STEP][PASSED] - Select Arrow Menu "Real Time Disbursement": Select Arrow Menu "Real Time Disbursement"

2021-01-21 15:55:48 - [MESSAGE][PASSED] - Object: '' is clicked on

2021-01-21 15:55:48 - [MESSAGE][PASSED] - Select Arrow Menu "Real Time Disbursement"

2021-01-21 15:55:48 - [TEST_STEP][PASSED] - Select Menu "Dashboard for CCC/OCS": Select Menu "Dashboard for CCC/OCS"

2021-01-21 15:55:49 - [MESSAGE][PASSED] - Taking screenshot successfully
[[ATTACHMENT|/Users/chaidir.pratama01/Documents/Docs/Katalon Studio/Screenshot/test-Dashboard for CCC/OCS.png]]

2021-01-21 15:55:49 - [MESSAGE][PASSED] - Object '' is present

2021-01-21 15:55:49 - [MESSAGE][PASSED] - Object: '' is clicked on

2021-01-21 15:55:49 - [MESSAGE][PASSED] - Wait for page load successfully

2021-01-21 15:55:49 - [MESSAGE][PASSED] - Select Menu "Dashboard for CCC/OCS"

2021-01-21 15:55:49 - [TEST_STEP][PASSED] - Input Contract RTD in Contract Number label: Input Contract RTD in Contract Number label

2021-01-21 15:55:49 - [MESSAGE][PASSED] - Text '4000014162' is set on object ''

2021-01-21 15:55:49 - [MESSAGE][PASSED] - Input Contract RTD in Contract Number label

2021-01-21 15:55:49 - [TEST_STEP][PASSED] - Click button "Search": Click button "Search"

2021-01-21 15:55:49 - [MESSAGE][INFO] - >>>>>//Button[contains(text(),'Search')]

2021-01-21 15:55:52 - [MESSAGE][PASSED] - Object '' is present

2021-01-21 15:55:52 - [MESSAGE][PASSED] - Object: '' is clicked on

2021-01-21 15:55:52 - [MESSAGE][PASSED] - Switched to window with index: '0'

2021-01-21 15:55:52 - [MESSAGE][PASSED] - Click button "Search"

2021-01-21 15:55:52 - [TEST_STEP][PASSED] - Verify Table Filled: Verify Table Filled

2021-01-21 15:55:52 - [MESSAGE][PASSED] - Object '' is present

2021-01-21 15:55:52 - [MESSAGE][PASSED] - Verify Table Filled

2021-01-21 15:55:52 - [TEST_STEP][PASSED] - Click button "Export Data": Click button "Export Data"

2021-01-21 15:55:52 - [MESSAGE][INFO] - >>>>>//Button[contains(text(),'Export Data')]

2021-01-21 15:55:55 - [MESSAGE][PASSED] - Object: '' is clicked on

2021-01-21 15:55:56 - [MESSAGE][PASSED] - Taking screenshot successfully
[[ATTACHMENT|/Users/chaidir.pratama01/Documents/Docs/Katalon Studio/Screenshot/Download_data.png]]

2021-01-21 15:55:56 - [MESSAGE][PASSED] - Click button "Export Data"

2021-01-21 15:55:56 - [MESSAGE][PASSED] - Feature file: 'Include/features/IST_Real/RTD/Dashboard_for_CCC_OCS/Export_Data_CCC_OCS.feature' was passed]]></system-out>
         <system-err><![CDATA[]]></system-err>
      </testcase>
      <system-out><![CDATA[2021-01-21 15:51:11 - [TEST_SUITE][PASSED] - TS_Dashboard_for_CCC_OCS: Test Cases/RTD/Dashboard for CCC OCS/TC_Export_Data_CCC_OCS]]></system-out>
      <system-err><![CDATA[]]></system-err>
   </testsuite>
</testsuites>
