<?xml version="1.0" encoding="UTF-8"?>
<testsuites name="TS_CONTRACT_DISPATCHER_BPKB" time="309.556" tests="15" failures="2" errors="0">
   <testsuite name="TS_CONTRACT_DISPATCHER_BPKB" tests="15" failures="2" errors="0" time="309.556" timestamp="2020-10-14 13:53:29" hostname="chaidir.pratama01 - localhost" id="Test Suites/CONTRACT_DISPATCHER_BPKB/TS_CONTRACT_DISPATCHER_BPKB">
      <properties>
[...]
</properties>
      <testcase name="Test Cases/IST_Real/CONTRACT_DISPATCHER_BPKB/Update_Tbl_CDS_CDC_TRKRegMistake" time="3.136" classname="Test Cases/IST_Real/CONTRACT_DISPATCHER_BPKB/Update_Tbl_CDS_CDC_TRKRegMistake" status="PASSED">
         <system-out><![CDATA[2020-10-14 13:53:29 - [TEST_CASE][PASSED] - Test Cases/IST_Real/CONTRACT_DISPATCHER_BPKB/Update_Tbl_CDS_CDC_TRKRegMistake: Test Cases/IST_Real/CONTRACT_DISPATCHER_BPKB/Update_Tbl_CDS_CDC_TRKRegMistake

2020-10-14 13:53:29 - [TEST_STEP][PASSED] - runFeatureFile("Include/features/IST_Real/CONTRACT_DISPATCHER_BPKB/Update_Tbl_CDS_CDC_TRKRegMistake.feature"): Feature file: 'Include/features/IST_Real/CONTRACT_DISPATCHER_BPKB/Update_Tbl_CDS_CDC_TRKRegMistake.feature' was passed

2020-10-14 13:53:29 - [MESSAGE][INFO] - Starting run keyword runFeatureFile: 'Include/features/IST_Real/CONTRACT_DISPATCHER_BPKB/Update_Tbl_CDS_CDC_TRKRegMistake.feature' and extract report to folder: '/Users/chaidir.pratama01/Katalon Studio/IST_Automation_Git/Reports/20201014_135321/CONTRACT_DISPATCHER_BPKB/TS_CONTRACT_DISPATCHER_BPKB/20201014_135321/cucumber_report/1602658409581'...

2020-10-14 13:53:30 - [TEST_CASE][PASSED] - Start Test Case : SCENARIO Update Table CONTRACT_DISPATCHER_SOURCE and CONTRACT_DISPTACHER_CLAIM: SCENARIO Update Table CONTRACT_DISPATCHER_SOURCE and CONTRACT_DISPTACHER_CLAIM

2020-10-14 13:53:30 - [TEST_STEP][PASSED] - Connect to Database: Connect to Database

2020-10-14 13:53:31 - [MESSAGE][PASSED] - Connect to Database

2020-10-14 13:53:31 - [TEST_STEP][PASSED] - Update Tbl CONTRACT DISPATCHER SRC BPKB To Change PROCESSED From Y to N For BPKB: Update Tbl CONTRACT DISPATCHER SRC BPKB To Change PROCESSED From Y to N For BPKB

2020-10-14 13:53:31 - [MESSAGE][PASSED] - Update Tbl CONTRACT DISPATCHER SRC BPKB To Change PROCESSED From Y to N For BPKB

2020-10-14 13:53:31 - [TEST_STEP][PASSED] - Update Tbl CONTRACT DISPATCHER CLAIM To Delete PROCESS From Column STATUS: Update Tbl CONTRACT DISPATCHER CLAIM To Delete PROCESS From Column STATUS

2020-10-14 13:53:32 - [MESSAGE][PASSED] - Update Tbl CONTRACT DISPATCHER CLAIM To Delete PROCESS From Column STATUS

2020-10-14 13:53:32 - [TEST_STEP][PASSED] - Delete Contract From TRK_REGISTRATION_MISTAKE: Delete Contract From TRK_REGISTRATION_MISTAKE

2020-10-14 13:53:32 - [MESSAGE][PASSED] - Delete Contract From TRK_REGISTRATION_MISTAKE

2020-10-14 13:53:32 - [MESSAGE][PASSED] - Feature file: 'Include/features/IST_Real/CONTRACT_DISPATCHER_BPKB/Update_Tbl_CDS_CDC_TRKRegMistake.feature' was passed]]></system-out>
         <system-err><![CDATA[]]></system-err>
      </testcase>
      <testcase name="Test Cases/IST_Real/CONTRACT_DISPATCHER_BPKB/Contract_Dispatcher_BPKB" time="36.296" classname="Test Cases/IST_Real/CONTRACT_DISPATCHER_BPKB/Contract_Dispatcher_BPKB" status="PASSED">
         <system-out><![CDATA[2020-10-14 13:53:32 - [TEST_CASE][PASSED] - Test Cases/IST_Real/CONTRACT_DISPATCHER_BPKB/Contract_Dispatcher_BPKB: Test Cases/IST_Real/CONTRACT_DISPATCHER_BPKB/Contract_Dispatcher_BPKB

2020-10-14 13:53:32 - [TEST_STEP][PASSED] - runFeatureFile("Include/features/IST_Real/CONTRACT_DISPATCHER_BPKB/Contract_Dispatcher_BPKB.feature"): Feature file: 'Include/features/IST_Real/CONTRACT_DISPATCHER_BPKB/Contract_Dispatcher_BPKB.feature' was passed

2020-10-14 13:53:32 - [MESSAGE][INFO] - Starting run keyword runFeatureFile: 'Include/features/IST_Real/CONTRACT_DISPATCHER_BPKB/Contract_Dispatcher_BPKB.feature' and extract report to folder: '/Users/chaidir.pratama01/Katalon Studio/IST_Automation_Git/Reports/20201014_135321/CONTRACT_DISPATCHER_BPKB/TS_CONTRACT_DISPATCHER_BPKB/20201014_135321/cucumber_report/1602658412672'...

2020-10-14 13:53:32 - [TEST_CASE][PASSED] - Start Test Case : SCENARIO Assign User to Contract BPKB: SCENARIO Assign User to Contract BPKB

2020-10-14 13:53:32 - [TEST_STEP][PASSED] - Go to IST: Go to IST

2020-10-14 13:53:32 - [MESSAGE][INFO] - Starting 'Chrome (headless)' driver

2020-10-14 13:53:33 - [MESSAGE][INFO] - User set preference: ['args', '[--start-maximized, --disable-gpu, --no-proxy-server, –no-sandbox, --allow-running-insecure-content, --ignore-certificate-errors]']

2020-10-14 13:53:33 - [MESSAGE][INFO] - Action delay is set to 0 milliseconds

2020-10-14 13:53:33 - [MESSAGE][PASSED] - Browser is opened with url: ''

2020-10-14 13:53:36 - [MESSAGE][PASSED] - Navigate to 'https://dev-ist.homecredit.id/ist_tracker/' successfully

2020-10-14 13:53:36 - [MESSAGE][PASSED] - Taking screenshot successfully
[[ATTACHMENT|/Users/chaidir.pratama01/Documents/Docs/Katalon Studio/Screenshot/IST_Page.png]]

2020-10-14 13:53:36 - [MESSAGE][PASSED] - Go to IST

2020-10-14 13:53:36 - [TEST_STEP][PASSED] - Login IST with valid credentials: Login IST with valid credentials

2020-10-14 13:53:36 - [MESSAGE][PASSED] - Text 'mobile.test' is set on object 'Object Repository/Page_/input_Username_j_username'

2020-10-14 13:53:37 - [MESSAGE][PASSED] - Text ****** has been set on object 'Object Repository/Page_/input_Password_j_password'

2020-10-14 13:53:37 - [MESSAGE][PASSED] - Object: 'Object Repository/Page_/button_Login' is clicked on

2020-10-14 13:53:37 - [MESSAGE][PASSED] - Login IST with valid credentials

2020-10-14 13:53:37 - [TEST_STEP][PASSED] - Login Success: Login Success

2020-10-14 13:53:37 - [MESSAGE][INFO] - Login Success

2020-10-14 13:53:37 - [MESSAGE][PASSED] - Current window maximized

2020-10-14 13:53:37 - [MESSAGE][PASSED] - Object 'Object Repository/Page_/h1_Welcome to IT Supporting Tools' is present

2020-10-14 13:53:37 - [MESSAGE][PASSED] - Login Success

2020-10-14 13:53:37 - [TEST_STEP][PASSED] - Select Arrow Menu "Contract Dispatcher Admin": Select Arrow Menu "Contract Dispatcher Admin"

2020-10-14 13:53:38 - [MESSAGE][PASSED] - Object: '' is clicked on

2020-10-14 13:53:38 - [MESSAGE][PASSED] - Select Arrow Menu "Contract Dispatcher Admin"

2020-10-14 13:53:38 - [TEST_STEP][PASSED] - Select Menu "Management Assignment": Select Menu "Management Assignment"

2020-10-14 13:53:38 - [MESSAGE][PASSED] - Object '' is present

2020-10-14 13:53:38 - [MESSAGE][PASSED] - Object: '' is clicked on

2020-10-14 13:53:38 - [MESSAGE][PASSED] - Wait for page load successfully

2020-10-14 13:53:38 - [MESSAGE][PASSED] - Select Menu "Management Assignment"

2020-10-14 13:53:38 - [TEST_STEP][PASSED] - Select Username "mobile.test" of Management Assignment: Select Username "mobile.test" of Management Assignment

2020-10-14 13:53:39 - [MESSAGE][PASSED] - All options with value 'mobile.test' are selected in object 'Object Repository/Page_/dropdown_list_username_assignment'  using regular expression

2020-10-14 13:53:39 - [MESSAGE][PASSED] - Select Username "mobile.test" of Management Assignment

2020-10-14 13:53:39 - [TEST_STEP][PASSED] - Check for username if already assigned to "BPKB": Check for username if already assigned to "BPKB"

2020-10-14 13:53:42 - [MESSAGE][PASSED] - Scroll to object '' successfully

2020-10-14 13:53:42 - [MESSAGE][PASSED] - Object '' is present

2020-10-14 13:53:42 - [MESSAGE][PASSED] - Object '' is checked

2020-10-14 13:53:42 - [MESSAGE][INFO] - Element is already Checked

2020-10-14 13:53:42 - [MESSAGE][PASSED] - Check for username if already assigned to "BPKB"

2020-10-14 13:53:42 - [TEST_STEP][PASSED] - Wait page for load: Wait page for load

2020-10-14 13:53:42 - [MESSAGE][PASSED] - Wait for page load successfully

2020-10-14 13:53:42 - [MESSAGE][PASSED] - Wait page for load

2020-10-14 13:53:42 - [TEST_STEP][PASSED] - Click button "Logout": Click button "Logout"

2020-10-14 13:53:42 - [MESSAGE][INFO] - >>>>>//Button[contains(text(),'Logout')]

2020-10-14 13:53:46 - [MESSAGE][PASSED] - Object: '' is clicked on

2020-10-14 13:53:46 - [MESSAGE][PASSED] - Click button "Logout"

2020-10-14 13:53:46 - [TEST_STEP][PASSED] - Close browser: Close browser

2020-10-14 13:53:46 - [MESSAGE][PASSED] - Browser is closed

2020-10-14 13:53:46 - [MESSAGE][PASSED] - Close browser

2020-10-14 13:53:46 - [TEST_CASE][PASSED] - Start Test Case : SCENARIO Select Contract Dispatcher Menu based on type contract BPKB: SCENARIO Select Contract Dispatcher Menu based on type contract BPKB

2020-10-14 13:53:46 - [TEST_STEP][PASSED] - Go to IST: Go to IST

2020-10-14 13:53:46 - [MESSAGE][INFO] - Starting 'Chrome (headless)' driver

2020-10-14 13:53:46 - [MESSAGE][INFO] - User set preference: ['args', '[--start-maximized, --disable-gpu, --no-proxy-server, –no-sandbox, --allow-running-insecure-content, --ignore-certificate-errors]']

2020-10-14 13:53:46 - [MESSAGE][INFO] - Action delay is set to 0 milliseconds

2020-10-14 13:53:46 - [MESSAGE][PASSED] - Browser is opened with url: ''

2020-10-14 13:53:49 - [MESSAGE][PASSED] - Navigate to 'https://dev-ist.homecredit.id/ist_tracker/' successfully

2020-10-14 13:53:49 - [MESSAGE][PASSED] - Taking screenshot successfully
[[ATTACHMENT|/Users/chaidir.pratama01/Documents/Docs/Katalon Studio/Screenshot/IST_Page.png]]

2020-10-14 13:53:49 - [MESSAGE][PASSED] - Go to IST

2020-10-14 13:53:49 - [TEST_STEP][PASSED] - Login IST with valid credentials: Login IST with valid credentials

2020-10-14 13:53:50 - [MESSAGE][PASSED] - Text 'mobile.test' is set on object 'Object Repository/Page_/input_Username_j_username'

2020-10-14 13:53:50 - [MESSAGE][PASSED] - Text ****** has been set on object 'Object Repository/Page_/input_Password_j_password'

2020-10-14 13:53:51 - [MESSAGE][PASSED] - Object: 'Object Repository/Page_/button_Login' is clicked on

2020-10-14 13:53:51 - [MESSAGE][PASSED] - Login IST with valid credentials

2020-10-14 13:53:51 - [TEST_STEP][PASSED] - Login Success: Login Success

2020-10-14 13:53:51 - [MESSAGE][INFO] - Login Success

2020-10-14 13:53:51 - [MESSAGE][PASSED] - Current window maximized

2020-10-14 13:53:51 - [MESSAGE][PASSED] - Object 'Object Repository/Page_/h1_Welcome to IT Supporting Tools' is present

2020-10-14 13:53:51 - [MESSAGE][PASSED] - Login Success

2020-10-14 13:53:51 - [TEST_STEP][PASSED] - Select Menu "Contract Dispatcher": Select Menu "Contract Dispatcher"

2020-10-14 13:53:51 - [MESSAGE][PASSED] - Object '' is present

2020-10-14 13:53:52 - [MESSAGE][PASSED] - Object: '' is clicked on

2020-10-14 13:53:52 - [MESSAGE][PASSED] - Wait for page load successfully

2020-10-14 13:53:52 - [MESSAGE][PASSED] - Select Menu "Contract Dispatcher"

2020-10-14 13:53:52 - [TEST_STEP][PASSED] - Select Contract Number based on Type Contract "BPKB": Select Contract Number based on Type Contract "BPKB"

2020-10-14 13:53:52 - [MESSAGE][PASSED] - Object '' is present

2020-10-14 13:53:52 - [MESSAGE][PASSED] - Object '' is present

2020-10-14 13:53:52 - [MESSAGE][PASSED] - Object: '' is clicked on

2020-10-14 13:53:52 - [MESSAGE][PASSED] - Select Contract Number based on Type Contract "BPKB"

2020-10-14 13:53:52 - [TEST_STEP][PASSED] - Click button "Claim": Click button "Claim"

2020-10-14 13:53:52 - [MESSAGE][INFO] - >>>>>//Button[contains(text(),'Claim')]

2020-10-14 13:53:55 - [MESSAGE][PASSED] - Object: '' is clicked on

2020-10-14 13:53:55 - [MESSAGE][PASSED] - Click button "Claim"

2020-10-14 13:53:55 - [TEST_STEP][PASSED] - Varify the mistake detail already match with the matrix Base on Type Contract: Varify the mistake detail already match with the matrix Base on Type Contract

2020-10-14 13:53:56 - [MESSAGE][PASSED] - Object '' is present

2020-10-14 13:53:56 - [MESSAGE][PASSED] - Object: '' is clicked on

2020-10-14 13:53:56 - [MESSAGE][PASSED] - Object '' is present

2020-10-14 13:53:56 - [MESSAGE][PASSED] - Object '' is not checked

2020-10-14 13:53:56 - [MESSAGE][PASSED] - Object '' is present

2020-10-14 13:53:56 - [MESSAGE][PASSED] - Object '' is not checked

2020-10-14 13:53:56 - [MESSAGE][PASSED] - Object '' is present

2020-10-14 13:53:56 - [MESSAGE][PASSED] - Object '' is not checked

2020-10-14 13:53:56 - [MESSAGE][PASSED] - Object '' is present

2020-10-14 13:53:56 - [MESSAGE][PASSED] - Object '' is not checked

2020-10-14 13:53:56 - [MESSAGE][PASSED] - Object '' is present

2020-10-14 13:53:56 - [MESSAGE][PASSED] - Object: '' is clicked on

2020-10-14 13:53:56 - [MESSAGE][PASSED] - Object '' is present

2020-10-14 13:53:56 - [MESSAGE][PASSED] - Object '' is not checked

2020-10-14 13:53:56 - [MESSAGE][PASSED] - Object '' is present

2020-10-14 13:53:56 - [MESSAGE][PASSED] - Object '' is not checked

2020-10-14 13:53:56 - [MESSAGE][PASSED] - Object '' is present

2020-10-14 13:53:56 - [MESSAGE][PASSED] - Object '' is not checked

2020-10-14 13:53:56 - [MESSAGE][PASSED] - Object '' is present

2020-10-14 13:53:56 - [MESSAGE][PASSED] - Object '' is not checked

2020-10-14 13:53:56 - [MESSAGE][PASSED] - Object '' is present

2020-10-14 13:53:56 - [MESSAGE][PASSED] - Object '' is not checked

2020-10-14 13:53:56 - [MESSAGE][PASSED] - Varify the mistake detail already match with the matrix Base on Type Contract

2020-10-14 13:53:56 - [TEST_STEP][PASSED] - Checkbox General Mistake "01. BPKB bagian depan tidak ada": Checkbox General Mistake "01. BPKB bagian depan tidak ada"

2020-10-14 13:53:56 - [MESSAGE][PASSED] - Object: '' is clicked on

2020-10-14 13:53:56 - [MESSAGE][PASSED] - Wait for page load successfully

2020-10-14 13:53:56 - [MESSAGE][PASSED] - Checkbox General Mistake "01. BPKB bagian depan tidak ada"

2020-10-14 13:53:56 - [TEST_STEP][PASSED] - Choose Dropdown mistake type "Dokumen diunggah tidak ada" from mistake name "01. BPKB bagian depan tidak ada": Choose Dropdown mistake type "Dokumen diunggah tidak ada" from mistake name "01. BPKB bagian depan tidak ada"

2020-10-14 13:53:57 - [MESSAGE][PASSED] - All options with index in [1] are selected on object ''

2020-10-14 13:53:57 - [MESSAGE][PASSED] - Wait for page load successfully

2020-10-14 13:53:57 - [MESSAGE][PASSED] - Choose Dropdown mistake type "Dokumen diunggah tidak ada" from mistake name "01. BPKB bagian depan tidak ada"

2020-10-14 13:53:57 - [TEST_STEP][PASSED] - Type on textarea note before based on mistake name "01. BPKB bagian depan tidak ada" with value "TESTING": Type on textarea note before based on mistake name "01. BPKB bagian depan tidak ada" with value "TESTING"

2020-10-14 13:53:57 - [MESSAGE][PASSED] - Text 'TESTING' is set on object ''

2020-10-14 13:53:57 - [MESSAGE][PASSED] - Wait for page load successfully

2020-10-14 13:53:57 - [MESSAGE][PASSED] - Type on textarea note before based on mistake name "01. BPKB bagian depan tidak ada" with value "TESTING"

2020-10-14 13:53:57 - [TEST_STEP][PASSED] - Click button "Save": Click button "Save"

2020-10-14 13:53:57 - [MESSAGE][INFO] - >>>>>//Button[contains(text(),'Save')]

2020-10-14 13:54:00 - [MESSAGE][PASSED] - Object: '' is clicked on

2020-10-14 13:54:00 - [MESSAGE][PASSED] - Click button "Save"

2020-10-14 13:54:00 - [TEST_STEP][PASSED] - Get text from pop up "IT Supporting Tools" with text "Mistake has been saved": Get text from pop up "IT Supporting Tools" with text "Mistake has been saved"

2020-10-14 13:54:00 - [MESSAGE][PASSED] - Taking screenshot successfully
[[ATTACHMENT|/Users/chaidir.pratama01/Documents/Docs/Katalon Studio/Screenshot/errorpopup.png]]

2020-10-14 13:54:01 - [MESSAGE][PASSED] - Object '' is present

2020-10-14 13:54:01 - [MESSAGE][PASSED] - Wait for page load successfully

2020-10-14 13:54:01 - [MESSAGE][PASSED] - Wait for page load successfully

2020-10-14 13:54:01 - [MESSAGE][PASSED] - Get text from pop up "IT Supporting Tools" with text "Mistake has been saved"

2020-10-14 13:54:01 - [TEST_STEP][PASSED] - Click button "OK": Click button "OK"

2020-10-14 13:54:01 - [MESSAGE][INFO] - >>>>>//Button[contains(text(),'OK')]

2020-10-14 13:54:04 - [MESSAGE][PASSED] - Object: '' is clicked on

2020-10-14 13:54:04 - [MESSAGE][PASSED] - Click button "OK"

2020-10-14 13:54:04 - [TEST_STEP][PASSED] - Click button "Logout": Click button "Logout"

2020-10-14 13:54:04 - [MESSAGE][INFO] - >>>>>//Button[contains(text(),'Logout')]

2020-10-14 13:54:08 - [MESSAGE][PASSED] - Object: '' is clicked on

2020-10-14 13:54:08 - [MESSAGE][PASSED] - Click button "Logout"

2020-10-14 13:54:08 - [TEST_STEP][PASSED] - Close browser: Close browser

2020-10-14 13:54:08 - [MESSAGE][PASSED] - Browser is closed

2020-10-14 13:54:08 - [MESSAGE][PASSED] - Close browser

2020-10-14 13:54:08 - [MESSAGE][PASSED] - Feature file: 'Include/features/IST_Real/CONTRACT_DISPATCHER_BPKB/Contract_Dispatcher_BPKB.feature' was passed]]></system-out>
         <system-err><![CDATA[]]></system-err>
      </testcase>
      <testcase name="Test Cases/IST_Real/CONTRACT_DISPATCHER_BPKB/Update_Tbl_CDS_CDC_TRKRegMistake" time="0.923" classname="Test Cases/IST_Real/CONTRACT_DISPATCHER_BPKB/Update_Tbl_CDS_CDC_TRKRegMistake" status="PASSED">
         <system-out><![CDATA[2020-10-14 13:54:08 - [TEST_CASE][PASSED] - Test Cases/IST_Real/CONTRACT_DISPATCHER_BPKB/Update_Tbl_CDS_CDC_TRKRegMistake: Test Cases/IST_Real/CONTRACT_DISPATCHER_BPKB/Update_Tbl_CDS_CDC_TRKRegMistake

2020-10-14 13:54:08 - [TEST_STEP][PASSED] - runFeatureFile("Include/features/IST_Real/CONTRACT_DISPATCHER_BPKB/Update_Tbl_CDS_CDC_TRKRegMistake.feature"): Feature file: 'Include/features/IST_Real/CONTRACT_DISPATCHER_BPKB/Update_Tbl_CDS_CDC_TRKRegMistake.feature' was passed

2020-10-14 13:54:08 - [MESSAGE][INFO] - Starting run keyword runFeatureFile: 'Include/features/IST_Real/CONTRACT_DISPATCHER_BPKB/Update_Tbl_CDS_CDC_TRKRegMistake.feature' and extract report to folder: '/Users/chaidir.pratama01/Katalon Studio/IST_Automation_Git/Reports/20201014_135321/CONTRACT_DISPATCHER_BPKB/TS_CONTRACT_DISPATCHER_BPKB/20201014_135321/cucumber_report/1602658448757'...

2020-10-14 13:54:08 - [TEST_CASE][PASSED] - Start Test Case : SCENARIO Update Table CONTRACT_DISPATCHER_SOURCE and CONTRACT_DISPTACHER_CLAIM: SCENARIO Update Table CONTRACT_DISPATCHER_SOURCE and CONTRACT_DISPTACHER_CLAIM

2020-10-14 13:54:08 - [TEST_STEP][PASSED] - Connect to Database: Connect to Database

2020-10-14 13:54:09 - [MESSAGE][PASSED] - Connect to Database

2020-10-14 13:54:09 - [TEST_STEP][PASSED] - Update Tbl CONTRACT DISPATCHER SRC BPKB To Change PROCESSED From Y to N For BPKB: Update Tbl CONTRACT DISPATCHER SRC BPKB To Change PROCESSED From Y to N For BPKB

2020-10-14 13:54:09 - [MESSAGE][PASSED] - Update Tbl CONTRACT DISPATCHER SRC BPKB To Change PROCESSED From Y to N For BPKB

2020-10-14 13:54:09 - [TEST_STEP][PASSED] - Update Tbl CONTRACT DISPATCHER CLAIM To Delete PROCESS From Column STATUS: Update Tbl CONTRACT DISPATCHER CLAIM To Delete PROCESS From Column STATUS

2020-10-14 13:54:09 - [MESSAGE][PASSED] - Update Tbl CONTRACT DISPATCHER CLAIM To Delete PROCESS From Column STATUS

2020-10-14 13:54:09 - [TEST_STEP][PASSED] - Delete Contract From TRK_REGISTRATION_MISTAKE: Delete Contract From TRK_REGISTRATION_MISTAKE

2020-10-14 13:54:09 - [MESSAGE][PASSED] - Delete Contract From TRK_REGISTRATION_MISTAKE

2020-10-14 13:54:09 - [MESSAGE][PASSED] - Feature file: 'Include/features/IST_Real/CONTRACT_DISPATCHER_BPKB/Update_Tbl_CDS_CDC_TRKRegMistake.feature' was passed]]></system-out>
         <system-err><![CDATA[]]></system-err>
      </testcase>
      <testcase name="Test Cases/IST_Real/CONTRACT_DISPATCHER_BPKB/Claim_Contract_BPKB_then_Save_it_Without_Register_Any_Mistakes" time="35.991" classname="Test Cases/IST_Real/CONTRACT_DISPATCHER_BPKB/Claim_Contract_BPKB_then_Save_it_Without_Register_Any_Mistakes" status="PASSED">
         <system-out><![CDATA[2020-10-14 13:54:09 - [TEST_CASE][PASSED] - Test Cases/IST_Real/CONTRACT_DISPATCHER_BPKB/Claim_Contract_BPKB_then_Save_it_Without_Register_Any_Mistakes: Test Cases/IST_Real/CONTRACT_DISPATCHER_BPKB/Claim_Contract_BPKB_then_Save_it_Without_Register_Any_Mistakes

2020-10-14 13:54:09 - [TEST_STEP][PASSED] - runFeatureFile("Include/features/IST_Real/CONTRACT_DISPATCHER_BPKB/Claim_Contract_BPKB_then_Save_it_Without_Register_Any_Mistakes.feature"): Feature file: 'Include/features/IST_Real/CONTRACT_DISPATCHER_BPKB/Claim_Contract_BPKB_then_Save_it_Without_Register_Any_Mistakes.feature' was passed

2020-10-14 13:54:09 - [MESSAGE][INFO] - Starting run keyword runFeatureFile: 'Include/features/IST_Real/CONTRACT_DISPATCHER_BPKB/Claim_Contract_BPKB_then_Save_it_Without_Register_Any_Mistakes.feature' and extract report to folder: '/Users/chaidir.pratama01/Katalon Studio/IST_Automation_Git/Reports/20201014_135321/CONTRACT_DISPATCHER_BPKB/TS_CONTRACT_DISPATCHER_BPKB/20201014_135321/cucumber_report/1602658449759'...

2020-10-14 13:54:09 - [TEST_CASE][PASSED] - Start Test Case : SCENARIO Assign User to Contract BPKB: SCENARIO Assign User to Contract BPKB

2020-10-14 13:54:09 - [TEST_STEP][PASSED] - Go to IST: Go to IST

2020-10-14 13:54:09 - [MESSAGE][INFO] - Starting 'Chrome (headless)' driver

2020-10-14 13:54:09 - [MESSAGE][INFO] - User set preference: ['args', '[--start-maximized, --disable-gpu, --no-proxy-server, –no-sandbox, --allow-running-insecure-content, --ignore-certificate-errors]']

2020-10-14 13:54:09 - [MESSAGE][INFO] - Action delay is set to 0 milliseconds

2020-10-14 13:54:10 - [MESSAGE][PASSED] - Browser is opened with url: ''

2020-10-14 13:54:12 - [MESSAGE][PASSED] - Navigate to 'https://dev-ist.homecredit.id/ist_tracker/' successfully

2020-10-14 13:54:13 - [MESSAGE][PASSED] - Taking screenshot successfully
[[ATTACHMENT|/Users/chaidir.pratama01/Documents/Docs/Katalon Studio/Screenshot/IST_Page.png]]

2020-10-14 13:54:13 - [MESSAGE][PASSED] - Go to IST

2020-10-14 13:54:13 - [TEST_STEP][PASSED] - Login IST with valid credentials: Login IST with valid credentials

2020-10-14 13:54:13 - [MESSAGE][PASSED] - Text 'mobile.test' is set on object 'Object Repository/Page_/input_Username_j_username'

2020-10-14 13:54:13 - [MESSAGE][PASSED] - Text ****** has been set on object 'Object Repository/Page_/input_Password_j_password'

2020-10-14 13:54:14 - [MESSAGE][PASSED] - Object: 'Object Repository/Page_/button_Login' is clicked on

2020-10-14 13:54:14 - [MESSAGE][PASSED] - Login IST with valid credentials

2020-10-14 13:54:14 - [TEST_STEP][PASSED] - Login Success for contract dispatcher: Login Success for contract dispatcher

2020-10-14 13:54:14 - [MESSAGE][INFO] - Login Success

2020-10-14 13:54:14 - [MESSAGE][PASSED] - Current window maximized

2020-10-14 13:54:14 - [MESSAGE][PASSED] - Object 'Object Repository/Page_/h1_Welcome to IT Supporting Tools' is present

2020-10-14 13:54:14 - [MESSAGE][PASSED] - Login Success for contract dispatcher

2020-10-14 13:54:14 - [TEST_STEP][PASSED] - Select Arrow Menu "Contract Dispatcher Admin": Select Arrow Menu "Contract Dispatcher Admin"

2020-10-14 13:54:14 - [MESSAGE][PASSED] - Object: '' is clicked on

2020-10-14 13:54:14 - [MESSAGE][PASSED] - Select Arrow Menu "Contract Dispatcher Admin"

2020-10-14 13:54:14 - [TEST_STEP][PASSED] - Select Menu "Management Assignment": Select Menu "Management Assignment"

2020-10-14 13:54:14 - [MESSAGE][PASSED] - Object '' is present

2020-10-14 13:54:14 - [MESSAGE][PASSED] - Object: '' is clicked on

2020-10-14 13:54:14 - [MESSAGE][PASSED] - Wait for page load successfully

2020-10-14 13:54:14 - [MESSAGE][PASSED] - Select Menu "Management Assignment"

2020-10-14 13:54:14 - [TEST_STEP][PASSED] - Select Username "mobile.test" of Management Assignment: Select Username "mobile.test" of Management Assignment

2020-10-14 13:54:15 - [MESSAGE][PASSED] - All options with value 'mobile.test' are selected in object 'Object Repository/Page_/dropdown_list_username_assignment'  using regular expression

2020-10-14 13:54:15 - [MESSAGE][PASSED] - Select Username "mobile.test" of Management Assignment

2020-10-14 13:54:15 - [TEST_STEP][PASSED] - Check for username if already assigned to "BPKB": Check for username if already assigned to "BPKB"

2020-10-14 13:54:19 - [MESSAGE][PASSED] - Scroll to object '' successfully

2020-10-14 13:54:19 - [MESSAGE][PASSED] - Object '' is present

2020-10-14 13:54:19 - [MESSAGE][PASSED] - Object '' is checked

2020-10-14 13:54:19 - [MESSAGE][INFO] - Element is already Checked

2020-10-14 13:54:19 - [MESSAGE][PASSED] - Check for username if already assigned to "BPKB"

2020-10-14 13:54:19 - [TEST_STEP][PASSED] - Wait page for load: Wait page for load

2020-10-14 13:54:19 - [MESSAGE][PASSED] - Wait for page load successfully

2020-10-14 13:54:19 - [MESSAGE][PASSED] - Wait page for load

2020-10-14 13:54:19 - [TEST_STEP][PASSED] - Click button "Logout": Click button "Logout"

2020-10-14 13:54:19 - [MESSAGE][INFO] - >>>>>//Button[contains(text(),'Logout')]

2020-10-14 13:54:22 - [MESSAGE][PASSED] - Object: '' is clicked on

2020-10-14 13:54:22 - [MESSAGE][PASSED] - Click button "Logout"

2020-10-14 13:54:22 - [TEST_STEP][PASSED] - Close browser: Close browser

2020-10-14 13:54:22 - [MESSAGE][PASSED] - Browser is closed

2020-10-14 13:54:22 - [MESSAGE][PASSED] - Close browser

2020-10-14 13:54:22 - [TEST_CASE][PASSED] - Start Test Case : SCENARIO Select Menu Contract Dispatcher and Select Contract based on type contract BPKB: SCENARIO Select Menu Contract Dispatcher and Select Contract based on type contract BPKB

2020-10-14 13:54:22 - [TEST_STEP][PASSED] - Go to IST: Go to IST

2020-10-14 13:54:22 - [MESSAGE][INFO] - Starting 'Chrome (headless)' driver

2020-10-14 13:54:22 - [MESSAGE][INFO] - User set preference: ['args', '[--start-maximized, --disable-gpu, --no-proxy-server, –no-sandbox, --allow-running-insecure-content, --ignore-certificate-errors]']

2020-10-14 13:54:22 - [MESSAGE][INFO] - Action delay is set to 0 milliseconds

2020-10-14 13:54:22 - [MESSAGE][PASSED] - Browser is opened with url: ''

2020-10-14 13:54:24 - [MESSAGE][PASSED] - Navigate to 'https://dev-ist.homecredit.id/ist_tracker/' successfully

2020-10-14 13:54:25 - [MESSAGE][PASSED] - Taking screenshot successfully
[[ATTACHMENT|/Users/chaidir.pratama01/Documents/Docs/Katalon Studio/Screenshot/IST_Page.png]]

2020-10-14 13:54:25 - [MESSAGE][PASSED] - Go to IST

2020-10-14 13:54:25 - [TEST_STEP][PASSED] - Login IST with valid credentials: Login IST with valid credentials

2020-10-14 13:54:25 - [MESSAGE][PASSED] - Text 'mobile.test' is set on object 'Object Repository/Page_/input_Username_j_username'

2020-10-14 13:54:25 - [MESSAGE][PASSED] - Text ****** has been set on object 'Object Repository/Page_/input_Password_j_password'

2020-10-14 13:54:26 - [MESSAGE][PASSED] - Object: 'Object Repository/Page_/button_Login' is clicked on

2020-10-14 13:54:26 - [MESSAGE][PASSED] - Login IST with valid credentials

2020-10-14 13:54:26 - [TEST_STEP][PASSED] - Login Success for contract dispatcher: Login Success for contract dispatcher

2020-10-14 13:54:26 - [MESSAGE][INFO] - Login Success

2020-10-14 13:54:26 - [MESSAGE][PASSED] - Current window maximized

2020-10-14 13:54:26 - [MESSAGE][PASSED] - Object 'Object Repository/Page_/h1_Welcome to IT Supporting Tools' is present

2020-10-14 13:54:26 - [MESSAGE][PASSED] - Login Success for contract dispatcher

2020-10-14 13:54:26 - [TEST_STEP][PASSED] - Select Menu "Contract Dispatcher": Select Menu "Contract Dispatcher"

2020-10-14 13:54:26 - [MESSAGE][PASSED] - Object '' is present

2020-10-14 13:54:26 - [MESSAGE][PASSED] - Object: '' is clicked on

2020-10-14 13:54:26 - [MESSAGE][PASSED] - Wait for page load successfully

2020-10-14 13:54:26 - [MESSAGE][PASSED] - Select Menu "Contract Dispatcher"

2020-10-14 13:54:26 - [TEST_STEP][PASSED] - Select Contract Number based on Type Contract "BPKB": Select Contract Number based on Type Contract "BPKB"

2020-10-14 13:54:27 - [MESSAGE][PASSED] - Object '' is present

2020-10-14 13:54:27 - [MESSAGE][PASSED] - Object '' is present

2020-10-14 13:54:27 - [MESSAGE][PASSED] - Object: '' is clicked on

2020-10-14 13:54:27 - [MESSAGE][PASSED] - Select Contract Number based on Type Contract "BPKB"

2020-10-14 13:54:27 - [TEST_STEP][PASSED] - Click button "Claim": Click button "Claim"

2020-10-14 13:54:27 - [MESSAGE][INFO] - >>>>>//Button[contains(text(),'Claim')]

2020-10-14 13:54:30 - [MESSAGE][PASSED] - Object: '' is clicked on

2020-10-14 13:54:30 - [MESSAGE][PASSED] - Click button "Claim"

2020-10-14 13:54:30 - [TEST_STEP][PASSED] - Varify the mistake detail already match with the matrix Base on Type Contract: Varify the mistake detail already match with the matrix Base on Type Contract

2020-10-14 13:54:31 - [MESSAGE][PASSED] - Object '' is present

2020-10-14 13:54:31 - [MESSAGE][PASSED] - Object: '' is clicked on

2020-10-14 13:54:31 - [MESSAGE][PASSED] - Object '' is present

2020-10-14 13:54:31 - [MESSAGE][PASSED] - Object '' is not checked

2020-10-14 13:54:31 - [MESSAGE][PASSED] - Object '' is present

2020-10-14 13:54:31 - [MESSAGE][PASSED] - Object '' is not checked

2020-10-14 13:54:31 - [MESSAGE][PASSED] - Object '' is present

2020-10-14 13:54:31 - [MESSAGE][PASSED] - Object '' is not checked

2020-10-14 13:54:31 - [MESSAGE][PASSED] - Object '' is present

2020-10-14 13:54:31 - [MESSAGE][PASSED] - Object '' is not checked

2020-10-14 13:54:31 - [MESSAGE][PASSED] - Object '' is present

2020-10-14 13:54:31 - [MESSAGE][PASSED] - Object: '' is clicked on

2020-10-14 13:54:31 - [MESSAGE][PASSED] - Object '' is present

2020-10-14 13:54:31 - [MESSAGE][PASSED] - Object '' is not checked

2020-10-14 13:54:31 - [MESSAGE][PASSED] - Object '' is present

2020-10-14 13:54:31 - [MESSAGE][PASSED] - Object '' is not checked

2020-10-14 13:54:31 - [MESSAGE][PASSED] - Object '' is present

2020-10-14 13:54:31 - [MESSAGE][PASSED] - Object '' is not checked

2020-10-14 13:54:31 - [MESSAGE][PASSED] - Object '' is present

2020-10-14 13:54:31 - [MESSAGE][PASSED] - Object '' is not checked

2020-10-14 13:54:31 - [MESSAGE][PASSED] - Object '' is present

2020-10-14 13:54:32 - [MESSAGE][PASSED] - Object '' is not checked

2020-10-14 13:54:32 - [MESSAGE][PASSED] - Varify the mistake detail already match with the matrix Base on Type Contract

2020-10-14 13:54:32 - [TEST_STEP][PASSED] - Click button "Save": Click button "Save"

2020-10-14 13:54:32 - [MESSAGE][INFO] - >>>>>//Button[contains(text(),'Save')]

2020-10-14 13:54:35 - [MESSAGE][PASSED] - Object: '' is clicked on

2020-10-14 13:54:35 - [MESSAGE][PASSED] - Click button "Save"

2020-10-14 13:54:35 - [TEST_STEP][PASSED] - Get text from pop up "Confirmation Stop" with text "Are you sure?": Get text from pop up "Confirmation Stop" with text "Are you sure?"

2020-10-14 13:54:35 - [MESSAGE][PASSED] - Taking screenshot successfully
[[ATTACHMENT|/Users/chaidir.pratama01/Documents/Docs/Katalon Studio/Screenshot/errorpopup.png]]

2020-10-14 13:54:35 - [MESSAGE][PASSED] - Object '' is present

2020-10-14 13:54:35 - [MESSAGE][PASSED] - Wait for page load successfully

2020-10-14 13:54:35 - [MESSAGE][PASSED] - Wait for page load successfully

2020-10-14 13:54:35 - [MESSAGE][PASSED] - Get text from pop up "Confirmation Stop" with text "Are you sure?"

2020-10-14 13:54:35 - [TEST_STEP][PASSED] - Click button "OK": Click button "OK"

2020-10-14 13:54:35 - [MESSAGE][INFO] - >>>>>//Button[contains(text(),'OK')]

2020-10-14 13:54:38 - [MESSAGE][PASSED] - Object: '' is clicked on

2020-10-14 13:54:38 - [MESSAGE][PASSED] - Click button "OK"

2020-10-14 13:54:38 - [TEST_STEP][PASSED] - Get text from pop up "IT Supporting Tools" with text "Successfully saved": Get text from pop up "IT Supporting Tools" with text "Successfully saved"

2020-10-14 13:54:38 - [MESSAGE][PASSED] - Taking screenshot successfully
[[ATTACHMENT|/Users/chaidir.pratama01/Documents/Docs/Katalon Studio/Screenshot/errorpopup.png]]

2020-10-14 13:54:39 - [MESSAGE][PASSED] - Object '' is present

2020-10-14 13:54:39 - [MESSAGE][PASSED] - Wait for page load successfully

2020-10-14 13:54:39 - [MESSAGE][PASSED] - Wait for page load successfully

2020-10-14 13:54:39 - [MESSAGE][PASSED] - Get text from pop up "IT Supporting Tools" with text "Successfully saved"

2020-10-14 13:54:39 - [TEST_STEP][PASSED] - Click button "OK": Click button "OK"

2020-10-14 13:54:39 - [MESSAGE][INFO] - >>>>>//Button[contains(text(),'OK')]

2020-10-14 13:54:42 - [MESSAGE][PASSED] - Object: '' is clicked on

2020-10-14 13:54:42 - [MESSAGE][PASSED] - Click button "OK"

2020-10-14 13:54:42 - [TEST_STEP][PASSED] - Click button "Logout": Click button "Logout"

2020-10-14 13:54:42 - [MESSAGE][INFO] - >>>>>//Button[contains(text(),'Logout')]

2020-10-14 13:54:45 - [MESSAGE][PASSED] - Object: '' is clicked on

2020-10-14 13:54:45 - [MESSAGE][PASSED] - Click button "Logout"

2020-10-14 13:54:45 - [TEST_STEP][PASSED] - Close browser: Close browser

2020-10-14 13:54:45 - [MESSAGE][PASSED] - Browser is closed

2020-10-14 13:54:45 - [MESSAGE][PASSED] - Close browser

2020-10-14 13:54:45 - [MESSAGE][PASSED] - Feature file: 'Include/features/IST_Real/CONTRACT_DISPATCHER_BPKB/Claim_Contract_BPKB_then_Save_it_Without_Register_Any_Mistakes.feature' was passed]]></system-out>
         <system-err><![CDATA[]]></system-err>
      </testcase>
      <testcase name="Test Cases/IST_Real/CONTRACT_DISPATCHER_BPKB/Update_Tbl_CDS_CDC_TRKRegMistake" time="0.874" classname="Test Cases/IST_Real/CONTRACT_DISPATCHER_BPKB/Update_Tbl_CDS_CDC_TRKRegMistake" status="PASSED">
         <system-out><![CDATA[2020-10-14 13:54:45 - [TEST_CASE][PASSED] - Test Cases/IST_Real/CONTRACT_DISPATCHER_BPKB/Update_Tbl_CDS_CDC_TRKRegMistake: Test Cases/IST_Real/CONTRACT_DISPATCHER_BPKB/Update_Tbl_CDS_CDC_TRKRegMistake

2020-10-14 13:54:45 - [TEST_STEP][PASSED] - runFeatureFile("Include/features/IST_Real/CONTRACT_DISPATCHER_BPKB/Update_Tbl_CDS_CDC_TRKRegMistake.feature"): Feature file: 'Include/features/IST_Real/CONTRACT_DISPATCHER_BPKB/Update_Tbl_CDS_CDC_TRKRegMistake.feature' was passed

2020-10-14 13:54:45 - [MESSAGE][INFO] - Starting run keyword runFeatureFile: 'Include/features/IST_Real/CONTRACT_DISPATCHER_BPKB/Update_Tbl_CDS_CDC_TRKRegMistake.feature' and extract report to folder: '/Users/chaidir.pratama01/Katalon Studio/IST_Automation_Git/Reports/20201014_135321/CONTRACT_DISPATCHER_BPKB/TS_CONTRACT_DISPATCHER_BPKB/20201014_135321/cucumber_report/1602658485677'...

2020-10-14 13:54:45 - [TEST_CASE][PASSED] - Start Test Case : SCENARIO Update Table CONTRACT_DISPATCHER_SOURCE and CONTRACT_DISPTACHER_CLAIM: SCENARIO Update Table CONTRACT_DISPATCHER_SOURCE and CONTRACT_DISPTACHER_CLAIM

2020-10-14 13:54:45 - [TEST_STEP][PASSED] - Connect to Database: Connect to Database

2020-10-14 13:54:46 - [MESSAGE][PASSED] - Connect to Database

2020-10-14 13:54:46 - [TEST_STEP][PASSED] - Update Tbl CONTRACT DISPATCHER SRC BPKB To Change PROCESSED From Y to N For BPKB: Update Tbl CONTRACT DISPATCHER SRC BPKB To Change PROCESSED From Y to N For BPKB

2020-10-14 13:54:46 - [MESSAGE][PASSED] - Update Tbl CONTRACT DISPATCHER SRC BPKB To Change PROCESSED From Y to N For BPKB

2020-10-14 13:54:46 - [TEST_STEP][PASSED] - Update Tbl CONTRACT DISPATCHER CLAIM To Delete PROCESS From Column STATUS: Update Tbl CONTRACT DISPATCHER CLAIM To Delete PROCESS From Column STATUS

2020-10-14 13:54:46 - [MESSAGE][PASSED] - Update Tbl CONTRACT DISPATCHER CLAIM To Delete PROCESS From Column STATUS

2020-10-14 13:54:46 - [TEST_STEP][PASSED] - Delete Contract From TRK_REGISTRATION_MISTAKE: Delete Contract From TRK_REGISTRATION_MISTAKE

2020-10-14 13:54:46 - [MESSAGE][PASSED] - Delete Contract From TRK_REGISTRATION_MISTAKE

2020-10-14 13:54:46 - [MESSAGE][PASSED] - Feature file: 'Include/features/IST_Real/CONTRACT_DISPATCHER_BPKB/Update_Tbl_CDS_CDC_TRKRegMistake.feature' was passed]]></system-out>
         <system-err><![CDATA[]]></system-err>
      </testcase>
      <testcase name="Test Cases/IST_Real/CONTRACT_DISPATCHER_BPKB/Pick_Mistake_Without_Choose_Dropdown_Mistake_Type" time="32.697" classname="Test Cases/IST_Real/CONTRACT_DISPATCHER_BPKB/Pick_Mistake_Without_Choose_Dropdown_Mistake_Type" status="PASSED">
         <system-out><![CDATA[2020-10-14 13:54:46 - [TEST_CASE][PASSED] - Test Cases/IST_Real/CONTRACT_DISPATCHER_BPKB/Pick_Mistake_Without_Choose_Dropdown_Mistake_Type: Test Cases/IST_Real/CONTRACT_DISPATCHER_BPKB/Pick_Mistake_Without_Choose_Dropdown_Mistake_Type

2020-10-14 13:54:46 - [TEST_STEP][PASSED] - runFeatureFile("Include/features/IST_Real/CONTRACT_DISPATCHER_BPKB/Pick_Mistake_Without_Choose_Dropdown_Mistake_Type.feature"): Feature file: 'Include/features/IST_Real/CONTRACT_DISPATCHER_BPKB/Pick_Mistake_Without_Choose_Dropdown_Mistake_Type.feature' was passed

2020-10-14 13:54:46 - [MESSAGE][INFO] - Starting run keyword runFeatureFile: 'Include/features/IST_Real/CONTRACT_DISPATCHER_BPKB/Pick_Mistake_Without_Choose_Dropdown_Mistake_Type.feature' and extract report to folder: '/Users/chaidir.pratama01/Katalon Studio/IST_Automation_Git/Reports/20201014_135321/CONTRACT_DISPATCHER_BPKB/TS_CONTRACT_DISPATCHER_BPKB/20201014_135321/cucumber_report/1602658486630'...

2020-10-14 13:54:46 - [TEST_CASE][PASSED] - Start Test Case : SCENARIO Assign User to Contract BPKB: SCENARIO Assign User to Contract BPKB

2020-10-14 13:54:46 - [TEST_STEP][PASSED] - Go to IST: Go to IST

2020-10-14 13:54:46 - [MESSAGE][INFO] - Starting 'Chrome (headless)' driver

2020-10-14 13:54:46 - [MESSAGE][INFO] - User set preference: ['args', '[--start-maximized, --disable-gpu, --no-proxy-server, –no-sandbox, --allow-running-insecure-content, --ignore-certificate-errors]']

2020-10-14 13:54:46 - [MESSAGE][INFO] - Action delay is set to 0 milliseconds

2020-10-14 13:54:47 - [MESSAGE][PASSED] - Browser is opened with url: ''

2020-10-14 13:54:49 - [MESSAGE][PASSED] - Navigate to 'https://dev-ist.homecredit.id/ist_tracker/' successfully

2020-10-14 13:54:49 - [MESSAGE][PASSED] - Taking screenshot successfully
[[ATTACHMENT|/Users/chaidir.pratama01/Documents/Docs/Katalon Studio/Screenshot/IST_Page.png]]

2020-10-14 13:54:49 - [MESSAGE][PASSED] - Go to IST

2020-10-14 13:54:49 - [TEST_STEP][PASSED] - Login IST with valid credentials: Login IST with valid credentials

2020-10-14 13:54:49 - [MESSAGE][PASSED] - Text 'mobile.test' is set on object 'Object Repository/Page_/input_Username_j_username'

2020-10-14 13:54:49 - [MESSAGE][PASSED] - Text ****** has been set on object 'Object Repository/Page_/input_Password_j_password'

2020-10-14 13:54:50 - [MESSAGE][PASSED] - Object: 'Object Repository/Page_/button_Login' is clicked on

2020-10-14 13:54:50 - [MESSAGE][PASSED] - Login IST with valid credentials

2020-10-14 13:54:50 - [TEST_STEP][PASSED] - Login Success for contract dispatcher: Login Success for contract dispatcher

2020-10-14 13:54:50 - [MESSAGE][INFO] - Login Success

2020-10-14 13:54:51 - [MESSAGE][PASSED] - Current window maximized

2020-10-14 13:54:51 - [MESSAGE][PASSED] - Object 'Object Repository/Page_/h1_Welcome to IT Supporting Tools' is present

2020-10-14 13:54:51 - [MESSAGE][PASSED] - Login Success for contract dispatcher

2020-10-14 13:54:51 - [TEST_STEP][PASSED] - Select Arrow Menu "Contract Dispatcher Admin": Select Arrow Menu "Contract Dispatcher Admin"

2020-10-14 13:54:51 - [MESSAGE][PASSED] - Object: '' is clicked on

2020-10-14 13:54:51 - [MESSAGE][PASSED] - Select Arrow Menu "Contract Dispatcher Admin"

2020-10-14 13:54:51 - [TEST_STEP][PASSED] - Select Menu "Management Assignment": Select Menu "Management Assignment"

2020-10-14 13:54:51 - [MESSAGE][PASSED] - Object '' is present

2020-10-14 13:54:51 - [MESSAGE][PASSED] - Object: '' is clicked on

2020-10-14 13:54:51 - [MESSAGE][PASSED] - Wait for page load successfully

2020-10-14 13:54:51 - [MESSAGE][PASSED] - Select Menu "Management Assignment"

2020-10-14 13:54:51 - [TEST_STEP][PASSED] - Select Username "mobile.test" of Management Assignment: Select Username "mobile.test" of Management Assignment

2020-10-14 13:54:52 - [MESSAGE][PASSED] - All options with value 'mobile.test' are selected in object 'Object Repository/Page_/dropdown_list_username_assignment'  using regular expression

2020-10-14 13:54:52 - [MESSAGE][PASSED] - Select Username "mobile.test" of Management Assignment

2020-10-14 13:54:52 - [TEST_STEP][PASSED] - Check for username if already assigned to "BPKB": Check for username if already assigned to "BPKB"

2020-10-14 13:54:55 - [MESSAGE][PASSED] - Scroll to object '' successfully

2020-10-14 13:54:55 - [MESSAGE][PASSED] - Object '' is present

2020-10-14 13:54:55 - [MESSAGE][PASSED] - Object '' is checked

2020-10-14 13:54:55 - [MESSAGE][INFO] - Element is already Checked

2020-10-14 13:54:55 - [MESSAGE][PASSED] - Check for username if already assigned to "BPKB"

2020-10-14 13:54:55 - [TEST_STEP][PASSED] - Wait page for load: Wait page for load

2020-10-14 13:54:55 - [MESSAGE][PASSED] - Wait for page load successfully

2020-10-14 13:54:55 - [MESSAGE][PASSED] - Wait page for load

2020-10-14 13:54:55 - [TEST_STEP][PASSED] - Click button "Logout": Click button "Logout"

2020-10-14 13:54:55 - [MESSAGE][INFO] - >>>>>//Button[contains(text(),'Logout')]

2020-10-14 13:54:59 - [MESSAGE][PASSED] - Object: '' is clicked on

2020-10-14 13:54:59 - [MESSAGE][PASSED] - Click button "Logout"

2020-10-14 13:54:59 - [TEST_STEP][PASSED] - Close browser: Close browser

2020-10-14 13:54:59 - [MESSAGE][PASSED] - Browser is closed

2020-10-14 13:54:59 - [MESSAGE][PASSED] - Close browser

2020-10-14 13:54:59 - [TEST_CASE][PASSED] - Start Test Case : SCENARIO Select Menu Contract Dispatcher and Select Contract based on type contract BPKB: SCENARIO Select Menu Contract Dispatcher and Select Contract based on type contract BPKB

2020-10-14 13:54:59 - [TEST_STEP][PASSED] - Go to IST: Go to IST

2020-10-14 13:54:59 - [MESSAGE][INFO] - Starting 'Chrome (headless)' driver

2020-10-14 13:54:59 - [MESSAGE][INFO] - User set preference: ['args', '[--start-maximized, --disable-gpu, --no-proxy-server, –no-sandbox, --allow-running-insecure-content, --ignore-certificate-errors]']

2020-10-14 13:54:59 - [MESSAGE][INFO] - Action delay is set to 0 milliseconds

2020-10-14 13:54:59 - [MESSAGE][PASSED] - Browser is opened with url: ''

2020-10-14 13:55:02 - [MESSAGE][PASSED] - Navigate to 'https://dev-ist.homecredit.id/ist_tracker/' successfully

2020-10-14 13:55:02 - [MESSAGE][PASSED] - Taking screenshot successfully
[[ATTACHMENT|/Users/chaidir.pratama01/Documents/Docs/Katalon Studio/Screenshot/IST_Page.png]]

2020-10-14 13:55:02 - [MESSAGE][PASSED] - Go to IST

2020-10-14 13:55:02 - [TEST_STEP][PASSED] - Login IST with valid credentials: Login IST with valid credentials

2020-10-14 13:55:02 - [MESSAGE][PASSED] - Text 'mobile.test' is set on object 'Object Repository/Page_/input_Username_j_username'

2020-10-14 13:55:02 - [MESSAGE][PASSED] - Text ****** has been set on object 'Object Repository/Page_/input_Password_j_password'

2020-10-14 13:55:03 - [MESSAGE][PASSED] - Object: 'Object Repository/Page_/button_Login' is clicked on

2020-10-14 13:55:03 - [MESSAGE][PASSED] - Login IST with valid credentials

2020-10-14 13:55:03 - [TEST_STEP][PASSED] - Login Success for contract dispatcher: Login Success for contract dispatcher

2020-10-14 13:55:03 - [MESSAGE][INFO] - Login Success

2020-10-14 13:55:03 - [MESSAGE][PASSED] - Current window maximized

2020-10-14 13:55:03 - [MESSAGE][PASSED] - Object 'Object Repository/Page_/h1_Welcome to IT Supporting Tools' is present

2020-10-14 13:55:03 - [MESSAGE][PASSED] - Login Success for contract dispatcher

2020-10-14 13:55:03 - [TEST_STEP][PASSED] - Select Menu "Contract Dispatcher": Select Menu "Contract Dispatcher"

2020-10-14 13:55:03 - [MESSAGE][PASSED] - Object '' is present

2020-10-14 13:55:03 - [MESSAGE][PASSED] - Object: '' is clicked on

2020-10-14 13:55:03 - [MESSAGE][PASSED] - Wait for page load successfully

2020-10-14 13:55:03 - [MESSAGE][PASSED] - Select Menu "Contract Dispatcher"

2020-10-14 13:55:03 - [TEST_STEP][PASSED] - Select Contract Number based on Type Contract "BPKB": Select Contract Number based on Type Contract "BPKB"

2020-10-14 13:55:04 - [MESSAGE][PASSED] - Object '' is present

2020-10-14 13:55:04 - [MESSAGE][PASSED] - Object '' is present

2020-10-14 13:55:04 - [MESSAGE][PASSED] - Object: '' is clicked on

2020-10-14 13:55:04 - [MESSAGE][PASSED] - Select Contract Number based on Type Contract "BPKB"

2020-10-14 13:55:04 - [TEST_STEP][PASSED] - Click button "Claim": Click button "Claim"

2020-10-14 13:55:04 - [MESSAGE][INFO] - >>>>>//Button[contains(text(),'Claim')]

2020-10-14 13:55:07 - [MESSAGE][PASSED] - Object: '' is clicked on

2020-10-14 13:55:07 - [MESSAGE][PASSED] - Click button "Claim"

2020-10-14 13:55:07 - [TEST_STEP][PASSED] - Varify the mistake detail already match with the matrix Base on Type Contract: Varify the mistake detail already match with the matrix Base on Type Contract

2020-10-14 13:55:08 - [MESSAGE][PASSED] - Object '' is present

2020-10-14 13:55:08 - [MESSAGE][PASSED] - Object: '' is clicked on

2020-10-14 13:55:08 - [MESSAGE][PASSED] - Object '' is present

2020-10-14 13:55:08 - [MESSAGE][PASSED] - Object '' is not checked

2020-10-14 13:55:08 - [MESSAGE][PASSED] - Object '' is present

2020-10-14 13:55:08 - [MESSAGE][PASSED] - Object '' is not checked

2020-10-14 13:55:08 - [MESSAGE][PASSED] - Object '' is present

2020-10-14 13:55:08 - [MESSAGE][PASSED] - Object '' is not checked

2020-10-14 13:55:08 - [MESSAGE][PASSED] - Object '' is present

2020-10-14 13:55:08 - [MESSAGE][PASSED] - Object '' is not checked

2020-10-14 13:55:08 - [MESSAGE][PASSED] - Object '' is present

2020-10-14 13:55:08 - [MESSAGE][PASSED] - Object: '' is clicked on

2020-10-14 13:55:08 - [MESSAGE][PASSED] - Object '' is present

2020-10-14 13:55:08 - [MESSAGE][PASSED] - Object '' is not checked

2020-10-14 13:55:08 - [MESSAGE][PASSED] - Object '' is present

2020-10-14 13:55:08 - [MESSAGE][PASSED] - Object '' is not checked

2020-10-14 13:55:08 - [MESSAGE][PASSED] - Object '' is present

2020-10-14 13:55:08 - [MESSAGE][PASSED] - Object '' is not checked

2020-10-14 13:55:08 - [MESSAGE][PASSED] - Object '' is present

2020-10-14 13:55:08 - [MESSAGE][PASSED] - Object '' is not checked

2020-10-14 13:55:08 - [MESSAGE][PASSED] - Object '' is present

2020-10-14 13:55:08 - [MESSAGE][PASSED] - Object '' is not checked

2020-10-14 13:55:08 - [MESSAGE][PASSED] - Varify the mistake detail already match with the matrix Base on Type Contract

2020-10-14 13:55:08 - [TEST_STEP][PASSED] - Checkbox General Mistake "01. BPKB bagian depan tidak ada": Checkbox General Mistake "01. BPKB bagian depan tidak ada"

2020-10-14 13:55:09 - [MESSAGE][PASSED] - Object: '' is clicked on

2020-10-14 13:55:09 - [MESSAGE][PASSED] - Wait for page load successfully

2020-10-14 13:55:09 - [MESSAGE][PASSED] - Checkbox General Mistake "01. BPKB bagian depan tidak ada"

2020-10-14 13:55:09 - [TEST_STEP][PASSED] - Click button "Save": Click button "Save"

2020-10-14 13:55:09 - [MESSAGE][INFO] - >>>>>//Button[contains(text(),'Save')]

2020-10-14 13:55:12 - [MESSAGE][PASSED] - Object: '' is clicked on

2020-10-14 13:55:12 - [MESSAGE][PASSED] - Click button "Save"

2020-10-14 13:55:12 - [TEST_STEP][PASSED] - Get text from pop up "IT Supporting Tools" with text "Mistake Type cannot be empty": Get text from pop up "IT Supporting Tools" with text "Mistake Type cannot be empty"

2020-10-14 13:55:12 - [MESSAGE][PASSED] - Taking screenshot successfully
[[ATTACHMENT|/Users/chaidir.pratama01/Documents/Docs/Katalon Studio/Screenshot/errorpopup.png]]

2020-10-14 13:55:12 - [MESSAGE][PASSED] - Object '' is present

2020-10-14 13:55:12 - [MESSAGE][PASSED] - Wait for page load successfully

2020-10-14 13:55:12 - [MESSAGE][PASSED] - Wait for page load successfully

2020-10-14 13:55:12 - [MESSAGE][PASSED] - Get text from pop up "IT Supporting Tools" with text "Mistake Type cannot be empty"

2020-10-14 13:55:12 - [TEST_STEP][PASSED] - Click button "OK": Click button "OK"

2020-10-14 13:55:12 - [MESSAGE][INFO] - >>>>>//Button[contains(text(),'OK')]

2020-10-14 13:55:15 - [MESSAGE][PASSED] - Object: '' is clicked on

2020-10-14 13:55:15 - [MESSAGE][PASSED] - Click button "OK"

2020-10-14 13:55:15 - [TEST_STEP][PASSED] - Click button "Logout": Click button "Logout"

2020-10-14 13:55:15 - [MESSAGE][INFO] - >>>>>//Button[contains(text(),'Logout')]

2020-10-14 13:55:19 - [MESSAGE][PASSED] - Object: '' is clicked on

2020-10-14 13:55:19 - [MESSAGE][PASSED] - Click button "Logout"

2020-10-14 13:55:19 - [TEST_STEP][PASSED] - Comment "Register Mistake failed because Dropdown Mistake type didn't choose": Comment "Register Mistake failed because Dropdown Mistake type didn't choose"

2020-10-14 13:55:19 - [MESSAGE][INFO] - Register Mistake failed because Dropdown Mistake type didn't choose

2020-10-14 13:55:19 - [MESSAGE][PASSED] - Comment "Register Mistake failed because Dropdown Mistake type didn't choose"

2020-10-14 13:55:19 - [TEST_STEP][PASSED] - Close browser: Close browser

2020-10-14 13:55:19 - [MESSAGE][PASSED] - Browser is closed

2020-10-14 13:55:19 - [MESSAGE][PASSED] - Close browser

2020-10-14 13:55:19 - [MESSAGE][PASSED] - Feature file: 'Include/features/IST_Real/CONTRACT_DISPATCHER_BPKB/Pick_Mistake_Without_Choose_Dropdown_Mistake_Type.feature' was passed]]></system-out>
         <system-err><![CDATA[]]></system-err>
      </testcase>
      <testcase name="Test Cases/IST_Real/CONTRACT_DISPATCHER_BPKB/Update_Tbl_CDS_CDC_TRKRegMistake" time="0.933" classname="Test Cases/IST_Real/CONTRACT_DISPATCHER_BPKB/Update_Tbl_CDS_CDC_TRKRegMistake" status="PASSED">
         <system-out><![CDATA[2020-10-14 13:55:19 - [TEST_CASE][PASSED] - Test Cases/IST_Real/CONTRACT_DISPATCHER_BPKB/Update_Tbl_CDS_CDC_TRKRegMistake: Test Cases/IST_Real/CONTRACT_DISPATCHER_BPKB/Update_Tbl_CDS_CDC_TRKRegMistake

2020-10-14 13:55:19 - [TEST_STEP][PASSED] - runFeatureFile("Include/features/IST_Real/CONTRACT_DISPATCHER_BPKB/Update_Tbl_CDS_CDC_TRKRegMistake.feature"): Feature file: 'Include/features/IST_Real/CONTRACT_DISPATCHER_BPKB/Update_Tbl_CDS_CDC_TRKRegMistake.feature' was passed

2020-10-14 13:55:19 - [MESSAGE][INFO] - Starting run keyword runFeatureFile: 'Include/features/IST_Real/CONTRACT_DISPATCHER_BPKB/Update_Tbl_CDS_CDC_TRKRegMistake.feature' and extract report to folder: '/Users/chaidir.pratama01/Katalon Studio/IST_Automation_Git/Reports/20201014_135321/CONTRACT_DISPATCHER_BPKB/TS_CONTRACT_DISPATCHER_BPKB/20201014_135321/cucumber_report/1602658519254'...

2020-10-14 13:55:19 - [TEST_CASE][PASSED] - Start Test Case : SCENARIO Update Table CONTRACT_DISPATCHER_SOURCE and CONTRACT_DISPTACHER_CLAIM: SCENARIO Update Table CONTRACT_DISPATCHER_SOURCE and CONTRACT_DISPTACHER_CLAIM

2020-10-14 13:55:19 - [TEST_STEP][PASSED] - Connect to Database: Connect to Database

2020-10-14 13:55:19 - [MESSAGE][PASSED] - Connect to Database

2020-10-14 13:55:19 - [TEST_STEP][PASSED] - Update Tbl CONTRACT DISPATCHER SRC BPKB To Change PROCESSED From Y to N For BPKB: Update Tbl CONTRACT DISPATCHER SRC BPKB To Change PROCESSED From Y to N For BPKB

2020-10-14 13:55:19 - [MESSAGE][PASSED] - Update Tbl CONTRACT DISPATCHER SRC BPKB To Change PROCESSED From Y to N For BPKB

2020-10-14 13:55:19 - [TEST_STEP][PASSED] - Update Tbl CONTRACT DISPATCHER CLAIM To Delete PROCESS From Column STATUS: Update Tbl CONTRACT DISPATCHER CLAIM To Delete PROCESS From Column STATUS

2020-10-14 13:55:20 - [MESSAGE][PASSED] - Update Tbl CONTRACT DISPATCHER CLAIM To Delete PROCESS From Column STATUS

2020-10-14 13:55:20 - [TEST_STEP][PASSED] - Delete Contract From TRK_REGISTRATION_MISTAKE: Delete Contract From TRK_REGISTRATION_MISTAKE

2020-10-14 13:55:20 - [MESSAGE][PASSED] - Delete Contract From TRK_REGISTRATION_MISTAKE

2020-10-14 13:55:20 - [MESSAGE][PASSED] - Feature file: 'Include/features/IST_Real/CONTRACT_DISPATCHER_BPKB/Update_Tbl_CDS_CDC_TRKRegMistake.feature' was passed]]></system-out>
         <system-err><![CDATA[]]></system-err>
      </testcase>
      <testcase name="Test Cases/IST_Real/CONTRACT_DISPATCHER_BPKB/PIck_Mistake_Without_Write_Textarea_Note_Before" time="31.773" classname="Test Cases/IST_Real/CONTRACT_DISPATCHER_BPKB/PIck_Mistake_Without_Write_Textarea_Note_Before" status="PASSED">
         <system-out><![CDATA[2020-10-14 13:55:20 - [TEST_CASE][PASSED] - Test Cases/IST_Real/CONTRACT_DISPATCHER_BPKB/PIck_Mistake_Without_Write_Textarea_Note_Before: Test Cases/IST_Real/CONTRACT_DISPATCHER_BPKB/PIck_Mistake_Without_Write_Textarea_Note_Before

2020-10-14 13:55:20 - [TEST_STEP][PASSED] - runFeatureFile("Include/features/IST_Real/CONTRACT_DISPATCHER_BPKB/PIck_Mistake_Without_Write_Textarea_Note_Before.feature"): Feature file: 'Include/features/IST_Real/CONTRACT_DISPATCHER_BPKB/PIck_Mistake_Without_Write_Textarea_Note_Before.feature' was passed

2020-10-14 13:55:20 - [MESSAGE][INFO] - Starting run keyword runFeatureFile: 'Include/features/IST_Real/CONTRACT_DISPATCHER_BPKB/PIck_Mistake_Without_Write_Textarea_Note_Before.feature' and extract report to folder: '/Users/chaidir.pratama01/Katalon Studio/IST_Automation_Git/Reports/20201014_135321/CONTRACT_DISPATCHER_BPKB/TS_CONTRACT_DISPATCHER_BPKB/20201014_135321/cucumber_report/1602658520262'...

2020-10-14 13:55:20 - [TEST_CASE][PASSED] - Start Test Case : SCENARIO Assign User to Contract BPKB: SCENARIO Assign User to Contract BPKB

2020-10-14 13:55:20 - [TEST_STEP][PASSED] - Go to IST: Go to IST

2020-10-14 13:55:20 - [MESSAGE][INFO] - Starting 'Chrome (headless)' driver

2020-10-14 13:55:20 - [MESSAGE][INFO] - User set preference: ['args', '[--start-maximized, --disable-gpu, --no-proxy-server, –no-sandbox, --allow-running-insecure-content, --ignore-certificate-errors]']

2020-10-14 13:55:20 - [MESSAGE][INFO] - Action delay is set to 0 milliseconds

2020-10-14 13:55:20 - [MESSAGE][PASSED] - Browser is opened with url: ''

2020-10-14 13:55:22 - [MESSAGE][PASSED] - Navigate to 'https://dev-ist.homecredit.id/ist_tracker/' successfully

2020-10-14 13:55:23 - [MESSAGE][PASSED] - Taking screenshot successfully
[[ATTACHMENT|/Users/chaidir.pratama01/Documents/Docs/Katalon Studio/Screenshot/IST_Page.png]]

2020-10-14 13:55:23 - [MESSAGE][PASSED] - Go to IST

2020-10-14 13:55:23 - [TEST_STEP][PASSED] - Login IST with valid credentials: Login IST with valid credentials

2020-10-14 13:55:23 - [MESSAGE][PASSED] - Text 'mobile.test' is set on object 'Object Repository/Page_/input_Username_j_username'

2020-10-14 13:55:23 - [MESSAGE][PASSED] - Text ****** has been set on object 'Object Repository/Page_/input_Password_j_password'

2020-10-14 13:55:24 - [MESSAGE][PASSED] - Object: 'Object Repository/Page_/button_Login' is clicked on

2020-10-14 13:55:24 - [MESSAGE][PASSED] - Login IST with valid credentials

2020-10-14 13:55:24 - [TEST_STEP][PASSED] - Login Success for contract dispatcher: Login Success for contract dispatcher

2020-10-14 13:55:24 - [MESSAGE][INFO] - Login Success

2020-10-14 13:55:24 - [MESSAGE][PASSED] - Current window maximized

2020-10-14 13:55:24 - [MESSAGE][PASSED] - Object 'Object Repository/Page_/h1_Welcome to IT Supporting Tools' is present

2020-10-14 13:55:24 - [MESSAGE][PASSED] - Login Success for contract dispatcher

2020-10-14 13:55:24 - [TEST_STEP][PASSED] - Select Arrow Menu "Contract Dispatcher Admin": Select Arrow Menu "Contract Dispatcher Admin"

2020-10-14 13:55:24 - [MESSAGE][PASSED] - Object: '' is clicked on

2020-10-14 13:55:24 - [MESSAGE][PASSED] - Select Arrow Menu "Contract Dispatcher Admin"

2020-10-14 13:55:24 - [TEST_STEP][PASSED] - Select Menu "Management Assignment": Select Menu "Management Assignment"

2020-10-14 13:55:24 - [MESSAGE][PASSED] - Object '' is present

2020-10-14 13:55:24 - [MESSAGE][PASSED] - Object: '' is clicked on

2020-10-14 13:55:24 - [MESSAGE][PASSED] - Wait for page load successfully

2020-10-14 13:55:24 - [MESSAGE][PASSED] - Select Menu "Management Assignment"

2020-10-14 13:55:24 - [TEST_STEP][PASSED] - Select Username "mobile.test" of Management Assignment: Select Username "mobile.test" of Management Assignment

2020-10-14 13:55:25 - [MESSAGE][PASSED] - All options with value 'mobile.test' are selected in object 'Object Repository/Page_/dropdown_list_username_assignment'  using regular expression

2020-10-14 13:55:25 - [MESSAGE][PASSED] - Select Username "mobile.test" of Management Assignment

2020-10-14 13:55:25 - [TEST_STEP][PASSED] - Check for username if already assigned to "BPKB": Check for username if already assigned to "BPKB"

2020-10-14 13:55:28 - [MESSAGE][PASSED] - Scroll to object '' successfully

2020-10-14 13:55:28 - [MESSAGE][PASSED] - Object '' is present

2020-10-14 13:55:28 - [MESSAGE][PASSED] - Object '' is checked

2020-10-14 13:55:28 - [MESSAGE][INFO] - Element is already Checked

2020-10-14 13:55:28 - [MESSAGE][PASSED] - Check for username if already assigned to "BPKB"

2020-10-14 13:55:28 - [TEST_STEP][PASSED] - Wait page for load: Wait page for load

2020-10-14 13:55:28 - [MESSAGE][PASSED] - Wait for page load successfully

2020-10-14 13:55:28 - [MESSAGE][PASSED] - Wait page for load

2020-10-14 13:55:28 - [TEST_STEP][PASSED] - Click button "Logout": Click button "Logout"

2020-10-14 13:55:28 - [MESSAGE][INFO] - >>>>>//Button[contains(text(),'Logout')]

2020-10-14 13:55:32 - [MESSAGE][PASSED] - Object: '' is clicked on

2020-10-14 13:55:32 - [MESSAGE][PASSED] - Click button "Logout"

2020-10-14 13:55:32 - [TEST_STEP][PASSED] - Close browser: Close browser

2020-10-14 13:55:32 - [MESSAGE][PASSED] - Browser is closed

2020-10-14 13:55:32 - [MESSAGE][PASSED] - Close browser

2020-10-14 13:55:32 - [TEST_CASE][PASSED] - Start Test Case : SCENARIO Select Menu Contract Dispatcher and Select Contract based on type contract BPKB: SCENARIO Select Menu Contract Dispatcher and Select Contract based on type contract BPKB

2020-10-14 13:55:32 - [TEST_STEP][PASSED] - Go to IST: Go to IST

2020-10-14 13:55:32 - [MESSAGE][INFO] - Starting 'Chrome (headless)' driver

2020-10-14 13:55:32 - [MESSAGE][INFO] - User set preference: ['args', '[--start-maximized, --disable-gpu, --no-proxy-server, –no-sandbox, --allow-running-insecure-content, --ignore-certificate-errors]']

2020-10-14 13:55:32 - [MESSAGE][INFO] - Action delay is set to 0 milliseconds

2020-10-14 13:55:32 - [MESSAGE][PASSED] - Browser is opened with url: ''

2020-10-14 13:55:35 - [MESSAGE][PASSED] - Navigate to 'https://dev-ist.homecredit.id/ist_tracker/' successfully

2020-10-14 13:55:35 - [MESSAGE][PASSED] - Taking screenshot successfully
[[ATTACHMENT|/Users/chaidir.pratama01/Documents/Docs/Katalon Studio/Screenshot/IST_Page.png]]

2020-10-14 13:55:35 - [MESSAGE][PASSED] - Go to IST

2020-10-14 13:55:35 - [TEST_STEP][PASSED] - Login IST with valid credentials: Login IST with valid credentials

2020-10-14 13:55:35 - [MESSAGE][PASSED] - Text 'mobile.test' is set on object 'Object Repository/Page_/input_Username_j_username'

2020-10-14 13:55:35 - [MESSAGE][PASSED] - Text ****** has been set on object 'Object Repository/Page_/input_Password_j_password'

2020-10-14 13:55:36 - [MESSAGE][PASSED] - Object: 'Object Repository/Page_/button_Login' is clicked on

2020-10-14 13:55:36 - [MESSAGE][PASSED] - Login IST with valid credentials

2020-10-14 13:55:36 - [TEST_STEP][PASSED] - Login Success for contract dispatcher: Login Success for contract dispatcher

2020-10-14 13:55:36 - [MESSAGE][INFO] - Login Success

2020-10-14 13:55:36 - [MESSAGE][PASSED] - Current window maximized

2020-10-14 13:55:36 - [MESSAGE][PASSED] - Object 'Object Repository/Page_/h1_Welcome to IT Supporting Tools' is present

2020-10-14 13:55:36 - [MESSAGE][PASSED] - Login Success for contract dispatcher

2020-10-14 13:55:36 - [TEST_STEP][PASSED] - Select Menu "Contract Dispatcher": Select Menu "Contract Dispatcher"

2020-10-14 13:55:36 - [MESSAGE][PASSED] - Object '' is present

2020-10-14 13:55:36 - [MESSAGE][PASSED] - Object: '' is clicked on

2020-10-14 13:55:36 - [MESSAGE][PASSED] - Wait for page load successfully

2020-10-14 13:55:36 - [MESSAGE][PASSED] - Select Menu "Contract Dispatcher"

2020-10-14 13:55:36 - [TEST_STEP][PASSED] - Select Contract Number based on Type Contract "BPKB": Select Contract Number based on Type Contract "BPKB"

2020-10-14 13:55:37 - [MESSAGE][PASSED] - Object '' is present

2020-10-14 13:55:37 - [MESSAGE][PASSED] - Object '' is present

2020-10-14 13:55:37 - [MESSAGE][PASSED] - Object: '' is clicked on

2020-10-14 13:55:37 - [MESSAGE][PASSED] - Select Contract Number based on Type Contract "BPKB"

2020-10-14 13:55:37 - [TEST_STEP][PASSED] - Click button "Claim": Click button "Claim"

2020-10-14 13:55:37 - [MESSAGE][INFO] - >>>>>//Button[contains(text(),'Claim')]

2020-10-14 13:55:40 - [MESSAGE][PASSED] - Object: '' is clicked on

2020-10-14 13:55:40 - [MESSAGE][PASSED] - Click button "Claim"

2020-10-14 13:55:40 - [TEST_STEP][PASSED] - Varify the mistake detail already match with the matrix Base on Type Contract: Varify the mistake detail already match with the matrix Base on Type Contract

2020-10-14 13:55:41 - [MESSAGE][PASSED] - Object '' is present

2020-10-14 13:55:41 - [MESSAGE][PASSED] - Object: '' is clicked on

2020-10-14 13:55:41 - [MESSAGE][PASSED] - Object '' is present

2020-10-14 13:55:41 - [MESSAGE][PASSED] - Object '' is not checked

2020-10-14 13:55:41 - [MESSAGE][PASSED] - Object '' is present

2020-10-14 13:55:41 - [MESSAGE][PASSED] - Object '' is not checked

2020-10-14 13:55:41 - [MESSAGE][PASSED] - Object '' is present

2020-10-14 13:55:41 - [MESSAGE][PASSED] - Object '' is not checked

2020-10-14 13:55:41 - [MESSAGE][PASSED] - Object '' is present

2020-10-14 13:55:41 - [MESSAGE][PASSED] - Object '' is not checked

2020-10-14 13:55:41 - [MESSAGE][PASSED] - Object '' is present

2020-10-14 13:55:41 - [MESSAGE][PASSED] - Object: '' is clicked on

2020-10-14 13:55:41 - [MESSAGE][PASSED] - Object '' is present

2020-10-14 13:55:41 - [MESSAGE][PASSED] - Object '' is not checked

2020-10-14 13:55:41 - [MESSAGE][PASSED] - Object '' is present

2020-10-14 13:55:41 - [MESSAGE][PASSED] - Object '' is not checked

2020-10-14 13:55:41 - [MESSAGE][PASSED] - Object '' is present

2020-10-14 13:55:41 - [MESSAGE][PASSED] - Object '' is not checked

2020-10-14 13:55:41 - [MESSAGE][PASSED] - Object '' is present

2020-10-14 13:55:41 - [MESSAGE][PASSED] - Object '' is not checked

2020-10-14 13:55:41 - [MESSAGE][PASSED] - Object '' is present

2020-10-14 13:55:41 - [MESSAGE][PASSED] - Object '' is not checked

2020-10-14 13:55:41 - [MESSAGE][PASSED] - Varify the mistake detail already match with the matrix Base on Type Contract

2020-10-14 13:55:41 - [TEST_STEP][PASSED] - Checkbox General Mistake "01. BPKB bagian depan tidak ada": Checkbox General Mistake "01. BPKB bagian depan tidak ada"

2020-10-14 13:55:41 - [MESSAGE][PASSED] - Object: '' is clicked on

2020-10-14 13:55:41 - [MESSAGE][PASSED] - Wait for page load successfully

2020-10-14 13:55:41 - [MESSAGE][PASSED] - Checkbox General Mistake "01. BPKB bagian depan tidak ada"

2020-10-14 13:55:41 - [TEST_STEP][PASSED] - Choose Dropdown mistake type "Dokumen diunggah tidak ada" from mistake name "BPKB bagian depan tidak ada": Choose Dropdown mistake type "Dokumen diunggah tidak ada" from mistake name "BPKB bagian depan tidak ada"

2020-10-14 13:55:41 - [MESSAGE][PASSED] - All options with index in [1] are selected on object ''

2020-10-14 13:55:41 - [MESSAGE][PASSED] - Wait for page load successfully

2020-10-14 13:55:41 - [MESSAGE][PASSED] - Choose Dropdown mistake type "Dokumen diunggah tidak ada" from mistake name "BPKB bagian depan tidak ada"

2020-10-14 13:55:41 - [TEST_STEP][PASSED] - Click button "Save": Click button "Save"

2020-10-14 13:55:41 - [MESSAGE][INFO] - >>>>>//Button[contains(text(),'Save')]

2020-10-14 13:55:44 - [MESSAGE][PASSED] - Object: '' is clicked on

2020-10-14 13:55:44 - [MESSAGE][PASSED] - Click button "Save"

2020-10-14 13:55:44 - [TEST_STEP][PASSED] - Get text from pop up "IT Supporting Tools" with text "Note-before cannot be empty": Get text from pop up "IT Supporting Tools" with text "Note-before cannot be empty"

2020-10-14 13:55:45 - [MESSAGE][PASSED] - Taking screenshot successfully
[[ATTACHMENT|/Users/chaidir.pratama01/Documents/Docs/Katalon Studio/Screenshot/errorpopup.png]]

2020-10-14 13:55:45 - [MESSAGE][PASSED] - Object '' is present

2020-10-14 13:55:45 - [MESSAGE][PASSED] - Wait for page load successfully

2020-10-14 13:55:45 - [MESSAGE][PASSED] - Wait for page load successfully

2020-10-14 13:55:45 - [MESSAGE][PASSED] - Get text from pop up "IT Supporting Tools" with text "Note-before cannot be empty"

2020-10-14 13:55:45 - [TEST_STEP][PASSED] - Click button "OK": Click button "OK"

2020-10-14 13:55:45 - [MESSAGE][INFO] - >>>>>//Button[contains(text(),'OK')]

2020-10-14 13:55:48 - [MESSAGE][PASSED] - Object: '' is clicked on

2020-10-14 13:55:48 - [MESSAGE][PASSED] - Click button "OK"

2020-10-14 13:55:48 - [TEST_STEP][PASSED] - Click button "Logout": Click button "Logout"

2020-10-14 13:55:48 - [MESSAGE][INFO] - >>>>>//Button[contains(text(),'Logout')]

2020-10-14 13:55:51 - [MESSAGE][PASSED] - Object: '' is clicked on

2020-10-14 13:55:51 - [MESSAGE][PASSED] - Click button "Logout"

2020-10-14 13:55:51 - [TEST_STEP][PASSED] - Comment "Register Mistake failed because Note-before empty": Comment "Register Mistake failed because Note-before empty"

2020-10-14 13:55:51 - [MESSAGE][INFO] - Register Mistake failed because Note-before empty

2020-10-14 13:55:51 - [MESSAGE][PASSED] - Comment "Register Mistake failed because Note-before empty"

2020-10-14 13:55:51 - [TEST_STEP][PASSED] - Close browser: Close browser

2020-10-14 13:55:51 - [MESSAGE][PASSED] - Browser is closed

2020-10-14 13:55:51 - [MESSAGE][PASSED] - Close browser

2020-10-14 13:55:51 - [MESSAGE][PASSED] - Feature file: 'Include/features/IST_Real/CONTRACT_DISPATCHER_BPKB/PIck_Mistake_Without_Write_Textarea_Note_Before.feature' was passed]]></system-out>
         <system-err><![CDATA[]]></system-err>
      </testcase>
      <testcase name="Test Cases/IST_Real/CONTRACT_DISPATCHER_BPKB/Update_Tbl_CDS_CDC_TRKRegMistake" time="1.044" classname="Test Cases/IST_Real/CONTRACT_DISPATCHER_BPKB/Update_Tbl_CDS_CDC_TRKRegMistake" status="PASSED">
         <system-out><![CDATA[2020-10-14 13:55:51 - [TEST_CASE][PASSED] - Test Cases/IST_Real/CONTRACT_DISPATCHER_BPKB/Update_Tbl_CDS_CDC_TRKRegMistake: Test Cases/IST_Real/CONTRACT_DISPATCHER_BPKB/Update_Tbl_CDS_CDC_TRKRegMistake

2020-10-14 13:55:51 - [TEST_STEP][PASSED] - runFeatureFile("Include/features/IST_Real/CONTRACT_DISPATCHER_BPKB/Update_Tbl_CDS_CDC_TRKRegMistake.feature"): Feature file: 'Include/features/IST_Real/CONTRACT_DISPATCHER_BPKB/Update_Tbl_CDS_CDC_TRKRegMistake.feature' was passed

2020-10-14 13:55:51 - [MESSAGE][INFO] - Starting run keyword runFeatureFile: 'Include/features/IST_Real/CONTRACT_DISPATCHER_BPKB/Update_Tbl_CDS_CDC_TRKRegMistake.feature' and extract report to folder: '/Users/chaidir.pratama01/Katalon Studio/IST_Automation_Git/Reports/20201014_135321/CONTRACT_DISPATCHER_BPKB/TS_CONTRACT_DISPATCHER_BPKB/20201014_135321/cucumber_report/1602658551963'...

2020-10-14 13:55:52 - [TEST_CASE][PASSED] - Start Test Case : SCENARIO Update Table CONTRACT_DISPATCHER_SOURCE and CONTRACT_DISPTACHER_CLAIM: SCENARIO Update Table CONTRACT_DISPATCHER_SOURCE and CONTRACT_DISPTACHER_CLAIM

2020-10-14 13:55:52 - [TEST_STEP][PASSED] - Connect to Database: Connect to Database

2020-10-14 13:55:52 - [MESSAGE][PASSED] - Connect to Database

2020-10-14 13:55:52 - [TEST_STEP][PASSED] - Update Tbl CONTRACT DISPATCHER SRC BPKB To Change PROCESSED From Y to N For BPKB: Update Tbl CONTRACT DISPATCHER SRC BPKB To Change PROCESSED From Y to N For BPKB

2020-10-14 13:55:52 - [MESSAGE][PASSED] - Update Tbl CONTRACT DISPATCHER SRC BPKB To Change PROCESSED From Y to N For BPKB

2020-10-14 13:55:52 - [TEST_STEP][PASSED] - Update Tbl CONTRACT DISPATCHER CLAIM To Delete PROCESS From Column STATUS: Update Tbl CONTRACT DISPATCHER CLAIM To Delete PROCESS From Column STATUS

2020-10-14 13:55:52 - [MESSAGE][PASSED] - Update Tbl CONTRACT DISPATCHER CLAIM To Delete PROCESS From Column STATUS

2020-10-14 13:55:52 - [TEST_STEP][PASSED] - Delete Contract From TRK_REGISTRATION_MISTAKE: Delete Contract From TRK_REGISTRATION_MISTAKE

2020-10-14 13:55:52 - [MESSAGE][PASSED] - Delete Contract From TRK_REGISTRATION_MISTAKE

2020-10-14 13:55:53 - [MESSAGE][PASSED] - Feature file: 'Include/features/IST_Real/CONTRACT_DISPATCHER_BPKB/Update_Tbl_CDS_CDC_TRKRegMistake.feature' was passed]]></system-out>
         <system-err><![CDATA[]]></system-err>
      </testcase>
      <testcase name="Test Cases/IST_Real/CONTRACT_DISPATCHER_BPKB/Pick_Mistake_Without_Write_Textarea_Note_After" time="29.888" classname="Test Cases/IST_Real/CONTRACT_DISPATCHER_BPKB/Pick_Mistake_Without_Write_Textarea_Note_After" status="PASSED">
         <system-out><![CDATA[2020-10-14 13:55:53 - [TEST_CASE][PASSED] - Test Cases/IST_Real/CONTRACT_DISPATCHER_BPKB/Pick_Mistake_Without_Write_Textarea_Note_After: Test Cases/IST_Real/CONTRACT_DISPATCHER_BPKB/Pick_Mistake_Without_Write_Textarea_Note_After

2020-10-14 13:55:53 - [TEST_STEP][PASSED] - runFeatureFile("Include/features/IST_Real/CONTRACT_DISPATCHER_BPKB/Pick_Mistake_Without_Write_Textarea_Note_After.feature"): Feature file: 'Include/features/IST_Real/CONTRACT_DISPATCHER_BPKB/Pick_Mistake_Without_Write_Textarea_Note_After.feature' was passed

2020-10-14 13:55:53 - [MESSAGE][INFO] - Starting run keyword runFeatureFile: 'Include/features/IST_Real/CONTRACT_DISPATCHER_BPKB/Pick_Mistake_Without_Write_Textarea_Note_After.feature' and extract report to folder: '/Users/chaidir.pratama01/Katalon Studio/IST_Automation_Git/Reports/20201014_135321/CONTRACT_DISPATCHER_BPKB/TS_CONTRACT_DISPATCHER_BPKB/20201014_135321/cucumber_report/1602658553081'...

2020-10-14 13:55:53 - [TEST_CASE][PASSED] - Start Test Case : SCENARIO Assign User to Contract BPKB: SCENARIO Assign User to Contract BPKB

2020-10-14 13:55:53 - [TEST_STEP][PASSED] - Go to IST: Go to IST

2020-10-14 13:55:53 - [MESSAGE][INFO] - Starting 'Chrome (headless)' driver

2020-10-14 13:55:53 - [MESSAGE][INFO] - User set preference: ['args', '[--start-maximized, --disable-gpu, --no-proxy-server, –no-sandbox, --allow-running-insecure-content, --ignore-certificate-errors]']

2020-10-14 13:55:53 - [MESSAGE][INFO] - Action delay is set to 0 milliseconds

2020-10-14 13:55:53 - [MESSAGE][PASSED] - Browser is opened with url: ''

2020-10-14 13:55:55 - [MESSAGE][PASSED] - Navigate to 'https://dev-ist.homecredit.id/ist_tracker/' successfully

2020-10-14 13:55:55 - [MESSAGE][PASSED] - Taking screenshot successfully
[[ATTACHMENT|/Users/chaidir.pratama01/Documents/Docs/Katalon Studio/Screenshot/IST_Page.png]]

2020-10-14 13:55:55 - [MESSAGE][PASSED] - Go to IST

2020-10-14 13:55:55 - [TEST_STEP][PASSED] - Login IST with valid credentials: Login IST with valid credentials

2020-10-14 13:55:55 - [MESSAGE][PASSED] - Text 'mobile.test' is set on object 'Object Repository/Page_/input_Username_j_username'

2020-10-14 13:55:56 - [MESSAGE][PASSED] - Text ****** has been set on object 'Object Repository/Page_/input_Password_j_password'

2020-10-14 13:55:56 - [MESSAGE][PASSED] - Object: 'Object Repository/Page_/button_Login' is clicked on

2020-10-14 13:55:56 - [MESSAGE][PASSED] - Login IST with valid credentials

2020-10-14 13:55:56 - [TEST_STEP][PASSED] - Login Success for contract dispatcher: Login Success for contract dispatcher

2020-10-14 13:55:56 - [MESSAGE][INFO] - Login Success

2020-10-14 13:55:56 - [MESSAGE][PASSED] - Current window maximized

2020-10-14 13:55:56 - [MESSAGE][PASSED] - Object 'Object Repository/Page_/h1_Welcome to IT Supporting Tools' is present

2020-10-14 13:55:56 - [MESSAGE][PASSED] - Login Success for contract dispatcher

2020-10-14 13:55:56 - [TEST_STEP][PASSED] - Select Arrow Menu "Contract Dispatcher Admin": Select Arrow Menu "Contract Dispatcher Admin"

2020-10-14 13:55:56 - [MESSAGE][PASSED] - Object: '' is clicked on

2020-10-14 13:55:56 - [MESSAGE][PASSED] - Select Arrow Menu "Contract Dispatcher Admin"

2020-10-14 13:55:56 - [TEST_STEP][PASSED] - Select Menu "Management Assignment": Select Menu "Management Assignment"

2020-10-14 13:55:56 - [MESSAGE][PASSED] - Object '' is present

2020-10-14 13:55:57 - [MESSAGE][PASSED] - Object: '' is clicked on

2020-10-14 13:55:57 - [MESSAGE][PASSED] - Wait for page load successfully

2020-10-14 13:55:57 - [MESSAGE][PASSED] - Select Menu "Management Assignment"

2020-10-14 13:55:57 - [TEST_STEP][PASSED] - Select Username "mobile.test" of Management Assignment: Select Username "mobile.test" of Management Assignment

2020-10-14 13:55:58 - [MESSAGE][PASSED] - All options with value 'mobile.test' are selected in object 'Object Repository/Page_/dropdown_list_username_assignment'  using regular expression

2020-10-14 13:55:58 - [MESSAGE][PASSED] - Select Username "mobile.test" of Management Assignment

2020-10-14 13:55:58 - [TEST_STEP][PASSED] - Check for username if already assigned to "BPKB": Check for username if already assigned to "BPKB"

2020-10-14 13:56:01 - [MESSAGE][PASSED] - Scroll to object '' successfully

2020-10-14 13:56:01 - [MESSAGE][PASSED] - Object '' is present

2020-10-14 13:56:01 - [MESSAGE][PASSED] - Object '' is checked

2020-10-14 13:56:01 - [MESSAGE][INFO] - Element is already Checked

2020-10-14 13:56:01 - [MESSAGE][PASSED] - Check for username if already assigned to "BPKB"

2020-10-14 13:56:01 - [TEST_STEP][PASSED] - Wait page for load: Wait page for load

2020-10-14 13:56:01 - [MESSAGE][PASSED] - Wait for page load successfully

2020-10-14 13:56:01 - [MESSAGE][PASSED] - Wait page for load

2020-10-14 13:56:01 - [TEST_STEP][PASSED] - Click button "Logout": Click button "Logout"

2020-10-14 13:56:01 - [MESSAGE][INFO] - >>>>>//Button[contains(text(),'Logout')]

2020-10-14 13:56:04 - [MESSAGE][PASSED] - Object: '' is clicked on

2020-10-14 13:56:04 - [MESSAGE][PASSED] - Click button "Logout"

2020-10-14 13:56:04 - [TEST_STEP][PASSED] - Close browser: Close browser

2020-10-14 13:56:04 - [MESSAGE][PASSED] - Browser is closed

2020-10-14 13:56:04 - [MESSAGE][PASSED] - Close browser

2020-10-14 13:56:04 - [TEST_CASE][PASSED] - Start Test Case : SCENARIO Select Menu Contract Dispatcher and Select Contract based on type contract BPKB: SCENARIO Select Menu Contract Dispatcher and Select Contract based on type contract BPKB

2020-10-14 13:56:04 - [TEST_STEP][PASSED] - Go to IST: Go to IST

2020-10-14 13:56:04 - [MESSAGE][INFO] - Starting 'Chrome (headless)' driver

2020-10-14 13:56:04 - [MESSAGE][INFO] - User set preference: ['args', '[--start-maximized, --disable-gpu, --no-proxy-server, –no-sandbox, --allow-running-insecure-content, --ignore-certificate-errors]']

2020-10-14 13:56:04 - [MESSAGE][INFO] - Action delay is set to 0 milliseconds

2020-10-14 13:56:05 - [MESSAGE][PASSED] - Browser is opened with url: ''

2020-10-14 13:56:06 - [MESSAGE][PASSED] - Navigate to 'https://dev-ist.homecredit.id/ist_tracker/' successfully

2020-10-14 13:56:06 - [MESSAGE][PASSED] - Taking screenshot successfully
[[ATTACHMENT|/Users/chaidir.pratama01/Documents/Docs/Katalon Studio/Screenshot/IST_Page.png]]

2020-10-14 13:56:06 - [MESSAGE][PASSED] - Go to IST

2020-10-14 13:56:06 - [TEST_STEP][PASSED] - Login IST with valid credentials: Login IST with valid credentials

2020-10-14 13:56:07 - [MESSAGE][PASSED] - Text 'mobile.test' is set on object 'Object Repository/Page_/input_Username_j_username'

2020-10-14 13:56:07 - [MESSAGE][PASSED] - Text ****** has been set on object 'Object Repository/Page_/input_Password_j_password'

2020-10-14 13:56:07 - [MESSAGE][PASSED] - Object: 'Object Repository/Page_/button_Login' is clicked on

2020-10-14 13:56:07 - [MESSAGE][PASSED] - Login IST with valid credentials

2020-10-14 13:56:07 - [TEST_STEP][PASSED] - Login Success for contract dispatcher: Login Success for contract dispatcher

2020-10-14 13:56:07 - [MESSAGE][INFO] - Login Success

2020-10-14 13:56:07 - [MESSAGE][PASSED] - Current window maximized

2020-10-14 13:56:07 - [MESSAGE][PASSED] - Object 'Object Repository/Page_/h1_Welcome to IT Supporting Tools' is present

2020-10-14 13:56:07 - [MESSAGE][PASSED] - Login Success for contract dispatcher

2020-10-14 13:56:07 - [TEST_STEP][PASSED] - Select Menu "Contract Dispatcher": Select Menu "Contract Dispatcher"

2020-10-14 13:56:07 - [MESSAGE][PASSED] - Object '' is present

2020-10-14 13:56:07 - [MESSAGE][PASSED] - Object: '' is clicked on

2020-10-14 13:56:07 - [MESSAGE][PASSED] - Wait for page load successfully

2020-10-14 13:56:07 - [MESSAGE][PASSED] - Select Menu "Contract Dispatcher"

2020-10-14 13:56:07 - [TEST_STEP][PASSED] - Select Contract Number based on Type Contract "BPKB": Select Contract Number based on Type Contract "BPKB"

2020-10-14 13:56:08 - [MESSAGE][PASSED] - Object '' is present

2020-10-14 13:56:08 - [MESSAGE][PASSED] - Object '' is present

2020-10-14 13:56:08 - [MESSAGE][PASSED] - Object: '' is clicked on

2020-10-14 13:56:08 - [MESSAGE][PASSED] - Select Contract Number based on Type Contract "BPKB"

2020-10-14 13:56:08 - [TEST_STEP][PASSED] - Click button "Claim": Click button "Claim"

2020-10-14 13:56:08 - [MESSAGE][INFO] - >>>>>//Button[contains(text(),'Claim')]

2020-10-14 13:56:11 - [MESSAGE][PASSED] - Object: '' is clicked on

2020-10-14 13:56:11 - [MESSAGE][PASSED] - Click button "Claim"

2020-10-14 13:56:11 - [TEST_STEP][PASSED] - Varify the mistake detail already match with the matrix Base on Type Contract: Varify the mistake detail already match with the matrix Base on Type Contract

2020-10-14 13:56:11 - [MESSAGE][PASSED] - Object '' is present

2020-10-14 13:56:11 - [MESSAGE][PASSED] - Object: '' is clicked on

2020-10-14 13:56:11 - [MESSAGE][PASSED] - Object '' is present

2020-10-14 13:56:11 - [MESSAGE][PASSED] - Object '' is not checked

2020-10-14 13:56:11 - [MESSAGE][PASSED] - Object '' is present

2020-10-14 13:56:11 - [MESSAGE][PASSED] - Object '' is not checked

2020-10-14 13:56:11 - [MESSAGE][PASSED] - Object '' is present

2020-10-14 13:56:11 - [MESSAGE][PASSED] - Object '' is not checked

2020-10-14 13:56:11 - [MESSAGE][PASSED] - Object '' is present

2020-10-14 13:56:11 - [MESSAGE][PASSED] - Object '' is not checked

2020-10-14 13:56:12 - [MESSAGE][PASSED] - Object '' is present

2020-10-14 13:56:12 - [MESSAGE][PASSED] - Object: '' is clicked on

2020-10-14 13:56:12 - [MESSAGE][PASSED] - Object '' is present

2020-10-14 13:56:12 - [MESSAGE][PASSED] - Object '' is not checked

2020-10-14 13:56:12 - [MESSAGE][PASSED] - Object '' is present

2020-10-14 13:56:12 - [MESSAGE][PASSED] - Object '' is not checked

2020-10-14 13:56:12 - [MESSAGE][PASSED] - Object '' is present

2020-10-14 13:56:12 - [MESSAGE][PASSED] - Object '' is not checked

2020-10-14 13:56:12 - [MESSAGE][PASSED] - Object '' is present

2020-10-14 13:56:12 - [MESSAGE][PASSED] - Object '' is not checked

2020-10-14 13:56:12 - [MESSAGE][PASSED] - Object '' is present

2020-10-14 13:56:12 - [MESSAGE][PASSED] - Object '' is not checked

2020-10-14 13:56:12 - [MESSAGE][PASSED] - Varify the mistake detail already match with the matrix Base on Type Contract

2020-10-14 13:56:12 - [TEST_STEP][PASSED] - Checkbox General Mistake "05. Data nomor rangka dan nomor mesin di BPKB berbeda dengan Surat Nomor Rangka dan Mesin Gesek Kendaraan": Checkbox General Mistake "05. Data nomor rangka dan nomor mesin di BPKB berbeda dengan Surat Nomor Rangka dan Mesin Gesek Kendaraan"

2020-10-14 13:56:12 - [MESSAGE][PASSED] - Object: '' is clicked on

2020-10-14 13:56:12 - [MESSAGE][PASSED] - Wait for page load successfully

2020-10-14 13:56:12 - [MESSAGE][PASSED] - Checkbox General Mistake "05. Data nomor rangka dan nomor mesin di BPKB berbeda dengan Surat Nomor Rangka dan Mesin Gesek Kendaraan"

2020-10-14 13:56:12 - [TEST_STEP][PASSED] - Choose Dropdown mistake type "No rangka berbeda (BPKB vs Surat gesek no rangka)" from mistake name "Data nomor rangka dan nomor mesin di BPKB berbeda dengan Surat Nomor Rangka dan Mesin Gesek Kendaraan": Choose Dropdown mistake type "No rangka berbeda (BPKB vs Surat gesek no rangka)" from mistake name "Data nomor rangka dan nomor mesin di BPKB berbeda dengan Surat Nomor Rangka dan Mesin Gesek Kendaraan"

[...]
Driver info: com.kms.katalon.selenium.driver.CChromeDriver
Capabilities {acceptInsecureCerts: false, browserName: chrome, browserVersion: 86.0.4240.80, chrome: {chromedriverVersion: 86.0.4240.22 (398b0743353ff..., userDataDir: /var/folders/0s/4_d154xd6dq...}, goog:chromeOptions: {debuggerAddress: localhost:54361}, javascriptEnabled: true, networkConnectionEnabled: false, pageLoadStrategy: normal, platform: MAC, platformName: MAC, proxy: Proxy(), setWindowRect: true, strictFileInteractability: false, timeouts: {implicit: 0, pageLoad: 300000, script: 30000}, unhandledPromptBehavior: dismiss and notify, webauthn:virtualAuthenticators: true}
Session ID: aec4bc1106914d95a1773d2d9031cbad
	at org.openqa.selenium.remote.http.W3CHttpResponseCodec.createException(W3CHttpResponseCodec.java:187)
	at org.openqa.selenium.remote.http.W3CHttpResponseCodec.decode(W3CHttpResponseCodec.java:122)
	at org.openqa.selenium.remote.http.W3CHttpResponseCodec.decode(W3CHttpResponseCodec.java:49)
	at org.openqa.selenium.remote.HttpCommandExecutor.execute(HttpCommandExecutor.java:158)
	at org.openqa.selenium.remote.service.DriverCommandExecutor.execute(DriverCommandExecutor.java:83)
	at org.openqa.selenium.remote.RemoteWebDriver.execute(RemoteWebDriver.java:552)
	at com.kms.katalon.selenium.driver.CChromeDriver.execute(CChromeDriver.java:19)
	at org.openqa.selenium.remote.RemoteWebElement.execute(RemoteWebElement.java:285)
	at org.openqa.selenium.remote.RemoteWebElement.click(RemoteWebElement.java:84)
	at org.openqa.selenium.support.events.EventFiringWebDriver$EventFiringWebElement.lambda$new$0(EventFiringWebDriver.java:404)
	at com.sun.proxy.$Proxy21.click(Unknown Source)
	at org.openqa.selenium.support.events.EventFiringWebDriver$EventFiringWebElement.click(EventFiringWebDriver.java:417)
	at com.kms.katalon.core.webui.keyword.builtin.ClickKeyword$_click_closure1.doCall(ClickKeyword.groovy:69)
	at com.kms.katalon.core.webui.keyword.builtin.ClickKeyword$_click_closure1.call(ClickKeyword.groovy)
	at com.kms.katalon.core.webui.keyword.internal.WebUIKeywordMain.runKeyword(WebUIKeywordMain.groovy:20)
	at com.kms.katalon.core.webui.keyword.builtin.ClickKeyword.click(ClickKeyword.groovy:76)
	at com.kms.katalon.core.webui.keyword.builtin.ClickKeyword.execute(ClickKeyword.groovy:43)
	at com.kms.katalon.core.keyword.internal.KeywordExecutor.executeKeywordForPlatform(KeywordExecutor.groovy:73)
	at com.kms.katalon.core.webui.keyword.WebUiBuiltInKeywords.click(WebUiBuiltInKeywords.groovy:616)
	at com.kms.katalon.core.webui.keyword.WebUiBuiltInKeywords$click$4.call(Unknown Source)
	at ist_real.Contract_Dispatcher.ClickButton(Contract_Dispatcher.groovy:423)
	at cucumber.runtime.Utils$1.call(Utils.java:26)
	at cucumber.runtime.Timeout.timeout(Timeout.java:16)
	at cucumber.runtime.Utils.invoke(Utils.java:20)
	at cucumber.runtime.java.JavaStepDefinition.execute(JavaStepDefinition.java:48)
	at cucumber.runtime.PickleStepDefinitionMatch.runStep(PickleStepDefinitionMatch.java:50)
	at cucumber.runner.TestStep.executeStep(TestStep.java:55)
	at cucumber.runner.TestStep.run(TestStep.java:42)
	at cucumber.runner.PickleStepTestStep.run(PickleStepTestStep.java:53)
	at cucumber.runner.TestCase.run(TestCase.java:47)
	at cucumber.runner.Runner.runPickle(Runner.java:44)
	at cucumber.runtime.Runtime.runFeature(Runtime.java:120)
	at cucumber.runtime.Runtime.run(Runtime.java:106)
	at cucumber.api.cli.Main.run(Main.java:35)
	at cucumber.api.cli.Main$run.call(Unknown Source)
	at com.kms.katalon.core.cucumber.keyword.CucumberBuiltinKeywords$_runFeatureFile_closure1.doCall(CucumberBuiltinKeywords.groovy:76)
	at com.kms.katalon.core.cucumber.keyword.CucumberBuiltinKeywords$_runFeatureFile_closure1.doCall(CucumberBuiltinKeywords.groovy)
	at com.kms.katalon.core.keyword.internal.KeywordMain.runKeyword(KeywordMain.groovy:68)
	at com.kms.katalon.core.keyword.internal.KeywordMain$runKeyword.call(Unknown Source)
	at com.kms.katalon.core.cucumber.keyword.CucumberBuiltinKeywords.runFeatureFile(CucumberBuiltinKeywords.groovy:46)
	at com.kms.katalon.core.cucumber.keyword.CucumberBuiltinKeywords$runFeatureFile$0.callStatic(Unknown Source)
	at com.kms.katalon.core.cucumber.keyword.CucumberBuiltinKeywords.runFeatureFile(CucumberBuiltinKeywords.groovy:169)
	at com.kms.katalon.core.cucumber.keyword.CucumberBuiltinKeywords$runFeatureFile.call(Unknown Source)
	at BPKB_Does_Not_Exist_in_Contract_Dispatcher_Menu.run(BPKB_Does_Not_Exist_in_Contract_Dispatcher_Menu:16)
	at com.kms.katalon.core.main.ScriptEngine.run(ScriptEngine.java:194)
	at com.kms.katalon.core.main.ScriptEngine.runScriptAsRawText(ScriptEngine.java:119)
	at com.kms.katalon.core.main.TestCaseExecutor.runScript(TestCaseExecutor.java:339)
	at com.kms.katalon.core.main.TestCaseExecutor.doExecute(TestCaseExecutor.java:330)
	at com.kms.katalon.core.main.TestCaseExecutor.processExecutionPhase(TestCaseExecutor.java:309)
	at com.kms.katalon.core.main.TestCaseExecutor.accessMainPhase(TestCaseExecutor.java:301)
	at com.kms.katalon.core.main.TestCaseExecutor.execute(TestCaseExecutor.java:235)
	at com.kms.katalon.core.main.TestSuiteExecutor.accessTestCaseMainPhase(TestSuiteExecutor.java:191)
	at com.kms.katalon.core.main.TestSuiteExecutor.accessTestSuiteMainPhase(TestSuiteExecutor.java:141)
	at com.kms.katalon.core.main.TestSuiteExecutor.execute(TestSuiteExecutor.java:90)
	at com.kms.katalon.core.main.TestCaseMain.startTestSuite(TestCaseMain.java:157)
	at com.kms.katalon.core.main.TestCaseMain$startTestSuite$0.call(Unknown Source)
	at TempTestSuite1602658401812.run(TempTestSuite1602658401812.groovy:39)


2020-10-14 13:58:34 - [TEST_STEP][NOT_RUN] - Close browser: Close browser

2020-10-14 13:58:34 - [MESSAGE][NOT_RUN] - Close browser

2020-10-14 13:58:34 - [MESSAGE][FAILED] - Feature file 'Include/features/IST_Real/CONTRACT_DISPATCHER_BPKB/BPKB_Does_Not_Exist_in_Contract_Dispatcher_Menu.feature' was failed

2020-10-14 13:58:34 - [MESSAGE][FAILED] - Keyword runFeatureFile was failed (Root cause: com.kms.katalon.core.exception.StepFailedException: Feature file 'Include/features/IST_Real/CONTRACT_DISPATCHER_BPKB/BPKB_Does_Not_Exist_in_Contract_Dispatcher_Menu.feature' was failed
	at com.kms.katalon.core.keyword.internal.KeywordMain.stepFailed(KeywordMain.groovy:50)
	at com.kms.katalon.core.keyword.internal.KeywordMain.stepFailed(KeywordMain.groovy)
	at com.kms.katalon.core.keyword.internal.KeywordMain.stepFailed(KeywordMain.groovy:23)
	at com.kms.katalon.core.keyword.internal.KeywordMain$stepFailed$0.call(Unknown Source)
	at com.kms.katalon.core.cucumber.keyword.CucumberBuiltinKeywords$_runFeatureFile_closure1.doCall(CucumberBuiltinKeywords.groovy:82)
	at com.kms.katalon.core.cucumber.keyword.CucumberBuiltinKeywords$_runFeatureFile_closure1.doCall(CucumberBuiltinKeywords.groovy)
	at com.kms.katalon.core.keyword.internal.KeywordMain.runKeyword(KeywordMain.groovy:68)
	at com.kms.katalon.core.keyword.internal.KeywordMain$runKeyword.call(Unknown Source)
	at com.kms.katalon.core.cucumber.keyword.CucumberBuiltinKeywords.runFeatureFile(CucumberBuiltinKeywords.groovy:46)
	at com.kms.katalon.core.cucumber.keyword.CucumberBuiltinKeywords$runFeatureFile$0.callStatic(Unknown Source)
	at com.kms.katalon.core.cucumber.keyword.CucumberBuiltinKeywords.runFeatureFile(CucumberBuiltinKeywords.groovy:169)
	at com.kms.katalon.core.cucumber.keyword.CucumberBuiltinKeywords$runFeatureFile.call(Unknown Source)
	at BPKB_Does_Not_Exist_in_Contract_Dispatcher_Menu.run(BPKB_Does_Not_Exist_in_Contract_Dispatcher_Menu:16)
	at com.kms.katalon.core.main.ScriptEngine.run(ScriptEngine.java:194)
	at com.kms.katalon.core.main.ScriptEngine.runScriptAsRawText(ScriptEngine.java:119)
	at com.kms.katalon.core.main.TestCaseExecutor.runScript(TestCaseExecutor.java:339)
	at com.kms.katalon.core.main.TestCaseExecutor.doExecute(TestCaseExecutor.java:330)
	at com.kms.katalon.core.main.TestCaseExecutor.processExecutionPhase(TestCaseExecutor.java:309)
	at com.kms.katalon.core.main.TestCaseExecutor.accessMainPhase(TestCaseExecutor.java:301)
	at com.kms.katalon.core.main.TestCaseExecutor.execute(TestCaseExecutor.java:235)
	at com.kms.katalon.core.main.TestSuiteExecutor.accessTestCaseMainPhase(TestSuiteExecutor.java:191)
	at com.kms.katalon.core.main.TestSuiteExecutor.accessTestSuiteMainPhase(TestSuiteExecutor.java:141)
	at com.kms.katalon.core.main.TestSuiteExecutor.execute(TestSuiteExecutor.java:90)
	at com.kms.katalon.core.main.TestCaseMain.startTestSuite(TestCaseMain.java:157)
	at com.kms.katalon.core.main.TestCaseMain$startTestSuite$0.call(Unknown Source)
	at TempTestSuite1602658401812.run(TempTestSuite1602658401812.groovy:39)
)]]></system-out>
         <system-err><![CDATA[2020-10-14 13:57:53 - [TEST_CASE][FAILED] - Test Cases/IST_Real/CONTRACT_DISPATCHER_BPKB/BPKB_Does_Not_Exist_in_Contract_Dispatcher_Menu: Test Cases/IST_Real/CONTRACT_DISPATCHER_BPKB/BPKB_Does_Not_Exist_in_Contract_Dispatcher_Menu FAILED.
Reason:
com.kms.katalon.core.exception.StepFailedException: Feature file 'Include/features/IST_Real/CONTRACT_DISPATCHER_BPKB/BPKB_Does_Not_Exist_in_Contract_Dispatcher_Menu.feature' was failed
	at com.kms.katalon.core.keyword.internal.KeywordMain.stepFailed(KeywordMain.groovy:50)
	at com.kms.katalon.core.keyword.internal.KeywordMain.stepFailed(KeywordMain.groovy)
	at com.kms.katalon.core.keyword.internal.KeywordMain.stepFailed(KeywordMain.groovy:23)
	at com.kms.katalon.core.keyword.internal.KeywordMain$stepFailed$0.call(Unknown Source)
	at com.kms.katalon.core.cucumber.keyword.CucumberBuiltinKeywords$_runFeatureFile_closure1.doCall(CucumberBuiltinKeywords.groovy:82)
	at com.kms.katalon.core.cucumber.keyword.CucumberBuiltinKeywords$_runFeatureFile_closure1.doCall(CucumberBuiltinKeywords.groovy)
	at com.kms.katalon.core.keyword.internal.KeywordMain.runKeyword(KeywordMain.groovy:68)
	at com.kms.katalon.core.keyword.internal.KeywordMain$runKeyword.call(Unknown Source)
	at com.kms.katalon.core.cucumber.keyword.CucumberBuiltinKeywords.runFeatureFile(CucumberBuiltinKeywords.groovy:46)
	at com.kms.katalon.core.cucumber.keyword.CucumberBuiltinKeywords$runFeatureFile$0.callStatic(Unknown Source)
	at com.kms.katalon.core.cucumber.keyword.CucumberBuiltinKeywords.runFeatureFile(CucumberBuiltinKeywords.groovy:169)
	at com.kms.katalon.core.cucumber.keyword.CucumberBuiltinKeywords$runFeatureFile.call(Unknown Source)
	at BPKB_Does_Not_Exist_in_Contract_Dispatcher_Menu.run(BPKB_Does_Not_Exist_in_Contract_Dispatcher_Menu:16)
	at com.kms.katalon.core.main.ScriptEngine.run(ScriptEngine.java:194)
	at com.kms.katalon.core.main.ScriptEngine.runScriptAsRawText(ScriptEngine.java:119)
	at com.kms.katalon.core.main.TestCaseExecutor.runScript(TestCaseExecutor.java:339)
	at com.kms.katalon.core.main.TestCaseExecutor.doExecute(TestCaseExecutor.java:330)
	at com.kms.katalon.core.main.TestCaseExecutor.processExecutionPhase(TestCaseExecutor.java:309)
	at com.kms.katalon.core.main.TestCaseExecutor.accessMainPhase(TestCaseExecutor.java:301)
	at com.kms.katalon.core.main.TestCaseExecutor.execute(TestCaseExecutor.java:235)
	at com.kms.katalon.core.main.TestSuiteExecutor.accessTestCaseMainPhase(TestSuiteExecutor.java:191)
	at com.kms.katalon.core.main.TestSuiteExecutor.accessTestSuiteMainPhase(TestSuiteExecutor.java:141)
	at com.kms.katalon.core.main.TestSuiteExecutor.execute(TestSuiteExecutor.java:90)
	at com.kms.katalon.core.main.TestCaseMain.startTestSuite(TestCaseMain.java:157)
	at com.kms.katalon.core.main.TestCaseMain$startTestSuite$0.call(Unknown Source)
	at TempTestSuite1602658401812.run(TempTestSuite1602658401812.groovy:39)]]></system-err>
      </testcase>
      <testcase name="Test Cases/IST_Real/CONTRACT_DISPATCHER_BPKB/Update_Tbl_CDS_CDC_TRKRegMistake" time="0.877" classname="Test Cases/IST_Real/CONTRACT_DISPATCHER_BPKB/Update_Tbl_CDS_CDC_TRKRegMistake" status="PASSED">
         <system-out><![CDATA[2020-10-14 13:58:34 - [TEST_CASE][PASSED] - Test Cases/IST_Real/CONTRACT_DISPATCHER_BPKB/Update_Tbl_CDS_CDC_TRKRegMistake: Test Cases/IST_Real/CONTRACT_DISPATCHER_BPKB/Update_Tbl_CDS_CDC_TRKRegMistake

2020-10-14 13:58:34 - [TEST_STEP][PASSED] - runFeatureFile("Include/features/IST_Real/CONTRACT_DISPATCHER_BPKB/Update_Tbl_CDS_CDC_TRKRegMistake.feature"): Feature file: 'Include/features/IST_Real/CONTRACT_DISPATCHER_BPKB/Update_Tbl_CDS_CDC_TRKRegMistake.feature' was passed

2020-10-14 13:58:34 - [MESSAGE][INFO] - Starting run keyword runFeatureFile: 'Include/features/IST_Real/CONTRACT_DISPATCHER_BPKB/Update_Tbl_CDS_CDC_TRKRegMistake.feature' and extract report to folder: '/Users/chaidir.pratama01/Katalon Studio/IST_Automation_Git/Reports/20201014_135321/CONTRACT_DISPATCHER_BPKB/TS_CONTRACT_DISPATCHER_BPKB/20201014_135321/cucumber_report/1602658714298'...

2020-10-14 13:58:34 - [TEST_CASE][PASSED] - Start Test Case : SCENARIO Update Table CONTRACT_DISPATCHER_SOURCE and CONTRACT_DISPTACHER_CLAIM: SCENARIO Update Table CONTRACT_DISPATCHER_SOURCE and CONTRACT_DISPTACHER_CLAIM

2020-10-14 13:58:34 - [TEST_STEP][PASSED] - Connect to Database: Connect to Database

2020-10-14 13:58:34 - [MESSAGE][PASSED] - Connect to Database

2020-10-14 13:58:34 - [TEST_STEP][PASSED] - Update Tbl CONTRACT DISPATCHER SRC BPKB To Change PROCESSED From Y to N For BPKB: Update Tbl CONTRACT DISPATCHER SRC BPKB To Change PROCESSED From Y to N For BPKB

2020-10-14 13:58:34 - [MESSAGE][PASSED] - Update Tbl CONTRACT DISPATCHER SRC BPKB To Change PROCESSED From Y to N For BPKB

2020-10-14 13:58:34 - [TEST_STEP][PASSED] - Update Tbl CONTRACT DISPATCHER CLAIM To Delete PROCESS From Column STATUS: Update Tbl CONTRACT DISPATCHER CLAIM To Delete PROCESS From Column STATUS

2020-10-14 13:58:35 - [MESSAGE][PASSED] - Update Tbl CONTRACT DISPATCHER CLAIM To Delete PROCESS From Column STATUS

2020-10-14 13:58:35 - [TEST_STEP][PASSED] - Delete Contract From TRK_REGISTRATION_MISTAKE: Delete Contract From TRK_REGISTRATION_MISTAKE

2020-10-14 13:58:35 - [MESSAGE][PASSED] - Delete Contract From TRK_REGISTRATION_MISTAKE

2020-10-14 13:58:35 - [MESSAGE][PASSED] - Feature file: 'Include/features/IST_Real/CONTRACT_DISPATCHER_BPKB/Update_Tbl_CDS_CDC_TRKRegMistake.feature' was passed]]></system-out>
         <system-err><![CDATA[]]></system-err>
      </testcase>
      <system-out><![CDATA[2020-10-14 13:53:29 - [TEST_SUITE][FAILED] - TS_CONTRACT_DISPATCHER_BPKB: Test Cases/IST_Real/CONTRACT_DISPATCHER_BPKB/Column_PROCESSED_Turn_N_When_Status_RELEASE_BPKB FAILED.
Reason:
com.kms.katalon.core.exception.StepFailedException: Feature file 'Include/features/IST_Real/CONTRACT_DISPATCHER_BPKB/Column_PROCESSED_Turn_N_When_Status_RELEASE_BPKB.feature' was failed
	at com.kms.katalon.core.keyword.internal.KeywordMain.stepFailed(KeywordMain.groovy:50)
	at com.kms.katalon.core.keyword.internal.KeywordMain.stepFailed(KeywordMain.groovy)
	at com.kms.katalon.core.keyword.internal.KeywordMain.stepFailed(KeywordMain.groovy:23)
	at com.kms.katalon.core.keyword.internal.KeywordMain$stepFailed$0.call(Unknown Source)
	at com.kms.katalon.core.cucumber.keyword.CucumberBuiltinKeywords$_runFeatureFile_closure1.doCall(CucumberBuiltinKeywords.groovy:82)
	at com.kms.katalon.core.cucumber.keyword.CucumberBuiltinKeywords$_runFeatureFile_closure1.doCall(CucumberBuiltinKeywords.groovy)
	at com.kms.katalon.core.keyword.internal.KeywordMain.runKeyword(KeywordMain.groovy:68)
	at com.kms.katalon.core.keyword.internal.KeywordMain$runKeyword.call(Unknown Source)
	at com.kms.katalon.core.cucumber.keyword.CucumberBuiltinKeywords.runFeatureFile(CucumberBuiltinKeywords.groovy:46)
	at com.kms.katalon.core.cucumber.keyword.CucumberBuiltinKeywords$runFeatureFile$0.callStatic(Unknown Source)
	at com.kms.katalon.core.cucumber.keyword.CucumberBuiltinKeywords.runFeatureFile(CucumberBuiltinKeywords.groovy:169)
	at com.kms.katalon.core.cucumber.keyword.CucumberBuiltinKeywords$runFeatureFile.call(Unknown Source)
	at Column_PROCESSED_Turn_N_When_Status_RELEASE_BPKB.run(Column_PROCESSED_Turn_N_When_Status_RELEASE_BPKB:16)
	at com.kms.katalon.core.main.ScriptEngine.run(ScriptEngine.java:194)
	at com.kms.katalon.core.main.ScriptEngine.runScriptAsRawText(ScriptEngine.java:119)
	at com.kms.katalon.core.main.TestCaseExecutor.runScript(TestCaseExecutor.java:339)
	at com.kms.katalon.core.main.TestCaseExecutor.doExecute(TestCaseExecutor.java:330)
	at com.kms.katalon.core.main.TestCaseExecutor.processExecutionPhase(TestCaseExecutor.java:309)
	at com.kms.katalon.core.main.TestCaseExecutor.accessMainPhase(TestCaseExecutor.java:301)
	at com.kms.katalon.core.main.TestCaseExecutor.execute(TestCaseExecutor.java:235)
	at com.kms.katalon.core.main.TestSuiteExecutor.accessTestCaseMainPhase(TestSuiteExecutor.java:191)
	at com.kms.katalon.core.main.TestSuiteExecutor.accessTestSuiteMainPhase(TestSuiteExecutor.java:141)
	at com.kms.katalon.core.main.TestSuiteExecutor.execute(TestSuiteExecutor.java:90)
	at com.kms.katalon.core.main.TestCaseMain.startTestSuite(TestCaseMain.java:157)
	at com.kms.katalon.core.main.TestCaseMain$startTestSuite$0.call(Unknown Source)
	at TempTestSuite1602658401812.run(TempTestSuite1602658401812.groovy:39)]]></system-out>
      <system-err><![CDATA[2020-10-14 13:53:29 - [TEST_SUITE][FAILED] - TS_CONTRACT_DISPATCHER_BPKB: Test Cases/IST_Real/CONTRACT_DISPATCHER_BPKB/Column_PROCESSED_Turn_N_When_Status_RELEASE_BPKB FAILED.
Reason:
com.kms.katalon.core.exception.StepFailedException: Feature file 'Include/features/IST_Real/CONTRACT_DISPATCHER_BPKB/Column_PROCESSED_Turn_N_When_Status_RELEASE_BPKB.feature' was failed
	at com.kms.katalon.core.keyword.internal.KeywordMain.stepFailed(KeywordMain.groovy:50)
	at com.kms.katalon.core.keyword.internal.KeywordMain.stepFailed(KeywordMain.groovy)
	at com.kms.katalon.core.keyword.internal.KeywordMain.stepFailed(KeywordMain.groovy:23)
	at com.kms.katalon.core.keyword.internal.KeywordMain$stepFailed$0.call(Unknown Source)
	at com.kms.katalon.core.cucumber.keyword.CucumberBuiltinKeywords$_runFeatureFile_closure1.doCall(CucumberBuiltinKeywords.groovy:82)
	at com.kms.katalon.core.cucumber.keyword.CucumberBuiltinKeywords$_runFeatureFile_closure1.doCall(CucumberBuiltinKeywords.groovy)
	at com.kms.katalon.core.keyword.internal.KeywordMain.runKeyword(KeywordMain.groovy:68)
	at com.kms.katalon.core.keyword.internal.KeywordMain$runKeyword.call(Unknown Source)
	at com.kms.katalon.core.cucumber.keyword.CucumberBuiltinKeywords.runFeatureFile(CucumberBuiltinKeywords.groovy:46)
	at com.kms.katalon.core.cucumber.keyword.CucumberBuiltinKeywords$runFeatureFile$0.callStatic(Unknown Source)
	at com.kms.katalon.core.cucumber.keyword.CucumberBuiltinKeywords.runFeatureFile(CucumberBuiltinKeywords.groovy:169)
	at com.kms.katalon.core.cucumber.keyword.CucumberBuiltinKeywords$runFeatureFile.call(Unknown Source)
	at Column_PROCESSED_Turn_N_When_Status_RELEASE_BPKB.run(Column_PROCESSED_Turn_N_When_Status_RELEASE_BPKB:16)
	at com.kms.katalon.core.main.ScriptEngine.run(ScriptEngine.java:194)
	at com.kms.katalon.core.main.ScriptEngine.runScriptAsRawText(ScriptEngine.java:119)
	at com.kms.katalon.core.main.TestCaseExecutor.runScript(TestCaseExecutor.java:339)
	at com.kms.katalon.core.main.TestCaseExecutor.doExecute(TestCaseExecutor.java:330)
	at com.kms.katalon.core.main.TestCaseExecutor.processExecutionPhase(TestCaseExecutor.java:309)
	at com.kms.katalon.core.main.TestCaseExecutor.accessMainPhase(TestCaseExecutor.java:301)
	at com.kms.katalon.core.main.TestCaseExecutor.execute(TestCaseExecutor.java:235)
	at com.kms.katalon.core.main.TestSuiteExecutor.accessTestCaseMainPhase(TestSuiteExecutor.java:191)
	at com.kms.katalon.core.main.TestSuiteExecutor.accessTestSuiteMainPhase(TestSuiteExecutor.java:141)
	at com.kms.katalon.core.main.TestSuiteExecutor.execute(TestSuiteExecutor.java:90)
	at com.kms.katalon.core.main.TestCaseMain.startTestSuite(TestCaseMain.java:157)
	at com.kms.katalon.core.main.TestCaseMain$startTestSuite$0.call(Unknown Source)
	at TempTestSuite1602658401812.run(TempTestSuite1602658401812.groovy:39)]]></system-err>
   </testsuite>
</testsuites>
