<?xml version="1.0" encoding="UTF-8"?>
<testsuites name="TS_Partner_Disbursement" time="319.73" tests="5" failures="1" errors="0">
   <testsuite name="TS_Partner_Disbursement" tests="5" failures="1" errors="0" time="319.73" timestamp="2021-01-22 11:05:35" hostname="chaidir.pratama01 - localhost" id="Test Suites/RTD/TS_Partner_Disbursement">
      <properties>
[...]
</properties>
      <testcase name="Test Cases/RTD/Partner Disbursement/TC_Search_by_STATUS" time="247.341" classname="Test Cases/RTD/Partner Disbursement/TC_Search_by_STATUS" status="PASSED">
         <system-out><![CDATA[2021-01-22 11:05:35 - [TEST_CASE][PASSED] - Test Cases/RTD/Partner Disbursement/TC_Search_by_STATUS: Test Cases/RTD/Partner Disbursement/TC_Search_by_STATUS

2021-01-22 11:05:35 - [TEST_STEP][PASSED] - runFeatureFile("Include/features/IST_Real/RTD/Partner_Disbursement/Search_by_STATUS.feature"): Feature file: 'Include/features/IST_Real/RTD/Partner_Disbursement/Search_by_STATUS.feature' was passed

2021-01-22 11:05:35 - [MESSAGE][INFO] - Starting run keyword runFeatureFile: 'Include/features/IST_Real/RTD/Partner_Disbursement/Search_by_STATUS.feature' and extract report to folder: '/Users/chaidir.pratama01/Katalon Studio/IST_Automation_Git/Reports/20210122_104222/RTD/TS_Partner_Disbursement/20210122_104228/cucumber_report/1611288335590'...

2021-01-22 11:05:36 - [TEST_CASE][PASSED] - Start Test Case : SCENARIO Search by STATUS Eligible to Disburse: SCENARIO Search by STATUS Eligible to Disburse

2021-01-22 11:05:36 - [TEST_STEP][PASSED] - Go to ISTools: Go to ISTools

2021-01-22 11:05:36 - [MESSAGE][INFO] - Starting 'Chrome (headless)' driver

2021-01-22 11:05:36 - [MESSAGE][INFO] - User set preference: ['args', '[--start-maximized, --disable-gpu, --no-proxy-server, –-no-sandbox, --allow-running-insecure-content, --ignore-certificate-errors, window-size=1680,814, force-device-scale-factor=2, --lang=en-GB]']

2021-01-22 11:05:36 - [MESSAGE][INFO] - User set preference: ['prefs', '{download.default_directory=/Users/chaidir.pratama01/Katalon Studio/IST_Automation_Git/Download}']

2021-01-22 11:05:36 - [MESSAGE][INFO] - Action delay is set to 0 milliseconds

2021-01-22 11:05:37 - [MESSAGE][PASSED] - Browser is opened with url: ''

2021-01-22 11:05:39 - [MESSAGE][PASSED] - Navigate to 'https://dev-istools.homecredit.id/foundation/' successfully

2021-01-22 11:05:39 - [MESSAGE][PASSED] - Go to ISTools

2021-01-22 11:05:39 - [TEST_STEP][PASSED] - Login IST with valid credentials: Login IST with valid credentials

2021-01-22 11:05:39 - [MESSAGE][PASSED] - Text 'mobile.test' is set on object 'Object Repository/Page_/input_Username_j_username'

2021-01-22 11:05:39 - [MESSAGE][PASSED] - Text ****** has been set on object 'Object Repository/Page_/input_Password_j_password'

2021-01-22 11:05:39 - [MESSAGE][PASSED] - Object: 'Object Repository/Page_/button_Login' is clicked on

2021-01-22 11:05:39 - [MESSAGE][PASSED] - Login IST with valid credentials

2021-01-22 11:05:39 - [TEST_STEP][PASSED] - Login Success: Login Success

2021-01-22 11:05:39 - [MESSAGE][INFO] - Login Success

2021-01-22 11:05:40 - [MESSAGE][PASSED] - Current window maximized

2021-01-22 11:05:40 - [MESSAGE][PASSED] - Object 'Object Repository/Page_/h1_Welcome to IT Supporting Tools' is present

2021-01-22 11:05:40 - [MESSAGE][PASSED] - Login Success

2021-01-22 11:05:40 - [TEST_STEP][PASSED] - Select Arrow Menu "Real Time Disbursement": Select Arrow Menu "Real Time Disbursement"

2021-01-22 11:05:40 - [MESSAGE][PASSED] - Object: '' is clicked on

2021-01-22 11:05:40 - [MESSAGE][PASSED] - Select Arrow Menu "Real Time Disbursement"

2021-01-22 11:05:40 - [TEST_STEP][PASSED] - Select Menu "Partner Disbursement": Select Menu "Partner Disbursement"

2021-01-22 11:05:40 - [MESSAGE][PASSED] - Taking screenshot successfully
[[ATTACHMENT|/Users/chaidir.pratama01/Documents/Docs/Katalon Studio/Screenshot/test-Partner Disbursement.png]]

2021-01-22 11:05:40 - [MESSAGE][PASSED] - Object '' is present

2021-01-22 11:05:40 - [MESSAGE][PASSED] - Object: '' is clicked on

2021-01-22 11:05:40 - [MESSAGE][PASSED] - Wait for page load successfully

2021-01-22 11:05:40 - [MESSAGE][PASSED] - Select Menu "Partner Disbursement"

2021-01-22 11:05:40 - [TEST_STEP][PASSED] - Select STATUS "Eligible to disburse": Select STATUS "Eligible to disburse"

2021-01-22 11:05:41 - [MESSAGE][PASSED] - All options with value 'Eligible to disburse' are selected in object ''  using regular expression

2021-01-22 11:05:41 - [MESSAGE][PASSED] - Select STATUS "Eligible to disburse"

2021-01-22 11:05:41 - [TEST_STEP][PASSED] - Click button "Search": Click button "Search"

2021-01-22 11:05:41 - [MESSAGE][INFO] - >>>>>//Button[contains(text(),'Search')]

2021-01-22 11:05:44 - [MESSAGE][PASSED] - Object '' is present

2021-01-22 11:05:44 - [MESSAGE][PASSED] - Object: '' is clicked on

2021-01-22 11:05:44 - [MESSAGE][PASSED] - Switched to window with index: '0'

2021-01-22 11:05:44 - [MESSAGE][PASSED] - Click button "Search"

2021-01-22 11:05:44 - [TEST_STEP][PASSED] - Verify Search Result Presents: Verify Search Result Presents

2021-01-22 11:05:48 - [MESSAGE][INFO] - Unable to find the element located by 'By.xpath: //td[@style='display:none' and contains(text(),'-Empty-')]'. Please recheck the objects properties to make sure the desired element is located. 

2021-01-22 11:05:48 - [MESSAGE][WARNING] - com.kms.katalon.core.webui.exception.WebElementNotFoundException: Web element with id: '' located by '//td[@style='display:none' and contains(text(),'-Empty-')]' not found (Root cause: com.kms.katalon.core.exception.StepFailedException: com.kms.katalon.core.webui.exception.WebElementNotFoundException: Web element with id: '' located by '//td[@style='display:none' and contains(text(),'-Empty-')]' not found
	at com.kms.katalon.core.webui.keyword.internal.WebUIKeywordMain.stepFailed(WebUIKeywordMain.groovy:64)
	at com.kms.katalon.core.webui.keyword.builtin.VerifyElementPresentKeyword$_verifyElementPresent_closure1.doCall(VerifyElementPresentKeyword.groovy:85)
	at com.kms.katalon.core.webui.keyword.builtin.VerifyElementPresentKeyword$_verifyElementPresent_closure1.call(VerifyElementPresentKeyword.groovy)
	at com.kms.katalon.core.webui.keyword.internal.WebUIKeywordMain.runKeyword(WebUIKeywordMain.groovy:20)
	at com.kms.katalon.core.webui.keyword.builtin.VerifyElementPresentKeyword.verifyElementPresent(VerifyElementPresentKeyword.groovy:92)
	at com.kms.katalon.core.webui.keyword.builtin.VerifyElementPresentKeyword.execute(VerifyElementPresentKeyword.groovy:68)
	at com.kms.katalon.core.keyword.internal.KeywordExecutor.executeKeywordForPlatform(KeywordExecutor.groovy:73)
	at com.kms.katalon.core.webui.keyword.WebUiBuiltInKeywords.verifyElementPresent(WebUiBuiltInKeywords.groovy:1444)
	at com.kms.katalon.core.webui.keyword.WebUiBuiltInKeywords$verifyElementPresent$11.call(Unknown Source)
	at ist_real.Contract_Dispatcher.VerifyTblFilled(Contract_Dispatcher.groovy:1313)
	at ist_real.Contract_Dispatcher$VerifyTblFilled$0.call(Unknown Source)
	at RTD.Search_Result_Presents(RTD.groovy:191)
	at cucumber.runtime.Utils$1.call(Utils.java:26)
	at cucumber.runtime.Timeout.timeout(Timeout.java:16)
	at cucumber.runtime.Utils.invoke(Utils.java:20)
	at cucumber.runtime.java.JavaStepDefinition.execute(JavaStepDefinition.java:48)
	at cucumber.runtime.PickleStepDefinitionMatch.runStep(PickleStepDefinitionMatch.java:50)
	at cucumber.runner.TestStep.executeStep(TestStep.java:55)
	at cucumber.runner.TestStep.run(TestStep.java:42)
	at cucumber.runner.PickleStepTestStep.run(PickleStepTestStep.java:53)
	at cucumber.runner.TestCase.run(TestCase.java:47)
	at cucumber.runner.Runner.runPickle(Runner.java:44)
	at cucumber.runtime.Runtime.runFeature(Runtime.java:120)
	at cucumber.runtime.Runtime.run(Runtime.java:106)
	at cucumber.api.cli.Main.run(Main.java:35)
	at cucumber.api.cli.Main$run.call(Unknown Source)
	at com.kms.katalon.core.cucumber.keyword.CucumberBuiltinKeywords$_runFeatureFile_closure1.doCall(CucumberBuiltinKeywords.groovy:76)
	at com.kms.katalon.core.cucumber.keyword.CucumberBuiltinKeywords$_runFeatureFile_closure1.doCall(CucumberBuiltinKeywords.groovy)
	at com.kms.katalon.core.keyword.internal.KeywordMain.runKeyword(KeywordMain.groovy:68)
	at com.kms.katalon.core.keyword.internal.KeywordMain$runKeyword.call(Unknown Source)
	at com.kms.katalon.core.cucumber.keyword.CucumberBuiltinKeywords.runFeatureFile(CucumberBuiltinKeywords.groovy:46)
	at com.kms.katalon.core.cucumber.keyword.CucumberBuiltinKeywords$runFeatureFile$0.callStatic(Unknown Source)
	at com.kms.katalon.core.cucumber.keyword.CucumberBuiltinKeywords.runFeatureFile(CucumberBuiltinKeywords.groovy:169)
	at com.kms.katalon.core.cucumber.keyword.CucumberBuiltinKeywords$runFeatureFile.call(Unknown Source)
	at TC_Search_by_STATUS.run(TC_Search_by_STATUS:18)
	at com.kms.katalon.core.main.ScriptEngine.run(ScriptEngine.java:194)
	at com.kms.katalon.core.main.ScriptEngine.runScriptAsRawText(ScriptEngine.java:119)
	at com.kms.katalon.core.main.TestCaseExecutor.runScript(TestCaseExecutor.java:339)
	at com.kms.katalon.core.main.TestCaseExecutor.doExecute(TestCaseExecutor.java:330)
	at com.kms.katalon.core.main.TestCaseExecutor.processExecutionPhase(TestCaseExecutor.java:309)
	at com.kms.katalon.core.main.TestCaseExecutor.accessMainPhase(TestCaseExecutor.java:301)
	at com.kms.katalon.core.main.TestCaseExecutor.execute(TestCaseExecutor.java:235)
	at com.kms.katalon.core.main.TestSuiteExecutor.accessTestCaseMainPhase(TestSuiteExecutor.java:191)
	at com.kms.katalon.core.main.TestSuiteExecutor.accessTestSuiteMainPhase(TestSuiteExecutor.java:141)
	at com.kms.katalon.core.main.TestSuiteExecutor.execute(TestSuiteExecutor.java:90)
	at com.kms.katalon.core.main.TestCaseMain.startTestSuite(TestCaseMain.java:157)
	at com.kms.katalon.core.main.TestCaseMain$startTestSuite$0.call(Unknown Source)
	at TempTestSuite1611286948562.run(TempTestSuite1611286948562.groovy:39)
)
[[ATTACHMENT|/Users/chaidir.pratama01/Katalon Studio/IST_Automation_Git/Reports/20210122_104222/RTD/TS_Partner_Disbursement/20210122_104228/1611288348356.png]]

2021-01-22 11:05:49 - [MESSAGE][PASSED] - Verify Search Result Presents

2021-01-22 11:05:49 - [TEST_STEP][PASSED] - Click button "Logout": Click button "Logout"

2021-01-22 11:05:49 - [MESSAGE][INFO] - >>>>>//Button[contains(text(),'Logout')]

2021-01-22 11:05:52 - [MESSAGE][PASSED] - Object '' is present

2021-01-22 11:05:52 - [MESSAGE][PASSED] - Object: '' is clicked on

2021-01-22 11:05:52 - [MESSAGE][PASSED] - Switched to window with index: '0'

2021-01-22 11:05:52 - [MESSAGE][PASSED] - Click button "Logout"

2021-01-22 11:05:52 - [TEST_STEP][PASSED] - Close browser: Close browser

2021-01-22 11:05:52 - [MESSAGE][PASSED] - Browser is closed

2021-01-22 11:05:52 - [MESSAGE][PASSED] - Close browser

2021-01-22 11:05:52 - [TEST_CASE][PASSED] - Start Test Case : SCENARIO Search by STATUS Waiting validation from Risk: SCENARIO Search by STATUS Waiting validation from Risk

2021-01-22 11:05:52 - [TEST_STEP][PASSED] - Go to ISTools: Go to ISTools

2021-01-22 11:05:52 - [MESSAGE][INFO] - Starting 'Chrome (headless)' driver

2021-01-22 11:05:52 - [MESSAGE][INFO] - User set preference: ['args', '[--start-maximized, --disable-gpu, --no-proxy-server, –-no-sandbox, --allow-running-insecure-content, --ignore-certificate-errors, window-size=1680,814, force-device-scale-factor=2, --lang=en-GB]']

2021-01-22 11:05:52 - [MESSAGE][INFO] - User set preference: ['prefs', '{download.default_directory=/Users/chaidir.pratama01/Katalon Studio/IST_Automation_Git/Download}']

2021-01-22 11:05:52 - [MESSAGE][INFO] - Action delay is set to 0 milliseconds

2021-01-22 11:05:52 - [MESSAGE][PASSED] - Browser is opened with url: ''

2021-01-22 11:05:53 - [MESSAGE][PASSED] - Navigate to 'https://dev-istools.homecredit.id/foundation/' successfully

2021-01-22 11:05:53 - [MESSAGE][PASSED] - Go to ISTools

2021-01-22 11:05:53 - [TEST_STEP][PASSED] - Login IST with valid credentials: Login IST with valid credentials

2021-01-22 11:05:53 - [MESSAGE][PASSED] - Text 'mobile.test' is set on object 'Object Repository/Page_/input_Username_j_username'

2021-01-22 11:05:53 - [MESSAGE][PASSED] - Text ****** has been set on object 'Object Repository/Page_/input_Password_j_password'

2021-01-22 11:05:54 - [MESSAGE][PASSED] - Object: 'Object Repository/Page_/button_Login' is clicked on

2021-01-22 11:05:54 - [MESSAGE][PASSED] - Login IST with valid credentials

2021-01-22 11:05:54 - [TEST_STEP][PASSED] - Login Success: Login Success

2021-01-22 11:05:54 - [MESSAGE][INFO] - Login Success

2021-01-22 11:05:54 - [MESSAGE][PASSED] - Current window maximized

2021-01-22 11:05:54 - [MESSAGE][PASSED] - Object 'Object Repository/Page_/h1_Welcome to IT Supporting Tools' is present

2021-01-22 11:05:54 - [MESSAGE][PASSED] - Login Success

2021-01-22 11:05:54 - [TEST_STEP][PASSED] - Select Arrow Menu "Real Time Disbursement": Select Arrow Menu "Real Time Disbursement"

2021-01-22 11:05:54 - [MESSAGE][PASSED] - Object: '' is clicked on

2021-01-22 11:05:54 - [MESSAGE][PASSED] - Select Arrow Menu "Real Time Disbursement"

2021-01-22 11:05:54 - [TEST_STEP][PASSED] - Select Menu "Partner Disbursement": Select Menu "Partner Disbursement"

2021-01-22 11:05:55 - [MESSAGE][PASSED] - Taking screenshot successfully
[[ATTACHMENT|/Users/chaidir.pratama01/Documents/Docs/Katalon Studio/Screenshot/test-Partner Disbursement.png]]

2021-01-22 11:05:55 - [MESSAGE][PASSED] - Object '' is present

2021-01-22 11:05:55 - [MESSAGE][PASSED] - Object: '' is clicked on

2021-01-22 11:05:55 - [MESSAGE][PASSED] - Wait for page load successfully

2021-01-22 11:05:55 - [MESSAGE][PASSED] - Select Menu "Partner Disbursement"

2021-01-22 11:05:55 - [TEST_STEP][PASSED] - Select STATUS "Waiting validation from Risk": Select STATUS "Waiting validation from Risk"

2021-01-22 11:05:55 - [MESSAGE][PASSED] - All options with value 'Waiting validation from Risk' are selected in object ''  using regular expression

2021-01-22 11:05:55 - [MESSAGE][PASSED] - Select STATUS "Waiting validation from Risk"

2021-01-22 11:05:55 - [TEST_STEP][PASSED] - Click button "Search": Click button "Search"

2021-01-22 11:05:55 - [MESSAGE][INFO] - >>>>>//Button[contains(text(),'Search')]

2021-01-22 11:05:58 - [MESSAGE][PASSED] - Object '' is present

2021-01-22 11:05:58 - [MESSAGE][PASSED] - Object: '' is clicked on

2021-01-22 11:05:58 - [MESSAGE][PASSED] - Switched to window with index: '0'

2021-01-22 11:05:58 - [MESSAGE][PASSED] - Click button "Search"

2021-01-22 11:05:58 - [TEST_STEP][PASSED] - Verify Search Result Presents: Verify Search Result Presents

2021-01-22 11:06:02 - [MESSAGE][INFO] - Unable to find the element located by 'By.xpath: //td[@style='display:none' and contains(text(),'-Empty-')]'. Please recheck the objects properties to make sure the desired element is located. 

2021-01-22 11:06:03 - [MESSAGE][WARNING] - com.kms.katalon.core.webui.exception.WebElementNotFoundException: Web element with id: '' located by '//td[@style='display:none' and contains(text(),'-Empty-')]' not found (Root cause: com.kms.katalon.core.exception.StepFailedException: com.kms.katalon.core.webui.exception.WebElementNotFoundException: Web element with id: '' located by '//td[@style='display:none' and contains(text(),'-Empty-')]' not found
	at com.kms.katalon.core.webui.keyword.internal.WebUIKeywordMain.stepFailed(WebUIKeywordMain.groovy:64)
	at com.kms.katalon.core.webui.keyword.builtin.VerifyElementPresentKeyword$_verifyElementPresent_closure1.doCall(VerifyElementPresentKeyword.groovy:85)
	at com.kms.katalon.core.webui.keyword.builtin.VerifyElementPresentKeyword$_verifyElementPresent_closure1.call(VerifyElementPresentKeyword.groovy)
	at com.kms.katalon.core.webui.keyword.internal.WebUIKeywordMain.runKeyword(WebUIKeywordMain.groovy:20)
	at com.kms.katalon.core.webui.keyword.builtin.VerifyElementPresentKeyword.verifyElementPresent(VerifyElementPresentKeyword.groovy:92)
	at com.kms.katalon.core.webui.keyword.builtin.VerifyElementPresentKeyword.execute(VerifyElementPresentKeyword.groovy:68)
	at com.kms.katalon.core.keyword.internal.KeywordExecutor.executeKeywordForPlatform(KeywordExecutor.groovy:73)
	at com.kms.katalon.core.webui.keyword.WebUiBuiltInKeywords.verifyElementPresent(WebUiBuiltInKeywords.groovy:1444)
	at com.kms.katalon.core.webui.keyword.WebUiBuiltInKeywords$verifyElementPresent$11.call(Unknown Source)
	at ist_real.Contract_Dispatcher.VerifyTblFilled(Contract_Dispatcher.groovy:1313)
	at ist_real.Contract_Dispatcher$VerifyTblFilled$0.call(Unknown Source)
	at RTD.Search_Result_Presents(RTD.groovy:191)
	at cucumber.runtime.Utils$1.call(Utils.java:26)
	at cucumber.runtime.Timeout.timeout(Timeout.java:16)
	at cucumber.runtime.Utils.invoke(Utils.java:20)
	at cucumber.runtime.java.JavaStepDefinition.execute(JavaStepDefinition.java:48)
	at cucumber.runtime.PickleStepDefinitionMatch.runStep(PickleStepDefinitionMatch.java:50)
	at cucumber.runner.TestStep.executeStep(TestStep.java:55)
	at cucumber.runner.TestStep.run(TestStep.java:42)
	at cucumber.runner.PickleStepTestStep.run(PickleStepTestStep.java:53)
	at cucumber.runner.TestCase.run(TestCase.java:47)
	at cucumber.runner.Runner.runPickle(Runner.java:44)
	at cucumber.runtime.Runtime.runFeature(Runtime.java:120)
	at cucumber.runtime.Runtime.run(Runtime.java:106)
	at cucumber.api.cli.Main.run(Main.java:35)
	at cucumber.api.cli.Main$run.call(Unknown Source)
	at com.kms.katalon.core.cucumber.keyword.CucumberBuiltinKeywords$_runFeatureFile_closure1.doCall(CucumberBuiltinKeywords.groovy:76)
	at com.kms.katalon.core.cucumber.keyword.CucumberBuiltinKeywords$_runFeatureFile_closure1.doCall(CucumberBuiltinKeywords.groovy)
	at com.kms.katalon.core.keyword.internal.KeywordMain.runKeyword(KeywordMain.groovy:68)
	at com.kms.katalon.core.keyword.internal.KeywordMain$runKeyword.call(Unknown Source)
	at com.kms.katalon.core.cucumber.keyword.CucumberBuiltinKeywords.runFeatureFile(CucumberBuiltinKeywords.groovy:46)
	at com.kms.katalon.core.cucumber.keyword.CucumberBuiltinKeywords$runFeatureFile$0.callStatic(Unknown Source)
	at com.kms.katalon.core.cucumber.keyword.CucumberBuiltinKeywords.runFeatureFile(CucumberBuiltinKeywords.groovy:169)
	at com.kms.katalon.core.cucumber.keyword.CucumberBuiltinKeywords$runFeatureFile.call(Unknown Source)
	at TC_Search_by_STATUS.run(TC_Search_by_STATUS:18)
	at com.kms.katalon.core.main.ScriptEngine.run(ScriptEngine.java:194)
	at com.kms.katalon.core.main.ScriptEngine.runScriptAsRawText(ScriptEngine.java:119)
	at com.kms.katalon.core.main.TestCaseExecutor.runScript(TestCaseExecutor.java:339)
	at com.kms.katalon.core.main.TestCaseExecutor.doExecute(TestCaseExecutor.java:330)
	at com.kms.katalon.core.main.TestCaseExecutor.processExecutionPhase(TestCaseExecutor.java:309)
	at com.kms.katalon.core.main.TestCaseExecutor.accessMainPhase(TestCaseExecutor.java:301)
	at com.kms.katalon.core.main.TestCaseExecutor.execute(TestCaseExecutor.java:235)
	at com.kms.katalon.core.main.TestSuiteExecutor.accessTestCaseMainPhase(TestSuiteExecutor.java:191)
	at com.kms.katalon.core.main.TestSuiteExecutor.accessTestSuiteMainPhase(TestSuiteExecutor.java:141)
	at com.kms.katalon.core.main.TestSuiteExecutor.execute(TestSuiteExecutor.java:90)
	at com.kms.katalon.core.main.TestCaseMain.startTestSuite(TestCaseMain.java:157)
	at com.kms.katalon.core.main.TestCaseMain$startTestSuite$0.call(Unknown Source)
	at TempTestSuite1611286948562.run(TempTestSuite1611286948562.groovy:39)
)
[[ATTACHMENT|/Users/chaidir.pratama01/Katalon Studio/IST_Automation_Git/Reports/20210122_104222/RTD/TS_Partner_Disbursement/20210122_104228/1611288362650.png]]

2021-01-22 11:06:03 - [MESSAGE][PASSED] - Verify Search Result Presents

2021-01-22 11:06:03 - [TEST_STEP][PASSED] - Click button "Logout": Click button "Logout"

2021-01-22 11:06:03 - [MESSAGE][INFO] - >>>>>//Button[contains(text(),'Logout')]

2021-01-22 11:06:06 - [MESSAGE][PASSED] - Object '' is present

2021-01-22 11:06:06 - [MESSAGE][PASSED] - Object: '' is clicked on

2021-01-22 11:06:06 - [MESSAGE][PASSED] - Switched to window with index: '0'

2021-01-22 11:06:06 - [MESSAGE][PASSED] - Click button "Logout"

2021-01-22 11:06:06 - [TEST_STEP][PASSED] - Close browser: Close browser

2021-01-22 11:06:06 - [MESSAGE][PASSED] - Browser is closed

2021-01-22 11:06:06 - [MESSAGE][PASSED] - Close browser

2021-01-22 11:06:06 - [TEST_CASE][PASSED] - Start Test Case : SCENARIO Search by STATUS Waiting validation from In Payment: SCENARIO Search by STATUS Waiting validation from In Payment

2021-01-22 11:06:06 - [TEST_STEP][PASSED] - Go to ISTools: Go to ISTools

2021-01-22 11:06:06 - [MESSAGE][INFO] - Starting 'Chrome (headless)' driver

2021-01-22 11:06:06 - [MESSAGE][INFO] - User set preference: ['args', '[--start-maximized, --disable-gpu, --no-proxy-server, –-no-sandbox, --allow-running-insecure-content, --ignore-certificate-errors, window-size=1680,814, force-device-scale-factor=2, --lang=en-GB]']

2021-01-22 11:06:06 - [MESSAGE][INFO] - User set preference: ['prefs', '{download.default_directory=/Users/chaidir.pratama01/Katalon Studio/IST_Automation_Git/Download}']

2021-01-22 11:06:06 - [MESSAGE][INFO] - Action delay is set to 0 milliseconds

2021-01-22 11:06:07 - [MESSAGE][PASSED] - Browser is opened with url: ''

2021-01-22 11:06:07 - [MESSAGE][PASSED] - Navigate to 'https://dev-istools.homecredit.id/foundation/' successfully

2021-01-22 11:06:07 - [MESSAGE][PASSED] - Go to ISTools

2021-01-22 11:06:07 - [TEST_STEP][PASSED] - Login IST with valid credentials: Login IST with valid credentials

2021-01-22 11:06:08 - [MESSAGE][PASSED] - Text 'mobile.test' is set on object 'Object Repository/Page_/input_Username_j_username'

2021-01-22 11:06:08 - [MESSAGE][PASSED] - Text ****** has been set on object 'Object Repository/Page_/input_Password_j_password'

2021-01-22 11:06:08 - [MESSAGE][PASSED] - Object: 'Object Repository/Page_/button_Login' is clicked on

2021-01-22 11:06:08 - [MESSAGE][PASSED] - Login IST with valid credentials

2021-01-22 11:06:08 - [TEST_STEP][PASSED] - Login Success: Login Success

2021-01-22 11:06:08 - [MESSAGE][INFO] - Login Success

2021-01-22 11:06:08 - [MESSAGE][PASSED] - Current window maximized

2021-01-22 11:06:08 - [MESSAGE][PASSED] - Object 'Object Repository/Page_/h1_Welcome to IT Supporting Tools' is present

2021-01-22 11:06:08 - [MESSAGE][PASSED] - Login Success

2021-01-22 11:06:08 - [TEST_STEP][PASSED] - Select Arrow Menu "Real Time Disbursement": Select Arrow Menu "Real Time Disbursement"

2021-01-22 11:06:08 - [MESSAGE][PASSED] - Object: '' is clicked on

2021-01-22 11:06:08 - [MESSAGE][PASSED] - Select Arrow Menu "Real Time Disbursement"

2021-01-22 11:06:08 - [TEST_STEP][PASSED] - Select Menu "Partner Disbursement": Select Menu "Partner Disbursement"

2021-01-22 11:06:09 - [MESSAGE][PASSED] - Taking screenshot successfully
[[ATTACHMENT|/Users/chaidir.pratama01/Documents/Docs/Katalon Studio/Screenshot/test-Partner Disbursement.png]]

2021-01-22 11:06:09 - [MESSAGE][PASSED] - Object '' is present

2021-01-22 11:06:09 - [MESSAGE][PASSED] - Object: '' is clicked on

2021-01-22 11:06:09 - [MESSAGE][PASSED] - Wait for page load successfully

2021-01-22 11:06:09 - [MESSAGE][PASSED] - Select Menu "Partner Disbursement"

2021-01-22 11:06:09 - [TEST_STEP][PASSED] - Select STATUS "Waiting validation from In Payment": Select STATUS "Waiting validation from In Payment"

2021-01-22 11:06:09 - [MESSAGE][PASSED] - All options with value 'Waiting validation from In Payment' are selected in object ''  using regular expression

2021-01-22 11:06:09 - [MESSAGE][PASSED] - Select STATUS "Waiting validation from In Payment"

2021-01-22 11:06:09 - [TEST_STEP][PASSED] - Click button "Search": Click button "Search"

2021-01-22 11:06:09 - [MESSAGE][INFO] - >>>>>//Button[contains(text(),'Search')]

2021-01-22 11:06:12 - [MESSAGE][PASSED] - Object '' is present

2021-01-22 11:06:12 - [MESSAGE][PASSED] - Object: '' is clicked on

2021-01-22 11:06:12 - [MESSAGE][PASSED] - Switched to window with index: '0'

2021-01-22 11:06:12 - [MESSAGE][PASSED] - Click button "Search"

2021-01-22 11:06:12 - [TEST_STEP][PASSED] - Verify Search Result Presents: Verify Search Result Presents

2021-01-22 11:06:16 - [MESSAGE][INFO] - Unable to find the element located by 'By.xpath: //td[@style='display:none' and contains(text(),'-Empty-')]'. Please recheck the objects properties to make sure the desired element is located. 

2021-01-22 11:06:17 - [MESSAGE][WARNING] - com.kms.katalon.core.webui.exception.WebElementNotFoundException: Web element with id: '' located by '//td[@style='display:none' and contains(text(),'-Empty-')]' not found (Root cause: com.kms.katalon.core.exception.StepFailedException: com.kms.katalon.core.webui.exception.WebElementNotFoundException: Web element with id: '' located by '//td[@style='display:none' and contains(text(),'-Empty-')]' not found
	at com.kms.katalon.core.webui.keyword.internal.WebUIKeywordMain.stepFailed(WebUIKeywordMain.groovy:64)
	at com.kms.katalon.core.webui.keyword.builtin.VerifyElementPresentKeyword$_verifyElementPresent_closure1.doCall(VerifyElementPresentKeyword.groovy:85)
	at com.kms.katalon.core.webui.keyword.builtin.VerifyElementPresentKeyword$_verifyElementPresent_closure1.call(VerifyElementPresentKeyword.groovy)
	at com.kms.katalon.core.webui.keyword.internal.WebUIKeywordMain.runKeyword(WebUIKeywordMain.groovy:20)
	at com.kms.katalon.core.webui.keyword.builtin.VerifyElementPresentKeyword.verifyElementPresent(VerifyElementPresentKeyword.groovy:92)
	at com.kms.katalon.core.webui.keyword.builtin.VerifyElementPresentKeyword.execute(VerifyElementPresentKeyword.groovy:68)
	at com.kms.katalon.core.keyword.internal.KeywordExecutor.executeKeywordForPlatform(KeywordExecutor.groovy:73)
	at com.kms.katalon.core.webui.keyword.WebUiBuiltInKeywords.verifyElementPresent(WebUiBuiltInKeywords.groovy:1444)
	at com.kms.katalon.core.webui.keyword.WebUiBuiltInKeywords$verifyElementPresent$11.call(Unknown Source)
	at ist_real.Contract_Dispatcher.VerifyTblFilled(Contract_Dispatcher.groovy:1313)
	at ist_real.Contract_Dispatcher$VerifyTblFilled$0.call(Unknown Source)
	at RTD.Search_Result_Presents(RTD.groovy:191)
	at cucumber.runtime.Utils$1.call(Utils.java:26)
	at cucumber.runtime.Timeout.timeout(Timeout.java:16)
	at cucumber.runtime.Utils.invoke(Utils.java:20)
	at cucumber.runtime.java.JavaStepDefinition.execute(JavaStepDefinition.java:48)
	at cucumber.runtime.PickleStepDefinitionMatch.runStep(PickleStepDefinitionMatch.java:50)
	at cucumber.runner.TestStep.executeStep(TestStep.java:55)
	at cucumber.runner.TestStep.run(TestStep.java:42)
	at cucumber.runner.PickleStepTestStep.run(PickleStepTestStep.java:53)
	at cucumber.runner.TestCase.run(TestCase.java:47)
	at cucumber.runner.Runner.runPickle(Runner.java:44)
	at cucumber.runtime.Runtime.runFeature(Runtime.java:120)
	at cucumber.runtime.Runtime.run(Runtime.java:106)
	at cucumber.api.cli.Main.run(Main.java:35)
	at cucumber.api.cli.Main$run.call(Unknown Source)
	at com.kms.katalon.core.cucumber.keyword.CucumberBuiltinKeywords$_runFeatureFile_closure1.doCall(CucumberBuiltinKeywords.groovy:76)
	at com.kms.katalon.core.cucumber.keyword.CucumberBuiltinKeywords$_runFeatureFile_closure1.doCall(CucumberBuiltinKeywords.groovy)
	at com.kms.katalon.core.keyword.internal.KeywordMain.runKeyword(KeywordMain.groovy:68)
	at com.kms.katalon.core.keyword.internal.KeywordMain$runKeyword.call(Unknown Source)
	at com.kms.katalon.core.cucumber.keyword.CucumberBuiltinKeywords.runFeatureFile(CucumberBuiltinKeywords.groovy:46)
	at com.kms.katalon.core.cucumber.keyword.CucumberBuiltinKeywords$runFeatureFile$0.callStatic(Unknown Source)
	at com.kms.katalon.core.cucumber.keyword.CucumberBuiltinKeywords.runFeatureFile(CucumberBuiltinKeywords.groovy:169)
	at com.kms.katalon.core.cucumber.keyword.CucumberBuiltinKeywords$runFeatureFile.call(Unknown Source)
	at TC_Search_by_STATUS.run(TC_Search_by_STATUS:18)
	at com.kms.katalon.core.main.ScriptEngine.run(ScriptEngine.java:194)
	at com.kms.katalon.core.main.ScriptEngine.runScriptAsRawText(ScriptEngine.java:119)
	at com.kms.katalon.core.main.TestCaseExecutor.runScript(TestCaseExecutor.java:339)
	at com.kms.katalon.core.main.TestCaseExecutor.doExecute(TestCaseExecutor.java:330)
	at com.kms.katalon.core.main.TestCaseExecutor.processExecutionPhase(TestCaseExecutor.java:309)
	at com.kms.katalon.core.main.TestCaseExecutor.accessMainPhase(TestCaseExecutor.java:301)
	at com.kms.katalon.core.main.TestCaseExecutor.execute(TestCaseExecutor.java:235)
	at com.kms.katalon.core.main.TestSuiteExecutor.accessTestCaseMainPhase(TestSuiteExecutor.java:191)
	at com.kms.katalon.core.main.TestSuiteExecutor.accessTestSuiteMainPhase(TestSuiteExecutor.java:141)
	at com.kms.katalon.core.main.TestSuiteExecutor.execute(TestSuiteExecutor.java:90)
	at com.kms.katalon.core.main.TestCaseMain.startTestSuite(TestCaseMain.java:157)
	at com.kms.katalon.core.main.TestCaseMain$startTestSuite$0.call(Unknown Source)
	at TempTestSuite1611286948562.run(TempTestSuite1611286948562.groovy:39)
)
[[ATTACHMENT|/Users/chaidir.pratama01/Katalon Studio/IST_Automation_Git/Reports/20210122_104222/RTD/TS_Partner_Disbursement/20210122_104228/1611288376824.png]]

2021-01-22 11:06:17 - [MESSAGE][PASSED] - Verify Search Result Presents

2021-01-22 11:06:17 - [TEST_STEP][PASSED] - Click button "Logout": Click button "Logout"

2021-01-22 11:06:17 - [MESSAGE][INFO] - >>>>>//Button[contains(text(),'Logout')]

2021-01-22 11:06:20 - [MESSAGE][PASSED] - Object '' is present

2021-01-22 11:06:20 - [MESSAGE][PASSED] - Object: '' is clicked on

2021-01-22 11:06:20 - [MESSAGE][PASSED] - Switched to window with index: '0'

2021-01-22 11:06:20 - [MESSAGE][PASSED] - Click button "Logout"

2021-01-22 11:06:20 - [TEST_STEP][PASSED] - Close browser: Close browser

2021-01-22 11:06:20 - [MESSAGE][PASSED] - Browser is closed

2021-01-22 11:06:20 - [MESSAGE][PASSED] - Close browser

2021-01-22 11:06:20 - [TEST_CASE][PASSED] - Start Test Case : SCENARIO Search by STATUS Not Eligible to Disburse: SCENARIO Search by STATUS Not Eligible to Disburse

2021-01-22 11:06:20 - [TEST_STEP][PASSED] - Go to ISTools: Go to ISTools

2021-01-22 11:06:20 - [MESSAGE][INFO] - Starting 'Chrome (headless)' driver

2021-01-22 11:06:20 - [MESSAGE][INFO] - User set preference: ['args', '[--start-maximized, --disable-gpu, --no-proxy-server, –-no-sandbox, --allow-running-insecure-content, --ignore-certificate-errors, window-size=1680,814, force-device-scale-factor=2, --lang=en-GB]']

2021-01-22 11:06:20 - [MESSAGE][INFO] - User set preference: ['prefs', '{download.default_directory=/Users/chaidir.pratama01/Katalon Studio/IST_Automation_Git/Download}']

2021-01-22 11:06:20 - [MESSAGE][INFO] - Action delay is set to 0 milliseconds

2021-01-22 11:06:21 - [MESSAGE][PASSED] - Browser is opened with url: ''

2021-01-22 11:06:22 - [MESSAGE][PASSED] - Navigate to 'https://dev-istools.homecredit.id/foundation/' successfully

2021-01-22 11:06:22 - [MESSAGE][PASSED] - Go to ISTools

2021-01-22 11:06:22 - [TEST_STEP][PASSED] - Login IST with valid credentials: Login IST with valid credentials

2021-01-22 11:06:22 - [MESSAGE][PASSED] - Text 'mobile.test' is set on object 'Object Repository/Page_/input_Username_j_username'

2021-01-22 11:06:22 - [MESSAGE][PASSED] - Text ****** has been set on object 'Object Repository/Page_/input_Password_j_password'

2021-01-22 11:06:22 - [MESSAGE][PASSED] - Object: 'Object Repository/Page_/button_Login' is clicked on

2021-01-22 11:06:22 - [MESSAGE][PASSED] - Login IST with valid credentials

2021-01-22 11:06:22 - [TEST_STEP][PASSED] - Login Success: Login Success

2021-01-22 11:06:22 - [MESSAGE][INFO] - Login Success

2021-01-22 11:06:22 - [MESSAGE][PASSED] - Current window maximized

2021-01-22 11:06:22 - [MESSAGE][PASSED] - Object 'Object Repository/Page_/h1_Welcome to IT Supporting Tools' is present

2021-01-22 11:06:22 - [MESSAGE][PASSED] - Login Success

2021-01-22 11:06:22 - [TEST_STEP][PASSED] - Select Arrow Menu "Real Time Disbursement": Select Arrow Menu "Real Time Disbursement"

2021-01-22 11:06:22 - [MESSAGE][PASSED] - Object: '' is clicked on

2021-01-22 11:06:22 - [MESSAGE][PASSED] - Select Arrow Menu "Real Time Disbursement"

2021-01-22 11:06:22 - [TEST_STEP][PASSED] - Select Menu "Partner Disbursement": Select Menu "Partner Disbursement"

2021-01-22 11:06:23 - [MESSAGE][PASSED] - Taking screenshot successfully
[[ATTACHMENT|/Users/chaidir.pratama01/Documents/Docs/Katalon Studio/Screenshot/test-Partner Disbursement.png]]

2021-01-22 11:06:23 - [MESSAGE][PASSED] - Object '' is present

2021-01-22 11:06:23 - [MESSAGE][PASSED] - Object: '' is clicked on

2021-01-22 11:06:23 - [MESSAGE][PASSED] - Wait for page load successfully

2021-01-22 11:06:23 - [MESSAGE][PASSED] - Select Menu "Partner Disbursement"

2021-01-22 11:06:23 - [TEST_STEP][PASSED] - Select STATUS "Not eligible to disburse": Select STATUS "Not eligible to disburse"

2021-01-22 11:06:23 - [MESSAGE][PASSED] - All options with value 'Not eligible to disburse' are selected in object ''  using regular expression

2021-01-22 11:06:23 - [MESSAGE][PASSED] - Select STATUS "Not eligible to disburse"

2021-01-22 11:06:23 - [TEST_STEP][PASSED] - Click button "Search": Click button "Search"

2021-01-22 11:06:23 - [MESSAGE][INFO] - >>>>>//Button[contains(text(),'Search')]

2021-01-22 11:06:26 - [MESSAGE][PASSED] - Object '' is present

2021-01-22 11:06:26 - [MESSAGE][PASSED] - Object: '' is clicked on

2021-01-22 11:06:26 - [MESSAGE][PASSED] - Switched to window with index: '0'

2021-01-22 11:06:26 - [MESSAGE][PASSED] - Click button "Search"

2021-01-22 11:06:26 - [TEST_STEP][PASSED] - Verify Search Result Presents: Verify Search Result Presents

2021-01-22 11:06:31 - [MESSAGE][INFO] - Unable to find the element located by 'By.xpath: //td[@style='display:none' and contains(text(),'-Empty-')]'. Please recheck the objects properties to make sure the desired element is located. 

2021-01-22 11:06:31 - [MESSAGE][WARNING] - com.kms.katalon.core.webui.exception.WebElementNotFoundException: Web element with id: '' located by '//td[@style='display:none' and contains(text(),'-Empty-')]' not found (Root cause: com.kms.katalon.core.exception.StepFailedException: com.kms.katalon.core.webui.exception.WebElementNotFoundException: Web element with id: '' located by '//td[@style='display:none' and contains(text(),'-Empty-')]' not found
	at com.kms.katalon.core.webui.keyword.internal.WebUIKeywordMain.stepFailed(WebUIKeywordMain.groovy:64)
	at com.kms.katalon.core.webui.keyword.builtin.VerifyElementPresentKeyword$_verifyElementPresent_closure1.doCall(VerifyElementPresentKeyword.groovy:85)
	at com.kms.katalon.core.webui.keyword.builtin.VerifyElementPresentKeyword$_verifyElementPresent_closure1.call(VerifyElementPresentKeyword.groovy)
	at com.kms.katalon.core.webui.keyword.internal.WebUIKeywordMain.runKeyword(WebUIKeywordMain.groovy:20)
	at com.kms.katalon.core.webui.keyword.builtin.VerifyElementPresentKeyword.verifyElementPresent(VerifyElementPresentKeyword.groovy:92)
	at com.kms.katalon.core.webui.keyword.builtin.VerifyElementPresentKeyword.execute(VerifyElementPresentKeyword.groovy:68)
	at com.kms.katalon.core.keyword.internal.KeywordExecutor.executeKeywordForPlatform(KeywordExecutor.groovy:73)
	at com.kms.katalon.core.webui.keyword.WebUiBuiltInKeywords.verifyElementPresent(WebUiBuiltInKeywords.groovy:1444)
	at com.kms.katalon.core.webui.keyword.WebUiBuiltInKeywords$verifyElementPresent$11.call(Unknown Source)
	at ist_real.Contract_Dispatcher.VerifyTblFilled(Contract_Dispatcher.groovy:1313)
	at ist_real.Contract_Dispatcher$VerifyTblFilled$0.call(Unknown Source)
	at RTD.Search_Result_Presents(RTD.groovy:191)
	at cucumber.runtime.Utils$1.call(Utils.java:26)
	at cucumber.runtime.Timeout.timeout(Timeout.java:16)
	at cucumber.runtime.Utils.invoke(Utils.java:20)
	at cucumber.runtime.java.JavaStepDefinition.execute(JavaStepDefinition.java:48)
	at cucumber.runtime.PickleStepDefinitionMatch.runStep(PickleStepDefinitionMatch.java:50)
	at cucumber.runner.TestStep.executeStep(TestStep.java:55)
	at cucumber.runner.TestStep.run(TestStep.java:42)
	at cucumber.runner.PickleStepTestStep.run(PickleStepTestStep.java:53)
	at cucumber.runner.TestCase.run(TestCase.java:47)
	at cucumber.runner.Runner.runPickle(Runner.java:44)
	at cucumber.runtime.Runtime.runFeature(Runtime.java:120)
	at cucumber.runtime.Runtime.run(Runtime.java:106)
	at cucumber.api.cli.Main.run(Main.java:35)
	at cucumber.api.cli.Main$run.call(Unknown Source)
	at com.kms.katalon.core.cucumber.keyword.CucumberBuiltinKeywords$_runFeatureFile_closure1.doCall(CucumberBuiltinKeywords.groovy:76)
	at com.kms.katalon.core.cucumber.keyword.CucumberBuiltinKeywords$_runFeatureFile_closure1.doCall(CucumberBuiltinKeywords.groovy)
	at com.kms.katalon.core.keyword.internal.KeywordMain.runKeyword(KeywordMain.groovy:68)
	at com.kms.katalon.core.keyword.internal.KeywordMain$runKeyword.call(Unknown Source)
	at com.kms.katalon.core.cucumber.keyword.CucumberBuiltinKeywords.runFeatureFile(CucumberBuiltinKeywords.groovy:46)
	at com.kms.katalon.core.cucumber.keyword.CucumberBuiltinKeywords$runFeatureFile$0.callStatic(Unknown Source)
	at com.kms.katalon.core.cucumber.keyword.CucumberBuiltinKeywords.runFeatureFile(CucumberBuiltinKeywords.groovy:169)
	at com.kms.katalon.core.cucumber.keyword.CucumberBuiltinKeywords$runFeatureFile.call(Unknown Source)
	at TC_Search_by_STATUS.run(TC_Search_by_STATUS:18)
	at com.kms.katalon.core.main.ScriptEngine.run(ScriptEngine.java:194)
	at com.kms.katalon.core.main.ScriptEngine.runScriptAsRawText(ScriptEngine.java:119)
	at com.kms.katalon.core.main.TestCaseExecutor.runScript(TestCaseExecutor.java:339)
	at com.kms.katalon.core.main.TestCaseExecutor.doExecute(TestCaseExecutor.java:330)
	at com.kms.katalon.core.main.TestCaseExecutor.processExecutionPhase(TestCaseExecutor.java:309)
	at com.kms.katalon.core.main.TestCaseExecutor.accessMainPhase(TestCaseExecutor.java:301)
	at com.kms.katalon.core.main.TestCaseExecutor.execute(TestCaseExecutor.java:235)
	at com.kms.katalon.core.main.TestSuiteExecutor.accessTestCaseMainPhase(TestSuiteExecutor.java:191)
	at com.kms.katalon.core.main.TestSuiteExecutor.accessTestSuiteMainPhase(TestSuiteExecutor.java:141)
	at com.kms.katalon.core.main.TestSuiteExecutor.execute(TestSuiteExecutor.java:90)
	at com.kms.katalon.core.main.TestCaseMain.startTestSuite(TestCaseMain.java:157)
	at com.kms.katalon.core.main.TestCaseMain$startTestSuite$0.call(Unknown Source)
	at TempTestSuite1611286948562.run(TempTestSuite1611286948562.groovy:39)
)
[[ATTACHMENT|/Users/chaidir.pratama01/Katalon Studio/IST_Automation_Git/Reports/20210122_104222/RTD/TS_Partner_Disbursement/20210122_104228/1611288391004.png]]

2021-01-22 11:06:31 - [MESSAGE][PASSED] - Verify Search Result Presents

2021-01-22 11:06:31 - [TEST_STEP][PASSED] - Click button "Logout": Click button "Logout"

2021-01-22 11:06:31 - [MESSAGE][INFO] - >>>>>//Button[contains(text(),'Logout')]

2021-01-22 11:06:34 - [MESSAGE][PASSED] - Object '' is present

2021-01-22 11:06:35 - [MESSAGE][PASSED] - Object: '' is clicked on

2021-01-22 11:06:35 - [MESSAGE][PASSED] - Switched to window with index: '0'

2021-01-22 11:06:35 - [MESSAGE][PASSED] - Click button "Logout"

2021-01-22 11:06:35 - [TEST_STEP][PASSED] - Close browser: Close browser

2021-01-22 11:06:35 - [MESSAGE][PASSED] - Browser is closed

2021-01-22 11:06:35 - [MESSAGE][PASSED] - Close browser

2021-01-22 11:06:35 - [TEST_CASE][PASSED] - Start Test Case : SCENARIO Search by STATUS Ready to disburse: SCENARIO Search by STATUS Ready to disburse

2021-01-22 11:06:35 - [TEST_STEP][PASSED] - Go to ISTools: Go to ISTools

2021-01-22 11:06:35 - [MESSAGE][INFO] - Starting 'Chrome (headless)' driver

2021-01-22 11:06:35 - [MESSAGE][INFO] - User set preference: ['args', '[--start-maximized, --disable-gpu, --no-proxy-server, –-no-sandbox, --allow-running-insecure-content, --ignore-certificate-errors, window-size=1680,814, force-device-scale-factor=2, --lang=en-GB]']

2021-01-22 11:06:35 - [MESSAGE][INFO] - User set preference: ['prefs', '{download.default_directory=/Users/chaidir.pratama01/Katalon Studio/IST_Automation_Git/Download}']

2021-01-22 11:06:35 - [MESSAGE][INFO] - Action delay is set to 0 milliseconds

2021-01-22 11:06:35 - [MESSAGE][PASSED] - Browser is opened with url: ''

2021-01-22 11:06:36 - [MESSAGE][PASSED] - Navigate to 'https://dev-istools.homecredit.id/foundation/' successfully

2021-01-22 11:06:36 - [MESSAGE][PASSED] - Go to ISTools

2021-01-22 11:06:36 - [TEST_STEP][PASSED] - Login IST with valid credentials: Login IST with valid credentials

2021-01-22 11:06:36 - [MESSAGE][PASSED] - Text 'mobile.test' is set on object 'Object Repository/Page_/input_Username_j_username'

2021-01-22 11:06:36 - [MESSAGE][PASSED] - Text ****** has been set on object 'Object Repository/Page_/input_Password_j_password'

2021-01-22 11:06:36 - [MESSAGE][PASSED] - Object: 'Object Repository/Page_/button_Login' is clicked on

2021-01-22 11:06:36 - [MESSAGE][PASSED] - Login IST with valid credentials

2021-01-22 11:06:36 - [TEST_STEP][PASSED] - Login Success: Login Success

2021-01-22 11:06:36 - [MESSAGE][INFO] - Login Success

2021-01-22 11:06:36 - [MESSAGE][PASSED] - Current window maximized

2021-01-22 11:06:37 - [MESSAGE][PASSED] - Object 'Object Repository/Page_/h1_Welcome to IT Supporting Tools' is present

2021-01-22 11:06:37 - [MESSAGE][PASSED] - Login Success

2021-01-22 11:06:37 - [TEST_STEP][PASSED] - Select Arrow Menu "Real Time Disbursement": Select Arrow Menu "Real Time Disbursement"

2021-01-22 11:06:37 - [MESSAGE][PASSED] - Object: '' is clicked on

2021-01-22 11:06:37 - [MESSAGE][PASSED] - Select Arrow Menu "Real Time Disbursement"

2021-01-22 11:06:37 - [TEST_STEP][PASSED] - Select Menu "Partner Disbursement": Select Menu "Partner Disbursement"

2021-01-22 11:06:37 - [MESSAGE][PASSED] - Taking screenshot successfully
[[ATTACHMENT|/Users/chaidir.pratama01/Documents/Docs/Katalon Studio/Screenshot/test-Partner Disbursement.png]]

2021-01-22 11:06:37 - [MESSAGE][PASSED] - Object '' is present

2021-01-22 11:06:37 - [MESSAGE][PASSED] - Object: '' is clicked on

2021-01-22 11:06:37 - [MESSAGE][PASSED] - Wait for page load successfully

2021-01-22 11:06:37 - [MESSAGE][PASSED] - Select Menu "Partner Disbursement"

2021-01-22 11:06:37 - [TEST_STEP][PASSED] - Select STATUS "Ready to disburse": Select STATUS "Ready to disburse"

2021-01-22 11:06:38 - [MESSAGE][PASSED] - All options with value 'Ready to disburse' are selected in object ''  using regular expression

2021-01-22 11:06:38 - [MESSAGE][PASSED] - Select STATUS "Ready to disburse"

2021-01-22 11:06:38 - [TEST_STEP][PASSED] - Click button "Search": Click button "Search"

2021-01-22 11:06:38 - [MESSAGE][INFO] - >>>>>//Button[contains(text(),'Search')]

2021-01-22 11:06:41 - [MESSAGE][PASSED] - Object '' is present

2021-01-22 11:06:41 - [MESSAGE][PASSED] - Object: '' is clicked on

2021-01-22 11:06:41 - [MESSAGE][PASSED] - Switched to window with index: '0'

2021-01-22 11:06:41 - [MESSAGE][PASSED] - Click button "Search"

2021-01-22 11:06:41 - [TEST_STEP][PASSED] - Verify Search Result Presents: Verify Search Result Presents

2021-01-22 11:06:41 - [MESSAGE][PASSED] - Object '' is present

2021-01-22 11:06:46 - [MESSAGE][PASSED] - Verify Search Result Presents

2021-01-22 11:06:46 - [TEST_STEP][PASSED] - Click button "Logout": Click button "Logout"

2021-01-22 11:06:46 - [MESSAGE][INFO] - >>>>>//Button[contains(text(),'Logout')]

2021-01-22 11:06:49 - [MESSAGE][PASSED] - Object '' is present

2021-01-22 11:06:49 - [MESSAGE][PASSED] - Object: '' is clicked on

2021-01-22 11:06:49 - [MESSAGE][PASSED] - Switched to window with index: '0'

2021-01-22 11:06:49 - [MESSAGE][PASSED] - Click button "Logout"

2021-01-22 11:06:49 - [TEST_STEP][PASSED] - Close browser: Close browser

2021-01-22 11:06:49 - [MESSAGE][PASSED] - Browser is closed

2021-01-22 11:06:49 - [MESSAGE][PASSED] - Close browser

2021-01-22 11:06:49 - [TEST_CASE][PASSED] - Start Test Case : SCENARIO Search by STATUS Failed due to invalid bank account: SCENARIO Search by STATUS Failed due to invalid bank account

2021-01-22 11:06:49 - [TEST_STEP][PASSED] - Go to ISTools: Go to ISTools

2021-01-22 11:06:49 - [MESSAGE][INFO] - Starting 'Chrome (headless)' driver

2021-01-22 11:06:49 - [MESSAGE][INFO] - User set preference: ['args', '[--start-maximized, --disable-gpu, --no-proxy-server, –-no-sandbox, --allow-running-insecure-content, --ignore-certificate-errors, window-size=1680,814, force-device-scale-factor=2, --lang=en-GB]']

2021-01-22 11:06:49 - [MESSAGE][INFO] - User set preference: ['prefs', '{download.default_directory=/Users/chaidir.pratama01/Katalon Studio/IST_Automation_Git/Download}']

2021-01-22 11:06:49 - [MESSAGE][INFO] - Action delay is set to 0 milliseconds

2021-01-22 11:06:49 - [MESSAGE][PASSED] - Browser is opened with url: ''

2021-01-22 11:06:50 - [MESSAGE][PASSED] - Navigate to 'https://dev-istools.homecredit.id/foundation/' successfully

2021-01-22 11:06:50 - [MESSAGE][PASSED] - Go to ISTools

2021-01-22 11:06:50 - [TEST_STEP][PASSED] - Login IST with valid credentials: Login IST with valid credentials

2021-01-22 11:06:50 - [MESSAGE][PASSED] - Text 'mobile.test' is set on object 'Object Repository/Page_/input_Username_j_username'

2021-01-22 11:06:51 - [MESSAGE][PASSED] - Text ****** has been set on object 'Object Repository/Page_/input_Password_j_password'

2021-01-22 11:06:51 - [MESSAGE][PASSED] - Object: 'Object Repository/Page_/button_Login' is clicked on

2021-01-22 11:06:51 - [MESSAGE][PASSED] - Login IST with valid credentials

2021-01-22 11:06:51 - [TEST_STEP][PASSED] - Login Success: Login Success

2021-01-22 11:06:51 - [MESSAGE][INFO] - Login Success

2021-01-22 11:06:51 - [MESSAGE][PASSED] - Current window maximized

2021-01-22 11:06:51 - [MESSAGE][PASSED] - Object 'Object Repository/Page_/h1_Welcome to IT Supporting Tools' is present

2021-01-22 11:06:51 - [MESSAGE][PASSED] - Login Success

2021-01-22 11:06:51 - [TEST_STEP][PASSED] - Select Arrow Menu "Real Time Disbursement": Select Arrow Menu "Real Time Disbursement"

2021-01-22 11:06:51 - [MESSAGE][PASSED] - Object: '' is clicked on

2021-01-22 11:06:51 - [MESSAGE][PASSED] - Select Arrow Menu "Real Time Disbursement"

2021-01-22 11:06:51 - [TEST_STEP][PASSED] - Select Menu "Partner Disbursement": Select Menu "Partner Disbursement"

2021-01-22 11:06:52 - [MESSAGE][PASSED] - Taking screenshot successfully
[[ATTACHMENT|/Users/chaidir.pratama01/Documents/Docs/Katalon Studio/Screenshot/test-Partner Disbursement.png]]

2021-01-22 11:06:52 - [MESSAGE][PASSED] - Object '' is present

2021-01-22 11:06:52 - [MESSAGE][PASSED] - Object: '' is clicked on

2021-01-22 11:06:52 - [MESSAGE][PASSED] - Wait for page load successfully

2021-01-22 11:06:52 - [MESSAGE][PASSED] - Select Menu "Partner Disbursement"

2021-01-22 11:06:52 - [TEST_STEP][PASSED] - Select STATUS "Failed due to invalid bank account": Select STATUS "Failed due to invalid bank account"

2021-01-22 11:06:52 - [MESSAGE][PASSED] - All options with value 'Failed due to invalid bank account' are selected in object ''  using regular expression

2021-01-22 11:06:52 - [MESSAGE][PASSED] - Select STATUS "Failed due to invalid bank account"

2021-01-22 11:06:52 - [TEST_STEP][PASSED] - Click button "Search": Click button "Search"

2021-01-22 11:06:52 - [MESSAGE][INFO] - >>>>>//Button[contains(text(),'Search')]

2021-01-22 11:06:55 - [MESSAGE][PASSED] - Object '' is present

2021-01-22 11:06:55 - [MESSAGE][PASSED] - Object: '' is clicked on

2021-01-22 11:06:55 - [MESSAGE][PASSED] - Switched to window with index: '0'

2021-01-22 11:06:55 - [MESSAGE][PASSED] - Click button "Search"

2021-01-22 11:06:55 - [TEST_STEP][PASSED] - Verify Search Result Presents: Verify Search Result Presents

2021-01-22 11:06:59 - [MESSAGE][INFO] - Unable to find the element located by 'By.xpath: //td[@style='display:none' and contains(text(),'-Empty-')]'. Please recheck the objects properties to make sure the desired element is located. 

2021-01-22 11:07:00 - [MESSAGE][WARNING] - com.kms.katalon.core.webui.exception.WebElementNotFoundException: Web element with id: '' located by '//td[@style='display:none' and contains(text(),'-Empty-')]' not found (Root cause: com.kms.katalon.core.exception.StepFailedException: com.kms.katalon.core.webui.exception.WebElementNotFoundException: Web element with id: '' located by '//td[@style='display:none' and contains(text(),'-Empty-')]' not found
	at com.kms.katalon.core.webui.keyword.internal.WebUIKeywordMain.stepFailed(WebUIKeywordMain.groovy:64)
	at com.kms.katalon.core.webui.keyword.builtin.VerifyElementPresentKeyword$_verifyElementPresent_closure1.doCall(VerifyElementPresentKeyword.groovy:85)
	at com.kms.katalon.core.webui.keyword.builtin.VerifyElementPresentKeyword$_verifyElementPresent_closure1.call(VerifyElementPresentKeyword.groovy)
	at com.kms.katalon.core.webui.keyword.internal.WebUIKeywordMain.runKeyword(WebUIKeywordMain.groovy:20)
	at com.kms.katalon.core.webui.keyword.builtin.VerifyElementPresentKeyword.verifyElementPresent(VerifyElementPresentKeyword.groovy:92)
	at com.kms.katalon.core.webui.keyword.builtin.VerifyElementPresentKeyword.execute(VerifyElementPresentKeyword.groovy:68)
	at com.kms.katalon.core.keyword.internal.KeywordExecutor.executeKeywordForPlatform(KeywordExecutor.groovy:73)
	at com.kms.katalon.core.webui.keyword.WebUiBuiltInKeywords.verifyElementPresent(WebUiBuiltInKeywords.groovy:1444)
	at com.kms.katalon.core.webui.keyword.WebUiBuiltInKeywords$verifyElementPresent$11.call(Unknown Source)
	at ist_real.Contract_Dispatcher.VerifyTblFilled(Contract_Dispatcher.groovy:1313)
	at ist_real.Contract_Dispatcher$VerifyTblFilled$0.call(Unknown Source)
	at RTD.Search_Result_Presents(RTD.groovy:191)
	at cucumber.runtime.Utils$1.call(Utils.java:26)
	at cucumber.runtime.Timeout.timeout(Timeout.java:16)
	at cucumber.runtime.Utils.invoke(Utils.java:20)
	at cucumber.runtime.java.JavaStepDefinition.execute(JavaStepDefinition.java:48)
	at cucumber.runtime.PickleStepDefinitionMatch.runStep(PickleStepDefinitionMatch.java:50)
	at cucumber.runner.TestStep.executeStep(TestStep.java:55)
	at cucumber.runner.TestStep.run(TestStep.java:42)
	at cucumber.runner.PickleStepTestStep.run(PickleStepTestStep.java:53)
	at cucumber.runner.TestCase.run(TestCase.java:47)
	at cucumber.runner.Runner.runPickle(Runner.java:44)
	at cucumber.runtime.Runtime.runFeature(Runtime.java:120)
	at cucumber.runtime.Runtime.run(Runtime.java:106)
	at cucumber.api.cli.Main.run(Main.java:35)
	at cucumber.api.cli.Main$run.call(Unknown Source)
	at com.kms.katalon.core.cucumber.keyword.CucumberBuiltinKeywords$_runFeatureFile_closure1.doCall(CucumberBuiltinKeywords.groovy:76)
	at com.kms.katalon.core.cucumber.keyword.CucumberBuiltinKeywords$_runFeatureFile_closure1.doCall(CucumberBuiltinKeywords.groovy)
	at com.kms.katalon.core.keyword.internal.KeywordMain.runKeyword(KeywordMain.groovy:68)
	at com.kms.katalon.core.keyword.internal.KeywordMain$runKeyword.call(Unknown Source)
	at com.kms.katalon.core.cucumber.keyword.CucumberBuiltinKeywords.runFeatureFile(CucumberBuiltinKeywords.groovy:46)
	at com.kms.katalon.core.cucumber.keyword.CucumberBuiltinKeywords$runFeatureFile$0.callStatic(Unknown Source)
	at com.kms.katalon.core.cucumber.keyword.CucumberBuiltinKeywords.runFeatureFile(CucumberBuiltinKeywords.groovy:169)
	at com.kms.katalon.core.cucumber.keyword.CucumberBuiltinKeywords$runFeatureFile.call(Unknown Source)
	at TC_Search_by_STATUS.run(TC_Search_by_STATUS:18)
	at com.kms.katalon.core.main.ScriptEngine.run(ScriptEngine.java:194)
	at com.kms.katalon.core.main.ScriptEngine.runScriptAsRawText(ScriptEngine.java:119)
	at com.kms.katalon.core.main.TestCaseExecutor.runScript(TestCaseExecutor.java:339)
	at com.kms.katalon.core.main.TestCaseExecutor.doExecute(TestCaseExecutor.java:330)
	at com.kms.katalon.core.main.TestCaseExecutor.processExecutionPhase(TestCaseExecutor.java:309)
	at com.kms.katalon.core.main.TestCaseExecutor.accessMainPhase(TestCaseExecutor.java:301)
	at com.kms.katalon.core.main.TestCaseExecutor.execute(TestCaseExecutor.java:235)
	at com.kms.katalon.core.main.TestSuiteExecutor.accessTestCaseMainPhase(TestSuiteExecutor.java:191)
	at com.kms.katalon.core.main.TestSuiteExecutor.accessTestSuiteMainPhase(TestSuiteExecutor.java:141)
	at com.kms.katalon.core.main.TestSuiteExecutor.execute(TestSuiteExecutor.java:90)
	at com.kms.katalon.core.main.TestCaseMain.startTestSuite(TestCaseMain.java:157)
	at com.kms.katalon.core.main.TestCaseMain$startTestSuite$0.call(Unknown Source)
	at TempTestSuite1611286948562.run(TempTestSuite1611286948562.groovy:39)
)
[[ATTACHMENT|/Users/chaidir.pratama01/Katalon Studio/IST_Automation_Git/Reports/20210122_104222/RTD/TS_Partner_Disbursement/20210122_104228/1611288419920.png]]

2021-01-22 11:07:00 - [MESSAGE][PASSED] - Verify Search Result Presents

2021-01-22 11:07:00 - [TEST_STEP][PASSED] - Click button "Logout": Click button "Logout"

2021-01-22 11:07:00 - [MESSAGE][INFO] - >>>>>//Button[contains(text(),'Logout')]

2021-01-22 11:07:03 - [MESSAGE][PASSED] - Object '' is present

2021-01-22 11:07:04 - [MESSAGE][PASSED] - Object: '' is clicked on

2021-01-22 11:07:04 - [MESSAGE][PASSED] - Switched to window with index: '0'

2021-01-22 11:07:04 - [MESSAGE][PASSED] - Click button "Logout"

2021-01-22 11:07:04 - [TEST_STEP][PASSED] - Close browser: Close browser

2021-01-22 11:07:04 - [MESSAGE][PASSED] - Browser is closed

2021-01-22 11:07:04 - [MESSAGE][PASSED] - Close browser

2021-01-22 11:07:04 - [TEST_CASE][PASSED] - Start Test Case : SCENARIO Search by STATUS Failed due to system error: SCENARIO Search by STATUS Failed due to system error

2021-01-22 11:07:04 - [TEST_STEP][PASSED] - Go to ISTools: Go to ISTools

2021-01-22 11:07:04 - [MESSAGE][INFO] - Starting 'Chrome (headless)' driver

2021-01-22 11:07:04 - [MESSAGE][INFO] - User set preference: ['args', '[--start-maximized, --disable-gpu, --no-proxy-server, –-no-sandbox, --allow-running-insecure-content, --ignore-certificate-errors, window-size=1680,814, force-device-scale-factor=2, --lang=en-GB]']

2021-01-22 11:07:04 - [MESSAGE][INFO] - User set preference: ['prefs', '{download.default_directory=/Users/chaidir.pratama01/Katalon Studio/IST_Automation_Git/Download}']

2021-01-22 11:07:04 - [MESSAGE][INFO] - Action delay is set to 0 milliseconds

2021-01-22 11:07:04 - [MESSAGE][PASSED] - Browser is opened with url: ''

2021-01-22 11:07:05 - [MESSAGE][PASSED] - Navigate to 'https://dev-istools.homecredit.id/foundation/' successfully

2021-01-22 11:07:05 - [MESSAGE][PASSED] - Go to ISTools

2021-01-22 11:07:05 - [TEST_STEP][PASSED] - Login IST with valid credentials: Login IST with valid credentials

2021-01-22 11:07:05 - [MESSAGE][PASSED] - Text 'mobile.test' is set on object 'Object Repository/Page_/input_Username_j_username'

2021-01-22 11:07:05 - [MESSAGE][PASSED] - Text ****** has been set on object 'Object Repository/Page_/input_Password_j_password'

2021-01-22 11:07:06 - [MESSAGE][PASSED] - Object: 'Object Repository/Page_/button_Login' is clicked on

2021-01-22 11:07:06 - [MESSAGE][PASSED] - Login IST with valid credentials

2021-01-22 11:07:06 - [TEST_STEP][PASSED] - Login Success: Login Success

2021-01-22 11:07:06 - [MESSAGE][INFO] - Login Success

2021-01-22 11:07:06 - [MESSAGE][PASSED] - Current window maximized

2021-01-22 11:07:06 - [MESSAGE][PASSED] - Object 'Object Repository/Page_/h1_Welcome to IT Supporting Tools' is present

2021-01-22 11:07:06 - [MESSAGE][PASSED] - Login Success

2021-01-22 11:07:06 - [TEST_STEP][PASSED] - Select Arrow Menu "Real Time Disbursement": Select Arrow Menu "Real Time Disbursement"

2021-01-22 11:07:06 - [MESSAGE][PASSED] - Object: '' is clicked on

2021-01-22 11:07:06 - [MESSAGE][PASSED] - Select Arrow Menu "Real Time Disbursement"

2021-01-22 11:07:06 - [TEST_STEP][PASSED] - Select Menu "Partner Disbursement": Select Menu "Partner Disbursement"

2021-01-22 11:07:06 - [MESSAGE][PASSED] - Taking screenshot successfully
[[ATTACHMENT|/Users/chaidir.pratama01/Documents/Docs/Katalon Studio/Screenshot/test-Partner Disbursement.png]]

2021-01-22 11:07:06 - [MESSAGE][PASSED] - Object '' is present

2021-01-22 11:07:06 - [MESSAGE][PASSED] - Object: '' is clicked on

2021-01-22 11:07:06 - [MESSAGE][PASSED] - Wait for page load successfully

2021-01-22 11:07:06 - [MESSAGE][PASSED] - Select Menu "Partner Disbursement"

2021-01-22 11:07:06 - [TEST_STEP][PASSED] - Select STATUS "Failed due to system error": Select STATUS "Failed due to system error"

2021-01-22 11:07:07 - [MESSAGE][PASSED] - All options with value 'Failed due to system error' are selected in object ''  using regular expression

2021-01-22 11:07:07 - [MESSAGE][PASSED] - Select STATUS "Failed due to system error"

2021-01-22 11:07:07 - [TEST_STEP][PASSED] - Click button "Search": Click button "Search"

2021-01-22 11:07:07 - [MESSAGE][INFO] - >>>>>//Button[contains(text(),'Search')]

2021-01-22 11:07:10 - [MESSAGE][PASSED] - Object '' is present

2021-01-22 11:07:10 - [MESSAGE][PASSED] - Object: '' is clicked on

2021-01-22 11:07:10 - [MESSAGE][PASSED] - Switched to window with index: '0'

2021-01-22 11:07:10 - [MESSAGE][PASSED] - Click button "Search"

2021-01-22 11:07:10 - [TEST_STEP][PASSED] - Verify Search Result Presents: Verify Search Result Presents

2021-01-22 11:07:10 - [MESSAGE][PASSED] - Object '' is present

2021-01-22 11:07:12 - [MESSAGE][PASSED] - Verify Search Result Presents

2021-01-22 11:07:12 - [TEST_STEP][PASSED] - Click button "Logout": Click button "Logout"

2021-01-22 11:07:12 - [MESSAGE][INFO] - >>>>>//Button[contains(text(),'Logout')]

2021-01-22 11:07:15 - [MESSAGE][PASSED] - Object '' is present

2021-01-22 11:07:15 - [MESSAGE][PASSED] - Object: '' is clicked on

2021-01-22 11:07:15 - [MESSAGE][PASSED] - Switched to window with index: '0'

2021-01-22 11:07:15 - [MESSAGE][PASSED] - Click button "Logout"

2021-01-22 11:07:15 - [TEST_STEP][PASSED] - Close browser: Close browser

2021-01-22 11:07:15 - [MESSAGE][PASSED] - Browser is closed

2021-01-22 11:07:15 - [MESSAGE][PASSED] - Close browser

2021-01-22 11:07:15 - [TEST_CASE][PASSED] - Start Test Case : SCENARIO Search by STATUS Failed due to insufficient fund: SCENARIO Search by STATUS Failed due to insufficient fund

2021-01-22 11:07:15 - [TEST_STEP][PASSED] - Go to ISTools: Go to ISTools

2021-01-22 11:07:15 - [MESSAGE][INFO] - Starting 'Chrome (headless)' driver

2021-01-22 11:07:15 - [MESSAGE][INFO] - User set preference: ['args', '[--start-maximized, --disable-gpu, --no-proxy-server, –-no-sandbox, --allow-running-insecure-content, --ignore-certificate-errors, window-size=1680,814, force-device-scale-factor=2, --lang=en-GB]']

2021-01-22 11:07:15 - [MESSAGE][INFO] - User set preference: ['prefs', '{download.default_directory=/Users/chaidir.pratama01/Katalon Studio/IST_Automation_Git/Download}']

2021-01-22 11:07:15 - [MESSAGE][INFO] - Action delay is set to 0 milliseconds

2021-01-22 11:07:15 - [MESSAGE][PASSED] - Browser is opened with url: ''

2021-01-22 11:07:16 - [MESSAGE][PASSED] - Navigate to 'https://dev-istools.homecredit.id/foundation/' successfully

2021-01-22 11:07:16 - [MESSAGE][PASSED] - Go to ISTools

2021-01-22 11:07:16 - [TEST_STEP][PASSED] - Login IST with valid credentials: Login IST with valid credentials

2021-01-22 11:07:16 - [MESSAGE][PASSED] - Text 'mobile.test' is set on object 'Object Repository/Page_/input_Username_j_username'

2021-01-22 11:07:16 - [MESSAGE][PASSED] - Text ****** has been set on object 'Object Repository/Page_/input_Password_j_password'

2021-01-22 11:07:17 - [MESSAGE][PASSED] - Object: 'Object Repository/Page_/button_Login' is clicked on

2021-01-22 11:07:17 - [MESSAGE][PASSED] - Login IST with valid credentials

2021-01-22 11:07:17 - [TEST_STEP][PASSED] - Login Success: Login Success

2021-01-22 11:07:17 - [MESSAGE][INFO] - Login Success

2021-01-22 11:07:17 - [MESSAGE][PASSED] - Current window maximized

2021-01-22 11:07:17 - [MESSAGE][PASSED] - Object 'Object Repository/Page_/h1_Welcome to IT Supporting Tools' is present

2021-01-22 11:07:17 - [MESSAGE][PASSED] - Login Success

2021-01-22 11:07:17 - [TEST_STEP][PASSED] - Select Arrow Menu "Real Time Disbursement": Select Arrow Menu "Real Time Disbursement"

2021-01-22 11:07:17 - [MESSAGE][PASSED] - Object: '' is clicked on

2021-01-22 11:07:17 - [MESSAGE][PASSED] - Select Arrow Menu "Real Time Disbursement"

2021-01-22 11:07:17 - [TEST_STEP][PASSED] - Select Menu "Partner Disbursement": Select Menu "Partner Disbursement"

2021-01-22 11:07:17 - [MESSAGE][PASSED] - Taking screenshot successfully
[[ATTACHMENT|/Users/chaidir.pratama01/Documents/Docs/Katalon Studio/Screenshot/test-Partner Disbursement.png]]

2021-01-22 11:07:17 - [MESSAGE][PASSED] - Object '' is present

2021-01-22 11:07:17 - [MESSAGE][PASSED] - Object: '' is clicked on

2021-01-22 11:07:17 - [MESSAGE][PASSED] - Wait for page load successfully

2021-01-22 11:07:17 - [MESSAGE][PASSED] - Select Menu "Partner Disbursement"

2021-01-22 11:07:17 - [TEST_STEP][PASSED] - Select STATUS "Failed due to insufficient fund": Select STATUS "Failed due to insufficient fund"

2021-01-22 11:07:18 - [MESSAGE][PASSED] - All options with value 'Failed due to insufficient fund' are selected in object ''  using regular expression

2021-01-22 11:07:18 - [MESSAGE][PASSED] - Select STATUS "Failed due to insufficient fund"

2021-01-22 11:07:18 - [TEST_STEP][PASSED] - Click button "Search": Click button "Search"

2021-01-22 11:07:18 - [MESSAGE][INFO] - >>>>>//Button[contains(text(),'Search')]

2021-01-22 11:07:21 - [MESSAGE][PASSED] - Object '' is present

2021-01-22 11:07:21 - [MESSAGE][PASSED] - Object: '' is clicked on

2021-01-22 11:07:21 - [MESSAGE][PASSED] - Switched to window with index: '0'

2021-01-22 11:07:21 - [MESSAGE][PASSED] - Click button "Search"

2021-01-22 11:07:21 - [TEST_STEP][PASSED] - Verify Search Result Presents: Verify Search Result Presents

2021-01-22 11:07:25 - [MESSAGE][INFO] - Unable to find the element located by 'By.xpath: //td[@style='display:none' and contains(text(),'-Empty-')]'. Please recheck the objects properties to make sure the desired element is located. 

2021-01-22 11:07:25 - [MESSAGE][WARNING] - com.kms.katalon.core.webui.exception.WebElementNotFoundException: Web element with id: '' located by '//td[@style='display:none' and contains(text(),'-Empty-')]' not found (Root cause: com.kms.katalon.core.exception.StepFailedException: com.kms.katalon.core.webui.exception.WebElementNotFoundException: Web element with id: '' located by '//td[@style='display:none' and contains(text(),'-Empty-')]' not found
	at com.kms.katalon.core.webui.keyword.internal.WebUIKeywordMain.stepFailed(WebUIKeywordMain.groovy:64)
	at com.kms.katalon.core.webui.keyword.builtin.VerifyElementPresentKeyword$_verifyElementPresent_closure1.doCall(VerifyElementPresentKeyword.groovy:85)
	at com.kms.katalon.core.webui.keyword.builtin.VerifyElementPresentKeyword$_verifyElementPresent_closure1.call(VerifyElementPresentKeyword.groovy)
	at com.kms.katalon.core.webui.keyword.internal.WebUIKeywordMain.runKeyword(WebUIKeywordMain.groovy:20)
	at com.kms.katalon.core.webui.keyword.builtin.VerifyElementPresentKeyword.verifyElementPresent(VerifyElementPresentKeyword.groovy:92)
	at com.kms.katalon.core.webui.keyword.builtin.VerifyElementPresentKeyword.execute(VerifyElementPresentKeyword.groovy:68)
	at com.kms.katalon.core.keyword.internal.KeywordExecutor.executeKeywordForPlatform(KeywordExecutor.groovy:73)
	at com.kms.katalon.core.webui.keyword.WebUiBuiltInKeywords.verifyElementPresent(WebUiBuiltInKeywords.groovy:1444)
	at com.kms.katalon.core.webui.keyword.WebUiBuiltInKeywords$verifyElementPresent$11.call(Unknown Source)
	at ist_real.Contract_Dispatcher.VerifyTblFilled(Contract_Dispatcher.groovy:1313)
	at ist_real.Contract_Dispatcher$VerifyTblFilled$0.call(Unknown Source)
	at RTD.Search_Result_Presents(RTD.groovy:191)
	at cucumber.runtime.Utils$1.call(Utils.java:26)
	at cucumber.runtime.Timeout.timeout(Timeout.java:16)
	at cucumber.runtime.Utils.invoke(Utils.java:20)
	at cucumber.runtime.java.JavaStepDefinition.execute(JavaStepDefinition.java:48)
	at cucumber.runtime.PickleStepDefinitionMatch.runStep(PickleStepDefinitionMatch.java:50)
	at cucumber.runner.TestStep.executeStep(TestStep.java:55)
	at cucumber.runner.TestStep.run(TestStep.java:42)
	at cucumber.runner.PickleStepTestStep.run(PickleStepTestStep.java:53)
	at cucumber.runner.TestCase.run(TestCase.java:47)
	at cucumber.runner.Runner.runPickle(Runner.java:44)
	at cucumber.runtime.Runtime.runFeature(Runtime.java:120)
	at cucumber.runtime.Runtime.run(Runtime.java:106)
	at cucumber.api.cli.Main.run(Main.java:35)
	at cucumber.api.cli.Main$run.call(Unknown Source)
	at com.kms.katalon.core.cucumber.keyword.CucumberBuiltinKeywords$_runFeatureFile_closure1.doCall(CucumberBuiltinKeywords.groovy:76)
	at com.kms.katalon.core.cucumber.keyword.CucumberBuiltinKeywords$_runFeatureFile_closure1.doCall(CucumberBuiltinKeywords.groovy)
	at com.kms.katalon.core.keyword.internal.KeywordMain.runKeyword(KeywordMain.groovy:68)
	at com.kms.katalon.core.keyword.internal.KeywordMain$runKeyword.call(Unknown Source)
	at com.kms.katalon.core.cucumber.keyword.CucumberBuiltinKeywords.runFeatureFile(CucumberBuiltinKeywords.groovy:46)
	at com.kms.katalon.core.cucumber.keyword.CucumberBuiltinKeywords$runFeatureFile$0.callStatic(Unknown Source)
	at com.kms.katalon.core.cucumber.keyword.CucumberBuiltinKeywords.runFeatureFile(CucumberBuiltinKeywords.groovy:169)
	at com.kms.katalon.core.cucumber.keyword.CucumberBuiltinKeywords$runFeatureFile.call(Unknown Source)
	at TC_Search_by_STATUS.run(TC_Search_by_STATUS:18)
	at com.kms.katalon.core.main.ScriptEngine.run(ScriptEngine.java:194)
	at com.kms.katalon.core.main.ScriptEngine.runScriptAsRawText(ScriptEngine.java:119)
	at com.kms.katalon.core.main.TestCaseExecutor.runScript(TestCaseExecutor.java:339)
	at com.kms.katalon.core.main.TestCaseExecutor.doExecute(TestCaseExecutor.java:330)
	at com.kms.katalon.core.main.TestCaseExecutor.processExecutionPhase(TestCaseExecutor.java:309)
	at com.kms.katalon.core.main.TestCaseExecutor.accessMainPhase(TestCaseExecutor.java:301)
	at com.kms.katalon.core.main.TestCaseExecutor.execute(TestCaseExecutor.java:235)
	at com.kms.katalon.core.main.TestSuiteExecutor.accessTestCaseMainPhase(TestSuiteExecutor.java:191)
	at com.kms.katalon.core.main.TestSuiteExecutor.accessTestSuiteMainPhase(TestSuiteExecutor.java:141)
	at com.kms.katalon.core.main.TestSuiteExecutor.execute(TestSuiteExecutor.java:90)
	at com.kms.katalon.core.main.TestCaseMain.startTestSuite(TestCaseMain.java:157)
	at com.kms.katalon.core.main.TestCaseMain$startTestSuite$0.call(Unknown Source)
	at TempTestSuite1611286948562.run(TempTestSuite1611286948562.groovy:39)
)
[[ATTACHMENT|/Users/chaidir.pratama01/Katalon Studio/IST_Automation_Git/Reports/20210122_104222/RTD/TS_Partner_Disbursement/20210122_104228/1611288445485.png]]

2021-01-22 11:07:26 - [MESSAGE][PASSED] - Verify Search Result Presents

2021-01-22 11:07:26 - [TEST_STEP][PASSED] - Click button "Logout": Click button "Logout"

2021-01-22 11:07:26 - [MESSAGE][INFO] - >>>>>//Button[contains(text(),'Logout')]

2021-01-22 11:07:29 - [MESSAGE][PASSED] - Object '' is present

2021-01-22 11:07:29 - [MESSAGE][PASSED] - Object: '' is clicked on

2021-01-22 11:07:29 - [MESSAGE][PASSED] - Switched to window with index: '0'

2021-01-22 11:07:29 - [MESSAGE][PASSED] - Click button "Logout"

2021-01-22 11:07:29 - [TEST_STEP][PASSED] - Close browser: Close browser

2021-01-22 11:07:29 - [MESSAGE][PASSED] - Browser is closed

2021-01-22 11:07:29 - [MESSAGE][PASSED] - Close browser

2021-01-22 11:07:29 - [TEST_CASE][PASSED] - Start Test Case : SCENARIO Search by STATUS Failed due to not supported bank: SCENARIO Search by STATUS Failed due to not supported bank

2021-01-22 11:07:29 - [TEST_STEP][PASSED] - Go to ISTools: Go to ISTools

2021-01-22 11:07:29 - [MESSAGE][INFO] - Starting 'Chrome (headless)' driver

2021-01-22 11:07:29 - [MESSAGE][INFO] - User set preference: ['args', '[--start-maximized, --disable-gpu, --no-proxy-server, –-no-sandbox, --allow-running-insecure-content, --ignore-certificate-errors, window-size=1680,814, force-device-scale-factor=2, --lang=en-GB]']

2021-01-22 11:07:29 - [MESSAGE][INFO] - User set preference: ['prefs', '{download.default_directory=/Users/chaidir.pratama01/Katalon Studio/IST_Automation_Git/Download}']

2021-01-22 11:07:29 - [MESSAGE][INFO] - Action delay is set to 0 milliseconds

2021-01-22 11:07:29 - [MESSAGE][PASSED] - Browser is opened with url: ''

2021-01-22 11:07:31 - [MESSAGE][PASSED] - Navigate to 'https://dev-istools.homecredit.id/foundation/' successfully

2021-01-22 11:07:31 - [MESSAGE][PASSED] - Go to ISTools

2021-01-22 11:07:31 - [TEST_STEP][PASSED] - Login IST with valid credentials: Login IST with valid credentials

2021-01-22 11:07:31 - [MESSAGE][PASSED] - Text 'mobile.test' is set on object 'Object Repository/Page_/input_Username_j_username'

2021-01-22 11:07:31 - [MESSAGE][PASSED] - Text ****** has been set on object 'Object Repository/Page_/input_Password_j_password'

2021-01-22 11:07:31 - [MESSAGE][PASSED] - Object: 'Object Repository/Page_/button_Login' is clicked on

2021-01-22 11:07:31 - [MESSAGE][PASSED] - Login IST with valid credentials

2021-01-22 11:07:31 - [TEST_STEP][PASSED] - Login Success: Login Success

2021-01-22 11:07:31 - [MESSAGE][INFO] - Login Success

2021-01-22 11:07:31 - [MESSAGE][PASSED] - Current window maximized

2021-01-22 11:07:31 - [MESSAGE][PASSED] - Object 'Object Repository/Page_/h1_Welcome to IT Supporting Tools' is present

2021-01-22 11:07:31 - [MESSAGE][PASSED] - Login Success

2021-01-22 11:07:31 - [TEST_STEP][PASSED] - Select Arrow Menu "Real Time Disbursement": Select Arrow Menu "Real Time Disbursement"

2021-01-22 11:07:31 - [MESSAGE][PASSED] - Object: '' is clicked on

2021-01-22 11:07:31 - [MESSAGE][PASSED] - Select Arrow Menu "Real Time Disbursement"

2021-01-22 11:07:31 - [TEST_STEP][PASSED] - Select Menu "Partner Disbursement": Select Menu "Partner Disbursement"

2021-01-22 11:07:32 - [MESSAGE][PASSED] - Taking screenshot successfully
[[ATTACHMENT|/Users/chaidir.pratama01/Documents/Docs/Katalon Studio/Screenshot/test-Partner Disbursement.png]]

2021-01-22 11:07:32 - [MESSAGE][PASSED] - Object '' is present

2021-01-22 11:07:32 - [MESSAGE][PASSED] - Object: '' is clicked on

2021-01-22 11:07:32 - [MESSAGE][PASSED] - Wait for page load successfully

2021-01-22 11:07:32 - [MESSAGE][PASSED] - Select Menu "Partner Disbursement"

2021-01-22 11:07:32 - [TEST_STEP][PASSED] - Select STATUS "Failed due to not supported bank": Select STATUS "Failed due to not supported bank"

2021-01-22 11:07:32 - [MESSAGE][PASSED] - All options with value 'Failed due to not supported bank' are selected in object ''  using regular expression

2021-01-22 11:07:32 - [MESSAGE][PASSED] - Select STATUS "Failed due to not supported bank"

2021-01-22 11:07:32 - [TEST_STEP][PASSED] - Click button "Search": Click button "Search"

2021-01-22 11:07:32 - [MESSAGE][INFO] - >>>>>//Button[contains(text(),'Search')]

2021-01-22 11:07:35 - [MESSAGE][PASSED] - Object '' is present

2021-01-22 11:07:36 - [MESSAGE][PASSED] - Object: '' is clicked on

2021-01-22 11:07:36 - [MESSAGE][PASSED] - Switched to window with index: '0'

2021-01-22 11:07:36 - [MESSAGE][PASSED] - Click button "Search"

2021-01-22 11:07:36 - [TEST_STEP][PASSED] - Verify Search Result Presents: Verify Search Result Presents

2021-01-22 11:07:40 - [MESSAGE][INFO] - Unable to find the element located by 'By.xpath: //td[@style='display:none' and contains(text(),'-Empty-')]'. Please recheck the objects properties to make sure the desired element is located. 

2021-01-22 11:07:40 - [MESSAGE][WARNING] - com.kms.katalon.core.webui.exception.WebElementNotFoundException: Web element with id: '' located by '//td[@style='display:none' and contains(text(),'-Empty-')]' not found (Root cause: com.kms.katalon.core.exception.StepFailedException: com.kms.katalon.core.webui.exception.WebElementNotFoundException: Web element with id: '' located by '//td[@style='display:none' and contains(text(),'-Empty-')]' not found
	at com.kms.katalon.core.webui.keyword.internal.WebUIKeywordMain.stepFailed(WebUIKeywordMain.groovy:64)
	at com.kms.katalon.core.webui.keyword.builtin.VerifyElementPresentKeyword$_verifyElementPresent_closure1.doCall(VerifyElementPresentKeyword.groovy:85)
	at com.kms.katalon.core.webui.keyword.builtin.VerifyElementPresentKeyword$_verifyElementPresent_closure1.call(VerifyElementPresentKeyword.groovy)
	at com.kms.katalon.core.webui.keyword.internal.WebUIKeywordMain.runKeyword(WebUIKeywordMain.groovy:20)
	at com.kms.katalon.core.webui.keyword.builtin.VerifyElementPresentKeyword.verifyElementPresent(VerifyElementPresentKeyword.groovy:92)
	at com.kms.katalon.core.webui.keyword.builtin.VerifyElementPresentKeyword.execute(VerifyElementPresentKeyword.groovy:68)
	at com.kms.katalon.core.keyword.internal.KeywordExecutor.executeKeywordForPlatform(KeywordExecutor.groovy:73)
	at com.kms.katalon.core.webui.keyword.WebUiBuiltInKeywords.verifyElementPresent(WebUiBuiltInKeywords.groovy:1444)
	at com.kms.katalon.core.webui.keyword.WebUiBuiltInKeywords$verifyElementPresent$11.call(Unknown Source)
	at ist_real.Contract_Dispatcher.VerifyTblFilled(Contract_Dispatcher.groovy:1313)
	at ist_real.Contract_Dispatcher$VerifyTblFilled$0.call(Unknown Source)
	at RTD.Search_Result_Presents(RTD.groovy:191)
	at cucumber.runtime.Utils$1.call(Utils.java:26)
	at cucumber.runtime.Timeout.timeout(Timeout.java:16)
	at cucumber.runtime.Utils.invoke(Utils.java:20)
	at cucumber.runtime.java.JavaStepDefinition.execute(JavaStepDefinition.java:48)
	at cucumber.runtime.PickleStepDefinitionMatch.runStep(PickleStepDefinitionMatch.java:50)
	at cucumber.runner.TestStep.executeStep(TestStep.java:55)
	at cucumber.runner.TestStep.run(TestStep.java:42)
	at cucumber.runner.PickleStepTestStep.run(PickleStepTestStep.java:53)
	at cucumber.runner.TestCase.run(TestCase.java:47)
	at cucumber.runner.Runner.runPickle(Runner.java:44)
	at cucumber.runtime.Runtime.runFeature(Runtime.java:120)
	at cucumber.runtime.Runtime.run(Runtime.java:106)
	at cucumber.api.cli.Main.run(Main.java:35)
	at cucumber.api.cli.Main$run.call(Unknown Source)
	at com.kms.katalon.core.cucumber.keyword.CucumberBuiltinKeywords$_runFeatureFile_closure1.doCall(CucumberBuiltinKeywords.groovy:76)
	at com.kms.katalon.core.cucumber.keyword.CucumberBuiltinKeywords$_runFeatureFile_closure1.doCall(CucumberBuiltinKeywords.groovy)
	at com.kms.katalon.core.keyword.internal.KeywordMain.runKeyword(KeywordMain.groovy:68)
	at com.kms.katalon.core.keyword.internal.KeywordMain$runKeyword.call(Unknown Source)
	at com.kms.katalon.core.cucumber.keyword.CucumberBuiltinKeywords.runFeatureFile(CucumberBuiltinKeywords.groovy:46)
	at com.kms.katalon.core.cucumber.keyword.CucumberBuiltinKeywords$runFeatureFile$0.callStatic(Unknown Source)
	at com.kms.katalon.core.cucumber.keyword.CucumberBuiltinKeywords.runFeatureFile(CucumberBuiltinKeywords.groovy:169)
	at com.kms.katalon.core.cucumber.keyword.CucumberBuiltinKeywords$runFeatureFile.call(Unknown Source)
	at TC_Search_by_STATUS.run(TC_Search_by_STATUS:18)
	at com.kms.katalon.core.main.ScriptEngine.run(ScriptEngine.java:194)
	at com.kms.katalon.core.main.ScriptEngine.runScriptAsRawText(ScriptEngine.java:119)
	at com.kms.katalon.core.main.TestCaseExecutor.runScript(TestCaseExecutor.java:339)
	at com.kms.katalon.core.main.TestCaseExecutor.doExecute(TestCaseExecutor.java:330)
	at com.kms.katalon.core.main.TestCaseExecutor.processExecutionPhase(TestCaseExecutor.java:309)
	at com.kms.katalon.core.main.TestCaseExecutor.accessMainPhase(TestCaseExecutor.java:301)
	at com.kms.katalon.core.main.TestCaseExecutor.execute(TestCaseExecutor.java:235)
	at com.kms.katalon.core.main.TestSuiteExecutor.accessTestCaseMainPhase(TestSuiteExecutor.java:191)
	at com.kms.katalon.core.main.TestSuiteExecutor.accessTestSuiteMainPhase(TestSuiteExecutor.java:141)
	at com.kms.katalon.core.main.TestSuiteExecutor.execute(TestSuiteExecutor.java:90)
	at com.kms.katalon.core.main.TestCaseMain.startTestSuite(TestCaseMain.java:157)
	at com.kms.katalon.core.main.TestCaseMain$startTestSuite$0.call(Unknown Source)
	at TempTestSuite1611286948562.run(TempTestSuite1611286948562.groovy:39)
)
[[ATTACHMENT|/Users/chaidir.pratama01/Katalon Studio/IST_Automation_Git/Reports/20210122_104222/RTD/TS_Partner_Disbursement/20210122_104228/1611288460040.png]]

2021-01-22 11:07:40 - [MESSAGE][PASSED] - Verify Search Result Presents

2021-01-22 11:07:40 - [TEST_STEP][PASSED] - Click button "Logout": Click button "Logout"

2021-01-22 11:07:40 - [MESSAGE][INFO] - >>>>>//Button[contains(text(),'Logout')]

2021-01-22 11:07:43 - [MESSAGE][PASSED] - Object '' is present

2021-01-22 11:07:44 - [MESSAGE][PASSED] - Object: '' is clicked on

2021-01-22 11:07:44 - [MESSAGE][PASSED] - Switched to window with index: '0'

2021-01-22 11:07:44 - [MESSAGE][PASSED] - Click button "Logout"

2021-01-22 11:07:44 - [TEST_STEP][PASSED] - Close browser: Close browser

2021-01-22 11:07:44 - [MESSAGE][PASSED] - Browser is closed

2021-01-22 11:07:44 - [MESSAGE][PASSED] - Close browser

2021-01-22 11:07:44 - [TEST_CASE][PASSED] - Start Test Case : SCENARIO Search by STATUS Manual Disbursement: SCENARIO Search by STATUS Manual Disbursement

2021-01-22 11:07:44 - [TEST_STEP][PASSED] - Go to ISTools: Go to ISTools

2021-01-22 11:07:44 - [MESSAGE][INFO] - Starting 'Chrome (headless)' driver

2021-01-22 11:07:44 - [MESSAGE][INFO] - User set preference: ['args', '[--start-maximized, --disable-gpu, --no-proxy-server, –-no-sandbox, --allow-running-insecure-content, --ignore-certificate-errors, window-size=1680,814, force-device-scale-factor=2, --lang=en-GB]']

2021-01-22 11:07:44 - [MESSAGE][INFO] - User set preference: ['prefs', '{download.default_directory=/Users/chaidir.pratama01/Katalon Studio/IST_Automation_Git/Download}']

2021-01-22 11:07:44 - [MESSAGE][INFO] - Action delay is set to 0 milliseconds

2021-01-22 11:07:44 - [MESSAGE][PASSED] - Browser is opened with url: ''

2021-01-22 11:07:45 - [MESSAGE][PASSED] - Navigate to 'https://dev-istools.homecredit.id/foundation/' successfully

2021-01-22 11:07:45 - [MESSAGE][PASSED] - Go to ISTools

2021-01-22 11:07:45 - [TEST_STEP][PASSED] - Login IST with valid credentials: Login IST with valid credentials

2021-01-22 11:07:45 - [MESSAGE][PASSED] - Text 'mobile.test' is set on object 'Object Repository/Page_/input_Username_j_username'

2021-01-22 11:07:45 - [MESSAGE][PASSED] - Text ****** has been set on object 'Object Repository/Page_/input_Password_j_password'

2021-01-22 11:07:45 - [MESSAGE][PASSED] - Object: 'Object Repository/Page_/button_Login' is clicked on

2021-01-22 11:07:45 - [MESSAGE][PASSED] - Login IST with valid credentials

2021-01-22 11:07:45 - [TEST_STEP][PASSED] - Login Success: Login Success

2021-01-22 11:07:45 - [MESSAGE][INFO] - Login Success

2021-01-22 11:07:45 - [MESSAGE][PASSED] - Current window maximized

2021-01-22 11:07:45 - [MESSAGE][PASSED] - Object 'Object Repository/Page_/h1_Welcome to IT Supporting Tools' is present

2021-01-22 11:07:45 - [MESSAGE][PASSED] - Login Success

2021-01-22 11:07:45 - [TEST_STEP][PASSED] - Select Arrow Menu "Real Time Disbursement": Select Arrow Menu "Real Time Disbursement"

2021-01-22 11:07:46 - [MESSAGE][PASSED] - Object: '' is clicked on

2021-01-22 11:07:46 - [MESSAGE][PASSED] - Select Arrow Menu "Real Time Disbursement"

2021-01-22 11:07:46 - [TEST_STEP][PASSED] - Select Menu "Partner Disbursement": Select Menu "Partner Disbursement"

2021-01-22 11:07:46 - [MESSAGE][PASSED] - Taking screenshot successfully
[[ATTACHMENT|/Users/chaidir.pratama01/Documents/Docs/Katalon Studio/Screenshot/test-Partner Disbursement.png]]

2021-01-22 11:07:46 - [MESSAGE][PASSED] - Object '' is present

2021-01-22 11:07:46 - [MESSAGE][PASSED] - Object: '' is clicked on

[...]
	at com.kms.katalon.core.webui.keyword.WebUiBuiltInKeywords$click$3.call(Unknown Source)
	at RTD.click_checkbox(RTD.groovy:332)
	at cucumber.runtime.Utils$1.call(Utils.java:26)
	at cucumber.runtime.Timeout.timeout(Timeout.java:16)
	at cucumber.runtime.Utils.invoke(Utils.java:20)
	at cucumber.runtime.java.JavaStepDefinition.execute(JavaStepDefinition.java:48)
	at cucumber.runtime.PickleStepDefinitionMatch.runStep(PickleStepDefinitionMatch.java:50)
	at cucumber.runner.TestStep.executeStep(TestStep.java:55)
	at cucumber.runner.TestStep.run(TestStep.java:42)
	at cucumber.runner.PickleStepTestStep.run(PickleStepTestStep.java:53)
	at cucumber.runner.TestCase.run(TestCase.java:47)
	at cucumber.runner.Runner.runPickle(Runner.java:44)
	at cucumber.runtime.Runtime.runFeature(Runtime.java:120)
	at cucumber.runtime.Runtime.run(Runtime.java:106)
	at cucumber.api.cli.Main.run(Main.java:35)
	at cucumber.api.cli.Main$run.call(Unknown Source)
	at com.kms.katalon.core.cucumber.keyword.CucumberBuiltinKeywords$_runFeatureFile_closure1.doCall(CucumberBuiltinKeywords.groovy:76)
	at com.kms.katalon.core.cucumber.keyword.CucumberBuiltinKeywords$_runFeatureFile_closure1.doCall(CucumberBuiltinKeywords.groovy)
	at com.kms.katalon.core.keyword.internal.KeywordMain.runKeyword(KeywordMain.groovy:68)
	at com.kms.katalon.core.keyword.internal.KeywordMain$runKeyword.call(Unknown Source)
	at com.kms.katalon.core.cucumber.keyword.CucumberBuiltinKeywords.runFeatureFile(CucumberBuiltinKeywords.groovy:46)
	at com.kms.katalon.core.cucumber.keyword.CucumberBuiltinKeywords$runFeatureFile$0.callStatic(Unknown Source)
	at com.kms.katalon.core.cucumber.keyword.CucumberBuiltinKeywords.runFeatureFile(CucumberBuiltinKeywords.groovy:169)
	at com.kms.katalon.core.cucumber.keyword.CucumberBuiltinKeywords$runFeatureFile.call(Unknown Source)
	at Script1611043652528.run(Script1611043652528.groovy:18)
	... 13 more
)
[[ATTACHMENT|/Users/chaidir.pratama01/Katalon Studio/IST_Automation_Git/Reports/20210122_104222/RTD/TS_Partner_Disbursement/20210122_104228/1611288649387.png]]

2021-01-22 11:10:49 - [MESSAGE][FAILED] - Click Checkbox FAILED.
Reason:
com.kms.katalon.core.exception.StepFailedException: Unable to click on object ''
	at com.kms.katalon.core.webui.keyword.internal.WebUIKeywordMain.stepFailed(WebUIKeywordMain.groovy:64)
	at com.kms.katalon.core.webui.keyword.internal.WebUIKeywordMain.runKeyword(WebUIKeywordMain.groovy:26)
	at com.kms.katalon.core.webui.keyword.builtin.ClickKeyword.click(ClickKeyword.groovy:76)
	at com.kms.katalon.core.webui.keyword.builtin.ClickKeyword.execute(ClickKeyword.groovy:43)
	at com.kms.katalon.core.keyword.internal.KeywordExecutor.executeKeywordForPlatform(KeywordExecutor.groovy:73)
	at com.kms.katalon.core.webui.keyword.WebUiBuiltInKeywords.click(WebUiBuiltInKeywords.groovy:616)
	at com.kms.katalon.core.webui.keyword.WebUiBuiltInKeywords$click$3.call(Unknown Source)
	at RTD.click_checkbox(RTD.groovy:332)
	at ✽.Click Checkbox(/Users/chaidir.pratama01/Katalon Studio/IST_Automation_Git/Include/features/IST_Real/RTD/Partner_Disbursement/Hold_Payment.feature:35)
Caused by: java.lang.IndexOutOfBoundsException: Index: 0, Size: 0
	at com.kms.katalon.core.webui.common.WebUiCommonHelper.buildLocator(WebUiCommonHelper.java:519)
	at com.kms.katalon.core.webui.common.WebUiCommonHelper.findElementByNormalMethods(WebUiCommonHelper.java:985)
	at com.kms.katalon.core.webui.common.WebUiCommonHelper.findElementsBySelectedMethod(WebUiCommonHelper.java:894)
	at com.kms.katalon.core.webui.common.WebUiCommonHelper.findElementsWithSelfHealing(WebUiCommonHelper.java:791)
	at com.kms.katalon.core.webui.common.WebUiCommonHelper.findWebElements(WebUiCommonHelper.java:717)
	at com.kms.katalon.core.webui.common.WebUiCommonHelper.findWebElement(WebUiCommonHelper.java:1349)
	at com.kms.katalon.core.webui.keyword.internal.WebUIAbstractKeyword.findWebElement(WebUIAbstractKeyword.groovy:27)
	at com.kms.katalon.core.webui.keyword.internal.WebUIAbstractKeyword.findWebElement(WebUIAbstractKeyword.groovy:26)
	at com.kms.katalon.core.webui.keyword.builtin.ClickKeyword$_click_closure1.doCall(ClickKeyword.groovy:67)
	at com.kms.katalon.core.webui.keyword.builtin.ClickKeyword$_click_closure1.call(ClickKeyword.groovy)
	at com.kms.katalon.core.webui.keyword.internal.WebUIKeywordMain.runKeyword(WebUIKeywordMain.groovy:20)
	at com.kms.katalon.core.webui.keyword.builtin.ClickKeyword.click(ClickKeyword.groovy:76)
	at com.kms.katalon.core.webui.keyword.builtin.ClickKeyword.execute(ClickKeyword.groovy:43)
	at com.kms.katalon.core.keyword.internal.KeywordExecutor.executeKeywordForPlatform(KeywordExecutor.groovy:73)
	at com.kms.katalon.core.webui.keyword.WebUiBuiltInKeywords.click(WebUiBuiltInKeywords.groovy:616)
	at com.kms.katalon.core.webui.keyword.WebUiBuiltInKeywords$click$3.call(Unknown Source)
	at RTD.click_checkbox(RTD.groovy:332)
	at cucumber.runtime.Utils$1.call(Utils.java:26)
	at cucumber.runtime.Timeout.timeout(Timeout.java:16)
	at cucumber.runtime.Utils.invoke(Utils.java:20)
	at cucumber.runtime.java.JavaStepDefinition.execute(JavaStepDefinition.java:48)
	at cucumber.runtime.PickleStepDefinitionMatch.runStep(PickleStepDefinitionMatch.java:50)
	at cucumber.runner.TestStep.executeStep(TestStep.java:55)
	at cucumber.runner.TestStep.run(TestStep.java:42)
	at cucumber.runner.PickleStepTestStep.run(PickleStepTestStep.java:53)
	at cucumber.runner.TestCase.run(TestCase.java:47)
	at cucumber.runner.Runner.runPickle(Runner.java:44)
	at cucumber.runtime.Runtime.runFeature(Runtime.java:120)
	at cucumber.runtime.Runtime.run(Runtime.java:106)
	at cucumber.api.cli.Main.run(Main.java:35)
	at cucumber.api.cli.Main$run.call(Unknown Source)
	at com.kms.katalon.core.cucumber.keyword.CucumberBuiltinKeywords$_runFeatureFile_closure1.doCall(CucumberBuiltinKeywords.groovy:76)
	at com.kms.katalon.core.cucumber.keyword.CucumberBuiltinKeywords$_runFeatureFile_closure1.doCall(CucumberBuiltinKeywords.groovy)
	at com.kms.katalon.core.keyword.internal.KeywordMain.runKeyword(KeywordMain.groovy:68)
	at com.kms.katalon.core.keyword.internal.KeywordMain$runKeyword.call(Unknown Source)
	at com.kms.katalon.core.cucumber.keyword.CucumberBuiltinKeywords.runFeatureFile(CucumberBuiltinKeywords.groovy:46)
	at com.kms.katalon.core.cucumber.keyword.CucumberBuiltinKeywords$runFeatureFile$0.callStatic(Unknown Source)
	at com.kms.katalon.core.cucumber.keyword.CucumberBuiltinKeywords.runFeatureFile(CucumberBuiltinKeywords.groovy:169)
	at com.kms.katalon.core.cucumber.keyword.CucumberBuiltinKeywords$runFeatureFile.call(Unknown Source)
	at TC_Hold_Payment.run(TC_Hold_Payment:18)
	at com.kms.katalon.core.main.ScriptEngine.run(ScriptEngine.java:194)
	at com.kms.katalon.core.main.ScriptEngine.runScriptAsRawText(ScriptEngine.java:119)
	at com.kms.katalon.core.main.TestCaseExecutor.runScript(TestCaseExecutor.java:339)
	at com.kms.katalon.core.main.TestCaseExecutor.doExecute(TestCaseExecutor.java:330)
	at com.kms.katalon.core.main.TestCaseExecutor.processExecutionPhase(TestCaseExecutor.java:309)
	at com.kms.katalon.core.main.TestCaseExecutor.accessMainPhase(TestCaseExecutor.java:301)
	at com.kms.katalon.core.main.TestCaseExecutor.execute(TestCaseExecutor.java:235)
	at com.kms.katalon.core.main.TestSuiteExecutor.accessTestCaseMainPhase(TestSuiteExecutor.java:191)
	at com.kms.katalon.core.main.TestSuiteExecutor.accessTestSuiteMainPhase(TestSuiteExecutor.java:141)
	at com.kms.katalon.core.main.TestSuiteExecutor.execute(TestSuiteExecutor.java:90)
	at com.kms.katalon.core.main.TestCaseMain.startTestSuite(TestCaseMain.java:157)
	at com.kms.katalon.core.main.TestCaseMain$startTestSuite$0.call(Unknown Source)
	at TempTestSuite1611286948562.run(TempTestSuite1611286948562.groovy:39)


2021-01-22 11:10:49 - [TEST_STEP][NOT_RUN] - Get Checkbox data of Menu "Partner Disbursement" before Hold Payment: Get Checkbox data of Menu "Partner Disbursement" before Hold Payment

2021-01-22 11:10:49 - [MESSAGE][NOT_RUN] - Get Checkbox data of Menu "Partner Disbursement" before Hold Payment

2021-01-22 11:10:49 - [TEST_STEP][NOT_RUN] - Click button "HOLD PAYMENT": Click button "HOLD PAYMENT"

2021-01-22 11:10:49 - [MESSAGE][NOT_RUN] - Click button "HOLD PAYMENT"

2021-01-22 11:10:49 - [TEST_STEP][NOT_RUN] - Input reason of Hold Payment: Input reason of Hold Payment

2021-01-22 11:10:49 - [MESSAGE][NOT_RUN] - Input reason of Hold Payment

2021-01-22 11:10:49 - [TEST_STEP][NOT_RUN] - Click button "Yes": Click button "Yes"

2021-01-22 11:10:49 - [MESSAGE][NOT_RUN] - Click button "Yes"

2021-01-22 11:10:49 - [TEST_STEP][NOT_RUN] - Connect to Database RTD: Connect to Database RTD

2021-01-22 11:10:49 - [MESSAGE][NOT_RUN] - Connect to Database RTD

2021-01-22 11:10:49 - [TEST_STEP][NOT_RUN] - Select Hold Contract Number and make sure status is Hold Payment Recreation: Select Hold Contract Number and make sure status is Hold Payment Recreation

2021-01-22 11:10:49 - [MESSAGE][NOT_RUN] - Select Hold Contract Number and make sure status is Hold Payment Recreation

2021-01-22 11:10:49 - [MESSAGE][FAILED] - Feature file 'Include/features/IST_Real/RTD/Partner_Disbursement/Hold_Payment.feature' was failed

2021-01-22 11:10:49 - [MESSAGE][FAILED] - Keyword runFeatureFile was failed (Root cause: com.kms.katalon.core.exception.StepFailedException: Feature file 'Include/features/IST_Real/RTD/Partner_Disbursement/Hold_Payment.feature' was failed
	at com.kms.katalon.core.keyword.internal.KeywordMain.stepFailed(KeywordMain.groovy:50)
	at com.kms.katalon.core.keyword.internal.KeywordMain.stepFailed(KeywordMain.groovy)
	at com.kms.katalon.core.keyword.internal.KeywordMain.stepFailed(KeywordMain.groovy:23)
	at com.kms.katalon.core.keyword.internal.KeywordMain$stepFailed$0.call(Unknown Source)
	at com.kms.katalon.core.cucumber.keyword.CucumberBuiltinKeywords$_runFeatureFile_closure1.doCall(CucumberBuiltinKeywords.groovy:82)
	at com.kms.katalon.core.cucumber.keyword.CucumberBuiltinKeywords$_runFeatureFile_closure1.doCall(CucumberBuiltinKeywords.groovy)
	at com.kms.katalon.core.keyword.internal.KeywordMain.runKeyword(KeywordMain.groovy:68)
	at com.kms.katalon.core.keyword.internal.KeywordMain$runKeyword.call(Unknown Source)
	at com.kms.katalon.core.cucumber.keyword.CucumberBuiltinKeywords.runFeatureFile(CucumberBuiltinKeywords.groovy:46)
	at com.kms.katalon.core.cucumber.keyword.CucumberBuiltinKeywords$runFeatureFile$0.callStatic(Unknown Source)
	at com.kms.katalon.core.cucumber.keyword.CucumberBuiltinKeywords.runFeatureFile(CucumberBuiltinKeywords.groovy:169)
	at com.kms.katalon.core.cucumber.keyword.CucumberBuiltinKeywords$runFeatureFile.call(Unknown Source)
	at TC_Hold_Payment.run(TC_Hold_Payment:18)
	at com.kms.katalon.core.main.ScriptEngine.run(ScriptEngine.java:194)
	at com.kms.katalon.core.main.ScriptEngine.runScriptAsRawText(ScriptEngine.java:119)
	at com.kms.katalon.core.main.TestCaseExecutor.runScript(TestCaseExecutor.java:339)
	at com.kms.katalon.core.main.TestCaseExecutor.doExecute(TestCaseExecutor.java:330)
	at com.kms.katalon.core.main.TestCaseExecutor.processExecutionPhase(TestCaseExecutor.java:309)
	at com.kms.katalon.core.main.TestCaseExecutor.accessMainPhase(TestCaseExecutor.java:301)
	at com.kms.katalon.core.main.TestCaseExecutor.execute(TestCaseExecutor.java:235)
	at com.kms.katalon.core.main.TestSuiteExecutor.accessTestCaseMainPhase(TestSuiteExecutor.java:191)
	at com.kms.katalon.core.main.TestSuiteExecutor.accessTestSuiteMainPhase(TestSuiteExecutor.java:141)
	at com.kms.katalon.core.main.TestSuiteExecutor.execute(TestSuiteExecutor.java:90)
	at com.kms.katalon.core.main.TestCaseMain.startTestSuite(TestCaseMain.java:157)
	at com.kms.katalon.core.main.TestCaseMain$startTestSuite$0.call(Unknown Source)
	at TempTestSuite1611286948562.run(TempTestSuite1611286948562.groovy:39)
)]]></system-out>
         <system-err><![CDATA[2021-01-22 11:10:07 - [TEST_CASE][FAILED] - Test Cases/RTD/Partner Disbursement/TC_Hold_Payment: Test Cases/RTD/Partner Disbursement/TC_Hold_Payment FAILED.
Reason:
com.kms.katalon.core.exception.StepFailedException: Feature file 'Include/features/IST_Real/RTD/Partner_Disbursement/Hold_Payment.feature' was failed
	at com.kms.katalon.core.keyword.internal.KeywordMain.stepFailed(KeywordMain.groovy:50)
	at com.kms.katalon.core.keyword.internal.KeywordMain.stepFailed(KeywordMain.groovy)
	at com.kms.katalon.core.keyword.internal.KeywordMain.stepFailed(KeywordMain.groovy:23)
	at com.kms.katalon.core.keyword.internal.KeywordMain$stepFailed$0.call(Unknown Source)
	at com.kms.katalon.core.cucumber.keyword.CucumberBuiltinKeywords$_runFeatureFile_closure1.doCall(CucumberBuiltinKeywords.groovy:82)
	at com.kms.katalon.core.cucumber.keyword.CucumberBuiltinKeywords$_runFeatureFile_closure1.doCall(CucumberBuiltinKeywords.groovy)
	at com.kms.katalon.core.keyword.internal.KeywordMain.runKeyword(KeywordMain.groovy:68)
	at com.kms.katalon.core.keyword.internal.KeywordMain$runKeyword.call(Unknown Source)
	at com.kms.katalon.core.cucumber.keyword.CucumberBuiltinKeywords.runFeatureFile(CucumberBuiltinKeywords.groovy:46)
	at com.kms.katalon.core.cucumber.keyword.CucumberBuiltinKeywords$runFeatureFile$0.callStatic(Unknown Source)
	at com.kms.katalon.core.cucumber.keyword.CucumberBuiltinKeywords.runFeatureFile(CucumberBuiltinKeywords.groovy:169)
	at com.kms.katalon.core.cucumber.keyword.CucumberBuiltinKeywords$runFeatureFile.call(Unknown Source)
	at TC_Hold_Payment.run(TC_Hold_Payment:18)
	at com.kms.katalon.core.main.ScriptEngine.run(ScriptEngine.java:194)
	at com.kms.katalon.core.main.ScriptEngine.runScriptAsRawText(ScriptEngine.java:119)
	at com.kms.katalon.core.main.TestCaseExecutor.runScript(TestCaseExecutor.java:339)
	at com.kms.katalon.core.main.TestCaseExecutor.doExecute(TestCaseExecutor.java:330)
	at com.kms.katalon.core.main.TestCaseExecutor.processExecutionPhase(TestCaseExecutor.java:309)
	at com.kms.katalon.core.main.TestCaseExecutor.accessMainPhase(TestCaseExecutor.java:301)
	at com.kms.katalon.core.main.TestCaseExecutor.execute(TestCaseExecutor.java:235)
	at com.kms.katalon.core.main.TestSuiteExecutor.accessTestCaseMainPhase(TestSuiteExecutor.java:191)
	at com.kms.katalon.core.main.TestSuiteExecutor.accessTestSuiteMainPhase(TestSuiteExecutor.java:141)
	at com.kms.katalon.core.main.TestSuiteExecutor.execute(TestSuiteExecutor.java:90)
	at com.kms.katalon.core.main.TestCaseMain.startTestSuite(TestCaseMain.java:157)
	at com.kms.katalon.core.main.TestCaseMain$startTestSuite$0.call(Unknown Source)
	at TempTestSuite1611286948562.run(TempTestSuite1611286948562.groovy:39)]]></system-err>
      </testcase>
      <system-out><![CDATA[2021-01-22 11:05:35 - [TEST_SUITE][FAILED] - TS_Partner_Disbursement: Test Cases/RTD/Partner Disbursement/TC_Hold_Payment FAILED.
Reason:
com.kms.katalon.core.exception.StepFailedException: Feature file 'Include/features/IST_Real/RTD/Partner_Disbursement/Hold_Payment.feature' was failed
	at com.kms.katalon.core.keyword.internal.KeywordMain.stepFailed(KeywordMain.groovy:50)
	at com.kms.katalon.core.keyword.internal.KeywordMain.stepFailed(KeywordMain.groovy)
	at com.kms.katalon.core.keyword.internal.KeywordMain.stepFailed(KeywordMain.groovy:23)
	at com.kms.katalon.core.keyword.internal.KeywordMain$stepFailed$0.call(Unknown Source)
	at com.kms.katalon.core.cucumber.keyword.CucumberBuiltinKeywords$_runFeatureFile_closure1.doCall(CucumberBuiltinKeywords.groovy:82)
	at com.kms.katalon.core.cucumber.keyword.CucumberBuiltinKeywords$_runFeatureFile_closure1.doCall(CucumberBuiltinKeywords.groovy)
	at com.kms.katalon.core.keyword.internal.KeywordMain.runKeyword(KeywordMain.groovy:68)
	at com.kms.katalon.core.keyword.internal.KeywordMain$runKeyword.call(Unknown Source)
	at com.kms.katalon.core.cucumber.keyword.CucumberBuiltinKeywords.runFeatureFile(CucumberBuiltinKeywords.groovy:46)
	at com.kms.katalon.core.cucumber.keyword.CucumberBuiltinKeywords$runFeatureFile$0.callStatic(Unknown Source)
	at com.kms.katalon.core.cucumber.keyword.CucumberBuiltinKeywords.runFeatureFile(CucumberBuiltinKeywords.groovy:169)
	at com.kms.katalon.core.cucumber.keyword.CucumberBuiltinKeywords$runFeatureFile.call(Unknown Source)
	at TC_Hold_Payment.run(TC_Hold_Payment:18)
	at com.kms.katalon.core.main.ScriptEngine.run(ScriptEngine.java:194)
	at com.kms.katalon.core.main.ScriptEngine.runScriptAsRawText(ScriptEngine.java:119)
	at com.kms.katalon.core.main.TestCaseExecutor.runScript(TestCaseExecutor.java:339)
	at com.kms.katalon.core.main.TestCaseExecutor.doExecute(TestCaseExecutor.java:330)
	at com.kms.katalon.core.main.TestCaseExecutor.processExecutionPhase(TestCaseExecutor.java:309)
	at com.kms.katalon.core.main.TestCaseExecutor.accessMainPhase(TestCaseExecutor.java:301)
	at com.kms.katalon.core.main.TestCaseExecutor.execute(TestCaseExecutor.java:235)
	at com.kms.katalon.core.main.TestSuiteExecutor.accessTestCaseMainPhase(TestSuiteExecutor.java:191)
	at com.kms.katalon.core.main.TestSuiteExecutor.accessTestSuiteMainPhase(TestSuiteExecutor.java:141)
	at com.kms.katalon.core.main.TestSuiteExecutor.execute(TestSuiteExecutor.java:90)
	at com.kms.katalon.core.main.TestCaseMain.startTestSuite(TestCaseMain.java:157)
	at com.kms.katalon.core.main.TestCaseMain$startTestSuite$0.call(Unknown Source)
	at TempTestSuite1611286948562.run(TempTestSuite1611286948562.groovy:39)]]></system-out>
      <system-err><![CDATA[2021-01-22 11:05:35 - [TEST_SUITE][FAILED] - TS_Partner_Disbursement: Test Cases/RTD/Partner Disbursement/TC_Hold_Payment FAILED.
Reason:
com.kms.katalon.core.exception.StepFailedException: Feature file 'Include/features/IST_Real/RTD/Partner_Disbursement/Hold_Payment.feature' was failed
	at com.kms.katalon.core.keyword.internal.KeywordMain.stepFailed(KeywordMain.groovy:50)
	at com.kms.katalon.core.keyword.internal.KeywordMain.stepFailed(KeywordMain.groovy)
	at com.kms.katalon.core.keyword.internal.KeywordMain.stepFailed(KeywordMain.groovy:23)
	at com.kms.katalon.core.keyword.internal.KeywordMain$stepFailed$0.call(Unknown Source)
	at com.kms.katalon.core.cucumber.keyword.CucumberBuiltinKeywords$_runFeatureFile_closure1.doCall(CucumberBuiltinKeywords.groovy:82)
	at com.kms.katalon.core.cucumber.keyword.CucumberBuiltinKeywords$_runFeatureFile_closure1.doCall(CucumberBuiltinKeywords.groovy)
	at com.kms.katalon.core.keyword.internal.KeywordMain.runKeyword(KeywordMain.groovy:68)
	at com.kms.katalon.core.keyword.internal.KeywordMain$runKeyword.call(Unknown Source)
	at com.kms.katalon.core.cucumber.keyword.CucumberBuiltinKeywords.runFeatureFile(CucumberBuiltinKeywords.groovy:46)
	at com.kms.katalon.core.cucumber.keyword.CucumberBuiltinKeywords$runFeatureFile$0.callStatic(Unknown Source)
	at com.kms.katalon.core.cucumber.keyword.CucumberBuiltinKeywords.runFeatureFile(CucumberBuiltinKeywords.groovy:169)
	at com.kms.katalon.core.cucumber.keyword.CucumberBuiltinKeywords$runFeatureFile.call(Unknown Source)
	at TC_Hold_Payment.run(TC_Hold_Payment:18)
	at com.kms.katalon.core.main.ScriptEngine.run(ScriptEngine.java:194)
	at com.kms.katalon.core.main.ScriptEngine.runScriptAsRawText(ScriptEngine.java:119)
	at com.kms.katalon.core.main.TestCaseExecutor.runScript(TestCaseExecutor.java:339)
	at com.kms.katalon.core.main.TestCaseExecutor.doExecute(TestCaseExecutor.java:330)
	at com.kms.katalon.core.main.TestCaseExecutor.processExecutionPhase(TestCaseExecutor.java:309)
	at com.kms.katalon.core.main.TestCaseExecutor.accessMainPhase(TestCaseExecutor.java:301)
	at com.kms.katalon.core.main.TestCaseExecutor.execute(TestCaseExecutor.java:235)
	at com.kms.katalon.core.main.TestSuiteExecutor.accessTestCaseMainPhase(TestSuiteExecutor.java:191)
	at com.kms.katalon.core.main.TestSuiteExecutor.accessTestSuiteMainPhase(TestSuiteExecutor.java:141)
	at com.kms.katalon.core.main.TestSuiteExecutor.execute(TestSuiteExecutor.java:90)
	at com.kms.katalon.core.main.TestCaseMain.startTestSuite(TestCaseMain.java:157)
	at com.kms.katalon.core.main.TestCaseMain$startTestSuite$0.call(Unknown Source)
	at TempTestSuite1611286948562.run(TempTestSuite1611286948562.groovy:39)]]></system-err>
   </testsuite>
</testsuites>
