<?xml version="1.0" encoding="UTF-8"?>
<testsuites name="TS_Partner_Disbursement_SBO" time="288.233" tests="3" failures="0" errors="0">
   <testsuite name="TS_Partner_Disbursement_SBO" tests="3" failures="0" errors="0" time="288.233" timestamp="2021-02-05 13:15:57" hostname="chaidir.pratama01 - localhost" id="Test Suites/RTD/TS_Partner_Disbursement_SBO">
      <properties>
         <property name="deviceName" value=""/>
         <property name="devicePlatform" value=""/>
         <property name="logFolder" value="/Users/chaidir.pratama01/Katalon Studio/IST_Automation_Git/Reports/20210205_131034/RTD/TS_Partner_Disbursement_SBO/20210205_131035"/>
         <property name="logFiles" value="/Users/chaidir.pratama01/Katalon Studio/IST_Automation_Git/Reports/20210205_131034/RTD/TS_Partner_Disbursement_SBO/20210205_131035/execution0.log"/>
         <property name="attachments" value="/Users/chaidir.pratama01/Documents/Docs/Katalon Studio/Screenshot/test-Partner Disbursement SBO.png, /Users/chaidir.pratama01/Katalon Studio/IST_Automation_Git/Reports/20210205_131034/RTD/TS_Partner_Disbursement_SBO/20210205_131035/1612505772531.png, /Users/chaidir.pratama01/Documents/Docs/Katalon Studio/Screenshot/test-Partner Disbursement SBO.png, /Users/chaidir.pratama01/Katalon Studio/IST_Automation_Git/Reports/20210205_131034/RTD/TS_Partner_Disbursement_SBO/20210205_131035/1612505790053.png, /Users/chaidir.pratama01/Documents/Docs/Katalon Studio/Screenshot/test-Partner Disbursement SBO.png, /Users/chaidir.pratama01/Katalon Studio/IST_Automation_Git/Reports/20210205_131034/RTD/TS_Partner_Disbursement_SBO/20210205_131035/1612505805803.png, /Users/chaidir.pratama01/Documents/Docs/Katalon Studio/Screenshot/test-Partner Disbursement SBO.png, /Users/chaidir.pratama01/Katalon Studio/IST_Automation_Git/Reports/20210205_131034/RTD/TS_Partner_Disbursement_SBO/20210205_131035/1612505821431.png, /Users/chaidir.pratama01/Documents/Docs/Katalon Studio/Screenshot/test-Partner Disbursement SBO.png, /Users/chaidir.pratama01/Documents/Docs/Katalon Studio/Screenshot/test-Partner Disbursement SBO.png, /Users/chaidir.pratama01/Documents/Docs/Katalon Studio/Screenshot/test-Partner Disbursement SBO.png, /Users/chaidir.pratama01/Documents/Docs/Katalon Studio/Screenshot/test-Partner Disbursement SBO.png, /Users/chaidir.pratama01/Katalon Studio/IST_Automation_Git/Reports/20210205_131034/RTD/TS_Partner_Disbursement_SBO/20210205_131035/1612505884313.png, /Users/chaidir.pratama01/Documents/Docs/Katalon Studio/Screenshot/test-Partner Disbursement SBO.png, /Users/chaidir.pratama01/Katalon Studio/IST_Automation_Git/Reports/20210205_131034/RTD/TS_Partner_Disbursement_SBO/20210205_131035/1612505900036.png, /Users/chaidir.pratama01/Documents/Docs/Katalon Studio/Screenshot/test-Partner Disbursement SBO.png, /Users/chaidir.pratama01/Documents/Docs/Katalon Studio/Screenshot/test-Partner Disbursement SBO.png, /Users/chaidir.pratama01/Documents/Docs/Katalon Studio/Screenshot/test-Partner Disbursement SBO.png, /Users/chaidir.pratama01/Katalon Studio/IST_Automation_Git/Reports/20210205_131034/RTD/TS_Partner_Disbursement_SBO/20210205_131035/1612505957822.png, /Users/chaidir.pratama01/Documents/Docs/Katalon Studio/Screenshot/test-Partner Disbursement SBO.png, /Users/chaidir.pratama01/Katalon Studio/IST_Automation_Git/Reports/20210205_131034/RTD/TS_Partner_Disbursement_SBO/20210205_131035/1612505973435.png, /Users/chaidir.pratama01/Documents/Docs/Katalon Studio/Screenshot/test-Partner Disbursement SBO.png, /Users/chaidir.pratama01/Documents/Docs/Katalon Studio/Screenshot/test-Partner Disbursement SBO.png, /Users/chaidir.pratama01/Documents/Docs/Katalon Studio/Screenshot/test-Partner Disbursement SBO.png, /Users/chaidir.pratama01/Katalon Studio/IST_Automation_Git/Reports/20210205_131034/RTD/TS_Partner_Disbursement_SBO/20210205_131035/1612506021067.png, /Users/chaidir.pratama01/Documents/Docs/Katalon Studio/Screenshot/test-Partner Disbursement SBO.png, /Users/chaidir.pratama01/Documents/Docs/Katalon Studio/Screenshot/test-Partner Disbursement SBO.png"/>
         <property name="hostName" value="chaidir.pratama01 - localhost"/>
         <property name="os" value="Mac OS X 64bit"/>
         <property name="katalonVersion" value="7.6.0.${buildNumber}"/>
         <property name="browser" value="Chrome 88.0.4324.146"/>
         <property name="hostAddress" value="127.0.0.1"/>
         <property name="sessionId" value="5ba758afa98b397b890fd7005d70c306"/>
         <property name="seleniumVersion" value="3.141.59"/>
         <property name="proxyInformation" value="ProxyInformation { proxyOption=NO_PROXY, proxyServerType=HTTP, username=, password=********, proxyServerAddress=, proxyServerPort=0, executionList=\&quot;\&quot;, isApplyToDesiredCapabilities=true }"/>
         <property name="platform" value="Mac OS X"/>
      </properties>
      <testcase name="Test Cases/RTD/Partner Disbursement SBO/TC_Search_by_STATUS" time="267.94" classname="Test Cases/RTD/Partner Disbursement SBO/TC_Search_by_STATUS" status="PASSED">
         <system-out><![CDATA[2021-02-05 13:15:57 - [TEST_CASE][PASSED] - Test Cases/RTD/Partner Disbursement SBO/TC_Search_by_STATUS: Test Cases/RTD/Partner Disbursement SBO/TC_Search_by_STATUS

2021-02-05 13:15:57 - [TEST_STEP][PASSED] - runFeatureFile("Include/features/IST_Real/RTD/Partner Disbursement SBO/Search_by_STATUS.feature"): Feature file: 'Include/features/IST_Real/RTD/Partner Disbursement SBO/Search_by_STATUS.feature' was passed

2021-02-05 13:15:57 - [MESSAGE][INFO] - Starting run keyword runFeatureFile: 'Include/features/IST_Real/RTD/Partner Disbursement SBO/Search_by_STATUS.feature' and extract report to folder: '/Users/chaidir.pratama01/Katalon Studio/IST_Automation_Git/Reports/20210205_131034/RTD/TS_Partner_Disbursement_SBO/20210205_131035/cucumber_report/1612505757562'...

2021-02-05 13:15:58 - [TEST_CASE][PASSED] - Start Test Case : SCENARIO Search by STATUS Eligible to Disburse: SCENARIO Search by STATUS Eligible to Disburse

2021-02-05 13:15:58 - [TEST_STEP][PASSED] - Go to ISTools: Go to ISTools

2021-02-05 13:15:58 - [MESSAGE][INFO] - Starting 'Chrome (headless)' driver

2021-02-05 13:15:58 - [MESSAGE][INFO] - User set preference: ['args', '[--start-maximized, --disable-gpu, --no-proxy-server, –-no-sandbox, --allow-running-insecure-content, --ignore-certificate-errors, window-size=1680,814, force-device-scale-factor=2, --lang=en-GB]']

2021-02-05 13:15:58 - [MESSAGE][INFO] - User set preference: ['prefs', '{download.default_directory=/Users/chaidir.pratama01/Katalon Studio/IST_Automation_Git/Download}']

2021-02-05 13:15:58 - [MESSAGE][INFO] - Action delay is set to 0 milliseconds

2021-02-05 13:15:59 - [MESSAGE][PASSED] - Browser is opened with url: ''

2021-02-05 13:16:02 - [MESSAGE][PASSED] - Navigate to 'https://dev-istools.homecredit.id/foundation/' successfully

2021-02-05 13:16:02 - [MESSAGE][PASSED] - Go to ISTools

2021-02-05 13:16:02 - [TEST_STEP][PASSED] - Login IST with valid credentials: Login IST with valid credentials

2021-02-05 13:16:03 - [MESSAGE][PASSED] - Text 'mobile.test' is set on object 'Object Repository/Page_/input_Username_j_username'

2021-02-05 13:16:03 - [MESSAGE][PASSED] - Text ****** has been set on object 'Object Repository/Page_/input_Password_j_password'

2021-02-05 13:16:03 - [MESSAGE][PASSED] - Object: 'Object Repository/Page_/button_Login' is clicked on

2021-02-05 13:16:03 - [MESSAGE][PASSED] - Login IST with valid credentials

2021-02-05 13:16:03 - [TEST_STEP][PASSED] - Login Success: Login Success

2021-02-05 13:16:03 - [MESSAGE][INFO] - Login Success

2021-02-05 13:16:03 - [MESSAGE][PASSED] - Current window maximized

2021-02-05 13:16:03 - [MESSAGE][PASSED] - Object 'Object Repository/Page_/h1_Welcome to IT Supporting Tools' is present

2021-02-05 13:16:03 - [MESSAGE][PASSED] - Login Success

2021-02-05 13:16:03 - [TEST_STEP][PASSED] - Select Arrow Menu "Real Time Disbursement": Select Arrow Menu "Real Time Disbursement"

2021-02-05 13:16:03 - [MESSAGE][PASSED] - Object: '' is clicked on

2021-02-05 13:16:03 - [MESSAGE][PASSED] - Select Arrow Menu "Real Time Disbursement"

2021-02-05 13:16:03 - [TEST_STEP][PASSED] - Select Menu "Partner Disbursement SBO": Select Menu "Partner Disbursement SBO"

2021-02-05 13:16:04 - [MESSAGE][PASSED] - Taking screenshot successfully
[[ATTACHMENT|/Users/chaidir.pratama01/Documents/Docs/Katalon Studio/Screenshot/test-Partner Disbursement SBO.png]]

2021-02-05 13:16:04 - [MESSAGE][PASSED] - Object '' is present

2021-02-05 13:16:04 - [MESSAGE][PASSED] - Object: '' is clicked on

2021-02-05 13:16:04 - [MESSAGE][PASSED] - Wait for page load successfully

2021-02-05 13:16:04 - [MESSAGE][PASSED] - Select Menu "Partner Disbursement SBO"

2021-02-05 13:16:04 - [TEST_STEP][PASSED] - Select STATUS "Eligible to disburse": Select STATUS "Eligible to disburse"

2021-02-05 13:16:05 - [MESSAGE][PASSED] - All options with value 'Eligible to disburse' are selected in object ''  using regular expression

2021-02-05 13:16:05 - [MESSAGE][PASSED] - Select STATUS "Eligible to disburse"

2021-02-05 13:16:05 - [TEST_STEP][PASSED] - Click button "Search": Click button "Search"

2021-02-05 13:16:05 - [MESSAGE][INFO] - >>>>>//Button[contains(text(),'Search')]

2021-02-05 13:16:08 - [MESSAGE][PASSED] - Object '' is present

2021-02-05 13:16:08 - [MESSAGE][PASSED] - Object: '' is clicked on

2021-02-05 13:16:08 - [MESSAGE][PASSED] - Switched to window with index: '0'

2021-02-05 13:16:08 - [MESSAGE][PASSED] - Click button "Search"

2021-02-05 13:16:08 - [TEST_STEP][PASSED] - Verify Search Result Presents: Verify Search Result Presents

2021-02-05 13:16:12 - [MESSAGE][INFO] - Unable to find the element located by 'By.xpath: //td[@style='display:none' and contains(text(),'-Empty-')]'. Please recheck the objects properties to make sure the desired element is located. 

2021-02-05 13:16:13 - [MESSAGE][WARNING] - com.kms.katalon.core.webui.exception.WebElementNotFoundException: Web element with id: '' located by '//td[@style='display:none' and contains(text(),'-Empty-')]' not found (Root cause: com.kms.katalon.core.exception.StepFailedException: com.kms.katalon.core.webui.exception.WebElementNotFoundException: Web element with id: '' located by '//td[@style='display:none' and contains(text(),'-Empty-')]' not found
	at com.kms.katalon.core.webui.keyword.internal.WebUIKeywordMain.stepFailed(WebUIKeywordMain.groovy:64)
	at com.kms.katalon.core.webui.keyword.builtin.VerifyElementPresentKeyword$_verifyElementPresent_closure1.doCall(VerifyElementPresentKeyword.groovy:85)
	at com.kms.katalon.core.webui.keyword.builtin.VerifyElementPresentKeyword$_verifyElementPresent_closure1.call(VerifyElementPresentKeyword.groovy)
	at com.kms.katalon.core.webui.keyword.internal.WebUIKeywordMain.runKeyword(WebUIKeywordMain.groovy:20)
	at com.kms.katalon.core.webui.keyword.builtin.VerifyElementPresentKeyword.verifyElementPresent(VerifyElementPresentKeyword.groovy:92)
	at com.kms.katalon.core.webui.keyword.builtin.VerifyElementPresentKeyword.execute(VerifyElementPresentKeyword.groovy:68)
	at com.kms.katalon.core.keyword.internal.KeywordExecutor.executeKeywordForPlatform(KeywordExecutor.groovy:73)
	at com.kms.katalon.core.webui.keyword.WebUiBuiltInKeywords.verifyElementPresent(WebUiBuiltInKeywords.groovy:1444)
	at com.kms.katalon.core.webui.keyword.WebUiBuiltInKeywords$verifyElementPresent$11.call(Unknown Source)
	at ist_real.Contract_Dispatcher.VerifyTblFilled(Contract_Dispatcher.groovy:1313)
	at ist_real.Contract_Dispatcher$VerifyTblFilled$0.call(Unknown Source)
	at RTD.Search_Result_Presents(RTD.groovy:189)
	at cucumber.runtime.Utils$1.call(Utils.java:26)
	at cucumber.runtime.Timeout.timeout(Timeout.java:16)
	at cucumber.runtime.Utils.invoke(Utils.java:20)
	at cucumber.runtime.java.JavaStepDefinition.execute(JavaStepDefinition.java:48)
	at cucumber.runtime.PickleStepDefinitionMatch.runStep(PickleStepDefinitionMatch.java:50)
	at cucumber.runner.TestStep.executeStep(TestStep.java:55)
	at cucumber.runner.TestStep.run(TestStep.java:42)
	at cucumber.runner.PickleStepTestStep.run(PickleStepTestStep.java:53)
	at cucumber.runner.TestCase.run(TestCase.java:47)
	at cucumber.runner.Runner.runPickle(Runner.java:44)
	at cucumber.runtime.Runtime.runFeature(Runtime.java:120)
	at cucumber.runtime.Runtime.run(Runtime.java:106)
	at cucumber.api.cli.Main.run(Main.java:35)
	at cucumber.api.cli.Main$run.call(Unknown Source)
	at com.kms.katalon.core.cucumber.keyword.CucumberBuiltinKeywords$_runFeatureFile_closure1.doCall(CucumberBuiltinKeywords.groovy:76)
	at com.kms.katalon.core.cucumber.keyword.CucumberBuiltinKeywords$_runFeatureFile_closure1.doCall(CucumberBuiltinKeywords.groovy)
	at com.kms.katalon.core.keyword.internal.KeywordMain.runKeyword(KeywordMain.groovy:68)
	at com.kms.katalon.core.keyword.internal.KeywordMain$runKeyword.call(Unknown Source)
	at com.kms.katalon.core.cucumber.keyword.CucumberBuiltinKeywords.runFeatureFile(CucumberBuiltinKeywords.groovy:46)
	at com.kms.katalon.core.cucumber.keyword.CucumberBuiltinKeywords$runFeatureFile$0.callStatic(Unknown Source)
	at com.kms.katalon.core.cucumber.keyword.CucumberBuiltinKeywords.runFeatureFile(CucumberBuiltinKeywords.groovy:169)
	at com.kms.katalon.core.cucumber.keyword.CucumberBuiltinKeywords$runFeatureFile.call(Unknown Source)
	at TC_Search_by_STATUS.run(TC_Search_by_STATUS:18)
	at com.kms.katalon.core.main.ScriptEngine.run(ScriptEngine.java:194)
	at com.kms.katalon.core.main.ScriptEngine.runScriptAsRawText(ScriptEngine.java:119)
	at com.kms.katalon.core.main.TestCaseExecutor.runScript(TestCaseExecutor.java:339)
	at com.kms.katalon.core.main.TestCaseExecutor.doExecute(TestCaseExecutor.java:330)
	at com.kms.katalon.core.main.TestCaseExecutor.processExecutionPhase(TestCaseExecutor.java:309)
	at com.kms.katalon.core.main.TestCaseExecutor.accessMainPhase(TestCaseExecutor.java:301)
	at com.kms.katalon.core.main.TestCaseExecutor.execute(TestCaseExecutor.java:235)
	at com.kms.katalon.core.main.TestSuiteExecutor.accessTestCaseMainPhase(TestSuiteExecutor.java:191)
	at com.kms.katalon.core.main.TestSuiteExecutor.accessTestSuiteMainPhase(TestSuiteExecutor.java:141)
	at com.kms.katalon.core.main.TestSuiteExecutor.execute(TestSuiteExecutor.java:90)
	at com.kms.katalon.core.main.TestCaseMain.startTestSuite(TestCaseMain.java:157)
	at com.kms.katalon.core.main.TestCaseMain$startTestSuite$0.call(Unknown Source)
	at TempTestSuite1612505435654.run(TempTestSuite1612505435654.groovy:39)
)
[[ATTACHMENT|/Users/chaidir.pratama01/Katalon Studio/IST_Automation_Git/Reports/20210205_131034/RTD/TS_Partner_Disbursement_SBO/20210205_131035/1612505772531.png]]

2021-02-05 13:16:13 - [MESSAGE][PASSED] - Verify Search Result Presents

2021-02-05 13:16:13 - [TEST_STEP][PASSED] - Click button "Logout": Click button "Logout"

2021-02-05 13:16:13 - [MESSAGE][INFO] - >>>>>//Button[contains(text(),'Logout')]

2021-02-05 13:16:16 - [MESSAGE][PASSED] - Object '' is present

2021-02-05 13:16:16 - [MESSAGE][PASSED] - Object: '' is clicked on

2021-02-05 13:16:16 - [MESSAGE][PASSED] - Switched to window with index: '0'

2021-02-05 13:16:16 - [MESSAGE][PASSED] - Click button "Logout"

2021-02-05 13:16:16 - [TEST_STEP][PASSED] - Close browser: Close browser

2021-02-05 13:16:16 - [MESSAGE][PASSED] - Browser is closed

2021-02-05 13:16:16 - [MESSAGE][PASSED] - Close browser

2021-02-05 13:16:16 - [TEST_CASE][PASSED] - Start Test Case : SCENARIO Search by STATUS Waiting validation from Risk: SCENARIO Search by STATUS Waiting validation from Risk

2021-02-05 13:16:16 - [TEST_STEP][PASSED] - Go to ISTools: Go to ISTools

2021-02-05 13:16:16 - [MESSAGE][INFO] - Starting 'Chrome (headless)' driver

2021-02-05 13:16:16 - [MESSAGE][INFO] - User set preference: ['args', '[--start-maximized, --disable-gpu, --no-proxy-server, –-no-sandbox, --allow-running-insecure-content, --ignore-certificate-errors, window-size=1680,814, force-device-scale-factor=2, --lang=en-GB]']

2021-02-05 13:16:16 - [MESSAGE][INFO] - User set preference: ['prefs', '{download.default_directory=/Users/chaidir.pratama01/Katalon Studio/IST_Automation_Git/Download}']

2021-02-05 13:16:16 - [MESSAGE][INFO] - Action delay is set to 0 milliseconds

2021-02-05 13:16:17 - [MESSAGE][PASSED] - Browser is opened with url: ''

2021-02-05 13:16:20 - [MESSAGE][PASSED] - Navigate to 'https://dev-istools.homecredit.id/foundation/' successfully

2021-02-05 13:16:20 - [MESSAGE][PASSED] - Go to ISTools

2021-02-05 13:16:20 - [TEST_STEP][PASSED] - Login IST with valid credentials: Login IST with valid credentials

2021-02-05 13:16:20 - [MESSAGE][PASSED] - Text 'mobile.test' is set on object 'Object Repository/Page_/input_Username_j_username'

2021-02-05 13:16:20 - [MESSAGE][PASSED] - Text ****** has been set on object 'Object Repository/Page_/input_Password_j_password'

2021-02-05 13:16:21 - [MESSAGE][PASSED] - Object: 'Object Repository/Page_/button_Login' is clicked on

2021-02-05 13:16:21 - [MESSAGE][PASSED] - Login IST with valid credentials

2021-02-05 13:16:21 - [TEST_STEP][PASSED] - Login Success: Login Success

2021-02-05 13:16:21 - [MESSAGE][INFO] - Login Success

2021-02-05 13:16:21 - [MESSAGE][PASSED] - Current window maximized

2021-02-05 13:16:21 - [MESSAGE][PASSED] - Object 'Object Repository/Page_/h1_Welcome to IT Supporting Tools' is present

2021-02-05 13:16:21 - [MESSAGE][PASSED] - Login Success

2021-02-05 13:16:21 - [TEST_STEP][PASSED] - Select Arrow Menu "Real Time Disbursement": Select Arrow Menu "Real Time Disbursement"

2021-02-05 13:16:21 - [MESSAGE][PASSED] - Object: '' is clicked on

2021-02-05 13:16:21 - [MESSAGE][PASSED] - Select Arrow Menu "Real Time Disbursement"

2021-02-05 13:16:21 - [TEST_STEP][PASSED] - Select Menu "Partner Disbursement SBO": Select Menu "Partner Disbursement SBO"

2021-02-05 13:16:22 - [MESSAGE][PASSED] - Taking screenshot successfully
[[ATTACHMENT|/Users/chaidir.pratama01/Documents/Docs/Katalon Studio/Screenshot/test-Partner Disbursement SBO.png]]

2021-02-05 13:16:22 - [MESSAGE][PASSED] - Object '' is present

2021-02-05 13:16:22 - [MESSAGE][PASSED] - Object: '' is clicked on

2021-02-05 13:16:22 - [MESSAGE][PASSED] - Wait for page load successfully

2021-02-05 13:16:22 - [MESSAGE][PASSED] - Select Menu "Partner Disbursement SBO"

2021-02-05 13:16:22 - [TEST_STEP][PASSED] - Select STATUS "Waiting validation from Risk": Select STATUS "Waiting validation from Risk"

2021-02-05 13:16:22 - [MESSAGE][PASSED] - All options with value 'Waiting validation from Risk' are selected in object ''  using regular expression

2021-02-05 13:16:22 - [MESSAGE][PASSED] - Select STATUS "Waiting validation from Risk"

2021-02-05 13:16:22 - [TEST_STEP][PASSED] - Click button "Search": Click button "Search"

2021-02-05 13:16:22 - [MESSAGE][INFO] - >>>>>//Button[contains(text(),'Search')]

2021-02-05 13:16:25 - [MESSAGE][PASSED] - Object '' is present

2021-02-05 13:16:26 - [MESSAGE][PASSED] - Object: '' is clicked on

2021-02-05 13:16:26 - [MESSAGE][PASSED] - Switched to window with index: '0'

2021-02-05 13:16:26 - [MESSAGE][PASSED] - Click button "Search"

2021-02-05 13:16:26 - [TEST_STEP][PASSED] - Verify Search Result Presents: Verify Search Result Presents

2021-02-05 13:16:30 - [MESSAGE][INFO] - Unable to find the element located by 'By.xpath: //td[@style='display:none' and contains(text(),'-Empty-')]'. Please recheck the objects properties to make sure the desired element is located. 

2021-02-05 13:16:30 - [MESSAGE][WARNING] - com.kms.katalon.core.webui.exception.WebElementNotFoundException: Web element with id: '' located by '//td[@style='display:none' and contains(text(),'-Empty-')]' not found (Root cause: com.kms.katalon.core.exception.StepFailedException: com.kms.katalon.core.webui.exception.WebElementNotFoundException: Web element with id: '' located by '//td[@style='display:none' and contains(text(),'-Empty-')]' not found
	at com.kms.katalon.core.webui.keyword.internal.WebUIKeywordMain.stepFailed(WebUIKeywordMain.groovy:64)
	at com.kms.katalon.core.webui.keyword.builtin.VerifyElementPresentKeyword$_verifyElementPresent_closure1.doCall(VerifyElementPresentKeyword.groovy:85)
	at com.kms.katalon.core.webui.keyword.builtin.VerifyElementPresentKeyword$_verifyElementPresent_closure1.call(VerifyElementPresentKeyword.groovy)
	at com.kms.katalon.core.webui.keyword.internal.WebUIKeywordMain.runKeyword(WebUIKeywordMain.groovy:20)
	at com.kms.katalon.core.webui.keyword.builtin.VerifyElementPresentKeyword.verifyElementPresent(VerifyElementPresentKeyword.groovy:92)
	at com.kms.katalon.core.webui.keyword.builtin.VerifyElementPresentKeyword.execute(VerifyElementPresentKeyword.groovy:68)
	at com.kms.katalon.core.keyword.internal.KeywordExecutor.executeKeywordForPlatform(KeywordExecutor.groovy:73)
	at com.kms.katalon.core.webui.keyword.WebUiBuiltInKeywords.verifyElementPresent(WebUiBuiltInKeywords.groovy:1444)
	at com.kms.katalon.core.webui.keyword.WebUiBuiltInKeywords$verifyElementPresent$11.call(Unknown Source)
	at ist_real.Contract_Dispatcher.VerifyTblFilled(Contract_Dispatcher.groovy:1313)
	at ist_real.Contract_Dispatcher$VerifyTblFilled$0.call(Unknown Source)
	at RTD.Search_Result_Presents(RTD.groovy:189)
	at cucumber.runtime.Utils$1.call(Utils.java:26)
	at cucumber.runtime.Timeout.timeout(Timeout.java:16)
	at cucumber.runtime.Utils.invoke(Utils.java:20)
	at cucumber.runtime.java.JavaStepDefinition.execute(JavaStepDefinition.java:48)
	at cucumber.runtime.PickleStepDefinitionMatch.runStep(PickleStepDefinitionMatch.java:50)
	at cucumber.runner.TestStep.executeStep(TestStep.java:55)
	at cucumber.runner.TestStep.run(TestStep.java:42)
	at cucumber.runner.PickleStepTestStep.run(PickleStepTestStep.java:53)
	at cucumber.runner.TestCase.run(TestCase.java:47)
	at cucumber.runner.Runner.runPickle(Runner.java:44)
	at cucumber.runtime.Runtime.runFeature(Runtime.java:120)
	at cucumber.runtime.Runtime.run(Runtime.java:106)
	at cucumber.api.cli.Main.run(Main.java:35)
	at cucumber.api.cli.Main$run.call(Unknown Source)
	at com.kms.katalon.core.cucumber.keyword.CucumberBuiltinKeywords$_runFeatureFile_closure1.doCall(CucumberBuiltinKeywords.groovy:76)
	at com.kms.katalon.core.cucumber.keyword.CucumberBuiltinKeywords$_runFeatureFile_closure1.doCall(CucumberBuiltinKeywords.groovy)
	at com.kms.katalon.core.keyword.internal.KeywordMain.runKeyword(KeywordMain.groovy:68)
	at com.kms.katalon.core.keyword.internal.KeywordMain$runKeyword.call(Unknown Source)
	at com.kms.katalon.core.cucumber.keyword.CucumberBuiltinKeywords.runFeatureFile(CucumberBuiltinKeywords.groovy:46)
	at com.kms.katalon.core.cucumber.keyword.CucumberBuiltinKeywords$runFeatureFile$0.callStatic(Unknown Source)
	at com.kms.katalon.core.cucumber.keyword.CucumberBuiltinKeywords.runFeatureFile(CucumberBuiltinKeywords.groovy:169)
	at com.kms.katalon.core.cucumber.keyword.CucumberBuiltinKeywords$runFeatureFile.call(Unknown Source)
	at TC_Search_by_STATUS.run(TC_Search_by_STATUS:18)
	at com.kms.katalon.core.main.ScriptEngine.run(ScriptEngine.java:194)
	at com.kms.katalon.core.main.ScriptEngine.runScriptAsRawText(ScriptEngine.java:119)
	at com.kms.katalon.core.main.TestCaseExecutor.runScript(TestCaseExecutor.java:339)
	at com.kms.katalon.core.main.TestCaseExecutor.doExecute(TestCaseExecutor.java:330)
	at com.kms.katalon.core.main.TestCaseExecutor.processExecutionPhase(TestCaseExecutor.java:309)
	at com.kms.katalon.core.main.TestCaseExecutor.accessMainPhase(TestCaseExecutor.java:301)
	at com.kms.katalon.core.main.TestCaseExecutor.execute(TestCaseExecutor.java:235)
	at com.kms.katalon.core.main.TestSuiteExecutor.accessTestCaseMainPhase(TestSuiteExecutor.java:191)
	at com.kms.katalon.core.main.TestSuiteExecutor.accessTestSuiteMainPhase(TestSuiteExecutor.java:141)
	at com.kms.katalon.core.main.TestSuiteExecutor.execute(TestSuiteExecutor.java:90)
	at com.kms.katalon.core.main.TestCaseMain.startTestSuite(TestCaseMain.java:157)
	at com.kms.katalon.core.main.TestCaseMain$startTestSuite$0.call(Unknown Source)
	at TempTestSuite1612505435654.run(TempTestSuite1612505435654.groovy:39)
)
[[ATTACHMENT|/Users/chaidir.pratama01/Katalon Studio/IST_Automation_Git/Reports/20210205_131034/RTD/TS_Partner_Disbursement_SBO/20210205_131035/1612505790053.png]]

2021-02-05 13:16:30 - [MESSAGE][PASSED] - Verify Search Result Presents

2021-02-05 13:16:30 - [TEST_STEP][PASSED] - Click button "Logout": Click button "Logout"

2021-02-05 13:16:30 - [MESSAGE][INFO] - >>>>>//Button[contains(text(),'Logout')]

2021-02-05 13:16:33 - [MESSAGE][PASSED] - Object '' is present

2021-02-05 13:16:34 - [MESSAGE][PASSED] - Object: '' is clicked on

2021-02-05 13:16:34 - [MESSAGE][PASSED] - Switched to window with index: '0'

2021-02-05 13:16:34 - [MESSAGE][PASSED] - Click button "Logout"

2021-02-05 13:16:34 - [TEST_STEP][PASSED] - Close browser: Close browser

2021-02-05 13:16:34 - [MESSAGE][PASSED] - Browser is closed

2021-02-05 13:16:34 - [MESSAGE][PASSED] - Close browser

2021-02-05 13:16:34 - [TEST_CASE][PASSED] - Start Test Case : SCENARIO Search by STATUS Waiting validation from In Payment: SCENARIO Search by STATUS Waiting validation from In Payment

2021-02-05 13:16:34 - [TEST_STEP][PASSED] - Go to ISTools: Go to ISTools

2021-02-05 13:16:34 - [MESSAGE][INFO] - Starting 'Chrome (headless)' driver

2021-02-05 13:16:34 - [MESSAGE][INFO] - User set preference: ['args', '[--start-maximized, --disable-gpu, --no-proxy-server, –-no-sandbox, --allow-running-insecure-content, --ignore-certificate-errors, window-size=1680,814, force-device-scale-factor=2, --lang=en-GB]']

2021-02-05 13:16:34 - [MESSAGE][INFO] - User set preference: ['prefs', '{download.default_directory=/Users/chaidir.pratama01/Katalon Studio/IST_Automation_Git/Download}']

2021-02-05 13:16:34 - [MESSAGE][INFO] - Action delay is set to 0 milliseconds

2021-02-05 13:16:34 - [MESSAGE][PASSED] - Browser is opened with url: ''

2021-02-05 13:16:36 - [MESSAGE][PASSED] - Navigate to 'https://dev-istools.homecredit.id/foundation/' successfully

2021-02-05 13:16:36 - [MESSAGE][PASSED] - Go to ISTools

2021-02-05 13:16:36 - [TEST_STEP][PASSED] - Login IST with valid credentials: Login IST with valid credentials

2021-02-05 13:16:36 - [MESSAGE][PASSED] - Text 'mobile.test' is set on object 'Object Repository/Page_/input_Username_j_username'

2021-02-05 13:16:36 - [MESSAGE][PASSED] - Text ****** has been set on object 'Object Repository/Page_/input_Password_j_password'

2021-02-05 13:16:37 - [MESSAGE][PASSED] - Object: 'Object Repository/Page_/button_Login' is clicked on

2021-02-05 13:16:37 - [MESSAGE][PASSED] - Login IST with valid credentials

2021-02-05 13:16:37 - [TEST_STEP][PASSED] - Login Success: Login Success

2021-02-05 13:16:37 - [MESSAGE][INFO] - Login Success

2021-02-05 13:16:37 - [MESSAGE][PASSED] - Current window maximized

2021-02-05 13:16:37 - [MESSAGE][PASSED] - Object 'Object Repository/Page_/h1_Welcome to IT Supporting Tools' is present

2021-02-05 13:16:37 - [MESSAGE][PASSED] - Login Success

2021-02-05 13:16:37 - [TEST_STEP][PASSED] - Select Arrow Menu "Real Time Disbursement": Select Arrow Menu "Real Time Disbursement"

2021-02-05 13:16:37 - [MESSAGE][PASSED] - Object: '' is clicked on

2021-02-05 13:16:37 - [MESSAGE][PASSED] - Select Arrow Menu "Real Time Disbursement"

2021-02-05 13:16:37 - [TEST_STEP][PASSED] - Select Menu "Partner Disbursement SBO": Select Menu "Partner Disbursement SBO"

2021-02-05 13:16:38 - [MESSAGE][PASSED] - Taking screenshot successfully
[[ATTACHMENT|/Users/chaidir.pratama01/Documents/Docs/Katalon Studio/Screenshot/test-Partner Disbursement SBO.png]]

2021-02-05 13:16:38 - [MESSAGE][PASSED] - Object '' is present

2021-02-05 13:16:38 - [MESSAGE][PASSED] - Object: '' is clicked on

2021-02-05 13:16:38 - [MESSAGE][PASSED] - Wait for page load successfully

2021-02-05 13:16:38 - [MESSAGE][PASSED] - Select Menu "Partner Disbursement SBO"

2021-02-05 13:16:38 - [TEST_STEP][PASSED] - Select STATUS "Waiting validation from In Payment": Select STATUS "Waiting validation from In Payment"

2021-02-05 13:16:38 - [MESSAGE][PASSED] - All options with value 'Waiting validation from In Payment' are selected in object ''  using regular expression

2021-02-05 13:16:38 - [MESSAGE][PASSED] - Select STATUS "Waiting validation from In Payment"

2021-02-05 13:16:38 - [TEST_STEP][PASSED] - Click button "Search": Click button "Search"

2021-02-05 13:16:38 - [MESSAGE][INFO] - >>>>>//Button[contains(text(),'Search')]

2021-02-05 13:16:41 - [MESSAGE][PASSED] - Object '' is present

2021-02-05 13:16:41 - [MESSAGE][PASSED] - Object: '' is clicked on

2021-02-05 13:16:41 - [MESSAGE][PASSED] - Switched to window with index: '0'

2021-02-05 13:16:41 - [MESSAGE][PASSED] - Click button "Search"

2021-02-05 13:16:41 - [TEST_STEP][PASSED] - Verify Search Result Presents: Verify Search Result Presents

2021-02-05 13:16:45 - [MESSAGE][INFO] - Unable to find the element located by 'By.xpath: //td[@style='display:none' and contains(text(),'-Empty-')]'. Please recheck the objects properties to make sure the desired element is located. 

2021-02-05 13:16:46 - [MESSAGE][WARNING] - com.kms.katalon.core.webui.exception.WebElementNotFoundException: Web element with id: '' located by '//td[@style='display:none' and contains(text(),'-Empty-')]' not found (Root cause: com.kms.katalon.core.exception.StepFailedException: com.kms.katalon.core.webui.exception.WebElementNotFoundException: Web element with id: '' located by '//td[@style='display:none' and contains(text(),'-Empty-')]' not found
	at com.kms.katalon.core.webui.keyword.internal.WebUIKeywordMain.stepFailed(WebUIKeywordMain.groovy:64)
	at com.kms.katalon.core.webui.keyword.builtin.VerifyElementPresentKeyword$_verifyElementPresent_closure1.doCall(VerifyElementPresentKeyword.groovy:85)
	at com.kms.katalon.core.webui.keyword.builtin.VerifyElementPresentKeyword$_verifyElementPresent_closure1.call(VerifyElementPresentKeyword.groovy)
	at com.kms.katalon.core.webui.keyword.internal.WebUIKeywordMain.runKeyword(WebUIKeywordMain.groovy:20)
	at com.kms.katalon.core.webui.keyword.builtin.VerifyElementPresentKeyword.verifyElementPresent(VerifyElementPresentKeyword.groovy:92)
	at com.kms.katalon.core.webui.keyword.builtin.VerifyElementPresentKeyword.execute(VerifyElementPresentKeyword.groovy:68)
	at com.kms.katalon.core.keyword.internal.KeywordExecutor.executeKeywordForPlatform(KeywordExecutor.groovy:73)
	at com.kms.katalon.core.webui.keyword.WebUiBuiltInKeywords.verifyElementPresent(WebUiBuiltInKeywords.groovy:1444)
	at com.kms.katalon.core.webui.keyword.WebUiBuiltInKeywords$verifyElementPresent$11.call(Unknown Source)
	at ist_real.Contract_Dispatcher.VerifyTblFilled(Contract_Dispatcher.groovy:1313)
	at ist_real.Contract_Dispatcher$VerifyTblFilled$0.call(Unknown Source)
	at RTD.Search_Result_Presents(RTD.groovy:189)
	at cucumber.runtime.Utils$1.call(Utils.java:26)
	at cucumber.runtime.Timeout.timeout(Timeout.java:16)
	at cucumber.runtime.Utils.invoke(Utils.java:20)
	at cucumber.runtime.java.JavaStepDefinition.execute(JavaStepDefinition.java:48)
	at cucumber.runtime.PickleStepDefinitionMatch.runStep(PickleStepDefinitionMatch.java:50)
	at cucumber.runner.TestStep.executeStep(TestStep.java:55)
	at cucumber.runner.TestStep.run(TestStep.java:42)
	at cucumber.runner.PickleStepTestStep.run(PickleStepTestStep.java:53)
	at cucumber.runner.TestCase.run(TestCase.java:47)
	at cucumber.runner.Runner.runPickle(Runner.java:44)
	at cucumber.runtime.Runtime.runFeature(Runtime.java:120)
	at cucumber.runtime.Runtime.run(Runtime.java:106)
	at cucumber.api.cli.Main.run(Main.java:35)
	at cucumber.api.cli.Main$run.call(Unknown Source)
	at com.kms.katalon.core.cucumber.keyword.CucumberBuiltinKeywords$_runFeatureFile_closure1.doCall(CucumberBuiltinKeywords.groovy:76)
	at com.kms.katalon.core.cucumber.keyword.CucumberBuiltinKeywords$_runFeatureFile_closure1.doCall(CucumberBuiltinKeywords.groovy)
	at com.kms.katalon.core.keyword.internal.KeywordMain.runKeyword(KeywordMain.groovy:68)
	at com.kms.katalon.core.keyword.internal.KeywordMain$runKeyword.call(Unknown Source)
	at com.kms.katalon.core.cucumber.keyword.CucumberBuiltinKeywords.runFeatureFile(CucumberBuiltinKeywords.groovy:46)
	at com.kms.katalon.core.cucumber.keyword.CucumberBuiltinKeywords$runFeatureFile$0.callStatic(Unknown Source)
	at com.kms.katalon.core.cucumber.keyword.CucumberBuiltinKeywords.runFeatureFile(CucumberBuiltinKeywords.groovy:169)
	at com.kms.katalon.core.cucumber.keyword.CucumberBuiltinKeywords$runFeatureFile.call(Unknown Source)
	at TC_Search_by_STATUS.run(TC_Search_by_STATUS:18)
	at com.kms.katalon.core.main.ScriptEngine.run(ScriptEngine.java:194)
	at com.kms.katalon.core.main.ScriptEngine.runScriptAsRawText(ScriptEngine.java:119)
	at com.kms.katalon.core.main.TestCaseExecutor.runScript(TestCaseExecutor.java:339)
	at com.kms.katalon.core.main.TestCaseExecutor.doExecute(TestCaseExecutor.java:330)
	at com.kms.katalon.core.main.TestCaseExecutor.processExecutionPhase(TestCaseExecutor.java:309)
	at com.kms.katalon.core.main.TestCaseExecutor.accessMainPhase(TestCaseExecutor.java:301)
	at com.kms.katalon.core.main.TestCaseExecutor.execute(TestCaseExecutor.java:235)
	at com.kms.katalon.core.main.TestSuiteExecutor.accessTestCaseMainPhase(TestSuiteExecutor.java:191)
	at com.kms.katalon.core.main.TestSuiteExecutor.accessTestSuiteMainPhase(TestSuiteExecutor.java:141)
	at com.kms.katalon.core.main.TestSuiteExecutor.execute(TestSuiteExecutor.java:90)
	at com.kms.katalon.core.main.TestCaseMain.startTestSuite(TestCaseMain.java:157)
	at com.kms.katalon.core.main.TestCaseMain$startTestSuite$0.call(Unknown Source)
	at TempTestSuite1612505435654.run(TempTestSuite1612505435654.groovy:39)
)
[[ATTACHMENT|/Users/chaidir.pratama01/Katalon Studio/IST_Automation_Git/Reports/20210205_131034/RTD/TS_Partner_Disbursement_SBO/20210205_131035/1612505805803.png]]

2021-02-05 13:16:46 - [MESSAGE][PASSED] - Verify Search Result Presents

2021-02-05 13:16:46 - [TEST_STEP][PASSED] - Click button "Logout": Click button "Logout"

2021-02-05 13:16:46 - [MESSAGE][INFO] - >>>>>//Button[contains(text(),'Logout')]

2021-02-05 13:16:49 - [MESSAGE][PASSED] - Object '' is present

2021-02-05 13:16:49 - [MESSAGE][PASSED] - Object: '' is clicked on

2021-02-05 13:16:49 - [MESSAGE][PASSED] - Switched to window with index: '0'

2021-02-05 13:16:49 - [MESSAGE][PASSED] - Click button "Logout"

2021-02-05 13:16:49 - [TEST_STEP][PASSED] - Close browser: Close browser

2021-02-05 13:16:49 - [MESSAGE][PASSED] - Browser is closed

2021-02-05 13:16:49 - [MESSAGE][PASSED] - Close browser

2021-02-05 13:16:49 - [TEST_CASE][PASSED] - Start Test Case : SCENARIO Search by STATUS Not Eligible to Disburse: SCENARIO Search by STATUS Not Eligible to Disburse

2021-02-05 13:16:49 - [TEST_STEP][PASSED] - Go to ISTools: Go to ISTools

2021-02-05 13:16:49 - [MESSAGE][INFO] - Starting 'Chrome (headless)' driver

2021-02-05 13:16:49 - [MESSAGE][INFO] - User set preference: ['args', '[--start-maximized, --disable-gpu, --no-proxy-server, –-no-sandbox, --allow-running-insecure-content, --ignore-certificate-errors, window-size=1680,814, force-device-scale-factor=2, --lang=en-GB]']

2021-02-05 13:16:49 - [MESSAGE][INFO] - User set preference: ['prefs', '{download.default_directory=/Users/chaidir.pratama01/Katalon Studio/IST_Automation_Git/Download}']

2021-02-05 13:16:49 - [MESSAGE][INFO] - Action delay is set to 0 milliseconds

2021-02-05 13:16:50 - [MESSAGE][PASSED] - Browser is opened with url: ''

2021-02-05 13:16:51 - [MESSAGE][PASSED] - Navigate to 'https://dev-istools.homecredit.id/foundation/' successfully

2021-02-05 13:16:51 - [MESSAGE][PASSED] - Go to ISTools

2021-02-05 13:16:51 - [TEST_STEP][PASSED] - Login IST with valid credentials: Login IST with valid credentials

2021-02-05 13:16:52 - [MESSAGE][PASSED] - Text 'mobile.test' is set on object 'Object Repository/Page_/input_Username_j_username'

2021-02-05 13:16:52 - [MESSAGE][PASSED] - Text ****** has been set on object 'Object Repository/Page_/input_Password_j_password'

2021-02-05 13:16:52 - [MESSAGE][PASSED] - Object: 'Object Repository/Page_/button_Login' is clicked on

2021-02-05 13:16:52 - [MESSAGE][PASSED] - Login IST with valid credentials

2021-02-05 13:16:52 - [TEST_STEP][PASSED] - Login Success: Login Success

2021-02-05 13:16:52 - [MESSAGE][INFO] - Login Success

2021-02-05 13:16:52 - [MESSAGE][PASSED] - Current window maximized

2021-02-05 13:16:53 - [MESSAGE][PASSED] - Object 'Object Repository/Page_/h1_Welcome to IT Supporting Tools' is present

2021-02-05 13:16:53 - [MESSAGE][PASSED] - Login Success

2021-02-05 13:16:53 - [TEST_STEP][PASSED] - Select Arrow Menu "Real Time Disbursement": Select Arrow Menu "Real Time Disbursement"

2021-02-05 13:16:53 - [MESSAGE][PASSED] - Object: '' is clicked on

2021-02-05 13:16:53 - [MESSAGE][PASSED] - Select Arrow Menu "Real Time Disbursement"

2021-02-05 13:16:53 - [TEST_STEP][PASSED] - Select Menu "Partner Disbursement SBO": Select Menu "Partner Disbursement SBO"

2021-02-05 13:16:53 - [MESSAGE][PASSED] - Taking screenshot successfully
[[ATTACHMENT|/Users/chaidir.pratama01/Documents/Docs/Katalon Studio/Screenshot/test-Partner Disbursement SBO.png]]

2021-02-05 13:16:53 - [MESSAGE][PASSED] - Object '' is present

2021-02-05 13:16:53 - [MESSAGE][PASSED] - Object: '' is clicked on

2021-02-05 13:16:53 - [MESSAGE][PASSED] - Wait for page load successfully

2021-02-05 13:16:53 - [MESSAGE][PASSED] - Select Menu "Partner Disbursement SBO"

2021-02-05 13:16:53 - [TEST_STEP][PASSED] - Select STATUS "Not eligible to disburse": Select STATUS "Not eligible to disburse"

2021-02-05 13:16:54 - [MESSAGE][PASSED] - All options with value 'Not eligible to disburse' are selected in object ''  using regular expression

2021-02-05 13:16:54 - [MESSAGE][PASSED] - Select STATUS "Not eligible to disburse"

2021-02-05 13:16:54 - [TEST_STEP][PASSED] - Click button "Search": Click button "Search"

2021-02-05 13:16:54 - [MESSAGE][INFO] - >>>>>//Button[contains(text(),'Search')]

2021-02-05 13:16:57 - [MESSAGE][PASSED] - Object '' is present

2021-02-05 13:16:57 - [MESSAGE][PASSED] - Object: '' is clicked on

2021-02-05 13:16:57 - [MESSAGE][PASSED] - Switched to window with index: '0'

2021-02-05 13:16:57 - [MESSAGE][PASSED] - Click button "Search"

2021-02-05 13:16:57 - [TEST_STEP][PASSED] - Verify Search Result Presents: Verify Search Result Presents

2021-02-05 13:17:01 - [MESSAGE][INFO] - Unable to find the element located by 'By.xpath: //td[@style='display:none' and contains(text(),'-Empty-')]'. Please recheck the objects properties to make sure the desired element is located. 

2021-02-05 13:17:01 - [MESSAGE][WARNING] - com.kms.katalon.core.webui.exception.WebElementNotFoundException: Web element with id: '' located by '//td[@style='display:none' and contains(text(),'-Empty-')]' not found (Root cause: com.kms.katalon.core.exception.StepFailedException: com.kms.katalon.core.webui.exception.WebElementNotFoundException: Web element with id: '' located by '//td[@style='display:none' and contains(text(),'-Empty-')]' not found
	at com.kms.katalon.core.webui.keyword.internal.WebUIKeywordMain.stepFailed(WebUIKeywordMain.groovy:64)
	at com.kms.katalon.core.webui.keyword.builtin.VerifyElementPresentKeyword$_verifyElementPresent_closure1.doCall(VerifyElementPresentKeyword.groovy:85)
	at com.kms.katalon.core.webui.keyword.builtin.VerifyElementPresentKeyword$_verifyElementPresent_closure1.call(VerifyElementPresentKeyword.groovy)
	at com.kms.katalon.core.webui.keyword.internal.WebUIKeywordMain.runKeyword(WebUIKeywordMain.groovy:20)
	at com.kms.katalon.core.webui.keyword.builtin.VerifyElementPresentKeyword.verifyElementPresent(VerifyElementPresentKeyword.groovy:92)
	at com.kms.katalon.core.webui.keyword.builtin.VerifyElementPresentKeyword.execute(VerifyElementPresentKeyword.groovy:68)
	at com.kms.katalon.core.keyword.internal.KeywordExecutor.executeKeywordForPlatform(KeywordExecutor.groovy:73)
	at com.kms.katalon.core.webui.keyword.WebUiBuiltInKeywords.verifyElementPresent(WebUiBuiltInKeywords.groovy:1444)
	at com.kms.katalon.core.webui.keyword.WebUiBuiltInKeywords$verifyElementPresent$11.call(Unknown Source)
	at ist_real.Contract_Dispatcher.VerifyTblFilled(Contract_Dispatcher.groovy:1313)
	at ist_real.Contract_Dispatcher$VerifyTblFilled$0.call(Unknown Source)
	at RTD.Search_Result_Presents(RTD.groovy:189)
	at cucumber.runtime.Utils$1.call(Utils.java:26)
	at cucumber.runtime.Timeout.timeout(Timeout.java:16)
	at cucumber.runtime.Utils.invoke(Utils.java:20)
	at cucumber.runtime.java.JavaStepDefinition.execute(JavaStepDefinition.java:48)
	at cucumber.runtime.PickleStepDefinitionMatch.runStep(PickleStepDefinitionMatch.java:50)
	at cucumber.runner.TestStep.executeStep(TestStep.java:55)
	at cucumber.runner.TestStep.run(TestStep.java:42)
	at cucumber.runner.PickleStepTestStep.run(PickleStepTestStep.java:53)
	at cucumber.runner.TestCase.run(TestCase.java:47)
	at cucumber.runner.Runner.runPickle(Runner.java:44)
	at cucumber.runtime.Runtime.runFeature(Runtime.java:120)
	at cucumber.runtime.Runtime.run(Runtime.java:106)
	at cucumber.api.cli.Main.run(Main.java:35)
	at cucumber.api.cli.Main$run.call(Unknown Source)
	at com.kms.katalon.core.cucumber.keyword.CucumberBuiltinKeywords$_runFeatureFile_closure1.doCall(CucumberBuiltinKeywords.groovy:76)
	at com.kms.katalon.core.cucumber.keyword.CucumberBuiltinKeywords$_runFeatureFile_closure1.doCall(CucumberBuiltinKeywords.groovy)
	at com.kms.katalon.core.keyword.internal.KeywordMain.runKeyword(KeywordMain.groovy:68)
	at com.kms.katalon.core.keyword.internal.KeywordMain$runKeyword.call(Unknown Source)
	at com.kms.katalon.core.cucumber.keyword.CucumberBuiltinKeywords.runFeatureFile(CucumberBuiltinKeywords.groovy:46)
	at com.kms.katalon.core.cucumber.keyword.CucumberBuiltinKeywords$runFeatureFile$0.callStatic(Unknown Source)
	at com.kms.katalon.core.cucumber.keyword.CucumberBuiltinKeywords.runFeatureFile(CucumberBuiltinKeywords.groovy:169)
	at com.kms.katalon.core.cucumber.keyword.CucumberBuiltinKeywords$runFeatureFile.call(Unknown Source)
	at TC_Search_by_STATUS.run(TC_Search_by_STATUS:18)
	at com.kms.katalon.core.main.ScriptEngine.run(ScriptEngine.java:194)
	at com.kms.katalon.core.main.ScriptEngine.runScriptAsRawText(ScriptEngine.java:119)
	at com.kms.katalon.core.main.TestCaseExecutor.runScript(TestCaseExecutor.java:339)
	at com.kms.katalon.core.main.TestCaseExecutor.doExecute(TestCaseExecutor.java:330)
	at com.kms.katalon.core.main.TestCaseExecutor.processExecutionPhase(TestCaseExecutor.java:309)
	at com.kms.katalon.core.main.TestCaseExecutor.accessMainPhase(TestCaseExecutor.java:301)
	at com.kms.katalon.core.main.TestCaseExecutor.execute(TestCaseExecutor.java:235)
	at com.kms.katalon.core.main.TestSuiteExecutor.accessTestCaseMainPhase(TestSuiteExecutor.java:191)
	at com.kms.katalon.core.main.TestSuiteExecutor.accessTestSuiteMainPhase(TestSuiteExecutor.java:141)
	at com.kms.katalon.core.main.TestSuiteExecutor.execute(TestSuiteExecutor.java:90)
	at com.kms.katalon.core.main.TestCaseMain.startTestSuite(TestCaseMain.java:157)
	at com.kms.katalon.core.main.TestCaseMain$startTestSuite$0.call(Unknown Source)
	at TempTestSuite1612505435654.run(TempTestSuite1612505435654.groovy:39)
)
[[ATTACHMENT|/Users/chaidir.pratama01/Katalon Studio/IST_Automation_Git/Reports/20210205_131034/RTD/TS_Partner_Disbursement_SBO/20210205_131035/1612505821431.png]]

2021-02-05 13:17:02 - [MESSAGE][PASSED] - Verify Search Result Presents

2021-02-05 13:17:02 - [TEST_STEP][PASSED] - Click button "Logout": Click button "Logout"

2021-02-05 13:17:02 - [MESSAGE][INFO] - >>>>>//Button[contains(text(),'Logout')]

2021-02-05 13:17:05 - [MESSAGE][PASSED] - Object '' is present

2021-02-05 13:17:05 - [MESSAGE][PASSED] - Object: '' is clicked on

2021-02-05 13:17:05 - [MESSAGE][PASSED] - Switched to window with index: '0'

2021-02-05 13:17:05 - [MESSAGE][PASSED] - Click button "Logout"

2021-02-05 13:17:05 - [TEST_STEP][PASSED] - Close browser: Close browser

2021-02-05 13:17:05 - [MESSAGE][PASSED] - Browser is closed

2021-02-05 13:17:05 - [MESSAGE][PASSED] - Close browser

2021-02-05 13:17:05 - [TEST_CASE][PASSED] - Start Test Case : SCENARIO Search by STATUS Ready to disburse: SCENARIO Search by STATUS Ready to disburse

2021-02-05 13:17:05 - [TEST_STEP][PASSED] - Go to ISTools: Go to ISTools

2021-02-05 13:17:05 - [MESSAGE][INFO] - Starting 'Chrome (headless)' driver

2021-02-05 13:17:05 - [MESSAGE][INFO] - User set preference: ['args', '[--start-maximized, --disable-gpu, --no-proxy-server, –-no-sandbox, --allow-running-insecure-content, --ignore-certificate-errors, window-size=1680,814, force-device-scale-factor=2, --lang=en-GB]']

2021-02-05 13:17:05 - [MESSAGE][INFO] - User set preference: ['prefs', '{download.default_directory=/Users/chaidir.pratama01/Katalon Studio/IST_Automation_Git/Download}']

2021-02-05 13:17:05 - [MESSAGE][INFO] - Action delay is set to 0 milliseconds

2021-02-05 13:17:06 - [MESSAGE][PASSED] - Browser is opened with url: ''

2021-02-05 13:17:08 - [MESSAGE][PASSED] - Navigate to 'https://dev-istools.homecredit.id/foundation/' successfully

2021-02-05 13:17:08 - [MESSAGE][PASSED] - Go to ISTools

2021-02-05 13:17:08 - [TEST_STEP][PASSED] - Login IST with valid credentials: Login IST with valid credentials

2021-02-05 13:17:08 - [MESSAGE][PASSED] - Text 'mobile.test' is set on object 'Object Repository/Page_/input_Username_j_username'

2021-02-05 13:17:08 - [MESSAGE][PASSED] - Text ****** has been set on object 'Object Repository/Page_/input_Password_j_password'

2021-02-05 13:17:08 - [MESSAGE][PASSED] - Object: 'Object Repository/Page_/button_Login' is clicked on

2021-02-05 13:17:08 - [MESSAGE][PASSED] - Login IST with valid credentials

2021-02-05 13:17:08 - [TEST_STEP][PASSED] - Login Success: Login Success

2021-02-05 13:17:08 - [MESSAGE][INFO] - Login Success

2021-02-05 13:17:09 - [MESSAGE][PASSED] - Current window maximized

2021-02-05 13:17:09 - [MESSAGE][PASSED] - Object 'Object Repository/Page_/h1_Welcome to IT Supporting Tools' is present

2021-02-05 13:17:09 - [MESSAGE][PASSED] - Login Success

2021-02-05 13:17:09 - [TEST_STEP][PASSED] - Select Arrow Menu "Real Time Disbursement": Select Arrow Menu "Real Time Disbursement"

2021-02-05 13:17:09 - [MESSAGE][PASSED] - Object: '' is clicked on

2021-02-05 13:17:09 - [MESSAGE][PASSED] - Select Arrow Menu "Real Time Disbursement"

2021-02-05 13:17:09 - [TEST_STEP][PASSED] - Select Menu "Partner Disbursement SBO": Select Menu "Partner Disbursement SBO"

2021-02-05 13:17:09 - [MESSAGE][PASSED] - Taking screenshot successfully
[[ATTACHMENT|/Users/chaidir.pratama01/Documents/Docs/Katalon Studio/Screenshot/test-Partner Disbursement SBO.png]]

2021-02-05 13:17:09 - [MESSAGE][PASSED] - Object '' is present

2021-02-05 13:17:09 - [MESSAGE][PASSED] - Object: '' is clicked on

2021-02-05 13:17:09 - [MESSAGE][PASSED] - Wait for page load successfully

2021-02-05 13:17:09 - [MESSAGE][PASSED] - Select Menu "Partner Disbursement SBO"

2021-02-05 13:17:09 - [TEST_STEP][PASSED] - Select STATUS "Ready to disburse": Select STATUS "Ready to disburse"

2021-02-05 13:17:10 - [MESSAGE][PASSED] - All options with value 'Ready to disburse' are selected in object ''  using regular expression

2021-02-05 13:17:10 - [MESSAGE][PASSED] - Select STATUS "Ready to disburse"

2021-02-05 13:17:10 - [TEST_STEP][PASSED] - Click button "Search": Click button "Search"

2021-02-05 13:17:10 - [MESSAGE][INFO] - >>>>>//Button[contains(text(),'Search')]

2021-02-05 13:17:13 - [MESSAGE][PASSED] - Object '' is present

2021-02-05 13:17:13 - [MESSAGE][PASSED] - Object: '' is clicked on

2021-02-05 13:17:13 - [MESSAGE][PASSED] - Switched to window with index: '0'

2021-02-05 13:17:13 - [MESSAGE][PASSED] - Click button "Search"

2021-02-05 13:17:13 - [TEST_STEP][PASSED] - Verify Search Result Presents: Verify Search Result Presents

2021-02-05 13:17:13 - [MESSAGE][PASSED] - Object '' is present

2021-02-05 13:17:17 - [MESSAGE][PASSED] - Verify Search Result Presents

2021-02-05 13:17:17 - [TEST_STEP][PASSED] - Click button "Logout": Click button "Logout"

2021-02-05 13:17:17 - [MESSAGE][INFO] - >>>>>//Button[contains(text(),'Logout')]

2021-02-05 13:17:20 - [MESSAGE][PASSED] - Object '' is present

2021-02-05 13:17:21 - [MESSAGE][PASSED] - Object: '' is clicked on

2021-02-05 13:17:21 - [MESSAGE][PASSED] - Switched to window with index: '0'

2021-02-05 13:17:21 - [MESSAGE][PASSED] - Click button "Logout"

2021-02-05 13:17:21 - [TEST_STEP][PASSED] - Close browser: Close browser

2021-02-05 13:17:21 - [MESSAGE][PASSED] - Browser is closed

2021-02-05 13:17:21 - [MESSAGE][PASSED] - Close browser

2021-02-05 13:17:21 - [TEST_CASE][PASSED] - Start Test Case : SCENARIO Search by STATUS Failed due to invalid bank account: SCENARIO Search by STATUS Failed due to invalid bank account

2021-02-05 13:17:21 - [TEST_STEP][PASSED] - Go to ISTools: Go to ISTools

2021-02-05 13:17:21 - [MESSAGE][INFO] - Starting 'Chrome (headless)' driver

2021-02-05 13:17:21 - [MESSAGE][INFO] - User set preference: ['args', '[--start-maximized, --disable-gpu, --no-proxy-server, –-no-sandbox, --allow-running-insecure-content, --ignore-certificate-errors, window-size=1680,814, force-device-scale-factor=2, --lang=en-GB]']

2021-02-05 13:17:21 - [MESSAGE][INFO] - User set preference: ['prefs', '{download.default_directory=/Users/chaidir.pratama01/Katalon Studio/IST_Automation_Git/Download}']

2021-02-05 13:17:21 - [MESSAGE][INFO] - Action delay is set to 0 milliseconds

2021-02-05 13:17:21 - [MESSAGE][PASSED] - Browser is opened with url: ''

2021-02-05 13:17:23 - [MESSAGE][PASSED] - Navigate to 'https://dev-istools.homecredit.id/foundation/' successfully

2021-02-05 13:17:23 - [MESSAGE][PASSED] - Go to ISTools

2021-02-05 13:17:23 - [TEST_STEP][PASSED] - Login IST with valid credentials: Login IST with valid credentials

2021-02-05 13:17:23 - [MESSAGE][PASSED] - Text 'mobile.test' is set on object 'Object Repository/Page_/input_Username_j_username'

2021-02-05 13:17:23 - [MESSAGE][PASSED] - Text ****** has been set on object 'Object Repository/Page_/input_Password_j_password'

2021-02-05 13:17:24 - [MESSAGE][PASSED] - Object: 'Object Repository/Page_/button_Login' is clicked on

2021-02-05 13:17:24 - [MESSAGE][PASSED] - Login IST with valid credentials

2021-02-05 13:17:24 - [TEST_STEP][PASSED] - Login Success: Login Success

2021-02-05 13:17:24 - [MESSAGE][INFO] - Login Success

2021-02-05 13:17:24 - [MESSAGE][PASSED] - Current window maximized

2021-02-05 13:17:24 - [MESSAGE][PASSED] - Object 'Object Repository/Page_/h1_Welcome to IT Supporting Tools' is present

2021-02-05 13:17:24 - [MESSAGE][PASSED] - Login Success

2021-02-05 13:17:24 - [TEST_STEP][PASSED] - Select Arrow Menu "Real Time Disbursement": Select Arrow Menu "Real Time Disbursement"

2021-02-05 13:17:24 - [MESSAGE][PASSED] - Object: '' is clicked on

2021-02-05 13:17:24 - [MESSAGE][PASSED] - Select Arrow Menu "Real Time Disbursement"

2021-02-05 13:17:24 - [TEST_STEP][PASSED] - Select Menu "Partner Disbursement SBO": Select Menu "Partner Disbursement SBO"

2021-02-05 13:17:25 - [MESSAGE][PASSED] - Taking screenshot successfully
[[ATTACHMENT|/Users/chaidir.pratama01/Documents/Docs/Katalon Studio/Screenshot/test-Partner Disbursement SBO.png]]

2021-02-05 13:17:25 - [MESSAGE][PASSED] - Object '' is present

2021-02-05 13:17:25 - [MESSAGE][PASSED] - Object: '' is clicked on

2021-02-05 13:17:25 - [MESSAGE][PASSED] - Wait for page load successfully

2021-02-05 13:17:25 - [MESSAGE][PASSED] - Select Menu "Partner Disbursement SBO"

2021-02-05 13:17:25 - [TEST_STEP][PASSED] - Select STATUS "Failed due to invalid bank account": Select STATUS "Failed due to invalid bank account"

2021-02-05 13:17:26 - [MESSAGE][PASSED] - All options with value 'Failed due to invalid bank account' are selected in object ''  using regular expression

2021-02-05 13:17:26 - [MESSAGE][PASSED] - Select STATUS "Failed due to invalid bank account"

2021-02-05 13:17:26 - [TEST_STEP][PASSED] - Click button "Search": Click button "Search"

2021-02-05 13:17:26 - [MESSAGE][INFO] - >>>>>//Button[contains(text(),'Search')]

2021-02-05 13:17:29 - [MESSAGE][PASSED] - Object '' is present

2021-02-05 13:17:29 - [MESSAGE][PASSED] - Object: '' is clicked on

2021-02-05 13:17:29 - [MESSAGE][PASSED] - Switched to window with index: '0'

2021-02-05 13:17:29 - [MESSAGE][PASSED] - Click button "Search"

2021-02-05 13:17:29 - [TEST_STEP][PASSED] - Verify Search Result Presents: Verify Search Result Presents

2021-02-05 13:17:29 - [MESSAGE][PASSED] - Object '' is present

2021-02-05 13:17:36 - [MESSAGE][PASSED] - Verify Search Result Presents

2021-02-05 13:17:36 - [TEST_STEP][PASSED] - Click button "Logout": Click button "Logout"

2021-02-05 13:17:36 - [MESSAGE][INFO] - >>>>>//Button[contains(text(),'Logout')]

2021-02-05 13:17:39 - [MESSAGE][PASSED] - Object '' is present

2021-02-05 13:17:40 - [MESSAGE][PASSED] - Object: '' is clicked on

2021-02-05 13:17:40 - [MESSAGE][PASSED] - Switched to window with index: '0'

2021-02-05 13:17:40 - [MESSAGE][PASSED] - Click button "Logout"

2021-02-05 13:17:40 - [TEST_STEP][PASSED] - Close browser: Close browser

2021-02-05 13:17:40 - [MESSAGE][PASSED] - Browser is closed

2021-02-05 13:17:40 - [MESSAGE][PASSED] - Close browser

2021-02-05 13:17:40 - [TEST_CASE][PASSED] - Start Test Case : SCENARIO Search by STATUS Failed due to system error: SCENARIO Search by STATUS Failed due to system error

2021-02-05 13:17:40 - [TEST_STEP][PASSED] - Go to ISTools: Go to ISTools

2021-02-05 13:17:40 - [MESSAGE][INFO] - Starting 'Chrome (headless)' driver

2021-02-05 13:17:40 - [MESSAGE][INFO] - User set preference: ['args', '[--start-maximized, --disable-gpu, --no-proxy-server, –-no-sandbox, --allow-running-insecure-content, --ignore-certificate-errors, window-size=1680,814, force-device-scale-factor=2, --lang=en-GB]']

2021-02-05 13:17:40 - [MESSAGE][INFO] - User set preference: ['prefs', '{download.default_directory=/Users/chaidir.pratama01/Katalon Studio/IST_Automation_Git/Download}']

2021-02-05 13:17:40 - [MESSAGE][INFO] - Action delay is set to 0 milliseconds

2021-02-05 13:17:40 - [MESSAGE][PASSED] - Browser is opened with url: ''

2021-02-05 13:17:42 - [MESSAGE][PASSED] - Navigate to 'https://dev-istools.homecredit.id/foundation/' successfully

2021-02-05 13:17:42 - [MESSAGE][PASSED] - Go to ISTools

2021-02-05 13:17:42 - [TEST_STEP][PASSED] - Login IST with valid credentials: Login IST with valid credentials

2021-02-05 13:17:42 - [MESSAGE][PASSED] - Text 'mobile.test' is set on object 'Object Repository/Page_/input_Username_j_username'

2021-02-05 13:17:43 - [MESSAGE][PASSED] - Text ****** has been set on object 'Object Repository/Page_/input_Password_j_password'

2021-02-05 13:17:43 - [MESSAGE][PASSED] - Object: 'Object Repository/Page_/button_Login' is clicked on

2021-02-05 13:17:43 - [MESSAGE][PASSED] - Login IST with valid credentials

2021-02-05 13:17:43 - [TEST_STEP][PASSED] - Login Success: Login Success

2021-02-05 13:17:43 - [MESSAGE][INFO] - Login Success

2021-02-05 13:17:43 - [MESSAGE][PASSED] - Current window maximized

2021-02-05 13:17:43 - [MESSAGE][PASSED] - Object 'Object Repository/Page_/h1_Welcome to IT Supporting Tools' is present

2021-02-05 13:17:43 - [MESSAGE][PASSED] - Login Success

2021-02-05 13:17:43 - [TEST_STEP][PASSED] - Select Arrow Menu "Real Time Disbursement": Select Arrow Menu "Real Time Disbursement"

2021-02-05 13:17:43 - [MESSAGE][PASSED] - Object: '' is clicked on

2021-02-05 13:17:43 - [MESSAGE][PASSED] - Select Arrow Menu "Real Time Disbursement"

2021-02-05 13:17:43 - [TEST_STEP][PASSED] - Select Menu "Partner Disbursement SBO": Select Menu "Partner Disbursement SBO"

2021-02-05 13:17:44 - [MESSAGE][PASSED] - Taking screenshot successfully
[[ATTACHMENT|/Users/chaidir.pratama01/Documents/Docs/Katalon Studio/Screenshot/test-Partner Disbursement SBO.png]]

2021-02-05 13:17:44 - [MESSAGE][PASSED] - Object '' is present

2021-02-05 13:17:44 - [MESSAGE][PASSED] - Object: '' is clicked on

2021-02-05 13:17:44 - [MESSAGE][PASSED] - Wait for page load successfully

2021-02-05 13:17:44 - [MESSAGE][PASSED] - Select Menu "Partner Disbursement SBO"

2021-02-05 13:17:44 - [TEST_STEP][PASSED] - Select STATUS "Failed due to system error": Select STATUS "Failed due to system error"

2021-02-05 13:17:45 - [MESSAGE][PASSED] - All options with value 'Failed due to system error' are selected in object ''  using regular expression

2021-02-05 13:17:45 - [MESSAGE][PASSED] - Select STATUS "Failed due to system error"

2021-02-05 13:17:45 - [TEST_STEP][PASSED] - Click button "Search": Click button "Search"

2021-02-05 13:17:45 - [MESSAGE][INFO] - >>>>>//Button[contains(text(),'Search')]

2021-02-05 13:17:48 - [MESSAGE][PASSED] - Object '' is present

2021-02-05 13:17:48 - [MESSAGE][PASSED] - Object: '' is clicked on

2021-02-05 13:17:48 - [MESSAGE][PASSED] - Switched to window with index: '0'

2021-02-05 13:17:48 - [MESSAGE][PASSED] - Click button "Search"

2021-02-05 13:17:48 - [TEST_STEP][PASSED] - Verify Search Result Presents: Verify Search Result Presents

2021-02-05 13:17:48 - [MESSAGE][PASSED] - Object '' is present

2021-02-05 13:17:49 - [MESSAGE][PASSED] - Verify Search Result Presents

2021-02-05 13:17:49 - [TEST_STEP][PASSED] - Click button "Logout": Click button "Logout"

2021-02-05 13:17:49 - [MESSAGE][INFO] - >>>>>//Button[contains(text(),'Logout')]

2021-02-05 13:17:52 - [MESSAGE][PASSED] - Object '' is present

2021-02-05 13:17:52 - [MESSAGE][PASSED] - Object: '' is clicked on

2021-02-05 13:17:52 - [MESSAGE][PASSED] - Switched to window with index: '0'

2021-02-05 13:17:52 - [MESSAGE][PASSED] - Click button "Logout"

2021-02-05 13:17:52 - [TEST_STEP][PASSED] - Close browser: Close browser

2021-02-05 13:17:53 - [MESSAGE][PASSED] - Browser is closed

2021-02-05 13:17:53 - [MESSAGE][PASSED] - Close browser

2021-02-05 13:17:53 - [TEST_CASE][PASSED] - Start Test Case : SCENARIO Search by STATUS Failed due to insufficient fund: SCENARIO Search by STATUS Failed due to insufficient fund

2021-02-05 13:17:53 - [TEST_STEP][PASSED] - Go to ISTools: Go to ISTools

2021-02-05 13:17:53 - [MESSAGE][INFO] - Starting 'Chrome (headless)' driver

2021-02-05 13:17:53 - [MESSAGE][INFO] - User set preference: ['args', '[--start-maximized, --disable-gpu, --no-proxy-server, –-no-sandbox, --allow-running-insecure-content, --ignore-certificate-errors, window-size=1680,814, force-device-scale-factor=2, --lang=en-GB]']

2021-02-05 13:17:53 - [MESSAGE][INFO] - User set preference: ['prefs', '{download.default_directory=/Users/chaidir.pratama01/Katalon Studio/IST_Automation_Git/Download}']

2021-02-05 13:17:53 - [MESSAGE][INFO] - Action delay is set to 0 milliseconds

2021-02-05 13:17:53 - [MESSAGE][PASSED] - Browser is opened with url: ''

2021-02-05 13:17:54 - [MESSAGE][PASSED] - Navigate to 'https://dev-istools.homecredit.id/foundation/' successfully

2021-02-05 13:17:54 - [MESSAGE][PASSED] - Go to ISTools

2021-02-05 13:17:54 - [TEST_STEP][PASSED] - Login IST with valid credentials: Login IST with valid credentials

2021-02-05 13:17:54 - [MESSAGE][PASSED] - Text 'mobile.test' is set on object 'Object Repository/Page_/input_Username_j_username'

2021-02-05 13:17:55 - [MESSAGE][PASSED] - Text ****** has been set on object 'Object Repository/Page_/input_Password_j_password'

2021-02-05 13:17:55 - [MESSAGE][PASSED] - Object: 'Object Repository/Page_/button_Login' is clicked on

2021-02-05 13:17:55 - [MESSAGE][PASSED] - Login IST with valid credentials

2021-02-05 13:17:55 - [TEST_STEP][PASSED] - Login Success: Login Success

2021-02-05 13:17:55 - [MESSAGE][INFO] - Login Success

2021-02-05 13:17:56 - [MESSAGE][PASSED] - Current window maximized

2021-02-05 13:17:56 - [MESSAGE][PASSED] - Object 'Object Repository/Page_/h1_Welcome to IT Supporting Tools' is present

2021-02-05 13:17:56 - [MESSAGE][PASSED] - Login Success

2021-02-05 13:17:56 - [TEST_STEP][PASSED] - Select Arrow Menu "Real Time Disbursement": Select Arrow Menu "Real Time Disbursement"

2021-02-05 13:17:56 - [MESSAGE][PASSED] - Object: '' is clicked on

2021-02-05 13:17:56 - [MESSAGE][PASSED] - Select Arrow Menu "Real Time Disbursement"

2021-02-05 13:17:56 - [TEST_STEP][PASSED] - Select Menu "Partner Disbursement SBO": Select Menu "Partner Disbursement SBO"

2021-02-05 13:17:56 - [MESSAGE][PASSED] - Taking screenshot successfully
[[ATTACHMENT|/Users/chaidir.pratama01/Documents/Docs/Katalon Studio/Screenshot/test-Partner Disbursement SBO.png]]

2021-02-05 13:17:56 - [MESSAGE][PASSED] - Object '' is present

2021-02-05 13:17:56 - [MESSAGE][PASSED] - Object: '' is clicked on

2021-02-05 13:17:56 - [MESSAGE][PASSED] - Wait for page load successfully

2021-02-05 13:17:56 - [MESSAGE][PASSED] - Select Menu "Partner Disbursement SBO"

2021-02-05 13:17:56 - [TEST_STEP][PASSED] - Select STATUS "Failed due to insufficient fund": Select STATUS "Failed due to insufficient fund"

2021-02-05 13:17:57 - [MESSAGE][PASSED] - All options with value 'Failed due to insufficient fund' are selected in object ''  using regular expression

2021-02-05 13:17:57 - [MESSAGE][PASSED] - Select STATUS "Failed due to insufficient fund"

2021-02-05 13:17:57 - [TEST_STEP][PASSED] - Click button "Search": Click button "Search"

2021-02-05 13:17:57 - [MESSAGE][INFO] - >>>>>//Button[contains(text(),'Search')]

2021-02-05 13:18:00 - [MESSAGE][PASSED] - Object '' is present

2021-02-05 13:18:00 - [MESSAGE][PASSED] - Object: '' is clicked on

2021-02-05 13:18:00 - [MESSAGE][PASSED] - Switched to window with index: '0'

2021-02-05 13:18:00 - [MESSAGE][PASSED] - Click button "Search"

2021-02-05 13:18:00 - [TEST_STEP][PASSED] - Verify Search Result Presents: Verify Search Result Presents

2021-02-05 13:18:04 - [MESSAGE][INFO] - Unable to find the element located by 'By.xpath: //td[@style='display:none' and contains(text(),'-Empty-')]'. Please recheck the objects properties to make sure the desired element is located. 

2021-02-05 13:18:04 - [MESSAGE][WARNING] - com.kms.katalon.core.webui.exception.WebElementNotFoundException: Web element with id: '' located by '//td[@style='display:none' and contains(text(),'-Empty-')]' not found (Root cause: com.kms.katalon.core.exception.StepFailedException: com.kms.katalon.core.webui.exception.WebElementNotFoundException: Web element with id: '' located by '//td[@style='display:none' and contains(text(),'-Empty-')]' not found
	at com.kms.katalon.core.webui.keyword.internal.WebUIKeywordMain.stepFailed(WebUIKeywordMain.groovy:64)
	at com.kms.katalon.core.webui.keyword.builtin.VerifyElementPresentKeyword$_verifyElementPresent_closure1.doCall(VerifyElementPresentKeyword.groovy:85)
	at com.kms.katalon.core.webui.keyword.builtin.VerifyElementPresentKeyword$_verifyElementPresent_closure1.call(VerifyElementPresentKeyword.groovy)
	at com.kms.katalon.core.webui.keyword.internal.WebUIKeywordMain.runKeyword(WebUIKeywordMain.groovy:20)
	at com.kms.katalon.core.webui.keyword.builtin.VerifyElementPresentKeyword.verifyElementPresent(VerifyElementPresentKeyword.groovy:92)
	at com.kms.katalon.core.webui.keyword.builtin.VerifyElementPresentKeyword.execute(VerifyElementPresentKeyword.groovy:68)
	at com.kms.katalon.core.keyword.internal.KeywordExecutor.executeKeywordForPlatform(KeywordExecutor.groovy:73)
	at com.kms.katalon.core.webui.keyword.WebUiBuiltInKeywords.verifyElementPresent(WebUiBuiltInKeywords.groovy:1444)
	at com.kms.katalon.core.webui.keyword.WebUiBuiltInKeywords$verifyElementPresent$11.call(Unknown Source)
	at ist_real.Contract_Dispatcher.VerifyTblFilled(Contract_Dispatcher.groovy:1313)
	at ist_real.Contract_Dispatcher$VerifyTblFilled$0.call(Unknown Source)
	at RTD.Search_Result_Presents(RTD.groovy:189)
	at cucumber.runtime.Utils$1.call(Utils.java:26)
	at cucumber.runtime.Timeout.timeout(Timeout.java:16)
	at cucumber.runtime.Utils.invoke(Utils.java:20)
	at cucumber.runtime.java.JavaStepDefinition.execute(JavaStepDefinition.java:48)
	at cucumber.runtime.PickleStepDefinitionMatch.runStep(PickleStepDefinitionMatch.java:50)
	at cucumber.runner.TestStep.executeStep(TestStep.java:55)
	at cucumber.runner.TestStep.run(TestStep.java:42)
	at cucumber.runner.PickleStepTestStep.run(PickleStepTestStep.java:53)
	at cucumber.runner.TestCase.run(TestCase.java:47)
	at cucumber.runner.Runner.runPickle(Runner.java:44)
	at cucumber.runtime.Runtime.runFeature(Runtime.java:120)
	at cucumber.runtime.Runtime.run(Runtime.java:106)
	at cucumber.api.cli.Main.run(Main.java:35)
	at cucumber.api.cli.Main$run.call(Unknown Source)
	at com.kms.katalon.core.cucumber.keyword.CucumberBuiltinKeywords$_runFeatureFile_closure1.doCall(CucumberBuiltinKeywords.groovy:76)
	at com.kms.katalon.core.cucumber.keyword.CucumberBuiltinKeywords$_runFeatureFile_closure1.doCall(CucumberBuiltinKeywords.groovy)
	at com.kms.katalon.core.keyword.internal.KeywordMain.runKeyword(KeywordMain.groovy:68)
	at com.kms.katalon.core.keyword.internal.KeywordMain$runKeyword.call(Unknown Source)
	at com.kms.katalon.core.cucumber.keyword.CucumberBuiltinKeywords.runFeatureFile(CucumberBuiltinKeywords.groovy:46)
	at com.kms.katalon.core.cucumber.keyword.CucumberBuiltinKeywords$runFeatureFile$0.callStatic(Unknown Source)
	at com.kms.katalon.core.cucumber.keyword.CucumberBuiltinKeywords.runFeatureFile(CucumberBuiltinKeywords.groovy:169)
	at com.kms.katalon.core.cucumber.keyword.CucumberBuiltinKeywords$runFeatureFile.call(Unknown Source)
	at TC_Search_by_STATUS.run(TC_Search_by_STATUS:18)
	at com.kms.katalon.core.main.ScriptEngine.run(ScriptEngine.java:194)
	at com.kms.katalon.core.main.ScriptEngine.runScriptAsRawText(ScriptEngine.java:119)
	at com.kms.katalon.core.main.TestCaseExecutor.runScript(TestCaseExecutor.java:339)
	at com.kms.katalon.core.main.TestCaseExecutor.doExecute(TestCaseExecutor.java:330)
	at com.kms.katalon.core.main.TestCaseExecutor.processExecutionPhase(TestCaseExecutor.java:309)
	at com.kms.katalon.core.main.TestCaseExecutor.accessMainPhase(TestCaseExecutor.java:301)
	at com.kms.katalon.core.main.TestCaseExecutor.execute(TestCaseExecutor.java:235)
	at com.kms.katalon.core.main.TestSuiteExecutor.accessTestCaseMainPhase(TestSuiteExecutor.java:191)
	at com.kms.katalon.core.main.TestSuiteExecutor.accessTestSuiteMainPhase(TestSuiteExecutor.java:141)
	at com.kms.katalon.core.main.TestSuiteExecutor.execute(TestSuiteExecutor.java:90)
	at com.kms.katalon.core.main.TestCaseMain.startTestSuite(TestCaseMain.java:157)
	at com.kms.katalon.core.main.TestCaseMain$startTestSuite$0.call(Unknown Source)
	at TempTestSuite1612505435654.run(TempTestSuite1612505435654.groovy:39)
)
[[ATTACHMENT|/Users/chaidir.pratama01/Katalon Studio/IST_Automation_Git/Reports/20210205_131034/RTD/TS_Partner_Disbursement_SBO/20210205_131035/1612505884313.png]]

2021-02-05 13:18:05 - [MESSAGE][PASSED] - Verify Search Result Presents

2021-02-05 13:18:05 - [TEST_STEP][PASSED] - Click button "Logout": Click button "Logout"

2021-02-05 13:18:05 - [MESSAGE][INFO] - >>>>>//Button[contains(text(),'Logout')]

2021-02-05 13:18:08 - [MESSAGE][PASSED] - Object '' is present

2021-02-05 13:18:08 - [MESSAGE][PASSED] - Object: '' is clicked on

2021-02-05 13:18:08 - [MESSAGE][PASSED] - Switched to window with index: '0'

2021-02-05 13:18:08 - [MESSAGE][PASSED] - Click button "Logout"

2021-02-05 13:18:08 - [TEST_STEP][PASSED] - Close browser: Close browser

2021-02-05 13:18:08 - [MESSAGE][PASSED] - Browser is closed

2021-02-05 13:18:08 - [MESSAGE][PASSED] - Close browser

2021-02-05 13:18:08 - [TEST_CASE][PASSED] - Start Test Case : SCENARIO Search by STATUS Failed due to not supported bank: SCENARIO Search by STATUS Failed due to not supported bank

2021-02-05 13:18:08 - [TEST_STEP][PASSED] - Go to ISTools: Go to ISTools

2021-02-05 13:18:08 - [MESSAGE][INFO] - Starting 'Chrome (headless)' driver

2021-02-05 13:18:08 - [MESSAGE][INFO] - User set preference: ['args', '[--start-maximized, --disable-gpu, --no-proxy-server, –-no-sandbox, --allow-running-insecure-content, --ignore-certificate-errors, window-size=1680,814, force-device-scale-factor=2, --lang=en-GB]']

2021-02-05 13:18:08 - [MESSAGE][INFO] - User set preference: ['prefs', '{download.default_directory=/Users/chaidir.pratama01/Katalon Studio/IST_Automation_Git/Download}']

2021-02-05 13:18:08 - [MESSAGE][INFO] - Action delay is set to 0 milliseconds

2021-02-05 13:18:08 - [MESSAGE][PASSED] - Browser is opened with url: ''

2021-02-05 13:18:10 - [MESSAGE][PASSED] - Navigate to 'https://dev-istools.homecredit.id/foundation/' successfully

2021-02-05 13:18:10 - [MESSAGE][PASSED] - Go to ISTools

2021-02-05 13:18:10 - [TEST_STEP][PASSED] - Login IST with valid credentials: Login IST with valid credentials

2021-02-05 13:18:10 - [MESSAGE][PASSED] - Text 'mobile.test' is set on object 'Object Repository/Page_/input_Username_j_username'

2021-02-05 13:18:10 - [MESSAGE][PASSED] - Text ****** has been set on object 'Object Repository/Page_/input_Password_j_password'

2021-02-05 13:18:11 - [MESSAGE][PASSED] - Object: 'Object Repository/Page_/button_Login' is clicked on

2021-02-05 13:18:11 - [MESSAGE][PASSED] - Login IST with valid credentials

2021-02-05 13:18:11 - [TEST_STEP][PASSED] - Login Success: Login Success

2021-02-05 13:18:11 - [MESSAGE][INFO] - Login Success

2021-02-05 13:18:11 - [MESSAGE][PASSED] - Current window maximized

2021-02-05 13:18:11 - [MESSAGE][PASSED] - Object 'Object Repository/Page_/h1_Welcome to IT Supporting Tools' is present

2021-02-05 13:18:11 - [MESSAGE][PASSED] - Login Success

2021-02-05 13:18:11 - [TEST_STEP][PASSED] - Select Arrow Menu "Real Time Disbursement": Select Arrow Menu "Real Time Disbursement"

2021-02-05 13:18:11 - [MESSAGE][PASSED] - Object: '' is clicked on

2021-02-05 13:18:11 - [MESSAGE][PASSED] - Select Arrow Menu "Real Time Disbursement"

2021-02-05 13:18:11 - [TEST_STEP][PASSED] - Select Menu "Partner Disbursement SBO": Select Menu "Partner Disbursement SBO"

2021-02-05 13:18:12 - [MESSAGE][PASSED] - Taking screenshot successfully
[[ATTACHMENT|/Users/chaidir.pratama01/Documents/Docs/Katalon Studio/Screenshot/test-Partner Disbursement SBO.png]]

2021-02-05 13:18:12 - [MESSAGE][PASSED] - Object '' is present

2021-02-05 13:18:12 - [MESSAGE][PASSED] - Object: '' is clicked on

2021-02-05 13:18:12 - [MESSAGE][PASSED] - Wait for page load successfully

2021-02-05 13:18:12 - [MESSAGE][PASSED] - Select Menu "Partner Disbursement SBO"

2021-02-05 13:18:12 - [TEST_STEP][PASSED] - Select STATUS "Failed due to not supported bank": Select STATUS "Failed due to not supported bank"

2021-02-05 13:18:12 - [MESSAGE][PASSED] - All options with value 'Failed due to not supported bank' are selected in object ''  using regular expression

2021-02-05 13:18:12 - [MESSAGE][PASSED] - Select STATUS "Failed due to not supported bank"

2021-02-05 13:18:12 - [TEST_STEP][PASSED] - Click button "Search": Click button "Search"

2021-02-05 13:18:12 - [MESSAGE][INFO] - >>>>>//Button[contains(text(),'Search')]

2021-02-05 13:18:15 - [MESSAGE][PASSED] - Object '' is present

2021-02-05 13:18:16 - [MESSAGE][PASSED] - Object: '' is clicked on

2021-02-05 13:18:16 - [MESSAGE][PASSED] - Switched to window with index: '0'

2021-02-05 13:18:16 - [MESSAGE][PASSED] - Click button "Search"

2021-02-05 13:18:16 - [TEST_STEP][PASSED] - Verify Search Result Presents: Verify Search Result Presents

2021-02-05 13:18:20 - [MESSAGE][INFO] - Unable to find the element located by 'By.xpath: //td[@style='display:none' and contains(text(),'-Empty-')]'. Please recheck the objects properties to make sure the desired element is located. 

2021-02-05 13:18:20 - [MESSAGE][WARNING] - com.kms.katalon.core.webui.exception.WebElementNotFoundException: Web element with id: '' located by '//td[@style='display:none' and contains(text(),'-Empty-')]' not found (Root cause: com.kms.katalon.core.exception.StepFailedException: com.kms.katalon.core.webui.exception.WebElementNotFoundException: Web element with id: '' located by '//td[@style='display:none' and contains(text(),'-Empty-')]' not found
	at com.kms.katalon.core.webui.keyword.internal.WebUIKeywordMain.stepFailed(WebUIKeywordMain.groovy:64)
	at com.kms.katalon.core.webui.keyword.builtin.VerifyElementPresentKeyword$_verifyElementPresent_closure1.doCall(VerifyElementPresentKeyword.groovy:85)
	at com.kms.katalon.core.webui.keyword.builtin.VerifyElementPresentKeyword$_verifyElementPresent_closure1.call(VerifyElementPresentKeyword.groovy)
	at com.kms.katalon.core.webui.keyword.internal.WebUIKeywordMain.runKeyword(WebUIKeywordMain.groovy:20)
	at com.kms.katalon.core.webui.keyword.builtin.VerifyElementPresentKeyword.verifyElementPresent(VerifyElementPresentKeyword.groovy:92)
	at com.kms.katalon.core.webui.keyword.builtin.VerifyElementPresentKeyword.execute(VerifyElementPresentKeyword.groovy:68)
	at com.kms.katalon.core.keyword.internal.KeywordExecutor.executeKeywordForPlatform(KeywordExecutor.groovy:73)
	at com.kms.katalon.core.webui.keyword.WebUiBuiltInKeywords.verifyElementPresent(WebUiBuiltInKeywords.groovy:1444)
	at com.kms.katalon.core.webui.keyword.WebUiBuiltInKeywords$verifyElementPresent$11.call(Unknown Source)
	at ist_real.Contract_Dispatcher.VerifyTblFilled(Contract_Dispatcher.groovy:1313)
	at ist_real.Contract_Dispatcher$VerifyTblFilled$0.call(Unknown Source)
	at RTD.Search_Result_Presents(RTD.groovy:189)
	at cucumber.runtime.Utils$1.call(Utils.java:26)
	at cucumber.runtime.Timeout.timeout(Timeout.java:16)
	at cucumber.runtime.Utils.invoke(Utils.java:20)
	at cucumber.runtime.java.JavaStepDefinition.execute(JavaStepDefinition.java:48)
	at cucumber.runtime.PickleStepDefinitionMatch.runStep(PickleStepDefinitionMatch.java:50)
	at cucumber.runner.TestStep.executeStep(TestStep.java:55)
	at cucumber.runner.TestStep.run(TestStep.java:42)
	at cucumber.runner.PickleStepTestStep.run(PickleStepTestStep.java:53)
	at cucumber.runner.TestCase.run(TestCase.java:47)
	at cucumber.runner.Runner.runPickle(Runner.java:44)
	at cucumber.runtime.Runtime.runFeature(Runtime.java:120)
	at cucumber.runtime.Runtime.run(Runtime.java:106)
	at cucumber.api.cli.Main.run(Main.java:35)
	at cucumber.api.cli.Main$run.call(Unknown Source)
	at com.kms.katalon.core.cucumber.keyword.CucumberBuiltinKeywords$_runFeatureFile_closure1.doCall(CucumberBuiltinKeywords.groovy:76)
	at com.kms.katalon.core.cucumber.keyword.CucumberBuiltinKeywords$_runFeatureFile_closure1.doCall(CucumberBuiltinKeywords.groovy)
	at com.kms.katalon.core.keyword.internal.KeywordMain.runKeyword(KeywordMain.groovy:68)
	at com.kms.katalon.core.keyword.internal.KeywordMain$runKeyword.call(Unknown Source)
	at com.kms.katalon.core.cucumber.keyword.CucumberBuiltinKeywords.runFeatureFile(CucumberBuiltinKeywords.groovy:46)
	at com.kms.katalon.core.cucumber.keyword.CucumberBuiltinKeywords$runFeatureFile$0.callStatic(Unknown Source)
	at com.kms.katalon.core.cucumber.keyword.CucumberBuiltinKeywords.runFeatureFile(CucumberBuiltinKeywords.groovy:169)
	at com.kms.katalon.core.cucumber.keyword.CucumberBuiltinKeywords$runFeatureFile.call(Unknown Source)
	at TC_Search_by_STATUS.run(TC_Search_by_STATUS:18)
	at com.kms.katalon.core.main.ScriptEngine.run(ScriptEngine.java:194)
	at com.kms.katalon.core.main.ScriptEngine.runScriptAsRawText(ScriptEngine.java:119)
	at com.kms.katalon.core.main.TestCaseExecutor.runScript(TestCaseExecutor.java:339)
	at com.kms.katalon.core.main.TestCaseExecutor.doExecute(TestCaseExecutor.java:330)
	at com.kms.katalon.core.main.TestCaseExecutor.processExecutionPhase(TestCaseExecutor.java:309)
	at com.kms.katalon.core.main.TestCaseExecutor.accessMainPhase(TestCaseExecutor.java:301)
	at com.kms.katalon.core.main.TestCaseExecutor.execute(TestCaseExecutor.java:235)
	at com.kms.katalon.core.main.TestSuiteExecutor.accessTestCaseMainPhase(TestSuiteExecutor.java:191)
	at com.kms.katalon.core.main.TestSuiteExecutor.accessTestSuiteMainPhase(TestSuiteExecutor.java:141)
	at com.kms.katalon.core.main.TestSuiteExecutor.execute(TestSuiteExecutor.java:90)
	at com.kms.katalon.core.main.TestCaseMain.startTestSuite(TestCaseMain.java:157)
	at com.kms.katalon.core.main.TestCaseMain$startTestSuite$0.call(Unknown Source)
	at TempTestSuite1612505435654.run(TempTestSuite1612505435654.groovy:39)
)
[[ATTACHMENT|/Users/chaidir.pratama01/Katalon Studio/IST_Automation_Git/Reports/20210205_131034/RTD/TS_Partner_Disbursement_SBO/20210205_131035/1612505900036.png]]

2021-02-05 13:18:20 - [MESSAGE][PASSED] - Verify Search Result Presents

2021-02-05 13:18:20 - [TEST_STEP][PASSED] - Click button "Logout": Click button "Logout"

2021-02-05 13:18:20 - [MESSAGE][INFO] - >>>>>//Button[contains(text(),'Logout')]

2021-02-05 13:18:23 - [MESSAGE][PASSED] - Object '' is present

2021-02-05 13:18:24 - [MESSAGE][PASSED] - Object: '' is clicked on

2021-02-05 13:18:24 - [MESSAGE][PASSED] - Switched to window with index: '0'

2021-02-05 13:18:24 - [MESSAGE][PASSED] - Click button "Logout"

2021-02-05 13:18:24 - [TEST_STEP][PASSED] - Close browser: Close browser

2021-02-05 13:18:24 - [MESSAGE][PASSED] - Browser is closed

2021-02-05 13:18:24 - [MESSAGE][PASSED] - Close browser

2021-02-05 13:18:24 - [TEST_CASE][PASSED] - Start Test Case : SCENARIO Search by STATUS Manual Disbursement: SCENARIO Search by STATUS Manual Disbursement

2021-02-05 13:18:24 - [TEST_STEP][PASSED] - Go to ISTools: Go to ISTools

2021-02-05 13:18:24 - [MESSAGE][INFO] - Starting 'Chrome (headless)' driver

2021-02-05 13:18:24 - [MESSAGE][INFO] - User set preference: ['args', '[--start-maximized, --disable-gpu, --no-proxy-server, –-no-sandbox, --allow-running-insecure-content, --ignore-certificate-errors, window-size=1680,814, force-device-scale-factor=2, --lang=en-GB]']

2021-02-05 13:18:24 - [MESSAGE][INFO] - User set preference: ['prefs', '{download.default_directory=/Users/chaidir.pratama01/Katalon Studio/IST_Automation_Git/Download}']

2021-02-05 13:18:24 - [MESSAGE][INFO] - Action delay is set to 0 milliseconds

2021-02-05 13:18:24 - [MESSAGE][PASSED] - Browser is opened with url: ''

2021-02-05 13:18:26 - [MESSAGE][PASSED] - Navigate to 'https://dev-istools.homecredit.id/foundation/' successfully

2021-02-05 13:18:26 - [MESSAGE][PASSED] - Go to ISTools

2021-02-05 13:18:26 - [TEST_STEP][PASSED] - Login IST with valid credentials: Login IST with valid credentials

2021-02-05 13:18:26 - [MESSAGE][PASSED] - Text 'mobile.test' is set on object 'Object Repository/Page_/input_Username_j_username'

2021-02-05 13:18:26 - [MESSAGE][PASSED] - Text ****** has been set on object 'Object Repository/Page_/input_Password_j_password'

2021-02-05 13:18:27 - [MESSAGE][PASSED] - Object: 'Object Repository/Page_/button_Login' is clicked on

2021-02-05 13:18:27 - [MESSAGE][PASSED] - Login IST with valid credentials

2021-02-05 13:18:27 - [TEST_STEP][PASSED] - Login Success: Login Success

2021-02-05 13:18:27 - [MESSAGE][INFO] - Login Success

2021-02-05 13:18:27 - [MESSAGE][PASSED] - Current window maximized

2021-02-05 13:18:27 - [MESSAGE][PASSED] - Object 'Object Repository/Page_/h1_Welcome to IT Supporting Tools' is present

2021-02-05 13:18:27 - [MESSAGE][PASSED] - Login Success

2021-02-05 13:18:27 - [TEST_STEP][PASSED] - Select Arrow Menu "Real Time Disbursement": Select Arrow Menu "Real Time Disbursement"

2021-02-05 13:18:27 - [MESSAGE][PASSED] - Object: '' is clicked on

2021-02-05 13:18:27 - [MESSAGE][PASSED] - Select Arrow Menu "Real Time Disbursement"

2021-02-05 13:18:27 - [TEST_STEP][PASSED] - Select Menu "Partner Disbursement SBO": Select Menu "Partner Disbursement SBO"

2021-02-05 13:18:27 - [MESSAGE][PASSED] - Taking screenshot successfully
[[ATTACHMENT|/Users/chaidir.pratama01/Documents/Docs/Katalon Studio/Screenshot/test-Partner Disbursement SBO.png]]

2021-02-05 13:18:27 - [MESSAGE][PASSED] - Object '' is present

2021-02-05 13:18:27 - [MESSAGE][PASSED] - Object: '' is clicked on

2021-02-05 13:18:27 - [MESSAGE][PASSED] - Wait for page load successfully

2021-02-05 13:18:27 - [MESSAGE][PASSED] - Select Menu "Partner Disbursement SBO"

2021-02-05 13:18:27 - [TEST_STEP][PASSED] - Select STATUS "Manual Disbursement": Select STATUS "Manual Disbursement"

2021-02-05 13:18:28 - [MESSAGE][PASSED] - All options with value 'Manual Disbursement' are selected in object ''  using regular expression

2021-02-05 13:18:28 - [MESSAGE][PASSED] - Select STATUS "Manual Disbursement"

2021-02-05 13:18:28 - [TEST_STEP][PASSED] - Click button "Search": Click button "Search"

2021-02-05 13:18:28 - [MESSAGE][INFO] - >>>>>//Button[contains(text(),'Search')]

2021-02-05 13:18:31 - [MESSAGE][PASSED] - Object '' is present

2021-02-05 13:18:31 - [MESSAGE][PASSED] - Object: '' is clicked on

2021-02-05 13:18:31 - [MESSAGE][PASSED] - Switched to window with index: '0'

2021-02-05 13:18:31 - [MESSAGE][PASSED] - Click button "Search"

2021-02-05 13:18:31 - [TEST_STEP][PASSED] - Verify Search Result Presents: Verify Search Result Presents

2021-02-05 13:18:32 - [MESSAGE][PASSED] - Object '' is present

2021-02-05 13:18:41 - [MESSAGE][PASSED] - Verify Search Result Presents

2021-02-05 13:18:41 - [TEST_STEP][PASSED] - Click button "Logout": Click button "Logout"

2021-02-05 13:18:41 - [MESSAGE][INFO] - >>>>>//Button[contains(text(),'Logout')]

2021-02-05 13:18:44 - [MESSAGE][PASSED] - Object '' is present

2021-02-05 13:18:44 - [MESSAGE][PASSED] - Object: '' is clicked on

2021-02-05 13:18:44 - [MESSAGE][PASSED] - Switched to window with index: '0'

2021-02-05 13:18:44 - [MESSAGE][PASSED] - Click button "Logout"

2021-02-05 13:18:44 - [TEST_STEP][PASSED] - Close browser: Close browser

2021-02-05 13:18:44 - [MESSAGE][PASSED] - Browser is closed

2021-02-05 13:18:44 - [MESSAGE][PASSED] - Close browser

2021-02-05 13:18:44 - [TEST_CASE][PASSED] - Start Test Case : SCENARIO Search by STATUS DONE: SCENARIO Search by STATUS DONE

2021-02-05 13:18:44 - [TEST_STEP][PASSED] - Go to ISTools: Go to ISTools

2021-02-05 13:18:44 - [MESSAGE][INFO] - Starting 'Chrome (headless)' driver

2021-02-05 13:18:44 - [MESSAGE][INFO] - User set preference: ['args', '[--start-maximized, --disable-gpu, --no-proxy-server, –-no-sandbox, --allow-running-insecure-content, --ignore-certificate-errors, window-size=1680,814, force-device-scale-factor=2, --lang=en-GB]']

2021-02-05 13:18:44 - [MESSAGE][INFO] - User set preference: ['prefs', '{download.default_directory=/Users/chaidir.pratama01/Katalon Studio/IST_Automation_Git/Download}']

2021-02-05 13:18:44 - [MESSAGE][INFO] - Action delay is set to 0 milliseconds

2021-02-05 13:18:45 - [MESSAGE][PASSED] - Browser is opened with url: ''

2021-02-05 13:18:47 - [MESSAGE][PASSED] - Navigate to 'https://dev-istools.homecredit.id/foundation/' successfully

2021-02-05 13:18:47 - [MESSAGE][PASSED] - Go to ISTools

2021-02-05 13:18:47 - [TEST_STEP][PASSED] - Login IST with valid credentials: Login IST with valid credentials

2021-02-05 13:18:47 - [MESSAGE][PASSED] - Text 'mobile.test' is set on object 'Object Repository/Page_/input_Username_j_username'

2021-02-05 13:18:47 - [MESSAGE][PASSED] - Text ****** has been set on object 'Object Repository/Page_/input_Password_j_password'

2021-02-05 13:18:48 - [MESSAGE][PASSED] - Object: 'Object Repository/Page_/button_Login' is clicked on

2021-02-05 13:18:48 - [MESSAGE][PASSED] - Login IST with valid credentials

2021-02-05 13:18:48 - [TEST_STEP][PASSED] - Login Success: Login Success

2021-02-05 13:18:48 - [MESSAGE][INFO] - Login Success

2021-02-05 13:18:48 - [MESSAGE][PASSED] - Current window maximized

2021-02-05 13:18:48 - [MESSAGE][PASSED] - Object 'Object Repository/Page_/h1_Welcome to IT Supporting Tools' is present

2021-02-05 13:18:48 - [MESSAGE][PASSED] - Login Success

2021-02-05 13:18:48 - [TEST_STEP][PASSED] - Select Arrow Menu "Real Time Disbursement": Select Arrow Menu "Real Time Disbursement"

2021-02-05 13:18:48 - [MESSAGE][PASSED] - Object: '' is clicked on

2021-02-05 13:18:48 - [MESSAGE][PASSED] - Select Arrow Menu "Real Time Disbursement"

2021-02-05 13:18:48 - [TEST_STEP][PASSED] - Select Menu "Partner Disbursement SBO": Select Menu "Partner Disbursement SBO"

2021-02-05 13:18:49 - [MESSAGE][PASSED] - Taking screenshot successfully
[[ATTACHMENT|/Users/chaidir.pratama01/Documents/Docs/Katalon Studio/Screenshot/test-Partner Disbursement SBO.png]]

2021-02-05 13:18:49 - [MESSAGE][PASSED] - Object '' is present

2021-02-05 13:18:49 - [MESSAGE][PASSED] - Object: '' is clicked on

2021-02-05 13:18:49 - [MESSAGE][PASSED] - Wait for page load successfully

2021-02-05 13:18:49 - [MESSAGE][PASSED] - Select Menu "Partner Disbursement SBO"

2021-02-05 13:18:49 - [TEST_STEP][PASSED] - Select STATUS "DONE": Select STATUS "DONE"

2021-02-05 13:18:49 - [MESSAGE][PASSED] - All options with value 'DONE' are selected in object ''  using regular expression

2021-02-05 13:18:49 - [MESSAGE][PASSED] - Select STATUS "DONE"

2021-02-05 13:18:49 - [TEST_STEP][PASSED] - Click button "Search": Click button "Search"

2021-02-05 13:18:49 - [MESSAGE][INFO] - >>>>>//Button[contains(text(),'Search')]

2021-02-05 13:18:52 - [MESSAGE][PASSED] - Object '' is present

2021-02-05 13:18:52 - [MESSAGE][PASSED] - Object: '' is clicked on

2021-02-05 13:18:52 - [MESSAGE][PASSED] - Switched to window with index: '0'

2021-02-05 13:18:52 - [MESSAGE][PASSED] - Click button "Search"

2021-02-05 13:18:52 - [TEST_STEP][PASSED] - Verify Search Result Presents: Verify Search Result Presents

2021-02-05 13:18:52 - [MESSAGE][PASSED] - Object '' is present

2021-02-05 13:19:01 - [MESSAGE][PASSED] - Verify Search Result Presents

2021-02-05 13:19:01 - [TEST_STEP][PASSED] - Click button "Logout": Click button "Logout"

2021-02-05 13:19:01 - [MESSAGE][INFO] - >>>>>//Button[contains(text(),'Logout')]

2021-02-05 13:19:04 - [MESSAGE][PASSED] - Object '' is present

2021-02-05 13:19:05 - [MESSAGE][PASSED] - Object: '' is clicked on

2021-02-05 13:19:05 - [MESSAGE][PASSED] - Switched to window with index: '0'

2021-02-05 13:19:05 - [MESSAGE][PASSED] - Click button "Logout"

2021-02-05 13:19:05 - [TEST_STEP][PASSED] - Close browser: Close browser

2021-02-05 13:19:05 - [MESSAGE][PASSED] - Browser is closed

2021-02-05 13:19:05 - [MESSAGE][PASSED] - Close browser

2021-02-05 13:19:05 - [TEST_CASE][PASSED] - Start Test Case : SCENARIO Search by STATUS Waiting Partner Confirmation: SCENARIO Search by STATUS Waiting Partner Confirmation

2021-02-05 13:19:05 - [TEST_STEP][PASSED] - Go to ISTools: Go to ISTools

2021-02-05 13:19:05 - [MESSAGE][INFO] - Starting 'Chrome (headless)' driver

2021-02-05 13:19:05 - [MESSAGE][INFO] - User set preference: ['args', '[--start-maximized, --disable-gpu, --no-proxy-server, –-no-sandbox, --allow-running-insecure-content, --ignore-certificate-errors, window-size=1680,814, force-device-scale-factor=2, --lang=en-GB]']

2021-02-05 13:19:05 - [MESSAGE][INFO] - User set preference: ['prefs', '{download.default_directory=/Users/chaidir.pratama01/Katalon Studio/IST_Automation_Git/Download}']

2021-02-05 13:19:05 - [MESSAGE][INFO] - Action delay is set to 0 milliseconds

2021-02-05 13:19:05 - [MESSAGE][PASSED] - Browser is opened with url: ''

2021-02-05 13:19:07 - [MESSAGE][PASSED] - Navigate to 'https://dev-istools.homecredit.id/foundation/' successfully

2021-02-05 13:19:07 - [MESSAGE][PASSED] - Go to ISTools

2021-02-05 13:19:07 - [TEST_STEP][PASSED] - Login IST with valid credentials: Login IST with valid credentials

2021-02-05 13:19:07 - [MESSAGE][PASSED] - Text 'mobile.test' is set on object 'Object Repository/Page_/input_Username_j_username'

2021-02-05 13:19:07 - [MESSAGE][PASSED] - Text ****** has been set on object 'Object Repository/Page_/input_Password_j_password'

2021-02-05 13:19:08 - [MESSAGE][PASSED] - Object: 'Object Repository/Page_/button_Login' is clicked on

2021-02-05 13:19:08 - [MESSAGE][PASSED] - Login IST with valid credentials

2021-02-05 13:19:08 - [TEST_STEP][PASSED] - Login Success: Login Success

2021-02-05 13:19:08 - [MESSAGE][INFO] - Login Success

2021-02-05 13:19:08 - [MESSAGE][PASSED] - Current window maximized

2021-02-05 13:19:08 - [MESSAGE][PASSED] - Object 'Object Repository/Page_/h1_Welcome to IT Supporting Tools' is present

2021-02-05 13:19:08 - [MESSAGE][PASSED] - Login Success

2021-02-05 13:19:08 - [TEST_STEP][PASSED] - Select Arrow Menu "Real Time Disbursement": Select Arrow Menu "Real Time Disbursement"

2021-02-05 13:19:08 - [MESSAGE][PASSED] - Object: '' is clicked on

2021-02-05 13:19:08 - [MESSAGE][PASSED] - Select Arrow Menu "Real Time Disbursement"

2021-02-05 13:19:08 - [TEST_STEP][PASSED] - Select Menu "Partner Disbursement SBO": Select Menu "Partner Disbursement SBO"

2021-02-05 13:19:09 - [MESSAGE][PASSED] - Taking screenshot successfully
[[ATTACHMENT|/Users/chaidir.pratama01/Documents/Docs/Katalon Studio/Screenshot/test-Partner Disbursement SBO.png]]

2021-02-05 13:19:09 - [MESSAGE][PASSED] - Object '' is present

2021-02-05 13:19:09 - [MESSAGE][PASSED] - Object: '' is clicked on

2021-02-05 13:19:09 - [MESSAGE][PASSED] - Wait for page load successfully

2021-02-05 13:19:09 - [MESSAGE][PASSED] - Select Menu "Partner Disbursement SBO"

2021-02-05 13:19:09 - [TEST_STEP][PASSED] - Select STATUS "Waiting Partner Confirmation": Select STATUS "Waiting Partner Confirmation"

2021-02-05 13:19:10 - [MESSAGE][PASSED] - All options with value 'Waiting Partner Confirmation' are selected in object ''  using regular expression

2021-02-05 13:19:10 - [MESSAGE][PASSED] - Select STATUS "Waiting Partner Confirmation"

2021-02-05 13:19:10 - [TEST_STEP][PASSED] - Click button "Search": Click button "Search"

2021-02-05 13:19:10 - [MESSAGE][INFO] - >>>>>//Button[contains(text(),'Search')]

2021-02-05 13:19:13 - [MESSAGE][PASSED] - Object '' is present

2021-02-05 13:19:13 - [MESSAGE][PASSED] - Object: '' is clicked on

2021-02-05 13:19:13 - [MESSAGE][PASSED] - Switched to window with index: '0'

2021-02-05 13:19:13 - [MESSAGE][PASSED] - Click button "Search"

2021-02-05 13:19:13 - [TEST_STEP][PASSED] - Verify Search Result Presents: Verify Search Result Presents

2021-02-05 13:19:17 - [MESSAGE][INFO] - Unable to find the element located by 'By.xpath: //td[@style='display:none' and contains(text(),'-Empty-')]'. Please recheck the objects properties to make sure the desired element is located. 

2021-02-05 13:19:18 - [MESSAGE][WARNING] - com.kms.katalon.core.webui.exception.WebElementNotFoundException: Web element with id: '' located by '//td[@style='display:none' and contains(text(),'-Empty-')]' not found (Root cause: com.kms.katalon.core.exception.StepFailedException: com.kms.katalon.core.webui.exception.WebElementNotFoundException: Web element with id: '' located by '//td[@style='display:none' and contains(text(),'-Empty-')]' not found
	at com.kms.katalon.core.webui.keyword.internal.WebUIKeywordMain.stepFailed(WebUIKeywordMain.groovy:64)
	at com.kms.katalon.core.webui.keyword.builtin.VerifyElementPresentKeyword$_verifyElementPresent_closure1.doCall(VerifyElementPresentKeyword.groovy:85)
	at com.kms.katalon.core.webui.keyword.builtin.VerifyElementPresentKeyword$_verifyElementPresent_closure1.call(VerifyElementPresentKeyword.groovy)
	at com.kms.katalon.core.webui.keyword.internal.WebUIKeywordMain.runKeyword(WebUIKeywordMain.groovy:20)
	at com.kms.katalon.core.webui.keyword.builtin.VerifyElementPresentKeyword.verifyElementPresent(VerifyElementPresentKeyword.groovy:92)
	at com.kms.katalon.core.webui.keyword.builtin.VerifyElementPresentKeyword.execute(VerifyElementPresentKeyword.groovy:68)
	at com.kms.katalon.core.keyword.internal.KeywordExecutor.executeKeywordForPlatform(KeywordExecutor.groovy:73)
	at com.kms.katalon.core.webui.keyword.WebUiBuiltInKeywords.verifyElementPresent(WebUiBuiltInKeywords.groovy:1444)
	at com.kms.katalon.core.webui.keyword.WebUiBuiltInKeywords$verifyElementPresent$11.call(Unknown Source)
	at ist_real.Contract_Dispatcher.VerifyTblFilled(Contract_Dispatcher.groovy:1313)
	at ist_real.Contract_Dispatcher$VerifyTblFilled$0.call(Unknown Source)
	at RTD.Search_Result_Presents(RTD.groovy:189)
	at cucumber.runtime.Utils$1.call(Utils.java:26)
	at cucumber.runtime.Timeout.timeout(Timeout.java:16)
	at cucumber.runtime.Utils.invoke(Utils.java:20)
	at cucumber.runtime.java.JavaStepDefinition.execute(JavaStepDefinition.java:48)
	at cucumber.runtime.PickleStepDefinitionMatch.runStep(PickleStepDefinitionMatch.java:50)
	at cucumber.runner.TestStep.executeStep(TestStep.java:55)
	at cucumber.runner.TestStep.run(TestStep.java:42)
	at cucumber.runner.PickleStepTestStep.run(PickleStepTestStep.java:53)
	at cucumber.runner.TestCase.run(TestCase.java:47)
	at cucumber.runner.Runner.runPickle(Runner.java:44)
	at cucumber.runtime.Runtime.runFeature(Runtime.java:120)
	at cucumber.runtime.Runtime.run(Runtime.java:106)
	at cucumber.api.cli.Main.run(Main.java:35)
	at cucumber.api.cli.Main$run.call(Unknown Source)
	at com.kms.katalon.core.cucumber.keyword.CucumberBuiltinKeywords$_runFeatureFile_closure1.doCall(CucumberBuiltinKeywords.groovy:76)
	at com.kms.katalon.core.cucumber.keyword.CucumberBuiltinKeywords$_runFeatureFile_closure1.doCall(CucumberBuiltinKeywords.groovy)
	at com.kms.katalon.core.keyword.internal.KeywordMain.runKeyword(KeywordMain.groovy:68)
	at com.kms.katalon.core.keyword.internal.KeywordMain$runKeyword.call(Unknown Source)
	at com.kms.katalon.core.cucumber.keyword.CucumberBuiltinKeywords.runFeatureFile(CucumberBuiltinKeywords.groovy:46)
	at com.kms.katalon.core.cucumber.keyword.CucumberBuiltinKeywords$runFeatureFile$0.callStatic(Unknown Source)
	at com.kms.katalon.core.cucumber.keyword.CucumberBuiltinKeywords.runFeatureFile(CucumberBuiltinKeywords.groovy:169)
	at com.kms.katalon.core.cucumber.keyword.CucumberBuiltinKeywords$runFeatureFile.call(Unknown Source)
	at TC_Search_by_STATUS.run(TC_Search_by_STATUS:18)
	at com.kms.katalon.core.main.ScriptEngine.run(ScriptEngine.java:194)
	at com.kms.katalon.core.main.ScriptEngine.runScriptAsRawText(ScriptEngine.java:119)
	at com.kms.katalon.core.main.TestCaseExecutor.runScript(TestCaseExecutor.java:339)
	at com.kms.katalon.core.main.TestCaseExecutor.doExecute(TestCaseExecutor.java:330)
	at com.kms.katalon.core.main.TestCaseExecutor.processExecutionPhase(TestCaseExecutor.java:309)
	at com.kms.katalon.core.main.TestCaseExecutor.accessMainPhase(TestCaseExecutor.java:301)
	at com.kms.katalon.core.main.TestCaseExecutor.execute(TestCaseExecutor.java:235)
	at com.kms.katalon.core.main.TestSuiteExecutor.accessTestCaseMainPhase(TestSuiteExecutor.java:191)
	at com.kms.katalon.core.main.TestSuiteExecutor.accessTestSuiteMainPhase(TestSuiteExecutor.java:141)
	at com.kms.katalon.core.main.TestSuiteExecutor.execute(TestSuiteExecutor.java:90)
	at com.kms.katalon.core.main.TestCaseMain.startTestSuite(TestCaseMain.java:157)
	at com.kms.katalon.core.main.TestCaseMain$startTestSuite$0.call(Unknown Source)
	at TempTestSuite1612505435654.run(TempTestSuite1612505435654.groovy:39)
)
[[ATTACHMENT|/Users/chaidir.pratama01/Katalon Studio/IST_Automation_Git/Reports/20210205_131034/RTD/TS_Partner_Disbursement_SBO/20210205_131035/1612505957822.png]]

2021-02-05 13:19:18 - [MESSAGE][PASSED] - Verify Search Result Presents

2021-02-05 13:19:18 - [TEST_STEP][PASSED] - Click button "Logout": Click button "Logout"

2021-02-05 13:19:18 - [MESSAGE][INFO] - >>>>>//Button[contains(text(),'Logout')]

2021-02-05 13:19:21 - [MESSAGE][PASSED] - Object '' is present

2021-02-05 13:19:21 - [MESSAGE][PASSED] - Object: '' is clicked on

2021-02-05 13:19:21 - [MESSAGE][PASSED] - Switched to window with index: '0'

2021-02-05 13:19:21 - [MESSAGE][PASSED] - Click button "Logout"

2021-02-05 13:19:21 - [TEST_STEP][PASSED] - Close browser: Close browser

2021-02-05 13:19:21 - [MESSAGE][PASSED] - Browser is closed

2021-02-05 13:19:21 - [MESSAGE][PASSED] - Close browser

2021-02-05 13:19:21 - [TEST_CASE][PASSED] - Start Test Case : SCENARIO Search by STATUS Success to Disburse: SCENARIO Search by STATUS Success to Disburse

2021-02-05 13:19:21 - [TEST_STEP][PASSED] - Go to ISTools: Go to ISTools

2021-02-05 13:19:21 - [MESSAGE][INFO] - Starting 'Chrome (headless)' driver

2021-02-05 13:19:21 - [MESSAGE][INFO] - User set preference: ['args', '[--start-maximized, --disable-gpu, --no-proxy-server, –-no-sandbox, --allow-running-insecure-content, --ignore-certificate-errors, window-size=1680,814, force-device-scale-factor=2, --lang=en-GB]']

2021-02-05 13:19:21 - [MESSAGE][INFO] - User set preference: ['prefs', '{download.default_directory=/Users/chaidir.pratama01/Katalon Studio/IST_Automation_Git/Download}']

2021-02-05 13:19:21 - [MESSAGE][INFO] - Action delay is set to 0 milliseconds

2021-02-05 13:19:22 - [MESSAGE][PASSED] - Browser is opened with url: ''

2021-02-05 13:19:24 - [MESSAGE][PASSED] - Navigate to 'https://dev-istools.homecredit.id/foundation/' successfully

2021-02-05 13:19:24 - [MESSAGE][PASSED] - Go to ISTools

2021-02-05 13:19:24 - [TEST_STEP][PASSED] - Login IST with valid credentials: Login IST with valid credentials

2021-02-05 13:19:24 - [MESSAGE][PASSED] - Text 'mobile.test' is set on object 'Object Repository/Page_/input_Username_j_username'

2021-02-05 13:19:24 - [MESSAGE][PASSED] - Text ****** has been set on object 'Object Repository/Page_/input_Password_j_password'

2021-02-05 13:19:25 - [MESSAGE][PASSED] - Object: 'Object Repository/Page_/button_Login' is clicked on

2021-02-05 13:19:25 - [MESSAGE][PASSED] - Login IST with valid credentials

2021-02-05 13:19:25 - [TEST_STEP][PASSED] - Login Success: Login Success

2021-02-05 13:19:25 - [MESSAGE][INFO] - Login Success

2021-02-05 13:19:25 - [MESSAGE][PASSED] - Current window maximized

2021-02-05 13:19:25 - [MESSAGE][PASSED] - Object 'Object Repository/Page_/h1_Welcome to IT Supporting Tools' is present

2021-02-05 13:19:25 - [MESSAGE][PASSED] - Login Success

2021-02-05 13:19:25 - [TEST_STEP][PASSED] - Select Arrow Menu "Real Time Disbursement": Select Arrow Menu "Real Time Disbursement"

2021-02-05 13:19:25 - [MESSAGE][PASSED] - Object: '' is clicked on

2021-02-05 13:19:25 - [MESSAGE][PASSED] - Select Arrow Menu "Real Time Disbursement"

2021-02-05 13:19:25 - [TEST_STEP][PASSED] - Select Menu "Partner Disbursement SBO": Select Menu "Partner Disbursement SBO"

2021-02-05 13:19:25 - [MESSAGE][PASSED] - Taking screenshot successfully
[[ATTACHMENT|/Users/chaidir.pratama01/Documents/Docs/Katalon Studio/Screenshot/test-Partner Disbursement SBO.png]]

2021-02-05 13:19:25 - [MESSAGE][PASSED] - Object '' is present

2021-02-05 13:19:25 - [MESSAGE][PASSED] - Object: '' is clicked on

2021-02-05 13:19:25 - [MESSAGE][PASSED] - Wait for page load successfully

2021-02-05 13:19:25 - [MESSAGE][PASSED] - Select Menu "Partner Disbursement SBO"

2021-02-05 13:19:25 - [TEST_STEP][PASSED] - Select STATUS "Success to Disburse": Select STATUS "Success to Disburse"

2021-02-05 13:19:26 - [MESSAGE][PASSED] - All options with value 'Success to Disburse' are selected in object ''  using regular expression

2021-02-05 13:19:26 - [MESSAGE][PASSED] - Select STATUS "Success to Disburse"

2021-02-05 13:19:26 - [TEST_STEP][PASSED] - Click button "Search": Click button "Search"

2021-02-05 13:19:26 - [MESSAGE][INFO] - >>>>>//Button[contains(text(),'Search')]

2021-02-05 13:19:29 - [MESSAGE][PASSED] - Object '' is present

2021-02-05 13:19:29 - [MESSAGE][PASSED] - Object: '' is clicked on

2021-02-05 13:19:29 - [MESSAGE][PASSED] - Switched to window with index: '0'

2021-02-05 13:19:29 - [MESSAGE][PASSED] - Click button "Search"

2021-02-05 13:19:29 - [TEST_STEP][PASSED] - Verify Search Result Presents: Verify Search Result Presents

2021-02-05 13:19:33 - [MESSAGE][INFO] - Unable to find the element located by 'By.xpath: //td[@style='display:none' and contains(text(),'-Empty-')]'. Please recheck the objects properties to make sure the desired element is located. 

2021-02-05 13:19:33 - [MESSAGE][WARNING] - com.kms.katalon.core.webui.exception.WebElementNotFoundException: Web element with id: '' located by '//td[@style='display:none' and contains(text(),'-Empty-')]' not found (Root cause: com.kms.katalon.core.exception.StepFailedException: com.kms.katalon.core.webui.exception.WebElementNotFoundException: Web element with id: '' located by '//td[@style='display:none' and contains(text(),'-Empty-')]' not found
	at com.kms.katalon.core.webui.keyword.internal.WebUIKeywordMain.stepFailed(WebUIKeywordMain.groovy:64)
	at com.kms.katalon.core.webui.keyword.builtin.VerifyElementPresentKeyword$_verifyElementPresent_closure1.doCall(VerifyElementPresentKeyword.groovy:85)
	at com.kms.katalon.core.webui.keyword.builtin.VerifyElementPresentKeyword$_verifyElementPresent_closure1.call(VerifyElementPresentKeyword.groovy)
	at com.kms.katalon.core.webui.keyword.internal.WebUIKeywordMain.runKeyword(WebUIKeywordMain.groovy:20)
	at com.kms.katalon.core.webui.keyword.builtin.VerifyElementPresentKeyword.verifyElementPresent(VerifyElementPresentKeyword.groovy:92)
	at com.kms.katalon.core.webui.keyword.builtin.VerifyElementPresentKeyword.execute(VerifyElementPresentKeyword.groovy:68)
	at com.kms.katalon.core.keyword.internal.KeywordExecutor.executeKeywordForPlatform(KeywordExecutor.groovy:73)
	at com.kms.katalon.core.webui.keyword.WebUiBuiltInKeywords.verifyElementPresent(WebUiBuiltInKeywords.groovy:1444)
	at com.kms.katalon.core.webui.keyword.WebUiBuiltInKeywords$verifyElementPresent$11.call(Unknown Source)
	at ist_real.Contract_Dispatcher.VerifyTblFilled(Contract_Dispatcher.groovy:1313)
	at ist_real.Contract_Dispatcher$VerifyTblFilled$0.call(Unknown Source)
	at RTD.Search_Result_Presents(RTD.groovy:189)
	at cucumber.runtime.Utils$1.call(Utils.java:26)
	at cucumber.runtime.Timeout.timeout(Timeout.java:16)
	at cucumber.runtime.Utils.invoke(Utils.java:20)
	at cucumber.runtime.java.JavaStepDefinition.execute(JavaStepDefinition.java:48)
	at cucumber.runtime.PickleStepDefinitionMatch.runStep(PickleStepDefinitionMatch.java:50)
	at cucumber.runner.TestStep.executeStep(TestStep.java:55)
	at cucumber.runner.TestStep.run(TestStep.java:42)
	at cucumber.runner.PickleStepTestStep.run(PickleStepTestStep.java:53)
	at cucumber.runner.TestCase.run(TestCase.java:47)
	at cucumber.runner.Runner.runPickle(Runner.java:44)
	at cucumber.runtime.Runtime.runFeature(Runtime.java:120)
	at cucumber.runtime.Runtime.run(Runtime.java:106)
	at cucumber.api.cli.Main.run(Main.java:35)
	at cucumber.api.cli.Main$run.call(Unknown Source)
	at com.kms.katalon.core.cucumber.keyword.CucumberBuiltinKeywords$_runFeatureFile_closure1.doCall(CucumberBuiltinKeywords.groovy:76)
	at com.kms.katalon.core.cucumber.keyword.CucumberBuiltinKeywords$_runFeatureFile_closure1.doCall(CucumberBuiltinKeywords.groovy)
	at com.kms.katalon.core.keyword.internal.KeywordMain.runKeyword(KeywordMain.groovy:68)
	at com.kms.katalon.core.keyword.internal.KeywordMain$runKeyword.call(Unknown Source)
	at com.kms.katalon.core.cucumber.keyword.CucumberBuiltinKeywords.runFeatureFile(CucumberBuiltinKeywords.groovy:46)
	at com.kms.katalon.core.cucumber.keyword.CucumberBuiltinKeywords$runFeatureFile$0.callStatic(Unknown Source)
	at com.kms.katalon.core.cucumber.keyword.CucumberBuiltinKeywords.runFeatureFile(CucumberBuiltinKeywords.groovy:169)
	at com.kms.katalon.core.cucumber.keyword.CucumberBuiltinKeywords$runFeatureFile.call(Unknown Source)
	at TC_Search_by_STATUS.run(TC_Search_by_STATUS:18)
	at com.kms.katalon.core.main.ScriptEngine.run(ScriptEngine.java:194)
	at com.kms.katalon.core.main.ScriptEngine.runScriptAsRawText(ScriptEngine.java:119)
	at com.kms.katalon.core.main.TestCaseExecutor.runScript(TestCaseExecutor.java:339)
	at com.kms.katalon.core.main.TestCaseExecutor.doExecute(TestCaseExecutor.java:330)
	at com.kms.katalon.core.main.TestCaseExecutor.processExecutionPhase(TestCaseExecutor.java:309)
	at com.kms.katalon.core.main.TestCaseExecutor.accessMainPhase(TestCaseExecutor.java:301)
	at com.kms.katalon.core.main.TestCaseExecutor.execute(TestCaseExecutor.java:235)
	at com.kms.katalon.core.main.TestSuiteExecutor.accessTestCaseMainPhase(TestSuiteExecutor.java:191)
	at com.kms.katalon.core.main.TestSuiteExecutor.accessTestSuiteMainPhase(TestSuiteExecutor.java:141)
	at com.kms.katalon.core.main.TestSuiteExecutor.execute(TestSuiteExecutor.java:90)
	at com.kms.katalon.core.main.TestCaseMain.startTestSuite(TestCaseMain.java:157)
	at com.kms.katalon.core.main.TestCaseMain$startTestSuite$0.call(Unknown Source)
	at TempTestSuite1612505435654.run(TempTestSuite1612505435654.groovy:39)
)
[[ATTACHMENT|/Users/chaidir.pratama01/Katalon Studio/IST_Automation_Git/Reports/20210205_131034/RTD/TS_Partner_Disbursement_SBO/20210205_131035/1612505973435.png]]

2021-02-05 13:19:34 - [MESSAGE][PASSED] - Verify Search Result Presents

2021-02-05 13:19:34 - [TEST_STEP][PASSED] - Click button "Logout": Click button "Logout"

2021-02-05 13:19:34 - [MESSAGE][INFO] - >>>>>//Button[contains(text(),'Logout')]

2021-02-05 13:19:37 - [MESSAGE][PASSED] - Object '' is present

2021-02-05 13:19:37 - [MESSAGE][PASSED] - Object: '' is clicked on

2021-02-05 13:19:37 - [MESSAGE][PASSED] - Switched to window with index: '0'

2021-02-05 13:19:37 - [MESSAGE][PASSED] - Click button "Logout"

2021-02-05 13:19:37 - [TEST_STEP][PASSED] - Close browser: Close browser

2021-02-05 13:19:37 - [MESSAGE][PASSED] - Browser is closed

2021-02-05 13:19:37 - [MESSAGE][PASSED] - Close browser

2021-02-05 13:19:37 - [TEST_CASE][PASSED] - Start Test Case : SCENARIO Search by STATUS Hold Payment Recreation: SCENARIO Search by STATUS Hold Payment Recreation

2021-02-05 13:19:37 - [TEST_STEP][PASSED] - Go to ISTools: Go to ISTools

2021-02-05 13:19:37 - [MESSAGE][INFO] - Starting 'Chrome (headless)' driver

2021-02-05 13:19:37 - [MESSAGE][INFO] - User set preference: ['args', '[--start-maximized, --disable-gpu, --no-proxy-server, –-no-sandbox, --allow-running-insecure-content, --ignore-certificate-errors, window-size=1680,814, force-device-scale-factor=2, --lang=en-GB]']

2021-02-05 13:19:37 - [MESSAGE][INFO] - User set preference: ['prefs', '{download.default_directory=/Users/chaidir.pratama01/Katalon Studio/IST_Automation_Git/Download}']

2021-02-05 13:19:37 - [MESSAGE][INFO] - Action delay is set to 0 milliseconds

2021-02-05 13:19:37 - [MESSAGE][PASSED] - Browser is opened with url: ''

2021-02-05 13:19:39 - [MESSAGE][PASSED] - Navigate to 'https://dev-istools.homecredit.id/foundation/' successfully

2021-02-05 13:19:39 - [MESSAGE][PASSED] - Go to ISTools

2021-02-05 13:19:39 - [TEST_STEP][PASSED] - Login IST with valid credentials: Login IST with valid credentials

2021-02-05 13:19:39 - [MESSAGE][PASSED] - Text 'mobile.test' is set on object 'Object Repository/Page_/input_Username_j_username'

2021-02-05 13:19:40 - [MESSAGE][PASSED] - Text ****** has been set on object 'Object Repository/Page_/input_Password_j_password'

2021-02-05 13:19:40 - [MESSAGE][PASSED] - Object: 'Object Repository/Page_/button_Login' is clicked on

2021-02-05 13:19:40 - [MESSAGE][PASSED] - Login IST with valid credentials

2021-02-05 13:19:40 - [TEST_STEP][PASSED] - Login Success: Login Success

2021-02-05 13:19:40 - [MESSAGE][INFO] - Login Success

2021-02-05 13:19:40 - [MESSAGE][PASSED] - Current window maximized

2021-02-05 13:19:40 - [MESSAGE][PASSED] - Object 'Object Repository/Page_/h1_Welcome to IT Supporting Tools' is present

2021-02-05 13:19:40 - [MESSAGE][PASSED] - Login Success

2021-02-05 13:19:40 - [TEST_STEP][PASSED] - Select Arrow Menu "Real Time Disbursement": Select Arrow Menu "Real Time Disbursement"

2021-02-05 13:19:40 - [MESSAGE][PASSED] - Object: '' is clicked on

2021-02-05 13:19:40 - [MESSAGE][PASSED] - Select Arrow Menu "Real Time Disbursement"

2021-02-05 13:19:40 - [TEST_STEP][PASSED] - Select Menu "Partner Disbursement SBO": Select Menu "Partner Disbursement SBO"

2021-02-05 13:19:41 - [MESSAGE][PASSED] - Taking screenshot successfully
[[ATTACHMENT|/Users/chaidir.pratama01/Documents/Docs/Katalon Studio/Screenshot/test-Partner Disbursement SBO.png]]

2021-02-05 13:19:41 - [MESSAGE][PASSED] - Object '' is present

2021-02-05 13:19:41 - [MESSAGE][PASSED] - Object: '' is clicked on

2021-02-05 13:19:41 - [MESSAGE][PASSED] - Wait for page load successfully

2021-02-05 13:19:41 - [MESSAGE][PASSED] - Select Menu "Partner Disbursement SBO"

2021-02-05 13:19:41 - [TEST_STEP][PASSED] - Select STATUS "Hold Payment Recreation": Select STATUS "Hold Payment Recreation"

2021-02-05 13:19:41 - [MESSAGE][PASSED] - All options with value 'Hold Payment Recreation' are selected in object ''  using regular expression

2021-02-05 13:19:41 - [MESSAGE][PASSED] - Select STATUS "Hold Payment Recreation"

2021-02-05 13:19:41 - [TEST_STEP][PASSED] - Click button "Search": Click button "Search"

2021-02-05 13:19:41 - [MESSAGE][INFO] - >>>>>//Button[contains(text(),'Search')]

2021-02-05 13:19:44 - [MESSAGE][PASSED] - Object '' is present

2021-02-05 13:19:45 - [MESSAGE][PASSED] - Object: '' is clicked on

2021-02-05 13:19:45 - [MESSAGE][PASSED] - Switched to window with index: '0'

2021-02-05 13:19:45 - [MESSAGE][PASSED] - Click button "Search"

2021-02-05 13:19:45 - [TEST_STEP][PASSED] - Verify Search Result Presents: Verify Search Result Presents

2021-02-05 13:19:45 - [MESSAGE][PASSED] - Object '' is present

2021-02-05 13:19:52 - [MESSAGE][PASSED] - Verify Search Result Presents

2021-02-05 13:19:52 - [TEST_STEP][PASSED] - Click button "Logout": Click button "Logout"

2021-02-05 13:19:52 - [MESSAGE][INFO] - >>>>>//Button[contains(text(),'Logout')]

2021-02-05 13:19:55 - [MESSAGE][PASSED] - Object '' is present

2021-02-05 13:19:55 - [MESSAGE][PASSED] - Object: '' is clicked on

2021-02-05 13:19:55 - [MESSAGE][PASSED] - Switched to window with index: '0'

2021-02-05 13:19:55 - [MESSAGE][PASSED] - Click button "Logout"

2021-02-05 13:19:55 - [TEST_STEP][PASSED] - Close browser: Close browser

2021-02-05 13:19:55 - [MESSAGE][PASSED] - Browser is closed

2021-02-05 13:19:55 - [MESSAGE][PASSED] - Close browser

2021-02-05 13:19:55 - [TEST_CASE][PASSED] - Start Test Case : SCENARIO Search by STATUS Waiting Confirmation From SBO: SCENARIO Search by STATUS Waiting Confirmation From SBO

2021-02-05 13:19:55 - [TEST_STEP][PASSED] - Go to ISTools: Go to ISTools

2021-02-05 13:19:55 - [MESSAGE][INFO] - Starting 'Chrome (headless)' driver

2021-02-05 13:19:55 - [MESSAGE][INFO] - User set preference: ['args', '[--start-maximized, --disable-gpu, --no-proxy-server, –-no-sandbox, --allow-running-insecure-content, --ignore-certificate-errors, window-size=1680,814, force-device-scale-factor=2, --lang=en-GB]']

2021-02-05 13:19:55 - [MESSAGE][INFO] - User set preference: ['prefs', '{download.default_directory=/Users/chaidir.pratama01/Katalon Studio/IST_Automation_Git/Download}']

2021-02-05 13:19:55 - [MESSAGE][INFO] - Action delay is set to 0 milliseconds

2021-02-05 13:19:55 - [MESSAGE][PASSED] - Browser is opened with url: ''

2021-02-05 13:19:57 - [MESSAGE][PASSED] - Navigate to 'https://dev-istools.homecredit.id/foundation/' successfully

2021-02-05 13:19:57 - [MESSAGE][PASSED] - Go to ISTools

2021-02-05 13:19:57 - [TEST_STEP][PASSED] - Login IST with valid credentials: Login IST with valid credentials

2021-02-05 13:19:57 - [MESSAGE][PASSED] - Text 'mobile.test' is set on object 'Object Repository/Page_/input_Username_j_username'

2021-02-05 13:19:57 - [MESSAGE][PASSED] - Text ****** has been set on object 'Object Repository/Page_/input_Password_j_password'

2021-02-05 13:19:58 - [MESSAGE][PASSED] - Object: 'Object Repository/Page_/button_Login' is clicked on

2021-02-05 13:19:58 - [MESSAGE][PASSED] - Login IST with valid credentials

2021-02-05 13:19:58 - [TEST_STEP][PASSED] - Login Success: Login Success

2021-02-05 13:19:58 - [MESSAGE][INFO] - Login Success

2021-02-05 13:19:58 - [MESSAGE][PASSED] - Current window maximized

2021-02-05 13:19:58 - [MESSAGE][PASSED] - Object 'Object Repository/Page_/h1_Welcome to IT Supporting Tools' is present

2021-02-05 13:19:58 - [MESSAGE][PASSED] - Login Success

2021-02-05 13:19:58 - [TEST_STEP][PASSED] - Select Arrow Menu "Real Time Disbursement": Select Arrow Menu "Real Time Disbursement"

2021-02-05 13:19:58 - [MESSAGE][PASSED] - Object: '' is clicked on

2021-02-05 13:19:58 - [MESSAGE][PASSED] - Select Arrow Menu "Real Time Disbursement"

2021-02-05 13:19:58 - [TEST_STEP][PASSED] - Select Menu "Partner Disbursement SBO": Select Menu "Partner Disbursement SBO"

2021-02-05 13:19:59 - [MESSAGE][PASSED] - Taking screenshot successfully
[[ATTACHMENT|/Users/chaidir.pratama01/Documents/Docs/Katalon Studio/Screenshot/test-Partner Disbursement SBO.png]]

2021-02-05 13:19:59 - [MESSAGE][PASSED] - Object '' is present

2021-02-05 13:19:59 - [MESSAGE][PASSED] - Object: '' is clicked on

2021-02-05 13:19:59 - [MESSAGE][PASSED] - Wait for page load successfully

2021-02-05 13:19:59 - [MESSAGE][PASSED] - Select Menu "Partner Disbursement SBO"

2021-02-05 13:19:59 - [TEST_STEP][PASSED] - Select STATUS "Waiting Confirmation From SBO": Select STATUS "Waiting Confirmation From SBO"

2021-02-05 13:19:59 - [MESSAGE][PASSED] - All options with value 'Waiting Confirmation From SBO' are selected in object ''  using regular expression

2021-02-05 13:19:59 - [MESSAGE][PASSED] - Select STATUS "Waiting Confirmation From SBO"

2021-02-05 13:19:59 - [TEST_STEP][PASSED] - Click button "Search": Click button "Search"

2021-02-05 13:19:59 - [MESSAGE][INFO] - >>>>>//Button[contains(text(),'Search')]

2021-02-05 13:20:02 - [MESSAGE][PASSED] - Object '' is present

2021-02-05 13:20:02 - [MESSAGE][PASSED] - Object: '' is clicked on

2021-02-05 13:20:02 - [MESSAGE][PASSED] - Switched to window with index: '0'

2021-02-05 13:20:02 - [MESSAGE][PASSED] - Click button "Search"

2021-02-05 13:20:02 - [TEST_STEP][PASSED] - Verify Search Result Presents: Verify Search Result Presents

2021-02-05 13:20:03 - [MESSAGE][PASSED] - Object '' is present

2021-02-05 13:20:05 - [MESSAGE][PASSED] - Verify Search Result Presents

2021-02-05 13:20:05 - [TEST_STEP][PASSED] - Click button "Logout": Click button "Logout"

2021-02-05 13:20:05 - [MESSAGE][INFO] - >>>>>//Button[contains(text(),'Logout')]

2021-02-05 13:20:08 - [MESSAGE][PASSED] - Object '' is present

2021-02-05 13:20:08 - [MESSAGE][PASSED] - Object: '' is clicked on

2021-02-05 13:20:09 - [MESSAGE][PASSED] - Switched to window with index: '0'

2021-02-05 13:20:09 - [MESSAGE][PASSED] - Click button "Logout"

2021-02-05 13:20:09 - [TEST_STEP][PASSED] - Close browser: Close browser

2021-02-05 13:20:09 - [MESSAGE][PASSED] - Browser is closed

2021-02-05 13:20:09 - [MESSAGE][PASSED] - Close browser

2021-02-05 13:20:09 - [TEST_CASE][PASSED] - Start Test Case : SCENARIO Search by STATUS Hold Payment Insufficient Fund: SCENARIO Search by STATUS Hold Payment Insufficient Fund

2021-02-05 13:20:09 - [TEST_STEP][PASSED] - Go to ISTools: Go to ISTools

2021-02-05 13:20:09 - [MESSAGE][INFO] - Starting 'Chrome (headless)' driver

2021-02-05 13:20:09 - [MESSAGE][INFO] - User set preference: ['args', '[--start-maximized, --disable-gpu, --no-proxy-server, –-no-sandbox, --allow-running-insecure-content, --ignore-certificate-errors, window-size=1680,814, force-device-scale-factor=2, --lang=en-GB]']

2021-02-05 13:20:09 - [MESSAGE][INFO] - User set preference: ['prefs', '{download.default_directory=/Users/chaidir.pratama01/Katalon Studio/IST_Automation_Git/Download}']

2021-02-05 13:20:09 - [MESSAGE][INFO] - Action delay is set to 0 milliseconds

2021-02-05 13:20:09 - [MESSAGE][PASSED] - Browser is opened with url: ''

2021-02-05 13:20:11 - [MESSAGE][PASSED] - Navigate to 'https://dev-istools.homecredit.id/foundation/' successfully

2021-02-05 13:20:11 - [MESSAGE][PASSED] - Go to ISTools

2021-02-05 13:20:11 - [TEST_STEP][PASSED] - Login IST with valid credentials: Login IST with valid credentials

2021-02-05 13:20:11 - [MESSAGE][PASSED] - Text 'mobile.test' is set on object 'Object Repository/Page_/input_Username_j_username'

2021-02-05 13:20:11 - [MESSAGE][PASSED] - Text ****** has been set on object 'Object Repository/Page_/input_Password_j_password'

2021-02-05 13:20:12 - [MESSAGE][PASSED] - Object: 'Object Repository/Page_/button_Login' is clicked on

2021-02-05 13:20:12 - [MESSAGE][PASSED] - Login IST with valid credentials

2021-02-05 13:20:12 - [TEST_STEP][PASSED] - Login Success: Login Success

2021-02-05 13:20:12 - [MESSAGE][INFO] - Login Success

2021-02-05 13:20:12 - [MESSAGE][PASSED] - Current window maximized

2021-02-05 13:20:12 - [MESSAGE][PASSED] - Object 'Object Repository/Page_/h1_Welcome to IT Supporting Tools' is present

2021-02-05 13:20:12 - [MESSAGE][PASSED] - Login Success

2021-02-05 13:20:12 - [TEST_STEP][PASSED] - Select Arrow Menu "Real Time Disbursement": Select Arrow Menu "Real Time Disbursement"

2021-02-05 13:20:12 - [MESSAGE][PASSED] - Object: '' is clicked on

2021-02-05 13:20:12 - [MESSAGE][PASSED] - Select Arrow Menu "Real Time Disbursement"

2021-02-05 13:20:12 - [TEST_STEP][PASSED] - Select Menu "Partner Disbursement SBO": Select Menu "Partner Disbursement SBO"

2021-02-05 13:20:13 - [MESSAGE][PASSED] - Taking screenshot successfully
[[ATTACHMENT|/Users/chaidir.pratama01/Documents/Docs/Katalon Studio/Screenshot/test-Partner Disbursement SBO.png]]

2021-02-05 13:20:13 - [MESSAGE][PASSED] - Object '' is present

2021-02-05 13:20:13 - [MESSAGE][PASSED] - Object: '' is clicked on

2021-02-05 13:20:13 - [MESSAGE][PASSED] - Wait for page load successfully

2021-02-05 13:20:13 - [MESSAGE][PASSED] - Select Menu "Partner Disbursement SBO"

2021-02-05 13:20:13 - [TEST_STEP][PASSED] - Select STATUS "Hold Payment Insufficient Fund": Select STATUS "Hold Payment Insufficient Fund"

2021-02-05 13:20:13 - [MESSAGE][PASSED] - All options with value 'Hold Payment Insufficient Fund' are selected in object ''  using regular expression

2021-02-05 13:20:13 - [MESSAGE][PASSED] - Select STATUS "Hold Payment Insufficient Fund"

2021-02-05 13:20:13 - [TEST_STEP][PASSED] - Click button "Search": Click button "Search"

2021-02-05 13:20:13 - [MESSAGE][INFO] - >>>>>//Button[contains(text(),'Search')]

2021-02-05 13:20:17 - [MESSAGE][PASSED] - Object '' is present

2021-02-05 13:20:17 - [MESSAGE][PASSED] - Object: '' is clicked on

2021-02-05 13:20:17 - [MESSAGE][PASSED] - Switched to window with index: '0'

2021-02-05 13:20:17 - [MESSAGE][PASSED] - Click button "Search"

2021-02-05 13:20:17 - [TEST_STEP][PASSED] - Verify Search Result Presents: Verify Search Result Presents

2021-02-05 13:20:21 - [MESSAGE][INFO] - Unable to find the element located by 'By.xpath: //td[@style='display:none' and contains(text(),'-Empty-')]'. Please recheck the objects properties to make sure the desired element is located. 

2021-02-05 13:20:21 - [MESSAGE][WARNING] - com.kms.katalon.core.webui.exception.WebElementNotFoundException: Web element with id: '' located by '//td[@style='display:none' and contains(text(),'-Empty-')]' not found (Root cause: com.kms.katalon.core.exception.StepFailedException: com.kms.katalon.core.webui.exception.WebElementNotFoundException: Web element with id: '' located by '//td[@style='display:none' and contains(text(),'-Empty-')]' not found
	at com.kms.katalon.core.webui.keyword.internal.WebUIKeywordMain.stepFailed(WebUIKeywordMain.groovy:64)
	at com.kms.katalon.core.webui.keyword.builtin.VerifyElementPresentKeyword$_verifyElementPresent_closure1.doCall(VerifyElementPresentKeyword.groovy:85)
	at com.kms.katalon.core.webui.keyword.builtin.VerifyElementPresentKeyword$_verifyElementPresent_closure1.call(VerifyElementPresentKeyword.groovy)
	at com.kms.katalon.core.webui.keyword.internal.WebUIKeywordMain.runKeyword(WebUIKeywordMain.groovy:20)
	at com.kms.katalon.core.webui.keyword.builtin.VerifyElementPresentKeyword.verifyElementPresent(VerifyElementPresentKeyword.groovy:92)
	at com.kms.katalon.core.webui.keyword.builtin.VerifyElementPresentKeyword.execute(VerifyElementPresentKeyword.groovy:68)
	at com.kms.katalon.core.keyword.internal.KeywordExecutor.executeKeywordForPlatform(KeywordExecutor.groovy:73)
	at com.kms.katalon.core.webui.keyword.WebUiBuiltInKeywords.verifyElementPresent(WebUiBuiltInKeywords.groovy:1444)
	at com.kms.katalon.core.webui.keyword.WebUiBuiltInKeywords$verifyElementPresent$11.call(Unknown Source)
	at ist_real.Contract_Dispatcher.VerifyTblFilled(Contract_Dispatcher.groovy:1313)
	at ist_real.Contract_Dispatcher$VerifyTblFilled$0.call(Unknown Source)
	at RTD.Search_Result_Presents(RTD.groovy:189)
	at cucumber.runtime.Utils$1.call(Utils.java:26)
	at cucumber.runtime.Timeout.timeout(Timeout.java:16)
	at cucumber.runtime.Utils.invoke(Utils.java:20)
	at cucumber.runtime.java.JavaStepDefinition.execute(JavaStepDefinition.java:48)
	at cucumber.runtime.PickleStepDefinitionMatch.runStep(PickleStepDefinitionMatch.java:50)
	at cucumber.runner.TestStep.executeStep(TestStep.java:55)
	at cucumber.runner.TestStep.run(TestStep.java:42)
	at cucumber.runner.PickleStepTestStep.run(PickleStepTestStep.java:53)
	at cucumber.runner.TestCase.run(TestCase.java:47)
	at cucumber.runner.Runner.runPickle(Runner.java:44)
	at cucumber.runtime.Runtime.runFeature(Runtime.java:120)
	at cucumber.runtime.Runtime.run(Runtime.java:106)
	at cucumber.api.cli.Main.run(Main.java:35)
	at cucumber.api.cli.Main$run.call(Unknown Source)
	at com.kms.katalon.core.cucumber.keyword.CucumberBuiltinKeywords$_runFeatureFile_closure1.doCall(CucumberBuiltinKeywords.groovy:76)
	at com.kms.katalon.core.cucumber.keyword.CucumberBuiltinKeywords$_runFeatureFile_closure1.doCall(CucumberBuiltinKeywords.groovy)
	at com.kms.katalon.core.keyword.internal.KeywordMain.runKeyword(KeywordMain.groovy:68)
	at com.kms.katalon.core.keyword.internal.KeywordMain$runKeyword.call(Unknown Source)
	at com.kms.katalon.core.cucumber.keyword.CucumberBuiltinKeywords.runFeatureFile(CucumberBuiltinKeywords.groovy:46)
	at com.kms.katalon.core.cucumber.keyword.CucumberBuiltinKeywords$runFeatureFile$0.callStatic(Unknown Source)
	at com.kms.katalon.core.cucumber.keyword.CucumberBuiltinKeywords.runFeatureFile(CucumberBuiltinKeywords.groovy:169)
	at com.kms.katalon.core.cucumber.keyword.CucumberBuiltinKeywords$runFeatureFile.call(Unknown Source)
	at TC_Search_by_STATUS.run(TC_Search_by_STATUS:18)
	at com.kms.katalon.core.main.ScriptEngine.run(ScriptEngine.java:194)
	at com.kms.katalon.core.main.ScriptEngine.runScriptAsRawText(ScriptEngine.java:119)
	at com.kms.katalon.core.main.TestCaseExecutor.runScript(TestCaseExecutor.java:339)
	at com.kms.katalon.core.main.TestCaseExecutor.doExecute(TestCaseExecutor.java:330)
	at com.kms.katalon.core.main.TestCaseExecutor.processExecutionPhase(TestCaseExecutor.java:309)
	at com.kms.katalon.core.main.TestCaseExecutor.accessMainPhase(TestCaseExecutor.java:301)
	at com.kms.katalon.core.main.TestCaseExecutor.execute(TestCaseExecutor.java:235)
	at com.kms.katalon.core.main.TestSuiteExecutor.accessTestCaseMainPhase(TestSuiteExecutor.java:191)
	at com.kms.katalon.core.main.TestSuiteExecutor.accessTestSuiteMainPhase(TestSuiteExecutor.java:141)
	at com.kms.katalon.core.main.TestSuiteExecutor.execute(TestSuiteExecutor.java:90)
	at com.kms.katalon.core.main.TestCaseMain.startTestSuite(TestCaseMain.java:157)
	at com.kms.katalon.core.main.TestCaseMain$startTestSuite$0.call(Unknown Source)
	at TempTestSuite1612505435654.run(TempTestSuite1612505435654.groovy:39)
)
[[ATTACHMENT|/Users/chaidir.pratama01/Katalon Studio/IST_Automation_Git/Reports/20210205_131034/RTD/TS_Partner_Disbursement_SBO/20210205_131035/1612506021067.png]]

2021-02-05 13:20:21 - [MESSAGE][PASSED] - Verify Search Result Presents

2021-02-05 13:20:21 - [TEST_STEP][PASSED] - Click button "Logout": Click button "Logout"

2021-02-05 13:20:21 - [MESSAGE][INFO] - >>>>>//Button[contains(text(),'Logout')]

2021-02-05 13:20:24 - [MESSAGE][PASSED] - Object '' is present

2021-02-05 13:20:25 - [MESSAGE][PASSED] - Object: '' is clicked on

2021-02-05 13:20:25 - [MESSAGE][PASSED] - Switched to window with index: '0'

2021-02-05 13:20:25 - [MESSAGE][PASSED] - Click button "Logout"

2021-02-05 13:20:25 - [TEST_STEP][PASSED] - Close browser: Close browser

2021-02-05 13:20:25 - [MESSAGE][PASSED] - Browser is closed

2021-02-05 13:20:25 - [MESSAGE][PASSED] - Close browser

2021-02-05 13:20:25 - [MESSAGE][PASSED] - Feature file: 'Include/features/IST_Real/RTD/Partner Disbursement SBO/Search_by_STATUS.feature' was passed]]></system-out>
         <system-err><![CDATA[]]></system-err>
      </testcase>
      <testcase name="Test Cases/RTD/Partner Disbursement SBO/TC_Search_by_OrderID" time="8.177" classname="Test Cases/RTD/Partner Disbursement SBO/TC_Search_by_OrderID" status="PASSED">
         <system-out><![CDATA[2021-02-05 13:20:25 - [TEST_CASE][PASSED] - Test Cases/RTD/Partner Disbursement SBO/TC_Search_by_OrderID: Test Cases/RTD/Partner Disbursement SBO/TC_Search_by_OrderID

2021-02-05 13:20:25 - [TEST_STEP][PASSED] - runFeatureFile("Include/features/IST_Real/RTD/Partner Disbursement SBO/Search_by_OrderID.feature"): Feature file: 'Include/features/IST_Real/RTD/Partner Disbursement SBO/Search_by_OrderID.feature' was passed

2021-02-05 13:20:25 - [MESSAGE][INFO] - Starting run keyword runFeatureFile: 'Include/features/IST_Real/RTD/Partner Disbursement SBO/Search_by_OrderID.feature' and extract report to folder: '/Users/chaidir.pratama01/Katalon Studio/IST_Automation_Git/Reports/20210205_131034/RTD/TS_Partner_Disbursement_SBO/20210205_131035/cucumber_report/1612506025334'...

2021-02-05 13:20:25 - [TEST_CASE][PASSED] - Start Test Case : SCENARIO Search by Contract Number and it found on Dashboard: SCENARIO Search by Contract Number and it found on Dashboard

2021-02-05 13:20:25 - [TEST_STEP][PASSED] - Go to ISTools: Go to ISTools

2021-02-05 13:20:25 - [MESSAGE][INFO] - Starting 'Chrome (headless)' driver

2021-02-05 13:20:25 - [MESSAGE][INFO] - User set preference: ['args', '[--start-maximized, --disable-gpu, --no-proxy-server, –-no-sandbox, --allow-running-insecure-content, --ignore-certificate-errors, window-size=1680,814, force-device-scale-factor=2, --lang=en-GB]']

2021-02-05 13:20:25 - [MESSAGE][INFO] - User set preference: ['prefs', '{download.default_directory=/Users/chaidir.pratama01/Katalon Studio/IST_Automation_Git/Download}']

2021-02-05 13:20:25 - [MESSAGE][INFO] - Action delay is set to 0 milliseconds

2021-02-05 13:20:25 - [MESSAGE][PASSED] - Browser is opened with url: ''

2021-02-05 13:20:27 - [MESSAGE][PASSED] - Navigate to 'https://dev-istools.homecredit.id/foundation/' successfully

2021-02-05 13:20:27 - [MESSAGE][PASSED] - Go to ISTools

2021-02-05 13:20:27 - [TEST_STEP][PASSED] - Login IST with valid credentials: Login IST with valid credentials

2021-02-05 13:20:27 - [MESSAGE][PASSED] - Text 'mobile.test' is set on object 'Object Repository/Page_/input_Username_j_username'

2021-02-05 13:20:27 - [MESSAGE][PASSED] - Text ****** has been set on object 'Object Repository/Page_/input_Password_j_password'

2021-02-05 13:20:28 - [MESSAGE][PASSED] - Object: 'Object Repository/Page_/button_Login' is clicked on

2021-02-05 13:20:28 - [MESSAGE][PASSED] - Login IST with valid credentials

2021-02-05 13:20:28 - [TEST_STEP][PASSED] - Login Success: Login Success

2021-02-05 13:20:28 - [MESSAGE][INFO] - Login Success

2021-02-05 13:20:28 - [MESSAGE][PASSED] - Current window maximized

2021-02-05 13:20:28 - [MESSAGE][PASSED] - Object 'Object Repository/Page_/h1_Welcome to IT Supporting Tools' is present

2021-02-05 13:20:28 - [MESSAGE][PASSED] - Login Success

2021-02-05 13:20:28 - [TEST_STEP][PASSED] - Select Arrow Menu "Real Time Disbursement": Select Arrow Menu "Real Time Disbursement"

2021-02-05 13:20:28 - [MESSAGE][PASSED] - Object: '' is clicked on

2021-02-05 13:20:28 - [MESSAGE][PASSED] - Select Arrow Menu "Real Time Disbursement"

2021-02-05 13:20:28 - [TEST_STEP][PASSED] - Select Menu "Partner Disbursement SBO": Select Menu "Partner Disbursement SBO"

2021-02-05 13:20:29 - [MESSAGE][PASSED] - Taking screenshot successfully
[[ATTACHMENT|/Users/chaidir.pratama01/Documents/Docs/Katalon Studio/Screenshot/test-Partner Disbursement SBO.png]]

2021-02-05 13:20:29 - [MESSAGE][PASSED] - Object '' is present

2021-02-05 13:20:29 - [MESSAGE][PASSED] - Object: '' is clicked on

2021-02-05 13:20:29 - [MESSAGE][PASSED] - Wait for page load successfully

2021-02-05 13:20:29 - [MESSAGE][PASSED] - Select Menu "Partner Disbursement SBO"

2021-02-05 13:20:29 - [TEST_STEP][PASSED] - Input "Order ID" for "Partner Disbursement": Input "Order ID" for "Partner Disbursement"

2021-02-05 13:20:29 - [MESSAGE][PASSED] - Text '10037914991' is set on object ''

2021-02-05 13:20:29 - [MESSAGE][PASSED] - Input "Order ID" for "Partner Disbursement"

2021-02-05 13:20:29 - [TEST_STEP][PASSED] - Click button "Search": Click button "Search"

2021-02-05 13:20:29 - [MESSAGE][INFO] - >>>>>//Button[contains(text(),'Search')]

2021-02-05 13:20:32 - [MESSAGE][PASSED] - Object '' is present

2021-02-05 13:20:32 - [MESSAGE][PASSED] - Object: '' is clicked on

2021-02-05 13:20:32 - [MESSAGE][PASSED] - Switched to window with index: '0'

2021-02-05 13:20:32 - [MESSAGE][PASSED] - Click button "Search"

2021-02-05 13:20:32 - [TEST_STEP][PASSED] - Verify Search Result Presents: Verify Search Result Presents

2021-02-05 13:20:32 - [MESSAGE][PASSED] - Object '' is present

2021-02-05 13:20:33 - [MESSAGE][PASSED] - Verify Search Result Presents

2021-02-05 13:20:33 - [MESSAGE][PASSED] - Feature file: 'Include/features/IST_Real/RTD/Partner Disbursement SBO/Search_by_OrderID.feature' was passed]]></system-out>
         <system-err><![CDATA[]]></system-err>
      </testcase>
      <testcase name="Test Cases/RTD/Partner Disbursement SBO/TC_Search_by_Contract_Number" time="8.446" classname="Test Cases/RTD/Partner Disbursement SBO/TC_Search_by_Contract_Number" status="PASSED">
         <system-out><![CDATA[2021-02-05 13:20:33 - [TEST_CASE][PASSED] - Test Cases/RTD/Partner Disbursement SBO/TC_Search_by_Contract_Number: Test Cases/RTD/Partner Disbursement SBO/TC_Search_by_Contract_Number

2021-02-05 13:20:33 - [TEST_STEP][PASSED] - runFeatureFile("Include/features/IST_Real/RTD/Partner Disbursement SBO/Search_by_Contract_Number.feature"): Feature file: 'Include/features/IST_Real/RTD/Partner Disbursement SBO/Search_by_Contract_Number.feature' was passed

2021-02-05 13:20:33 - [MESSAGE][INFO] - Starting run keyword runFeatureFile: 'Include/features/IST_Real/RTD/Partner Disbursement SBO/Search_by_Contract_Number.feature' and extract report to folder: '/Users/chaidir.pratama01/Katalon Studio/IST_Automation_Git/Reports/20210205_131034/RTD/TS_Partner_Disbursement_SBO/20210205_131035/cucumber_report/1612506033504'...

2021-02-05 13:20:33 - [TEST_CASE][PASSED] - Start Test Case : SCENARIO Search by Contract Number and it found on Dashboard: SCENARIO Search by Contract Number and it found on Dashboard

2021-02-05 13:20:33 - [TEST_STEP][PASSED] - Go to ISTools: Go to ISTools

2021-02-05 13:20:33 - [MESSAGE][WARNING] - A browser is already opened. Closing browser and opening a new one

2021-02-05 13:20:33 - [MESSAGE][INFO] - Starting 'Chrome (headless)' driver

2021-02-05 13:20:33 - [MESSAGE][INFO] - User set preference: ['args', '[--start-maximized, --disable-gpu, --no-proxy-server, –-no-sandbox, --allow-running-insecure-content, --ignore-certificate-errors, window-size=1680,814, force-device-scale-factor=2, --lang=en-GB]']

2021-02-05 13:20:33 - [MESSAGE][INFO] - User set preference: ['prefs', '{download.default_directory=/Users/chaidir.pratama01/Katalon Studio/IST_Automation_Git/Download}']

2021-02-05 13:20:33 - [MESSAGE][INFO] - Action delay is set to 0 milliseconds

2021-02-05 13:20:34 - [MESSAGE][PASSED] - Browser is opened with url: ''

2021-02-05 13:20:35 - [MESSAGE][PASSED] - Navigate to 'https://dev-istools.homecredit.id/foundation/' successfully

2021-02-05 13:20:35 - [MESSAGE][PASSED] - Go to ISTools

2021-02-05 13:20:35 - [TEST_STEP][PASSED] - Login IST with valid credentials: Login IST with valid credentials

2021-02-05 13:20:35 - [MESSAGE][PASSED] - Text 'mobile.test' is set on object 'Object Repository/Page_/input_Username_j_username'

2021-02-05 13:20:36 - [MESSAGE][PASSED] - Text ****** has been set on object 'Object Repository/Page_/input_Password_j_password'

2021-02-05 13:20:36 - [MESSAGE][PASSED] - Object: 'Object Repository/Page_/button_Login' is clicked on

2021-02-05 13:20:36 - [MESSAGE][PASSED] - Login IST with valid credentials

2021-02-05 13:20:36 - [TEST_STEP][PASSED] - Login Success: Login Success

2021-02-05 13:20:36 - [MESSAGE][INFO] - Login Success

2021-02-05 13:20:36 - [MESSAGE][PASSED] - Current window maximized

2021-02-05 13:20:36 - [MESSAGE][PASSED] - Object 'Object Repository/Page_/h1_Welcome to IT Supporting Tools' is present

2021-02-05 13:20:36 - [MESSAGE][PASSED] - Login Success

2021-02-05 13:20:36 - [TEST_STEP][PASSED] - Select Arrow Menu "Real Time Disbursement": Select Arrow Menu "Real Time Disbursement"

2021-02-05 13:20:37 - [MESSAGE][PASSED] - Object: '' is clicked on

2021-02-05 13:20:37 - [MESSAGE][PASSED] - Select Arrow Menu "Real Time Disbursement"

2021-02-05 13:20:37 - [TEST_STEP][PASSED] - Select Menu "Partner Disbursement SBO": Select Menu "Partner Disbursement SBO"

2021-02-05 13:20:37 - [MESSAGE][PASSED] - Taking screenshot successfully
[[ATTACHMENT|/Users/chaidir.pratama01/Documents/Docs/Katalon Studio/Screenshot/test-Partner Disbursement SBO.png]]

2021-02-05 13:20:37 - [MESSAGE][PASSED] - Object '' is present

2021-02-05 13:20:37 - [MESSAGE][PASSED] - Object: '' is clicked on

2021-02-05 13:20:37 - [MESSAGE][PASSED] - Wait for page load successfully

2021-02-05 13:20:37 - [MESSAGE][PASSED] - Select Menu "Partner Disbursement SBO"

2021-02-05 13:20:37 - [TEST_STEP][PASSED] - Input Contract RTD in Contract Number label: Input Contract RTD in Contract Number label

2021-02-05 13:20:37 - [MESSAGE][PASSED] - Text '4000014162' is set on object ''

2021-02-05 13:20:37 - [MESSAGE][PASSED] - Input Contract RTD in Contract Number label

2021-02-05 13:20:37 - [TEST_STEP][PASSED] - Click button "Search": Click button "Search"

2021-02-05 13:20:37 - [MESSAGE][INFO] - >>>>>//Button[contains(text(),'Search')]

2021-02-05 13:20:41 - [MESSAGE][PASSED] - Object '' is present

2021-02-05 13:20:41 - [MESSAGE][PASSED] - Object: '' is clicked on

2021-02-05 13:20:41 - [MESSAGE][PASSED] - Switched to window with index: '0'

2021-02-05 13:20:41 - [MESSAGE][PASSED] - Click button "Search"

2021-02-05 13:20:41 - [TEST_STEP][PASSED] - Verify Search Result Presents: Verify Search Result Presents

2021-02-05 13:20:41 - [MESSAGE][PASSED] - Object '' is present

2021-02-05 13:20:41 - [MESSAGE][PASSED] - Verify Search Result Presents

2021-02-05 13:20:41 - [MESSAGE][PASSED] - Feature file: 'Include/features/IST_Real/RTD/Partner Disbursement SBO/Search_by_Contract_Number.feature' was passed]]></system-out>
         <system-err><![CDATA[]]></system-err>
      </testcase>
      <system-out><![CDATA[2021-02-05 13:15:57 - [TEST_SUITE][PASSED] - TS_Partner_Disbursement_SBO: Test Cases/RTD/Partner Disbursement SBO/TC_Search_by_Contract_Number]]></system-out>
      <system-err><![CDATA[]]></system-err>
   </testsuite>
</testsuites>
