<?xml version="1.0" encoding="UTF-8"?>
<testsuites name="TS_Partner_Disbursement_SBO" time="257.874" tests="3" failures="0" errors="0">
   <testsuite name="TS_Partner_Disbursement_SBO" tests="3" failures="0" errors="0" time="257.874" timestamp="2021-01-21 17:30:29" hostname="chaidir.pratama01 - localhost" id="Test Suites/RTD/TS_Partner_Disbursement_SBO">
      <properties>
         <property name="deviceName" value=""/>
         <property name="devicePlatform" value=""/>
         <property name="logFolder" value="/Users/chaidir.pratama01/Katalon Studio/IST_Automation_Git/Reports/20210121_172548/RTD/TS_Partner_Disbursement_SBO/20210121_172549"/>
         <property name="logFiles" value="/Users/chaidir.pratama01/Katalon Studio/IST_Automation_Git/Reports/20210121_172548/RTD/TS_Partner_Disbursement_SBO/20210121_172549/execution0.log"/>
         <property name="attachments" value="/Users/chaidir.pratama01/Documents/Docs/Katalon Studio/Screenshot/test-Partner Disbursement SBO.png, /Users/chaidir.pratama01/Documents/Docs/Katalon Studio/Screenshot/test-Partner Disbursement SBO.png, /Users/chaidir.pratama01/Katalon Studio/IST_Automation_Git/Reports/20210121_172548/RTD/TS_Partner_Disbursement_SBO/20210121_172549/1611225053303.png, /Users/chaidir.pratama01/Documents/Docs/Katalon Studio/Screenshot/test-Partner Disbursement SBO.png, /Users/chaidir.pratama01/Katalon Studio/IST_Automation_Git/Reports/20210121_172548/RTD/TS_Partner_Disbursement_SBO/20210121_172549/1611225069261.png, /Users/chaidir.pratama01/Documents/Docs/Katalon Studio/Screenshot/test-Partner Disbursement SBO.png, /Users/chaidir.pratama01/Katalon Studio/IST_Automation_Git/Reports/20210121_172548/RTD/TS_Partner_Disbursement_SBO/20210121_172549/1611225083412.png, /Users/chaidir.pratama01/Documents/Docs/Katalon Studio/Screenshot/test-Partner Disbursement SBO.png, /Users/chaidir.pratama01/Documents/Docs/Katalon Studio/Screenshot/test-Partner Disbursement SBO.png, /Users/chaidir.pratama01/Katalon Studio/IST_Automation_Git/Reports/20210121_172548/RTD/TS_Partner_Disbursement_SBO/20210121_172549/1611225111400.png, /Users/chaidir.pratama01/Documents/Docs/Katalon Studio/Screenshot/test-Partner Disbursement SBO.png, /Users/chaidir.pratama01/Documents/Docs/Katalon Studio/Screenshot/test-Partner Disbursement SBO.png, /Users/chaidir.pratama01/Katalon Studio/IST_Automation_Git/Reports/20210121_172548/RTD/TS_Partner_Disbursement_SBO/20210121_172549/1611225136638.png, /Users/chaidir.pratama01/Documents/Docs/Katalon Studio/Screenshot/test-Partner Disbursement SBO.png, /Users/chaidir.pratama01/Katalon Studio/IST_Automation_Git/Reports/20210121_172548/RTD/TS_Partner_Disbursement_SBO/20210121_172549/1611225150744.png, /Users/chaidir.pratama01/Documents/Docs/Katalon Studio/Screenshot/test-Partner Disbursement SBO.png, /Users/chaidir.pratama01/Documents/Docs/Katalon Studio/Screenshot/test-Partner Disbursement SBO.png, /Users/chaidir.pratama01/Documents/Docs/Katalon Studio/Screenshot/test-Partner Disbursement SBO.png, /Users/chaidir.pratama01/Katalon Studio/IST_Automation_Git/Reports/20210121_172548/RTD/TS_Partner_Disbursement_SBO/20210121_172549/1611225201287.png, /Users/chaidir.pratama01/Documents/Docs/Katalon Studio/Screenshot/test-Partner Disbursement SBO.png, /Users/chaidir.pratama01/Katalon Studio/IST_Automation_Git/Reports/20210121_172548/RTD/TS_Partner_Disbursement_SBO/20210121_172549/1611225215555.png, /Users/chaidir.pratama01/Documents/Docs/Katalon Studio/Screenshot/test-Partner Disbursement SBO.png, /Users/chaidir.pratama01/Documents/Docs/Katalon Studio/Screenshot/test-Partner Disbursement SBO.png, /Users/chaidir.pratama01/Documents/Docs/Katalon Studio/Screenshot/test-Partner Disbursement SBO.png, /Users/chaidir.pratama01/Katalon Studio/IST_Automation_Git/Reports/20210121_172548/RTD/TS_Partner_Disbursement_SBO/20210121_172549/1611225258512.png, /Users/chaidir.pratama01/Documents/Docs/Katalon Studio/Screenshot/test-Partner Disbursement SBO.png, /Users/chaidir.pratama01/Documents/Docs/Katalon Studio/Screenshot/test-Partner Disbursement SBO.png"/>
         <property name="hostName" value="chaidir.pratama01 - localhost"/>
         <property name="os" value="Mac OS X 64bit"/>
         <property name="katalonVersion" value="7.6.0.${buildNumber}"/>
         <property name="browser" value="Chrome 87.0.4280.141"/>
         <property name="hostAddress" value="127.0.0.1"/>
         <property name="sessionId" value="1219cceafea5b801b217b6ae8c8cad75"/>
         <property name="seleniumVersion" value="3.141.59"/>
         <property name="proxyInformation" value="ProxyInformation { proxyOption=NO_PROXY, proxyServerType=HTTP, username=, password=********, proxyServerAddress=, proxyServerPort=0, executionList=\&quot;\&quot;, isApplyToDesiredCapabilities=true }"/>
         <property name="platform" value="Mac OS X"/>
      </properties>
      <testcase name="Test Cases/RTD/Partner Disbursement SBO/TC_Search_by_STATUS" time="232.752" classname="Test Cases/RTD/Partner Disbursement SBO/TC_Search_by_STATUS" status="PASSED">
         <system-out><![CDATA[2021-01-21 17:30:30 - [TEST_CASE][PASSED] - Test Cases/RTD/Partner Disbursement SBO/TC_Search_by_STATUS: Test Cases/RTD/Partner Disbursement SBO/TC_Search_by_STATUS

2021-01-21 17:30:30 - [TEST_STEP][PASSED] - runFeatureFile("Include/features/IST_Real/RTD/Partner Disbursement SBO/Search_by_STATUS.feature"): Feature file: 'Include/features/IST_Real/RTD/Partner Disbursement SBO/Search_by_STATUS.feature' was passed

2021-01-21 17:30:30 - [MESSAGE][INFO] - Starting run keyword runFeatureFile: 'Include/features/IST_Real/RTD/Partner Disbursement SBO/Search_by_STATUS.feature' and extract report to folder: '/Users/chaidir.pratama01/Katalon Studio/IST_Automation_Git/Reports/20210121_172548/RTD/TS_Partner_Disbursement_SBO/20210121_172549/cucumber_report/1611225030305'...

2021-01-21 17:30:30 - [TEST_CASE][PASSED] - Start Test Case : SCENARIO Search by STATUS Eligible to Disburse: SCENARIO Search by STATUS Eligible to Disburse

2021-01-21 17:30:30 - [TEST_STEP][PASSED] - Go to ISTools: Go to ISTools

2021-01-21 17:30:31 - [MESSAGE][INFO] - Starting 'Chrome (headless)' driver

2021-01-21 17:30:31 - [MESSAGE][INFO] - User set preference: ['args', '[--start-maximized, --disable-gpu, --no-proxy-server, –-no-sandbox, --allow-running-insecure-content, --ignore-certificate-errors, window-size=1680,814, force-device-scale-factor=2, --lang=en-GB]']

2021-01-21 17:30:31 - [MESSAGE][INFO] - User set preference: ['prefs', '{download.default_directory=/Users/chaidir.pratama01/Katalon Studio/IST_Automation_Git/Download}']

2021-01-21 17:30:31 - [MESSAGE][INFO] - Action delay is set to 0 milliseconds

2021-01-21 17:30:31 - [MESSAGE][PASSED] - Browser is opened with url: ''

2021-01-21 17:30:33 - [MESSAGE][PASSED] - Navigate to 'https://dev-istools.homecredit.id/foundation/' successfully

2021-01-21 17:30:33 - [MESSAGE][PASSED] - Go to ISTools

2021-01-21 17:30:33 - [TEST_STEP][PASSED] - Login IST with valid credentials: Login IST with valid credentials

2021-01-21 17:30:33 - [MESSAGE][PASSED] - Text 'mobile.test' is set on object 'Object Repository/Page_/input_Username_j_username'

2021-01-21 17:30:34 - [MESSAGE][PASSED] - Text ****** has been set on object 'Object Repository/Page_/input_Password_j_password'

2021-01-21 17:30:34 - [MESSAGE][PASSED] - Object: 'Object Repository/Page_/button_Login' is clicked on

2021-01-21 17:30:34 - [MESSAGE][PASSED] - Login IST with valid credentials

2021-01-21 17:30:34 - [TEST_STEP][PASSED] - Login Success: Login Success

2021-01-21 17:30:34 - [MESSAGE][INFO] - Login Success

2021-01-21 17:30:34 - [MESSAGE][PASSED] - Current window maximized

2021-01-21 17:30:34 - [MESSAGE][PASSED] - Object 'Object Repository/Page_/h1_Welcome to IT Supporting Tools' is present

2021-01-21 17:30:34 - [MESSAGE][PASSED] - Login Success

2021-01-21 17:30:34 - [TEST_STEP][PASSED] - Select Arrow Menu "Real Time Disbursement": Select Arrow Menu "Real Time Disbursement"

2021-01-21 17:30:34 - [MESSAGE][PASSED] - Object: '' is clicked on

2021-01-21 17:30:34 - [MESSAGE][PASSED] - Select Arrow Menu "Real Time Disbursement"

2021-01-21 17:30:34 - [TEST_STEP][PASSED] - Select Menu "Partner Disbursement SBO": Select Menu "Partner Disbursement SBO"

2021-01-21 17:30:35 - [MESSAGE][PASSED] - Taking screenshot successfully
[[ATTACHMENT|/Users/chaidir.pratama01/Documents/Docs/Katalon Studio/Screenshot/test-Partner Disbursement SBO.png]]

2021-01-21 17:30:35 - [MESSAGE][PASSED] - Object '' is present

2021-01-21 17:30:35 - [MESSAGE][PASSED] - Object: '' is clicked on

2021-01-21 17:30:35 - [MESSAGE][PASSED] - Wait for page load successfully

2021-01-21 17:30:35 - [MESSAGE][PASSED] - Select Menu "Partner Disbursement SBO"

2021-01-21 17:30:35 - [TEST_STEP][PASSED] - Select STATUS "Eligible to disburse": Select STATUS "Eligible to disburse"

2021-01-21 17:30:35 - [MESSAGE][PASSED] - All options with value 'Eligible to disburse' are selected in object ''  using regular expression

2021-01-21 17:30:35 - [MESSAGE][PASSED] - Select STATUS "Eligible to disburse"

2021-01-21 17:30:35 - [TEST_STEP][PASSED] - Click button "Search": Click button "Search"

2021-01-21 17:30:35 - [MESSAGE][INFO] - >>>>>//Button[contains(text(),'Search')]

2021-01-21 17:30:38 - [MESSAGE][PASSED] - Object '' is present

2021-01-21 17:30:38 - [MESSAGE][PASSED] - Object: '' is clicked on

2021-01-21 17:30:38 - [MESSAGE][PASSED] - Switched to window with index: '0'

2021-01-21 17:30:38 - [MESSAGE][PASSED] - Click button "Search"

2021-01-21 17:30:38 - [TEST_STEP][PASSED] - Verify Search Result Presents: Verify Search Result Presents

2021-01-21 17:30:38 - [MESSAGE][PASSED] - Object '' is present

2021-01-21 17:30:39 - [MESSAGE][PASSED] - Verify Search Result Presents

2021-01-21 17:30:39 - [TEST_STEP][PASSED] - Click button "Logout": Click button "Logout"

2021-01-21 17:30:39 - [MESSAGE][INFO] - >>>>>//Button[contains(text(),'Logout')]

2021-01-21 17:30:42 - [MESSAGE][PASSED] - Object '' is present

2021-01-21 17:30:42 - [MESSAGE][PASSED] - Object: '' is clicked on

2021-01-21 17:30:42 - [MESSAGE][PASSED] - Switched to window with index: '0'

2021-01-21 17:30:42 - [MESSAGE][PASSED] - Click button "Logout"

2021-01-21 17:30:42 - [TEST_STEP][PASSED] - Close browser: Close browser

2021-01-21 17:30:43 - [MESSAGE][PASSED] - Browser is closed

2021-01-21 17:30:43 - [MESSAGE][PASSED] - Close browser

2021-01-21 17:30:43 - [TEST_CASE][PASSED] - Start Test Case : SCENARIO Search by STATUS Waiting validation from Risk: SCENARIO Search by STATUS Waiting validation from Risk

2021-01-21 17:30:43 - [TEST_STEP][PASSED] - Go to ISTools: Go to ISTools

2021-01-21 17:30:43 - [MESSAGE][INFO] - Starting 'Chrome (headless)' driver

2021-01-21 17:30:43 - [MESSAGE][INFO] - User set preference: ['args', '[--start-maximized, --disable-gpu, --no-proxy-server, –-no-sandbox, --allow-running-insecure-content, --ignore-certificate-errors, window-size=1680,814, force-device-scale-factor=2, --lang=en-GB]']

2021-01-21 17:30:43 - [MESSAGE][INFO] - User set preference: ['prefs', '{download.default_directory=/Users/chaidir.pratama01/Katalon Studio/IST_Automation_Git/Download}']

2021-01-21 17:30:43 - [MESSAGE][INFO] - Action delay is set to 0 milliseconds

2021-01-21 17:30:43 - [MESSAGE][PASSED] - Browser is opened with url: ''

2021-01-21 17:30:44 - [MESSAGE][PASSED] - Navigate to 'https://dev-istools.homecredit.id/foundation/' successfully

2021-01-21 17:30:44 - [MESSAGE][PASSED] - Go to ISTools

2021-01-21 17:30:44 - [TEST_STEP][PASSED] - Login IST with valid credentials: Login IST with valid credentials

2021-01-21 17:30:44 - [MESSAGE][PASSED] - Text 'mobile.test' is set on object 'Object Repository/Page_/input_Username_j_username'

2021-01-21 17:30:44 - [MESSAGE][PASSED] - Text ****** has been set on object 'Object Repository/Page_/input_Password_j_password'

2021-01-21 17:30:44 - [MESSAGE][PASSED] - Object: 'Object Repository/Page_/button_Login' is clicked on

2021-01-21 17:30:44 - [MESSAGE][PASSED] - Login IST with valid credentials

2021-01-21 17:30:44 - [TEST_STEP][PASSED] - Login Success: Login Success

2021-01-21 17:30:44 - [MESSAGE][INFO] - Login Success

2021-01-21 17:30:45 - [MESSAGE][PASSED] - Current window maximized

2021-01-21 17:30:45 - [MESSAGE][PASSED] - Object 'Object Repository/Page_/h1_Welcome to IT Supporting Tools' is present

2021-01-21 17:30:45 - [MESSAGE][PASSED] - Login Success

2021-01-21 17:30:45 - [TEST_STEP][PASSED] - Select Arrow Menu "Real Time Disbursement": Select Arrow Menu "Real Time Disbursement"

2021-01-21 17:30:45 - [MESSAGE][PASSED] - Object: '' is clicked on

2021-01-21 17:30:45 - [MESSAGE][PASSED] - Select Arrow Menu "Real Time Disbursement"

2021-01-21 17:30:45 - [TEST_STEP][PASSED] - Select Menu "Partner Disbursement SBO": Select Menu "Partner Disbursement SBO"

2021-01-21 17:30:45 - [MESSAGE][PASSED] - Taking screenshot successfully
[[ATTACHMENT|/Users/chaidir.pratama01/Documents/Docs/Katalon Studio/Screenshot/test-Partner Disbursement SBO.png]]

2021-01-21 17:30:45 - [MESSAGE][PASSED] - Object '' is present

2021-01-21 17:30:45 - [MESSAGE][PASSED] - Object: '' is clicked on

2021-01-21 17:30:45 - [MESSAGE][PASSED] - Wait for page load successfully

2021-01-21 17:30:45 - [MESSAGE][PASSED] - Select Menu "Partner Disbursement SBO"

2021-01-21 17:30:45 - [TEST_STEP][PASSED] - Select STATUS "Waiting validation from Risk": Select STATUS "Waiting validation from Risk"

2021-01-21 17:30:46 - [MESSAGE][PASSED] - All options with value 'Waiting validation from Risk' are selected in object ''  using regular expression

2021-01-21 17:30:46 - [MESSAGE][PASSED] - Select STATUS "Waiting validation from Risk"

2021-01-21 17:30:46 - [TEST_STEP][PASSED] - Click button "Search": Click button "Search"

2021-01-21 17:30:46 - [MESSAGE][INFO] - >>>>>//Button[contains(text(),'Search')]

2021-01-21 17:30:49 - [MESSAGE][PASSED] - Object '' is present

2021-01-21 17:30:49 - [MESSAGE][PASSED] - Object: '' is clicked on

2021-01-21 17:30:49 - [MESSAGE][PASSED] - Switched to window with index: '0'

2021-01-21 17:30:49 - [MESSAGE][PASSED] - Click button "Search"

2021-01-21 17:30:49 - [TEST_STEP][PASSED] - Verify Search Result Presents: Verify Search Result Presents

2021-01-21 17:30:53 - [MESSAGE][INFO] - Unable to find the element located by 'By.xpath: //td[@style='display:none' and contains(text(),'-Empty-')]'. Please recheck the objects properties to make sure the desired element is located. 

2021-01-21 17:30:53 - [MESSAGE][WARNING] - com.kms.katalon.core.webui.exception.WebElementNotFoundException: Web element with id: '' located by '//td[@style='display:none' and contains(text(),'-Empty-')]' not found (Root cause: com.kms.katalon.core.exception.StepFailedException: com.kms.katalon.core.webui.exception.WebElementNotFoundException: Web element with id: '' located by '//td[@style='display:none' and contains(text(),'-Empty-')]' not found
	at com.kms.katalon.core.webui.keyword.internal.WebUIKeywordMain.stepFailed(WebUIKeywordMain.groovy:64)
	at com.kms.katalon.core.webui.keyword.builtin.VerifyElementPresentKeyword$_verifyElementPresent_closure1.doCall(VerifyElementPresentKeyword.groovy:85)
	at com.kms.katalon.core.webui.keyword.builtin.VerifyElementPresentKeyword$_verifyElementPresent_closure1.call(VerifyElementPresentKeyword.groovy)
	at com.kms.katalon.core.webui.keyword.internal.WebUIKeywordMain.runKeyword(WebUIKeywordMain.groovy:20)
	at com.kms.katalon.core.webui.keyword.builtin.VerifyElementPresentKeyword.verifyElementPresent(VerifyElementPresentKeyword.groovy:92)
	at com.kms.katalon.core.webui.keyword.builtin.VerifyElementPresentKeyword.execute(VerifyElementPresentKeyword.groovy:68)
	at com.kms.katalon.core.keyword.internal.KeywordExecutor.executeKeywordForPlatform(KeywordExecutor.groovy:73)
	at com.kms.katalon.core.webui.keyword.WebUiBuiltInKeywords.verifyElementPresent(WebUiBuiltInKeywords.groovy:1444)
	at com.kms.katalon.core.webui.keyword.WebUiBuiltInKeywords$verifyElementPresent$11.call(Unknown Source)
	at ist_real.Contract_Dispatcher.VerifyTblFilled(Contract_Dispatcher.groovy:1313)
	at ist_real.Contract_Dispatcher$VerifyTblFilled$0.call(Unknown Source)
	at RTD.Search_Result_Presents(RTD.groovy:191)
	at cucumber.runtime.Utils$1.call(Utils.java:26)
	at cucumber.runtime.Timeout.timeout(Timeout.java:16)
	at cucumber.runtime.Utils.invoke(Utils.java:20)
	at cucumber.runtime.java.JavaStepDefinition.execute(JavaStepDefinition.java:48)
	at cucumber.runtime.PickleStepDefinitionMatch.runStep(PickleStepDefinitionMatch.java:50)
	at cucumber.runner.TestStep.executeStep(TestStep.java:55)
	at cucumber.runner.TestStep.run(TestStep.java:42)
	at cucumber.runner.PickleStepTestStep.run(PickleStepTestStep.java:53)
	at cucumber.runner.TestCase.run(TestCase.java:47)
	at cucumber.runner.Runner.runPickle(Runner.java:44)
	at cucumber.runtime.Runtime.runFeature(Runtime.java:120)
	at cucumber.runtime.Runtime.run(Runtime.java:106)
	at cucumber.api.cli.Main.run(Main.java:35)
	at cucumber.api.cli.Main$run.call(Unknown Source)
	at com.kms.katalon.core.cucumber.keyword.CucumberBuiltinKeywords$_runFeatureFile_closure1.doCall(CucumberBuiltinKeywords.groovy:76)
	at com.kms.katalon.core.cucumber.keyword.CucumberBuiltinKeywords$_runFeatureFile_closure1.doCall(CucumberBuiltinKeywords.groovy)
	at com.kms.katalon.core.keyword.internal.KeywordMain.runKeyword(KeywordMain.groovy:68)
	at com.kms.katalon.core.keyword.internal.KeywordMain$runKeyword.call(Unknown Source)
	at com.kms.katalon.core.cucumber.keyword.CucumberBuiltinKeywords.runFeatureFile(CucumberBuiltinKeywords.groovy:46)
	at com.kms.katalon.core.cucumber.keyword.CucumberBuiltinKeywords$runFeatureFile$0.callStatic(Unknown Source)
	at com.kms.katalon.core.cucumber.keyword.CucumberBuiltinKeywords.runFeatureFile(CucumberBuiltinKeywords.groovy:169)
	at com.kms.katalon.core.cucumber.keyword.CucumberBuiltinKeywords$runFeatureFile.call(Unknown Source)
	at TC_Search_by_STATUS.run(TC_Search_by_STATUS:18)
	at com.kms.katalon.core.main.ScriptEngine.run(ScriptEngine.java:194)
	at com.kms.katalon.core.main.ScriptEngine.runScriptAsRawText(ScriptEngine.java:119)
	at com.kms.katalon.core.main.TestCaseExecutor.runScript(TestCaseExecutor.java:339)
	at com.kms.katalon.core.main.TestCaseExecutor.doExecute(TestCaseExecutor.java:330)
	at com.kms.katalon.core.main.TestCaseExecutor.processExecutionPhase(TestCaseExecutor.java:309)
	at com.kms.katalon.core.main.TestCaseExecutor.accessMainPhase(TestCaseExecutor.java:301)
	at com.kms.katalon.core.main.TestCaseExecutor.execute(TestCaseExecutor.java:235)
	at com.kms.katalon.core.main.TestSuiteExecutor.accessTestCaseMainPhase(TestSuiteExecutor.java:191)
	at com.kms.katalon.core.main.TestSuiteExecutor.accessTestSuiteMainPhase(TestSuiteExecutor.java:141)
	at com.kms.katalon.core.main.TestSuiteExecutor.execute(TestSuiteExecutor.java:90)
	at com.kms.katalon.core.main.TestCaseMain.startTestSuite(TestCaseMain.java:157)
	at com.kms.katalon.core.main.TestCaseMain$startTestSuite$0.call(Unknown Source)
	at TempTestSuite1611224749411.run(TempTestSuite1611224749411.groovy:39)
)
[[ATTACHMENT|/Users/chaidir.pratama01/Katalon Studio/IST_Automation_Git/Reports/20210121_172548/RTD/TS_Partner_Disbursement_SBO/20210121_172549/1611225053303.png]]

2021-01-21 17:30:54 - [MESSAGE][PASSED] - Verify Search Result Presents

2021-01-21 17:30:54 - [TEST_STEP][PASSED] - Click button "Logout": Click button "Logout"

2021-01-21 17:30:54 - [MESSAGE][INFO] - >>>>>//Button[contains(text(),'Logout')]

2021-01-21 17:30:57 - [MESSAGE][PASSED] - Object '' is present

2021-01-21 17:30:57 - [MESSAGE][PASSED] - Object: '' is clicked on

2021-01-21 17:30:57 - [MESSAGE][PASSED] - Switched to window with index: '0'

2021-01-21 17:30:57 - [MESSAGE][PASSED] - Click button "Logout"

2021-01-21 17:30:57 - [TEST_STEP][PASSED] - Close browser: Close browser

2021-01-21 17:30:57 - [MESSAGE][PASSED] - Browser is closed

2021-01-21 17:30:57 - [MESSAGE][PASSED] - Close browser

2021-01-21 17:30:57 - [TEST_CASE][PASSED] - Start Test Case : SCENARIO Search by STATUS Waiting validation from In Payment: SCENARIO Search by STATUS Waiting validation from In Payment

2021-01-21 17:30:57 - [TEST_STEP][PASSED] - Go to ISTools: Go to ISTools

2021-01-21 17:30:57 - [MESSAGE][INFO] - Starting 'Chrome (headless)' driver

2021-01-21 17:30:57 - [MESSAGE][INFO] - User set preference: ['args', '[--start-maximized, --disable-gpu, --no-proxy-server, –-no-sandbox, --allow-running-insecure-content, --ignore-certificate-errors, window-size=1680,814, force-device-scale-factor=2, --lang=en-GB]']

2021-01-21 17:30:57 - [MESSAGE][INFO] - User set preference: ['prefs', '{download.default_directory=/Users/chaidir.pratama01/Katalon Studio/IST_Automation_Git/Download}']

2021-01-21 17:30:57 - [MESSAGE][INFO] - Action delay is set to 0 milliseconds

2021-01-21 17:30:57 - [MESSAGE][PASSED] - Browser is opened with url: ''

2021-01-21 17:30:59 - [MESSAGE][PASSED] - Navigate to 'https://dev-istools.homecredit.id/foundation/' successfully

2021-01-21 17:30:59 - [MESSAGE][PASSED] - Go to ISTools

2021-01-21 17:30:59 - [TEST_STEP][PASSED] - Login IST with valid credentials: Login IST with valid credentials

2021-01-21 17:31:00 - [MESSAGE][PASSED] - Text 'mobile.test' is set on object 'Object Repository/Page_/input_Username_j_username'

2021-01-21 17:31:00 - [MESSAGE][PASSED] - Text ****** has been set on object 'Object Repository/Page_/input_Password_j_password'

2021-01-21 17:31:00 - [MESSAGE][PASSED] - Object: 'Object Repository/Page_/button_Login' is clicked on

2021-01-21 17:31:00 - [MESSAGE][PASSED] - Login IST with valid credentials

2021-01-21 17:31:00 - [TEST_STEP][PASSED] - Login Success: Login Success

2021-01-21 17:31:00 - [MESSAGE][INFO] - Login Success

2021-01-21 17:31:00 - [MESSAGE][PASSED] - Current window maximized

2021-01-21 17:31:00 - [MESSAGE][PASSED] - Object 'Object Repository/Page_/h1_Welcome to IT Supporting Tools' is present

2021-01-21 17:31:00 - [MESSAGE][PASSED] - Login Success

2021-01-21 17:31:01 - [TEST_STEP][PASSED] - Select Arrow Menu "Real Time Disbursement": Select Arrow Menu "Real Time Disbursement"

2021-01-21 17:31:01 - [MESSAGE][PASSED] - Object: '' is clicked on

2021-01-21 17:31:01 - [MESSAGE][PASSED] - Select Arrow Menu "Real Time Disbursement"

2021-01-21 17:31:01 - [TEST_STEP][PASSED] - Select Menu "Partner Disbursement SBO": Select Menu "Partner Disbursement SBO"

2021-01-21 17:31:01 - [MESSAGE][PASSED] - Taking screenshot successfully
[[ATTACHMENT|/Users/chaidir.pratama01/Documents/Docs/Katalon Studio/Screenshot/test-Partner Disbursement SBO.png]]

2021-01-21 17:31:01 - [MESSAGE][PASSED] - Object '' is present

2021-01-21 17:31:01 - [MESSAGE][PASSED] - Object: '' is clicked on

2021-01-21 17:31:01 - [MESSAGE][PASSED] - Wait for page load successfully

2021-01-21 17:31:01 - [MESSAGE][PASSED] - Select Menu "Partner Disbursement SBO"

2021-01-21 17:31:01 - [TEST_STEP][PASSED] - Select STATUS "Waiting validation from In Payment": Select STATUS "Waiting validation from In Payment"

2021-01-21 17:31:02 - [MESSAGE][PASSED] - All options with value 'Waiting validation from In Payment' are selected in object ''  using regular expression

2021-01-21 17:31:02 - [MESSAGE][PASSED] - Select STATUS "Waiting validation from In Payment"

2021-01-21 17:31:02 - [TEST_STEP][PASSED] - Click button "Search": Click button "Search"

2021-01-21 17:31:02 - [MESSAGE][INFO] - >>>>>//Button[contains(text(),'Search')]

2021-01-21 17:31:05 - [MESSAGE][PASSED] - Object '' is present

2021-01-21 17:31:05 - [MESSAGE][PASSED] - Object: '' is clicked on

2021-01-21 17:31:05 - [MESSAGE][PASSED] - Switched to window with index: '0'

2021-01-21 17:31:05 - [MESSAGE][PASSED] - Click button "Search"

2021-01-21 17:31:05 - [TEST_STEP][PASSED] - Verify Search Result Presents: Verify Search Result Presents

2021-01-21 17:31:09 - [MESSAGE][INFO] - Unable to find the element located by 'By.xpath: //td[@style='display:none' and contains(text(),'-Empty-')]'. Please recheck the objects properties to make sure the desired element is located. 

2021-01-21 17:31:09 - [MESSAGE][WARNING] - com.kms.katalon.core.webui.exception.WebElementNotFoundException: Web element with id: '' located by '//td[@style='display:none' and contains(text(),'-Empty-')]' not found (Root cause: com.kms.katalon.core.exception.StepFailedException: com.kms.katalon.core.webui.exception.WebElementNotFoundException: Web element with id: '' located by '//td[@style='display:none' and contains(text(),'-Empty-')]' not found
	at com.kms.katalon.core.webui.keyword.internal.WebUIKeywordMain.stepFailed(WebUIKeywordMain.groovy:64)
	at com.kms.katalon.core.webui.keyword.builtin.VerifyElementPresentKeyword$_verifyElementPresent_closure1.doCall(VerifyElementPresentKeyword.groovy:85)
	at com.kms.katalon.core.webui.keyword.builtin.VerifyElementPresentKeyword$_verifyElementPresent_closure1.call(VerifyElementPresentKeyword.groovy)
	at com.kms.katalon.core.webui.keyword.internal.WebUIKeywordMain.runKeyword(WebUIKeywordMain.groovy:20)
	at com.kms.katalon.core.webui.keyword.builtin.VerifyElementPresentKeyword.verifyElementPresent(VerifyElementPresentKeyword.groovy:92)
	at com.kms.katalon.core.webui.keyword.builtin.VerifyElementPresentKeyword.execute(VerifyElementPresentKeyword.groovy:68)
	at com.kms.katalon.core.keyword.internal.KeywordExecutor.executeKeywordForPlatform(KeywordExecutor.groovy:73)
	at com.kms.katalon.core.webui.keyword.WebUiBuiltInKeywords.verifyElementPresent(WebUiBuiltInKeywords.groovy:1444)
	at com.kms.katalon.core.webui.keyword.WebUiBuiltInKeywords$verifyElementPresent$11.call(Unknown Source)
	at ist_real.Contract_Dispatcher.VerifyTblFilled(Contract_Dispatcher.groovy:1313)
	at ist_real.Contract_Dispatcher$VerifyTblFilled$0.call(Unknown Source)
	at RTD.Search_Result_Presents(RTD.groovy:191)
	at cucumber.runtime.Utils$1.call(Utils.java:26)
	at cucumber.runtime.Timeout.timeout(Timeout.java:16)
	at cucumber.runtime.Utils.invoke(Utils.java:20)
	at cucumber.runtime.java.JavaStepDefinition.execute(JavaStepDefinition.java:48)
	at cucumber.runtime.PickleStepDefinitionMatch.runStep(PickleStepDefinitionMatch.java:50)
	at cucumber.runner.TestStep.executeStep(TestStep.java:55)
	at cucumber.runner.TestStep.run(TestStep.java:42)
	at cucumber.runner.PickleStepTestStep.run(PickleStepTestStep.java:53)
	at cucumber.runner.TestCase.run(TestCase.java:47)
	at cucumber.runner.Runner.runPickle(Runner.java:44)
	at cucumber.runtime.Runtime.runFeature(Runtime.java:120)
	at cucumber.runtime.Runtime.run(Runtime.java:106)
	at cucumber.api.cli.Main.run(Main.java:35)
	at cucumber.api.cli.Main$run.call(Unknown Source)
	at com.kms.katalon.core.cucumber.keyword.CucumberBuiltinKeywords$_runFeatureFile_closure1.doCall(CucumberBuiltinKeywords.groovy:76)
	at com.kms.katalon.core.cucumber.keyword.CucumberBuiltinKeywords$_runFeatureFile_closure1.doCall(CucumberBuiltinKeywords.groovy)
	at com.kms.katalon.core.keyword.internal.KeywordMain.runKeyword(KeywordMain.groovy:68)
	at com.kms.katalon.core.keyword.internal.KeywordMain$runKeyword.call(Unknown Source)
	at com.kms.katalon.core.cucumber.keyword.CucumberBuiltinKeywords.runFeatureFile(CucumberBuiltinKeywords.groovy:46)
	at com.kms.katalon.core.cucumber.keyword.CucumberBuiltinKeywords$runFeatureFile$0.callStatic(Unknown Source)
	at com.kms.katalon.core.cucumber.keyword.CucumberBuiltinKeywords.runFeatureFile(CucumberBuiltinKeywords.groovy:169)
	at com.kms.katalon.core.cucumber.keyword.CucumberBuiltinKeywords$runFeatureFile.call(Unknown Source)
	at TC_Search_by_STATUS.run(TC_Search_by_STATUS:18)
	at com.kms.katalon.core.main.ScriptEngine.run(ScriptEngine.java:194)
	at com.kms.katalon.core.main.ScriptEngine.runScriptAsRawText(ScriptEngine.java:119)
	at com.kms.katalon.core.main.TestCaseExecutor.runScript(TestCaseExecutor.java:339)
	at com.kms.katalon.core.main.TestCaseExecutor.doExecute(TestCaseExecutor.java:330)
	at com.kms.katalon.core.main.TestCaseExecutor.processExecutionPhase(TestCaseExecutor.java:309)
	at com.kms.katalon.core.main.TestCaseExecutor.accessMainPhase(TestCaseExecutor.java:301)
	at com.kms.katalon.core.main.TestCaseExecutor.execute(TestCaseExecutor.java:235)
	at com.kms.katalon.core.main.TestSuiteExecutor.accessTestCaseMainPhase(TestSuiteExecutor.java:191)
	at com.kms.katalon.core.main.TestSuiteExecutor.accessTestSuiteMainPhase(TestSuiteExecutor.java:141)
	at com.kms.katalon.core.main.TestSuiteExecutor.execute(TestSuiteExecutor.java:90)
	at com.kms.katalon.core.main.TestCaseMain.startTestSuite(TestCaseMain.java:157)
	at com.kms.katalon.core.main.TestCaseMain$startTestSuite$0.call(Unknown Source)
	at TempTestSuite1611224749411.run(TempTestSuite1611224749411.groovy:39)
)
[[ATTACHMENT|/Users/chaidir.pratama01/Katalon Studio/IST_Automation_Git/Reports/20210121_172548/RTD/TS_Partner_Disbursement_SBO/20210121_172549/1611225069261.png]]

2021-01-21 17:31:10 - [MESSAGE][PASSED] - Verify Search Result Presents

2021-01-21 17:31:10 - [TEST_STEP][PASSED] - Click button "Logout": Click button "Logout"

2021-01-21 17:31:10 - [MESSAGE][INFO] - >>>>>//Button[contains(text(),'Logout')]

2021-01-21 17:31:13 - [MESSAGE][PASSED] - Object '' is present

2021-01-21 17:31:13 - [MESSAGE][PASSED] - Object: '' is clicked on

2021-01-21 17:31:13 - [MESSAGE][PASSED] - Switched to window with index: '0'

2021-01-21 17:31:13 - [MESSAGE][PASSED] - Click button "Logout"

2021-01-21 17:31:13 - [TEST_STEP][PASSED] - Close browser: Close browser

2021-01-21 17:31:13 - [MESSAGE][PASSED] - Browser is closed

2021-01-21 17:31:13 - [MESSAGE][PASSED] - Close browser

2021-01-21 17:31:13 - [TEST_CASE][PASSED] - Start Test Case : SCENARIO Search by STATUS Not Eligible to Disburse: SCENARIO Search by STATUS Not Eligible to Disburse

2021-01-21 17:31:13 - [TEST_STEP][PASSED] - Go to ISTools: Go to ISTools

2021-01-21 17:31:13 - [MESSAGE][INFO] - Starting 'Chrome (headless)' driver

2021-01-21 17:31:13 - [MESSAGE][INFO] - User set preference: ['args', '[--start-maximized, --disable-gpu, --no-proxy-server, –-no-sandbox, --allow-running-insecure-content, --ignore-certificate-errors, window-size=1680,814, force-device-scale-factor=2, --lang=en-GB]']

2021-01-21 17:31:13 - [MESSAGE][INFO] - User set preference: ['prefs', '{download.default_directory=/Users/chaidir.pratama01/Katalon Studio/IST_Automation_Git/Download}']

2021-01-21 17:31:13 - [MESSAGE][INFO] - Action delay is set to 0 milliseconds

2021-01-21 17:31:13 - [MESSAGE][PASSED] - Browser is opened with url: ''

2021-01-21 17:31:14 - [MESSAGE][PASSED] - Navigate to 'https://dev-istools.homecredit.id/foundation/' successfully

2021-01-21 17:31:14 - [MESSAGE][PASSED] - Go to ISTools

2021-01-21 17:31:14 - [TEST_STEP][PASSED] - Login IST with valid credentials: Login IST with valid credentials

2021-01-21 17:31:14 - [MESSAGE][PASSED] - Text 'mobile.test' is set on object 'Object Repository/Page_/input_Username_j_username'

2021-01-21 17:31:14 - [MESSAGE][PASSED] - Text ****** has been set on object 'Object Repository/Page_/input_Password_j_password'

2021-01-21 17:31:15 - [MESSAGE][PASSED] - Object: 'Object Repository/Page_/button_Login' is clicked on

2021-01-21 17:31:15 - [MESSAGE][PASSED] - Login IST with valid credentials

2021-01-21 17:31:15 - [TEST_STEP][PASSED] - Login Success: Login Success

2021-01-21 17:31:15 - [MESSAGE][INFO] - Login Success

2021-01-21 17:31:15 - [MESSAGE][PASSED] - Current window maximized

2021-01-21 17:31:15 - [MESSAGE][PASSED] - Object 'Object Repository/Page_/h1_Welcome to IT Supporting Tools' is present

2021-01-21 17:31:15 - [MESSAGE][PASSED] - Login Success

2021-01-21 17:31:15 - [TEST_STEP][PASSED] - Select Arrow Menu "Real Time Disbursement": Select Arrow Menu "Real Time Disbursement"

2021-01-21 17:31:15 - [MESSAGE][PASSED] - Object: '' is clicked on

2021-01-21 17:31:15 - [MESSAGE][PASSED] - Select Arrow Menu "Real Time Disbursement"

2021-01-21 17:31:15 - [TEST_STEP][PASSED] - Select Menu "Partner Disbursement SBO": Select Menu "Partner Disbursement SBO"

2021-01-21 17:31:15 - [MESSAGE][PASSED] - Taking screenshot successfully
[[ATTACHMENT|/Users/chaidir.pratama01/Documents/Docs/Katalon Studio/Screenshot/test-Partner Disbursement SBO.png]]

2021-01-21 17:31:15 - [MESSAGE][PASSED] - Object '' is present

2021-01-21 17:31:15 - [MESSAGE][PASSED] - Object: '' is clicked on

2021-01-21 17:31:15 - [MESSAGE][PASSED] - Wait for page load successfully

2021-01-21 17:31:15 - [MESSAGE][PASSED] - Select Menu "Partner Disbursement SBO"

2021-01-21 17:31:15 - [TEST_STEP][PASSED] - Select STATUS "Not eligible to disburse": Select STATUS "Not eligible to disburse"

2021-01-21 17:31:16 - [MESSAGE][PASSED] - All options with value 'Not eligible to disburse' are selected in object ''  using regular expression

2021-01-21 17:31:16 - [MESSAGE][PASSED] - Select STATUS "Not eligible to disburse"

2021-01-21 17:31:16 - [TEST_STEP][PASSED] - Click button "Search": Click button "Search"

2021-01-21 17:31:16 - [MESSAGE][INFO] - >>>>>//Button[contains(text(),'Search')]

2021-01-21 17:31:19 - [MESSAGE][PASSED] - Object '' is present

2021-01-21 17:31:19 - [MESSAGE][PASSED] - Object: '' is clicked on

2021-01-21 17:31:19 - [MESSAGE][PASSED] - Switched to window with index: '0'

2021-01-21 17:31:19 - [MESSAGE][PASSED] - Click button "Search"

2021-01-21 17:31:19 - [TEST_STEP][PASSED] - Verify Search Result Presents: Verify Search Result Presents

2021-01-21 17:31:23 - [MESSAGE][INFO] - Unable to find the element located by 'By.xpath: //td[@style='display:none' and contains(text(),'-Empty-')]'. Please recheck the objects properties to make sure the desired element is located. 

2021-01-21 17:31:23 - [MESSAGE][WARNING] - com.kms.katalon.core.webui.exception.WebElementNotFoundException: Web element with id: '' located by '//td[@style='display:none' and contains(text(),'-Empty-')]' not found (Root cause: com.kms.katalon.core.exception.StepFailedException: com.kms.katalon.core.webui.exception.WebElementNotFoundException: Web element with id: '' located by '//td[@style='display:none' and contains(text(),'-Empty-')]' not found
	at com.kms.katalon.core.webui.keyword.internal.WebUIKeywordMain.stepFailed(WebUIKeywordMain.groovy:64)
	at com.kms.katalon.core.webui.keyword.builtin.VerifyElementPresentKeyword$_verifyElementPresent_closure1.doCall(VerifyElementPresentKeyword.groovy:85)
	at com.kms.katalon.core.webui.keyword.builtin.VerifyElementPresentKeyword$_verifyElementPresent_closure1.call(VerifyElementPresentKeyword.groovy)
	at com.kms.katalon.core.webui.keyword.internal.WebUIKeywordMain.runKeyword(WebUIKeywordMain.groovy:20)
	at com.kms.katalon.core.webui.keyword.builtin.VerifyElementPresentKeyword.verifyElementPresent(VerifyElementPresentKeyword.groovy:92)
	at com.kms.katalon.core.webui.keyword.builtin.VerifyElementPresentKeyword.execute(VerifyElementPresentKeyword.groovy:68)
	at com.kms.katalon.core.keyword.internal.KeywordExecutor.executeKeywordForPlatform(KeywordExecutor.groovy:73)
	at com.kms.katalon.core.webui.keyword.WebUiBuiltInKeywords.verifyElementPresent(WebUiBuiltInKeywords.groovy:1444)
	at com.kms.katalon.core.webui.keyword.WebUiBuiltInKeywords$verifyElementPresent$11.call(Unknown Source)
	at ist_real.Contract_Dispatcher.VerifyTblFilled(Contract_Dispatcher.groovy:1313)
	at ist_real.Contract_Dispatcher$VerifyTblFilled$0.call(Unknown Source)
	at RTD.Search_Result_Presents(RTD.groovy:191)
	at cucumber.runtime.Utils$1.call(Utils.java:26)
	at cucumber.runtime.Timeout.timeout(Timeout.java:16)
	at cucumber.runtime.Utils.invoke(Utils.java:20)
	at cucumber.runtime.java.JavaStepDefinition.execute(JavaStepDefinition.java:48)
	at cucumber.runtime.PickleStepDefinitionMatch.runStep(PickleStepDefinitionMatch.java:50)
	at cucumber.runner.TestStep.executeStep(TestStep.java:55)
	at cucumber.runner.TestStep.run(TestStep.java:42)
	at cucumber.runner.PickleStepTestStep.run(PickleStepTestStep.java:53)
	at cucumber.runner.TestCase.run(TestCase.java:47)
	at cucumber.runner.Runner.runPickle(Runner.java:44)
	at cucumber.runtime.Runtime.runFeature(Runtime.java:120)
	at cucumber.runtime.Runtime.run(Runtime.java:106)
	at cucumber.api.cli.Main.run(Main.java:35)
	at cucumber.api.cli.Main$run.call(Unknown Source)
	at com.kms.katalon.core.cucumber.keyword.CucumberBuiltinKeywords$_runFeatureFile_closure1.doCall(CucumberBuiltinKeywords.groovy:76)
	at com.kms.katalon.core.cucumber.keyword.CucumberBuiltinKeywords$_runFeatureFile_closure1.doCall(CucumberBuiltinKeywords.groovy)
	at com.kms.katalon.core.keyword.internal.KeywordMain.runKeyword(KeywordMain.groovy:68)
	at com.kms.katalon.core.keyword.internal.KeywordMain$runKeyword.call(Unknown Source)
	at com.kms.katalon.core.cucumber.keyword.CucumberBuiltinKeywords.runFeatureFile(CucumberBuiltinKeywords.groovy:46)
	at com.kms.katalon.core.cucumber.keyword.CucumberBuiltinKeywords$runFeatureFile$0.callStatic(Unknown Source)
	at com.kms.katalon.core.cucumber.keyword.CucumberBuiltinKeywords.runFeatureFile(CucumberBuiltinKeywords.groovy:169)
	at com.kms.katalon.core.cucumber.keyword.CucumberBuiltinKeywords$runFeatureFile.call(Unknown Source)
	at TC_Search_by_STATUS.run(TC_Search_by_STATUS:18)
	at com.kms.katalon.core.main.ScriptEngine.run(ScriptEngine.java:194)
	at com.kms.katalon.core.main.ScriptEngine.runScriptAsRawText(ScriptEngine.java:119)
	at com.kms.katalon.core.main.TestCaseExecutor.runScript(TestCaseExecutor.java:339)
	at com.kms.katalon.core.main.TestCaseExecutor.doExecute(TestCaseExecutor.java:330)
	at com.kms.katalon.core.main.TestCaseExecutor.processExecutionPhase(TestCaseExecutor.java:309)
	at com.kms.katalon.core.main.TestCaseExecutor.accessMainPhase(TestCaseExecutor.java:301)
	at com.kms.katalon.core.main.TestCaseExecutor.execute(TestCaseExecutor.java:235)
	at com.kms.katalon.core.main.TestSuiteExecutor.accessTestCaseMainPhase(TestSuiteExecutor.java:191)
	at com.kms.katalon.core.main.TestSuiteExecutor.accessTestSuiteMainPhase(TestSuiteExecutor.java:141)
	at com.kms.katalon.core.main.TestSuiteExecutor.execute(TestSuiteExecutor.java:90)
	at com.kms.katalon.core.main.TestCaseMain.startTestSuite(TestCaseMain.java:157)
	at com.kms.katalon.core.main.TestCaseMain$startTestSuite$0.call(Unknown Source)
	at TempTestSuite1611224749411.run(TempTestSuite1611224749411.groovy:39)
)
[[ATTACHMENT|/Users/chaidir.pratama01/Katalon Studio/IST_Automation_Git/Reports/20210121_172548/RTD/TS_Partner_Disbursement_SBO/20210121_172549/1611225083412.png]]

2021-01-21 17:31:24 - [MESSAGE][PASSED] - Verify Search Result Presents

2021-01-21 17:31:24 - [TEST_STEP][PASSED] - Click button "Logout": Click button "Logout"

2021-01-21 17:31:24 - [MESSAGE][INFO] - >>>>>//Button[contains(text(),'Logout')]

2021-01-21 17:31:27 - [MESSAGE][PASSED] - Object '' is present

2021-01-21 17:31:27 - [MESSAGE][PASSED] - Object: '' is clicked on

2021-01-21 17:31:27 - [MESSAGE][PASSED] - Switched to window with index: '0'

2021-01-21 17:31:27 - [MESSAGE][PASSED] - Click button "Logout"

2021-01-21 17:31:27 - [TEST_STEP][PASSED] - Close browser: Close browser

2021-01-21 17:31:27 - [MESSAGE][PASSED] - Browser is closed

2021-01-21 17:31:27 - [MESSAGE][PASSED] - Close browser

2021-01-21 17:31:27 - [TEST_CASE][PASSED] - Start Test Case : SCENARIO Search by STATUS Ready to disburse: SCENARIO Search by STATUS Ready to disburse

2021-01-21 17:31:27 - [TEST_STEP][PASSED] - Go to ISTools: Go to ISTools

2021-01-21 17:31:27 - [MESSAGE][INFO] - Starting 'Chrome (headless)' driver

2021-01-21 17:31:27 - [MESSAGE][INFO] - User set preference: ['args', '[--start-maximized, --disable-gpu, --no-proxy-server, –-no-sandbox, --allow-running-insecure-content, --ignore-certificate-errors, window-size=1680,814, force-device-scale-factor=2, --lang=en-GB]']

2021-01-21 17:31:27 - [MESSAGE][INFO] - User set preference: ['prefs', '{download.default_directory=/Users/chaidir.pratama01/Katalon Studio/IST_Automation_Git/Download}']

2021-01-21 17:31:27 - [MESSAGE][INFO] - Action delay is set to 0 milliseconds

2021-01-21 17:31:27 - [MESSAGE][PASSED] - Browser is opened with url: ''

2021-01-21 17:31:28 - [MESSAGE][PASSED] - Navigate to 'https://dev-istools.homecredit.id/foundation/' successfully

2021-01-21 17:31:28 - [MESSAGE][PASSED] - Go to ISTools

2021-01-21 17:31:28 - [TEST_STEP][PASSED] - Login IST with valid credentials: Login IST with valid credentials

2021-01-21 17:31:28 - [MESSAGE][PASSED] - Text 'mobile.test' is set on object 'Object Repository/Page_/input_Username_j_username'

2021-01-21 17:31:28 - [MESSAGE][PASSED] - Text ****** has been set on object 'Object Repository/Page_/input_Password_j_password'

2021-01-21 17:31:29 - [MESSAGE][PASSED] - Object: 'Object Repository/Page_/button_Login' is clicked on

2021-01-21 17:31:29 - [MESSAGE][PASSED] - Login IST with valid credentials

2021-01-21 17:31:29 - [TEST_STEP][PASSED] - Login Success: Login Success

2021-01-21 17:31:29 - [MESSAGE][INFO] - Login Success

2021-01-21 17:31:29 - [MESSAGE][PASSED] - Current window maximized

2021-01-21 17:31:29 - [MESSAGE][PASSED] - Object 'Object Repository/Page_/h1_Welcome to IT Supporting Tools' is present

2021-01-21 17:31:29 - [MESSAGE][PASSED] - Login Success

2021-01-21 17:31:29 - [TEST_STEP][PASSED] - Select Arrow Menu "Real Time Disbursement": Select Arrow Menu "Real Time Disbursement"

2021-01-21 17:31:29 - [MESSAGE][PASSED] - Object: '' is clicked on

2021-01-21 17:31:29 - [MESSAGE][PASSED] - Select Arrow Menu "Real Time Disbursement"

2021-01-21 17:31:29 - [TEST_STEP][PASSED] - Select Menu "Partner Disbursement SBO": Select Menu "Partner Disbursement SBO"

2021-01-21 17:31:29 - [MESSAGE][PASSED] - Taking screenshot successfully
[[ATTACHMENT|/Users/chaidir.pratama01/Documents/Docs/Katalon Studio/Screenshot/test-Partner Disbursement SBO.png]]

2021-01-21 17:31:29 - [MESSAGE][PASSED] - Object '' is present

2021-01-21 17:31:30 - [MESSAGE][PASSED] - Object: '' is clicked on

2021-01-21 17:31:30 - [MESSAGE][PASSED] - Wait for page load successfully

2021-01-21 17:31:30 - [MESSAGE][PASSED] - Select Menu "Partner Disbursement SBO"

2021-01-21 17:31:30 - [TEST_STEP][PASSED] - Select STATUS "Ready to disburse": Select STATUS "Ready to disburse"

2021-01-21 17:31:30 - [MESSAGE][PASSED] - All options with value 'Ready to disburse' are selected in object ''  using regular expression

2021-01-21 17:31:30 - [MESSAGE][PASSED] - Select STATUS "Ready to disburse"

2021-01-21 17:31:30 - [TEST_STEP][PASSED] - Click button "Search": Click button "Search"

2021-01-21 17:31:30 - [MESSAGE][INFO] - >>>>>//Button[contains(text(),'Search')]

2021-01-21 17:31:33 - [MESSAGE][PASSED] - Object '' is present

2021-01-21 17:31:33 - [MESSAGE][PASSED] - Object: '' is clicked on

2021-01-21 17:31:33 - [MESSAGE][PASSED] - Switched to window with index: '0'

2021-01-21 17:31:33 - [MESSAGE][PASSED] - Click button "Search"

2021-01-21 17:31:33 - [TEST_STEP][PASSED] - Verify Search Result Presents: Verify Search Result Presents

2021-01-21 17:31:33 - [MESSAGE][PASSED] - Object '' is present

2021-01-21 17:31:38 - [MESSAGE][PASSED] - Verify Search Result Presents

2021-01-21 17:31:38 - [TEST_STEP][PASSED] - Click button "Logout": Click button "Logout"

2021-01-21 17:31:38 - [MESSAGE][INFO] - >>>>>//Button[contains(text(),'Logout')]

2021-01-21 17:31:41 - [MESSAGE][PASSED] - Object '' is present

2021-01-21 17:31:41 - [MESSAGE][PASSED] - Object: '' is clicked on

2021-01-21 17:31:41 - [MESSAGE][PASSED] - Switched to window with index: '0'

2021-01-21 17:31:41 - [MESSAGE][PASSED] - Click button "Logout"

2021-01-21 17:31:41 - [TEST_STEP][PASSED] - Close browser: Close browser

2021-01-21 17:31:41 - [MESSAGE][PASSED] - Browser is closed

2021-01-21 17:31:41 - [MESSAGE][PASSED] - Close browser

2021-01-21 17:31:41 - [TEST_CASE][PASSED] - Start Test Case : SCENARIO Search by STATUS Failed due to invalid bank account: SCENARIO Search by STATUS Failed due to invalid bank account

2021-01-21 17:31:41 - [TEST_STEP][PASSED] - Go to ISTools: Go to ISTools

2021-01-21 17:31:41 - [MESSAGE][INFO] - Starting 'Chrome (headless)' driver

2021-01-21 17:31:41 - [MESSAGE][INFO] - User set preference: ['args', '[--start-maximized, --disable-gpu, --no-proxy-server, –-no-sandbox, --allow-running-insecure-content, --ignore-certificate-errors, window-size=1680,814, force-device-scale-factor=2, --lang=en-GB]']

2021-01-21 17:31:41 - [MESSAGE][INFO] - User set preference: ['prefs', '{download.default_directory=/Users/chaidir.pratama01/Katalon Studio/IST_Automation_Git/Download}']

2021-01-21 17:31:41 - [MESSAGE][INFO] - Action delay is set to 0 milliseconds

2021-01-21 17:31:41 - [MESSAGE][PASSED] - Browser is opened with url: ''

2021-01-21 17:31:42 - [MESSAGE][PASSED] - Navigate to 'https://dev-istools.homecredit.id/foundation/' successfully

2021-01-21 17:31:42 - [MESSAGE][PASSED] - Go to ISTools

2021-01-21 17:31:42 - [TEST_STEP][PASSED] - Login IST with valid credentials: Login IST with valid credentials

2021-01-21 17:31:42 - [MESSAGE][PASSED] - Text 'mobile.test' is set on object 'Object Repository/Page_/input_Username_j_username'

2021-01-21 17:31:42 - [MESSAGE][PASSED] - Text ****** has been set on object 'Object Repository/Page_/input_Password_j_password'

2021-01-21 17:31:43 - [MESSAGE][PASSED] - Object: 'Object Repository/Page_/button_Login' is clicked on

2021-01-21 17:31:43 - [MESSAGE][PASSED] - Login IST with valid credentials

2021-01-21 17:31:43 - [TEST_STEP][PASSED] - Login Success: Login Success

2021-01-21 17:31:43 - [MESSAGE][INFO] - Login Success

2021-01-21 17:31:43 - [MESSAGE][PASSED] - Current window maximized

2021-01-21 17:31:43 - [MESSAGE][PASSED] - Object 'Object Repository/Page_/h1_Welcome to IT Supporting Tools' is present

2021-01-21 17:31:43 - [MESSAGE][PASSED] - Login Success

2021-01-21 17:31:43 - [TEST_STEP][PASSED] - Select Arrow Menu "Real Time Disbursement": Select Arrow Menu "Real Time Disbursement"

2021-01-21 17:31:43 - [MESSAGE][PASSED] - Object: '' is clicked on

2021-01-21 17:31:43 - [MESSAGE][PASSED] - Select Arrow Menu "Real Time Disbursement"

2021-01-21 17:31:43 - [TEST_STEP][PASSED] - Select Menu "Partner Disbursement SBO": Select Menu "Partner Disbursement SBO"

2021-01-21 17:31:43 - [MESSAGE][PASSED] - Taking screenshot successfully
[[ATTACHMENT|/Users/chaidir.pratama01/Documents/Docs/Katalon Studio/Screenshot/test-Partner Disbursement SBO.png]]

2021-01-21 17:31:43 - [MESSAGE][PASSED] - Object '' is present

2021-01-21 17:31:43 - [MESSAGE][PASSED] - Object: '' is clicked on

2021-01-21 17:31:43 - [MESSAGE][PASSED] - Wait for page load successfully

2021-01-21 17:31:43 - [MESSAGE][PASSED] - Select Menu "Partner Disbursement SBO"

2021-01-21 17:31:43 - [TEST_STEP][PASSED] - Select STATUS "Failed due to invalid bank account": Select STATUS "Failed due to invalid bank account"

2021-01-21 17:31:44 - [MESSAGE][PASSED] - All options with value 'Failed due to invalid bank account' are selected in object ''  using regular expression

2021-01-21 17:31:44 - [MESSAGE][PASSED] - Select STATUS "Failed due to invalid bank account"

2021-01-21 17:31:44 - [TEST_STEP][PASSED] - Click button "Search": Click button "Search"

2021-01-21 17:31:44 - [MESSAGE][INFO] - >>>>>//Button[contains(text(),'Search')]

2021-01-21 17:31:47 - [MESSAGE][PASSED] - Object '' is present

2021-01-21 17:31:47 - [MESSAGE][PASSED] - Object: '' is clicked on

2021-01-21 17:31:47 - [MESSAGE][PASSED] - Switched to window with index: '0'

2021-01-21 17:31:47 - [MESSAGE][PASSED] - Click button "Search"

2021-01-21 17:31:47 - [TEST_STEP][PASSED] - Verify Search Result Presents: Verify Search Result Presents

2021-01-21 17:31:51 - [MESSAGE][INFO] - Unable to find the element located by 'By.xpath: //td[@style='display:none' and contains(text(),'-Empty-')]'. Please recheck the objects properties to make sure the desired element is located. 

2021-01-21 17:31:51 - [MESSAGE][WARNING] - com.kms.katalon.core.webui.exception.WebElementNotFoundException: Web element with id: '' located by '//td[@style='display:none' and contains(text(),'-Empty-')]' not found (Root cause: com.kms.katalon.core.exception.StepFailedException: com.kms.katalon.core.webui.exception.WebElementNotFoundException: Web element with id: '' located by '//td[@style='display:none' and contains(text(),'-Empty-')]' not found
	at com.kms.katalon.core.webui.keyword.internal.WebUIKeywordMain.stepFailed(WebUIKeywordMain.groovy:64)
	at com.kms.katalon.core.webui.keyword.builtin.VerifyElementPresentKeyword$_verifyElementPresent_closure1.doCall(VerifyElementPresentKeyword.groovy:85)
	at com.kms.katalon.core.webui.keyword.builtin.VerifyElementPresentKeyword$_verifyElementPresent_closure1.call(VerifyElementPresentKeyword.groovy)
	at com.kms.katalon.core.webui.keyword.internal.WebUIKeywordMain.runKeyword(WebUIKeywordMain.groovy:20)
	at com.kms.katalon.core.webui.keyword.builtin.VerifyElementPresentKeyword.verifyElementPresent(VerifyElementPresentKeyword.groovy:92)
	at com.kms.katalon.core.webui.keyword.builtin.VerifyElementPresentKeyword.execute(VerifyElementPresentKeyword.groovy:68)
	at com.kms.katalon.core.keyword.internal.KeywordExecutor.executeKeywordForPlatform(KeywordExecutor.groovy:73)
	at com.kms.katalon.core.webui.keyword.WebUiBuiltInKeywords.verifyElementPresent(WebUiBuiltInKeywords.groovy:1444)
	at com.kms.katalon.core.webui.keyword.WebUiBuiltInKeywords$verifyElementPresent$11.call(Unknown Source)
	at ist_real.Contract_Dispatcher.VerifyTblFilled(Contract_Dispatcher.groovy:1313)
	at ist_real.Contract_Dispatcher$VerifyTblFilled$0.call(Unknown Source)
	at RTD.Search_Result_Presents(RTD.groovy:191)
	at cucumber.runtime.Utils$1.call(Utils.java:26)
	at cucumber.runtime.Timeout.timeout(Timeout.java:16)
	at cucumber.runtime.Utils.invoke(Utils.java:20)
	at cucumber.runtime.java.JavaStepDefinition.execute(JavaStepDefinition.java:48)
	at cucumber.runtime.PickleStepDefinitionMatch.runStep(PickleStepDefinitionMatch.java:50)
	at cucumber.runner.TestStep.executeStep(TestStep.java:55)
	at cucumber.runner.TestStep.run(TestStep.java:42)
	at cucumber.runner.PickleStepTestStep.run(PickleStepTestStep.java:53)
	at cucumber.runner.TestCase.run(TestCase.java:47)
	at cucumber.runner.Runner.runPickle(Runner.java:44)
	at cucumber.runtime.Runtime.runFeature(Runtime.java:120)
	at cucumber.runtime.Runtime.run(Runtime.java:106)
	at cucumber.api.cli.Main.run(Main.java:35)
	at cucumber.api.cli.Main$run.call(Unknown Source)
	at com.kms.katalon.core.cucumber.keyword.CucumberBuiltinKeywords$_runFeatureFile_closure1.doCall(CucumberBuiltinKeywords.groovy:76)
	at com.kms.katalon.core.cucumber.keyword.CucumberBuiltinKeywords$_runFeatureFile_closure1.doCall(CucumberBuiltinKeywords.groovy)
	at com.kms.katalon.core.keyword.internal.KeywordMain.runKeyword(KeywordMain.groovy:68)
	at com.kms.katalon.core.keyword.internal.KeywordMain$runKeyword.call(Unknown Source)
	at com.kms.katalon.core.cucumber.keyword.CucumberBuiltinKeywords.runFeatureFile(CucumberBuiltinKeywords.groovy:46)
	at com.kms.katalon.core.cucumber.keyword.CucumberBuiltinKeywords$runFeatureFile$0.callStatic(Unknown Source)
	at com.kms.katalon.core.cucumber.keyword.CucumberBuiltinKeywords.runFeatureFile(CucumberBuiltinKeywords.groovy:169)
	at com.kms.katalon.core.cucumber.keyword.CucumberBuiltinKeywords$runFeatureFile.call(Unknown Source)
	at TC_Search_by_STATUS.run(TC_Search_by_STATUS:18)
	at com.kms.katalon.core.main.ScriptEngine.run(ScriptEngine.java:194)
	at com.kms.katalon.core.main.ScriptEngine.runScriptAsRawText(ScriptEngine.java:119)
	at com.kms.katalon.core.main.TestCaseExecutor.runScript(TestCaseExecutor.java:339)
	at com.kms.katalon.core.main.TestCaseExecutor.doExecute(TestCaseExecutor.java:330)
	at com.kms.katalon.core.main.TestCaseExecutor.processExecutionPhase(TestCaseExecutor.java:309)
	at com.kms.katalon.core.main.TestCaseExecutor.accessMainPhase(TestCaseExecutor.java:301)
	at com.kms.katalon.core.main.TestCaseExecutor.execute(TestCaseExecutor.java:235)
	at com.kms.katalon.core.main.TestSuiteExecutor.accessTestCaseMainPhase(TestSuiteExecutor.java:191)
	at com.kms.katalon.core.main.TestSuiteExecutor.accessTestSuiteMainPhase(TestSuiteExecutor.java:141)
	at com.kms.katalon.core.main.TestSuiteExecutor.execute(TestSuiteExecutor.java:90)
	at com.kms.katalon.core.main.TestCaseMain.startTestSuite(TestCaseMain.java:157)
	at com.kms.katalon.core.main.TestCaseMain$startTestSuite$0.call(Unknown Source)
	at TempTestSuite1611224749411.run(TempTestSuite1611224749411.groovy:39)
)
[[ATTACHMENT|/Users/chaidir.pratama01/Katalon Studio/IST_Automation_Git/Reports/20210121_172548/RTD/TS_Partner_Disbursement_SBO/20210121_172549/1611225111400.png]]

2021-01-21 17:31:52 - [MESSAGE][PASSED] - Verify Search Result Presents

2021-01-21 17:31:52 - [TEST_STEP][PASSED] - Click button "Logout": Click button "Logout"

2021-01-21 17:31:52 - [MESSAGE][INFO] - >>>>>//Button[contains(text(),'Logout')]

2021-01-21 17:31:55 - [MESSAGE][PASSED] - Object '' is present

2021-01-21 17:31:55 - [MESSAGE][PASSED] - Object: '' is clicked on

2021-01-21 17:31:55 - [MESSAGE][PASSED] - Switched to window with index: '0'

2021-01-21 17:31:55 - [MESSAGE][PASSED] - Click button "Logout"

2021-01-21 17:31:55 - [TEST_STEP][PASSED] - Close browser: Close browser

2021-01-21 17:31:55 - [MESSAGE][PASSED] - Browser is closed

2021-01-21 17:31:55 - [MESSAGE][PASSED] - Close browser

2021-01-21 17:31:55 - [TEST_CASE][PASSED] - Start Test Case : SCENARIO Search by STATUS Failed due to system error: SCENARIO Search by STATUS Failed due to system error

2021-01-21 17:31:55 - [TEST_STEP][PASSED] - Go to ISTools: Go to ISTools

2021-01-21 17:31:55 - [MESSAGE][INFO] - Starting 'Chrome (headless)' driver

2021-01-21 17:31:55 - [MESSAGE][INFO] - User set preference: ['args', '[--start-maximized, --disable-gpu, --no-proxy-server, –-no-sandbox, --allow-running-insecure-content, --ignore-certificate-errors, window-size=1680,814, force-device-scale-factor=2, --lang=en-GB]']

2021-01-21 17:31:55 - [MESSAGE][INFO] - User set preference: ['prefs', '{download.default_directory=/Users/chaidir.pratama01/Katalon Studio/IST_Automation_Git/Download}']

2021-01-21 17:31:55 - [MESSAGE][INFO] - Action delay is set to 0 milliseconds

2021-01-21 17:31:55 - [MESSAGE][PASSED] - Browser is opened with url: ''

2021-01-21 17:31:56 - [MESSAGE][PASSED] - Navigate to 'https://dev-istools.homecredit.id/foundation/' successfully

2021-01-21 17:31:56 - [MESSAGE][PASSED] - Go to ISTools

2021-01-21 17:31:56 - [TEST_STEP][PASSED] - Login IST with valid credentials: Login IST with valid credentials

2021-01-21 17:31:56 - [MESSAGE][PASSED] - Text 'mobile.test' is set on object 'Object Repository/Page_/input_Username_j_username'

2021-01-21 17:31:56 - [MESSAGE][PASSED] - Text ****** has been set on object 'Object Repository/Page_/input_Password_j_password'

2021-01-21 17:31:57 - [MESSAGE][PASSED] - Object: 'Object Repository/Page_/button_Login' is clicked on

2021-01-21 17:31:57 - [MESSAGE][PASSED] - Login IST with valid credentials

2021-01-21 17:31:57 - [TEST_STEP][PASSED] - Login Success: Login Success

2021-01-21 17:31:57 - [MESSAGE][INFO] - Login Success

2021-01-21 17:31:57 - [MESSAGE][PASSED] - Current window maximized

2021-01-21 17:31:57 - [MESSAGE][PASSED] - Object 'Object Repository/Page_/h1_Welcome to IT Supporting Tools' is present

2021-01-21 17:31:57 - [MESSAGE][PASSED] - Login Success

2021-01-21 17:31:57 - [TEST_STEP][PASSED] - Select Arrow Menu "Real Time Disbursement": Select Arrow Menu "Real Time Disbursement"

2021-01-21 17:31:57 - [MESSAGE][PASSED] - Object: '' is clicked on

2021-01-21 17:31:57 - [MESSAGE][PASSED] - Select Arrow Menu "Real Time Disbursement"

2021-01-21 17:31:57 - [TEST_STEP][PASSED] - Select Menu "Partner Disbursement SBO": Select Menu "Partner Disbursement SBO"

2021-01-21 17:31:57 - [MESSAGE][PASSED] - Taking screenshot successfully
[[ATTACHMENT|/Users/chaidir.pratama01/Documents/Docs/Katalon Studio/Screenshot/test-Partner Disbursement SBO.png]]

2021-01-21 17:31:57 - [MESSAGE][PASSED] - Object '' is present

2021-01-21 17:31:58 - [MESSAGE][PASSED] - Object: '' is clicked on

2021-01-21 17:31:58 - [MESSAGE][PASSED] - Wait for page load successfully

2021-01-21 17:31:58 - [MESSAGE][PASSED] - Select Menu "Partner Disbursement SBO"

2021-01-21 17:31:58 - [TEST_STEP][PASSED] - Select STATUS "Failed due to system error": Select STATUS "Failed due to system error"

2021-01-21 17:31:58 - [MESSAGE][PASSED] - All options with value 'Failed due to system error' are selected in object ''  using regular expression

2021-01-21 17:31:58 - [MESSAGE][PASSED] - Select STATUS "Failed due to system error"

2021-01-21 17:31:58 - [TEST_STEP][PASSED] - Click button "Search": Click button "Search"

2021-01-21 17:31:58 - [MESSAGE][INFO] - >>>>>//Button[contains(text(),'Search')]

2021-01-21 17:32:01 - [MESSAGE][PASSED] - Object '' is present

2021-01-21 17:32:01 - [MESSAGE][PASSED] - Object: '' is clicked on

2021-01-21 17:32:01 - [MESSAGE][PASSED] - Switched to window with index: '0'

2021-01-21 17:32:01 - [MESSAGE][PASSED] - Click button "Search"

2021-01-21 17:32:01 - [TEST_STEP][PASSED] - Verify Search Result Presents: Verify Search Result Presents

2021-01-21 17:32:01 - [MESSAGE][PASSED] - Object '' is present

2021-01-21 17:32:03 - [MESSAGE][PASSED] - Verify Search Result Presents

2021-01-21 17:32:03 - [TEST_STEP][PASSED] - Click button "Logout": Click button "Logout"

2021-01-21 17:32:03 - [MESSAGE][INFO] - >>>>>//Button[contains(text(),'Logout')]

2021-01-21 17:32:06 - [MESSAGE][PASSED] - Object '' is present

2021-01-21 17:32:06 - [MESSAGE][PASSED] - Object: '' is clicked on

2021-01-21 17:32:06 - [MESSAGE][PASSED] - Switched to window with index: '0'

2021-01-21 17:32:06 - [MESSAGE][PASSED] - Click button "Logout"

2021-01-21 17:32:06 - [TEST_STEP][PASSED] - Close browser: Close browser

2021-01-21 17:32:06 - [MESSAGE][PASSED] - Browser is closed

2021-01-21 17:32:06 - [MESSAGE][PASSED] - Close browser

2021-01-21 17:32:06 - [TEST_CASE][PASSED] - Start Test Case : SCENARIO Search by STATUS Failed due to insufficient fund: SCENARIO Search by STATUS Failed due to insufficient fund

2021-01-21 17:32:06 - [TEST_STEP][PASSED] - Go to ISTools: Go to ISTools

2021-01-21 17:32:06 - [MESSAGE][INFO] - Starting 'Chrome (headless)' driver

2021-01-21 17:32:06 - [MESSAGE][INFO] - User set preference: ['args', '[--start-maximized, --disable-gpu, --no-proxy-server, –-no-sandbox, --allow-running-insecure-content, --ignore-certificate-errors, window-size=1680,814, force-device-scale-factor=2, --lang=en-GB]']

2021-01-21 17:32:06 - [MESSAGE][INFO] - User set preference: ['prefs', '{download.default_directory=/Users/chaidir.pratama01/Katalon Studio/IST_Automation_Git/Download}']

2021-01-21 17:32:06 - [MESSAGE][INFO] - Action delay is set to 0 milliseconds

2021-01-21 17:32:06 - [MESSAGE][PASSED] - Browser is opened with url: ''

2021-01-21 17:32:07 - [MESSAGE][PASSED] - Navigate to 'https://dev-istools.homecredit.id/foundation/' successfully

2021-01-21 17:32:07 - [MESSAGE][PASSED] - Go to ISTools

2021-01-21 17:32:07 - [TEST_STEP][PASSED] - Login IST with valid credentials: Login IST with valid credentials

2021-01-21 17:32:07 - [MESSAGE][PASSED] - Text 'mobile.test' is set on object 'Object Repository/Page_/input_Username_j_username'

2021-01-21 17:32:07 - [MESSAGE][PASSED] - Text ****** has been set on object 'Object Repository/Page_/input_Password_j_password'

2021-01-21 17:32:08 - [MESSAGE][PASSED] - Object: 'Object Repository/Page_/button_Login' is clicked on

2021-01-21 17:32:08 - [MESSAGE][PASSED] - Login IST with valid credentials

2021-01-21 17:32:08 - [TEST_STEP][PASSED] - Login Success: Login Success

2021-01-21 17:32:08 - [MESSAGE][INFO] - Login Success

2021-01-21 17:32:08 - [MESSAGE][PASSED] - Current window maximized

2021-01-21 17:32:08 - [MESSAGE][PASSED] - Object 'Object Repository/Page_/h1_Welcome to IT Supporting Tools' is present

2021-01-21 17:32:08 - [MESSAGE][PASSED] - Login Success

2021-01-21 17:32:08 - [TEST_STEP][PASSED] - Select Arrow Menu "Real Time Disbursement": Select Arrow Menu "Real Time Disbursement"

2021-01-21 17:32:08 - [MESSAGE][PASSED] - Object: '' is clicked on

2021-01-21 17:32:08 - [MESSAGE][PASSED] - Select Arrow Menu "Real Time Disbursement"

2021-01-21 17:32:08 - [TEST_STEP][PASSED] - Select Menu "Partner Disbursement SBO": Select Menu "Partner Disbursement SBO"

2021-01-21 17:32:08 - [MESSAGE][PASSED] - Taking screenshot successfully
[[ATTACHMENT|/Users/chaidir.pratama01/Documents/Docs/Katalon Studio/Screenshot/test-Partner Disbursement SBO.png]]

2021-01-21 17:32:08 - [MESSAGE][PASSED] - Object '' is present

2021-01-21 17:32:09 - [MESSAGE][PASSED] - Object: '' is clicked on

2021-01-21 17:32:09 - [MESSAGE][PASSED] - Wait for page load successfully

2021-01-21 17:32:09 - [MESSAGE][PASSED] - Select Menu "Partner Disbursement SBO"

2021-01-21 17:32:09 - [TEST_STEP][PASSED] - Select STATUS "Failed due to insufficient fund": Select STATUS "Failed due to insufficient fund"

2021-01-21 17:32:09 - [MESSAGE][PASSED] - All options with value 'Failed due to insufficient fund' are selected in object ''  using regular expression

2021-01-21 17:32:09 - [MESSAGE][PASSED] - Select STATUS "Failed due to insufficient fund"

2021-01-21 17:32:09 - [TEST_STEP][PASSED] - Click button "Search": Click button "Search"

2021-01-21 17:32:09 - [MESSAGE][INFO] - >>>>>//Button[contains(text(),'Search')]

2021-01-21 17:32:12 - [MESSAGE][PASSED] - Object '' is present

2021-01-21 17:32:12 - [MESSAGE][PASSED] - Object: '' is clicked on

2021-01-21 17:32:12 - [MESSAGE][PASSED] - Switched to window with index: '0'

2021-01-21 17:32:12 - [MESSAGE][PASSED] - Click button "Search"

2021-01-21 17:32:12 - [TEST_STEP][PASSED] - Verify Search Result Presents: Verify Search Result Presents

2021-01-21 17:32:16 - [MESSAGE][INFO] - Unable to find the element located by 'By.xpath: //td[@style='display:none' and contains(text(),'-Empty-')]'. Please recheck the objects properties to make sure the desired element is located. 

2021-01-21 17:32:17 - [MESSAGE][WARNING] - com.kms.katalon.core.webui.exception.WebElementNotFoundException: Web element with id: '' located by '//td[@style='display:none' and contains(text(),'-Empty-')]' not found (Root cause: com.kms.katalon.core.exception.StepFailedException: com.kms.katalon.core.webui.exception.WebElementNotFoundException: Web element with id: '' located by '//td[@style='display:none' and contains(text(),'-Empty-')]' not found
	at com.kms.katalon.core.webui.keyword.internal.WebUIKeywordMain.stepFailed(WebUIKeywordMain.groovy:64)
	at com.kms.katalon.core.webui.keyword.builtin.VerifyElementPresentKeyword$_verifyElementPresent_closure1.doCall(VerifyElementPresentKeyword.groovy:85)
	at com.kms.katalon.core.webui.keyword.builtin.VerifyElementPresentKeyword$_verifyElementPresent_closure1.call(VerifyElementPresentKeyword.groovy)
	at com.kms.katalon.core.webui.keyword.internal.WebUIKeywordMain.runKeyword(WebUIKeywordMain.groovy:20)
	at com.kms.katalon.core.webui.keyword.builtin.VerifyElementPresentKeyword.verifyElementPresent(VerifyElementPresentKeyword.groovy:92)
	at com.kms.katalon.core.webui.keyword.builtin.VerifyElementPresentKeyword.execute(VerifyElementPresentKeyword.groovy:68)
	at com.kms.katalon.core.keyword.internal.KeywordExecutor.executeKeywordForPlatform(KeywordExecutor.groovy:73)
	at com.kms.katalon.core.webui.keyword.WebUiBuiltInKeywords.verifyElementPresent(WebUiBuiltInKeywords.groovy:1444)
	at com.kms.katalon.core.webui.keyword.WebUiBuiltInKeywords$verifyElementPresent$11.call(Unknown Source)
	at ist_real.Contract_Dispatcher.VerifyTblFilled(Contract_Dispatcher.groovy:1313)
	at ist_real.Contract_Dispatcher$VerifyTblFilled$0.call(Unknown Source)
	at RTD.Search_Result_Presents(RTD.groovy:191)
	at cucumber.runtime.Utils$1.call(Utils.java:26)
	at cucumber.runtime.Timeout.timeout(Timeout.java:16)
	at cucumber.runtime.Utils.invoke(Utils.java:20)
	at cucumber.runtime.java.JavaStepDefinition.execute(JavaStepDefinition.java:48)
	at cucumber.runtime.PickleStepDefinitionMatch.runStep(PickleStepDefinitionMatch.java:50)
	at cucumber.runner.TestStep.executeStep(TestStep.java:55)
	at cucumber.runner.TestStep.run(TestStep.java:42)
	at cucumber.runner.PickleStepTestStep.run(PickleStepTestStep.java:53)
	at cucumber.runner.TestCase.run(TestCase.java:47)
	at cucumber.runner.Runner.runPickle(Runner.java:44)
	at cucumber.runtime.Runtime.runFeature(Runtime.java:120)
	at cucumber.runtime.Runtime.run(Runtime.java:106)
	at cucumber.api.cli.Main.run(Main.java:35)
	at cucumber.api.cli.Main$run.call(Unknown Source)
	at com.kms.katalon.core.cucumber.keyword.CucumberBuiltinKeywords$_runFeatureFile_closure1.doCall(CucumberBuiltinKeywords.groovy:76)
	at com.kms.katalon.core.cucumber.keyword.CucumberBuiltinKeywords$_runFeatureFile_closure1.doCall(CucumberBuiltinKeywords.groovy)
	at com.kms.katalon.core.keyword.internal.KeywordMain.runKeyword(KeywordMain.groovy:68)
	at com.kms.katalon.core.keyword.internal.KeywordMain$runKeyword.call(Unknown Source)
	at com.kms.katalon.core.cucumber.keyword.CucumberBuiltinKeywords.runFeatureFile(CucumberBuiltinKeywords.groovy:46)
	at com.kms.katalon.core.cucumber.keyword.CucumberBuiltinKeywords$runFeatureFile$0.callStatic(Unknown Source)
	at com.kms.katalon.core.cucumber.keyword.CucumberBuiltinKeywords.runFeatureFile(CucumberBuiltinKeywords.groovy:169)
	at com.kms.katalon.core.cucumber.keyword.CucumberBuiltinKeywords$runFeatureFile.call(Unknown Source)
	at TC_Search_by_STATUS.run(TC_Search_by_STATUS:18)
	at com.kms.katalon.core.main.ScriptEngine.run(ScriptEngine.java:194)
	at com.kms.katalon.core.main.ScriptEngine.runScriptAsRawText(ScriptEngine.java:119)
	at com.kms.katalon.core.main.TestCaseExecutor.runScript(TestCaseExecutor.java:339)
	at com.kms.katalon.core.main.TestCaseExecutor.doExecute(TestCaseExecutor.java:330)
	at com.kms.katalon.core.main.TestCaseExecutor.processExecutionPhase(TestCaseExecutor.java:309)
	at com.kms.katalon.core.main.TestCaseExecutor.accessMainPhase(TestCaseExecutor.java:301)
	at com.kms.katalon.core.main.TestCaseExecutor.execute(TestCaseExecutor.java:235)
	at com.kms.katalon.core.main.TestSuiteExecutor.accessTestCaseMainPhase(TestSuiteExecutor.java:191)
	at com.kms.katalon.core.main.TestSuiteExecutor.accessTestSuiteMainPhase(TestSuiteExecutor.java:141)
	at com.kms.katalon.core.main.TestSuiteExecutor.execute(TestSuiteExecutor.java:90)
	at com.kms.katalon.core.main.TestCaseMain.startTestSuite(TestCaseMain.java:157)
	at com.kms.katalon.core.main.TestCaseMain$startTestSuite$0.call(Unknown Source)
	at TempTestSuite1611224749411.run(TempTestSuite1611224749411.groovy:39)
)
[[ATTACHMENT|/Users/chaidir.pratama01/Katalon Studio/IST_Automation_Git/Reports/20210121_172548/RTD/TS_Partner_Disbursement_SBO/20210121_172549/1611225136638.png]]

2021-01-21 17:32:17 - [MESSAGE][PASSED] - Verify Search Result Presents

2021-01-21 17:32:17 - [TEST_STEP][PASSED] - Click button "Logout": Click button "Logout"

2021-01-21 17:32:17 - [MESSAGE][INFO] - >>>>>//Button[contains(text(),'Logout')]

2021-01-21 17:32:20 - [MESSAGE][PASSED] - Object '' is present

2021-01-21 17:32:20 - [MESSAGE][PASSED] - Object: '' is clicked on

2021-01-21 17:32:20 - [MESSAGE][PASSED] - Switched to window with index: '0'

2021-01-21 17:32:20 - [MESSAGE][PASSED] - Click button "Logout"

2021-01-21 17:32:20 - [TEST_STEP][PASSED] - Close browser: Close browser

2021-01-21 17:32:20 - [MESSAGE][PASSED] - Browser is closed

2021-01-21 17:32:20 - [MESSAGE][PASSED] - Close browser

2021-01-21 17:32:20 - [TEST_CASE][PASSED] - Start Test Case : SCENARIO Search by STATUS Failed due to not supported bank: SCENARIO Search by STATUS Failed due to not supported bank

2021-01-21 17:32:20 - [TEST_STEP][PASSED] - Go to ISTools: Go to ISTools

2021-01-21 17:32:20 - [MESSAGE][INFO] - Starting 'Chrome (headless)' driver

2021-01-21 17:32:20 - [MESSAGE][INFO] - User set preference: ['args', '[--start-maximized, --disable-gpu, --no-proxy-server, –-no-sandbox, --allow-running-insecure-content, --ignore-certificate-errors, window-size=1680,814, force-device-scale-factor=2, --lang=en-GB]']

2021-01-21 17:32:20 - [MESSAGE][INFO] - User set preference: ['prefs', '{download.default_directory=/Users/chaidir.pratama01/Katalon Studio/IST_Automation_Git/Download}']

2021-01-21 17:32:20 - [MESSAGE][INFO] - Action delay is set to 0 milliseconds

2021-01-21 17:32:21 - [MESSAGE][PASSED] - Browser is opened with url: ''

2021-01-21 17:32:21 - [MESSAGE][PASSED] - Navigate to 'https://dev-istools.homecredit.id/foundation/' successfully

2021-01-21 17:32:21 - [MESSAGE][PASSED] - Go to ISTools

2021-01-21 17:32:21 - [TEST_STEP][PASSED] - Login IST with valid credentials: Login IST with valid credentials

2021-01-21 17:32:21 - [MESSAGE][PASSED] - Text 'mobile.test' is set on object 'Object Repository/Page_/input_Username_j_username'

2021-01-21 17:32:22 - [MESSAGE][PASSED] - Text ****** has been set on object 'Object Repository/Page_/input_Password_j_password'

2021-01-21 17:32:22 - [MESSAGE][PASSED] - Object: 'Object Repository/Page_/button_Login' is clicked on

2021-01-21 17:32:22 - [MESSAGE][PASSED] - Login IST with valid credentials

2021-01-21 17:32:22 - [TEST_STEP][PASSED] - Login Success: Login Success

2021-01-21 17:32:22 - [MESSAGE][INFO] - Login Success

2021-01-21 17:32:22 - [MESSAGE][PASSED] - Current window maximized

2021-01-21 17:32:22 - [MESSAGE][PASSED] - Object 'Object Repository/Page_/h1_Welcome to IT Supporting Tools' is present

2021-01-21 17:32:22 - [MESSAGE][PASSED] - Login Success

2021-01-21 17:32:22 - [TEST_STEP][PASSED] - Select Arrow Menu "Real Time Disbursement": Select Arrow Menu "Real Time Disbursement"

2021-01-21 17:32:22 - [MESSAGE][PASSED] - Object: '' is clicked on

2021-01-21 17:32:22 - [MESSAGE][PASSED] - Select Arrow Menu "Real Time Disbursement"

2021-01-21 17:32:22 - [TEST_STEP][PASSED] - Select Menu "Partner Disbursement SBO": Select Menu "Partner Disbursement SBO"

2021-01-21 17:32:23 - [MESSAGE][PASSED] - Taking screenshot successfully
[[ATTACHMENT|/Users/chaidir.pratama01/Documents/Docs/Katalon Studio/Screenshot/test-Partner Disbursement SBO.png]]

2021-01-21 17:32:23 - [MESSAGE][PASSED] - Object '' is present

2021-01-21 17:32:23 - [MESSAGE][PASSED] - Object: '' is clicked on

2021-01-21 17:32:23 - [MESSAGE][PASSED] - Wait for page load successfully

2021-01-21 17:32:23 - [MESSAGE][PASSED] - Select Menu "Partner Disbursement SBO"

2021-01-21 17:32:23 - [TEST_STEP][PASSED] - Select STATUS "Failed due to not supported bank": Select STATUS "Failed due to not supported bank"

2021-01-21 17:32:23 - [MESSAGE][PASSED] - All options with value 'Failed due to not supported bank' are selected in object ''  using regular expression

2021-01-21 17:32:23 - [MESSAGE][PASSED] - Select STATUS "Failed due to not supported bank"

2021-01-21 17:32:23 - [TEST_STEP][PASSED] - Click button "Search": Click button "Search"

2021-01-21 17:32:23 - [MESSAGE][INFO] - >>>>>//Button[contains(text(),'Search')]

2021-01-21 17:32:26 - [MESSAGE][PASSED] - Object '' is present

2021-01-21 17:32:26 - [MESSAGE][PASSED] - Object: '' is clicked on

2021-01-21 17:32:26 - [MESSAGE][PASSED] - Switched to window with index: '0'

2021-01-21 17:32:26 - [MESSAGE][PASSED] - Click button "Search"

2021-01-21 17:32:26 - [TEST_STEP][PASSED] - Verify Search Result Presents: Verify Search Result Presents

2021-01-21 17:32:30 - [MESSAGE][INFO] - Unable to find the element located by 'By.xpath: //td[@style='display:none' and contains(text(),'-Empty-')]'. Please recheck the objects properties to make sure the desired element is located. 

2021-01-21 17:32:31 - [MESSAGE][WARNING] - com.kms.katalon.core.webui.exception.WebElementNotFoundException: Web element with id: '' located by '//td[@style='display:none' and contains(text(),'-Empty-')]' not found (Root cause: com.kms.katalon.core.exception.StepFailedException: com.kms.katalon.core.webui.exception.WebElementNotFoundException: Web element with id: '' located by '//td[@style='display:none' and contains(text(),'-Empty-')]' not found
	at com.kms.katalon.core.webui.keyword.internal.WebUIKeywordMain.stepFailed(WebUIKeywordMain.groovy:64)
	at com.kms.katalon.core.webui.keyword.builtin.VerifyElementPresentKeyword$_verifyElementPresent_closure1.doCall(VerifyElementPresentKeyword.groovy:85)
	at com.kms.katalon.core.webui.keyword.builtin.VerifyElementPresentKeyword$_verifyElementPresent_closure1.call(VerifyElementPresentKeyword.groovy)
	at com.kms.katalon.core.webui.keyword.internal.WebUIKeywordMain.runKeyword(WebUIKeywordMain.groovy:20)
	at com.kms.katalon.core.webui.keyword.builtin.VerifyElementPresentKeyword.verifyElementPresent(VerifyElementPresentKeyword.groovy:92)
	at com.kms.katalon.core.webui.keyword.builtin.VerifyElementPresentKeyword.execute(VerifyElementPresentKeyword.groovy:68)
	at com.kms.katalon.core.keyword.internal.KeywordExecutor.executeKeywordForPlatform(KeywordExecutor.groovy:73)
	at com.kms.katalon.core.webui.keyword.WebUiBuiltInKeywords.verifyElementPresent(WebUiBuiltInKeywords.groovy:1444)
	at com.kms.katalon.core.webui.keyword.WebUiBuiltInKeywords$verifyElementPresent$11.call(Unknown Source)
	at ist_real.Contract_Dispatcher.VerifyTblFilled(Contract_Dispatcher.groovy:1313)
	at ist_real.Contract_Dispatcher$VerifyTblFilled$0.call(Unknown Source)
	at RTD.Search_Result_Presents(RTD.groovy:191)
	at cucumber.runtime.Utils$1.call(Utils.java:26)
	at cucumber.runtime.Timeout.timeout(Timeout.java:16)
	at cucumber.runtime.Utils.invoke(Utils.java:20)
	at cucumber.runtime.java.JavaStepDefinition.execute(JavaStepDefinition.java:48)
	at cucumber.runtime.PickleStepDefinitionMatch.runStep(PickleStepDefinitionMatch.java:50)
	at cucumber.runner.TestStep.executeStep(TestStep.java:55)
	at cucumber.runner.TestStep.run(TestStep.java:42)
	at cucumber.runner.PickleStepTestStep.run(PickleStepTestStep.java:53)
	at cucumber.runner.TestCase.run(TestCase.java:47)
	at cucumber.runner.Runner.runPickle(Runner.java:44)
	at cucumber.runtime.Runtime.runFeature(Runtime.java:120)
	at cucumber.runtime.Runtime.run(Runtime.java:106)
	at cucumber.api.cli.Main.run(Main.java:35)
	at cucumber.api.cli.Main$run.call(Unknown Source)
	at com.kms.katalon.core.cucumber.keyword.CucumberBuiltinKeywords$_runFeatureFile_closure1.doCall(CucumberBuiltinKeywords.groovy:76)
	at com.kms.katalon.core.cucumber.keyword.CucumberBuiltinKeywords$_runFeatureFile_closure1.doCall(CucumberBuiltinKeywords.groovy)
	at com.kms.katalon.core.keyword.internal.KeywordMain.runKeyword(KeywordMain.groovy:68)
	at com.kms.katalon.core.keyword.internal.KeywordMain$runKeyword.call(Unknown Source)
	at com.kms.katalon.core.cucumber.keyword.CucumberBuiltinKeywords.runFeatureFile(CucumberBuiltinKeywords.groovy:46)
	at com.kms.katalon.core.cucumber.keyword.CucumberBuiltinKeywords$runFeatureFile$0.callStatic(Unknown Source)
	at com.kms.katalon.core.cucumber.keyword.CucumberBuiltinKeywords.runFeatureFile(CucumberBuiltinKeywords.groovy:169)
	at com.kms.katalon.core.cucumber.keyword.CucumberBuiltinKeywords$runFeatureFile.call(Unknown Source)
	at TC_Search_by_STATUS.run(TC_Search_by_STATUS:18)
	at com.kms.katalon.core.main.ScriptEngine.run(ScriptEngine.java:194)
	at com.kms.katalon.core.main.ScriptEngine.runScriptAsRawText(ScriptEngine.java:119)
	at com.kms.katalon.core.main.TestCaseExecutor.runScript(TestCaseExecutor.java:339)
	at com.kms.katalon.core.main.TestCaseExecutor.doExecute(TestCaseExecutor.java:330)
	at com.kms.katalon.core.main.TestCaseExecutor.processExecutionPhase(TestCaseExecutor.java:309)
	at com.kms.katalon.core.main.TestCaseExecutor.accessMainPhase(TestCaseExecutor.java:301)
	at com.kms.katalon.core.main.TestCaseExecutor.execute(TestCaseExecutor.java:235)
	at com.kms.katalon.core.main.TestSuiteExecutor.accessTestCaseMainPhase(TestSuiteExecutor.java:191)
	at com.kms.katalon.core.main.TestSuiteExecutor.accessTestSuiteMainPhase(TestSuiteExecutor.java:141)
	at com.kms.katalon.core.main.TestSuiteExecutor.execute(TestSuiteExecutor.java:90)
	at com.kms.katalon.core.main.TestCaseMain.startTestSuite(TestCaseMain.java:157)
	at com.kms.katalon.core.main.TestCaseMain$startTestSuite$0.call(Unknown Source)
	at TempTestSuite1611224749411.run(TempTestSuite1611224749411.groovy:39)
)
[[ATTACHMENT|/Users/chaidir.pratama01/Katalon Studio/IST_Automation_Git/Reports/20210121_172548/RTD/TS_Partner_Disbursement_SBO/20210121_172549/1611225150744.png]]

2021-01-21 17:32:31 - [MESSAGE][PASSED] - Verify Search Result Presents

2021-01-21 17:32:31 - [TEST_STEP][PASSED] - Click button "Logout": Click button "Logout"

2021-01-21 17:32:31 - [MESSAGE][INFO] - >>>>>//Button[contains(text(),'Logout')]

2021-01-21 17:32:34 - [MESSAGE][PASSED] - Object '' is present

2021-01-21 17:32:34 - [MESSAGE][PASSED] - Object: '' is clicked on

2021-01-21 17:32:34 - [MESSAGE][PASSED] - Switched to window with index: '0'

2021-01-21 17:32:34 - [MESSAGE][PASSED] - Click button "Logout"

2021-01-21 17:32:34 - [TEST_STEP][PASSED] - Close browser: Close browser

2021-01-21 17:32:34 - [MESSAGE][PASSED] - Browser is closed

2021-01-21 17:32:34 - [MESSAGE][PASSED] - Close browser

2021-01-21 17:32:34 - [TEST_CASE][PASSED] - Start Test Case : SCENARIO Search by STATUS Manual Disbursement: SCENARIO Search by STATUS Manual Disbursement

2021-01-21 17:32:34 - [TEST_STEP][PASSED] - Go to ISTools: Go to ISTools

2021-01-21 17:32:34 - [MESSAGE][INFO] - Starting 'Chrome (headless)' driver

2021-01-21 17:32:34 - [MESSAGE][INFO] - User set preference: ['args', '[--start-maximized, --disable-gpu, --no-proxy-server, –-no-sandbox, --allow-running-insecure-content, --ignore-certificate-errors, window-size=1680,814, force-device-scale-factor=2, --lang=en-GB]']

2021-01-21 17:32:34 - [MESSAGE][INFO] - User set preference: ['prefs', '{download.default_directory=/Users/chaidir.pratama01/Katalon Studio/IST_Automation_Git/Download}']

2021-01-21 17:32:34 - [MESSAGE][INFO] - Action delay is set to 0 milliseconds

2021-01-21 17:32:35 - [MESSAGE][PASSED] - Browser is opened with url: ''

2021-01-21 17:32:35 - [MESSAGE][PASSED] - Navigate to 'https://dev-istools.homecredit.id/foundation/' successfully

2021-01-21 17:32:35 - [MESSAGE][PASSED] - Go to ISTools

2021-01-21 17:32:35 - [TEST_STEP][PASSED] - Login IST with valid credentials: Login IST with valid credentials

2021-01-21 17:32:36 - [MESSAGE][PASSED] - Text 'mobile.test' is set on object 'Object Repository/Page_/input_Username_j_username'

2021-01-21 17:32:36 - [MESSAGE][PASSED] - Text ****** has been set on object 'Object Repository/Page_/input_Password_j_password'

2021-01-21 17:32:36 - [MESSAGE][PASSED] - Object: 'Object Repository/Page_/button_Login' is clicked on

2021-01-21 17:32:36 - [MESSAGE][PASSED] - Login IST with valid credentials

2021-01-21 17:32:36 - [TEST_STEP][PASSED] - Login Success: Login Success

2021-01-21 17:32:36 - [MESSAGE][INFO] - Login Success

2021-01-21 17:32:36 - [MESSAGE][PASSED] - Current window maximized

2021-01-21 17:32:36 - [MESSAGE][PASSED] - Object 'Object Repository/Page_/h1_Welcome to IT Supporting Tools' is present

2021-01-21 17:32:36 - [MESSAGE][PASSED] - Login Success

2021-01-21 17:32:36 - [TEST_STEP][PASSED] - Select Arrow Menu "Real Time Disbursement": Select Arrow Menu "Real Time Disbursement"

2021-01-21 17:32:36 - [MESSAGE][PASSED] - Object: '' is clicked on

2021-01-21 17:32:36 - [MESSAGE][PASSED] - Select Arrow Menu "Real Time Disbursement"

2021-01-21 17:32:36 - [TEST_STEP][PASSED] - Select Menu "Partner Disbursement SBO": Select Menu "Partner Disbursement SBO"

2021-01-21 17:32:37 - [MESSAGE][PASSED] - Taking screenshot successfully
[[ATTACHMENT|/Users/chaidir.pratama01/Documents/Docs/Katalon Studio/Screenshot/test-Partner Disbursement SBO.png]]

2021-01-21 17:32:37 - [MESSAGE][PASSED] - Object '' is present

2021-01-21 17:32:37 - [MESSAGE][PASSED] - Object: '' is clicked on

2021-01-21 17:32:37 - [MESSAGE][PASSED] - Wait for page load successfully

2021-01-21 17:32:37 - [MESSAGE][PASSED] - Select Menu "Partner Disbursement SBO"

2021-01-21 17:32:37 - [TEST_STEP][PASSED] - Select STATUS "Manual Disbursement": Select STATUS "Manual Disbursement"

2021-01-21 17:32:37 - [MESSAGE][PASSED] - All options with value 'Manual Disbursement' are selected in object ''  using regular expression

2021-01-21 17:32:37 - [MESSAGE][PASSED] - Select STATUS "Manual Disbursement"

2021-01-21 17:32:37 - [TEST_STEP][PASSED] - Click button "Search": Click button "Search"

2021-01-21 17:32:37 - [MESSAGE][INFO] - >>>>>//Button[contains(text(),'Search')]

2021-01-21 17:32:40 - [MESSAGE][PASSED] - Object '' is present

2021-01-21 17:32:40 - [MESSAGE][PASSED] - Object: '' is clicked on

2021-01-21 17:32:40 - [MESSAGE][PASSED] - Switched to window with index: '0'

2021-01-21 17:32:40 - [MESSAGE][PASSED] - Click button "Search"

2021-01-21 17:32:40 - [TEST_STEP][PASSED] - Verify Search Result Presents: Verify Search Result Presents

2021-01-21 17:32:41 - [MESSAGE][PASSED] - Object '' is present

2021-01-21 17:32:51 - [MESSAGE][PASSED] - Verify Search Result Presents

2021-01-21 17:32:51 - [TEST_STEP][PASSED] - Click button "Logout": Click button "Logout"

2021-01-21 17:32:51 - [MESSAGE][INFO] - >>>>>//Button[contains(text(),'Logout')]

2021-01-21 17:32:54 - [MESSAGE][PASSED] - Object '' is present

2021-01-21 17:32:54 - [MESSAGE][PASSED] - Object: '' is clicked on

2021-01-21 17:32:54 - [MESSAGE][PASSED] - Switched to window with index: '0'

2021-01-21 17:32:54 - [MESSAGE][PASSED] - Click button "Logout"

2021-01-21 17:32:54 - [TEST_STEP][PASSED] - Close browser: Close browser

2021-01-21 17:32:54 - [MESSAGE][PASSED] - Browser is closed

2021-01-21 17:32:54 - [MESSAGE][PASSED] - Close browser

2021-01-21 17:32:54 - [TEST_CASE][PASSED] - Start Test Case : SCENARIO Search by STATUS DONE: SCENARIO Search by STATUS DONE

2021-01-21 17:32:54 - [TEST_STEP][PASSED] - Go to ISTools: Go to ISTools

2021-01-21 17:32:54 - [MESSAGE][INFO] - Starting 'Chrome (headless)' driver

2021-01-21 17:32:54 - [MESSAGE][INFO] - User set preference: ['args', '[--start-maximized, --disable-gpu, --no-proxy-server, –-no-sandbox, --allow-running-insecure-content, --ignore-certificate-errors, window-size=1680,814, force-device-scale-factor=2, --lang=en-GB]']

2021-01-21 17:32:54 - [MESSAGE][INFO] - User set preference: ['prefs', '{download.default_directory=/Users/chaidir.pratama01/Katalon Studio/IST_Automation_Git/Download}']

2021-01-21 17:32:54 - [MESSAGE][INFO] - Action delay is set to 0 milliseconds

2021-01-21 17:32:54 - [MESSAGE][PASSED] - Browser is opened with url: ''

2021-01-21 17:32:55 - [MESSAGE][PASSED] - Navigate to 'https://dev-istools.homecredit.id/foundation/' successfully

2021-01-21 17:32:55 - [MESSAGE][PASSED] - Go to ISTools

2021-01-21 17:32:55 - [TEST_STEP][PASSED] - Login IST with valid credentials: Login IST with valid credentials

2021-01-21 17:32:55 - [MESSAGE][PASSED] - Text 'mobile.test' is set on object 'Object Repository/Page_/input_Username_j_username'

2021-01-21 17:32:55 - [MESSAGE][PASSED] - Text ****** has been set on object 'Object Repository/Page_/input_Password_j_password'

2021-01-21 17:32:56 - [MESSAGE][PASSED] - Object: 'Object Repository/Page_/button_Login' is clicked on

2021-01-21 17:32:56 - [MESSAGE][PASSED] - Login IST with valid credentials

2021-01-21 17:32:56 - [TEST_STEP][PASSED] - Login Success: Login Success

2021-01-21 17:32:56 - [MESSAGE][INFO] - Login Success

2021-01-21 17:32:56 - [MESSAGE][PASSED] - Current window maximized

2021-01-21 17:32:56 - [MESSAGE][PASSED] - Object 'Object Repository/Page_/h1_Welcome to IT Supporting Tools' is present

2021-01-21 17:32:56 - [MESSAGE][PASSED] - Login Success

2021-01-21 17:32:56 - [TEST_STEP][PASSED] - Select Arrow Menu "Real Time Disbursement": Select Arrow Menu "Real Time Disbursement"

2021-01-21 17:32:56 - [MESSAGE][PASSED] - Object: '' is clicked on

2021-01-21 17:32:56 - [MESSAGE][PASSED] - Select Arrow Menu "Real Time Disbursement"

2021-01-21 17:32:56 - [TEST_STEP][PASSED] - Select Menu "Partner Disbursement SBO": Select Menu "Partner Disbursement SBO"

2021-01-21 17:32:56 - [MESSAGE][PASSED] - Taking screenshot successfully
[[ATTACHMENT|/Users/chaidir.pratama01/Documents/Docs/Katalon Studio/Screenshot/test-Partner Disbursement SBO.png]]

2021-01-21 17:32:56 - [MESSAGE][PASSED] - Object '' is present

2021-01-21 17:32:56 - [MESSAGE][PASSED] - Object: '' is clicked on

2021-01-21 17:32:56 - [MESSAGE][PASSED] - Wait for page load successfully

2021-01-21 17:32:56 - [MESSAGE][PASSED] - Select Menu "Partner Disbursement SBO"

2021-01-21 17:32:56 - [TEST_STEP][PASSED] - Select STATUS "DONE": Select STATUS "DONE"

2021-01-21 17:32:57 - [MESSAGE][PASSED] - All options with value 'DONE' are selected in object ''  using regular expression

2021-01-21 17:32:57 - [MESSAGE][PASSED] - Select STATUS "DONE"

2021-01-21 17:32:57 - [TEST_STEP][PASSED] - Click button "Search": Click button "Search"

2021-01-21 17:32:57 - [MESSAGE][INFO] - >>>>>//Button[contains(text(),'Search')]

2021-01-21 17:33:00 - [MESSAGE][PASSED] - Object '' is present

2021-01-21 17:33:00 - [MESSAGE][PASSED] - Object: '' is clicked on

2021-01-21 17:33:00 - [MESSAGE][PASSED] - Switched to window with index: '0'

2021-01-21 17:33:00 - [MESSAGE][PASSED] - Click button "Search"

2021-01-21 17:33:00 - [TEST_STEP][PASSED] - Verify Search Result Presents: Verify Search Result Presents

2021-01-21 17:33:00 - [MESSAGE][PASSED] - Object '' is present

2021-01-21 17:33:07 - [MESSAGE][PASSED] - Verify Search Result Presents

2021-01-21 17:33:07 - [TEST_STEP][PASSED] - Click button "Logout": Click button "Logout"

2021-01-21 17:33:07 - [MESSAGE][INFO] - >>>>>//Button[contains(text(),'Logout')]

2021-01-21 17:33:10 - [MESSAGE][PASSED] - Object '' is present

2021-01-21 17:33:11 - [MESSAGE][PASSED] - Object: '' is clicked on

2021-01-21 17:33:11 - [MESSAGE][PASSED] - Switched to window with index: '0'

2021-01-21 17:33:11 - [MESSAGE][PASSED] - Click button "Logout"

2021-01-21 17:33:11 - [TEST_STEP][PASSED] - Close browser: Close browser

2021-01-21 17:33:11 - [MESSAGE][PASSED] - Browser is closed

2021-01-21 17:33:11 - [MESSAGE][PASSED] - Close browser

2021-01-21 17:33:11 - [TEST_CASE][PASSED] - Start Test Case : SCENARIO Search by STATUS Waiting Partner Confirmation: SCENARIO Search by STATUS Waiting Partner Confirmation

2021-01-21 17:33:11 - [TEST_STEP][PASSED] - Go to ISTools: Go to ISTools

2021-01-21 17:33:11 - [MESSAGE][INFO] - Starting 'Chrome (headless)' driver

2021-01-21 17:33:11 - [MESSAGE][INFO] - User set preference: ['args', '[--start-maximized, --disable-gpu, --no-proxy-server, –-no-sandbox, --allow-running-insecure-content, --ignore-certificate-errors, window-size=1680,814, force-device-scale-factor=2, --lang=en-GB]']

2021-01-21 17:33:11 - [MESSAGE][INFO] - User set preference: ['prefs', '{download.default_directory=/Users/chaidir.pratama01/Katalon Studio/IST_Automation_Git/Download}']

2021-01-21 17:33:11 - [MESSAGE][INFO] - Action delay is set to 0 milliseconds

2021-01-21 17:33:11 - [MESSAGE][PASSED] - Browser is opened with url: ''

2021-01-21 17:33:12 - [MESSAGE][PASSED] - Navigate to 'https://dev-istools.homecredit.id/foundation/' successfully

2021-01-21 17:33:12 - [MESSAGE][PASSED] - Go to ISTools

2021-01-21 17:33:12 - [TEST_STEP][PASSED] - Login IST with valid credentials: Login IST with valid credentials

2021-01-21 17:33:12 - [MESSAGE][PASSED] - Text 'mobile.test' is set on object 'Object Repository/Page_/input_Username_j_username'

2021-01-21 17:33:12 - [MESSAGE][PASSED] - Text ****** has been set on object 'Object Repository/Page_/input_Password_j_password'

2021-01-21 17:33:12 - [MESSAGE][PASSED] - Object: 'Object Repository/Page_/button_Login' is clicked on

2021-01-21 17:33:12 - [MESSAGE][PASSED] - Login IST with valid credentials

2021-01-21 17:33:12 - [TEST_STEP][PASSED] - Login Success: Login Success

2021-01-21 17:33:12 - [MESSAGE][INFO] - Login Success

2021-01-21 17:33:13 - [MESSAGE][PASSED] - Current window maximized

2021-01-21 17:33:13 - [MESSAGE][PASSED] - Object 'Object Repository/Page_/h1_Welcome to IT Supporting Tools' is present

2021-01-21 17:33:13 - [MESSAGE][PASSED] - Login Success

2021-01-21 17:33:13 - [TEST_STEP][PASSED] - Select Arrow Menu "Real Time Disbursement": Select Arrow Menu "Real Time Disbursement"

2021-01-21 17:33:13 - [MESSAGE][PASSED] - Object: '' is clicked on

2021-01-21 17:33:13 - [MESSAGE][PASSED] - Select Arrow Menu "Real Time Disbursement"

2021-01-21 17:33:13 - [TEST_STEP][PASSED] - Select Menu "Partner Disbursement SBO": Select Menu "Partner Disbursement SBO"

2021-01-21 17:33:13 - [MESSAGE][PASSED] - Taking screenshot successfully
[[ATTACHMENT|/Users/chaidir.pratama01/Documents/Docs/Katalon Studio/Screenshot/test-Partner Disbursement SBO.png]]

2021-01-21 17:33:13 - [MESSAGE][PASSED] - Object '' is present

2021-01-21 17:33:13 - [MESSAGE][PASSED] - Object: '' is clicked on

2021-01-21 17:33:13 - [MESSAGE][PASSED] - Wait for page load successfully

2021-01-21 17:33:13 - [MESSAGE][PASSED] - Select Menu "Partner Disbursement SBO"

2021-01-21 17:33:13 - [TEST_STEP][PASSED] - Select STATUS "Waiting Partner Confirmation": Select STATUS "Waiting Partner Confirmation"

2021-01-21 17:33:14 - [MESSAGE][PASSED] - All options with value 'Waiting Partner Confirmation' are selected in object ''  using regular expression

2021-01-21 17:33:14 - [MESSAGE][PASSED] - Select STATUS "Waiting Partner Confirmation"

2021-01-21 17:33:14 - [TEST_STEP][PASSED] - Click button "Search": Click button "Search"

2021-01-21 17:33:14 - [MESSAGE][INFO] - >>>>>//Button[contains(text(),'Search')]

2021-01-21 17:33:17 - [MESSAGE][PASSED] - Object '' is present

2021-01-21 17:33:17 - [MESSAGE][PASSED] - Object: '' is clicked on

2021-01-21 17:33:17 - [MESSAGE][PASSED] - Switched to window with index: '0'

2021-01-21 17:33:17 - [MESSAGE][PASSED] - Click button "Search"

2021-01-21 17:33:17 - [TEST_STEP][PASSED] - Verify Search Result Presents: Verify Search Result Presents

2021-01-21 17:33:21 - [MESSAGE][INFO] - Unable to find the element located by 'By.xpath: //td[@style='display:none' and contains(text(),'-Empty-')]'. Please recheck the objects properties to make sure the desired element is located. 

2021-01-21 17:33:21 - [MESSAGE][WARNING] - com.kms.katalon.core.webui.exception.WebElementNotFoundException: Web element with id: '' located by '//td[@style='display:none' and contains(text(),'-Empty-')]' not found (Root cause: com.kms.katalon.core.exception.StepFailedException: com.kms.katalon.core.webui.exception.WebElementNotFoundException: Web element with id: '' located by '//td[@style='display:none' and contains(text(),'-Empty-')]' not found
	at com.kms.katalon.core.webui.keyword.internal.WebUIKeywordMain.stepFailed(WebUIKeywordMain.groovy:64)
	at com.kms.katalon.core.webui.keyword.builtin.VerifyElementPresentKeyword$_verifyElementPresent_closure1.doCall(VerifyElementPresentKeyword.groovy:85)
	at com.kms.katalon.core.webui.keyword.builtin.VerifyElementPresentKeyword$_verifyElementPresent_closure1.call(VerifyElementPresentKeyword.groovy)
	at com.kms.katalon.core.webui.keyword.internal.WebUIKeywordMain.runKeyword(WebUIKeywordMain.groovy:20)
	at com.kms.katalon.core.webui.keyword.builtin.VerifyElementPresentKeyword.verifyElementPresent(VerifyElementPresentKeyword.groovy:92)
	at com.kms.katalon.core.webui.keyword.builtin.VerifyElementPresentKeyword.execute(VerifyElementPresentKeyword.groovy:68)
	at com.kms.katalon.core.keyword.internal.KeywordExecutor.executeKeywordForPlatform(KeywordExecutor.groovy:73)
	at com.kms.katalon.core.webui.keyword.WebUiBuiltInKeywords.verifyElementPresent(WebUiBuiltInKeywords.groovy:1444)
	at com.kms.katalon.core.webui.keyword.WebUiBuiltInKeywords$verifyElementPresent$11.call(Unknown Source)
	at ist_real.Contract_Dispatcher.VerifyTblFilled(Contract_Dispatcher.groovy:1313)
	at ist_real.Contract_Dispatcher$VerifyTblFilled$0.call(Unknown Source)
	at RTD.Search_Result_Presents(RTD.groovy:191)
	at cucumber.runtime.Utils$1.call(Utils.java:26)
	at cucumber.runtime.Timeout.timeout(Timeout.java:16)
	at cucumber.runtime.Utils.invoke(Utils.java:20)
	at cucumber.runtime.java.JavaStepDefinition.execute(JavaStepDefinition.java:48)
	at cucumber.runtime.PickleStepDefinitionMatch.runStep(PickleStepDefinitionMatch.java:50)
	at cucumber.runner.TestStep.executeStep(TestStep.java:55)
	at cucumber.runner.TestStep.run(TestStep.java:42)
	at cucumber.runner.PickleStepTestStep.run(PickleStepTestStep.java:53)
	at cucumber.runner.TestCase.run(TestCase.java:47)
	at cucumber.runner.Runner.runPickle(Runner.java:44)
	at cucumber.runtime.Runtime.runFeature(Runtime.java:120)
	at cucumber.runtime.Runtime.run(Runtime.java:106)
	at cucumber.api.cli.Main.run(Main.java:35)
	at cucumber.api.cli.Main$run.call(Unknown Source)
	at com.kms.katalon.core.cucumber.keyword.CucumberBuiltinKeywords$_runFeatureFile_closure1.doCall(CucumberBuiltinKeywords.groovy:76)
	at com.kms.katalon.core.cucumber.keyword.CucumberBuiltinKeywords$_runFeatureFile_closure1.doCall(CucumberBuiltinKeywords.groovy)
	at com.kms.katalon.core.keyword.internal.KeywordMain.runKeyword(KeywordMain.groovy:68)
	at com.kms.katalon.core.keyword.internal.KeywordMain$runKeyword.call(Unknown Source)
	at com.kms.katalon.core.cucumber.keyword.CucumberBuiltinKeywords.runFeatureFile(CucumberBuiltinKeywords.groovy:46)
	at com.kms.katalon.core.cucumber.keyword.CucumberBuiltinKeywords$runFeatureFile$0.callStatic(Unknown Source)
	at com.kms.katalon.core.cucumber.keyword.CucumberBuiltinKeywords.runFeatureFile(CucumberBuiltinKeywords.groovy:169)
	at com.kms.katalon.core.cucumber.keyword.CucumberBuiltinKeywords$runFeatureFile.call(Unknown Source)
	at TC_Search_by_STATUS.run(TC_Search_by_STATUS:18)
	at com.kms.katalon.core.main.ScriptEngine.run(ScriptEngine.java:194)
	at com.kms.katalon.core.main.ScriptEngine.runScriptAsRawText(ScriptEngine.java:119)
	at com.kms.katalon.core.main.TestCaseExecutor.runScript(TestCaseExecutor.java:339)
	at com.kms.katalon.core.main.TestCaseExecutor.doExecute(TestCaseExecutor.java:330)
	at com.kms.katalon.core.main.TestCaseExecutor.processExecutionPhase(TestCaseExecutor.java:309)
	at com.kms.katalon.core.main.TestCaseExecutor.accessMainPhase(TestCaseExecutor.java:301)
	at com.kms.katalon.core.main.TestCaseExecutor.execute(TestCaseExecutor.java:235)
	at com.kms.katalon.core.main.TestSuiteExecutor.accessTestCaseMainPhase(TestSuiteExecutor.java:191)
	at com.kms.katalon.core.main.TestSuiteExecutor.accessTestSuiteMainPhase(TestSuiteExecutor.java:141)
	at com.kms.katalon.core.main.TestSuiteExecutor.execute(TestSuiteExecutor.java:90)
	at com.kms.katalon.core.main.TestCaseMain.startTestSuite(TestCaseMain.java:157)
	at com.kms.katalon.core.main.TestCaseMain$startTestSuite$0.call(Unknown Source)
	at TempTestSuite1611224749411.run(TempTestSuite1611224749411.groovy:39)
)
[[ATTACHMENT|/Users/chaidir.pratama01/Katalon Studio/IST_Automation_Git/Reports/20210121_172548/RTD/TS_Partner_Disbursement_SBO/20210121_172549/1611225201287.png]]

2021-01-21 17:33:22 - [MESSAGE][PASSED] - Verify Search Result Presents

2021-01-21 17:33:22 - [TEST_STEP][PASSED] - Click button "Logout": Click button "Logout"

2021-01-21 17:33:22 - [MESSAGE][INFO] - >>>>>//Button[contains(text(),'Logout')]

2021-01-21 17:33:25 - [MESSAGE][PASSED] - Object '' is present

2021-01-21 17:33:25 - [MESSAGE][PASSED] - Object: '' is clicked on

2021-01-21 17:33:25 - [MESSAGE][PASSED] - Switched to window with index: '0'

2021-01-21 17:33:25 - [MESSAGE][PASSED] - Click button "Logout"

2021-01-21 17:33:25 - [TEST_STEP][PASSED] - Close browser: Close browser

2021-01-21 17:33:25 - [MESSAGE][PASSED] - Browser is closed

2021-01-21 17:33:25 - [MESSAGE][PASSED] - Close browser

2021-01-21 17:33:25 - [TEST_CASE][PASSED] - Start Test Case : SCENARIO Search by STATUS Success to Disburse: SCENARIO Search by STATUS Success to Disburse

2021-01-21 17:33:25 - [TEST_STEP][PASSED] - Go to ISTools: Go to ISTools

2021-01-21 17:33:25 - [MESSAGE][INFO] - Starting 'Chrome (headless)' driver

2021-01-21 17:33:25 - [MESSAGE][INFO] - User set preference: ['args', '[--start-maximized, --disable-gpu, --no-proxy-server, –-no-sandbox, --allow-running-insecure-content, --ignore-certificate-errors, window-size=1680,814, force-device-scale-factor=2, --lang=en-GB]']

2021-01-21 17:33:25 - [MESSAGE][INFO] - User set preference: ['prefs', '{download.default_directory=/Users/chaidir.pratama01/Katalon Studio/IST_Automation_Git/Download}']

2021-01-21 17:33:25 - [MESSAGE][INFO] - Action delay is set to 0 milliseconds

2021-01-21 17:33:25 - [MESSAGE][PASSED] - Browser is opened with url: ''

2021-01-21 17:33:26 - [MESSAGE][PASSED] - Navigate to 'https://dev-istools.homecredit.id/foundation/' successfully

2021-01-21 17:33:26 - [MESSAGE][PASSED] - Go to ISTools

2021-01-21 17:33:26 - [TEST_STEP][PASSED] - Login IST with valid credentials: Login IST with valid credentials

2021-01-21 17:33:26 - [MESSAGE][PASSED] - Text 'mobile.test' is set on object 'Object Repository/Page_/input_Username_j_username'

2021-01-21 17:33:26 - [MESSAGE][PASSED] - Text ****** has been set on object 'Object Repository/Page_/input_Password_j_password'

2021-01-21 17:33:27 - [MESSAGE][PASSED] - Object: 'Object Repository/Page_/button_Login' is clicked on

2021-01-21 17:33:27 - [MESSAGE][PASSED] - Login IST with valid credentials

2021-01-21 17:33:27 - [TEST_STEP][PASSED] - Login Success: Login Success

2021-01-21 17:33:27 - [MESSAGE][INFO] - Login Success

2021-01-21 17:33:27 - [MESSAGE][PASSED] - Current window maximized

2021-01-21 17:33:27 - [MESSAGE][PASSED] - Object 'Object Repository/Page_/h1_Welcome to IT Supporting Tools' is present

2021-01-21 17:33:27 - [MESSAGE][PASSED] - Login Success

2021-01-21 17:33:27 - [TEST_STEP][PASSED] - Select Arrow Menu "Real Time Disbursement": Select Arrow Menu "Real Time Disbursement"

2021-01-21 17:33:27 - [MESSAGE][PASSED] - Object: '' is clicked on

2021-01-21 17:33:27 - [MESSAGE][PASSED] - Select Arrow Menu "Real Time Disbursement"

2021-01-21 17:33:27 - [TEST_STEP][PASSED] - Select Menu "Partner Disbursement SBO": Select Menu "Partner Disbursement SBO"

2021-01-21 17:33:27 - [MESSAGE][PASSED] - Taking screenshot successfully
[[ATTACHMENT|/Users/chaidir.pratama01/Documents/Docs/Katalon Studio/Screenshot/test-Partner Disbursement SBO.png]]

2021-01-21 17:33:27 - [MESSAGE][PASSED] - Object '' is present

2021-01-21 17:33:28 - [MESSAGE][PASSED] - Object: '' is clicked on

2021-01-21 17:33:28 - [MESSAGE][PASSED] - Wait for page load successfully

2021-01-21 17:33:28 - [MESSAGE][PASSED] - Select Menu "Partner Disbursement SBO"

2021-01-21 17:33:28 - [TEST_STEP][PASSED] - Select STATUS "Success to Disburse": Select STATUS "Success to Disburse"

2021-01-21 17:33:28 - [MESSAGE][PASSED] - All options with value 'Success to Disburse' are selected in object ''  using regular expression

2021-01-21 17:33:28 - [MESSAGE][PASSED] - Select STATUS "Success to Disburse"

2021-01-21 17:33:28 - [TEST_STEP][PASSED] - Click button "Search": Click button "Search"

2021-01-21 17:33:28 - [MESSAGE][INFO] - >>>>>//Button[contains(text(),'Search')]

2021-01-21 17:33:31 - [MESSAGE][PASSED] - Object '' is present

2021-01-21 17:33:31 - [MESSAGE][PASSED] - Object: '' is clicked on

2021-01-21 17:33:31 - [MESSAGE][PASSED] - Switched to window with index: '0'

2021-01-21 17:33:31 - [MESSAGE][PASSED] - Click button "Search"

2021-01-21 17:33:31 - [TEST_STEP][PASSED] - Verify Search Result Presents: Verify Search Result Presents

2021-01-21 17:33:35 - [MESSAGE][INFO] - Unable to find the element located by 'By.xpath: //td[@style='display:none' and contains(text(),'-Empty-')]'. Please recheck the objects properties to make sure the desired element is located. 

2021-01-21 17:33:36 - [MESSAGE][WARNING] - com.kms.katalon.core.webui.exception.WebElementNotFoundException: Web element with id: '' located by '//td[@style='display:none' and contains(text(),'-Empty-')]' not found (Root cause: com.kms.katalon.core.exception.StepFailedException: com.kms.katalon.core.webui.exception.WebElementNotFoundException: Web element with id: '' located by '//td[@style='display:none' and contains(text(),'-Empty-')]' not found
	at com.kms.katalon.core.webui.keyword.internal.WebUIKeywordMain.stepFailed(WebUIKeywordMain.groovy:64)
	at com.kms.katalon.core.webui.keyword.builtin.VerifyElementPresentKeyword$_verifyElementPresent_closure1.doCall(VerifyElementPresentKeyword.groovy:85)
	at com.kms.katalon.core.webui.keyword.builtin.VerifyElementPresentKeyword$_verifyElementPresent_closure1.call(VerifyElementPresentKeyword.groovy)
	at com.kms.katalon.core.webui.keyword.internal.WebUIKeywordMain.runKeyword(WebUIKeywordMain.groovy:20)
	at com.kms.katalon.core.webui.keyword.builtin.VerifyElementPresentKeyword.verifyElementPresent(VerifyElementPresentKeyword.groovy:92)
	at com.kms.katalon.core.webui.keyword.builtin.VerifyElementPresentKeyword.execute(VerifyElementPresentKeyword.groovy:68)
	at com.kms.katalon.core.keyword.internal.KeywordExecutor.executeKeywordForPlatform(KeywordExecutor.groovy:73)
	at com.kms.katalon.core.webui.keyword.WebUiBuiltInKeywords.verifyElementPresent(WebUiBuiltInKeywords.groovy:1444)
	at com.kms.katalon.core.webui.keyword.WebUiBuiltInKeywords$verifyElementPresent$11.call(Unknown Source)
	at ist_real.Contract_Dispatcher.VerifyTblFilled(Contract_Dispatcher.groovy:1313)
	at ist_real.Contract_Dispatcher$VerifyTblFilled$0.call(Unknown Source)
	at RTD.Search_Result_Presents(RTD.groovy:191)
	at cucumber.runtime.Utils$1.call(Utils.java:26)
	at cucumber.runtime.Timeout.timeout(Timeout.java:16)
	at cucumber.runtime.Utils.invoke(Utils.java:20)
	at cucumber.runtime.java.JavaStepDefinition.execute(JavaStepDefinition.java:48)
	at cucumber.runtime.PickleStepDefinitionMatch.runStep(PickleStepDefinitionMatch.java:50)
	at cucumber.runner.TestStep.executeStep(TestStep.java:55)
	at cucumber.runner.TestStep.run(TestStep.java:42)
	at cucumber.runner.PickleStepTestStep.run(PickleStepTestStep.java:53)
	at cucumber.runner.TestCase.run(TestCase.java:47)
	at cucumber.runner.Runner.runPickle(Runner.java:44)
	at cucumber.runtime.Runtime.runFeature(Runtime.java:120)
	at cucumber.runtime.Runtime.run(Runtime.java:106)
	at cucumber.api.cli.Main.run(Main.java:35)
	at cucumber.api.cli.Main$run.call(Unknown Source)
	at com.kms.katalon.core.cucumber.keyword.CucumberBuiltinKeywords$_runFeatureFile_closure1.doCall(CucumberBuiltinKeywords.groovy:76)
	at com.kms.katalon.core.cucumber.keyword.CucumberBuiltinKeywords$_runFeatureFile_closure1.doCall(CucumberBuiltinKeywords.groovy)
	at com.kms.katalon.core.keyword.internal.KeywordMain.runKeyword(KeywordMain.groovy:68)
	at com.kms.katalon.core.keyword.internal.KeywordMain$runKeyword.call(Unknown Source)
	at com.kms.katalon.core.cucumber.keyword.CucumberBuiltinKeywords.runFeatureFile(CucumberBuiltinKeywords.groovy:46)
	at com.kms.katalon.core.cucumber.keyword.CucumberBuiltinKeywords$runFeatureFile$0.callStatic(Unknown Source)
	at com.kms.katalon.core.cucumber.keyword.CucumberBuiltinKeywords.runFeatureFile(CucumberBuiltinKeywords.groovy:169)
	at com.kms.katalon.core.cucumber.keyword.CucumberBuiltinKeywords$runFeatureFile.call(Unknown Source)
	at TC_Search_by_STATUS.run(TC_Search_by_STATUS:18)
	at com.kms.katalon.core.main.ScriptEngine.run(ScriptEngine.java:194)
	at com.kms.katalon.core.main.ScriptEngine.runScriptAsRawText(ScriptEngine.java:119)
	at com.kms.katalon.core.main.TestCaseExecutor.runScript(TestCaseExecutor.java:339)
	at com.kms.katalon.core.main.TestCaseExecutor.doExecute(TestCaseExecutor.java:330)
	at com.kms.katalon.core.main.TestCaseExecutor.processExecutionPhase(TestCaseExecutor.java:309)
	at com.kms.katalon.core.main.TestCaseExecutor.accessMainPhase(TestCaseExecutor.java:301)
	at com.kms.katalon.core.main.TestCaseExecutor.execute(TestCaseExecutor.java:235)
	at com.kms.katalon.core.main.TestSuiteExecutor.accessTestCaseMainPhase(TestSuiteExecutor.java:191)
	at com.kms.katalon.core.main.TestSuiteExecutor.accessTestSuiteMainPhase(TestSuiteExecutor.java:141)
	at com.kms.katalon.core.main.TestSuiteExecutor.execute(TestSuiteExecutor.java:90)
	at com.kms.katalon.core.main.TestCaseMain.startTestSuite(TestCaseMain.java:157)
	at com.kms.katalon.core.main.TestCaseMain$startTestSuite$0.call(Unknown Source)
	at TempTestSuite1611224749411.run(TempTestSuite1611224749411.groovy:39)
)
[[ATTACHMENT|/Users/chaidir.pratama01/Katalon Studio/IST_Automation_Git/Reports/20210121_172548/RTD/TS_Partner_Disbursement_SBO/20210121_172549/1611225215555.png]]

2021-01-21 17:33:36 - [MESSAGE][PASSED] - Verify Search Result Presents

2021-01-21 17:33:36 - [TEST_STEP][PASSED] - Click button "Logout": Click button "Logout"

2021-01-21 17:33:36 - [MESSAGE][INFO] - >>>>>//Button[contains(text(),'Logout')]

2021-01-21 17:33:39 - [MESSAGE][PASSED] - Object '' is present

2021-01-21 17:33:39 - [MESSAGE][PASSED] - Object: '' is clicked on

2021-01-21 17:33:39 - [MESSAGE][PASSED] - Switched to window with index: '0'

2021-01-21 17:33:39 - [MESSAGE][PASSED] - Click button "Logout"

2021-01-21 17:33:39 - [TEST_STEP][PASSED] - Close browser: Close browser

2021-01-21 17:33:39 - [MESSAGE][PASSED] - Browser is closed

2021-01-21 17:33:39 - [MESSAGE][PASSED] - Close browser

2021-01-21 17:33:39 - [TEST_CASE][PASSED] - Start Test Case : SCENARIO Search by STATUS Hold Payment Recreation: SCENARIO Search by STATUS Hold Payment Recreation

2021-01-21 17:33:39 - [TEST_STEP][PASSED] - Go to ISTools: Go to ISTools

2021-01-21 17:33:39 - [MESSAGE][INFO] - Starting 'Chrome (headless)' driver

2021-01-21 17:33:39 - [MESSAGE][INFO] - User set preference: ['args', '[--start-maximized, --disable-gpu, --no-proxy-server, –-no-sandbox, --allow-running-insecure-content, --ignore-certificate-errors, window-size=1680,814, force-device-scale-factor=2, --lang=en-GB]']

2021-01-21 17:33:39 - [MESSAGE][INFO] - User set preference: ['prefs', '{download.default_directory=/Users/chaidir.pratama01/Katalon Studio/IST_Automation_Git/Download}']

2021-01-21 17:33:39 - [MESSAGE][INFO] - Action delay is set to 0 milliseconds

2021-01-21 17:33:39 - [MESSAGE][PASSED] - Browser is opened with url: ''

2021-01-21 17:33:40 - [MESSAGE][PASSED] - Navigate to 'https://dev-istools.homecredit.id/foundation/' successfully

2021-01-21 17:33:40 - [MESSAGE][PASSED] - Go to ISTools

2021-01-21 17:33:40 - [TEST_STEP][PASSED] - Login IST with valid credentials: Login IST with valid credentials

2021-01-21 17:33:40 - [MESSAGE][PASSED] - Text 'mobile.test' is set on object 'Object Repository/Page_/input_Username_j_username'

2021-01-21 17:33:40 - [MESSAGE][PASSED] - Text ****** has been set on object 'Object Repository/Page_/input_Password_j_password'

2021-01-21 17:33:41 - [MESSAGE][PASSED] - Object: 'Object Repository/Page_/button_Login' is clicked on

2021-01-21 17:33:41 - [MESSAGE][PASSED] - Login IST with valid credentials

2021-01-21 17:33:41 - [TEST_STEP][PASSED] - Login Success: Login Success

2021-01-21 17:33:41 - [MESSAGE][INFO] - Login Success

2021-01-21 17:33:41 - [MESSAGE][PASSED] - Current window maximized

2021-01-21 17:33:41 - [MESSAGE][PASSED] - Object 'Object Repository/Page_/h1_Welcome to IT Supporting Tools' is present

2021-01-21 17:33:41 - [MESSAGE][PASSED] - Login Success

2021-01-21 17:33:41 - [TEST_STEP][PASSED] - Select Arrow Menu "Real Time Disbursement": Select Arrow Menu "Real Time Disbursement"

2021-01-21 17:33:41 - [MESSAGE][PASSED] - Object: '' is clicked on

2021-01-21 17:33:41 - [MESSAGE][PASSED] - Select Arrow Menu "Real Time Disbursement"

2021-01-21 17:33:41 - [TEST_STEP][PASSED] - Select Menu "Partner Disbursement SBO": Select Menu "Partner Disbursement SBO"

2021-01-21 17:33:42 - [MESSAGE][PASSED] - Taking screenshot successfully
[[ATTACHMENT|/Users/chaidir.pratama01/Documents/Docs/Katalon Studio/Screenshot/test-Partner Disbursement SBO.png]]

2021-01-21 17:33:42 - [MESSAGE][PASSED] - Object '' is present

2021-01-21 17:33:42 - [MESSAGE][PASSED] - Object: '' is clicked on

2021-01-21 17:33:42 - [MESSAGE][PASSED] - Wait for page load successfully

2021-01-21 17:33:42 - [MESSAGE][PASSED] - Select Menu "Partner Disbursement SBO"

2021-01-21 17:33:42 - [TEST_STEP][PASSED] - Select STATUS "Hold Payment Recreation": Select STATUS "Hold Payment Recreation"

2021-01-21 17:33:42 - [MESSAGE][PASSED] - All options with value 'Hold Payment Recreation' are selected in object ''  using regular expression

2021-01-21 17:33:42 - [MESSAGE][PASSED] - Select STATUS "Hold Payment Recreation"

2021-01-21 17:33:42 - [TEST_STEP][PASSED] - Click button "Search": Click button "Search"

2021-01-21 17:33:42 - [MESSAGE][INFO] - >>>>>//Button[contains(text(),'Search')]

2021-01-21 17:33:45 - [MESSAGE][PASSED] - Object '' is present

2021-01-21 17:33:45 - [MESSAGE][PASSED] - Object: '' is clicked on

2021-01-21 17:33:45 - [MESSAGE][PASSED] - Switched to window with index: '0'

2021-01-21 17:33:45 - [MESSAGE][PASSED] - Click button "Search"

2021-01-21 17:33:45 - [TEST_STEP][PASSED] - Verify Search Result Presents: Verify Search Result Presents

2021-01-21 17:33:45 - [MESSAGE][PASSED] - Object '' is present

2021-01-21 17:33:52 - [MESSAGE][PASSED] - Verify Search Result Presents

2021-01-21 17:33:52 - [TEST_STEP][PASSED] - Click button "Logout": Click button "Logout"

2021-01-21 17:33:52 - [MESSAGE][INFO] - >>>>>//Button[contains(text(),'Logout')]

2021-01-21 17:33:55 - [MESSAGE][PASSED] - Object '' is present

2021-01-21 17:33:55 - [MESSAGE][PASSED] - Object: '' is clicked on

2021-01-21 17:33:55 - [MESSAGE][PASSED] - Switched to window with index: '0'

2021-01-21 17:33:55 - [MESSAGE][PASSED] - Click button "Logout"

2021-01-21 17:33:55 - [TEST_STEP][PASSED] - Close browser: Close browser

2021-01-21 17:33:55 - [MESSAGE][PASSED] - Browser is closed

2021-01-21 17:33:55 - [MESSAGE][PASSED] - Close browser

2021-01-21 17:33:55 - [TEST_CASE][PASSED] - Start Test Case : SCENARIO Search by STATUS Waiting Confirmation From SBO: SCENARIO Search by STATUS Waiting Confirmation From SBO

2021-01-21 17:33:55 - [TEST_STEP][PASSED] - Go to ISTools: Go to ISTools

2021-01-21 17:33:55 - [MESSAGE][INFO] - Starting 'Chrome (headless)' driver

2021-01-21 17:33:55 - [MESSAGE][INFO] - User set preference: ['args', '[--start-maximized, --disable-gpu, --no-proxy-server, –-no-sandbox, --allow-running-insecure-content, --ignore-certificate-errors, window-size=1680,814, force-device-scale-factor=2, --lang=en-GB]']

2021-01-21 17:33:55 - [MESSAGE][INFO] - User set preference: ['prefs', '{download.default_directory=/Users/chaidir.pratama01/Katalon Studio/IST_Automation_Git/Download}']

2021-01-21 17:33:55 - [MESSAGE][INFO] - Action delay is set to 0 milliseconds

2021-01-21 17:33:55 - [MESSAGE][PASSED] - Browser is opened with url: ''

2021-01-21 17:33:56 - [MESSAGE][PASSED] - Navigate to 'https://dev-istools.homecredit.id/foundation/' successfully

2021-01-21 17:33:56 - [MESSAGE][PASSED] - Go to ISTools

2021-01-21 17:33:56 - [TEST_STEP][PASSED] - Login IST with valid credentials: Login IST with valid credentials

2021-01-21 17:33:56 - [MESSAGE][PASSED] - Text 'mobile.test' is set on object 'Object Repository/Page_/input_Username_j_username'

2021-01-21 17:33:56 - [MESSAGE][PASSED] - Text ****** has been set on object 'Object Repository/Page_/input_Password_j_password'

2021-01-21 17:33:57 - [MESSAGE][PASSED] - Object: 'Object Repository/Page_/button_Login' is clicked on

2021-01-21 17:33:57 - [MESSAGE][PASSED] - Login IST with valid credentials

2021-01-21 17:33:57 - [TEST_STEP][PASSED] - Login Success: Login Success

2021-01-21 17:33:57 - [MESSAGE][INFO] - Login Success

2021-01-21 17:33:57 - [MESSAGE][PASSED] - Current window maximized

2021-01-21 17:33:57 - [MESSAGE][PASSED] - Object 'Object Repository/Page_/h1_Welcome to IT Supporting Tools' is present

2021-01-21 17:33:57 - [MESSAGE][PASSED] - Login Success

2021-01-21 17:33:57 - [TEST_STEP][PASSED] - Select Arrow Menu "Real Time Disbursement": Select Arrow Menu "Real Time Disbursement"

2021-01-21 17:33:57 - [MESSAGE][PASSED] - Object: '' is clicked on

2021-01-21 17:33:57 - [MESSAGE][PASSED] - Select Arrow Menu "Real Time Disbursement"

2021-01-21 17:33:57 - [TEST_STEP][PASSED] - Select Menu "Partner Disbursement SBO": Select Menu "Partner Disbursement SBO"

2021-01-21 17:33:57 - [MESSAGE][PASSED] - Taking screenshot successfully
[[ATTACHMENT|/Users/chaidir.pratama01/Documents/Docs/Katalon Studio/Screenshot/test-Partner Disbursement SBO.png]]

2021-01-21 17:33:57 - [MESSAGE][PASSED] - Object '' is present

2021-01-21 17:33:58 - [MESSAGE][PASSED] - Object: '' is clicked on

2021-01-21 17:33:58 - [MESSAGE][PASSED] - Wait for page load successfully

2021-01-21 17:33:58 - [MESSAGE][PASSED] - Select Menu "Partner Disbursement SBO"

2021-01-21 17:33:58 - [TEST_STEP][PASSED] - Select STATUS "Waiting Confirmation From SBO": Select STATUS "Waiting Confirmation From SBO"

2021-01-21 17:33:58 - [MESSAGE][PASSED] - All options with value 'Waiting Confirmation From SBO' are selected in object ''  using regular expression

2021-01-21 17:33:58 - [MESSAGE][PASSED] - Select STATUS "Waiting Confirmation From SBO"

2021-01-21 17:33:58 - [TEST_STEP][PASSED] - Click button "Search": Click button "Search"

2021-01-21 17:33:58 - [MESSAGE][INFO] - >>>>>//Button[contains(text(),'Search')]

2021-01-21 17:34:01 - [MESSAGE][PASSED] - Object '' is present

2021-01-21 17:34:01 - [MESSAGE][PASSED] - Object: '' is clicked on

2021-01-21 17:34:01 - [MESSAGE][PASSED] - Switched to window with index: '0'

2021-01-21 17:34:01 - [MESSAGE][PASSED] - Click button "Search"

2021-01-21 17:34:01 - [TEST_STEP][PASSED] - Verify Search Result Presents: Verify Search Result Presents

2021-01-21 17:34:01 - [MESSAGE][PASSED] - Object '' is present

2021-01-21 17:34:05 - [MESSAGE][PASSED] - Verify Search Result Presents

2021-01-21 17:34:05 - [TEST_STEP][PASSED] - Click button "Logout": Click button "Logout"

2021-01-21 17:34:05 - [MESSAGE][INFO] - >>>>>//Button[contains(text(),'Logout')]

2021-01-21 17:34:08 - [MESSAGE][PASSED] - Object '' is present

2021-01-21 17:34:08 - [MESSAGE][PASSED] - Object: '' is clicked on

2021-01-21 17:34:08 - [MESSAGE][PASSED] - Switched to window with index: '0'

2021-01-21 17:34:08 - [MESSAGE][PASSED] - Click button "Logout"

2021-01-21 17:34:08 - [TEST_STEP][PASSED] - Close browser: Close browser

2021-01-21 17:34:08 - [MESSAGE][PASSED] - Browser is closed

2021-01-21 17:34:08 - [MESSAGE][PASSED] - Close browser

2021-01-21 17:34:08 - [TEST_CASE][PASSED] - Start Test Case : SCENARIO Search by STATUS Hold Payment Insufficient Fund: SCENARIO Search by STATUS Hold Payment Insufficient Fund

2021-01-21 17:34:08 - [TEST_STEP][PASSED] - Go to ISTools: Go to ISTools

2021-01-21 17:34:08 - [MESSAGE][INFO] - Starting 'Chrome (headless)' driver

2021-01-21 17:34:08 - [MESSAGE][INFO] - User set preference: ['args', '[--start-maximized, --disable-gpu, --no-proxy-server, –-no-sandbox, --allow-running-insecure-content, --ignore-certificate-errors, window-size=1680,814, force-device-scale-factor=2, --lang=en-GB]']

2021-01-21 17:34:08 - [MESSAGE][INFO] - User set preference: ['prefs', '{download.default_directory=/Users/chaidir.pratama01/Katalon Studio/IST_Automation_Git/Download}']

2021-01-21 17:34:08 - [MESSAGE][INFO] - Action delay is set to 0 milliseconds

2021-01-21 17:34:08 - [MESSAGE][PASSED] - Browser is opened with url: ''

2021-01-21 17:34:09 - [MESSAGE][PASSED] - Navigate to 'https://dev-istools.homecredit.id/foundation/' successfully

2021-01-21 17:34:09 - [MESSAGE][PASSED] - Go to ISTools

2021-01-21 17:34:09 - [TEST_STEP][PASSED] - Login IST with valid credentials: Login IST with valid credentials

2021-01-21 17:34:09 - [MESSAGE][PASSED] - Text 'mobile.test' is set on object 'Object Repository/Page_/input_Username_j_username'

2021-01-21 17:34:09 - [MESSAGE][PASSED] - Text ****** has been set on object 'Object Repository/Page_/input_Password_j_password'

2021-01-21 17:34:10 - [MESSAGE][PASSED] - Object: 'Object Repository/Page_/button_Login' is clicked on

2021-01-21 17:34:10 - [MESSAGE][PASSED] - Login IST with valid credentials

2021-01-21 17:34:10 - [TEST_STEP][PASSED] - Login Success: Login Success

2021-01-21 17:34:10 - [MESSAGE][INFO] - Login Success

2021-01-21 17:34:10 - [MESSAGE][PASSED] - Current window maximized

2021-01-21 17:34:10 - [MESSAGE][PASSED] - Object 'Object Repository/Page_/h1_Welcome to IT Supporting Tools' is present

2021-01-21 17:34:10 - [MESSAGE][PASSED] - Login Success

2021-01-21 17:34:10 - [TEST_STEP][PASSED] - Select Arrow Menu "Real Time Disbursement": Select Arrow Menu "Real Time Disbursement"

2021-01-21 17:34:10 - [MESSAGE][PASSED] - Object: '' is clicked on

2021-01-21 17:34:10 - [MESSAGE][PASSED] - Select Arrow Menu "Real Time Disbursement"

2021-01-21 17:34:10 - [TEST_STEP][PASSED] - Select Menu "Partner Disbursement SBO": Select Menu "Partner Disbursement SBO"

2021-01-21 17:34:10 - [MESSAGE][PASSED] - Taking screenshot successfully
[[ATTACHMENT|/Users/chaidir.pratama01/Documents/Docs/Katalon Studio/Screenshot/test-Partner Disbursement SBO.png]]

2021-01-21 17:34:10 - [MESSAGE][PASSED] - Object '' is present

2021-01-21 17:34:10 - [MESSAGE][PASSED] - Object: '' is clicked on

2021-01-21 17:34:10 - [MESSAGE][PASSED] - Wait for page load successfully

2021-01-21 17:34:10 - [MESSAGE][PASSED] - Select Menu "Partner Disbursement SBO"

2021-01-21 17:34:10 - [TEST_STEP][PASSED] - Select STATUS "Hold Payment Insufficient Fund": Select STATUS "Hold Payment Insufficient Fund"

2021-01-21 17:34:11 - [MESSAGE][PASSED] - All options with value 'Hold Payment Insufficient Fund' are selected in object ''  using regular expression

2021-01-21 17:34:11 - [MESSAGE][PASSED] - Select STATUS "Hold Payment Insufficient Fund"

2021-01-21 17:34:11 - [TEST_STEP][PASSED] - Click button "Search": Click button "Search"

2021-01-21 17:34:11 - [MESSAGE][INFO] - >>>>>//Button[contains(text(),'Search')]

2021-01-21 17:34:14 - [MESSAGE][PASSED] - Object '' is present

2021-01-21 17:34:14 - [MESSAGE][PASSED] - Object: '' is clicked on

2021-01-21 17:34:14 - [MESSAGE][PASSED] - Switched to window with index: '0'

2021-01-21 17:34:14 - [MESSAGE][PASSED] - Click button "Search"

2021-01-21 17:34:14 - [TEST_STEP][PASSED] - Verify Search Result Presents: Verify Search Result Presents

2021-01-21 17:34:18 - [MESSAGE][INFO] - Unable to find the element located by 'By.xpath: //td[@style='display:none' and contains(text(),'-Empty-')]'. Please recheck the objects properties to make sure the desired element is located. 

2021-01-21 17:34:19 - [MESSAGE][WARNING] - com.kms.katalon.core.webui.exception.WebElementNotFoundException: Web element with id: '' located by '//td[@style='display:none' and contains(text(),'-Empty-')]' not found (Root cause: com.kms.katalon.core.exception.StepFailedException: com.kms.katalon.core.webui.exception.WebElementNotFoundException: Web element with id: '' located by '//td[@style='display:none' and contains(text(),'-Empty-')]' not found
	at com.kms.katalon.core.webui.keyword.internal.WebUIKeywordMain.stepFailed(WebUIKeywordMain.groovy:64)
	at com.kms.katalon.core.webui.keyword.builtin.VerifyElementPresentKeyword$_verifyElementPresent_closure1.doCall(VerifyElementPresentKeyword.groovy:85)
	at com.kms.katalon.core.webui.keyword.builtin.VerifyElementPresentKeyword$_verifyElementPresent_closure1.call(VerifyElementPresentKeyword.groovy)
	at com.kms.katalon.core.webui.keyword.internal.WebUIKeywordMain.runKeyword(WebUIKeywordMain.groovy:20)
	at com.kms.katalon.core.webui.keyword.builtin.VerifyElementPresentKeyword.verifyElementPresent(VerifyElementPresentKeyword.groovy:92)
	at com.kms.katalon.core.webui.keyword.builtin.VerifyElementPresentKeyword.execute(VerifyElementPresentKeyword.groovy:68)
	at com.kms.katalon.core.keyword.internal.KeywordExecutor.executeKeywordForPlatform(KeywordExecutor.groovy:73)
	at com.kms.katalon.core.webui.keyword.WebUiBuiltInKeywords.verifyElementPresent(WebUiBuiltInKeywords.groovy:1444)
	at com.kms.katalon.core.webui.keyword.WebUiBuiltInKeywords$verifyElementPresent$11.call(Unknown Source)
	at ist_real.Contract_Dispatcher.VerifyTblFilled(Contract_Dispatcher.groovy:1313)
	at ist_real.Contract_Dispatcher$VerifyTblFilled$0.call(Unknown Source)
	at RTD.Search_Result_Presents(RTD.groovy:191)
	at cucumber.runtime.Utils$1.call(Utils.java:26)
	at cucumber.runtime.Timeout.timeout(Timeout.java:16)
	at cucumber.runtime.Utils.invoke(Utils.java:20)
	at cucumber.runtime.java.JavaStepDefinition.execute(JavaStepDefinition.java:48)
	at cucumber.runtime.PickleStepDefinitionMatch.runStep(PickleStepDefinitionMatch.java:50)
	at cucumber.runner.TestStep.executeStep(TestStep.java:55)
	at cucumber.runner.TestStep.run(TestStep.java:42)
	at cucumber.runner.PickleStepTestStep.run(PickleStepTestStep.java:53)
	at cucumber.runner.TestCase.run(TestCase.java:47)
	at cucumber.runner.Runner.runPickle(Runner.java:44)
	at cucumber.runtime.Runtime.runFeature(Runtime.java:120)
	at cucumber.runtime.Runtime.run(Runtime.java:106)
	at cucumber.api.cli.Main.run(Main.java:35)
	at cucumber.api.cli.Main$run.call(Unknown Source)
	at com.kms.katalon.core.cucumber.keyword.CucumberBuiltinKeywords$_runFeatureFile_closure1.doCall(CucumberBuiltinKeywords.groovy:76)
	at com.kms.katalon.core.cucumber.keyword.CucumberBuiltinKeywords$_runFeatureFile_closure1.doCall(CucumberBuiltinKeywords.groovy)
	at com.kms.katalon.core.keyword.internal.KeywordMain.runKeyword(KeywordMain.groovy:68)
	at com.kms.katalon.core.keyword.internal.KeywordMain$runKeyword.call(Unknown Source)
	at com.kms.katalon.core.cucumber.keyword.CucumberBuiltinKeywords.runFeatureFile(CucumberBuiltinKeywords.groovy:46)
	at com.kms.katalon.core.cucumber.keyword.CucumberBuiltinKeywords$runFeatureFile$0.callStatic(Unknown Source)
	at com.kms.katalon.core.cucumber.keyword.CucumberBuiltinKeywords.runFeatureFile(CucumberBuiltinKeywords.groovy:169)
	at com.kms.katalon.core.cucumber.keyword.CucumberBuiltinKeywords$runFeatureFile.call(Unknown Source)
	at TC_Search_by_STATUS.run(TC_Search_by_STATUS:18)
	at com.kms.katalon.core.main.ScriptEngine.run(ScriptEngine.java:194)
	at com.kms.katalon.core.main.ScriptEngine.runScriptAsRawText(ScriptEngine.java:119)
	at com.kms.katalon.core.main.TestCaseExecutor.runScript(TestCaseExecutor.java:339)
	at com.kms.katalon.core.main.TestCaseExecutor.doExecute(TestCaseExecutor.java:330)
	at com.kms.katalon.core.main.TestCaseExecutor.processExecutionPhase(TestCaseExecutor.java:309)
	at com.kms.katalon.core.main.TestCaseExecutor.accessMainPhase(TestCaseExecutor.java:301)
	at com.kms.katalon.core.main.TestCaseExecutor.execute(TestCaseExecutor.java:235)
	at com.kms.katalon.core.main.TestSuiteExecutor.accessTestCaseMainPhase(TestSuiteExecutor.java:191)
	at com.kms.katalon.core.main.TestSuiteExecutor.accessTestSuiteMainPhase(TestSuiteExecutor.java:141)
	at com.kms.katalon.core.main.TestSuiteExecutor.execute(TestSuiteExecutor.java:90)
	at com.kms.katalon.core.main.TestCaseMain.startTestSuite(TestCaseMain.java:157)
	at com.kms.katalon.core.main.TestCaseMain$startTestSuite$0.call(Unknown Source)
	at TempTestSuite1611224749411.run(TempTestSuite1611224749411.groovy:39)
)
[[ATTACHMENT|/Users/chaidir.pratama01/Katalon Studio/IST_Automation_Git/Reports/20210121_172548/RTD/TS_Partner_Disbursement_SBO/20210121_172549/1611225258512.png]]

2021-01-21 17:34:19 - [MESSAGE][PASSED] - Verify Search Result Presents

2021-01-21 17:34:19 - [TEST_STEP][PASSED] - Click button "Logout": Click button "Logout"

2021-01-21 17:34:19 - [MESSAGE][INFO] - >>>>>//Button[contains(text(),'Logout')]

2021-01-21 17:34:22 - [MESSAGE][PASSED] - Object '' is present

2021-01-21 17:34:22 - [MESSAGE][PASSED] - Object: '' is clicked on

2021-01-21 17:34:22 - [MESSAGE][PASSED] - Switched to window with index: '0'

2021-01-21 17:34:22 - [MESSAGE][PASSED] - Click button "Logout"

2021-01-21 17:34:22 - [TEST_STEP][PASSED] - Close browser: Close browser

2021-01-21 17:34:22 - [MESSAGE][PASSED] - Browser is closed

2021-01-21 17:34:22 - [MESSAGE][PASSED] - Close browser

2021-01-21 17:34:22 - [MESSAGE][PASSED] - Feature file: 'Include/features/IST_Real/RTD/Partner Disbursement SBO/Search_by_STATUS.feature' was passed]]></system-out>
         <system-err><![CDATA[]]></system-err>
      </testcase>
      <testcase name="Test Cases/RTD/Partner Disbursement SBO/TC_Search_by_OrderID" time="10.498" classname="Test Cases/RTD/Partner Disbursement SBO/TC_Search_by_OrderID" status="PASSED">
         <system-out><![CDATA[2021-01-21 17:34:22 - [TEST_CASE][PASSED] - Test Cases/RTD/Partner Disbursement SBO/TC_Search_by_OrderID: Test Cases/RTD/Partner Disbursement SBO/TC_Search_by_OrderID

2021-01-21 17:34:22 - [TEST_STEP][PASSED] - runFeatureFile("Include/features/IST_Real/RTD/Partner Disbursement SBO/Search_by_OrderID.feature"): Feature file: 'Include/features/IST_Real/RTD/Partner Disbursement SBO/Search_by_OrderID.feature' was passed

2021-01-21 17:34:22 - [MESSAGE][INFO] - Starting run keyword runFeatureFile: 'Include/features/IST_Real/RTD/Partner Disbursement SBO/Search_by_OrderID.feature' and extract report to folder: '/Users/chaidir.pratama01/Katalon Studio/IST_Automation_Git/Reports/20210121_172548/RTD/TS_Partner_Disbursement_SBO/20210121_172549/cucumber_report/1611225262863'...

2021-01-21 17:34:23 - [TEST_CASE][PASSED] - Start Test Case : SCENARIO Search by Contract Number and it found on Dashboard: SCENARIO Search by Contract Number and it found on Dashboard

2021-01-21 17:34:23 - [TEST_STEP][PASSED] - Go to ISTools: Go to ISTools

2021-01-21 17:34:23 - [MESSAGE][INFO] - Starting 'Chrome (headless)' driver

2021-01-21 17:34:23 - [MESSAGE][INFO] - User set preference: ['args', '[--start-maximized, --disable-gpu, --no-proxy-server, –-no-sandbox, --allow-running-insecure-content, --ignore-certificate-errors, window-size=1680,814, force-device-scale-factor=2, --lang=en-GB]']

2021-01-21 17:34:23 - [MESSAGE][INFO] - User set preference: ['prefs', '{download.default_directory=/Users/chaidir.pratama01/Katalon Studio/IST_Automation_Git/Download}']

2021-01-21 17:34:23 - [MESSAGE][INFO] - Action delay is set to 0 milliseconds

2021-01-21 17:34:23 - [MESSAGE][PASSED] - Browser is opened with url: ''

2021-01-21 17:34:27 - [MESSAGE][PASSED] - Navigate to 'https://dev-istools.homecredit.id/foundation/' successfully

2021-01-21 17:34:27 - [MESSAGE][PASSED] - Go to ISTools

2021-01-21 17:34:27 - [TEST_STEP][PASSED] - Login IST with valid credentials: Login IST with valid credentials

2021-01-21 17:34:27 - [MESSAGE][PASSED] - Text 'mobile.test' is set on object 'Object Repository/Page_/input_Username_j_username'

2021-01-21 17:34:27 - [MESSAGE][PASSED] - Text ****** has been set on object 'Object Repository/Page_/input_Password_j_password'

2021-01-21 17:34:28 - [MESSAGE][PASSED] - Object: 'Object Repository/Page_/button_Login' is clicked on

2021-01-21 17:34:28 - [MESSAGE][PASSED] - Login IST with valid credentials

2021-01-21 17:34:28 - [TEST_STEP][PASSED] - Login Success: Login Success

2021-01-21 17:34:28 - [MESSAGE][INFO] - Login Success

2021-01-21 17:34:28 - [MESSAGE][PASSED] - Current window maximized

2021-01-21 17:34:28 - [MESSAGE][PASSED] - Object 'Object Repository/Page_/h1_Welcome to IT Supporting Tools' is present

2021-01-21 17:34:28 - [MESSAGE][PASSED] - Login Success

2021-01-21 17:34:28 - [TEST_STEP][PASSED] - Select Arrow Menu "Real Time Disbursement": Select Arrow Menu "Real Time Disbursement"

2021-01-21 17:34:28 - [MESSAGE][PASSED] - Object: '' is clicked on

2021-01-21 17:34:28 - [MESSAGE][PASSED] - Select Arrow Menu "Real Time Disbursement"

2021-01-21 17:34:28 - [TEST_STEP][PASSED] - Select Menu "Partner Disbursement SBO": Select Menu "Partner Disbursement SBO"

2021-01-21 17:34:29 - [MESSAGE][PASSED] - Taking screenshot successfully
[[ATTACHMENT|/Users/chaidir.pratama01/Documents/Docs/Katalon Studio/Screenshot/test-Partner Disbursement SBO.png]]

2021-01-21 17:34:29 - [MESSAGE][PASSED] - Object '' is present

2021-01-21 17:34:29 - [MESSAGE][PASSED] - Object: '' is clicked on

2021-01-21 17:34:29 - [MESSAGE][PASSED] - Wait for page load successfully

2021-01-21 17:34:29 - [MESSAGE][PASSED] - Select Menu "Partner Disbursement SBO"

2021-01-21 17:34:29 - [TEST_STEP][PASSED] - Input "Order ID" for "Partner Disbursement": Input "Order ID" for "Partner Disbursement"

2021-01-21 17:34:29 - [MESSAGE][PASSED] - Text '10037914991' is set on object ''

2021-01-21 17:34:29 - [MESSAGE][PASSED] - Input "Order ID" for "Partner Disbursement"

2021-01-21 17:34:29 - [TEST_STEP][PASSED] - Click button "Search": Click button "Search"

2021-01-21 17:34:29 - [MESSAGE][INFO] - >>>>>//Button[contains(text(),'Search')]

2021-01-21 17:34:32 - [MESSAGE][PASSED] - Object '' is present

2021-01-21 17:34:32 - [MESSAGE][PASSED] - Object: '' is clicked on

2021-01-21 17:34:32 - [MESSAGE][PASSED] - Switched to window with index: '0'

2021-01-21 17:34:32 - [MESSAGE][PASSED] - Click button "Search"

2021-01-21 17:34:32 - [TEST_STEP][PASSED] - Verify Search Result Presents: Verify Search Result Presents

2021-01-21 17:34:32 - [MESSAGE][PASSED] - Object '' is present

2021-01-21 17:34:33 - [MESSAGE][PASSED] - Verify Search Result Presents

2021-01-21 17:34:33 - [MESSAGE][PASSED] - Feature file: 'Include/features/IST_Real/RTD/Partner Disbursement SBO/Search_by_OrderID.feature' was passed]]></system-out>
         <system-err><![CDATA[]]></system-err>
      </testcase>
      <testcase name="Test Cases/RTD/Partner Disbursement SBO/TC_Search_by_Contract_Number" time="9.976" classname="Test Cases/RTD/Partner Disbursement SBO/TC_Search_by_Contract_Number" status="PASSED">
         <system-out><![CDATA[2021-01-21 17:34:33 - [TEST_CASE][PASSED] - Test Cases/RTD/Partner Disbursement SBO/TC_Search_by_Contract_Number: Test Cases/RTD/Partner Disbursement SBO/TC_Search_by_Contract_Number

2021-01-21 17:34:33 - [TEST_STEP][PASSED] - runFeatureFile("Include/features/IST_Real/RTD/Partner Disbursement SBO/Search_by_Contract_Number.feature"): Feature file: 'Include/features/IST_Real/RTD/Partner Disbursement SBO/Search_by_Contract_Number.feature' was passed

2021-01-21 17:34:33 - [MESSAGE][INFO] - Starting run keyword runFeatureFile: 'Include/features/IST_Real/RTD/Partner Disbursement SBO/Search_by_Contract_Number.feature' and extract report to folder: '/Users/chaidir.pratama01/Katalon Studio/IST_Automation_Git/Reports/20210121_172548/RTD/TS_Partner_Disbursement_SBO/20210121_172549/cucumber_report/1611225273358'...

2021-01-21 17:34:33 - [TEST_CASE][PASSED] - Start Test Case : SCENARIO Search by Contract Number and it found on Dashboard: SCENARIO Search by Contract Number and it found on Dashboard

2021-01-21 17:34:33 - [TEST_STEP][PASSED] - Go to ISTools: Go to ISTools

2021-01-21 17:34:33 - [MESSAGE][WARNING] - A browser is already opened. Closing browser and opening a new one

2021-01-21 17:34:33 - [MESSAGE][INFO] - Starting 'Chrome (headless)' driver

2021-01-21 17:34:33 - [MESSAGE][INFO] - User set preference: ['args', '[--start-maximized, --disable-gpu, --no-proxy-server, –-no-sandbox, --allow-running-insecure-content, --ignore-certificate-errors, window-size=1680,814, force-device-scale-factor=2, --lang=en-GB]']

2021-01-21 17:34:33 - [MESSAGE][INFO] - User set preference: ['prefs', '{download.default_directory=/Users/chaidir.pratama01/Katalon Studio/IST_Automation_Git/Download}']

2021-01-21 17:34:33 - [MESSAGE][INFO] - Action delay is set to 0 milliseconds

2021-01-21 17:34:33 - [MESSAGE][PASSED] - Browser is opened with url: ''

2021-01-21 17:34:36 - [MESSAGE][PASSED] - Navigate to 'https://dev-istools.homecredit.id/foundation/' successfully

2021-01-21 17:34:36 - [MESSAGE][PASSED] - Go to ISTools

2021-01-21 17:34:36 - [TEST_STEP][PASSED] - Login IST with valid credentials: Login IST with valid credentials

2021-01-21 17:34:37 - [MESSAGE][PASSED] - Text 'mobile.test' is set on object 'Object Repository/Page_/input_Username_j_username'

2021-01-21 17:34:37 - [MESSAGE][PASSED] - Text ****** has been set on object 'Object Repository/Page_/input_Password_j_password'

2021-01-21 17:34:37 - [MESSAGE][PASSED] - Object: 'Object Repository/Page_/button_Login' is clicked on

2021-01-21 17:34:37 - [MESSAGE][PASSED] - Login IST with valid credentials

2021-01-21 17:34:37 - [TEST_STEP][PASSED] - Login Success: Login Success

2021-01-21 17:34:37 - [MESSAGE][INFO] - Login Success

2021-01-21 17:34:37 - [MESSAGE][PASSED] - Current window maximized

2021-01-21 17:34:37 - [MESSAGE][PASSED] - Object 'Object Repository/Page_/h1_Welcome to IT Supporting Tools' is present

2021-01-21 17:34:37 - [MESSAGE][PASSED] - Login Success

2021-01-21 17:34:37 - [TEST_STEP][PASSED] - Select Arrow Menu "Real Time Disbursement": Select Arrow Menu "Real Time Disbursement"

2021-01-21 17:34:37 - [MESSAGE][PASSED] - Object: '' is clicked on

2021-01-21 17:34:37 - [MESSAGE][PASSED] - Select Arrow Menu "Real Time Disbursement"

2021-01-21 17:34:37 - [TEST_STEP][PASSED] - Select Menu "Partner Disbursement SBO": Select Menu "Partner Disbursement SBO"

2021-01-21 17:34:38 - [MESSAGE][PASSED] - Taking screenshot successfully
[[ATTACHMENT|/Users/chaidir.pratama01/Documents/Docs/Katalon Studio/Screenshot/test-Partner Disbursement SBO.png]]

2021-01-21 17:34:38 - [MESSAGE][PASSED] - Object '' is present

2021-01-21 17:34:38 - [MESSAGE][PASSED] - Object: '' is clicked on

2021-01-21 17:34:38 - [MESSAGE][PASSED] - Wait for page load successfully

2021-01-21 17:34:38 - [MESSAGE][PASSED] - Select Menu "Partner Disbursement SBO"

2021-01-21 17:34:38 - [TEST_STEP][PASSED] - Input Contract RTD in Contract Number label: Input Contract RTD in Contract Number label

2021-01-21 17:34:39 - [MESSAGE][PASSED] - Text '4000014162' is set on object ''

2021-01-21 17:34:39 - [MESSAGE][PASSED] - Input Contract RTD in Contract Number label

2021-01-21 17:34:39 - [TEST_STEP][PASSED] - Click button "Search": Click button "Search"

2021-01-21 17:34:39 - [MESSAGE][INFO] - >>>>>//Button[contains(text(),'Search')]

2021-01-21 17:34:42 - [MESSAGE][PASSED] - Object '' is present

2021-01-21 17:34:42 - [MESSAGE][PASSED] - Object: '' is clicked on

2021-01-21 17:34:42 - [MESSAGE][PASSED] - Switched to window with index: '0'

2021-01-21 17:34:42 - [MESSAGE][PASSED] - Click button "Search"

2021-01-21 17:34:42 - [TEST_STEP][PASSED] - Verify Search Result Presents: Verify Search Result Presents

2021-01-21 17:34:42 - [MESSAGE][PASSED] - Object '' is present

2021-01-21 17:34:43 - [MESSAGE][PASSED] - Verify Search Result Presents

2021-01-21 17:34:43 - [MESSAGE][PASSED] - Feature file: 'Include/features/IST_Real/RTD/Partner Disbursement SBO/Search_by_Contract_Number.feature' was passed]]></system-out>
         <system-err><![CDATA[]]></system-err>
      </testcase>
      <system-out><![CDATA[2021-01-21 17:30:29 - [TEST_SUITE][PASSED] - TS_Partner_Disbursement_SBO: Test Cases/RTD/Partner Disbursement SBO/TC_Search_by_Contract_Number]]></system-out>
      <system-err><![CDATA[]]></system-err>
   </testsuite>
</testsuites>
