<?xml version="1.0" encoding="UTF-8"?>
<testsuites name="TS_CONTRACT_DISPATCHER_BPKB" time="957.55" tests="15" failures="1" errors="0">
   <testsuite name="TS_CONTRACT_DISPATCHER_BPKB" tests="15" failures="1" errors="0" time="957.55" timestamp="2020-12-21 18:32:45" hostname="chaidir.pratama01 - localhost" id="Test Suites/CONTRACT_DISPATCHER_BPKB/TS_CONTRACT_DISPATCHER_BPKB">
      <properties>
         <property name="deviceName" value=""/>
         <property name="devicePlatform" value=""/>
         <property name="logFolder" value="/Users/chaidir.pratama01/Katalon Studio/IST_Automation_Git/Reports/20201221_181020/CONTRACT_DISPATCHER_BPKB/TS_CONTRACT_DISPATCHER_BPKB/20201221_181027"/>
         <property name="logFiles" value="/Users/chaidir.pratama01/Katalon Studio/IST_Automation_Git/Reports/20201221_181020/CONTRACT_DISPATCHER_BPKB/TS_CONTRACT_DISPATCHER_BPKB/20201221_181027/execution0.log"/>
         <property name="attachments" value="/Users/chaidir.pratama01/Documents/Docs/Katalon Studio/Screenshot/IST_Page.png, /Users/chaidir.pratama01/Documents/Docs/Katalon Studio/Screenshot/test-Management Assignment.png, /Users/chaidir.pratama01/Katalon Studio/IST_Automation_Git/Reports/20201221_181020/CONTRACT_DISPATCHER_BPKB/TS_CONTRACT_DISPATCHER_BPKB/20201221_181027/1608550379597.png, /Users/chaidir.pratama01/Documents/Docs/Katalon Studio/Screenshot/IST_Page.png, /Users/chaidir.pratama01/Documents/Docs/Katalon Studio/Screenshot/test-Contract Dispatcher.png, /Users/chaidir.pratama01/Documents/Docs/Katalon Studio/Screenshot/errorpopup.png, /Users/chaidir.pratama01/Documents/Docs/Katalon Studio/Screenshot/IST_Page.png, /Users/chaidir.pratama01/Documents/Docs/Katalon Studio/Screenshot/test-Management Assignment.png, /Users/chaidir.pratama01/Documents/Docs/Katalon Studio/Screenshot/IST_Page.png, /Users/chaidir.pratama01/Documents/Docs/Katalon Studio/Screenshot/test-Contract Dispatcher.png, /Users/chaidir.pratama01/Documents/Docs/Katalon Studio/Screenshot/errorpopup.png, /Users/chaidir.pratama01/Documents/Docs/Katalon Studio/Screenshot/errorpopup.png, /Users/chaidir.pratama01/Documents/Docs/Katalon Studio/Screenshot/IST_Page.png, /Users/chaidir.pratama01/Documents/Docs/Katalon Studio/Screenshot/test-Management Assignment.png, /Users/chaidir.pratama01/Documents/Docs/Katalon Studio/Screenshot/IST_Page.png, /Users/chaidir.pratama01/Documents/Docs/Katalon Studio/Screenshot/test-Contract Dispatcher.png, /Users/chaidir.pratama01/Documents/Docs/Katalon Studio/Screenshot/errorpopup.png, /Users/chaidir.pratama01/Documents/Docs/Katalon Studio/Screenshot/IST_Page.png, /Users/chaidir.pratama01/Documents/Docs/Katalon Studio/Screenshot/test-Management Assignment.png, /Users/chaidir.pratama01/Documents/Docs/Katalon Studio/Screenshot/IST_Page.png, /Users/chaidir.pratama01/Documents/Docs/Katalon Studio/Screenshot/test-Contract Dispatcher.png, /Users/chaidir.pratama01/Documents/Docs/Katalon Studio/Screenshot/errorpopup.png, /Users/chaidir.pratama01/Documents/Docs/Katalon Studio/Screenshot/IST_Page.png, /Users/chaidir.pratama01/Documents/Docs/Katalon Studio/Screenshot/test-Management Assignment.png, /Users/chaidir.pratama01/Documents/Docs/Katalon Studio/Screenshot/IST_Page.png, /Users/chaidir.pratama01/Documents/Docs/Katalon Studio/Screenshot/test-Contract Dispatcher.png, /Users/chaidir.pratama01/Documents/Docs/Katalon Studio/Screenshot/errorpopup.png, /Users/chaidir.pratama01/Documents/Docs/Katalon Studio/Screenshot/IST_Page.png, /Users/chaidir.pratama01/Documents/Docs/Katalon Studio/Screenshot/test-Management Assignment.png, /Users/chaidir.pratama01/Documents/Docs/Katalon Studio/Screenshot/IST_Page.png, /Users/chaidir.pratama01/Documents/Docs/Katalon Studio/Screenshot/test-Contract Dispatcher.png, /Users/chaidir.pratama01/Documents/Docs/Katalon Studio/Screenshot/test-Contract Dispatcher.png, /Users/chaidir.pratama01/Documents/Docs/Katalon Studio/Screenshot/IST_Page.png, /Users/chaidir.pratama01/Documents/Docs/Katalon Studio/Screenshot/test-Management Assignment.png, /Users/chaidir.pratama01/Documents/Docs/Katalon Studio/Screenshot/errorpopup.png, /Users/chaidir.pratama01/Documents/Docs/Katalon Studio/Screenshot/IST_Page.png, /Users/chaidir.pratama01/Documents/Docs/Katalon Studio/Screenshot/test-Contract Dispatcher.png, /Users/chaidir.pratama01/Katalon Studio/IST_Automation_Git/Reports/20201221_181020/CONTRACT_DISPATCHER_BPKB/TS_CONTRACT_DISPATCHER_BPKB/20201221_181027/1608551241352.png"/>
         <property name="hostName" value="chaidir.pratama01 - localhost"/>
         <property name="os" value="Mac OS X 64bit"/>
         <property name="katalonVersion" value="7.6.0.${buildNumber}"/>
         <property name="browser" value="Chrome 87.0.4280.88"/>
         <property name="hostAddress" value="127.0.0.1"/>
         <property name="sessionId" value="cdbc6e5a7b2f3dea4dae7369463e1e1b"/>
         <property name="seleniumVersion" value="3.141.59"/>
         <property name="proxyInformation" value="ProxyInformation { proxyOption=NO_PROXY, proxyServerType=HTTP, username=, password=********, proxyServerAddress=, proxyServerPort=0, executionList=\&quot;\&quot;, isApplyToDesiredCapabilities=true }"/>
         <property name="platform" value="Mac OS X"/>
      </properties>
      <testcase name="Test Cases/IST_Real/CONTRACT_DISPATCHER_BPKB/Update_Tbl_CDS_CDC_TRKRegMistake" time="3.168" classname="Test Cases/IST_Real/CONTRACT_DISPATCHER_BPKB/Update_Tbl_CDS_CDC_TRKRegMistake" status="PASSED">
         <system-out><![CDATA[2020-12-21 18:32:45 - [TEST_CASE][PASSED] - Test Cases/IST_Real/CONTRACT_DISPATCHER_BPKB/Update_Tbl_CDS_CDC_TRKRegMistake: Test Cases/IST_Real/CONTRACT_DISPATCHER_BPKB/Update_Tbl_CDS_CDC_TRKRegMistake

2020-12-21 18:32:45 - [TEST_STEP][PASSED] - runFeatureFile("Include/features/IST_Real/CONTRACT_DISPATCHER_BPKB/Update_Tbl_CDS_CDC_TRKRegMistake.feature"): Feature file: 'Include/features/IST_Real/CONTRACT_DISPATCHER_BPKB/Update_Tbl_CDS_CDC_TRKRegMistake.feature' was passed

2020-12-21 18:32:45 - [MESSAGE][INFO] - Starting run keyword runFeatureFile: 'Include/features/IST_Real/CONTRACT_DISPATCHER_BPKB/Update_Tbl_CDS_CDC_TRKRegMistake.feature' and extract report to folder: '/Users/chaidir.pratama01/Katalon Studio/IST_Automation_Git/Reports/20201221_181020/CONTRACT_DISPATCHER_BPKB/TS_CONTRACT_DISPATCHER_BPKB/20201221_181027/cucumber_report/1608550365969'...

2020-12-21 18:32:46 - [TEST_CASE][PASSED] - Start Test Case : SCENARIO Update Table CONTRACT_DISPATCHER_SOURCE and CONTRACT_DISPTACHER_CLAIM: SCENARIO Update Table CONTRACT_DISPATCHER_SOURCE and CONTRACT_DISPTACHER_CLAIM

2020-12-21 18:32:46 - [TEST_STEP][PASSED] - Connect to Database: Connect to Database

2020-12-21 18:32:48 - [MESSAGE][PASSED] - Connect to Database

2020-12-21 18:32:48 - [TEST_STEP][PASSED] - Update Tbl CONTRACT DISPATCHER SRC BPKB To Change PROCESSED From Y to N For BPKB: Update Tbl CONTRACT DISPATCHER SRC BPKB To Change PROCESSED From Y to N For BPKB

2020-12-21 18:32:48 - [MESSAGE][PASSED] - Update Tbl CONTRACT DISPATCHER SRC BPKB To Change PROCESSED From Y to N For BPKB

2020-12-21 18:32:48 - [TEST_STEP][PASSED] - Update Tbl CONTRACT DISPATCHER CLAIM To Delete PROCESS From Column STATUS: Update Tbl CONTRACT DISPATCHER CLAIM To Delete PROCESS From Column STATUS

2020-12-21 18:32:48 - [MESSAGE][PASSED] - Update Tbl CONTRACT DISPATCHER CLAIM To Delete PROCESS From Column STATUS

2020-12-21 18:32:48 - [TEST_STEP][PASSED] - Delete Contract From TRK_REGISTRATION_MISTAKE: Delete Contract From TRK_REGISTRATION_MISTAKE

2020-12-21 18:32:48 - [MESSAGE][PASSED] - Delete Contract From TRK_REGISTRATION_MISTAKE

2020-12-21 18:32:48 - [MESSAGE][PASSED] - Feature file: 'Include/features/IST_Real/CONTRACT_DISPATCHER_BPKB/Update_Tbl_CDS_CDC_TRKRegMistake.feature' was passed]]></system-out>
         <system-err><![CDATA[]]></system-err>
      </testcase>
      <testcase name="Test Cases/IST_Real/CONTRACT_DISPATCHER_BPKB/Contract_Dispatcher_BPKB" time="38.054" classname="Test Cases/IST_Real/CONTRACT_DISPATCHER_BPKB/Contract_Dispatcher_BPKB" status="PASSED">
         <system-out><![CDATA[2020-12-21 18:32:48 - [TEST_CASE][PASSED] - Test Cases/IST_Real/CONTRACT_DISPATCHER_BPKB/Contract_Dispatcher_BPKB: Test Cases/IST_Real/CONTRACT_DISPATCHER_BPKB/Contract_Dispatcher_BPKB

2020-12-21 18:32:49 - [TEST_STEP][PASSED] - runFeatureFile("Include/features/IST_Real/CONTRACT_DISPATCHER_BPKB/Contract_Dispatcher_BPKB.feature"): Feature file: 'Include/features/IST_Real/CONTRACT_DISPATCHER_BPKB/Contract_Dispatcher_BPKB.feature' was passed

2020-12-21 18:32:49 - [MESSAGE][INFO] - Starting run keyword runFeatureFile: 'Include/features/IST_Real/CONTRACT_DISPATCHER_BPKB/Contract_Dispatcher_BPKB.feature' and extract report to folder: '/Users/chaidir.pratama01/Katalon Studio/IST_Automation_Git/Reports/20201221_181020/CONTRACT_DISPATCHER_BPKB/TS_CONTRACT_DISPATCHER_BPKB/20201221_181027/cucumber_report/1608550369101'...

2020-12-21 18:32:49 - [TEST_CASE][PASSED] - Start Test Case : SCENARIO Assign User to Contract BPKB: SCENARIO Assign User to Contract BPKB

2020-12-21 18:32:49 - [TEST_STEP][PASSED] - Go to IST: Go to IST

2020-12-21 18:32:49 - [MESSAGE][INFO] - Starting 'Chrome (headless)' driver

2020-12-21 18:32:49 - [MESSAGE][INFO] - User set preference: ['args', '[--start-maximized, --disable-gpu, --no-proxy-server, –-no-sandbox, --allow-running-insecure-content, --ignore-certificate-errors, window-size=1680,814, force-device-scale-factor=2, --lang=en-GB]']

2020-12-21 18:32:49 - [MESSAGE][INFO] - User set preference: ['prefs', '{download.default_directory=/Users/chaidir.pratama01/Katalon Studio/IST_Automation_Git/Download}']

2020-12-21 18:32:49 - [MESSAGE][INFO] - Action delay is set to 0 milliseconds

2020-12-21 18:32:50 - [MESSAGE][PASSED] - Browser is opened with url: ''

2020-12-21 18:32:52 - [MESSAGE][PASSED] - Navigate to 'https://dev-ist.homecredit.id/ist_tracker/' successfully

2020-12-21 18:32:52 - [MESSAGE][PASSED] - Taking screenshot successfully
[[ATTACHMENT|/Users/chaidir.pratama01/Documents/Docs/Katalon Studio/Screenshot/IST_Page.png]]

2020-12-21 18:32:52 - [MESSAGE][PASSED] - Go to IST

2020-12-21 18:32:52 - [TEST_STEP][PASSED] - Login IST with valid credentials: Login IST with valid credentials

2020-12-21 18:32:52 - [MESSAGE][PASSED] - Text 'mobile.test' is set on object 'Object Repository/Page_/input_Username_j_username'

2020-12-21 18:32:53 - [MESSAGE][PASSED] - Text ****** has been set on object 'Object Repository/Page_/input_Password_j_password'

2020-12-21 18:32:54 - [MESSAGE][PASSED] - Object: 'Object Repository/Page_/button_Login' is clicked on

2020-12-21 18:32:54 - [MESSAGE][PASSED] - Login IST with valid credentials

2020-12-21 18:32:54 - [TEST_STEP][PASSED] - Login Success: Login Success

2020-12-21 18:32:54 - [MESSAGE][INFO] - Login Success

2020-12-21 18:32:54 - [MESSAGE][PASSED] - Current window maximized

2020-12-21 18:32:54 - [MESSAGE][PASSED] - Object 'Object Repository/Page_/h1_Welcome to IT Supporting Tools' is present

2020-12-21 18:32:54 - [MESSAGE][PASSED] - Login Success

2020-12-21 18:32:54 - [TEST_STEP][PASSED] - Select Arrow Menu "Contract Dispatcher Admin": Select Arrow Menu "Contract Dispatcher Admin"

2020-12-21 18:32:54 - [MESSAGE][PASSED] - Object: '' is clicked on

2020-12-21 18:32:54 - [MESSAGE][PASSED] - Select Arrow Menu "Contract Dispatcher Admin"

2020-12-21 18:32:54 - [TEST_STEP][PASSED] - Select Menu "Management Assignment": Select Menu "Management Assignment"

2020-12-21 18:32:54 - [MESSAGE][PASSED] - Taking screenshot successfully
[[ATTACHMENT|/Users/chaidir.pratama01/Documents/Docs/Katalon Studio/Screenshot/test-Management Assignment.png]]

2020-12-21 18:32:54 - [MESSAGE][PASSED] - Object '' is present

2020-12-21 18:32:54 - [MESSAGE][PASSED] - Object: '' is clicked on

2020-12-21 18:32:54 - [MESSAGE][PASSED] - Wait for page load successfully

2020-12-21 18:32:54 - [MESSAGE][PASSED] - Select Menu "Management Assignment"

2020-12-21 18:32:54 - [TEST_STEP][PASSED] - Select Username "mobile.test" of Management Assignment: Select Username "mobile.test" of Management Assignment

2020-12-21 18:32:56 - [MESSAGE][PASSED] - All options with value 'mobile.test' are selected in object 'Object Repository/Page_/dropdown_list_username_assignment'  using regular expression

2020-12-21 18:32:56 - [MESSAGE][PASSED] - Select Username "mobile.test" of Management Assignment

2020-12-21 18:32:56 - [TEST_STEP][PASSED] - Check for username if already assigned to "BPKB": Check for username if already assigned to "BPKB"

2020-12-21 18:32:59 - [MESSAGE][PASSED] - Scroll to object '' successfully

2020-12-21 18:32:59 - [MESSAGE][PASSED] - Object '' is present

2020-12-21 18:33:00 - [MESSAGE][WARNING] - Object '' is not checked (Root cause: com.kms.katalon.core.exception.StepFailedException: Object '' is not checked
	at com.kms.katalon.core.webui.keyword.internal.WebUIKeywordMain.stepFailed(WebUIKeywordMain.groovy:64)
	at com.kms.katalon.core.webui.keyword.builtin.VerifyElementCheckedKeyword$_verifyElementChecked_closure1.doCall(VerifyElementCheckedKeyword.groovy:81)
	at com.kms.katalon.core.webui.keyword.builtin.VerifyElementCheckedKeyword$_verifyElementChecked_closure1.call(VerifyElementCheckedKeyword.groovy)
	at com.kms.katalon.core.webui.keyword.internal.WebUIKeywordMain.runKeyword(WebUIKeywordMain.groovy:20)
	at com.kms.katalon.core.webui.keyword.builtin.VerifyElementCheckedKeyword.verifyElementChecked(VerifyElementCheckedKeyword.groovy:92)
	at com.kms.katalon.core.webui.keyword.builtin.VerifyElementCheckedKeyword.execute(VerifyElementCheckedKeyword.groovy:68)
	at com.kms.katalon.core.keyword.internal.KeywordExecutor.executeKeywordForPlatform(KeywordExecutor.groovy:73)
	at com.kms.katalon.core.webui.keyword.WebUiBuiltInKeywords.verifyElementChecked(WebUiBuiltInKeywords.groovy:1378)
	at com.kms.katalon.core.webui.keyword.WebUiBuiltInKeywords$verifyElementChecked$12.call(Unknown Source)
	at ist_real.Contract_Dispatcher.CheckUsername(Contract_Dispatcher.groovy:724)
	at cucumber.runtime.Utils$1.call(Utils.java:26)
	at cucumber.runtime.Timeout.timeout(Timeout.java:16)
	at cucumber.runtime.Utils.invoke(Utils.java:20)
	at cucumber.runtime.java.JavaStepDefinition.execute(JavaStepDefinition.java:48)
	at cucumber.runtime.PickleStepDefinitionMatch.runStep(PickleStepDefinitionMatch.java:50)
	at cucumber.runner.TestStep.executeStep(TestStep.java:55)
	at cucumber.runner.TestStep.run(TestStep.java:42)
	at cucumber.runner.PickleStepTestStep.run(PickleStepTestStep.java:53)
	at cucumber.runner.TestCase.run(TestCase.java:47)
	at cucumber.runner.Runner.runPickle(Runner.java:44)
	at cucumber.runtime.Runtime.runFeature(Runtime.java:120)
	at cucumber.runtime.Runtime.run(Runtime.java:106)
	at cucumber.api.cli.Main.run(Main.java:35)
	at cucumber.api.cli.Main$run.call(Unknown Source)
	at com.kms.katalon.core.cucumber.keyword.CucumberBuiltinKeywords$_runFeatureFile_closure1.doCall(CucumberBuiltinKeywords.groovy:76)
	at com.kms.katalon.core.cucumber.keyword.CucumberBuiltinKeywords$_runFeatureFile_closure1.doCall(CucumberBuiltinKeywords.groovy)
	at com.kms.katalon.core.keyword.internal.KeywordMain.runKeyword(KeywordMain.groovy:68)
	at com.kms.katalon.core.keyword.internal.KeywordMain$runKeyword.call(Unknown Source)
	at com.kms.katalon.core.cucumber.keyword.CucumberBuiltinKeywords.runFeatureFile(CucumberBuiltinKeywords.groovy:46)
	at com.kms.katalon.core.cucumber.keyword.CucumberBuiltinKeywords$runFeatureFile$0.callStatic(Unknown Source)
	at com.kms.katalon.core.cucumber.keyword.CucumberBuiltinKeywords.runFeatureFile(CucumberBuiltinKeywords.groovy:169)
	at com.kms.katalon.core.cucumber.keyword.CucumberBuiltinKeywords$runFeatureFile.call(Unknown Source)
	at Contract_Dispatcher_BPKB.run(Contract_Dispatcher_BPKB:16)
	at com.kms.katalon.core.main.ScriptEngine.run(ScriptEngine.java:194)
	at com.kms.katalon.core.main.ScriptEngine.runScriptAsRawText(ScriptEngine.java:119)
	at com.kms.katalon.core.main.TestCaseExecutor.runScript(TestCaseExecutor.java:339)
	at com.kms.katalon.core.main.TestCaseExecutor.doExecute(TestCaseExecutor.java:330)
	at com.kms.katalon.core.main.TestCaseExecutor.processExecutionPhase(TestCaseExecutor.java:309)
	at com.kms.katalon.core.main.TestCaseExecutor.accessMainPhase(TestCaseExecutor.java:301)
	at com.kms.katalon.core.main.TestCaseExecutor.execute(TestCaseExecutor.java:235)
	at com.kms.katalon.core.main.TestSuiteExecutor.accessTestCaseMainPhase(TestSuiteExecutor.java:191)
	at com.kms.katalon.core.main.TestSuiteExecutor.accessTestSuiteMainPhase(TestSuiteExecutor.java:141)
	at com.kms.katalon.core.main.TestSuiteExecutor.execute(TestSuiteExecutor.java:90)
	at com.kms.katalon.core.main.TestCaseMain.startTestSuite(TestCaseMain.java:157)
	at com.kms.katalon.core.main.TestCaseMain$startTestSuite$0.call(Unknown Source)
	at TempTestSuite1608549027003.run(TempTestSuite1608549027003.groovy:39)
)
[[ATTACHMENT|/Users/chaidir.pratama01/Katalon Studio/IST_Automation_Git/Reports/20201221_181020/CONTRACT_DISPATCHER_BPKB/TS_CONTRACT_DISPATCHER_BPKB/20201221_181027/1608550379597.png]]

2020-12-21 18:33:00 - [MESSAGE][INFO] - Element is not Checked, This Step will Check the element

2020-12-21 18:33:00 - [MESSAGE][PASSED] - Object '' is present

2020-12-21 18:33:00 - [MESSAGE][PASSED] - Object: '' is clicked on

2020-12-21 18:33:00 - [MESSAGE][PASSED] - Object: '' is clicked on

2020-12-21 18:33:00 - [MESSAGE][PASSED] - Object '' is present

2020-12-21 18:33:00 - [MESSAGE][PASSED] - Object: '' is clicked on

2020-12-21 18:33:00 - [MESSAGE][PASSED] - Object '' is present

2020-12-21 18:33:00 - [MESSAGE][PASSED] - Check for username if already assigned to "BPKB"

2020-12-21 18:33:00 - [TEST_STEP][PASSED] - Wait page for load: Wait page for load

2020-12-21 18:33:00 - [MESSAGE][PASSED] - Wait for page load successfully

2020-12-21 18:33:00 - [MESSAGE][PASSED] - Wait page for load

2020-12-21 18:33:00 - [TEST_STEP][PASSED] - Click button "Logout": Click button "Logout"

2020-12-21 18:33:00 - [MESSAGE][INFO] - >>>>>//Button[contains(text(),'Logout')]

2020-12-21 18:33:03 - [MESSAGE][PASSED] - Object '' is present

2020-12-21 18:33:04 - [MESSAGE][PASSED] - Object: '' is clicked on

2020-12-21 18:33:04 - [MESSAGE][PASSED] - Switched to window with index: '0'

2020-12-21 18:33:04 - [MESSAGE][PASSED] - Click button "Logout"

2020-12-21 18:33:04 - [TEST_STEP][PASSED] - Close browser: Close browser

2020-12-21 18:33:04 - [MESSAGE][PASSED] - Browser is closed

2020-12-21 18:33:04 - [MESSAGE][PASSED] - Close browser

2020-12-21 18:33:04 - [TEST_CASE][PASSED] - Start Test Case : SCENARIO Select Contract Dispatcher Menu based on type contract BPKB: SCENARIO Select Contract Dispatcher Menu based on type contract BPKB

2020-12-21 18:33:04 - [TEST_STEP][PASSED] - Go to IST: Go to IST

2020-12-21 18:33:04 - [MESSAGE][INFO] - Starting 'Chrome (headless)' driver

2020-12-21 18:33:04 - [MESSAGE][INFO] - User set preference: ['args', '[--start-maximized, --disable-gpu, --no-proxy-server, –-no-sandbox, --allow-running-insecure-content, --ignore-certificate-errors, window-size=1680,814, force-device-scale-factor=2, --lang=en-GB]']

2020-12-21 18:33:04 - [MESSAGE][INFO] - User set preference: ['prefs', '{download.default_directory=/Users/chaidir.pratama01/Katalon Studio/IST_Automation_Git/Download}']

2020-12-21 18:33:04 - [MESSAGE][INFO] - Action delay is set to 0 milliseconds

2020-12-21 18:33:04 - [MESSAGE][PASSED] - Browser is opened with url: ''

2020-12-21 18:33:07 - [MESSAGE][PASSED] - Navigate to 'https://dev-ist.homecredit.id/ist_tracker/' successfully

2020-12-21 18:33:07 - [MESSAGE][PASSED] - Taking screenshot successfully
[[ATTACHMENT|/Users/chaidir.pratama01/Documents/Docs/Katalon Studio/Screenshot/IST_Page.png]]

2020-12-21 18:33:07 - [MESSAGE][PASSED] - Go to IST

2020-12-21 18:33:07 - [TEST_STEP][PASSED] - Login IST with valid credentials: Login IST with valid credentials

2020-12-21 18:33:07 - [MESSAGE][PASSED] - Text 'mobile.test' is set on object 'Object Repository/Page_/input_Username_j_username'

2020-12-21 18:33:08 - [MESSAGE][PASSED] - Text ****** has been set on object 'Object Repository/Page_/input_Password_j_password'

2020-12-21 18:33:08 - [MESSAGE][PASSED] - Object: 'Object Repository/Page_/button_Login' is clicked on

2020-12-21 18:33:08 - [MESSAGE][PASSED] - Login IST with valid credentials

2020-12-21 18:33:08 - [TEST_STEP][PASSED] - Login Success: Login Success

2020-12-21 18:33:08 - [MESSAGE][INFO] - Login Success

2020-12-21 18:33:09 - [MESSAGE][PASSED] - Current window maximized

2020-12-21 18:33:09 - [MESSAGE][PASSED] - Object 'Object Repository/Page_/h1_Welcome to IT Supporting Tools' is present

2020-12-21 18:33:09 - [MESSAGE][PASSED] - Login Success

2020-12-21 18:33:09 - [TEST_STEP][PASSED] - Select Menu "Contract Dispatcher": Select Menu "Contract Dispatcher"

2020-12-21 18:33:09 - [MESSAGE][PASSED] - Taking screenshot successfully
[[ATTACHMENT|/Users/chaidir.pratama01/Documents/Docs/Katalon Studio/Screenshot/test-Contract Dispatcher.png]]

2020-12-21 18:33:09 - [MESSAGE][PASSED] - Object '' is present

2020-12-21 18:33:09 - [MESSAGE][PASSED] - Object: '' is clicked on

2020-12-21 18:33:09 - [MESSAGE][PASSED] - Wait for page load successfully

2020-12-21 18:33:09 - [MESSAGE][PASSED] - Select Menu "Contract Dispatcher"

2020-12-21 18:33:09 - [TEST_STEP][PASSED] - Select Contract Number based on Type Contract "BPKB": Select Contract Number based on Type Contract "BPKB"

2020-12-21 18:33:10 - [MESSAGE][PASSED] - Object '' is present

2020-12-21 18:33:10 - [MESSAGE][PASSED] - Object '' is present

2020-12-21 18:33:10 - [MESSAGE][PASSED] - Object: '' is clicked on

2020-12-21 18:33:10 - [MESSAGE][PASSED] - Select Contract Number based on Type Contract "BPKB"

2020-12-21 18:33:10 - [TEST_STEP][PASSED] - Click button "Claim": Click button "Claim"

2020-12-21 18:33:10 - [MESSAGE][INFO] - >>>>>//Button[contains(text(),'Claim')]

2020-12-21 18:33:13 - [MESSAGE][PASSED] - Object '' is present

2020-12-21 18:33:13 - [MESSAGE][PASSED] - Object: '' is clicked on

2020-12-21 18:33:13 - [MESSAGE][PASSED] - Switched to window with index: '0'

2020-12-21 18:33:13 - [MESSAGE][PASSED] - Click button "Claim"

2020-12-21 18:33:13 - [TEST_STEP][PASSED] - Varify the mistake detail already match with the matrix Base on Type Contract: Varify the mistake detail already match with the matrix Base on Type Contract

2020-12-21 18:33:15 - [MESSAGE][PASSED] - Object '' is present

2020-12-21 18:33:15 - [MESSAGE][PASSED] - Object: '' is clicked on

2020-12-21 18:33:15 - [MESSAGE][PASSED] - Object '' is present

2020-12-21 18:33:15 - [MESSAGE][PASSED] - Object '' is not checked

2020-12-21 18:33:15 - [MESSAGE][PASSED] - Object '' is present

2020-12-21 18:33:15 - [MESSAGE][PASSED] - Object '' is not checked

2020-12-21 18:33:15 - [MESSAGE][PASSED] - Object '' is present

2020-12-21 18:33:15 - [MESSAGE][PASSED] - Object '' is not checked

2020-12-21 18:33:15 - [MESSAGE][PASSED] - Object '' is present

2020-12-21 18:33:15 - [MESSAGE][PASSED] - Object '' is not checked

2020-12-21 18:33:15 - [MESSAGE][PASSED] - Object '' is present

2020-12-21 18:33:15 - [MESSAGE][PASSED] - Object: '' is clicked on

2020-12-21 18:33:15 - [MESSAGE][PASSED] - Object '' is present

2020-12-21 18:33:15 - [MESSAGE][PASSED] - Object '' is not checked

2020-12-21 18:33:15 - [MESSAGE][PASSED] - Object '' is present

2020-12-21 18:33:15 - [MESSAGE][PASSED] - Object '' is not checked

2020-12-21 18:33:15 - [MESSAGE][PASSED] - Object '' is present

2020-12-21 18:33:15 - [MESSAGE][PASSED] - Object '' is not checked

2020-12-21 18:33:15 - [MESSAGE][PASSED] - Object '' is present

2020-12-21 18:33:15 - [MESSAGE][PASSED] - Object '' is not checked

2020-12-21 18:33:15 - [MESSAGE][PASSED] - Object '' is present

2020-12-21 18:33:15 - [MESSAGE][PASSED] - Object '' is not checked

2020-12-21 18:33:15 - [MESSAGE][PASSED] - Varify the mistake detail already match with the matrix Base on Type Contract

2020-12-21 18:33:15 - [TEST_STEP][PASSED] - Checkbox General Mistake "01. BPKB bagian depan tidak ada": Checkbox General Mistake "01. BPKB bagian depan tidak ada"

2020-12-21 18:33:15 - [MESSAGE][PASSED] - Object: '' is clicked on

2020-12-21 18:33:15 - [MESSAGE][PASSED] - Wait for page load successfully

2020-12-21 18:33:15 - [MESSAGE][PASSED] - Checkbox General Mistake "01. BPKB bagian depan tidak ada"

2020-12-21 18:33:15 - [TEST_STEP][PASSED] - Choose Dropdown mistake type "Dokumen diunggah tidak ada" from mistake name "01. BPKB bagian depan tidak ada": Choose Dropdown mistake type "Dokumen diunggah tidak ada" from mistake name "01. BPKB bagian depan tidak ada"

2020-12-21 18:33:16 - [MESSAGE][PASSED] - All options with index in [1] are selected on object ''

2020-12-21 18:33:16 - [MESSAGE][PASSED] - Wait for page load successfully

2020-12-21 18:33:16 - [MESSAGE][PASSED] - Choose Dropdown mistake type "Dokumen diunggah tidak ada" from mistake name "01. BPKB bagian depan tidak ada"

2020-12-21 18:33:16 - [TEST_STEP][PASSED] - Type on textarea note before based on mistake name "01. BPKB bagian depan tidak ada" with value "TESTING": Type on textarea note before based on mistake name "01. BPKB bagian depan tidak ada" with value "TESTING"

2020-12-21 18:33:16 - [MESSAGE][PASSED] - Text 'TESTING' is set on object ''

2020-12-21 18:33:16 - [MESSAGE][PASSED] - Wait for page load successfully

2020-12-21 18:33:16 - [MESSAGE][PASSED] - Type on textarea note before based on mistake name "01. BPKB bagian depan tidak ada" with value "TESTING"

2020-12-21 18:33:16 - [TEST_STEP][PASSED] - Click button "Save": Click button "Save"

2020-12-21 18:33:16 - [MESSAGE][INFO] - >>>>>//Button[contains(text(),'Save')]

2020-12-21 18:33:19 - [MESSAGE][PASSED] - Object '' is present

2020-12-21 18:33:19 - [MESSAGE][PASSED] - Object: '' is clicked on

2020-12-21 18:33:19 - [MESSAGE][PASSED] - Switched to window with index: '0'

2020-12-21 18:33:19 - [MESSAGE][PASSED] - Click button "Save"

2020-12-21 18:33:19 - [TEST_STEP][PASSED] - Get text from pop up "IT Supporting Tools" with text "Mistake has been saved": Get text from pop up "IT Supporting Tools" with text "Mistake has been saved"

2020-12-21 18:33:20 - [MESSAGE][PASSED] - Taking screenshot successfully
[[ATTACHMENT|/Users/chaidir.pratama01/Documents/Docs/Katalon Studio/Screenshot/errorpopup.png]]

2020-12-21 18:33:20 - [MESSAGE][PASSED] - Object '' is present

2020-12-21 18:33:20 - [MESSAGE][PASSED] - Wait for page load successfully

2020-12-21 18:33:20 - [MESSAGE][PASSED] - Wait for page load successfully

2020-12-21 18:33:20 - [MESSAGE][PASSED] - Get text from pop up "IT Supporting Tools" with text "Mistake has been saved"

2020-12-21 18:33:20 - [TEST_STEP][PASSED] - Click button "OK": Click button "OK"

2020-12-21 18:33:20 - [MESSAGE][INFO] - >>>>>//Button[contains(text(),'OK')]

2020-12-21 18:33:23 - [MESSAGE][PASSED] - Object '' is present

2020-12-21 18:33:23 - [MESSAGE][PASSED] - Object: '' is clicked on

2020-12-21 18:33:23 - [MESSAGE][PASSED] - Switched to window with index: '0'

2020-12-21 18:33:23 - [MESSAGE][PASSED] - Click button "OK"

2020-12-21 18:33:23 - [TEST_STEP][PASSED] - Click button "Logout": Click button "Logout"

2020-12-21 18:33:23 - [MESSAGE][INFO] - >>>>>//Button[contains(text(),'Logout')]

2020-12-21 18:33:26 - [MESSAGE][PASSED] - Object '' is present

2020-12-21 18:33:26 - [MESSAGE][PASSED] - Object: '' is clicked on

2020-12-21 18:33:26 - [MESSAGE][PASSED] - Switched to window with index: '0'

2020-12-21 18:33:26 - [MESSAGE][PASSED] - Click button "Logout"

2020-12-21 18:33:26 - [TEST_STEP][PASSED] - Close browser: Close browser

2020-12-21 18:33:26 - [MESSAGE][PASSED] - Browser is closed

2020-12-21 18:33:26 - [MESSAGE][PASSED] - Close browser

2020-12-21 18:33:26 - [MESSAGE][PASSED] - Feature file: 'Include/features/IST_Real/CONTRACT_DISPATCHER_BPKB/Contract_Dispatcher_BPKB.feature' was passed]]></system-out>
         <system-err><![CDATA[]]></system-err>
      </testcase>
      <testcase name="Test Cases/IST_Real/CONTRACT_DISPATCHER_BPKB/Update_Tbl_CDS_CDC_TRKRegMistake" time="0.877" classname="Test Cases/IST_Real/CONTRACT_DISPATCHER_BPKB/Update_Tbl_CDS_CDC_TRKRegMistake" status="PASSED">
         <system-out><![CDATA[2020-12-21 18:33:26 - [TEST_CASE][PASSED] - Test Cases/IST_Real/CONTRACT_DISPATCHER_BPKB/Update_Tbl_CDS_CDC_TRKRegMistake: Test Cases/IST_Real/CONTRACT_DISPATCHER_BPKB/Update_Tbl_CDS_CDC_TRKRegMistake

2020-12-21 18:33:26 - [TEST_STEP][PASSED] - runFeatureFile("Include/features/IST_Real/CONTRACT_DISPATCHER_BPKB/Update_Tbl_CDS_CDC_TRKRegMistake.feature"): Feature file: 'Include/features/IST_Real/CONTRACT_DISPATCHER_BPKB/Update_Tbl_CDS_CDC_TRKRegMistake.feature' was passed

2020-12-21 18:33:26 - [MESSAGE][INFO] - Starting run keyword runFeatureFile: 'Include/features/IST_Real/CONTRACT_DISPATCHER_BPKB/Update_Tbl_CDS_CDC_TRKRegMistake.feature' and extract report to folder: '/Users/chaidir.pratama01/Katalon Studio/IST_Automation_Git/Reports/20201221_181020/CONTRACT_DISPATCHER_BPKB/TS_CONTRACT_DISPATCHER_BPKB/20201221_181027/cucumber_report/1608550406956'...

2020-12-21 18:33:27 - [TEST_CASE][PASSED] - Start Test Case : SCENARIO Update Table CONTRACT_DISPATCHER_SOURCE and CONTRACT_DISPTACHER_CLAIM: SCENARIO Update Table CONTRACT_DISPATCHER_SOURCE and CONTRACT_DISPTACHER_CLAIM

2020-12-21 18:33:27 - [TEST_STEP][PASSED] - Connect to Database: Connect to Database

2020-12-21 18:33:27 - [MESSAGE][PASSED] - Connect to Database

2020-12-21 18:33:27 - [TEST_STEP][PASSED] - Update Tbl CONTRACT DISPATCHER SRC BPKB To Change PROCESSED From Y to N For BPKB: Update Tbl CONTRACT DISPATCHER SRC BPKB To Change PROCESSED From Y to N For BPKB

2020-12-21 18:33:27 - [MESSAGE][PASSED] - Update Tbl CONTRACT DISPATCHER SRC BPKB To Change PROCESSED From Y to N For BPKB

2020-12-21 18:33:27 - [TEST_STEP][PASSED] - Update Tbl CONTRACT DISPATCHER CLAIM To Delete PROCESS From Column STATUS: Update Tbl CONTRACT DISPATCHER CLAIM To Delete PROCESS From Column STATUS

2020-12-21 18:33:27 - [MESSAGE][PASSED] - Update Tbl CONTRACT DISPATCHER CLAIM To Delete PROCESS From Column STATUS

2020-12-21 18:33:27 - [TEST_STEP][PASSED] - Delete Contract From TRK_REGISTRATION_MISTAKE: Delete Contract From TRK_REGISTRATION_MISTAKE

2020-12-21 18:33:27 - [MESSAGE][PASSED] - Delete Contract From TRK_REGISTRATION_MISTAKE

2020-12-21 18:33:27 - [MESSAGE][PASSED] - Feature file: 'Include/features/IST_Real/CONTRACT_DISPATCHER_BPKB/Update_Tbl_CDS_CDC_TRKRegMistake.feature' was passed]]></system-out>
         <system-err><![CDATA[]]></system-err>
      </testcase>
      <testcase name="Test Cases/IST_Real/CONTRACT_DISPATCHER_BPKB/Claim_Contract_BPKB_then_Save_it_Without_Register_Any_Mistakes" time="40.405" classname="Test Cases/IST_Real/CONTRACT_DISPATCHER_BPKB/Claim_Contract_BPKB_then_Save_it_Without_Register_Any_Mistakes" status="PASSED">
         <system-out><![CDATA[2020-12-21 18:33:27 - [TEST_CASE][PASSED] - Test Cases/IST_Real/CONTRACT_DISPATCHER_BPKB/Claim_Contract_BPKB_then_Save_it_Without_Register_Any_Mistakes: Test Cases/IST_Real/CONTRACT_DISPATCHER_BPKB/Claim_Contract_BPKB_then_Save_it_Without_Register_Any_Mistakes

2020-12-21 18:33:27 - [TEST_STEP][PASSED] - runFeatureFile("Include/features/IST_Real/CONTRACT_DISPATCHER_BPKB/Claim_Contract_BPKB_then_Save_it_Without_Register_Any_Mistakes.feature"): Feature file: 'Include/features/IST_Real/CONTRACT_DISPATCHER_BPKB/Claim_Contract_BPKB_then_Save_it_Without_Register_Any_Mistakes.feature' was passed

2020-12-21 18:33:27 - [MESSAGE][INFO] - Starting run keyword runFeatureFile: 'Include/features/IST_Real/CONTRACT_DISPATCHER_BPKB/Claim_Contract_BPKB_then_Save_it_Without_Register_Any_Mistakes.feature' and extract report to folder: '/Users/chaidir.pratama01/Katalon Studio/IST_Automation_Git/Reports/20201221_181020/CONTRACT_DISPATCHER_BPKB/TS_CONTRACT_DISPATCHER_BPKB/20201221_181027/cucumber_report/1608550407919'...

2020-12-21 18:33:28 - [TEST_CASE][PASSED] - Start Test Case : SCENARIO Assign User to Contract BPKB: SCENARIO Assign User to Contract BPKB

2020-12-21 18:33:28 - [TEST_STEP][PASSED] - Go to IST: Go to IST

2020-12-21 18:33:28 - [MESSAGE][INFO] - Starting 'Chrome (headless)' driver

2020-12-21 18:33:28 - [MESSAGE][INFO] - User set preference: ['args', '[--start-maximized, --disable-gpu, --no-proxy-server, –-no-sandbox, --allow-running-insecure-content, --ignore-certificate-errors, window-size=1680,814, force-device-scale-factor=2, --lang=en-GB]']

2020-12-21 18:33:28 - [MESSAGE][INFO] - User set preference: ['prefs', '{download.default_directory=/Users/chaidir.pratama01/Katalon Studio/IST_Automation_Git/Download}']

2020-12-21 18:33:28 - [MESSAGE][INFO] - Action delay is set to 0 milliseconds

2020-12-21 18:33:28 - [MESSAGE][PASSED] - Browser is opened with url: ''

2020-12-21 18:33:30 - [MESSAGE][PASSED] - Navigate to 'https://dev-ist.homecredit.id/ist_tracker/' successfully

2020-12-21 18:33:31 - [MESSAGE][PASSED] - Taking screenshot successfully
[[ATTACHMENT|/Users/chaidir.pratama01/Documents/Docs/Katalon Studio/Screenshot/IST_Page.png]]

2020-12-21 18:33:31 - [MESSAGE][PASSED] - Go to IST

2020-12-21 18:33:31 - [TEST_STEP][PASSED] - Login IST with valid credentials: Login IST with valid credentials

2020-12-21 18:33:31 - [MESSAGE][PASSED] - Text 'mobile.test' is set on object 'Object Repository/Page_/input_Username_j_username'

2020-12-21 18:33:31 - [MESSAGE][PASSED] - Text ****** has been set on object 'Object Repository/Page_/input_Password_j_password'

2020-12-21 18:33:32 - [MESSAGE][PASSED] - Object: 'Object Repository/Page_/button_Login' is clicked on

2020-12-21 18:33:32 - [MESSAGE][PASSED] - Login IST with valid credentials

2020-12-21 18:33:32 - [TEST_STEP][PASSED] - Login Success for contract dispatcher: Login Success for contract dispatcher

2020-12-21 18:33:32 - [MESSAGE][INFO] - Login Success

2020-12-21 18:33:32 - [MESSAGE][PASSED] - Current window maximized

2020-12-21 18:33:32 - [MESSAGE][PASSED] - Object 'Object Repository/Page_/h1_Welcome to IT Supporting Tools' is present

2020-12-21 18:33:32 - [MESSAGE][PASSED] - Login Success for contract dispatcher

2020-12-21 18:33:32 - [TEST_STEP][PASSED] - Select Arrow Menu "Contract Dispatcher Admin": Select Arrow Menu "Contract Dispatcher Admin"

2020-12-21 18:33:32 - [MESSAGE][PASSED] - Object: '' is clicked on

2020-12-21 18:33:32 - [MESSAGE][PASSED] - Select Arrow Menu "Contract Dispatcher Admin"

2020-12-21 18:33:32 - [TEST_STEP][PASSED] - Select Menu "Management Assignment": Select Menu "Management Assignment"

2020-12-21 18:33:33 - [MESSAGE][PASSED] - Taking screenshot successfully
[[ATTACHMENT|/Users/chaidir.pratama01/Documents/Docs/Katalon Studio/Screenshot/test-Management Assignment.png]]

2020-12-21 18:33:33 - [MESSAGE][PASSED] - Object '' is present

2020-12-21 18:33:33 - [MESSAGE][PASSED] - Object: '' is clicked on

2020-12-21 18:33:33 - [MESSAGE][PASSED] - Wait for page load successfully

2020-12-21 18:33:33 - [MESSAGE][PASSED] - Select Menu "Management Assignment"

2020-12-21 18:33:33 - [TEST_STEP][PASSED] - Select Username "mobile.test" of Management Assignment: Select Username "mobile.test" of Management Assignment

2020-12-21 18:33:34 - [MESSAGE][PASSED] - All options with value 'mobile.test' are selected in object 'Object Repository/Page_/dropdown_list_username_assignment'  using regular expression

2020-12-21 18:33:34 - [MESSAGE][PASSED] - Select Username "mobile.test" of Management Assignment

2020-12-21 18:33:34 - [TEST_STEP][PASSED] - Check for username if already assigned to "BPKB": Check for username if already assigned to "BPKB"

2020-12-21 18:33:37 - [MESSAGE][PASSED] - Scroll to object '' successfully

2020-12-21 18:33:37 - [MESSAGE][PASSED] - Object '' is present

2020-12-21 18:33:37 - [MESSAGE][PASSED] - Object '' is checked

2020-12-21 18:33:37 - [MESSAGE][INFO] - Element is already Checked

2020-12-21 18:33:37 - [MESSAGE][PASSED] - Check for username if already assigned to "BPKB"

2020-12-21 18:33:37 - [TEST_STEP][PASSED] - Wait page for load: Wait page for load

2020-12-21 18:33:37 - [MESSAGE][PASSED] - Wait for page load successfully

2020-12-21 18:33:37 - [MESSAGE][PASSED] - Wait page for load

2020-12-21 18:33:37 - [TEST_STEP][PASSED] - Click button "Logout": Click button "Logout"

2020-12-21 18:33:37 - [MESSAGE][INFO] - >>>>>//Button[contains(text(),'Logout')]

2020-12-21 18:33:40 - [MESSAGE][PASSED] - Object '' is present

2020-12-21 18:33:41 - [MESSAGE][PASSED] - Object: '' is clicked on

2020-12-21 18:33:41 - [MESSAGE][PASSED] - Switched to window with index: '0'

2020-12-21 18:33:41 - [MESSAGE][PASSED] - Click button "Logout"

2020-12-21 18:33:41 - [TEST_STEP][PASSED] - Close browser: Close browser

2020-12-21 18:33:41 - [MESSAGE][PASSED] - Browser is closed

2020-12-21 18:33:41 - [MESSAGE][PASSED] - Close browser

2020-12-21 18:33:41 - [TEST_CASE][PASSED] - Start Test Case : SCENARIO Select Menu Contract Dispatcher and Select Contract based on type contract BPKB: SCENARIO Select Menu Contract Dispatcher and Select Contract based on type contract BPKB

2020-12-21 18:33:41 - [TEST_STEP][PASSED] - Go to IST: Go to IST

2020-12-21 18:33:41 - [MESSAGE][INFO] - Starting 'Chrome (headless)' driver

2020-12-21 18:33:41 - [MESSAGE][INFO] - User set preference: ['args', '[--start-maximized, --disable-gpu, --no-proxy-server, –-no-sandbox, --allow-running-insecure-content, --ignore-certificate-errors, window-size=1680,814, force-device-scale-factor=2, --lang=en-GB]']

2020-12-21 18:33:41 - [MESSAGE][INFO] - User set preference: ['prefs', '{download.default_directory=/Users/chaidir.pratama01/Katalon Studio/IST_Automation_Git/Download}']

2020-12-21 18:33:41 - [MESSAGE][INFO] - Action delay is set to 0 milliseconds

2020-12-21 18:33:41 - [MESSAGE][PASSED] - Browser is opened with url: ''

2020-12-21 18:33:43 - [MESSAGE][PASSED] - Navigate to 'https://dev-ist.homecredit.id/ist_tracker/' successfully

2020-12-21 18:33:44 - [MESSAGE][PASSED] - Taking screenshot successfully
[[ATTACHMENT|/Users/chaidir.pratama01/Documents/Docs/Katalon Studio/Screenshot/IST_Page.png]]

2020-12-21 18:33:44 - [MESSAGE][PASSED] - Go to IST

2020-12-21 18:33:44 - [TEST_STEP][PASSED] - Login IST with valid credentials: Login IST with valid credentials

2020-12-21 18:33:44 - [MESSAGE][PASSED] - Text 'mobile.test' is set on object 'Object Repository/Page_/input_Username_j_username'

2020-12-21 18:33:44 - [MESSAGE][PASSED] - Text ****** has been set on object 'Object Repository/Page_/input_Password_j_password'

2020-12-21 18:33:45 - [MESSAGE][PASSED] - Object: 'Object Repository/Page_/button_Login' is clicked on

2020-12-21 18:33:45 - [MESSAGE][PASSED] - Login IST with valid credentials

2020-12-21 18:33:45 - [TEST_STEP][PASSED] - Login Success for contract dispatcher: Login Success for contract dispatcher

2020-12-21 18:33:45 - [MESSAGE][INFO] - Login Success

2020-12-21 18:33:45 - [MESSAGE][PASSED] - Current window maximized

2020-12-21 18:33:45 - [MESSAGE][PASSED] - Object 'Object Repository/Page_/h1_Welcome to IT Supporting Tools' is present

2020-12-21 18:33:45 - [MESSAGE][PASSED] - Login Success for contract dispatcher

2020-12-21 18:33:45 - [TEST_STEP][PASSED] - Select Menu "Contract Dispatcher": Select Menu "Contract Dispatcher"

2020-12-21 18:33:46 - [MESSAGE][PASSED] - Taking screenshot successfully
[[ATTACHMENT|/Users/chaidir.pratama01/Documents/Docs/Katalon Studio/Screenshot/test-Contract Dispatcher.png]]

2020-12-21 18:33:46 - [MESSAGE][PASSED] - Object '' is present

2020-12-21 18:33:46 - [MESSAGE][PASSED] - Object: '' is clicked on

2020-12-21 18:33:46 - [MESSAGE][PASSED] - Wait for page load successfully

2020-12-21 18:33:46 - [MESSAGE][PASSED] - Select Menu "Contract Dispatcher"

2020-12-21 18:33:46 - [TEST_STEP][PASSED] - Select Contract Number based on Type Contract "BPKB": Select Contract Number based on Type Contract "BPKB"

2020-12-21 18:33:46 - [MESSAGE][PASSED] - Object '' is present

2020-12-21 18:33:46 - [MESSAGE][PASSED] - Object '' is present

2020-12-21 18:33:46 - [MESSAGE][PASSED] - Object: '' is clicked on

2020-12-21 18:33:46 - [MESSAGE][PASSED] - Select Contract Number based on Type Contract "BPKB"

2020-12-21 18:33:46 - [TEST_STEP][PASSED] - Click button "Claim": Click button "Claim"

2020-12-21 18:33:46 - [MESSAGE][INFO] - >>>>>//Button[contains(text(),'Claim')]

2020-12-21 18:33:49 - [MESSAGE][PASSED] - Object '' is present

2020-12-21 18:33:49 - [MESSAGE][PASSED] - Object: '' is clicked on

2020-12-21 18:33:49 - [MESSAGE][PASSED] - Switched to window with index: '0'

2020-12-21 18:33:49 - [MESSAGE][PASSED] - Click button "Claim"

2020-12-21 18:33:49 - [TEST_STEP][PASSED] - Varify the mistake detail already match with the matrix Base on Type Contract: Varify the mistake detail already match with the matrix Base on Type Contract

2020-12-21 18:33:52 - [MESSAGE][PASSED] - Object '' is present

2020-12-21 18:33:52 - [MESSAGE][PASSED] - Object: '' is clicked on

2020-12-21 18:33:52 - [MESSAGE][PASSED] - Object '' is present

2020-12-21 18:33:52 - [MESSAGE][PASSED] - Object '' is not checked

2020-12-21 18:33:52 - [MESSAGE][PASSED] - Object '' is present

2020-12-21 18:33:53 - [MESSAGE][PASSED] - Object '' is not checked

2020-12-21 18:33:53 - [MESSAGE][PASSED] - Object '' is present

2020-12-21 18:33:53 - [MESSAGE][PASSED] - Object '' is not checked

2020-12-21 18:33:53 - [MESSAGE][PASSED] - Object '' is present

2020-12-21 18:33:53 - [MESSAGE][PASSED] - Object '' is not checked

2020-12-21 18:33:53 - [MESSAGE][PASSED] - Object '' is present

2020-12-21 18:33:53 - [MESSAGE][PASSED] - Object: '' is clicked on

2020-12-21 18:33:53 - [MESSAGE][PASSED] - Object '' is present

2020-12-21 18:33:53 - [MESSAGE][PASSED] - Object '' is not checked

2020-12-21 18:33:53 - [MESSAGE][PASSED] - Object '' is present

2020-12-21 18:33:53 - [MESSAGE][PASSED] - Object '' is not checked

2020-12-21 18:33:53 - [MESSAGE][PASSED] - Object '' is present

2020-12-21 18:33:53 - [MESSAGE][PASSED] - Object '' is not checked

2020-12-21 18:33:53 - [MESSAGE][PASSED] - Object '' is present

2020-12-21 18:33:53 - [MESSAGE][PASSED] - Object '' is not checked

2020-12-21 18:33:53 - [MESSAGE][PASSED] - Object '' is present

2020-12-21 18:33:53 - [MESSAGE][PASSED] - Object '' is not checked

2020-12-21 18:33:53 - [MESSAGE][PASSED] - Varify the mistake detail already match with the matrix Base on Type Contract

2020-12-21 18:33:53 - [TEST_STEP][PASSED] - Click button "Save": Click button "Save"

2020-12-21 18:33:53 - [MESSAGE][INFO] - >>>>>//Button[contains(text(),'Save')]

2020-12-21 18:33:56 - [MESSAGE][PASSED] - Object '' is present

2020-12-21 18:33:56 - [MESSAGE][PASSED] - Object: '' is clicked on

2020-12-21 18:33:56 - [MESSAGE][PASSED] - Switched to window with index: '0'

2020-12-21 18:33:56 - [MESSAGE][PASSED] - Click button "Save"

2020-12-21 18:33:56 - [TEST_STEP][PASSED] - Get text from pop up "Confirmation Stop" with text "Are you sure?": Get text from pop up "Confirmation Stop" with text "Are you sure?"

2020-12-21 18:33:56 - [MESSAGE][PASSED] - Taking screenshot successfully
[[ATTACHMENT|/Users/chaidir.pratama01/Documents/Docs/Katalon Studio/Screenshot/errorpopup.png]]

2020-12-21 18:33:56 - [MESSAGE][PASSED] - Object '' is present

2020-12-21 18:33:56 - [MESSAGE][PASSED] - Wait for page load successfully

2020-12-21 18:33:56 - [MESSAGE][PASSED] - Wait for page load successfully

2020-12-21 18:33:56 - [MESSAGE][PASSED] - Get text from pop up "Confirmation Stop" with text "Are you sure?"

2020-12-21 18:33:56 - [TEST_STEP][PASSED] - Click button "OK": Click button "OK"

2020-12-21 18:33:56 - [MESSAGE][INFO] - >>>>>//Button[contains(text(),'OK')]

2020-12-21 18:34:00 - [MESSAGE][PASSED] - Object '' is present

2020-12-21 18:34:00 - [MESSAGE][PASSED] - Object: '' is clicked on

2020-12-21 18:34:00 - [MESSAGE][PASSED] - Switched to window with index: '0'

2020-12-21 18:34:00 - [MESSAGE][PASSED] - Click button "OK"

2020-12-21 18:34:00 - [TEST_STEP][PASSED] - Get text from pop up "IT Supporting Tools" with text "Successfully saved": Get text from pop up "IT Supporting Tools" with text "Successfully saved"

2020-12-21 18:34:00 - [MESSAGE][PASSED] - Taking screenshot successfully
[[ATTACHMENT|/Users/chaidir.pratama01/Documents/Docs/Katalon Studio/Screenshot/errorpopup.png]]

2020-12-21 18:34:01 - [MESSAGE][PASSED] - Object '' is present

2020-12-21 18:34:01 - [MESSAGE][PASSED] - Wait for page load successfully

2020-12-21 18:34:01 - [MESSAGE][PASSED] - Wait for page load successfully

2020-12-21 18:34:01 - [MESSAGE][PASSED] - Get text from pop up "IT Supporting Tools" with text "Successfully saved"

2020-12-21 18:34:01 - [TEST_STEP][PASSED] - Click button "OK": Click button "OK"

2020-12-21 18:34:01 - [MESSAGE][INFO] - >>>>>//Button[contains(text(),'OK')]

2020-12-21 18:34:04 - [MESSAGE][PASSED] - Object '' is present

2020-12-21 18:34:04 - [MESSAGE][PASSED] - Object: '' is clicked on

2020-12-21 18:34:04 - [MESSAGE][PASSED] - Switched to window with index: '0'

2020-12-21 18:34:04 - [MESSAGE][PASSED] - Click button "OK"

2020-12-21 18:34:04 - [TEST_STEP][PASSED] - Click button "Logout": Click button "Logout"

2020-12-21 18:34:04 - [MESSAGE][INFO] - >>>>>//Button[contains(text(),'Logout')]

2020-12-21 18:34:07 - [MESSAGE][PASSED] - Object '' is present

2020-12-21 18:34:08 - [MESSAGE][PASSED] - Object: '' is clicked on

2020-12-21 18:34:08 - [MESSAGE][PASSED] - Switched to window with index: '0'

2020-12-21 18:34:08 - [MESSAGE][PASSED] - Click button "Logout"

2020-12-21 18:34:08 - [TEST_STEP][PASSED] - Close browser: Close browser

2020-12-21 18:34:08 - [MESSAGE][PASSED] - Browser is closed

2020-12-21 18:34:08 - [MESSAGE][PASSED] - Close browser

2020-12-21 18:34:08 - [MESSAGE][PASSED] - Feature file: 'Include/features/IST_Real/CONTRACT_DISPATCHER_BPKB/Claim_Contract_BPKB_then_Save_it_Without_Register_Any_Mistakes.feature' was passed]]></system-out>
         <system-err><![CDATA[]]></system-err>
      </testcase>
      <testcase name="Test Cases/IST_Real/CONTRACT_DISPATCHER_BPKB/Update_Tbl_CDS_CDC_TRKRegMistake" time="1.165" classname="Test Cases/IST_Real/CONTRACT_DISPATCHER_BPKB/Update_Tbl_CDS_CDC_TRKRegMistake" status="PASSED">
         <system-out><![CDATA[2020-12-21 18:34:08 - [TEST_CASE][PASSED] - Test Cases/IST_Real/CONTRACT_DISPATCHER_BPKB/Update_Tbl_CDS_CDC_TRKRegMistake: Test Cases/IST_Real/CONTRACT_DISPATCHER_BPKB/Update_Tbl_CDS_CDC_TRKRegMistake

2020-12-21 18:34:08 - [TEST_STEP][PASSED] - runFeatureFile("Include/features/IST_Real/CONTRACT_DISPATCHER_BPKB/Update_Tbl_CDS_CDC_TRKRegMistake.feature"): Feature file: 'Include/features/IST_Real/CONTRACT_DISPATCHER_BPKB/Update_Tbl_CDS_CDC_TRKRegMistake.feature' was passed

2020-12-21 18:34:08 - [MESSAGE][INFO] - Starting run keyword runFeatureFile: 'Include/features/IST_Real/CONTRACT_DISPATCHER_BPKB/Update_Tbl_CDS_CDC_TRKRegMistake.feature' and extract report to folder: '/Users/chaidir.pratama01/Katalon Studio/IST_Automation_Git/Reports/20201221_181020/CONTRACT_DISPATCHER_BPKB/TS_CONTRACT_DISPATCHER_BPKB/20201221_181027/cucumber_report/1608550448241'...

2020-12-21 18:34:08 - [TEST_CASE][PASSED] - Start Test Case : SCENARIO Update Table CONTRACT_DISPATCHER_SOURCE and CONTRACT_DISPTACHER_CLAIM: SCENARIO Update Table CONTRACT_DISPATCHER_SOURCE and CONTRACT_DISPTACHER_CLAIM

2020-12-21 18:34:08 - [TEST_STEP][PASSED] - Connect to Database: Connect to Database

2020-12-21 18:34:08 - [MESSAGE][PASSED] - Connect to Database

2020-12-21 18:34:08 - [TEST_STEP][PASSED] - Update Tbl CONTRACT DISPATCHER SRC BPKB To Change PROCESSED From Y to N For BPKB: Update Tbl CONTRACT DISPATCHER SRC BPKB To Change PROCESSED From Y to N For BPKB

2020-12-21 18:34:08 - [MESSAGE][PASSED] - Update Tbl CONTRACT DISPATCHER SRC BPKB To Change PROCESSED From Y to N For BPKB

2020-12-21 18:34:08 - [TEST_STEP][PASSED] - Update Tbl CONTRACT DISPATCHER CLAIM To Delete PROCESS From Column STATUS: Update Tbl CONTRACT DISPATCHER CLAIM To Delete PROCESS From Column STATUS

2020-12-21 18:34:08 - [MESSAGE][PASSED] - Update Tbl CONTRACT DISPATCHER CLAIM To Delete PROCESS From Column STATUS

2020-12-21 18:34:08 - [TEST_STEP][PASSED] - Delete Contract From TRK_REGISTRATION_MISTAKE: Delete Contract From TRK_REGISTRATION_MISTAKE

2020-12-21 18:34:09 - [MESSAGE][PASSED] - Delete Contract From TRK_REGISTRATION_MISTAKE

2020-12-21 18:34:09 - [MESSAGE][PASSED] - Feature file: 'Include/features/IST_Real/CONTRACT_DISPATCHER_BPKB/Update_Tbl_CDS_CDC_TRKRegMistake.feature' was passed]]></system-out>
         <system-err><![CDATA[]]></system-err>
      </testcase>
      <testcase name="Test Cases/IST_Real/CONTRACT_DISPATCHER_BPKB/Pick_Mistake_Without_Choose_Dropdown_Mistake_Type" time="34.652" classname="Test Cases/IST_Real/CONTRACT_DISPATCHER_BPKB/Pick_Mistake_Without_Choose_Dropdown_Mistake_Type" status="PASSED">
         <system-out><![CDATA[2020-12-21 18:34:09 - [TEST_CASE][PASSED] - Test Cases/IST_Real/CONTRACT_DISPATCHER_BPKB/Pick_Mistake_Without_Choose_Dropdown_Mistake_Type: Test Cases/IST_Real/CONTRACT_DISPATCHER_BPKB/Pick_Mistake_Without_Choose_Dropdown_Mistake_Type

2020-12-21 18:34:09 - [TEST_STEP][PASSED] - runFeatureFile("Include/features/IST_Real/CONTRACT_DISPATCHER_BPKB/Pick_Mistake_Without_Choose_Dropdown_Mistake_Type.feature"): Feature file: 'Include/features/IST_Real/CONTRACT_DISPATCHER_BPKB/Pick_Mistake_Without_Choose_Dropdown_Mistake_Type.feature' was passed

2020-12-21 18:34:09 - [MESSAGE][INFO] - Starting run keyword runFeatureFile: 'Include/features/IST_Real/CONTRACT_DISPATCHER_BPKB/Pick_Mistake_Without_Choose_Dropdown_Mistake_Type.feature' and extract report to folder: '/Users/chaidir.pratama01/Katalon Studio/IST_Automation_Git/Reports/20201221_181020/CONTRACT_DISPATCHER_BPKB/TS_CONTRACT_DISPATCHER_BPKB/20201221_181027/cucumber_report/1608550449482'...

2020-12-21 18:34:09 - [TEST_CASE][PASSED] - Start Test Case : SCENARIO Assign User to Contract BPKB: SCENARIO Assign User to Contract BPKB

2020-12-21 18:34:09 - [TEST_STEP][PASSED] - Go to IST: Go to IST

2020-12-21 18:34:09 - [MESSAGE][INFO] - Starting 'Chrome (headless)' driver

2020-12-21 18:34:09 - [MESSAGE][INFO] - User set preference: ['args', '[--start-maximized, --disable-gpu, --no-proxy-server, –-no-sandbox, --allow-running-insecure-content, --ignore-certificate-errors, window-size=1680,814, force-device-scale-factor=2, --lang=en-GB]']

2020-12-21 18:34:09 - [MESSAGE][INFO] - User set preference: ['prefs', '{download.default_directory=/Users/chaidir.pratama01/Katalon Studio/IST_Automation_Git/Download}']

2020-12-21 18:34:09 - [MESSAGE][INFO] - Action delay is set to 0 milliseconds

2020-12-21 18:34:09 - [MESSAGE][PASSED] - Browser is opened with url: ''

2020-12-21 18:34:12 - [MESSAGE][PASSED] - Navigate to 'https://dev-ist.homecredit.id/ist_tracker/' successfully

2020-12-21 18:34:12 - [MESSAGE][PASSED] - Taking screenshot successfully
[[ATTACHMENT|/Users/chaidir.pratama01/Documents/Docs/Katalon Studio/Screenshot/IST_Page.png]]

2020-12-21 18:34:12 - [MESSAGE][PASSED] - Go to IST

2020-12-21 18:34:12 - [TEST_STEP][PASSED] - Login IST with valid credentials: Login IST with valid credentials

2020-12-21 18:34:12 - [MESSAGE][PASSED] - Text 'mobile.test' is set on object 'Object Repository/Page_/input_Username_j_username'

2020-12-21 18:34:12 - [MESSAGE][PASSED] - Text ****** has been set on object 'Object Repository/Page_/input_Password_j_password'

2020-12-21 18:34:13 - [MESSAGE][PASSED] - Object: 'Object Repository/Page_/button_Login' is clicked on

2020-12-21 18:34:13 - [MESSAGE][PASSED] - Login IST with valid credentials

2020-12-21 18:34:13 - [TEST_STEP][PASSED] - Login Success for contract dispatcher: Login Success for contract dispatcher

2020-12-21 18:34:13 - [MESSAGE][INFO] - Login Success

2020-12-21 18:34:13 - [MESSAGE][PASSED] - Current window maximized

2020-12-21 18:34:13 - [MESSAGE][PASSED] - Object 'Object Repository/Page_/h1_Welcome to IT Supporting Tools' is present

2020-12-21 18:34:13 - [MESSAGE][PASSED] - Login Success for contract dispatcher

2020-12-21 18:34:13 - [TEST_STEP][PASSED] - Select Arrow Menu "Contract Dispatcher Admin": Select Arrow Menu "Contract Dispatcher Admin"

2020-12-21 18:34:13 - [MESSAGE][PASSED] - Object: '' is clicked on

2020-12-21 18:34:13 - [MESSAGE][PASSED] - Select Arrow Menu "Contract Dispatcher Admin"

2020-12-21 18:34:13 - [TEST_STEP][PASSED] - Select Menu "Management Assignment": Select Menu "Management Assignment"

2020-12-21 18:34:14 - [MESSAGE][PASSED] - Taking screenshot successfully
[[ATTACHMENT|/Users/chaidir.pratama01/Documents/Docs/Katalon Studio/Screenshot/test-Management Assignment.png]]

2020-12-21 18:34:14 - [MESSAGE][PASSED] - Object '' is present

2020-12-21 18:34:14 - [MESSAGE][PASSED] - Object: '' is clicked on

2020-12-21 18:34:14 - [MESSAGE][PASSED] - Wait for page load successfully

2020-12-21 18:34:14 - [MESSAGE][PASSED] - Select Menu "Management Assignment"

2020-12-21 18:34:14 - [TEST_STEP][PASSED] - Select Username "mobile.test" of Management Assignment: Select Username "mobile.test" of Management Assignment

2020-12-21 18:34:15 - [MESSAGE][PASSED] - All options with value 'mobile.test' are selected in object 'Object Repository/Page_/dropdown_list_username_assignment'  using regular expression

2020-12-21 18:34:15 - [MESSAGE][PASSED] - Select Username "mobile.test" of Management Assignment

2020-12-21 18:34:15 - [TEST_STEP][PASSED] - Check for username if already assigned to "BPKB": Check for username if already assigned to "BPKB"

2020-12-21 18:34:19 - [MESSAGE][PASSED] - Scroll to object '' successfully

2020-12-21 18:34:19 - [MESSAGE][PASSED] - Object '' is present

2020-12-21 18:34:19 - [MESSAGE][PASSED] - Object '' is checked

2020-12-21 18:34:19 - [MESSAGE][INFO] - Element is already Checked

2020-12-21 18:34:19 - [MESSAGE][PASSED] - Check for username if already assigned to "BPKB"

2020-12-21 18:34:19 - [TEST_STEP][PASSED] - Wait page for load: Wait page for load

2020-12-21 18:34:19 - [MESSAGE][PASSED] - Wait for page load successfully

2020-12-21 18:34:19 - [MESSAGE][PASSED] - Wait page for load

2020-12-21 18:34:19 - [TEST_STEP][PASSED] - Click button "Logout": Click button "Logout"

2020-12-21 18:34:19 - [MESSAGE][INFO] - >>>>>//Button[contains(text(),'Logout')]

2020-12-21 18:34:22 - [MESSAGE][PASSED] - Object '' is present

2020-12-21 18:34:22 - [MESSAGE][PASSED] - Object: '' is clicked on

2020-12-21 18:34:22 - [MESSAGE][PASSED] - Switched to window with index: '0'

2020-12-21 18:34:22 - [MESSAGE][PASSED] - Click button "Logout"

2020-12-21 18:34:22 - [TEST_STEP][PASSED] - Close browser: Close browser

2020-12-21 18:34:22 - [MESSAGE][PASSED] - Browser is closed

2020-12-21 18:34:22 - [MESSAGE][PASSED] - Close browser

2020-12-21 18:34:22 - [TEST_CASE][PASSED] - Start Test Case : SCENARIO Select Menu Contract Dispatcher and Select Contract based on type contract BPKB: SCENARIO Select Menu Contract Dispatcher and Select Contract based on type contract BPKB

2020-12-21 18:34:22 - [TEST_STEP][PASSED] - Go to IST: Go to IST

2020-12-21 18:34:22 - [MESSAGE][INFO] - Starting 'Chrome (headless)' driver

2020-12-21 18:34:22 - [MESSAGE][INFO] - User set preference: ['args', '[--start-maximized, --disable-gpu, --no-proxy-server, –-no-sandbox, --allow-running-insecure-content, --ignore-certificate-errors, window-size=1680,814, force-device-scale-factor=2, --lang=en-GB]']

2020-12-21 18:34:22 - [MESSAGE][INFO] - User set preference: ['prefs', '{download.default_directory=/Users/chaidir.pratama01/Katalon Studio/IST_Automation_Git/Download}']

2020-12-21 18:34:22 - [MESSAGE][INFO] - Action delay is set to 0 milliseconds

2020-12-21 18:34:22 - [MESSAGE][PASSED] - Browser is opened with url: ''

2020-12-21 18:34:25 - [MESSAGE][PASSED] - Navigate to 'https://dev-ist.homecredit.id/ist_tracker/' successfully

2020-12-21 18:34:25 - [MESSAGE][PASSED] - Taking screenshot successfully
[[ATTACHMENT|/Users/chaidir.pratama01/Documents/Docs/Katalon Studio/Screenshot/IST_Page.png]]

2020-12-21 18:34:25 - [MESSAGE][PASSED] - Go to IST

2020-12-21 18:34:25 - [TEST_STEP][PASSED] - Login IST with valid credentials: Login IST with valid credentials

2020-12-21 18:34:25 - [MESSAGE][PASSED] - Text 'mobile.test' is set on object 'Object Repository/Page_/input_Username_j_username'

2020-12-21 18:34:25 - [MESSAGE][PASSED] - Text ****** has been set on object 'Object Repository/Page_/input_Password_j_password'

2020-12-21 18:34:26 - [MESSAGE][PASSED] - Object: 'Object Repository/Page_/button_Login' is clicked on

2020-12-21 18:34:26 - [MESSAGE][PASSED] - Login IST with valid credentials

2020-12-21 18:34:26 - [TEST_STEP][PASSED] - Login Success for contract dispatcher: Login Success for contract dispatcher

2020-12-21 18:34:26 - [MESSAGE][INFO] - Login Success

2020-12-21 18:34:26 - [MESSAGE][PASSED] - Current window maximized

2020-12-21 18:34:26 - [MESSAGE][PASSED] - Object 'Object Repository/Page_/h1_Welcome to IT Supporting Tools' is present

2020-12-21 18:34:26 - [MESSAGE][PASSED] - Login Success for contract dispatcher

2020-12-21 18:34:26 - [TEST_STEP][PASSED] - Select Menu "Contract Dispatcher": Select Menu "Contract Dispatcher"

2020-12-21 18:34:27 - [MESSAGE][PASSED] - Taking screenshot successfully
[[ATTACHMENT|/Users/chaidir.pratama01/Documents/Docs/Katalon Studio/Screenshot/test-Contract Dispatcher.png]]

2020-12-21 18:34:27 - [MESSAGE][PASSED] - Object '' is present

2020-12-21 18:34:27 - [MESSAGE][PASSED] - Object: '' is clicked on

2020-12-21 18:34:27 - [MESSAGE][PASSED] - Wait for page load successfully

2020-12-21 18:34:27 - [MESSAGE][PASSED] - Select Menu "Contract Dispatcher"

2020-12-21 18:34:27 - [TEST_STEP][PASSED] - Select Contract Number based on Type Contract "BPKB": Select Contract Number based on Type Contract "BPKB"

2020-12-21 18:34:27 - [MESSAGE][PASSED] - Object '' is present

2020-12-21 18:34:27 - [MESSAGE][PASSED] - Object '' is present

2020-12-21 18:34:27 - [MESSAGE][PASSED] - Object: '' is clicked on

2020-12-21 18:34:27 - [MESSAGE][PASSED] - Select Contract Number based on Type Contract "BPKB"

2020-12-21 18:34:27 - [TEST_STEP][PASSED] - Click button "Claim": Click button "Claim"

2020-12-21 18:34:27 - [MESSAGE][INFO] - >>>>>//Button[contains(text(),'Claim')]

2020-12-21 18:34:30 - [MESSAGE][PASSED] - Object '' is present

2020-12-21 18:34:30 - [MESSAGE][PASSED] - Object: '' is clicked on

2020-12-21 18:34:30 - [MESSAGE][PASSED] - Switched to window with index: '0'

2020-12-21 18:34:30 - [MESSAGE][PASSED] - Click button "Claim"

2020-12-21 18:34:30 - [TEST_STEP][PASSED] - Varify the mistake detail already match with the matrix Base on Type Contract: Varify the mistake detail already match with the matrix Base on Type Contract

2020-12-21 18:34:32 - [MESSAGE][PASSED] - Object '' is present

2020-12-21 18:34:33 - [MESSAGE][PASSED] - Object: '' is clicked on

2020-12-21 18:34:33 - [MESSAGE][PASSED] - Object '' is present

2020-12-21 18:34:33 - [MESSAGE][PASSED] - Object '' is not checked

2020-12-21 18:34:33 - [MESSAGE][PASSED] - Object '' is present

2020-12-21 18:34:33 - [MESSAGE][PASSED] - Object '' is not checked

2020-12-21 18:34:33 - [MESSAGE][PASSED] - Object '' is present

2020-12-21 18:34:33 - [MESSAGE][PASSED] - Object '' is not checked

2020-12-21 18:34:33 - [MESSAGE][PASSED] - Object '' is present

2020-12-21 18:34:33 - [MESSAGE][PASSED] - Object '' is not checked

2020-12-21 18:34:33 - [MESSAGE][PASSED] - Object '' is present

2020-12-21 18:34:33 - [MESSAGE][PASSED] - Object: '' is clicked on

2020-12-21 18:34:33 - [MESSAGE][PASSED] - Object '' is present

2020-12-21 18:34:33 - [MESSAGE][PASSED] - Object '' is not checked

2020-12-21 18:34:33 - [MESSAGE][PASSED] - Object '' is present

2020-12-21 18:34:33 - [MESSAGE][PASSED] - Object '' is not checked

2020-12-21 18:34:33 - [MESSAGE][PASSED] - Object '' is present

2020-12-21 18:34:33 - [MESSAGE][PASSED] - Object '' is not checked

2020-12-21 18:34:33 - [MESSAGE][PASSED] - Object '' is present

2020-12-21 18:34:33 - [MESSAGE][PASSED] - Object '' is not checked

2020-12-21 18:34:33 - [MESSAGE][PASSED] - Object '' is present

2020-12-21 18:34:33 - [MESSAGE][PASSED] - Object '' is not checked

2020-12-21 18:34:33 - [MESSAGE][PASSED] - Varify the mistake detail already match with the matrix Base on Type Contract

2020-12-21 18:34:33 - [TEST_STEP][PASSED] - Checkbox General Mistake "01. BPKB bagian depan tidak ada": Checkbox General Mistake "01. BPKB bagian depan tidak ada"

2020-12-21 18:34:33 - [MESSAGE][PASSED] - Object: '' is clicked on

2020-12-21 18:34:33 - [MESSAGE][PASSED] - Wait for page load successfully

2020-12-21 18:34:33 - [MESSAGE][PASSED] - Checkbox General Mistake "01. BPKB bagian depan tidak ada"

2020-12-21 18:34:33 - [TEST_STEP][PASSED] - Click button "Save": Click button "Save"

2020-12-21 18:34:33 - [MESSAGE][INFO] - >>>>>//Button[contains(text(),'Save')]

2020-12-21 18:34:36 - [MESSAGE][PASSED] - Object '' is present

2020-12-21 18:34:36 - [MESSAGE][PASSED] - Object: '' is clicked on

2020-12-21 18:34:36 - [MESSAGE][PASSED] - Switched to window with index: '0'

2020-12-21 18:34:36 - [MESSAGE][PASSED] - Click button "Save"

2020-12-21 18:34:36 - [TEST_STEP][PASSED] - Get text from pop up "IT Supporting Tools" with text "Mistake Type cannot be empty": Get text from pop up "IT Supporting Tools" with text "Mistake Type cannot be empty"

2020-12-21 18:34:37 - [MESSAGE][PASSED] - Taking screenshot successfully
[[ATTACHMENT|/Users/chaidir.pratama01/Documents/Docs/Katalon Studio/Screenshot/errorpopup.png]]

2020-12-21 18:34:37 - [MESSAGE][PASSED] - Object '' is present

2020-12-21 18:34:37 - [MESSAGE][PASSED] - Wait for page load successfully

2020-12-21 18:34:37 - [MESSAGE][PASSED] - Wait for page load successfully

2020-12-21 18:34:37 - [MESSAGE][PASSED] - Get text from pop up "IT Supporting Tools" with text "Mistake Type cannot be empty"

2020-12-21 18:34:37 - [TEST_STEP][PASSED] - Click button "OK": Click button "OK"

2020-12-21 18:34:37 - [MESSAGE][INFO] - >>>>>//Button[contains(text(),'OK')]

2020-12-21 18:34:40 - [MESSAGE][PASSED] - Object '' is present

2020-12-21 18:34:40 - [MESSAGE][PASSED] - Object: '' is clicked on

2020-12-21 18:34:40 - [MESSAGE][PASSED] - Switched to window with index: '0'

2020-12-21 18:34:40 - [MESSAGE][PASSED] - Click button "OK"

2020-12-21 18:34:40 - [TEST_STEP][PASSED] - Click button "Logout": Click button "Logout"

2020-12-21 18:34:40 - [MESSAGE][INFO] - >>>>>//Button[contains(text(),'Logout')]

2020-12-21 18:34:43 - [MESSAGE][PASSED] - Object '' is present

2020-12-21 18:34:43 - [MESSAGE][PASSED] - Object: '' is clicked on

2020-12-21 18:34:43 - [MESSAGE][PASSED] - Switched to window with index: '0'

2020-12-21 18:34:43 - [MESSAGE][PASSED] - Click button "Logout"

2020-12-21 18:34:43 - [TEST_STEP][PASSED] - Comment "Register Mistake failed because Dropdown Mistake type didn't choose": Comment "Register Mistake failed because Dropdown Mistake type didn't choose"

2020-12-21 18:34:43 - [MESSAGE][INFO] - Register Mistake failed because Dropdown Mistake type didn't choose

2020-12-21 18:34:43 - [MESSAGE][PASSED] - Comment "Register Mistake failed because Dropdown Mistake type didn't choose"

2020-12-21 18:34:43 - [TEST_STEP][PASSED] - Close browser: Close browser

2020-12-21 18:34:44 - [MESSAGE][PASSED] - Browser is closed

2020-12-21 18:34:44 - [MESSAGE][PASSED] - Close browser

2020-12-21 18:34:44 - [MESSAGE][PASSED] - Feature file: 'Include/features/IST_Real/CONTRACT_DISPATCHER_BPKB/Pick_Mistake_Without_Choose_Dropdown_Mistake_Type.feature' was passed]]></system-out>
         <system-err><![CDATA[]]></system-err>
      </testcase>
      <testcase name="Test Cases/IST_Real/CONTRACT_DISPATCHER_BPKB/Update_Tbl_CDS_CDC_TRKRegMistake" time="0.828" classname="Test Cases/IST_Real/CONTRACT_DISPATCHER_BPKB/Update_Tbl_CDS_CDC_TRKRegMistake" status="PASSED">
         <system-out><![CDATA[2020-12-21 18:34:44 - [TEST_CASE][PASSED] - Test Cases/IST_Real/CONTRACT_DISPATCHER_BPKB/Update_Tbl_CDS_CDC_TRKRegMistake: Test Cases/IST_Real/CONTRACT_DISPATCHER_BPKB/Update_Tbl_CDS_CDC_TRKRegMistake

2020-12-21 18:34:44 - [TEST_STEP][PASSED] - runFeatureFile("Include/features/IST_Real/CONTRACT_DISPATCHER_BPKB/Update_Tbl_CDS_CDC_TRKRegMistake.feature"): Feature file: 'Include/features/IST_Real/CONTRACT_DISPATCHER_BPKB/Update_Tbl_CDS_CDC_TRKRegMistake.feature' was passed

2020-12-21 18:34:44 - [MESSAGE][INFO] - Starting run keyword runFeatureFile: 'Include/features/IST_Real/CONTRACT_DISPATCHER_BPKB/Update_Tbl_CDS_CDC_TRKRegMistake.feature' and extract report to folder: '/Users/chaidir.pratama01/Katalon Studio/IST_Automation_Git/Reports/20201221_181020/CONTRACT_DISPATCHER_BPKB/TS_CONTRACT_DISPATCHER_BPKB/20201221_181027/cucumber_report/1608550484061'...

2020-12-21 18:34:44 - [TEST_CASE][PASSED] - Start Test Case : SCENARIO Update Table CONTRACT_DISPATCHER_SOURCE and CONTRACT_DISPTACHER_CLAIM: SCENARIO Update Table CONTRACT_DISPATCHER_SOURCE and CONTRACT_DISPTACHER_CLAIM

2020-12-21 18:34:44 - [TEST_STEP][PASSED] - Connect to Database: Connect to Database

2020-12-21 18:34:44 - [MESSAGE][PASSED] - Connect to Database

2020-12-21 18:34:44 - [TEST_STEP][PASSED] - Update Tbl CONTRACT DISPATCHER SRC BPKB To Change PROCESSED From Y to N For BPKB: Update Tbl CONTRACT DISPATCHER SRC BPKB To Change PROCESSED From Y to N For BPKB

2020-12-21 18:34:44 - [MESSAGE][PASSED] - Update Tbl CONTRACT DISPATCHER SRC BPKB To Change PROCESSED From Y to N For BPKB

2020-12-21 18:34:44 - [TEST_STEP][PASSED] - Update Tbl CONTRACT DISPATCHER CLAIM To Delete PROCESS From Column STATUS: Update Tbl CONTRACT DISPATCHER CLAIM To Delete PROCESS From Column STATUS

2020-12-21 18:34:44 - [MESSAGE][PASSED] - Update Tbl CONTRACT DISPATCHER CLAIM To Delete PROCESS From Column STATUS

2020-12-21 18:34:44 - [TEST_STEP][PASSED] - Delete Contract From TRK_REGISTRATION_MISTAKE: Delete Contract From TRK_REGISTRATION_MISTAKE

2020-12-21 18:34:44 - [MESSAGE][PASSED] - Delete Contract From TRK_REGISTRATION_MISTAKE

2020-12-21 18:34:44 - [MESSAGE][PASSED] - Feature file: 'Include/features/IST_Real/CONTRACT_DISPATCHER_BPKB/Update_Tbl_CDS_CDC_TRKRegMistake.feature' was passed]]></system-out>
         <system-err><![CDATA[]]></system-err>
      </testcase>
      <testcase name="Test Cases/IST_Real/CONTRACT_DISPATCHER_BPKB/PIck_Mistake_Without_Write_Textarea_Note_Before" time="34.723" classname="Test Cases/IST_Real/CONTRACT_DISPATCHER_BPKB/PIck_Mistake_Without_Write_Textarea_Note_Before" status="PASSED">
         <system-out><![CDATA[2020-12-21 18:34:44 - [TEST_CASE][PASSED] - Test Cases/IST_Real/CONTRACT_DISPATCHER_BPKB/PIck_Mistake_Without_Write_Textarea_Note_Before: Test Cases/IST_Real/CONTRACT_DISPATCHER_BPKB/PIck_Mistake_Without_Write_Textarea_Note_Before

2020-12-21 18:34:44 - [TEST_STEP][PASSED] - runFeatureFile("Include/features/IST_Real/CONTRACT_DISPATCHER_BPKB/PIck_Mistake_Without_Write_Textarea_Note_Before.feature"): Feature file: 'Include/features/IST_Real/CONTRACT_DISPATCHER_BPKB/PIck_Mistake_Without_Write_Textarea_Note_Before.feature' was passed

2020-12-21 18:34:44 - [MESSAGE][INFO] - Starting run keyword runFeatureFile: 'Include/features/IST_Real/CONTRACT_DISPATCHER_BPKB/PIck_Mistake_Without_Write_Textarea_Note_Before.feature' and extract report to folder: '/Users/chaidir.pratama01/Katalon Studio/IST_Automation_Git/Reports/20201221_181020/CONTRACT_DISPATCHER_BPKB/TS_CONTRACT_DISPATCHER_BPKB/20201221_181027/cucumber_report/1608550484963'...

2020-12-21 18:34:45 - [TEST_CASE][PASSED] - Start Test Case : SCENARIO Assign User to Contract BPKB: SCENARIO Assign User to Contract BPKB

2020-12-21 18:34:45 - [TEST_STEP][PASSED] - Go to IST: Go to IST

2020-12-21 18:34:45 - [MESSAGE][INFO] - Starting 'Chrome (headless)' driver

2020-12-21 18:34:45 - [MESSAGE][INFO] - User set preference: ['args', '[--start-maximized, --disable-gpu, --no-proxy-server, –-no-sandbox, --allow-running-insecure-content, --ignore-certificate-errors, window-size=1680,814, force-device-scale-factor=2, --lang=en-GB]']

2020-12-21 18:34:45 - [MESSAGE][INFO] - User set preference: ['prefs', '{download.default_directory=/Users/chaidir.pratama01/Katalon Studio/IST_Automation_Git/Download}']

2020-12-21 18:34:45 - [MESSAGE][INFO] - Action delay is set to 0 milliseconds

2020-12-21 18:34:45 - [MESSAGE][PASSED] - Browser is opened with url: ''

2020-12-21 18:34:47 - [MESSAGE][PASSED] - Navigate to 'https://dev-ist.homecredit.id/ist_tracker/' successfully

2020-12-21 18:34:48 - [MESSAGE][PASSED] - Taking screenshot successfully
[[ATTACHMENT|/Users/chaidir.pratama01/Documents/Docs/Katalon Studio/Screenshot/IST_Page.png]]

2020-12-21 18:34:48 - [MESSAGE][PASSED] - Go to IST

2020-12-21 18:34:48 - [TEST_STEP][PASSED] - Login IST with valid credentials: Login IST with valid credentials

2020-12-21 18:34:48 - [MESSAGE][PASSED] - Text 'mobile.test' is set on object 'Object Repository/Page_/input_Username_j_username'

2020-12-21 18:34:48 - [MESSAGE][PASSED] - Text ****** has been set on object 'Object Repository/Page_/input_Password_j_password'

2020-12-21 18:34:49 - [MESSAGE][PASSED] - Object: 'Object Repository/Page_/button_Login' is clicked on

2020-12-21 18:34:49 - [MESSAGE][PASSED] - Login IST with valid credentials

2020-12-21 18:34:49 - [TEST_STEP][PASSED] - Login Success for contract dispatcher: Login Success for contract dispatcher

2020-12-21 18:34:49 - [MESSAGE][INFO] - Login Success

2020-12-21 18:34:49 - [MESSAGE][PASSED] - Current window maximized

2020-12-21 18:34:49 - [MESSAGE][PASSED] - Object 'Object Repository/Page_/h1_Welcome to IT Supporting Tools' is present

2020-12-21 18:34:49 - [MESSAGE][PASSED] - Login Success for contract dispatcher

2020-12-21 18:34:49 - [TEST_STEP][PASSED] - Select Arrow Menu "Contract Dispatcher Admin": Select Arrow Menu "Contract Dispatcher Admin"

2020-12-21 18:34:49 - [MESSAGE][PASSED] - Object: '' is clicked on

2020-12-21 18:34:49 - [MESSAGE][PASSED] - Select Arrow Menu "Contract Dispatcher Admin"

2020-12-21 18:34:49 - [TEST_STEP][PASSED] - Select Menu "Management Assignment": Select Menu "Management Assignment"

2020-12-21 18:34:49 - [MESSAGE][PASSED] - Taking screenshot successfully
[[ATTACHMENT|/Users/chaidir.pratama01/Documents/Docs/Katalon Studio/Screenshot/test-Management Assignment.png]]

2020-12-21 18:34:49 - [MESSAGE][PASSED] - Object '' is present

2020-12-21 18:34:49 - [MESSAGE][PASSED] - Object: '' is clicked on

2020-12-21 18:34:49 - [MESSAGE][PASSED] - Wait for page load successfully

2020-12-21 18:34:49 - [MESSAGE][PASSED] - Select Menu "Management Assignment"

2020-12-21 18:34:49 - [TEST_STEP][PASSED] - Select Username "mobile.test" of Management Assignment: Select Username "mobile.test" of Management Assignment

2020-12-21 18:34:51 - [MESSAGE][PASSED] - All options with value 'mobile.test' are selected in object 'Object Repository/Page_/dropdown_list_username_assignment'  using regular expression

2020-12-21 18:34:51 - [MESSAGE][PASSED] - Select Username "mobile.test" of Management Assignment

2020-12-21 18:34:51 - [TEST_STEP][PASSED] - Check for username if already assigned to "BPKB": Check for username if already assigned to "BPKB"

2020-12-21 18:34:54 - [MESSAGE][PASSED] - Scroll to object '' successfully

2020-12-21 18:34:54 - [MESSAGE][PASSED] - Object '' is present

2020-12-21 18:34:54 - [MESSAGE][PASSED] - Object '' is checked

2020-12-21 18:34:54 - [MESSAGE][INFO] - Element is already Checked

2020-12-21 18:34:54 - [MESSAGE][PASSED] - Check for username if already assigned to "BPKB"

2020-12-21 18:34:54 - [TEST_STEP][PASSED] - Wait page for load: Wait page for load

2020-12-21 18:34:54 - [MESSAGE][PASSED] - Wait for page load successfully

2020-12-21 18:34:54 - [MESSAGE][PASSED] - Wait page for load

2020-12-21 18:34:54 - [TEST_STEP][PASSED] - Click button "Logout": Click button "Logout"

2020-12-21 18:34:54 - [MESSAGE][INFO] - >>>>>//Button[contains(text(),'Logout')]

2020-12-21 18:34:57 - [MESSAGE][PASSED] - Object '' is present

2020-12-21 18:34:57 - [MESSAGE][PASSED] - Object: '' is clicked on

2020-12-21 18:34:58 - [MESSAGE][PASSED] - Switched to window with index: '0'

2020-12-21 18:34:58 - [MESSAGE][PASSED] - Click button "Logout"

2020-12-21 18:34:58 - [TEST_STEP][PASSED] - Close browser: Close browser

2020-12-21 18:34:58 - [MESSAGE][PASSED] - Browser is closed

2020-12-21 18:34:58 - [MESSAGE][PASSED] - Close browser

2020-12-21 18:34:58 - [TEST_CASE][PASSED] - Start Test Case : SCENARIO Select Menu Contract Dispatcher and Select Contract based on type contract BPKB: SCENARIO Select Menu Contract Dispatcher and Select Contract based on type contract BPKB

2020-12-21 18:34:58 - [TEST_STEP][PASSED] - Go to IST: Go to IST

2020-12-21 18:34:58 - [MESSAGE][INFO] - Starting 'Chrome (headless)' driver

2020-12-21 18:34:58 - [MESSAGE][INFO] - User set preference: ['args', '[--start-maximized, --disable-gpu, --no-proxy-server, –-no-sandbox, --allow-running-insecure-content, --ignore-certificate-errors, window-size=1680,814, force-device-scale-factor=2, --lang=en-GB]']

2020-12-21 18:34:58 - [MESSAGE][INFO] - User set preference: ['prefs', '{download.default_directory=/Users/chaidir.pratama01/Katalon Studio/IST_Automation_Git/Download}']

2020-12-21 18:34:58 - [MESSAGE][INFO] - Action delay is set to 0 milliseconds

2020-12-21 18:34:58 - [MESSAGE][PASSED] - Browser is opened with url: ''

2020-12-21 18:35:00 - [MESSAGE][PASSED] - Navigate to 'https://dev-ist.homecredit.id/ist_tracker/' successfully

2020-12-21 18:35:00 - [MESSAGE][PASSED] - Taking screenshot successfully
[[ATTACHMENT|/Users/chaidir.pratama01/Documents/Docs/Katalon Studio/Screenshot/IST_Page.png]]

2020-12-21 18:35:00 - [MESSAGE][PASSED] - Go to IST

2020-12-21 18:35:00 - [TEST_STEP][PASSED] - Login IST with valid credentials: Login IST with valid credentials

2020-12-21 18:35:01 - [MESSAGE][PASSED] - Text 'mobile.test' is set on object 'Object Repository/Page_/input_Username_j_username'

2020-12-21 18:35:01 - [MESSAGE][PASSED] - Text ****** has been set on object 'Object Repository/Page_/input_Password_j_password'

2020-12-21 18:35:02 - [MESSAGE][PASSED] - Object: 'Object Repository/Page_/button_Login' is clicked on

2020-12-21 18:35:02 - [MESSAGE][PASSED] - Login IST with valid credentials

2020-12-21 18:35:02 - [TEST_STEP][PASSED] - Login Success for contract dispatcher: Login Success for contract dispatcher

2020-12-21 18:35:02 - [MESSAGE][INFO] - Login Success

2020-12-21 18:35:02 - [MESSAGE][PASSED] - Current window maximized

2020-12-21 18:35:02 - [MESSAGE][PASSED] - Object 'Object Repository/Page_/h1_Welcome to IT Supporting Tools' is present

2020-12-21 18:35:02 - [MESSAGE][PASSED] - Login Success for contract dispatcher

2020-12-21 18:35:02 - [TEST_STEP][PASSED] - Select Menu "Contract Dispatcher": Select Menu "Contract Dispatcher"

2020-12-21 18:35:02 - [MESSAGE][PASSED] - Taking screenshot successfully
[[ATTACHMENT|/Users/chaidir.pratama01/Documents/Docs/Katalon Studio/Screenshot/test-Contract Dispatcher.png]]

2020-12-21 18:35:02 - [MESSAGE][PASSED] - Object '' is present

2020-12-21 18:35:02 - [MESSAGE][PASSED] - Object: '' is clicked on

2020-12-21 18:35:02 - [MESSAGE][PASSED] - Wait for page load successfully

2020-12-21 18:35:02 - [MESSAGE][PASSED] - Select Menu "Contract Dispatcher"

2020-12-21 18:35:02 - [TEST_STEP][PASSED] - Select Contract Number based on Type Contract "BPKB": Select Contract Number based on Type Contract "BPKB"

2020-12-21 18:35:03 - [MESSAGE][PASSED] - Object '' is present

2020-12-21 18:35:03 - [MESSAGE][PASSED] - Object '' is present

2020-12-21 18:35:03 - [MESSAGE][PASSED] - Object: '' is clicked on

2020-12-21 18:35:03 - [MESSAGE][PASSED] - Select Contract Number based on Type Contract "BPKB"

2020-12-21 18:35:03 - [TEST_STEP][PASSED] - Click button "Claim": Click button "Claim"

2020-12-21 18:35:03 - [MESSAGE][INFO] - >>>>>//Button[contains(text(),'Claim')]

2020-12-21 18:35:06 - [MESSAGE][PASSED] - Object '' is present

2020-12-21 18:35:06 - [MESSAGE][PASSED] - Object: '' is clicked on

2020-12-21 18:35:06 - [MESSAGE][PASSED] - Switched to window with index: '0'

2020-12-21 18:35:06 - [MESSAGE][PASSED] - Click button "Claim"

2020-12-21 18:35:06 - [TEST_STEP][PASSED] - Varify the mistake detail already match with the matrix Base on Type Contract: Varify the mistake detail already match with the matrix Base on Type Contract

2020-12-21 18:35:08 - [MESSAGE][PASSED] - Object '' is present

2020-12-21 18:35:08 - [MESSAGE][PASSED] - Object: '' is clicked on

2020-12-21 18:35:08 - [MESSAGE][PASSED] - Object '' is present

2020-12-21 18:35:08 - [MESSAGE][PASSED] - Object '' is not checked

2020-12-21 18:35:08 - [MESSAGE][PASSED] - Object '' is present

2020-12-21 18:35:08 - [MESSAGE][PASSED] - Object '' is not checked

2020-12-21 18:35:08 - [MESSAGE][PASSED] - Object '' is present

2020-12-21 18:35:08 - [MESSAGE][PASSED] - Object '' is not checked

2020-12-21 18:35:08 - [MESSAGE][PASSED] - Object '' is present

2020-12-21 18:35:08 - [MESSAGE][PASSED] - Object '' is not checked

2020-12-21 18:35:08 - [MESSAGE][PASSED] - Object '' is present

2020-12-21 18:35:08 - [MESSAGE][PASSED] - Object: '' is clicked on

2020-12-21 18:35:08 - [MESSAGE][PASSED] - Object '' is present

2020-12-21 18:35:08 - [MESSAGE][PASSED] - Object '' is not checked

2020-12-21 18:35:08 - [MESSAGE][PASSED] - Object '' is present

2020-12-21 18:35:08 - [MESSAGE][PASSED] - Object '' is not checked

2020-12-21 18:35:08 - [MESSAGE][PASSED] - Object '' is present

2020-12-21 18:35:08 - [MESSAGE][PASSED] - Object '' is not checked

2020-12-21 18:35:08 - [MESSAGE][PASSED] - Object '' is present

2020-12-21 18:35:08 - [MESSAGE][PASSED] - Object '' is not checked

2020-12-21 18:35:08 - [MESSAGE][PASSED] - Object '' is present

2020-12-21 18:35:08 - [MESSAGE][PASSED] - Object '' is not checked

2020-12-21 18:35:08 - [MESSAGE][PASSED] - Varify the mistake detail already match with the matrix Base on Type Contract

2020-12-21 18:35:08 - [TEST_STEP][PASSED] - Checkbox General Mistake "01. BPKB bagian depan tidak ada": Checkbox General Mistake "01. BPKB bagian depan tidak ada"

2020-12-21 18:35:08 - [MESSAGE][PASSED] - Object: '' is clicked on

2020-12-21 18:35:08 - [MESSAGE][PASSED] - Wait for page load successfully

2020-12-21 18:35:08 - [MESSAGE][PASSED] - Checkbox General Mistake "01. BPKB bagian depan tidak ada"

2020-12-21 18:35:08 - [TEST_STEP][PASSED] - Choose Dropdown mistake type "Dokumen diunggah tidak ada" from mistake name "BPKB bagian depan tidak ada": Choose Dropdown mistake type "Dokumen diunggah tidak ada" from mistake name "BPKB bagian depan tidak ada"

2020-12-21 18:35:09 - [MESSAGE][PASSED] - All options with index in [1] are selected on object ''

2020-12-21 18:35:09 - [MESSAGE][PASSED] - Wait for page load successfully

2020-12-21 18:35:09 - [MESSAGE][PASSED] - Choose Dropdown mistake type "Dokumen diunggah tidak ada" from mistake name "BPKB bagian depan tidak ada"

2020-12-21 18:35:09 - [TEST_STEP][PASSED] - Click button "Save": Click button "Save"

2020-12-21 18:35:09 - [MESSAGE][INFO] - >>>>>//Button[contains(text(),'Save')]

2020-12-21 18:35:12 - [MESSAGE][PASSED] - Object '' is present

2020-12-21 18:35:12 - [MESSAGE][PASSED] - Object: '' is clicked on

2020-12-21 18:35:12 - [MESSAGE][PASSED] - Switched to window with index: '0'

2020-12-21 18:35:12 - [MESSAGE][PASSED] - Click button "Save"

2020-12-21 18:35:12 - [TEST_STEP][PASSED] - Get text from pop up "IT Supporting Tools" with text "Note-before cannot be empty": Get text from pop up "IT Supporting Tools" with text "Note-before cannot be empty"

2020-12-21 18:35:12 - [MESSAGE][PASSED] - Taking screenshot successfully
[[ATTACHMENT|/Users/chaidir.pratama01/Documents/Docs/Katalon Studio/Screenshot/errorpopup.png]]

2020-12-21 18:35:12 - [MESSAGE][PASSED] - Object '' is present

2020-12-21 18:35:12 - [MESSAGE][PASSED] - Wait for page load successfully

2020-12-21 18:35:12 - [MESSAGE][PASSED] - Wait for page load successfully

2020-12-21 18:35:12 - [MESSAGE][PASSED] - Get text from pop up "IT Supporting Tools" with text "Note-before cannot be empty"

2020-12-21 18:35:12 - [TEST_STEP][PASSED] - Click button "OK": Click button "OK"

2020-12-21 18:35:12 - [MESSAGE][INFO] - >>>>>//Button[contains(text(),'OK')]

2020-12-21 18:35:15 - [MESSAGE][PASSED] - Object '' is present

2020-12-21 18:35:15 - [MESSAGE][PASSED] - Object: '' is clicked on

2020-12-21 18:35:15 - [MESSAGE][PASSED] - Switched to window with index: '0'

2020-12-21 18:35:15 - [MESSAGE][PASSED] - Click button "OK"

2020-12-21 18:35:15 - [TEST_STEP][PASSED] - Click button "Logout": Click button "Logout"

2020-12-21 18:35:15 - [MESSAGE][INFO] - >>>>>//Button[contains(text(),'Logout')]

2020-12-21 18:35:18 - [MESSAGE][PASSED] - Object '' is present

2020-12-21 18:35:19 - [MESSAGE][PASSED] - Object: '' is clicked on

2020-12-21 18:35:19 - [MESSAGE][PASSED] - Switched to window with index: '0'

2020-12-21 18:35:19 - [MESSAGE][PASSED] - Click button "Logout"

2020-12-21 18:35:19 - [TEST_STEP][PASSED] - Comment "Register Mistake failed because Note-before empty": Comment "Register Mistake failed because Note-before empty"

2020-12-21 18:35:19 - [MESSAGE][INFO] - Register Mistake failed because Note-before empty

2020-12-21 18:35:19 - [MESSAGE][PASSED] - Comment "Register Mistake failed because Note-before empty"

2020-12-21 18:35:19 - [TEST_STEP][PASSED] - Close browser: Close browser

2020-12-21 18:35:19 - [MESSAGE][PASSED] - Browser is closed

2020-12-21 18:35:19 - [MESSAGE][PASSED] - Close browser

2020-12-21 18:35:19 - [MESSAGE][PASSED] - Feature file: 'Include/features/IST_Real/CONTRACT_DISPATCHER_BPKB/PIck_Mistake_Without_Write_Textarea_Note_Before.feature' was passed]]></system-out>
         <system-err><![CDATA[]]></system-err>
      </testcase>
      <testcase name="Test Cases/IST_Real/CONTRACT_DISPATCHER_BPKB/Update_Tbl_CDS_CDC_TRKRegMistake" time="0.804" classname="Test Cases/IST_Real/CONTRACT_DISPATCHER_BPKB/Update_Tbl_CDS_CDC_TRKRegMistake" status="PASSED">
         <system-out><![CDATA[2020-12-21 18:35:19 - [TEST_CASE][PASSED] - Test Cases/IST_Real/CONTRACT_DISPATCHER_BPKB/Update_Tbl_CDS_CDC_TRKRegMistake: Test Cases/IST_Real/CONTRACT_DISPATCHER_BPKB/Update_Tbl_CDS_CDC_TRKRegMistake

2020-12-21 18:35:19 - [TEST_STEP][PASSED] - runFeatureFile("Include/features/IST_Real/CONTRACT_DISPATCHER_BPKB/Update_Tbl_CDS_CDC_TRKRegMistake.feature"): Feature file: 'Include/features/IST_Real/CONTRACT_DISPATCHER_BPKB/Update_Tbl_CDS_CDC_TRKRegMistake.feature' was passed

2020-12-21 18:35:19 - [MESSAGE][INFO] - Starting run keyword runFeatureFile: 'Include/features/IST_Real/CONTRACT_DISPATCHER_BPKB/Update_Tbl_CDS_CDC_TRKRegMistake.feature' and extract report to folder: '/Users/chaidir.pratama01/Katalon Studio/IST_Automation_Git/Reports/20201221_181020/CONTRACT_DISPATCHER_BPKB/TS_CONTRACT_DISPATCHER_BPKB/20201221_181027/cucumber_report/1608550519616'...

2020-12-21 18:35:19 - [TEST_CASE][PASSED] - Start Test Case : SCENARIO Update Table CONTRACT_DISPATCHER_SOURCE and CONTRACT_DISPTACHER_CLAIM: SCENARIO Update Table CONTRACT_DISPATCHER_SOURCE and CONTRACT_DISPTACHER_CLAIM

2020-12-21 18:35:19 - [TEST_STEP][PASSED] - Connect to Database: Connect to Database

2020-12-21 18:35:19 - [MESSAGE][PASSED] - Connect to Database

2020-12-21 18:35:19 - [TEST_STEP][PASSED] - Update Tbl CONTRACT DISPATCHER SRC BPKB To Change PROCESSED From Y to N For BPKB: Update Tbl CONTRACT DISPATCHER SRC BPKB To Change PROCESSED From Y to N For BPKB

2020-12-21 18:35:20 - [MESSAGE][PASSED] - Update Tbl CONTRACT DISPATCHER SRC BPKB To Change PROCESSED From Y to N For BPKB

2020-12-21 18:35:20 - [TEST_STEP][PASSED] - Update Tbl CONTRACT DISPATCHER CLAIM To Delete PROCESS From Column STATUS: Update Tbl CONTRACT DISPATCHER CLAIM To Delete PROCESS From Column STATUS

2020-12-21 18:35:20 - [MESSAGE][PASSED] - Update Tbl CONTRACT DISPATCHER CLAIM To Delete PROCESS From Column STATUS

2020-12-21 18:35:20 - [TEST_STEP][PASSED] - Delete Contract From TRK_REGISTRATION_MISTAKE: Delete Contract From TRK_REGISTRATION_MISTAKE

2020-12-21 18:35:20 - [MESSAGE][PASSED] - Delete Contract From TRK_REGISTRATION_MISTAKE

2020-12-21 18:35:20 - [MESSAGE][PASSED] - Feature file: 'Include/features/IST_Real/CONTRACT_DISPATCHER_BPKB/Update_Tbl_CDS_CDC_TRKRegMistake.feature' was passed]]></system-out>
         <system-err><![CDATA[]]></system-err>
      </testcase>
      <testcase name="Test Cases/IST_Real/CONTRACT_DISPATCHER_BPKB/Pick_Mistake_Without_Write_Textarea_Note_After" time="35.406" classname="Test Cases/IST_Real/CONTRACT_DISPATCHER_BPKB/Pick_Mistake_Without_Write_Textarea_Note_After" status="PASSED">
         <system-out><![CDATA[2020-12-21 18:35:20 - [TEST_CASE][PASSED] - Test Cases/IST_Real/CONTRACT_DISPATCHER_BPKB/Pick_Mistake_Without_Write_Textarea_Note_After: Test Cases/IST_Real/CONTRACT_DISPATCHER_BPKB/Pick_Mistake_Without_Write_Textarea_Note_After

2020-12-21 18:35:20 - [TEST_STEP][PASSED] - runFeatureFile("Include/features/IST_Real/CONTRACT_DISPATCHER_BPKB/Pick_Mistake_Without_Write_Textarea_Note_After.feature"): Feature file: 'Include/features/IST_Real/CONTRACT_DISPATCHER_BPKB/Pick_Mistake_Without_Write_Textarea_Note_After.feature' was passed

2020-12-21 18:35:20 - [MESSAGE][INFO] - Starting run keyword runFeatureFile: 'Include/features/IST_Real/CONTRACT_DISPATCHER_BPKB/Pick_Mistake_Without_Write_Textarea_Note_After.feature' and extract report to folder: '/Users/chaidir.pratama01/Katalon Studio/IST_Automation_Git/Reports/20201221_181020/CONTRACT_DISPATCHER_BPKB/TS_CONTRACT_DISPATCHER_BPKB/20201221_181027/cucumber_report/1608550520495'...

2020-12-21 18:35:20 - [TEST_CASE][PASSED] - Start Test Case : SCENARIO Assign User to Contract BPKB: SCENARIO Assign User to Contract BPKB

2020-12-21 18:35:20 - [TEST_STEP][PASSED] - Go to IST: Go to IST

2020-12-21 18:35:20 - [MESSAGE][INFO] - Starting 'Chrome (headless)' driver

2020-12-21 18:35:20 - [MESSAGE][INFO] - User set preference: ['args', '[--start-maximized, --disable-gpu, --no-proxy-server, –-no-sandbox, --allow-running-insecure-content, --ignore-certificate-errors, window-size=1680,814, force-device-scale-factor=2, --lang=en-GB]']

2020-12-21 18:35:20 - [MESSAGE][INFO] - User set preference: ['prefs', '{download.default_directory=/Users/chaidir.pratama01/Katalon Studio/IST_Automation_Git/Download}']

2020-12-21 18:35:20 - [MESSAGE][INFO] - Action delay is set to 0 milliseconds

2020-12-21 18:35:20 - [MESSAGE][PASSED] - Browser is opened with url: ''

2020-12-21 18:35:23 - [MESSAGE][PASSED] - Navigate to 'https://dev-ist.homecredit.id/ist_tracker/' successfully

2020-12-21 18:35:23 - [MESSAGE][PASSED] - Taking screenshot successfully
[[ATTACHMENT|/Users/chaidir.pratama01/Documents/Docs/Katalon Studio/Screenshot/IST_Page.png]]

2020-12-21 18:35:23 - [MESSAGE][PASSED] - Go to IST

2020-12-21 18:35:23 - [TEST_STEP][PASSED] - Login IST with valid credentials: Login IST with valid credentials

2020-12-21 18:35:23 - [MESSAGE][PASSED] - Text 'mobile.test' is set on object 'Object Repository/Page_/input_Username_j_username'

2020-12-21 18:35:24 - [MESSAGE][PASSED] - Text ****** has been set on object 'Object Repository/Page_/input_Password_j_password'

2020-12-21 18:35:24 - [MESSAGE][PASSED] - Object: 'Object Repository/Page_/button_Login' is clicked on

2020-12-21 18:35:24 - [MESSAGE][PASSED] - Login IST with valid credentials

2020-12-21 18:35:24 - [TEST_STEP][PASSED] - Login Success for contract dispatcher: Login Success for contract dispatcher

2020-12-21 18:35:24 - [MESSAGE][INFO] - Login Success

2020-12-21 18:35:24 - [MESSAGE][PASSED] - Current window maximized

2020-12-21 18:35:25 - [MESSAGE][PASSED] - Object 'Object Repository/Page_/h1_Welcome to IT Supporting Tools' is present

2020-12-21 18:35:25 - [MESSAGE][PASSED] - Login Success for contract dispatcher

2020-12-21 18:35:25 - [TEST_STEP][PASSED] - Select Arrow Menu "Contract Dispatcher Admin": Select Arrow Menu "Contract Dispatcher Admin"

2020-12-21 18:35:25 - [MESSAGE][PASSED] - Object: '' is clicked on

2020-12-21 18:35:25 - [MESSAGE][PASSED] - Select Arrow Menu "Contract Dispatcher Admin"

2020-12-21 18:35:25 - [TEST_STEP][PASSED] - Select Menu "Management Assignment": Select Menu "Management Assignment"

2020-12-21 18:35:25 - [MESSAGE][PASSED] - Taking screenshot successfully
[[ATTACHMENT|/Users/chaidir.pratama01/Documents/Docs/Katalon Studio/Screenshot/test-Management Assignment.png]]

2020-12-21 18:35:25 - [MESSAGE][PASSED] - Object '' is present

2020-12-21 18:35:25 - [MESSAGE][PASSED] - Object: '' is clicked on

2020-12-21 18:35:25 - [MESSAGE][PASSED] - Wait for page load successfully

2020-12-21 18:35:25 - [MESSAGE][PASSED] - Select Menu "Management Assignment"

2020-12-21 18:35:25 - [TEST_STEP][PASSED] - Select Username "mobile.test" of Management Assignment: Select Username "mobile.test" of Management Assignment

2020-12-21 18:35:27 - [MESSAGE][PASSED] - All options with value 'mobile.test' are selected in object 'Object Repository/Page_/dropdown_list_username_assignment'  using regular expression

2020-12-21 18:35:27 - [MESSAGE][PASSED] - Select Username "mobile.test" of Management Assignment

2020-12-21 18:35:27 - [TEST_STEP][PASSED] - Check for username if already assigned to "BPKB": Check for username if already assigned to "BPKB"

2020-12-21 18:35:30 - [MESSAGE][PASSED] - Scroll to object '' successfully

2020-12-21 18:35:30 - [MESSAGE][PASSED] - Object '' is present

2020-12-21 18:35:30 - [MESSAGE][PASSED] - Object '' is checked

2020-12-21 18:35:30 - [MESSAGE][INFO] - Element is already Checked

2020-12-21 18:35:30 - [MESSAGE][PASSED] - Check for username if already assigned to "BPKB"

2020-12-21 18:35:30 - [TEST_STEP][PASSED] - Wait page for load: Wait page for load

2020-12-21 18:35:30 - [MESSAGE][PASSED] - Wait for page load successfully

2020-12-21 18:35:30 - [MESSAGE][PASSED] - Wait page for load

2020-12-21 18:35:30 - [TEST_STEP][PASSED] - Click button "Logout": Click button "Logout"

2020-12-21 18:35:30 - [MESSAGE][INFO] - >>>>>//Button[contains(text(),'Logout')]

2020-12-21 18:35:33 - [MESSAGE][PASSED] - Object '' is present

2020-12-21 18:35:33 - [MESSAGE][PASSED] - Object: '' is clicked on

2020-12-21 18:35:33 - [MESSAGE][PASSED] - Switched to window with index: '0'

2020-12-21 18:35:33 - [MESSAGE][PASSED] - Click button "Logout"

2020-12-21 18:35:33 - [TEST_STEP][PASSED] - Close browser: Close browser

2020-12-21 18:35:33 - [MESSAGE][PASSED] - Browser is closed

2020-12-21 18:35:33 - [MESSAGE][PASSED] - Close browser

2020-12-21 18:35:33 - [TEST_CASE][PASSED] - Start Test Case : SCENARIO Select Menu Contract Dispatcher and Select Contract based on type contract BPKB: SCENARIO Select Menu Contract Dispatcher and Select Contract based on type contract BPKB

2020-12-21 18:35:33 - [TEST_STEP][PASSED] - Go to IST: Go to IST

2020-12-21 18:35:33 - [MESSAGE][INFO] - Starting 'Chrome (headless)' driver

2020-12-21 18:35:33 - [MESSAGE][INFO] - User set preference: ['args', '[--start-maximized, --disable-gpu, --no-proxy-server, –-no-sandbox, --allow-running-insecure-content, --ignore-certificate-errors, window-size=1680,814, force-device-scale-factor=2, --lang=en-GB]']

2020-12-21 18:35:33 - [MESSAGE][INFO] - User set preference: ['prefs', '{download.default_directory=/Users/chaidir.pratama01/Katalon Studio/IST_Automation_Git/Download}']

2020-12-21 18:35:33 - [MESSAGE][INFO] - Action delay is set to 0 milliseconds

2020-12-21 18:35:34 - [MESSAGE][PASSED] - Browser is opened with url: ''

2020-12-21 18:35:36 - [MESSAGE][PASSED] - Navigate to 'https://dev-ist.homecredit.id/ist_tracker/' successfully

2020-12-21 18:35:36 - [MESSAGE][PASSED] - Taking screenshot successfully
[[ATTACHMENT|/Users/chaidir.pratama01/Documents/Docs/Katalon Studio/Screenshot/IST_Page.png]]

2020-12-21 18:35:36 - [MESSAGE][PASSED] - Go to IST

2020-12-21 18:35:36 - [TEST_STEP][PASSED] - Login IST with valid credentials: Login IST with valid credentials

2020-12-21 18:35:37 - [MESSAGE][PASSED] - Text 'mobile.test' is set on object 'Object Repository/Page_/input_Username_j_username'

2020-12-21 18:35:37 - [MESSAGE][PASSED] - Text ****** has been set on object 'Object Repository/Page_/input_Password_j_password'

2020-12-21 18:35:38 - [MESSAGE][PASSED] - Object: 'Object Repository/Page_/button_Login' is clicked on

2020-12-21 18:35:38 - [MESSAGE][PASSED] - Login IST with valid credentials

2020-12-21 18:35:38 - [TEST_STEP][PASSED] - Login Success for contract dispatcher: Login Success for contract dispatcher

2020-12-21 18:35:38 - [MESSAGE][INFO] - Login Success

2020-12-21 18:35:38 - [MESSAGE][PASSED] - Current window maximized

2020-12-21 18:35:38 - [MESSAGE][PASSED] - Object 'Object Repository/Page_/h1_Welcome to IT Supporting Tools' is present

2020-12-21 18:35:38 - [MESSAGE][PASSED] - Login Success for contract dispatcher

2020-12-21 18:35:38 - [TEST_STEP][PASSED] - Select Menu "Contract Dispatcher": Select Menu "Contract Dispatcher"

2020-12-21 18:35:38 - [MESSAGE][PASSED] - Taking screenshot successfully
[[ATTACHMENT|/Users/chaidir.pratama01/Documents/Docs/Katalon Studio/Screenshot/test-Contract Dispatcher.png]]

2020-12-21 18:35:38 - [MESSAGE][PASSED] - Object '' is present

2020-12-21 18:35:38 - [MESSAGE][PASSED] - Object: '' is clicked on

2020-12-21 18:35:38 - [MESSAGE][PASSED] - Wait for page load successfully

2020-12-21 18:35:38 - [MESSAGE][PASSED] - Select Menu "Contract Dispatcher"

2020-12-21 18:35:38 - [TEST_STEP][PASSED] - Select Contract Number based on Type Contract "BPKB": Select Contract Number based on Type Contract "BPKB"

2020-12-21 18:35:39 - [MESSAGE][PASSED] - Object '' is present

2020-12-21 18:35:39 - [MESSAGE][PASSED] - Object '' is present

2020-12-21 18:35:39 - [MESSAGE][PASSED] - Object: '' is clicked on

2020-12-21 18:35:39 - [MESSAGE][PASSED] - Select Contract Number based on Type Contract "BPKB"

2020-12-21 18:35:39 - [TEST_STEP][PASSED] - Click button "Claim": Click button "Claim"

2020-12-21 18:35:39 - [MESSAGE][INFO] - >>>>>//Button[contains(text(),'Claim')]

2020-12-21 18:35:42 - [MESSAGE][PASSED] - Object '' is present

2020-12-21 18:35:42 - [MESSAGE][PASSED] - Object: '' is clicked on

2020-12-21 18:35:42 - [MESSAGE][PASSED] - Switched to window with index: '0'

2020-12-21 18:35:42 - [MESSAGE][PASSED] - Click button "Claim"

2020-12-21 18:35:42 - [TEST_STEP][PASSED] - Varify the mistake detail already match with the matrix Base on Type Contract: Varify the mistake detail already match with the matrix Base on Type Contract

2020-12-21 18:35:44 - [MESSAGE][PASSED] - Object '' is present

2020-12-21 18:35:44 - [MESSAGE][PASSED] - Object: '' is clicked on

2020-12-21 18:35:44 - [MESSAGE][PASSED] - Object '' is present

2020-12-21 18:35:44 - [MESSAGE][PASSED] - Object '' is not checked

2020-12-21 18:35:44 - [MESSAGE][PASSED] - Object '' is present

2020-12-21 18:35:44 - [MESSAGE][PASSED] - Object '' is not checked

2020-12-21 18:35:44 - [MESSAGE][PASSED] - Object '' is present

2020-12-21 18:35:44 - [MESSAGE][PASSED] - Object '' is not checked

2020-12-21 18:35:44 - [MESSAGE][PASSED] - Object '' is present

2020-12-21 18:35:44 - [MESSAGE][PASSED] - Object '' is not checked

2020-12-21 18:35:44 - [MESSAGE][PASSED] - Object '' is present

2020-12-21 18:35:44 - [MESSAGE][PASSED] - Object: '' is clicked on

2020-12-21 18:35:44 - [MESSAGE][PASSED] - Object '' is present

2020-12-21 18:35:44 - [MESSAGE][PASSED] - Object '' is not checked

2020-12-21 18:35:44 - [MESSAGE][PASSED] - Object '' is present

2020-12-21 18:35:44 - [MESSAGE][PASSED] - Object '' is not checked

2020-12-21 18:35:44 - [MESSAGE][PASSED] - Object '' is present

2020-12-21 18:35:44 - [MESSAGE][PASSED] - Object '' is not checked

2020-12-21 18:35:44 - [MESSAGE][PASSED] - Object '' is present

2020-12-21 18:35:44 - [MESSAGE][PASSED] - Object '' is not checked

2020-12-21 18:35:44 - [MESSAGE][PASSED] - Object '' is present

2020-12-21 18:35:44 - [MESSAGE][PASSED] - Object '' is not checked

2020-12-21 18:35:44 - [MESSAGE][PASSED] - Varify the mistake detail already match with the matrix Base on Type Contract

2020-12-21 18:35:44 - [TEST_STEP][PASSED] - Checkbox General Mistake "05. Data nomor rangka dan nomor mesin di BPKB berbeda dengan Surat Nomor Rangka dan Mesin Gesek Kendaraan": Checkbox General Mistake "05. Data nomor rangka dan nomor mesin di BPKB berbeda dengan Surat Nomor Rangka dan Mesin Gesek Kendaraan"

2020-12-21 18:35:44 - [MESSAGE][PASSED] - Object: '' is clicked on

2020-12-21 18:35:44 - [MESSAGE][PASSED] - Wait for page load successfully

2020-12-21 18:35:44 - [MESSAGE][PASSED] - Checkbox General Mistake "05. Data nomor rangka dan nomor mesin di BPKB berbeda dengan Surat Nomor Rangka dan Mesin Gesek Kendaraan"

2020-12-21 18:35:44 - [TEST_STEP][PASSED] - Choose Dropdown mistake type "No rangka berbeda (BPKB vs Surat gesek no rangka)" from mistake name "Data nomor rangka dan nomor mesin di BPKB berbeda dengan Surat Nomor Rangka dan Mesin Gesek Kendaraan": Choose Dropdown mistake type "No rangka berbeda (BPKB vs Surat gesek no rangka)" from mistake name "Data nomor rangka dan nomor mesin di BPKB berbeda dengan Surat Nomor Rangka dan Mesin Gesek Kendaraan"

2020-12-21 18:35:45 - [MESSAGE][PASSED] - All options with index in [1] are selected on object ''

2020-12-21 18:35:45 - [MESSAGE][PASSED] - Wait for page load successfully

2020-12-21 18:35:45 - [MESSAGE][PASSED] - Choose Dropdown mistake type "No rangka berbeda (BPKB vs Surat gesek no rangka)" from mistake name "Data nomor rangka dan nomor mesin di BPKB berbeda dengan Surat Nomor Rangka dan Mesin Gesek Kendaraan"

2020-12-21 18:35:45 - [TEST_STEP][PASSED] - Type on textarea note before based on mistake name "Data nomor rangka dan nomor mesin di BPKB berbeda dengan Surat Nomor Rangka dan Mesin Gesek Kendaraan" with value "TESTING": Type on textarea note before based on mistake name "Data nomor rangka dan nomor mesin di BPKB berbeda dengan Surat Nomor Rangka dan Mesin Gesek Kendaraan" with value "TESTING"

2020-12-21 18:35:45 - [MESSAGE][PASSED] - Text 'TESTING' is set on object ''

2020-12-21 18:35:45 - [MESSAGE][PASSED] - Wait for page load successfully

2020-12-21 18:35:45 - [MESSAGE][PASSED] - Type on textarea note before based on mistake name "Data nomor rangka dan nomor mesin di BPKB berbeda dengan Surat Nomor Rangka dan Mesin Gesek Kendaraan" with value "TESTING"

2020-12-21 18:35:45 - [TEST_STEP][PASSED] - Click button "Save": Click button "Save"

2020-12-21 18:35:45 - [MESSAGE][INFO] - >>>>>//Button[contains(text(),'Save')]

2020-12-21 18:35:48 - [MESSAGE][PASSED] - Object '' is present

2020-12-21 18:35:48 - [MESSAGE][PASSED] - Object: '' is clicked on

2020-12-21 18:35:48 - [MESSAGE][PASSED] - Switched to window with index: '0'

2020-12-21 18:35:48 - [MESSAGE][PASSED] - Click button "Save"

2020-12-21 18:35:48 - [TEST_STEP][PASSED] - Get text from pop up "IT Supporting Tools" with text "Note-after cannot be empty": Get text from pop up "IT Supporting Tools" with text "Note-after cannot be empty"

2020-12-21 18:35:49 - [MESSAGE][PASSED] - Taking screenshot successfully
[[ATTACHMENT|/Users/chaidir.pratama01/Documents/Docs/Katalon Studio/Screenshot/errorpopup.png]]

2020-12-21 18:35:49 - [MESSAGE][PASSED] - Object '' is present

2020-12-21 18:35:49 - [MESSAGE][PASSED] - Wait for page load successfully

2020-12-21 18:35:49 - [MESSAGE][PASSED] - Wait for page load successfully

2020-12-21 18:35:49 - [MESSAGE][PASSED] - Get text from pop up "IT Supporting Tools" with text "Note-after cannot be empty"

2020-12-21 18:35:49 - [TEST_STEP][PASSED] - Click button "OK": Click button "OK"

2020-12-21 18:35:49 - [MESSAGE][INFO] - >>>>>//Button[contains(text(),'OK')]

2020-12-21 18:35:52 - [MESSAGE][PASSED] - Object '' is present

2020-12-21 18:35:52 - [MESSAGE][PASSED] - Object: '' is clicked on

2020-12-21 18:35:52 - [MESSAGE][PASSED] - Switched to window with index: '0'

2020-12-21 18:35:52 - [MESSAGE][PASSED] - Click button "OK"

2020-12-21 18:35:52 - [TEST_STEP][PASSED] - Click button "Logout": Click button "Logout"

2020-12-21 18:35:52 - [MESSAGE][INFO] - >>>>>//Button[contains(text(),'Logout')]

2020-12-21 18:35:55 - [MESSAGE][PASSED] - Object '' is present

2020-12-21 18:35:55 - [MESSAGE][PASSED] - Object: '' is clicked on

2020-12-21 18:35:55 - [MESSAGE][PASSED] - Switched to window with index: '0'

2020-12-21 18:35:55 - [MESSAGE][PASSED] - Click button "Logout"

2020-12-21 18:35:55 - [TEST_STEP][PASSED] - Comment "Register Mistake failed because Note-after empty": Comment "Register Mistake failed because Note-after empty"

2020-12-21 18:35:55 - [MESSAGE][INFO] - Register Mistake failed because Note-after empty

2020-12-21 18:35:55 - [MESSAGE][PASSED] - Comment "Register Mistake failed because Note-after empty"

2020-12-21 18:35:55 - [TEST_STEP][PASSED] - Close browser: Close browser

2020-12-21 18:35:55 - [MESSAGE][PASSED] - Browser is closed

2020-12-21 18:35:55 - [MESSAGE][PASSED] - Close browser

2020-12-21 18:35:55 - [MESSAGE][PASSED] - Feature file: 'Include/features/IST_Real/CONTRACT_DISPATCHER_BPKB/Pick_Mistake_Without_Write_Textarea_Note_After.feature' was passed]]></system-out>
         <system-err><![CDATA[]]></system-err>
      </testcase>
      <testcase name="Test Cases/IST_Real/CONTRACT_DISPATCHER_BPKB/Update_Tbl_CDS_CDC_TRKRegMistake" time="1.011" classname="Test Cases/IST_Real/CONTRACT_DISPATCHER_BPKB/Update_Tbl_CDS_CDC_TRKRegMistake" status="PASSED">
         <system-out><![CDATA[2020-12-21 18:35:55 - [TEST_CASE][PASSED] - Test Cases/IST_Real/CONTRACT_DISPATCHER_BPKB/Update_Tbl_CDS_CDC_TRKRegMistake: Test Cases/IST_Real/CONTRACT_DISPATCHER_BPKB/Update_Tbl_CDS_CDC_TRKRegMistake

2020-12-21 18:35:55 - [TEST_STEP][PASSED] - runFeatureFile("Include/features/IST_Real/CONTRACT_DISPATCHER_BPKB/Update_Tbl_CDS_CDC_TRKRegMistake.feature"): Feature file: 'Include/features/IST_Real/CONTRACT_DISPATCHER_BPKB/Update_Tbl_CDS_CDC_TRKRegMistake.feature' was passed

2020-12-21 18:35:55 - [MESSAGE][INFO] - Starting run keyword runFeatureFile: 'Include/features/IST_Real/CONTRACT_DISPATCHER_BPKB/Update_Tbl_CDS_CDC_TRKRegMistake.feature' and extract report to folder: '/Users/chaidir.pratama01/Katalon Studio/IST_Automation_Git/Reports/20201221_181020/CONTRACT_DISPATCHER_BPKB/TS_CONTRACT_DISPATCHER_BPKB/20201221_181027/cucumber_report/1608550555830'...

2020-12-21 18:35:55 - [TEST_CASE][PASSED] - Start Test Case : SCENARIO Update Table CONTRACT_DISPATCHER_SOURCE and CONTRACT_DISPTACHER_CLAIM: SCENARIO Update Table CONTRACT_DISPATCHER_SOURCE and CONTRACT_DISPTACHER_CLAIM

2020-12-21 18:35:55 - [TEST_STEP][PASSED] - Connect to Database: Connect to Database

2020-12-21 18:35:56 - [MESSAGE][PASSED] - Connect to Database

2020-12-21 18:35:56 - [TEST_STEP][PASSED] - Update Tbl CONTRACT DISPATCHER SRC BPKB To Change PROCESSED From Y to N For BPKB: Update Tbl CONTRACT DISPATCHER SRC BPKB To Change PROCESSED From Y to N For BPKB

2020-12-21 18:35:56 - [MESSAGE][PASSED] - Update Tbl CONTRACT DISPATCHER SRC BPKB To Change PROCESSED From Y to N For BPKB

2020-12-21 18:35:56 - [TEST_STEP][PASSED] - Update Tbl CONTRACT DISPATCHER CLAIM To Delete PROCESS From Column STATUS: Update Tbl CONTRACT DISPATCHER CLAIM To Delete PROCESS From Column STATUS

2020-12-21 18:35:56 - [MESSAGE][PASSED] - Update Tbl CONTRACT DISPATCHER CLAIM To Delete PROCESS From Column STATUS

2020-12-21 18:35:56 - [TEST_STEP][PASSED] - Delete Contract From TRK_REGISTRATION_MISTAKE: Delete Contract From TRK_REGISTRATION_MISTAKE

2020-12-21 18:35:56 - [MESSAGE][PASSED] - Delete Contract From TRK_REGISTRATION_MISTAKE

2020-12-21 18:35:56 - [MESSAGE][PASSED] - Feature file: 'Include/features/IST_Real/CONTRACT_DISPATCHER_BPKB/Update_Tbl_CDS_CDC_TRKRegMistake.feature' was passed]]></system-out>
         <system-err><![CDATA[]]></system-err>
      </testcase>
      <testcase name="Test Cases/IST_Real/CONTRACT_DISPATCHER_BPKB/Column_PROCESSED_Turn_N_When_Status_RELEASE_BPKB" time="623.564" classname="Test Cases/IST_Real/CONTRACT_DISPATCHER_BPKB/Column_PROCESSED_Turn_N_When_Status_RELEASE_BPKB" status="PASSED">
         <system-out><![CDATA[2020-12-21 18:35:56 - [TEST_CASE][PASSED] - Test Cases/IST_Real/CONTRACT_DISPATCHER_BPKB/Column_PROCESSED_Turn_N_When_Status_RELEASE_BPKB: Test Cases/IST_Real/CONTRACT_DISPATCHER_BPKB/Column_PROCESSED_Turn_N_When_Status_RELEASE_BPKB

2020-12-21 18:35:56 - [TEST_STEP][PASSED] - runFeatureFile("Include/features/IST_Real/CONTRACT_DISPATCHER_BPKB/Column_PROCESSED_Turn_N_When_Status_RELEASE_BPKB.feature"): Feature file: 'Include/features/IST_Real/CONTRACT_DISPATCHER_BPKB/Column_PROCESSED_Turn_N_When_Status_RELEASE_BPKB.feature' was passed

2020-12-21 18:35:56 - [MESSAGE][INFO] - Starting run keyword runFeatureFile: 'Include/features/IST_Real/CONTRACT_DISPATCHER_BPKB/Column_PROCESSED_Turn_N_When_Status_RELEASE_BPKB.feature' and extract report to folder: '/Users/chaidir.pratama01/Katalon Studio/IST_Automation_Git/Reports/20201221_181020/CONTRACT_DISPATCHER_BPKB/TS_CONTRACT_DISPATCHER_BPKB/20201221_181027/cucumber_report/1608550556916'...

2020-12-21 18:35:57 - [TEST_CASE][PASSED] - Start Test Case : SCENARIO Assign User to Contract BPKB: SCENARIO Assign User to Contract BPKB

2020-12-21 18:35:57 - [TEST_STEP][PASSED] - Go to IST: Go to IST

2020-12-21 18:35:57 - [MESSAGE][INFO] - Starting 'Chrome (headless)' driver

2020-12-21 18:35:57 - [MESSAGE][INFO] - User set preference: ['args', '[--start-maximized, --disable-gpu, --no-proxy-server, –-no-sandbox, --allow-running-insecure-content, --ignore-certificate-errors, window-size=1680,814, force-device-scale-factor=2, --lang=en-GB]']

2020-12-21 18:35:57 - [MESSAGE][INFO] - User set preference: ['prefs', '{download.default_directory=/Users/chaidir.pratama01/Katalon Studio/IST_Automation_Git/Download}']

2020-12-21 18:35:57 - [MESSAGE][INFO] - Action delay is set to 0 milliseconds

2020-12-21 18:35:57 - [MESSAGE][PASSED] - Browser is opened with url: ''

2020-12-21 18:36:00 - [MESSAGE][PASSED] - Navigate to 'https://dev-ist.homecredit.id/ist_tracker/' successfully

2020-12-21 18:36:00 - [MESSAGE][PASSED] - Taking screenshot successfully
[[ATTACHMENT|/Users/chaidir.pratama01/Documents/Docs/Katalon Studio/Screenshot/IST_Page.png]]

2020-12-21 18:36:00 - [MESSAGE][PASSED] - Go to IST

2020-12-21 18:36:00 - [TEST_STEP][PASSED] - Login IST with valid credentials: Login IST with valid credentials

2020-12-21 18:36:01 - [MESSAGE][PASSED] - Text 'mobile.test' is set on object 'Object Repository/Page_/input_Username_j_username'

2020-12-21 18:36:01 - [MESSAGE][PASSED] - Text ****** has been set on object 'Object Repository/Page_/input_Password_j_password'

2020-12-21 18:36:02 - [MESSAGE][PASSED] - Object: 'Object Repository/Page_/button_Login' is clicked on

2020-12-21 18:36:02 - [MESSAGE][PASSED] - Login IST with valid credentials

2020-12-21 18:36:02 - [TEST_STEP][PASSED] - Login Success for contract dispatcher: Login Success for contract dispatcher

2020-12-21 18:36:02 - [MESSAGE][INFO] - Login Success

2020-12-21 18:36:02 - [MESSAGE][PASSED] - Current window maximized

2020-12-21 18:36:02 - [MESSAGE][PASSED] - Object 'Object Repository/Page_/h1_Welcome to IT Supporting Tools' is present

2020-12-21 18:36:02 - [MESSAGE][PASSED] - Login Success for contract dispatcher

2020-12-21 18:36:02 - [TEST_STEP][PASSED] - Select Arrow Menu "Contract Dispatcher Admin": Select Arrow Menu "Contract Dispatcher Admin"

2020-12-21 18:36:02 - [MESSAGE][PASSED] - Object: '' is clicked on

2020-12-21 18:36:02 - [MESSAGE][PASSED] - Select Arrow Menu "Contract Dispatcher Admin"

2020-12-21 18:36:02 - [TEST_STEP][PASSED] - Select Menu "Management Assignment": Select Menu "Management Assignment"

2020-12-21 18:36:02 - [MESSAGE][PASSED] - Taking screenshot successfully
[[ATTACHMENT|/Users/chaidir.pratama01/Documents/Docs/Katalon Studio/Screenshot/test-Management Assignment.png]]

2020-12-21 18:36:02 - [MESSAGE][PASSED] - Object '' is present

2020-12-21 18:36:02 - [MESSAGE][PASSED] - Object: '' is clicked on

2020-12-21 18:36:02 - [MESSAGE][PASSED] - Wait for page load successfully

2020-12-21 18:36:02 - [MESSAGE][PASSED] - Select Menu "Management Assignment"

2020-12-21 18:36:02 - [TEST_STEP][PASSED] - Select Username "mobile.test" of Management Assignment: Select Username "mobile.test" of Management Assignment

2020-12-21 18:36:04 - [MESSAGE][PASSED] - All options with value 'mobile.test' are selected in object 'Object Repository/Page_/dropdown_list_username_assignment'  using regular expression

2020-12-21 18:36:04 - [MESSAGE][PASSED] - Select Username "mobile.test" of Management Assignment

2020-12-21 18:36:04 - [TEST_STEP][PASSED] - Check for username if already assigned to "BPKB": Check for username if already assigned to "BPKB"

2020-12-21 18:36:07 - [MESSAGE][PASSED] - Scroll to object '' successfully

2020-12-21 18:36:07 - [MESSAGE][PASSED] - Object '' is present

2020-12-21 18:36:07 - [MESSAGE][PASSED] - Object '' is checked

2020-12-21 18:36:07 - [MESSAGE][INFO] - Element is already Checked

2020-12-21 18:36:07 - [MESSAGE][PASSED] - Check for username if already assigned to "BPKB"

2020-12-21 18:36:07 - [TEST_STEP][PASSED] - Wait page for load: Wait page for load

2020-12-21 18:36:07 - [MESSAGE][PASSED] - Wait for page load successfully

2020-12-21 18:36:07 - [MESSAGE][PASSED] - Wait page for load

2020-12-21 18:36:07 - [TEST_STEP][PASSED] - Click button "Logout": Click button "Logout"

2020-12-21 18:36:07 - [MESSAGE][INFO] - >>>>>//Button[contains(text(),'Logout')]

2020-12-21 18:36:10 - [MESSAGE][PASSED] - Object '' is present

2020-12-21 18:36:11 - [MESSAGE][PASSED] - Object: '' is clicked on

2020-12-21 18:36:11 - [MESSAGE][PASSED] - Switched to window with index: '0'

2020-12-21 18:36:11 - [MESSAGE][PASSED] - Click button "Logout"

2020-12-21 18:36:11 - [TEST_STEP][PASSED] - Close browser: Close browser

2020-12-21 18:36:11 - [MESSAGE][PASSED] - Browser is closed

2020-12-21 18:36:11 - [MESSAGE][PASSED] - Close browser

2020-12-21 18:36:11 - [TEST_CASE][PASSED] - Start Test Case : SCENARIO Claim Contract BPKB in Contract Dispatcher Menu then idle for 10 minutes, STATUS in Table CONTRACT_DISPATCHER_CLAIM turn RELEASE and PROCESSED in CONTRACT_DISPATCHER_SRC_BPKB turns N: SCENARIO Claim Contract BPKB in Contract Dispatcher Menu then idle for 10 minutes, STATUS in Table CONTRACT_DISPATCHER_CLAIM turn RELEASE and PROCESSED in CONTRACT_DISPATCHER_SRC_BPKB turns N

2020-12-21 18:36:11 - [TEST_STEP][PASSED] - Go to IST: Go to IST

2020-12-21 18:36:11 - [MESSAGE][INFO] - Starting 'Chrome (headless)' driver

2020-12-21 18:36:11 - [MESSAGE][INFO] - User set preference: ['args', '[--start-maximized, --disable-gpu, --no-proxy-server, –-no-sandbox, --allow-running-insecure-content, --ignore-certificate-errors, window-size=1680,814, force-device-scale-factor=2, --lang=en-GB]']

2020-12-21 18:36:11 - [MESSAGE][INFO] - User set preference: ['prefs', '{download.default_directory=/Users/chaidir.pratama01/Katalon Studio/IST_Automation_Git/Download}']

2020-12-21 18:36:11 - [MESSAGE][INFO] - Action delay is set to 0 milliseconds

2020-12-21 18:36:11 - [MESSAGE][PASSED] - Browser is opened with url: ''

2020-12-21 18:36:13 - [MESSAGE][PASSED] - Navigate to 'https://dev-ist.homecredit.id/ist_tracker/' successfully

2020-12-21 18:36:14 - [MESSAGE][PASSED] - Taking screenshot successfully
[[ATTACHMENT|/Users/chaidir.pratama01/Documents/Docs/Katalon Studio/Screenshot/IST_Page.png]]

2020-12-21 18:36:14 - [MESSAGE][PASSED] - Go to IST

2020-12-21 18:36:14 - [TEST_STEP][PASSED] - Login IST with valid credentials: Login IST with valid credentials

2020-12-21 18:36:14 - [MESSAGE][PASSED] - Text 'mobile.test' is set on object 'Object Repository/Page_/input_Username_j_username'

2020-12-21 18:36:14 - [MESSAGE][PASSED] - Text ****** has been set on object 'Object Repository/Page_/input_Password_j_password'

2020-12-21 18:36:15 - [MESSAGE][PASSED] - Object: 'Object Repository/Page_/button_Login' is clicked on

2020-12-21 18:36:15 - [MESSAGE][PASSED] - Login IST with valid credentials

2020-12-21 18:36:15 - [TEST_STEP][PASSED] - Login Success for contract dispatcher: Login Success for contract dispatcher

2020-12-21 18:36:15 - [MESSAGE][INFO] - Login Success

2020-12-21 18:36:15 - [MESSAGE][PASSED] - Current window maximized

2020-12-21 18:36:15 - [MESSAGE][PASSED] - Object 'Object Repository/Page_/h1_Welcome to IT Supporting Tools' is present

2020-12-21 18:36:15 - [MESSAGE][PASSED] - Login Success for contract dispatcher

2020-12-21 18:36:15 - [TEST_STEP][PASSED] - Select Menu "Contract Dispatcher": Select Menu "Contract Dispatcher"

2020-12-21 18:36:15 - [MESSAGE][PASSED] - Taking screenshot successfully
[[ATTACHMENT|/Users/chaidir.pratama01/Documents/Docs/Katalon Studio/Screenshot/test-Contract Dispatcher.png]]

2020-12-21 18:36:15 - [MESSAGE][PASSED] - Object '' is present

2020-12-21 18:36:15 - [MESSAGE][PASSED] - Object: '' is clicked on

2020-12-21 18:36:15 - [MESSAGE][PASSED] - Wait for page load successfully

2020-12-21 18:36:15 - [MESSAGE][PASSED] - Select Menu "Contract Dispatcher"

2020-12-21 18:36:15 - [TEST_STEP][PASSED] - Select Contract Number based on Type Contract "BPKB": Select Contract Number based on Type Contract "BPKB"

2020-12-21 18:36:16 - [MESSAGE][PASSED] - Object '' is present

2020-12-21 18:36:16 - [MESSAGE][PASSED] - Object '' is present

2020-12-21 18:36:16 - [MESSAGE][PASSED] - Object: '' is clicked on

2020-12-21 18:36:16 - [MESSAGE][PASSED] - Select Contract Number based on Type Contract "BPKB"

2020-12-21 18:36:16 - [TEST_STEP][PASSED] - Click button "Claim": Click button "Claim"

2020-12-21 18:36:16 - [MESSAGE][INFO] - >>>>>//Button[contains(text(),'Claim')]

2020-12-21 18:36:19 - [MESSAGE][PASSED] - Object '' is present

2020-12-21 18:36:19 - [MESSAGE][PASSED] - Object: '' is clicked on

2020-12-21 18:36:19 - [MESSAGE][PASSED] - Switched to window with index: '0'

2020-12-21 18:36:19 - [MESSAGE][PASSED] - Click button "Claim"

2020-12-21 18:36:19 - [TEST_STEP][PASSED] - Sleep ten minutes: Sleep ten minutes

2020-12-21 18:46:19 - [MESSAGE][PASSED] - Delayed 600 second(s)

2020-12-21 18:46:19 - [MESSAGE][PASSED] - Sleep ten minutes

2020-12-21 18:46:19 - [TEST_STEP][PASSED] - Connect to Database: Connect to Database

2020-12-21 18:46:19 - [MESSAGE][PASSED] - Connect to Database

2020-12-21 18:46:19 - [TEST_STEP][PASSED] - Exec Query idle for Ten Minutes "SELECT * FROM CONTRACT_DISPATCHER_SRC_BPKB WHERE TEXT_CONTRACT_NUMBER='333'": Exec Query idle for Ten Minutes "SELECT * FROM CONTRACT_DISPATCHER_SRC_BPKB WHERE TEXT_CONTRACT_NUMBER='333'"

2020-12-21 18:46:19 - [MESSAGE][PASSED] - Exec Query idle for Ten Minutes "SELECT * FROM CONTRACT_DISPATCHER_SRC_BPKB WHERE TEXT_CONTRACT_NUMBER='333'"

2020-12-21 18:46:19 - [TEST_STEP][PASSED] - Select Menu "Contract Dispatcher": Select Menu "Contract Dispatcher"

2020-12-21 18:46:20 - [MESSAGE][PASSED] - Taking screenshot successfully
[[ATTACHMENT|/Users/chaidir.pratama01/Documents/Docs/Katalon Studio/Screenshot/test-Contract Dispatcher.png]]

2020-12-21 18:46:20 - [MESSAGE][PASSED] - Object '' is present

2020-12-21 18:46:20 - [MESSAGE][PASSED] - Object: '' is clicked on

2020-12-21 18:46:20 - [MESSAGE][PASSED] - Wait for page load successfully

2020-12-21 18:46:20 - [MESSAGE][PASSED] - Select Menu "Contract Dispatcher"

2020-12-21 18:46:20 - [MESSAGE][PASSED] - Feature file: 'Include/features/IST_Real/CONTRACT_DISPATCHER_BPKB/Column_PROCESSED_Turn_N_When_Status_RELEASE_BPKB.feature' was passed]]></system-out>
         <system-err><![CDATA[]]></system-err>
      </testcase>
      <testcase name="Test Cases/IST_Real/CONTRACT_DISPATCHER_ADMIN/MANAGEMENT_ASSIGNMENT/Reset_All_Users" time="24.448" classname="Test Cases/IST_Real/CONTRACT_DISPATCHER_ADMIN/MANAGEMENT_ASSIGNMENT/Reset_All_Users" status="PASSED">
         <system-out><![CDATA[2020-12-21 18:46:20 - [TEST_CASE][PASSED] - Test Cases/IST_Real/CONTRACT_DISPATCHER_ADMIN/MANAGEMENT_ASSIGNMENT/Reset_All_Users: Test Cases/IST_Real/CONTRACT_DISPATCHER_ADMIN/MANAGEMENT_ASSIGNMENT/Reset_All_Users

2020-12-21 18:46:20 - [TEST_STEP][PASSED] - runFeatureFile("Include/features/IST_Real/CONTRACT_DISPATCHER_ADMIN/MANAGEMENT_ASSIGNMENT/Reset_All_Users.feature"): Feature file: 'Include/features/IST_Real/CONTRACT_DISPATCHER_ADMIN/MANAGEMENT_ASSIGNMENT/Reset_All_Users.feature' was passed

2020-12-21 18:46:20 - [MESSAGE][INFO] - Starting run keyword runFeatureFile: 'Include/features/IST_Real/CONTRACT_DISPATCHER_ADMIN/MANAGEMENT_ASSIGNMENT/Reset_All_Users.feature' and extract report to folder: '/Users/chaidir.pratama01/Katalon Studio/IST_Automation_Git/Reports/20201221_181020/CONTRACT_DISPATCHER_BPKB/TS_CONTRACT_DISPATCHER_BPKB/20201221_181027/cucumber_report/1608551180484'...

2020-12-21 18:46:20 - [TEST_CASE][PASSED] - Start Test Case : SCENARIO Reset All Users: SCENARIO Reset All Users

2020-12-21 18:46:20 - [TEST_STEP][PASSED] - Go to IST: Go to IST

2020-12-21 18:46:20 - [MESSAGE][WARNING] - A browser is already opened. Closing browser and opening a new one

2020-12-21 18:46:20 - [MESSAGE][INFO] - Starting 'Chrome (headless)' driver

2020-12-21 18:46:20 - [MESSAGE][INFO] - User set preference: ['args', '[--start-maximized, --disable-gpu, --no-proxy-server, –-no-sandbox, --allow-running-insecure-content, --ignore-certificate-errors, window-size=1680,814, force-device-scale-factor=2, --lang=en-GB]']

2020-12-21 18:46:20 - [MESSAGE][INFO] - User set preference: ['prefs', '{download.default_directory=/Users/chaidir.pratama01/Katalon Studio/IST_Automation_Git/Download}']

2020-12-21 18:46:20 - [MESSAGE][INFO] - Action delay is set to 0 milliseconds

2020-12-21 18:46:20 - [MESSAGE][PASSED] - Browser is opened with url: ''

2020-12-21 18:46:23 - [MESSAGE][PASSED] - Navigate to 'https://dev-ist.homecredit.id/ist_tracker/' successfully

2020-12-21 18:46:23 - [MESSAGE][PASSED] - Taking screenshot successfully
[[ATTACHMENT|/Users/chaidir.pratama01/Documents/Docs/Katalon Studio/Screenshot/IST_Page.png]]

2020-12-21 18:46:23 - [MESSAGE][PASSED] - Go to IST

2020-12-21 18:46:23 - [TEST_STEP][PASSED] - Login IST with valid credentials: Login IST with valid credentials

2020-12-21 18:46:24 - [MESSAGE][PASSED] - Text 'mobile.test' is set on object 'Object Repository/Page_/input_Username_j_username'

2020-12-21 18:46:24 - [MESSAGE][PASSED] - Text ****** has been set on object 'Object Repository/Page_/input_Password_j_password'

2020-12-21 18:46:24 - [MESSAGE][PASSED] - Object: 'Object Repository/Page_/button_Login' is clicked on

2020-12-21 18:46:24 - [MESSAGE][PASSED] - Login IST with valid credentials

2020-12-21 18:46:24 - [TEST_STEP][PASSED] - Login Success for contract dispatcher: Login Success for contract dispatcher

2020-12-21 18:46:24 - [MESSAGE][INFO] - Login Success

2020-12-21 18:46:25 - [MESSAGE][PASSED] - Current window maximized

2020-12-21 18:46:25 - [MESSAGE][PASSED] - Object 'Object Repository/Page_/h1_Welcome to IT Supporting Tools' is present

2020-12-21 18:46:25 - [MESSAGE][PASSED] - Login Success for contract dispatcher

2020-12-21 18:46:25 - [TEST_STEP][PASSED] - Select Arrow Menu "Contract Dispatcher Admin": Select Arrow Menu "Contract Dispatcher Admin"

2020-12-21 18:46:25 - [MESSAGE][PASSED] - Object: '' is clicked on

2020-12-21 18:46:25 - [MESSAGE][PASSED] - Select Arrow Menu "Contract Dispatcher Admin"

2020-12-21 18:46:25 - [TEST_STEP][PASSED] - Select Menu "Management Assignment": Select Menu "Management Assignment"

2020-12-21 18:46:25 - [MESSAGE][PASSED] - Taking screenshot successfully
[[ATTACHMENT|/Users/chaidir.pratama01/Documents/Docs/Katalon Studio/Screenshot/test-Management Assignment.png]]

2020-12-21 18:46:25 - [MESSAGE][PASSED] - Object '' is present

2020-12-21 18:46:25 - [MESSAGE][PASSED] - Object: '' is clicked on

2020-12-21 18:46:25 - [MESSAGE][PASSED] - Wait for page load successfully

2020-12-21 18:46:25 - [MESSAGE][PASSED] - Select Menu "Management Assignment"

2020-12-21 18:46:25 - [TEST_STEP][PASSED] - Click button "Reset All User": Click button "Reset All User"

2020-12-21 18:46:25 - [MESSAGE][INFO] - >>>>>//Button[contains(text(),'Reset All User')]

2020-12-21 18:46:28 - [MESSAGE][PASSED] - Object '' is present

2020-12-21 18:46:28 - [MESSAGE][PASSED] - Object: '' is clicked on

2020-12-21 18:46:28 - [MESSAGE][PASSED] - Switched to window with index: '0'

2020-12-21 18:46:28 - [MESSAGE][PASSED] - Click button "Reset All User"

2020-12-21 18:46:28 - [TEST_STEP][PASSED] - Get text from pop up "Confirmation Reset All" with text "Are you sure ?": Get text from pop up "Confirmation Reset All" with text "Are you sure ?"

2020-12-21 18:46:29 - [MESSAGE][PASSED] - Taking screenshot successfully
[[ATTACHMENT|/Users/chaidir.pratama01/Documents/Docs/Katalon Studio/Screenshot/errorpopup.png]]

2020-12-21 18:46:29 - [MESSAGE][PASSED] - Object '' is present

2020-12-21 18:46:29 - [MESSAGE][PASSED] - Wait for page load successfully

2020-12-21 18:46:29 - [MESSAGE][PASSED] - Wait for page load successfully

2020-12-21 18:46:29 - [MESSAGE][PASSED] - Get text from pop up "Confirmation Reset All" with text "Are you sure ?"

2020-12-21 18:46:29 - [TEST_STEP][PASSED] - Click button "OK": Click button "OK"

2020-12-21 18:46:29 - [MESSAGE][INFO] - >>>>>//Button[contains(text(),'OK')]

2020-12-21 18:46:32 - [MESSAGE][PASSED] - Object '' is present

2020-12-21 18:46:32 - [MESSAGE][PASSED] - Object: '' is clicked on

2020-12-21 18:46:32 - [MESSAGE][PASSED] - Switched to window with index: '0'

2020-12-21 18:46:32 - [MESSAGE][PASSED] - Click button "OK"

2020-12-21 18:46:32 - [TEST_STEP][PASSED] - Wait page for load: Wait page for load

2020-12-21 18:46:32 - [MESSAGE][PASSED] - Wait for page load successfully

2020-12-21 18:46:32 - [MESSAGE][PASSED] - Wait page for load

2020-12-21 18:46:32 - [TEST_STEP][PASSED] - Notification "Reset All Success": Notification "Reset All Success"

2020-12-21 18:46:39 - [MESSAGE][PASSED] - Object '' is present

2020-12-21 18:46:39 - [MESSAGE][PASSED] - Notification "Reset All Success"

2020-12-21 18:46:39 - [TEST_STEP][PASSED] - Select Username "mobile.test" of Management Assignment: Select Username "mobile.test" of Management Assignment

2020-12-21 18:46:40 - [MESSAGE][PASSED] - All options with value 'mobile.test' are selected in object 'Object Repository/Page_/dropdown_list_username_assignment'  using regular expression

2020-12-21 18:46:40 - [MESSAGE][PASSED] - Select Username "mobile.test" of Management Assignment

2020-12-21 18:46:40 - [TEST_STEP][PASSED] - Check unchecked contract type POS: Check unchecked contract type POS

2020-12-21 18:46:40 - [MESSAGE][PASSED] - Object '' is present

2020-12-21 18:46:40 - [MESSAGE][PASSED] - Object '' is not checked

2020-12-21 18:46:40 - [MESSAGE][PASSED] - Object '' is present

2020-12-21 18:46:40 - [MESSAGE][PASSED] - Object '' is not checked

2020-12-21 18:46:40 - [MESSAGE][PASSED] - Object '' is present

2020-12-21 18:46:40 - [MESSAGE][PASSED] - Object '' is not checked

2020-12-21 18:46:40 - [MESSAGE][PASSED] - Object '' is present

2020-12-21 18:46:40 - [MESSAGE][PASSED] - Object '' is not checked

2020-12-21 18:46:40 - [MESSAGE][PASSED] - Object '' is present

2020-12-21 18:46:40 - [MESSAGE][PASSED] - Object '' is not checked

2020-12-21 18:46:40 - [MESSAGE][PASSED] - Object '' is present

2020-12-21 18:46:40 - [MESSAGE][PASSED] - Object '' is not checked

2020-12-21 18:46:40 - [MESSAGE][PASSED] - Object '' is present

2020-12-21 18:46:40 - [MESSAGE][PASSED] - Object '' is not checked

2020-12-21 18:46:40 - [MESSAGE][PASSED] - Object '' is present

2020-12-21 18:46:40 - [MESSAGE][PASSED] - Object '' is not checked

2020-12-21 18:46:40 - [MESSAGE][PASSED] - Object '' is present

2020-12-21 18:46:40 - [MESSAGE][PASSED] - Object '' is not checked

2020-12-21 18:46:40 - [MESSAGE][PASSED] - Object '' is present

2020-12-21 18:46:40 - [MESSAGE][PASSED] - Object '' is not checked

2020-12-21 18:46:40 - [MESSAGE][PASSED] - Object '' is present

2020-12-21 18:46:40 - [MESSAGE][PASSED] - Object '' is not checked

2020-12-21 18:46:40 - [MESSAGE][PASSED] - Object '' is present

2020-12-21 18:46:40 - [MESSAGE][PASSED] - Object '' is not checked

2020-12-21 18:46:40 - [MESSAGE][PASSED] - Object '' is present

2020-12-21 18:46:40 - [MESSAGE][PASSED] - Object '' is not checked

2020-12-21 18:46:40 - [MESSAGE][PASSED] - Object '' is present

2020-12-21 18:46:40 - [MESSAGE][PASSED] - Object '' is not checked

2020-12-21 18:46:40 - [MESSAGE][PASSED] - Object '' is present

2020-12-21 18:46:40 - [MESSAGE][PASSED] - Object '' is not checked

2020-12-21 18:46:40 - [MESSAGE][PASSED] - Object '' is present

2020-12-21 18:46:40 - [MESSAGE][PASSED] - Object '' is not checked

2020-12-21 18:46:40 - [MESSAGE][PASSED] - Object '' is present

2020-12-21 18:46:40 - [MESSAGE][PASSED] - Object '' is not checked

2020-12-21 18:46:40 - [MESSAGE][PASSED] - Object '' is present

2020-12-21 18:46:40 - [MESSAGE][PASSED] - Object '' is not checked

2020-12-21 18:46:40 - [MESSAGE][PASSED] - Object '' is present

2020-12-21 18:46:40 - [MESSAGE][PASSED] - Object '' is not checked

2020-12-21 18:46:40 - [MESSAGE][PASSED] - Object '' is present

2020-12-21 18:46:41 - [MESSAGE][PASSED] - Object '' is not checked

2020-12-21 18:46:41 - [MESSAGE][PASSED] - Object '' is present

2020-12-21 18:46:41 - [MESSAGE][PASSED] - Object '' is not checked

2020-12-21 18:46:41 - [MESSAGE][PASSED] - Object '' is present

2020-12-21 18:46:41 - [MESSAGE][PASSED] - Object '' is not checked

2020-12-21 18:46:41 - [MESSAGE][PASSED] - Object '' is present

2020-12-21 18:46:41 - [MESSAGE][PASSED] - Object '' is not checked

2020-12-21 18:46:41 - [MESSAGE][PASSED] - Object '' is present

2020-12-21 18:46:41 - [MESSAGE][PASSED] - Object '' is not checked

2020-12-21 18:46:41 - [MESSAGE][PASSED] - Check unchecked contract type POS

2020-12-21 18:46:41 - [TEST_STEP][PASSED] - Click button "Logout": Click button "Logout"

2020-12-21 18:46:41 - [MESSAGE][INFO] - >>>>>//Button[contains(text(),'Logout')]

2020-12-21 18:46:44 - [MESSAGE][PASSED] - Object '' is present

2020-12-21 18:46:44 - [MESSAGE][PASSED] - Object: '' is clicked on

2020-12-21 18:46:44 - [MESSAGE][PASSED] - Switched to window with index: '0'

2020-12-21 18:46:44 - [MESSAGE][PASSED] - Click button "Logout"

2020-12-21 18:46:44 - [TEST_STEP][PASSED] - Close browser: Close browser

2020-12-21 18:46:44 - [MESSAGE][PASSED] - Browser is closed

2020-12-21 18:46:44 - [MESSAGE][PASSED] - Close browser

2020-12-21 18:46:44 - [MESSAGE][PASSED] - Feature file: 'Include/features/IST_Real/CONTRACT_DISPATCHER_ADMIN/MANAGEMENT_ASSIGNMENT/Reset_All_Users.feature' was passed]]></system-out>
         <system-err><![CDATA[]]></system-err>
      </testcase>
      <testcase name="Test Cases/IST_Real/CONTRACT_DISPATCHER_BPKB/BPKB_Does_Not_Exist_in_Contract_Dispatcher_Menu" time="40.493" classname="Test Cases/IST_Real/CONTRACT_DISPATCHER_BPKB/BPKB_Does_Not_Exist_in_Contract_Dispatcher_Menu" status="PASSED">
         <system-out><![CDATA[2020-12-21 18:46:44 - [TEST_CASE][PASSED] - Test Cases/IST_Real/CONTRACT_DISPATCHER_BPKB/BPKB_Does_Not_Exist_in_Contract_Dispatcher_Menu: Test Cases/IST_Real/CONTRACT_DISPATCHER_BPKB/BPKB_Does_Not_Exist_in_Contract_Dispatcher_Menu

2020-12-21 18:46:44 - [TEST_STEP][PASSED] - runFeatureFile("Include/features/IST_Real/CONTRACT_DISPATCHER_BPKB/BPKB_Does_Not_Exist_in_Contract_Dispatcher_Menu.feature"): Feature file: 'Include/features/IST_Real/CONTRACT_DISPATCHER_BPKB/BPKB_Does_Not_Exist_in_Contract_Dispatcher_Menu.feature' was passed

2020-12-21 18:46:44 - [MESSAGE][INFO] - Starting run keyword runFeatureFile: 'Include/features/IST_Real/CONTRACT_DISPATCHER_BPKB/BPKB_Does_Not_Exist_in_Contract_Dispatcher_Menu.feature' and extract report to folder: '/Users/chaidir.pratama01/Katalon Studio/IST_Automation_Git/Reports/20201221_181020/CONTRACT_DISPATCHER_BPKB/TS_CONTRACT_DISPATCHER_BPKB/20201221_181027/cucumber_report/1608551204939'...

2020-12-21 18:46:45 - [TEST_CASE][PASSED] - Start Test Case : SCENARIO Go to Menu Contract Dispatcher to select type contract BPKB but it doesn't exist: SCENARIO Go to Menu Contract Dispatcher to select type contract BPKB but it doesn't exist

2020-12-21 18:46:45 - [TEST_STEP][PASSED] - Go to IST: Go to IST

2020-12-21 18:46:45 - [MESSAGE][INFO] - Starting 'Chrome (headless)' driver

2020-12-21 18:46:45 - [MESSAGE][INFO] - User set preference: ['args', '[--start-maximized, --disable-gpu, --no-proxy-server, –-no-sandbox, --allow-running-insecure-content, --ignore-certificate-errors, window-size=1680,814, force-device-scale-factor=2, --lang=en-GB]']

2020-12-21 18:46:45 - [MESSAGE][INFO] - User set preference: ['prefs', '{download.default_directory=/Users/chaidir.pratama01/Katalon Studio/IST_Automation_Git/Download}']

2020-12-21 18:46:45 - [MESSAGE][INFO] - Action delay is set to 0 milliseconds

2020-12-21 18:46:45 - [MESSAGE][PASSED] - Browser is opened with url: ''

2020-12-21 18:46:47 - [MESSAGE][PASSED] - Navigate to 'https://dev-ist.homecredit.id/ist_tracker/' successfully

2020-12-21 18:46:48 - [MESSAGE][PASSED] - Taking screenshot successfully
[[ATTACHMENT|/Users/chaidir.pratama01/Documents/Docs/Katalon Studio/Screenshot/IST_Page.png]]

2020-12-21 18:46:48 - [MESSAGE][PASSED] - Go to IST

2020-12-21 18:46:48 - [TEST_STEP][PASSED] - Login IST with valid credentials: Login IST with valid credentials

2020-12-21 18:46:48 - [MESSAGE][PASSED] - Text 'mobile.test' is set on object 'Object Repository/Page_/input_Username_j_username'

2020-12-21 18:46:48 - [MESSAGE][PASSED] - Text ****** has been set on object 'Object Repository/Page_/input_Password_j_password'

2020-12-21 18:46:49 - [MESSAGE][PASSED] - Object: 'Object Repository/Page_/button_Login' is clicked on

2020-12-21 18:46:49 - [MESSAGE][PASSED] - Login IST with valid credentials

2020-12-21 18:46:49 - [TEST_STEP][PASSED] - Login Success for contract dispatcher: Login Success for contract dispatcher

2020-12-21 18:46:49 - [MESSAGE][INFO] - Login Success

2020-12-21 18:46:49 - [MESSAGE][PASSED] - Current window maximized

2020-12-21 18:46:49 - [MESSAGE][PASSED] - Object 'Object Repository/Page_/h1_Welcome to IT Supporting Tools' is present

2020-12-21 18:46:49 - [MESSAGE][PASSED] - Login Success for contract dispatcher

2020-12-21 18:46:49 - [TEST_STEP][PASSED] - Select Menu "Contract Dispatcher": Select Menu "Contract Dispatcher"

2020-12-21 18:46:49 - [MESSAGE][PASSED] - Taking screenshot successfully
[[ATTACHMENT|/Users/chaidir.pratama01/Documents/Docs/Katalon Studio/Screenshot/test-Contract Dispatcher.png]]

2020-12-21 18:46:49 - [MESSAGE][PASSED] - Object '' is present

2020-12-21 18:46:49 - [MESSAGE][PASSED] - Object: '' is clicked on

2020-12-21 18:46:49 - [MESSAGE][PASSED] - Wait for page load successfully

2020-12-21 18:46:49 - [MESSAGE][PASSED] - Select Menu "Contract Dispatcher"

2020-12-21 18:46:49 - [TEST_STEP][PASSED] - Select Contract Number based on Type Contract "BPKB": Select Contract Number based on Type Contract "BPKB"

2020-12-21 18:46:50 - [MESSAGE][PASSED] - Object '' is present

2020-12-21 18:47:21 - [MESSAGE][INFO] - Unable to find the element located by 'By.xpath: //span[contains(text(),'333')]/../../following-sibling::td[1]/div/span[contains(text(),'BPKB')]'. Please recheck the objects properties to make sure the desired element is located. 

2020-12-21 18:47:21 - [MESSAGE][WARNING] - com.kms.katalon.core.webui.exception.WebElementNotFoundException: Web element with id: '' located by '//span[contains(text(),'333')]/../../following-sibling::td[1]/div/span[contains(text(),'BPKB')]' not found (Root cause: com.kms.katalon.core.exception.StepFailedException: com.kms.katalon.core.webui.exception.WebElementNotFoundException: Web element with id: '' located by '//span[contains(text(),'333')]/../../following-sibling::td[1]/div/span[contains(text(),'BPKB')]' not found
	at com.kms.katalon.core.webui.keyword.internal.WebUIKeywordMain.stepFailed(WebUIKeywordMain.groovy:64)
	at com.kms.katalon.core.webui.keyword.builtin.VerifyElementPresentKeyword$_verifyElementPresent_closure1.doCall(VerifyElementPresentKeyword.groovy:85)
	at com.kms.katalon.core.webui.keyword.builtin.VerifyElementPresentKeyword$_verifyElementPresent_closure1.call(VerifyElementPresentKeyword.groovy)
	at com.kms.katalon.core.webui.keyword.internal.WebUIKeywordMain.runKeyword(WebUIKeywordMain.groovy:20)
	at com.kms.katalon.core.webui.keyword.builtin.VerifyElementPresentKeyword.verifyElementPresent(VerifyElementPresentKeyword.groovy:92)
	at com.kms.katalon.core.webui.keyword.builtin.VerifyElementPresentKeyword.execute(VerifyElementPresentKeyword.groovy:68)
	at com.kms.katalon.core.keyword.internal.KeywordExecutor.executeKeywordForPlatform(KeywordExecutor.groovy:73)
	at com.kms.katalon.core.webui.keyword.WebUiBuiltInKeywords.verifyElementPresent(WebUiBuiltInKeywords.groovy:1444)
	at com.kms.katalon.core.webui.keyword.WebUiBuiltInKeywords$verifyElementPresent$15.call(Unknown Source)
	at ist_real.Contract_Dispatcher.Contract_Number_based_Type_Contract(Contract_Dispatcher.groovy:343)
	at cucumber.runtime.Utils$1.call(Utils.java:26)
	at cucumber.runtime.Timeout.timeout(Timeout.java:16)
	at cucumber.runtime.Utils.invoke(Utils.java:20)
	at cucumber.runtime.java.JavaStepDefinition.execute(JavaStepDefinition.java:48)
	at cucumber.runtime.PickleStepDefinitionMatch.runStep(PickleStepDefinitionMatch.java:50)
	at cucumber.runner.TestStep.executeStep(TestStep.java:55)
	at cucumber.runner.TestStep.run(TestStep.java:42)
	at cucumber.runner.PickleStepTestStep.run(PickleStepTestStep.java:53)
	at cucumber.runner.TestCase.run(TestCase.java:47)
	at cucumber.runner.Runner.runPickle(Runner.java:44)
	at cucumber.runtime.Runtime.runFeature(Runtime.java:120)
	at cucumber.runtime.Runtime.run(Runtime.java:106)
	at cucumber.api.cli.Main.run(Main.java:35)
	at cucumber.api.cli.Main$run.call(Unknown Source)
	at com.kms.katalon.core.cucumber.keyword.CucumberBuiltinKeywords$_runFeatureFile_closure1.doCall(CucumberBuiltinKeywords.groovy:76)
	at com.kms.katalon.core.cucumber.keyword.CucumberBuiltinKeywords$_runFeatureFile_closure1.doCall(CucumberBuiltinKeywords.groovy)
	at com.kms.katalon.core.keyword.internal.KeywordMain.runKeyword(KeywordMain.groovy:68)
	at com.kms.katalon.core.keyword.internal.KeywordMain$runKeyword.call(Unknown Source)
	at com.kms.katalon.core.cucumber.keyword.CucumberBuiltinKeywords.runFeatureFile(CucumberBuiltinKeywords.groovy:46)
	at com.kms.katalon.core.cucumber.keyword.CucumberBuiltinKeywords$runFeatureFile$0.callStatic(Unknown Source)
	at com.kms.katalon.core.cucumber.keyword.CucumberBuiltinKeywords.runFeatureFile(CucumberBuiltinKeywords.groovy:169)
	at com.kms.katalon.core.cucumber.keyword.CucumberBuiltinKeywords$runFeatureFile.call(Unknown Source)
	at BPKB_Does_Not_Exist_in_Contract_Dispatcher_Menu.run(BPKB_Does_Not_Exist_in_Contract_Dispatcher_Menu:16)
	at com.kms.katalon.core.main.ScriptEngine.run(ScriptEngine.java:194)
	at com.kms.katalon.core.main.ScriptEngine.runScriptAsRawText(ScriptEngine.java:119)
	at com.kms.katalon.core.main.TestCaseExecutor.runScript(TestCaseExecutor.java:339)
	at com.kms.katalon.core.main.TestCaseExecutor.doExecute(TestCaseExecutor.java:330)
	at com.kms.katalon.core.main.TestCaseExecutor.processExecutionPhase(TestCaseExecutor.java:309)
	at com.kms.katalon.core.main.TestCaseExecutor.accessMainPhase(TestCaseExecutor.java:301)
	at com.kms.katalon.core.main.TestCaseExecutor.execute(TestCaseExecutor.java:235)
	at com.kms.katalon.core.main.TestSuiteExecutor.accessTestCaseMainPhase(TestSuiteExecutor.java:191)
	at com.kms.katalon.core.main.TestSuiteExecutor.accessTestSuiteMainPhase(TestSuiteExecutor.java:141)
	at com.kms.katalon.core.main.TestSuiteExecutor.execute(TestSuiteExecutor.java:90)
	at com.kms.katalon.core.main.TestCaseMain.startTestSuite(TestCaseMain.java:157)
	at com.kms.katalon.core.main.TestCaseMain$startTestSuite$0.call(Unknown Source)
	at TempTestSuite1608549027003.run(TempTestSuite1608549027003.groovy:39)
)
[[ATTACHMENT|/Users/chaidir.pratama01/Katalon Studio/IST_Automation_Git/Reports/20201221_181020/CONTRACT_DISPATCHER_BPKB/TS_CONTRACT_DISPATCHER_BPKB/20201221_181027/1608551241352.png]]

2020-12-21 18:47:21 - [MESSAGE][PASSED] - Select Contract Number based on Type Contract "BPKB"

2020-12-21 18:47:21 - [TEST_STEP][PASSED] - Comment "Type Contract BPKB Does Not Exist": Comment "Type Contract BPKB Does Not Exist"

2020-12-21 18:47:21 - [MESSAGE][INFO] - Type Contract BPKB Does Not Exist

2020-12-21 18:47:21 - [MESSAGE][PASSED] - Comment "Type Contract BPKB Does Not Exist"

2020-12-21 18:47:21 - [TEST_STEP][PASSED] - Click button "Logout": Click button "Logout"

2020-12-21 18:47:21 - [MESSAGE][INFO] - >>>>>//Button[contains(text(),'Logout')]

2020-12-21 18:47:24 - [MESSAGE][PASSED] - Object '' is present

2020-12-21 18:47:25 - [MESSAGE][PASSED] - Object: '' is clicked on

2020-12-21 18:47:25 - [MESSAGE][PASSED] - Switched to window with index: '0'

2020-12-21 18:47:25 - [MESSAGE][PASSED] - Click button "Logout"

2020-12-21 18:47:25 - [TEST_STEP][PASSED] - Close browser: Close browser

2020-12-21 18:47:25 - [MESSAGE][PASSED] - Browser is closed

2020-12-21 18:47:25 - [MESSAGE][PASSED] - Close browser

2020-12-21 18:47:25 - [MESSAGE][PASSED] - Feature file: 'Include/features/IST_Real/CONTRACT_DISPATCHER_BPKB/BPKB_Does_Not_Exist_in_Contract_Dispatcher_Menu.feature' was passed]]></system-out>
         <system-err><![CDATA[]]></system-err>
      </testcase>
      <testcase name="Test Cases/IST_Real/CONTRACT_DISPATCHER_BPKB/Update_Tbl_CDS_CDC_TRKRegMistake" time="43.367" classname="Test Cases/IST_Real/CONTRACT_DISPATCHER_BPKB/Update_Tbl_CDS_CDC_TRKRegMistake" status="FAILED">
         <failure type="FAILED" message="Test Cases/IST_Real/CONTRACT_DISPATCHER_BPKB/Update_Tbl_CDS_CDC_TRKRegMistake FAILED.
Reason:
com.kms.katalon.core.exception.StepFailedException: Feature file 'Include/features/IST_Real/CONTRACT_DISPATCHER_BPKB/Update_Tbl_CDS_CDC_TRKRegMistake.feature' was failed
	at com.kms.katalon.core.keyword.internal.KeywordMain.stepFailed(KeywordMain.groovy:50)
	at com.kms.katalon.core.keyword.internal.KeywordMain.stepFailed(KeywordMain.groovy)
	at com.kms.katalon.core.keyword.internal.KeywordMain.stepFailed(KeywordMain.groovy:23)
	at com.kms.katalon.core.keyword.internal.KeywordMain$stepFailed$0.call(Unknown Source)
	at com.kms.katalon.core.cucumber.keyword.CucumberBuiltinKeywords$_runFeatureFile_closure1.doCall(CucumberBuiltinKeywords.groovy:82)
	at com.kms.katalon.core.cucumber.keyword.CucumberBuiltinKeywords$_runFeatureFile_closure1.doCall(CucumberBuiltinKeywords.groovy)
	at com.kms.katalon.core.keyword.internal.KeywordMain.runKeyword(KeywordMain.groovy:68)
	at com.kms.katalon.core.keyword.internal.KeywordMain$runKeyword.call(Unknown Source)
	at com.kms.katalon.core.cucumber.keyword.CucumberBuiltinKeywords.runFeatureFile(CucumberBuiltinKeywords.groovy:46)
	at com.kms.katalon.core.cucumber.keyword.CucumberBuiltinKeywords$runFeatureFile$0.callStatic(Unknown Source)
	at com.kms.katalon.core.cucumber.keyword.CucumberBuiltinKeywords.runFeatureFile(CucumberBuiltinKeywords.groovy:169)
	at com.kms.katalon.core.cucumber.keyword.CucumberBuiltinKeywords$runFeatureFile.call(Unknown Source)
	at Update_Tbl_CDS_CDC_TRKRegMistake.run(Update_Tbl_CDS_CDC_TRKRegMistake:18)
	at com.kms.katalon.core.main.ScriptEngine.run(ScriptEngine.java:194)
	at com.kms.katalon.core.main.ScriptEngine.runScriptAsRawText(ScriptEngine.java:119)
	at com.kms.katalon.core.main.TestCaseExecutor.runScript(TestCaseExecutor.java:339)
	at com.kms.katalon.core.main.TestCaseExecutor.doExecute(TestCaseExecutor.java:330)
	at com.kms.katalon.core.main.TestCaseExecutor.processExecutionPhase(TestCaseExecutor.java:309)
	at com.kms.katalon.core.main.TestCaseExecutor.accessMainPhase(TestCaseExecutor.java:301)
	at com.kms.katalon.core.main.TestCaseExecutor.execute(TestCaseExecutor.java:235)
	at com.kms.katalon.core.main.TestSuiteExecutor.accessTestCaseMainPhase(TestSuiteExecutor.java:191)
	at com.kms.katalon.core.main.TestSuiteExecutor.accessTestSuiteMainPhase(TestSuiteExecutor.java:141)
	at com.kms.katalon.core.main.TestSuiteExecutor.execute(TestSuiteExecutor.java:90)
	at com.kms.katalon.core.main.TestCaseMain.startTestSuite(TestCaseMain.java:157)
	at com.kms.katalon.core.main.TestCaseMain$startTestSuite$0.call(Unknown Source)
	at TempTestSuite1608549027003.run(TempTestSuite1608549027003.groovy:39)
"/>
         <system-out><![CDATA[2020-12-21 18:47:25 - [TEST_CASE][FAILED] - Test Cases/IST_Real/CONTRACT_DISPATCHER_BPKB/Update_Tbl_CDS_CDC_TRKRegMistake: Test Cases/IST_Real/CONTRACT_DISPATCHER_BPKB/Update_Tbl_CDS_CDC_TRKRegMistake FAILED.
Reason:
com.kms.katalon.core.exception.StepFailedException: Feature file 'Include/features/IST_Real/CONTRACT_DISPATCHER_BPKB/Update_Tbl_CDS_CDC_TRKRegMistake.feature' was failed
	at com.kms.katalon.core.keyword.internal.KeywordMain.stepFailed(KeywordMain.groovy:50)
	at com.kms.katalon.core.keyword.internal.KeywordMain.stepFailed(KeywordMain.groovy)
	at com.kms.katalon.core.keyword.internal.KeywordMain.stepFailed(KeywordMain.groovy:23)
	at com.kms.katalon.core.keyword.internal.KeywordMain$stepFailed$0.call(Unknown Source)
	at com.kms.katalon.core.cucumber.keyword.CucumberBuiltinKeywords$_runFeatureFile_closure1.doCall(CucumberBuiltinKeywords.groovy:82)
	at com.kms.katalon.core.cucumber.keyword.CucumberBuiltinKeywords$_runFeatureFile_closure1.doCall(CucumberBuiltinKeywords.groovy)
	at com.kms.katalon.core.keyword.internal.KeywordMain.runKeyword(KeywordMain.groovy:68)
	at com.kms.katalon.core.keyword.internal.KeywordMain$runKeyword.call(Unknown Source)
	at com.kms.katalon.core.cucumber.keyword.CucumberBuiltinKeywords.runFeatureFile(CucumberBuiltinKeywords.groovy:46)
	at com.kms.katalon.core.cucumber.keyword.CucumberBuiltinKeywords$runFeatureFile$0.callStatic(Unknown Source)
	at com.kms.katalon.core.cucumber.keyword.CucumberBuiltinKeywords.runFeatureFile(CucumberBuiltinKeywords.groovy:169)
	at com.kms.katalon.core.cucumber.keyword.CucumberBuiltinKeywords$runFeatureFile.call(Unknown Source)
	at Update_Tbl_CDS_CDC_TRKRegMistake.run(Update_Tbl_CDS_CDC_TRKRegMistake:18)
	at com.kms.katalon.core.main.ScriptEngine.run(ScriptEngine.java:194)
	at com.kms.katalon.core.main.ScriptEngine.runScriptAsRawText(ScriptEngine.java:119)
	at com.kms.katalon.core.main.TestCaseExecutor.runScript(TestCaseExecutor.java:339)
	at com.kms.katalon.core.main.TestCaseExecutor.doExecute(TestCaseExecutor.java:330)
	at com.kms.katalon.core.main.TestCaseExecutor.processExecutionPhase(TestCaseExecutor.java:309)
	at com.kms.katalon.core.main.TestCaseExecutor.accessMainPhase(TestCaseExecutor.java:301)
	at com.kms.katalon.core.main.TestCaseExecutor.execute(TestCaseExecutor.java:235)
	at com.kms.katalon.core.main.TestSuiteExecutor.accessTestCaseMainPhase(TestSuiteExecutor.java:191)
	at com.kms.katalon.core.main.TestSuiteExecutor.accessTestSuiteMainPhase(TestSuiteExecutor.java:141)
	at com.kms.katalon.core.main.TestSuiteExecutor.execute(TestSuiteExecutor.java:90)
	at com.kms.katalon.core.main.TestCaseMain.startTestSuite(TestCaseMain.java:157)
	at com.kms.katalon.core.main.TestCaseMain$startTestSuite$0.call(Unknown Source)
	at TempTestSuite1608549027003.run(TempTestSuite1608549027003.groovy:39)


2020-12-21 18:47:25 - [TEST_STEP][FAILED] - runFeatureFile("Include/features/IST_Real/CONTRACT_DISPATCHER_BPKB/Update_Tbl_CDS_CDC_TRKRegMistake.feature"): Keyword runFeatureFile was failed (Root cause: com.kms.katalon.core.exception.StepFailedException: Feature file 'Include/features/IST_Real/CONTRACT_DISPATCHER_BPKB/Update_Tbl_CDS_CDC_TRKRegMistake.feature' was failed
	at com.kms.katalon.core.keyword.internal.KeywordMain.stepFailed(KeywordMain.groovy:50)
	at com.kms.katalon.core.keyword.internal.KeywordMain.stepFailed(KeywordMain.groovy)
	at com.kms.katalon.core.keyword.internal.KeywordMain.stepFailed(KeywordMain.groovy:23)
	at com.kms.katalon.core.keyword.internal.KeywordMain$stepFailed$0.call(Unknown Source)
	at com.kms.katalon.core.cucumber.keyword.CucumberBuiltinKeywords$_runFeatureFile_closure1.doCall(CucumberBuiltinKeywords.groovy:82)
	at com.kms.katalon.core.cucumber.keyword.CucumberBuiltinKeywords$_runFeatureFile_closure1.doCall(CucumberBuiltinKeywords.groovy)
	at com.kms.katalon.core.keyword.internal.KeywordMain.runKeyword(KeywordMain.groovy:68)
	at com.kms.katalon.core.keyword.internal.KeywordMain$runKeyword.call(Unknown Source)
	at com.kms.katalon.core.cucumber.keyword.CucumberBuiltinKeywords.runFeatureFile(CucumberBuiltinKeywords.groovy:46)
	at com.kms.katalon.core.cucumber.keyword.CucumberBuiltinKeywords$runFeatureFile$0.callStatic(Unknown Source)
	at com.kms.katalon.core.cucumber.keyword.CucumberBuiltinKeywords.runFeatureFile(CucumberBuiltinKeywords.groovy:169)
	at com.kms.katalon.core.cucumber.keyword.CucumberBuiltinKeywords$runFeatureFile.call(Unknown Source)
	at Update_Tbl_CDS_CDC_TRKRegMistake.run(Update_Tbl_CDS_CDC_TRKRegMistake:18)
	at com.kms.katalon.core.main.ScriptEngine.run(ScriptEngine.java:194)
	at com.kms.katalon.core.main.ScriptEngine.runScriptAsRawText(ScriptEngine.java:119)
	at com.kms.katalon.core.main.TestCaseExecutor.runScript(TestCaseExecutor.java:339)
	at com.kms.katalon.core.main.TestCaseExecutor.doExecute(TestCaseExecutor.java:330)
	at com.kms.katalon.core.main.TestCaseExecutor.processExecutionPhase(TestCaseExecutor.java:309)
	at com.kms.katalon.core.main.TestCaseExecutor.accessMainPhase(TestCaseExecutor.java:301)
	at com.kms.katalon.core.main.TestCaseExecutor.execute(TestCaseExecutor.java:235)
	at com.kms.katalon.core.main.TestSuiteExecutor.accessTestCaseMainPhase(TestSuiteExecutor.java:191)
	at com.kms.katalon.core.main.TestSuiteExecutor.accessTestSuiteMainPhase(TestSuiteExecutor.java:141)
	at com.kms.katalon.core.main.TestSuiteExecutor.execute(TestSuiteExecutor.java:90)
	at com.kms.katalon.core.main.TestCaseMain.startTestSuite(TestCaseMain.java:157)
	at com.kms.katalon.core.main.TestCaseMain$startTestSuite$0.call(Unknown Source)
	at TempTestSuite1608549027003.run(TempTestSuite1608549027003.groovy:39)
)

2020-12-21 18:47:25 - [MESSAGE][INFO] - Starting run keyword runFeatureFile: 'Include/features/IST_Real/CONTRACT_DISPATCHER_BPKB/Update_Tbl_CDS_CDC_TRKRegMistake.feature' and extract report to folder: '/Users/chaidir.pratama01/Katalon Studio/IST_Automation_Git/Reports/20201221_181020/CONTRACT_DISPATCHER_BPKB/TS_CONTRACT_DISPATCHER_BPKB/20201221_181027/cucumber_report/1608551245358'...

2020-12-21 18:47:25 - [TEST_CASE][ERROR] - Start Test Case : SCENARIO Update Table CONTRACT_DISPATCHER_SOURCE and CONTRACT_DISPTACHER_CLAIM: SCENARIO Update Table CONTRACT_DISPATCHER_SOURCE and CONTRACT_DISPTACHER_CLAIM FAILED.
Reason:
java.sql.SQLRecoverableException: IO Error: Operation timed out (Read failed)
	at oracle.jdbc.driver.T4CConnection.logoff(T4CConnection.java:857)
	at oracle.jdbc.driver.PhysicalConnection.close(PhysicalConnection.java:2502)
	at java_sql_Connection$close$0.call(Unknown Source)
	at Conn_DB.connectDB(Conn_DB.groovy:63)
	at Conn_DB$connectDB.call(Unknown Source)
	at CustomKeywords.Conn_DB.connectDB(CustomKeywords.groovy:200)
	at try_it_out_Conn_DB.Conn_DB(try_it_out_Conn_DB.groovy:62)
	at ✽.Connect to Database(/Users/chaidir.pratama01/Katalon Studio/IST_Automation_Git/Include/features/IST_Real/CONTRACT_DISPATCHER_BPKB/Update_Tbl_CDS_CDC_TRKRegMistake.feature:26)
Caused by: java.net.SocketException: Operation timed out (Read failed)
	at oracle.net.ns.Packet.receive(Packet.java:311)
	at oracle.net.ns.DataPacket.receive(DataPacket.java:105)
	at oracle.net.ns.NetInputStream.getNextPacket(NetInputStream.java:305)
	at oracle.net.ns.NetInputStream.read(NetInputStream.java:249)
	at oracle.net.ns.NetInputStream.read(NetInputStream.java:171)
	at oracle.net.ns.NetInputStream.read(NetInputStream.java:89)
	at oracle.jdbc.driver.T4CSocketInputStreamWrapper.readNextPacket(T4CSocketInputStreamWrapper.java:123)
	at oracle.jdbc.driver.T4CSocketInputStreamWrapper.read(T4CSocketInputStreamWrapper.java:79)
	at oracle.jdbc.driver.T4CMAREngineStream.unmarshalUB1(T4CMAREngineStream.java:429)
	at oracle.jdbc.driver.T4CTTIfun.receive(T4CTTIfun.java:397)
	at oracle.jdbc.driver.T4CTTIfun.doRPC(T4CTTIfun.java:257)
	at oracle.jdbc.driver.T4C7Ocommoncall.doOLOGOFF(T4C7Ocommoncall.java:59)
	at oracle.jdbc.driver.T4CConnection.logoff(T4CConnection.java:844)
	at oracle.jdbc.driver.PhysicalConnection.close(PhysicalConnection.java:2502)
	at java_sql_Connection$close$0.call(Unknown Source)
	at Conn_DB.connectDB(Conn_DB.groovy:63)
	at Conn_DB$connectDB.call(Unknown Source)
	at CustomKeywords.Conn_DB.connectDB(CustomKeywords.groovy:200)
	at try_it_out_Conn_DB.Conn_DB(try_it_out_Conn_DB.groovy:62)
	at cucumber.runtime.Utils$1.call(Utils.java:26)
	at cucumber.runtime.Timeout.timeout(Timeout.java:16)
	at cucumber.runtime.Utils.invoke(Utils.java:20)
	at cucumber.runtime.java.JavaStepDefinition.execute(JavaStepDefinition.java:48)
	at cucumber.runtime.PickleStepDefinitionMatch.runStep(PickleStepDefinitionMatch.java:50)
	at cucumber.runner.TestStep.executeStep(TestStep.java:55)
	at cucumber.runner.TestStep.run(TestStep.java:42)
	at cucumber.runner.PickleStepTestStep.run(PickleStepTestStep.java:53)
	at cucumber.runner.TestCase.run(TestCase.java:47)
	at cucumber.runner.Runner.runPickle(Runner.java:44)
	at cucumber.runtime.Runtime.runFeature(Runtime.java:120)
	at cucumber.runtime.Runtime.run(Runtime.java:106)
	at cucumber.api.cli.Main.run(Main.java:35)
	at cucumber.api.cli.Main$run.call(Unknown Source)
	at com.kms.katalon.core.cucumber.keyword.CucumberBuiltinKeywords$_runFeatureFile_closure1.doCall(CucumberBuiltinKeywords.groovy:76)
	at com.kms.katalon.core.cucumber.keyword.CucumberBuiltinKeywords$_runFeatureFile_closure1.doCall(CucumberBuiltinKeywords.groovy)
	at com.kms.katalon.core.keyword.internal.KeywordMain.runKeyword(KeywordMain.groovy:68)
	at com.kms.katalon.core.keyword.internal.KeywordMain$runKeyword.call(Unknown Source)
	at com.kms.katalon.core.cucumber.keyword.CucumberBuiltinKeywords.runFeatureFile(CucumberBuiltinKeywords.groovy:46)
	at com.kms.katalon.core.cucumber.keyword.CucumberBuiltinKeywords$runFeatureFile$0.callStatic(Unknown Source)
	at com.kms.katalon.core.cucumber.keyword.CucumberBuiltinKeywords.runFeatureFile(CucumberBuiltinKeywords.groovy:169)
	at com.kms.katalon.core.cucumber.keyword.CucumberBuiltinKeywords$runFeatureFile.call(Unknown Source)
	at Update_Tbl_CDS_CDC_TRKRegMistake.run(Update_Tbl_CDS_CDC_TRKRegMistake:18)
	at com.kms.katalon.core.main.ScriptEngine.run(ScriptEngine.java:194)
	at com.kms.katalon.core.main.ScriptEngine.runScriptAsRawText(ScriptEngine.java:119)
	at com.kms.katalon.core.main.TestCaseExecutor.runScript(TestCaseExecutor.java:339)
	at com.kms.katalon.core.main.TestCaseExecutor.doExecute(TestCaseExecutor.java:330)
	at com.kms.katalon.core.main.TestCaseExecutor.processExecutionPhase(TestCaseExecutor.java:309)
	at com.kms.katalon.core.main.TestCaseExecutor.accessMainPhase(TestCaseExecutor.java:301)
	at com.kms.katalon.core.main.TestCaseExecutor.execute(TestCaseExecutor.java:235)
	at com.kms.katalon.core.main.TestSuiteExecutor.accessTestCaseMainPhase(TestSuiteExecutor.java:191)
	at com.kms.katalon.core.main.TestSuiteExecutor.accessTestSuiteMainPhase(TestSuiteExecutor.java:141)
	at com.kms.katalon.core.main.TestSuiteExecutor.execute(TestSuiteExecutor.java:90)
	at com.kms.katalon.core.main.TestCaseMain.startTestSuite(TestCaseMain.java:157)
	at com.kms.katalon.core.main.TestCaseMain$startTestSuite$0.call(Unknown Source)
	at TempTestSuite1608549027003.run(TempTestSuite1608549027003.groovy:39)


2020-12-21 18:47:25 - [TEST_STEP][ERROR] - Connect to Database: Connect to Database FAILED.
Reason:
java.sql.SQLRecoverableException: IO Error: Operation timed out (Read failed)
	at oracle.jdbc.driver.T4CConnection.logoff(T4CConnection.java:857)
	at oracle.jdbc.driver.PhysicalConnection.close(PhysicalConnection.java:2502)
	at java_sql_Connection$close$0.call(Unknown Source)
	at Conn_DB.connectDB(Conn_DB.groovy:63)
	at Conn_DB$connectDB.call(Unknown Source)
	at CustomKeywords.Conn_DB.connectDB(CustomKeywords.groovy:200)
	at try_it_out_Conn_DB.Conn_DB(try_it_out_Conn_DB.groovy:62)
	at ✽.Connect to Database(/Users/chaidir.pratama01/Katalon Studio/IST_Automation_Git/Include/features/IST_Real/CONTRACT_DISPATCHER_BPKB/Update_Tbl_CDS_CDC_TRKRegMistake.feature:26)
Caused by: java.net.SocketException: Operation timed out (Read failed)
	at oracle.net.ns.Packet.receive(Packet.java:311)
	at oracle.net.ns.DataPacket.receive(DataPacket.java:105)
	at oracle.net.ns.NetInputStream.getNextPacket(NetInputStream.java:305)
	at oracle.net.ns.NetInputStream.read(NetInputStream.java:249)
	at oracle.net.ns.NetInputStream.read(NetInputStream.java:171)
	at oracle.net.ns.NetInputStream.read(NetInputStream.java:89)
	at oracle.jdbc.driver.T4CSocketInputStreamWrapper.readNextPacket(T4CSocketInputStreamWrapper.java:123)
	at oracle.jdbc.driver.T4CSocketInputStreamWrapper.read(T4CSocketInputStreamWrapper.java:79)
	at oracle.jdbc.driver.T4CMAREngineStream.unmarshalUB1(T4CMAREngineStream.java:429)
	at oracle.jdbc.driver.T4CTTIfun.receive(T4CTTIfun.java:397)
	at oracle.jdbc.driver.T4CTTIfun.doRPC(T4CTTIfun.java:257)
	at oracle.jdbc.driver.T4C7Ocommoncall.doOLOGOFF(T4C7Ocommoncall.java:59)
	at oracle.jdbc.driver.T4CConnection.logoff(T4CConnection.java:844)
	at oracle.jdbc.driver.PhysicalConnection.close(PhysicalConnection.java:2502)
	at java_sql_Connection$close$0.call(Unknown Source)
	at Conn_DB.connectDB(Conn_DB.groovy:63)
	at Conn_DB$connectDB.call(Unknown Source)
	at CustomKeywords.Conn_DB.connectDB(CustomKeywords.groovy:200)
	at try_it_out_Conn_DB.Conn_DB(try_it_out_Conn_DB.groovy:62)
	at cucumber.runtime.Utils$1.call(Utils.java:26)
	at cucumber.runtime.Timeout.timeout(Timeout.java:16)
	at cucumber.runtime.Utils.invoke(Utils.java:20)
	at cucumber.runtime.java.JavaStepDefinition.execute(JavaStepDefinition.java:48)
	at cucumber.runtime.PickleStepDefinitionMatch.runStep(PickleStepDefinitionMatch.java:50)
	at cucumber.runner.TestStep.executeStep(TestStep.java:55)
	at cucumber.runner.TestStep.run(TestStep.java:42)
	at cucumber.runner.PickleStepTestStep.run(PickleStepTestStep.java:53)
	at cucumber.runner.TestCase.run(TestCase.java:47)
	at cucumber.runner.Runner.runPickle(Runner.java:44)
	at cucumber.runtime.Runtime.runFeature(Runtime.java:120)
	at cucumber.runtime.Runtime.run(Runtime.java:106)
	at cucumber.api.cli.Main.run(Main.java:35)
	at cucumber.api.cli.Main$run.call(Unknown Source)
	at com.kms.katalon.core.cucumber.keyword.CucumberBuiltinKeywords$_runFeatureFile_closure1.doCall(CucumberBuiltinKeywords.groovy:76)
	at com.kms.katalon.core.cucumber.keyword.CucumberBuiltinKeywords$_runFeatureFile_closure1.doCall(CucumberBuiltinKeywords.groovy)
	at com.kms.katalon.core.keyword.internal.KeywordMain.runKeyword(KeywordMain.groovy:68)
	at com.kms.katalon.core.keyword.internal.KeywordMain$runKeyword.call(Unknown Source)
	at com.kms.katalon.core.cucumber.keyword.CucumberBuiltinKeywords.runFeatureFile(CucumberBuiltinKeywords.groovy:46)
	at com.kms.katalon.core.cucumber.keyword.CucumberBuiltinKeywords$runFeatureFile$0.callStatic(Unknown Source)
	at com.kms.katalon.core.cucumber.keyword.CucumberBuiltinKeywords.runFeatureFile(CucumberBuiltinKeywords.groovy:169)
	at com.kms.katalon.core.cucumber.keyword.CucumberBuiltinKeywords$runFeatureFile.call(Unknown Source)
	at Script1602586173655.run(Script1602586173655.groovy:18)
	at com.kms.katalon.core.main.ScriptEngine.run(ScriptEngine.java:194)
	at com.kms.katalon.core.main.ScriptEngine.runScriptAsRawText(ScriptEngine.java:119)
	at com.kms.katalon.core.main.TestCaseExecutor.runScript(TestCaseExecutor.java:339)
	at com.kms.katalon.core.main.TestCaseExecutor.doExecute(TestCaseExecutor.java:330)
	at com.kms.katalon.core.main.TestCaseExecutor.processExecutionPhase(TestCaseExecutor.java:309)
	at com.kms.katalon.core.main.TestCaseExecutor.accessMainPhase(TestCaseExecutor.java:301)
	at com.kms.katalon.core.main.TestCaseExecutor.execute(TestCaseExecutor.java:235)
	at com.kms.katalon.core.main.TestSuiteExecutor.accessTestCaseMainPhase(TestSuiteExecutor.java:191)
	at com.kms.katalon.core.main.TestSuiteExecutor.accessTestSuiteMainPhase(TestSuiteExecutor.java:141)
	at com.kms.katalon.core.main.TestSuiteExecutor.execute(TestSuiteExecutor.java:90)
	at com.kms.katalon.core.main.TestCaseMain.startTestSuite(TestCaseMain.java:157)
	at com.kms.katalon.core.main.TestCaseMain$startTestSuite$0.call(Unknown Source)
	at TempTestSuite1608549027003.run(TempTestSuite1608549027003.groovy:39)


2020-12-21 18:48:08 - [MESSAGE][ERROR] - Connect to Database FAILED.
Reason:
java.sql.SQLRecoverableException: IO Error: Operation timed out (Read failed)
	at oracle.jdbc.driver.T4CConnection.logoff(T4CConnection.java:857)
	at oracle.jdbc.driver.PhysicalConnection.close(PhysicalConnection.java:2502)
	at java_sql_Connection$close$0.call(Unknown Source)
	at Conn_DB.connectDB(Conn_DB.groovy:63)
	at Conn_DB$connectDB.call(Unknown Source)
	at CustomKeywords.Conn_DB.connectDB(CustomKeywords.groovy:200)
	at try_it_out_Conn_DB.Conn_DB(try_it_out_Conn_DB.groovy:62)
	at ✽.Connect to Database(/Users/chaidir.pratama01/Katalon Studio/IST_Automation_Git/Include/features/IST_Real/CONTRACT_DISPATCHER_BPKB/Update_Tbl_CDS_CDC_TRKRegMistake.feature:26)
Caused by: java.net.SocketException: Operation timed out (Read failed)
	at oracle.net.ns.Packet.receive(Packet.java:311)
	at oracle.net.ns.DataPacket.receive(DataPacket.java:105)
	at oracle.net.ns.NetInputStream.getNextPacket(NetInputStream.java:305)
	at oracle.net.ns.NetInputStream.read(NetInputStream.java:249)
	at oracle.net.ns.NetInputStream.read(NetInputStream.java:171)
	at oracle.net.ns.NetInputStream.read(NetInputStream.java:89)
	at oracle.jdbc.driver.T4CSocketInputStreamWrapper.readNextPacket(T4CSocketInputStreamWrapper.java:123)
	at oracle.jdbc.driver.T4CSocketInputStreamWrapper.read(T4CSocketInputStreamWrapper.java:79)
	at oracle.jdbc.driver.T4CMAREngineStream.unmarshalUB1(T4CMAREngineStream.java:429)
	at oracle.jdbc.driver.T4CTTIfun.receive(T4CTTIfun.java:397)
	at oracle.jdbc.driver.T4CTTIfun.doRPC(T4CTTIfun.java:257)
	at oracle.jdbc.driver.T4C7Ocommoncall.doOLOGOFF(T4C7Ocommoncall.java:59)
	at oracle.jdbc.driver.T4CConnection.logoff(T4CConnection.java:844)
	at oracle.jdbc.driver.PhysicalConnection.close(PhysicalConnection.java:2502)
	at java_sql_Connection$close$0.call(Unknown Source)
	at Conn_DB.connectDB(Conn_DB.groovy:63)
	at Conn_DB$connectDB.call(Unknown Source)
	at CustomKeywords.Conn_DB.connectDB(CustomKeywords.groovy:200)
	at try_it_out_Conn_DB.Conn_DB(try_it_out_Conn_DB.groovy:62)
	at cucumber.runtime.Utils$1.call(Utils.java:26)
	at cucumber.runtime.Timeout.timeout(Timeout.java:16)
	at cucumber.runtime.Utils.invoke(Utils.java:20)
	at cucumber.runtime.java.JavaStepDefinition.execute(JavaStepDefinition.java:48)
	at cucumber.runtime.PickleStepDefinitionMatch.runStep(PickleStepDefinitionMatch.java:50)
	at cucumber.runner.TestStep.executeStep(TestStep.java:55)
	at cucumber.runner.TestStep.run(TestStep.java:42)
	at cucumber.runner.PickleStepTestStep.run(PickleStepTestStep.java:53)
	at cucumber.runner.TestCase.run(TestCase.java:47)
	at cucumber.runner.Runner.runPickle(Runner.java:44)
	at cucumber.runtime.Runtime.runFeature(Runtime.java:120)
	at cucumber.runtime.Runtime.run(Runtime.java:106)
	at cucumber.api.cli.Main.run(Main.java:35)
	at cucumber.api.cli.Main$run.call(Unknown Source)
	at com.kms.katalon.core.cucumber.keyword.CucumberBuiltinKeywords$_runFeatureFile_closure1.doCall(CucumberBuiltinKeywords.groovy:76)
	at com.kms.katalon.core.cucumber.keyword.CucumberBuiltinKeywords$_runFeatureFile_closure1.doCall(CucumberBuiltinKeywords.groovy)
	at com.kms.katalon.core.keyword.internal.KeywordMain.runKeyword(KeywordMain.groovy:68)
	at com.kms.katalon.core.keyword.internal.KeywordMain$runKeyword.call(Unknown Source)
	at com.kms.katalon.core.cucumber.keyword.CucumberBuiltinKeywords.runFeatureFile(CucumberBuiltinKeywords.groovy:46)
	at com.kms.katalon.core.cucumber.keyword.CucumberBuiltinKeywords$runFeatureFile$0.callStatic(Unknown Source)
	at com.kms.katalon.core.cucumber.keyword.CucumberBuiltinKeywords.runFeatureFile(CucumberBuiltinKeywords.groovy:169)
	at com.kms.katalon.core.cucumber.keyword.CucumberBuiltinKeywords$runFeatureFile.call(Unknown Source)
	at Script1602586173655.run(Script1602586173655.groovy:18)
	at com.kms.katalon.core.main.ScriptEngine.run(ScriptEngine.java:194)
	at com.kms.katalon.core.main.ScriptEngine.runScriptAsRawText(ScriptEngine.java:119)
	at com.kms.katalon.core.main.TestCaseExecutor.runScript(TestCaseExecutor.java:339)
	at com.kms.katalon.core.main.TestCaseExecutor.doExecute(TestCaseExecutor.java:330)
	at com.kms.katalon.core.main.TestCaseExecutor.processExecutionPhase(TestCaseExecutor.java:309)
	at com.kms.katalon.core.main.TestCaseExecutor.accessMainPhase(TestCaseExecutor.java:301)
	at com.kms.katalon.core.main.TestCaseExecutor.execute(TestCaseExecutor.java:235)
	at com.kms.katalon.core.main.TestSuiteExecutor.accessTestCaseMainPhase(TestSuiteExecutor.java:191)
	at com.kms.katalon.core.main.TestSuiteExecutor.accessTestSuiteMainPhase(TestSuiteExecutor.java:141)
	at com.kms.katalon.core.main.TestSuiteExecutor.execute(TestSuiteExecutor.java:90)
	at com.kms.katalon.core.main.TestCaseMain.startTestSuite(TestCaseMain.java:157)
	at com.kms.katalon.core.main.TestCaseMain$startTestSuite$0.call(Unknown Source)
	at TempTestSuite1608549027003.run(TempTestSuite1608549027003.groovy:39)


2020-12-21 18:48:08 - [TEST_STEP][NOT_RUN] - Update Tbl CONTRACT DISPATCHER SRC BPKB To Change PROCESSED From Y to N For BPKB: Update Tbl CONTRACT DISPATCHER SRC BPKB To Change PROCESSED From Y to N For BPKB

2020-12-21 18:48:08 - [MESSAGE][NOT_RUN] - Update Tbl CONTRACT DISPATCHER SRC BPKB To Change PROCESSED From Y to N For BPKB

2020-12-21 18:48:08 - [TEST_STEP][NOT_RUN] - Update Tbl CONTRACT DISPATCHER CLAIM To Delete PROCESS From Column STATUS: Update Tbl CONTRACT DISPATCHER CLAIM To Delete PROCESS From Column STATUS

2020-12-21 18:48:08 - [MESSAGE][NOT_RUN] - Update Tbl CONTRACT DISPATCHER CLAIM To Delete PROCESS From Column STATUS

2020-12-21 18:48:08 - [TEST_STEP][NOT_RUN] - Delete Contract From TRK_REGISTRATION_MISTAKE: Delete Contract From TRK_REGISTRATION_MISTAKE

2020-12-21 18:48:08 - [MESSAGE][NOT_RUN] - Delete Contract From TRK_REGISTRATION_MISTAKE

2020-12-21 18:48:08 - [MESSAGE][FAILED] - Feature file 'Include/features/IST_Real/CONTRACT_DISPATCHER_BPKB/Update_Tbl_CDS_CDC_TRKRegMistake.feature' was failed

2020-12-21 18:48:08 - [MESSAGE][FAILED] - Keyword runFeatureFile was failed (Root cause: com.kms.katalon.core.exception.StepFailedException: Feature file 'Include/features/IST_Real/CONTRACT_DISPATCHER_BPKB/Update_Tbl_CDS_CDC_TRKRegMistake.feature' was failed
	at com.kms.katalon.core.keyword.internal.KeywordMain.stepFailed(KeywordMain.groovy:50)
	at com.kms.katalon.core.keyword.internal.KeywordMain.stepFailed(KeywordMain.groovy)
	at com.kms.katalon.core.keyword.internal.KeywordMain.stepFailed(KeywordMain.groovy:23)
	at com.kms.katalon.core.keyword.internal.KeywordMain$stepFailed$0.call(Unknown Source)
	at com.kms.katalon.core.cucumber.keyword.CucumberBuiltinKeywords$_runFeatureFile_closure1.doCall(CucumberBuiltinKeywords.groovy:82)
	at com.kms.katalon.core.cucumber.keyword.CucumberBuiltinKeywords$_runFeatureFile_closure1.doCall(CucumberBuiltinKeywords.groovy)
	at com.kms.katalon.core.keyword.internal.KeywordMain.runKeyword(KeywordMain.groovy:68)
	at com.kms.katalon.core.keyword.internal.KeywordMain$runKeyword.call(Unknown Source)
	at com.kms.katalon.core.cucumber.keyword.CucumberBuiltinKeywords.runFeatureFile(CucumberBuiltinKeywords.groovy:46)
	at com.kms.katalon.core.cucumber.keyword.CucumberBuiltinKeywords$runFeatureFile$0.callStatic(Unknown Source)
	at com.kms.katalon.core.cucumber.keyword.CucumberBuiltinKeywords.runFeatureFile(CucumberBuiltinKeywords.groovy:169)
	at com.kms.katalon.core.cucumber.keyword.CucumberBuiltinKeywords$runFeatureFile.call(Unknown Source)
	at Update_Tbl_CDS_CDC_TRKRegMistake.run(Update_Tbl_CDS_CDC_TRKRegMistake:18)
	at com.kms.katalon.core.main.ScriptEngine.run(ScriptEngine.java:194)
	at com.kms.katalon.core.main.ScriptEngine.runScriptAsRawText(ScriptEngine.java:119)
	at com.kms.katalon.core.main.TestCaseExecutor.runScript(TestCaseExecutor.java:339)
	at com.kms.katalon.core.main.TestCaseExecutor.doExecute(TestCaseExecutor.java:330)
	at com.kms.katalon.core.main.TestCaseExecutor.processExecutionPhase(TestCaseExecutor.java:309)
	at com.kms.katalon.core.main.TestCaseExecutor.accessMainPhase(TestCaseExecutor.java:301)
	at com.kms.katalon.core.main.TestCaseExecutor.execute(TestCaseExecutor.java:235)
	at com.kms.katalon.core.main.TestSuiteExecutor.accessTestCaseMainPhase(TestSuiteExecutor.java:191)
	at com.kms.katalon.core.main.TestSuiteExecutor.accessTestSuiteMainPhase(TestSuiteExecutor.java:141)
	at com.kms.katalon.core.main.TestSuiteExecutor.execute(TestSuiteExecutor.java:90)
	at com.kms.katalon.core.main.TestCaseMain.startTestSuite(TestCaseMain.java:157)
	at com.kms.katalon.core.main.TestCaseMain$startTestSuite$0.call(Unknown Source)
	at TempTestSuite1608549027003.run(TempTestSuite1608549027003.groovy:39)
)]]></system-out>
         <system-err><![CDATA[2020-12-21 18:47:25 - [TEST_CASE][FAILED] - Test Cases/IST_Real/CONTRACT_DISPATCHER_BPKB/Update_Tbl_CDS_CDC_TRKRegMistake: Test Cases/IST_Real/CONTRACT_DISPATCHER_BPKB/Update_Tbl_CDS_CDC_TRKRegMistake FAILED.
Reason:
com.kms.katalon.core.exception.StepFailedException: Feature file 'Include/features/IST_Real/CONTRACT_DISPATCHER_BPKB/Update_Tbl_CDS_CDC_TRKRegMistake.feature' was failed
	at com.kms.katalon.core.keyword.internal.KeywordMain.stepFailed(KeywordMain.groovy:50)
	at com.kms.katalon.core.keyword.internal.KeywordMain.stepFailed(KeywordMain.groovy)
	at com.kms.katalon.core.keyword.internal.KeywordMain.stepFailed(KeywordMain.groovy:23)
	at com.kms.katalon.core.keyword.internal.KeywordMain$stepFailed$0.call(Unknown Source)
	at com.kms.katalon.core.cucumber.keyword.CucumberBuiltinKeywords$_runFeatureFile_closure1.doCall(CucumberBuiltinKeywords.groovy:82)
	at com.kms.katalon.core.cucumber.keyword.CucumberBuiltinKeywords$_runFeatureFile_closure1.doCall(CucumberBuiltinKeywords.groovy)
	at com.kms.katalon.core.keyword.internal.KeywordMain.runKeyword(KeywordMain.groovy:68)
	at com.kms.katalon.core.keyword.internal.KeywordMain$runKeyword.call(Unknown Source)
	at com.kms.katalon.core.cucumber.keyword.CucumberBuiltinKeywords.runFeatureFile(CucumberBuiltinKeywords.groovy:46)
	at com.kms.katalon.core.cucumber.keyword.CucumberBuiltinKeywords$runFeatureFile$0.callStatic(Unknown Source)
	at com.kms.katalon.core.cucumber.keyword.CucumberBuiltinKeywords.runFeatureFile(CucumberBuiltinKeywords.groovy:169)
	at com.kms.katalon.core.cucumber.keyword.CucumberBuiltinKeywords$runFeatureFile.call(Unknown Source)
	at Update_Tbl_CDS_CDC_TRKRegMistake.run(Update_Tbl_CDS_CDC_TRKRegMistake:18)
	at com.kms.katalon.core.main.ScriptEngine.run(ScriptEngine.java:194)
	at com.kms.katalon.core.main.ScriptEngine.runScriptAsRawText(ScriptEngine.java:119)
	at com.kms.katalon.core.main.TestCaseExecutor.runScript(TestCaseExecutor.java:339)
	at com.kms.katalon.core.main.TestCaseExecutor.doExecute(TestCaseExecutor.java:330)
	at com.kms.katalon.core.main.TestCaseExecutor.processExecutionPhase(TestCaseExecutor.java:309)
	at com.kms.katalon.core.main.TestCaseExecutor.accessMainPhase(TestCaseExecutor.java:301)
	at com.kms.katalon.core.main.TestCaseExecutor.execute(TestCaseExecutor.java:235)
	at com.kms.katalon.core.main.TestSuiteExecutor.accessTestCaseMainPhase(TestSuiteExecutor.java:191)
	at com.kms.katalon.core.main.TestSuiteExecutor.accessTestSuiteMainPhase(TestSuiteExecutor.java:141)
	at com.kms.katalon.core.main.TestSuiteExecutor.execute(TestSuiteExecutor.java:90)
	at com.kms.katalon.core.main.TestCaseMain.startTestSuite(TestCaseMain.java:157)
	at com.kms.katalon.core.main.TestCaseMain$startTestSuite$0.call(Unknown Source)
	at TempTestSuite1608549027003.run(TempTestSuite1608549027003.groovy:39)]]></system-err>
      </testcase>
      <system-out><![CDATA[2020-12-21 18:32:45 - [TEST_SUITE][FAILED] - TS_CONTRACT_DISPATCHER_BPKB: Test Cases/IST_Real/CONTRACT_DISPATCHER_BPKB/Update_Tbl_CDS_CDC_TRKRegMistake FAILED.
Reason:
com.kms.katalon.core.exception.StepFailedException: Feature file 'Include/features/IST_Real/CONTRACT_DISPATCHER_BPKB/Update_Tbl_CDS_CDC_TRKRegMistake.feature' was failed
	at com.kms.katalon.core.keyword.internal.KeywordMain.stepFailed(KeywordMain.groovy:50)
	at com.kms.katalon.core.keyword.internal.KeywordMain.stepFailed(KeywordMain.groovy)
	at com.kms.katalon.core.keyword.internal.KeywordMain.stepFailed(KeywordMain.groovy:23)
	at com.kms.katalon.core.keyword.internal.KeywordMain$stepFailed$0.call(Unknown Source)
	at com.kms.katalon.core.cucumber.keyword.CucumberBuiltinKeywords$_runFeatureFile_closure1.doCall(CucumberBuiltinKeywords.groovy:82)
	at com.kms.katalon.core.cucumber.keyword.CucumberBuiltinKeywords$_runFeatureFile_closure1.doCall(CucumberBuiltinKeywords.groovy)
	at com.kms.katalon.core.keyword.internal.KeywordMain.runKeyword(KeywordMain.groovy:68)
	at com.kms.katalon.core.keyword.internal.KeywordMain$runKeyword.call(Unknown Source)
	at com.kms.katalon.core.cucumber.keyword.CucumberBuiltinKeywords.runFeatureFile(CucumberBuiltinKeywords.groovy:46)
	at com.kms.katalon.core.cucumber.keyword.CucumberBuiltinKeywords$runFeatureFile$0.callStatic(Unknown Source)
	at com.kms.katalon.core.cucumber.keyword.CucumberBuiltinKeywords.runFeatureFile(CucumberBuiltinKeywords.groovy:169)
	at com.kms.katalon.core.cucumber.keyword.CucumberBuiltinKeywords$runFeatureFile.call(Unknown Source)
	at Update_Tbl_CDS_CDC_TRKRegMistake.run(Update_Tbl_CDS_CDC_TRKRegMistake:18)
	at com.kms.katalon.core.main.ScriptEngine.run(ScriptEngine.java:194)
	at com.kms.katalon.core.main.ScriptEngine.runScriptAsRawText(ScriptEngine.java:119)
	at com.kms.katalon.core.main.TestCaseExecutor.runScript(TestCaseExecutor.java:339)
	at com.kms.katalon.core.main.TestCaseExecutor.doExecute(TestCaseExecutor.java:330)
	at com.kms.katalon.core.main.TestCaseExecutor.processExecutionPhase(TestCaseExecutor.java:309)
	at com.kms.katalon.core.main.TestCaseExecutor.accessMainPhase(TestCaseExecutor.java:301)
	at com.kms.katalon.core.main.TestCaseExecutor.execute(TestCaseExecutor.java:235)
	at com.kms.katalon.core.main.TestSuiteExecutor.accessTestCaseMainPhase(TestSuiteExecutor.java:191)
	at com.kms.katalon.core.main.TestSuiteExecutor.accessTestSuiteMainPhase(TestSuiteExecutor.java:141)
	at com.kms.katalon.core.main.TestSuiteExecutor.execute(TestSuiteExecutor.java:90)
	at com.kms.katalon.core.main.TestCaseMain.startTestSuite(TestCaseMain.java:157)
	at com.kms.katalon.core.main.TestCaseMain$startTestSuite$0.call(Unknown Source)
	at TempTestSuite1608549027003.run(TempTestSuite1608549027003.groovy:39)]]></system-out>
      <system-err><![CDATA[2020-12-21 18:32:45 - [TEST_SUITE][FAILED] - TS_CONTRACT_DISPATCHER_BPKB: Test Cases/IST_Real/CONTRACT_DISPATCHER_BPKB/Update_Tbl_CDS_CDC_TRKRegMistake FAILED.
Reason:
com.kms.katalon.core.exception.StepFailedException: Feature file 'Include/features/IST_Real/CONTRACT_DISPATCHER_BPKB/Update_Tbl_CDS_CDC_TRKRegMistake.feature' was failed
	at com.kms.katalon.core.keyword.internal.KeywordMain.stepFailed(KeywordMain.groovy:50)
	at com.kms.katalon.core.keyword.internal.KeywordMain.stepFailed(KeywordMain.groovy)
	at com.kms.katalon.core.keyword.internal.KeywordMain.stepFailed(KeywordMain.groovy:23)
	at com.kms.katalon.core.keyword.internal.KeywordMain$stepFailed$0.call(Unknown Source)
	at com.kms.katalon.core.cucumber.keyword.CucumberBuiltinKeywords$_runFeatureFile_closure1.doCall(CucumberBuiltinKeywords.groovy:82)
	at com.kms.katalon.core.cucumber.keyword.CucumberBuiltinKeywords$_runFeatureFile_closure1.doCall(CucumberBuiltinKeywords.groovy)
	at com.kms.katalon.core.keyword.internal.KeywordMain.runKeyword(KeywordMain.groovy:68)
	at com.kms.katalon.core.keyword.internal.KeywordMain$runKeyword.call(Unknown Source)
	at com.kms.katalon.core.cucumber.keyword.CucumberBuiltinKeywords.runFeatureFile(CucumberBuiltinKeywords.groovy:46)
	at com.kms.katalon.core.cucumber.keyword.CucumberBuiltinKeywords$runFeatureFile$0.callStatic(Unknown Source)
	at com.kms.katalon.core.cucumber.keyword.CucumberBuiltinKeywords.runFeatureFile(CucumberBuiltinKeywords.groovy:169)
	at com.kms.katalon.core.cucumber.keyword.CucumberBuiltinKeywords$runFeatureFile.call(Unknown Source)
	at Update_Tbl_CDS_CDC_TRKRegMistake.run(Update_Tbl_CDS_CDC_TRKRegMistake:18)
	at com.kms.katalon.core.main.ScriptEngine.run(ScriptEngine.java:194)
	at com.kms.katalon.core.main.ScriptEngine.runScriptAsRawText(ScriptEngine.java:119)
	at com.kms.katalon.core.main.TestCaseExecutor.runScript(TestCaseExecutor.java:339)
	at com.kms.katalon.core.main.TestCaseExecutor.doExecute(TestCaseExecutor.java:330)
	at com.kms.katalon.core.main.TestCaseExecutor.processExecutionPhase(TestCaseExecutor.java:309)
	at com.kms.katalon.core.main.TestCaseExecutor.accessMainPhase(TestCaseExecutor.java:301)
	at com.kms.katalon.core.main.TestCaseExecutor.execute(TestCaseExecutor.java:235)
	at com.kms.katalon.core.main.TestSuiteExecutor.accessTestCaseMainPhase(TestSuiteExecutor.java:191)
	at com.kms.katalon.core.main.TestSuiteExecutor.accessTestSuiteMainPhase(TestSuiteExecutor.java:141)
	at com.kms.katalon.core.main.TestSuiteExecutor.execute(TestSuiteExecutor.java:90)
	at com.kms.katalon.core.main.TestCaseMain.startTestSuite(TestCaseMain.java:157)
	at com.kms.katalon.core.main.TestCaseMain$startTestSuite$0.call(Unknown Source)
	at TempTestSuite1608549027003.run(TempTestSuite1608549027003.groovy:39)]]></system-err>
   </testsuite>
</testsuites>
