<?xml version="1.0" encoding="UTF-8"?>
<testsuites name="TS_Disbursement_Dashboard" time="259.51" tests="4" failures="0" errors="0">
   <testsuite name="TS_Disbursement_Dashboard" tests="4" failures="0" errors="0" time="259.51" timestamp="2021-02-05 13:10:53" hostname="chaidir.pratama01 - localhost" id="Test Suites/RTD/TS_Disbursement_Dashboard">
      <properties>
[...]
</properties>
      <testcase name="Test Cases/RTD/Disbursement Dashboard/TC_View_Detail_Disbursement_Dashboard" time="48.216" classname="Test Cases/RTD/Disbursement Dashboard/TC_View_Detail_Disbursement_Dashboard" status="PASSED">
         <system-out><![CDATA[2021-02-05 13:10:53 - [TEST_CASE][PASSED] - Test Cases/RTD/Disbursement Dashboard/TC_View_Detail_Disbursement_Dashboard: Test Cases/RTD/Disbursement Dashboard/TC_View_Detail_Disbursement_Dashboard

2021-02-05 13:10:53 - [TEST_STEP][PASSED] - runFeatureFile("Include/features/IST_Real/RTD/Disbursement_Dashboard/View_Detail_Disbursement_Dashboard.feature"): Feature file: 'Include/features/IST_Real/RTD/Disbursement_Dashboard/View_Detail_Disbursement_Dashboard.feature' was passed

2021-02-05 13:10:53 - [MESSAGE][INFO] - Starting run keyword runFeatureFile: 'Include/features/IST_Real/RTD/Disbursement_Dashboard/View_Detail_Disbursement_Dashboard.feature' and extract report to folder: '/Users/chaidir.pratama01/Katalon Studio/IST_Automation_Git/Reports/20210205_131034/RTD/TS_Disbursement_Dashboard/20210205_131034/cucumber_report/1612505453949'...

2021-02-05 13:10:54 - [TEST_CASE][PASSED] - Start Test Case : SCENARIO Search by STATUS Success to Disburse and then View Detail of it: SCENARIO Search by STATUS Success to Disburse and then View Detail of it

2021-02-05 13:10:54 - [TEST_STEP][PASSED] - Go to ISTools: Go to ISTools

2021-02-05 13:10:54 - [MESSAGE][INFO] - Starting 'Chrome (headless)' driver

2021-02-05 13:10:54 - [MESSAGE][INFO] - User set preference: ['args', '[--start-maximized, --disable-gpu, --no-proxy-server, –-no-sandbox, --allow-running-insecure-content, --ignore-certificate-errors, window-size=1680,814, force-device-scale-factor=2, --lang=en-GB]']

2021-02-05 13:10:54 - [MESSAGE][INFO] - User set preference: ['prefs', '{download.default_directory=/Users/chaidir.pratama01/Katalon Studio/IST_Automation_Git/Download}']

2021-02-05 13:10:54 - [MESSAGE][INFO] - Action delay is set to 0 milliseconds

2021-02-05 13:10:58 - [MESSAGE][PASSED] - Browser is opened with url: ''

2021-02-05 13:11:01 - [MESSAGE][PASSED] - Navigate to 'https://dev-istools.homecredit.id/foundation/' successfully

2021-02-05 13:11:01 - [MESSAGE][PASSED] - Go to ISTools

2021-02-05 13:11:01 - [TEST_STEP][PASSED] - Login IST with valid credentials: Login IST with valid credentials

2021-02-05 13:11:01 - [MESSAGE][PASSED] - Text 'mobile.test' is set on object 'Object Repository/Page_/input_Username_j_username'

2021-02-05 13:11:01 - [MESSAGE][PASSED] - Text ****** has been set on object 'Object Repository/Page_/input_Password_j_password'

2021-02-05 13:11:02 - [MESSAGE][PASSED] - Object: 'Object Repository/Page_/button_Login' is clicked on

2021-02-05 13:11:02 - [MESSAGE][PASSED] - Login IST with valid credentials

2021-02-05 13:11:02 - [TEST_STEP][PASSED] - Login Success: Login Success

2021-02-05 13:11:02 - [MESSAGE][INFO] - Login Success

2021-02-05 13:11:02 - [MESSAGE][PASSED] - Current window maximized

2021-02-05 13:11:02 - [MESSAGE][PASSED] - Object 'Object Repository/Page_/h1_Welcome to IT Supporting Tools' is present

2021-02-05 13:11:02 - [MESSAGE][PASSED] - Login Success

2021-02-05 13:11:02 - [TEST_STEP][PASSED] - Select Arrow Menu "Real Time Disbursement": Select Arrow Menu "Real Time Disbursement"

2021-02-05 13:11:02 - [MESSAGE][PASSED] - Object: '' is clicked on

2021-02-05 13:11:02 - [MESSAGE][PASSED] - Select Arrow Menu "Real Time Disbursement"

2021-02-05 13:11:02 - [TEST_STEP][PASSED] - Select Menu "Dashboard for CCC/OCS": Select Menu "Dashboard for CCC/OCS"

2021-02-05 13:11:03 - [MESSAGE][PASSED] - Taking screenshot successfully
[[ATTACHMENT|/Users/chaidir.pratama01/Documents/Docs/Katalon Studio/Screenshot/test-Dashboard for CCC/OCS.png]]

2021-02-05 13:11:03 - [MESSAGE][PASSED] - Object '' is present

2021-02-05 13:11:03 - [MESSAGE][PASSED] - Object: '' is clicked on

2021-02-05 13:11:03 - [MESSAGE][PASSED] - Wait for page load successfully

2021-02-05 13:11:03 - [MESSAGE][PASSED] - Select Menu "Dashboard for CCC/OCS"

2021-02-05 13:11:03 - [TEST_STEP][PASSED] - Select STATUS "Success to Disburse": Select STATUS "Success to Disburse"

2021-02-05 13:11:03 - [MESSAGE][PASSED] - All options with value 'Success to Disburse' are selected in object ''  using regular expression

2021-02-05 13:11:03 - [MESSAGE][PASSED] - Select STATUS "Success to Disburse"

2021-02-05 13:11:03 - [TEST_STEP][PASSED] - Click button "Search": Click button "Search"

2021-02-05 13:11:03 - [MESSAGE][INFO] - >>>>>//Button[contains(text(),'Search')]

2021-02-05 13:11:06 - [MESSAGE][PASSED] - Object '' is present

2021-02-05 13:11:06 - [MESSAGE][PASSED] - Object: '' is clicked on

2021-02-05 13:11:06 - [MESSAGE][PASSED] - Switched to window with index: '0'

2021-02-05 13:11:06 - [MESSAGE][PASSED] - Click button "Search"

2021-02-05 13:11:06 - [TEST_STEP][PASSED] - Verify Search Result Presents: Verify Search Result Presents

2021-02-05 13:11:07 - [MESSAGE][PASSED] - Object '' is present

2021-02-05 13:11:07 - [MESSAGE][PASSED] - Verify Search Result Presents

2021-02-05 13:11:07 - [TEST_STEP][PASSED] - Click View Detail: Click View Detail

2021-02-05 13:11:07 - [MESSAGE][PASSED] - Object '' is present

2021-02-05 13:11:07 - [MESSAGE][PASSED] - Object: '' is clicked on

2021-02-05 13:11:07 - [MESSAGE][PASSED] - Click View Detail

2021-02-05 13:11:07 - [TEST_STEP][PASSED] - Verify Information in View Detail: Verify Information in View Detail

2021-02-05 13:11:10 - [MESSAGE][PASSED] - Delayed 3 second(s)

2021-02-05 13:11:10 - [MESSAGE][PASSED] - Attribute 'value' of object '' is: '3900014152'

2021-02-05 13:11:13 - [MESSAGE][PASSED] - Delayed 3 second(s)

2021-02-05 13:11:13 - [MESSAGE][PASSED] - Attribute 'value' of object '' is: 'IDITXLeks TESTERbIvIvO'

2021-02-05 13:11:16 - [MESSAGE][PASSED] - Delayed 3 second(s)

2021-02-05 13:11:16 - [MESSAGE][PASSED] - Attribute 'value' of object '' is: 'Success to Disburse'

2021-02-05 13:11:19 - [MESSAGE][PASSED] - Delayed 3 second(s)

2021-02-05 13:11:19 - [MESSAGE][PASSED] - Attribute 'value' of object '' is: 'Rp 7,000,000'

2021-02-05 13:11:22 - [MESSAGE][PASSED] - Delayed 3 second(s)

2021-02-05 13:11:22 - [MESSAGE][PASSED] - Attribute 'value' of object '' is: 'KESEJAHTERAAN EKONOMI'

2021-02-05 13:11:25 - [MESSAGE][PASSED] - Delayed 3 second(s)

2021-02-05 13:11:25 - [MESSAGE][PASSED] - Attribute 'value' of object '' is: '1'

2021-02-05 13:11:28 - [MESSAGE][PASSED] - Delayed 3 second(s)

2021-02-05 13:11:28 - [MESSAGE][PASSED] - Attribute 'value' of object '' is: 'NAMA ADA DISINI'

2021-02-05 13:11:31 - [MESSAGE][PASSED] - Delayed 3 second(s)

2021-02-05 13:11:31 - [MESSAGE][PASSED] - Attribute 'value' of object '' is: 'KESEJAHTERAAN EKONOMI'

2021-02-05 13:11:35 - [MESSAGE][PASSED] - Delayed 3 second(s)

2021-02-05 13:11:35 - [MESSAGE][PASSED] - Attribute 'value' of object '' is: ''

2021-02-05 13:11:38 - [MESSAGE][PASSED] - Delayed 3 second(s)

2021-02-05 13:11:38 - [MESSAGE][PASSED] - Attribute 'value' of object '' is: ''

2021-02-05 13:11:38 - [MESSAGE][PASSED] - Text of object '' is: 'Date'

2021-02-05 13:11:38 - [MESSAGE][PASSED] - Text of object '' is: 'Status'

2021-02-05 13:11:38 - [MESSAGE][PASSED] - Text of object '' is: 'Updated Information'

2021-02-05 13:11:38 - [MESSAGE][PASSED] - Text of object '' is: 'Last Update By'

2021-02-05 13:11:38 - [MESSAGE][PASSED] - Text of object '' is: 'Department'

2021-02-05 13:11:38 - [MESSAGE][PASSED] - Verify Information in View Detail

2021-02-05 13:11:38 - [TEST_STEP][PASSED] - Click button "Logout": Click button "Logout"

2021-02-05 13:11:38 - [MESSAGE][INFO] - >>>>>//Button[contains(text(),'Logout')]

2021-02-05 13:11:41 - [MESSAGE][PASSED] - Object '' is present

2021-02-05 13:11:41 - [MESSAGE][PASSED] - Object: '' is clicked on

2021-02-05 13:11:41 - [MESSAGE][PASSED] - Switched to window with index: '0'

2021-02-05 13:11:41 - [MESSAGE][PASSED] - Click button "Logout"

2021-02-05 13:11:41 - [TEST_STEP][PASSED] - Close browser: Close browser

2021-02-05 13:11:41 - [MESSAGE][PASSED] - Browser is closed

2021-02-05 13:11:41 - [MESSAGE][PASSED] - Close browser

2021-02-05 13:11:41 - [MESSAGE][PASSED] - Feature file: 'Include/features/IST_Real/RTD/Disbursement_Dashboard/View_Detail_Disbursement_Dashboard.feature' was passed]]></system-out>
         <system-err><![CDATA[]]></system-err>
      </testcase>
      <testcase name="Test Cases/RTD/Disbursement Dashboard/TC_Search_by_Contract_Number_Disbursement_Dashboard" time="8.677" classname="Test Cases/RTD/Disbursement Dashboard/TC_Search_by_Contract_Number_Disbursement_Dashboard" status="PASSED">
         <system-out><![CDATA[2021-02-05 13:11:41 - [TEST_CASE][PASSED] - Test Cases/RTD/Disbursement Dashboard/TC_Search_by_Contract_Number_Disbursement_Dashboard: Test Cases/RTD/Disbursement Dashboard/TC_Search_by_Contract_Number_Disbursement_Dashboard

2021-02-05 13:11:42 - [TEST_STEP][PASSED] - runFeatureFile("Include/features/IST_Real/RTD/Disbursement_Dashboard/Search_by_Contract_Number_Disbursement_Dashboard.feature"): Feature file: 'Include/features/IST_Real/RTD/Disbursement_Dashboard/Search_by_Contract_Number_Disbursement_Dashboard.feature' was passed

2021-02-05 13:11:42 - [MESSAGE][INFO] - Starting run keyword runFeatureFile: 'Include/features/IST_Real/RTD/Disbursement_Dashboard/Search_by_Contract_Number_Disbursement_Dashboard.feature' and extract report to folder: '/Users/chaidir.pratama01/Katalon Studio/IST_Automation_Git/Reports/20210205_131034/RTD/TS_Disbursement_Dashboard/20210205_131034/cucumber_report/1612505502004'...

2021-02-05 13:11:42 - [TEST_CASE][PASSED] - Start Test Case : SCENARIO Search by Contract Number and it found on Dashboard: SCENARIO Search by Contract Number and it found on Dashboard

2021-02-05 13:11:42 - [TEST_STEP][PASSED] - Go to ISTools: Go to ISTools

2021-02-05 13:11:42 - [MESSAGE][INFO] - Starting 'Chrome (headless)' driver

2021-02-05 13:11:42 - [MESSAGE][INFO] - User set preference: ['args', '[--start-maximized, --disable-gpu, --no-proxy-server, –-no-sandbox, --allow-running-insecure-content, --ignore-certificate-errors, window-size=1680,814, force-device-scale-factor=2, --lang=en-GB]']

2021-02-05 13:11:42 - [MESSAGE][INFO] - User set preference: ['prefs', '{download.default_directory=/Users/chaidir.pratama01/Katalon Studio/IST_Automation_Git/Download}']

2021-02-05 13:11:42 - [MESSAGE][INFO] - Action delay is set to 0 milliseconds

2021-02-05 13:11:42 - [MESSAGE][PASSED] - Browser is opened with url: ''

2021-02-05 13:11:44 - [MESSAGE][PASSED] - Navigate to 'https://dev-istools.homecredit.id/foundation/' successfully

2021-02-05 13:11:44 - [MESSAGE][PASSED] - Go to ISTools

2021-02-05 13:11:44 - [TEST_STEP][PASSED] - Login IST with valid credentials: Login IST with valid credentials

2021-02-05 13:11:44 - [MESSAGE][PASSED] - Text 'mobile.test' is set on object 'Object Repository/Page_/input_Username_j_username'

2021-02-05 13:11:44 - [MESSAGE][PASSED] - Text ****** has been set on object 'Object Repository/Page_/input_Password_j_password'

2021-02-05 13:11:45 - [MESSAGE][PASSED] - Object: 'Object Repository/Page_/button_Login' is clicked on

2021-02-05 13:11:45 - [MESSAGE][PASSED] - Login IST with valid credentials

2021-02-05 13:11:45 - [TEST_STEP][PASSED] - Login Success: Login Success

2021-02-05 13:11:45 - [MESSAGE][INFO] - Login Success

2021-02-05 13:11:45 - [MESSAGE][PASSED] - Current window maximized

2021-02-05 13:11:45 - [MESSAGE][PASSED] - Object 'Object Repository/Page_/h1_Welcome to IT Supporting Tools' is present

2021-02-05 13:11:45 - [MESSAGE][PASSED] - Login Success

2021-02-05 13:11:45 - [TEST_STEP][PASSED] - Select Arrow Menu "Real Time Disbursement": Select Arrow Menu "Real Time Disbursement"

2021-02-05 13:11:45 - [MESSAGE][PASSED] - Object: '' is clicked on

2021-02-05 13:11:45 - [MESSAGE][PASSED] - Select Arrow Menu "Real Time Disbursement"

2021-02-05 13:11:45 - [TEST_STEP][PASSED] - Select Menu "Disbursement Dashboard": Select Menu "Disbursement Dashboard"

2021-02-05 13:11:46 - [MESSAGE][PASSED] - Taking screenshot successfully
[[ATTACHMENT|/Users/chaidir.pratama01/Documents/Docs/Katalon Studio/Screenshot/test-Disbursement Dashboard.png]]

2021-02-05 13:11:46 - [MESSAGE][PASSED] - Object '' is present

2021-02-05 13:11:46 - [MESSAGE][PASSED] - Object: '' is clicked on

2021-02-05 13:11:46 - [MESSAGE][PASSED] - Wait for page load successfully

2021-02-05 13:11:46 - [MESSAGE][PASSED] - Select Menu "Disbursement Dashboard"

2021-02-05 13:11:46 - [TEST_STEP][PASSED] - Input Contract RTD in Contract Number label: Input Contract RTD in Contract Number label

2021-02-05 13:11:46 - [MESSAGE][PASSED] - Text '4000014162' is set on object ''

2021-02-05 13:11:46 - [MESSAGE][PASSED] - Input Contract RTD in Contract Number label

2021-02-05 13:11:46 - [TEST_STEP][PASSED] - Click button "Search": Click button "Search"

2021-02-05 13:11:46 - [MESSAGE][INFO] - >>>>>//Button[contains(text(),'Search')]

2021-02-05 13:11:49 - [MESSAGE][PASSED] - Object '' is present

2021-02-05 13:11:49 - [MESSAGE][PASSED] - Object: '' is clicked on

2021-02-05 13:11:49 - [MESSAGE][PASSED] - Switched to window with index: '0'

2021-02-05 13:11:49 - [MESSAGE][PASSED] - Click button "Search"

2021-02-05 13:11:49 - [TEST_STEP][PASSED] - Verify Search Result Presents: Verify Search Result Presents

2021-02-05 13:11:50 - [MESSAGE][PASSED] - Object '' is present

2021-02-05 13:11:50 - [MESSAGE][PASSED] - Verify Search Result Presents

2021-02-05 13:11:50 - [MESSAGE][PASSED] - Feature file: 'Include/features/IST_Real/RTD/Disbursement_Dashboard/Search_by_Contract_Number_Disbursement_Dashboard.feature' was passed]]></system-out>
         <system-err><![CDATA[]]></system-err>
      </testcase>
      <testcase name="Test Cases/RTD/Disbursement Dashboard/TC_Search_by_STATUS_Disbursement_Dashboard" time="185.6" classname="Test Cases/RTD/Disbursement Dashboard/TC_Search_by_STATUS_Disbursement_Dashboard" status="PASSED">
         <system-out><![CDATA[2021-02-05 13:11:50 - [TEST_CASE][PASSED] - Test Cases/RTD/Disbursement Dashboard/TC_Search_by_STATUS_Disbursement_Dashboard: Test Cases/RTD/Disbursement Dashboard/TC_Search_by_STATUS_Disbursement_Dashboard

2021-02-05 13:11:50 - [TEST_STEP][PASSED] - runFeatureFile("Include/features/IST_Real/RTD/Disbursement_Dashboard/Search_by_STATUS_Disbursement_Dashboard.feature"): Feature file: 'Include/features/IST_Real/RTD/Disbursement_Dashboard/Search_by_STATUS_Disbursement_Dashboard.feature' was passed

2021-02-05 13:11:50 - [MESSAGE][INFO] - Starting run keyword runFeatureFile: 'Include/features/IST_Real/RTD/Disbursement_Dashboard/Search_by_STATUS_Disbursement_Dashboard.feature' and extract report to folder: '/Users/chaidir.pratama01/Katalon Studio/IST_Automation_Git/Reports/20210205_131034/RTD/TS_Disbursement_Dashboard/20210205_131034/cucumber_report/1612505510645'...

2021-02-05 13:11:50 - [TEST_CASE][PASSED] - Start Test Case : SCENARIO Search by STATUS Eligible to Disburse: SCENARIO Search by STATUS Eligible to Disburse

2021-02-05 13:11:50 - [TEST_STEP][PASSED] - Go to ISTools: Go to ISTools

2021-02-05 13:11:50 - [MESSAGE][WARNING] - A browser is already opened. Closing browser and opening a new one

2021-02-05 13:11:50 - [MESSAGE][INFO] - Starting 'Chrome (headless)' driver

2021-02-05 13:11:50 - [MESSAGE][INFO] - User set preference: ['args', '[--start-maximized, --disable-gpu, --no-proxy-server, –-no-sandbox, --allow-running-insecure-content, --ignore-certificate-errors, window-size=1680,814, force-device-scale-factor=2, --lang=en-GB]']

2021-02-05 13:11:50 - [MESSAGE][INFO] - User set preference: ['prefs', '{download.default_directory=/Users/chaidir.pratama01/Katalon Studio/IST_Automation_Git/Download}']

2021-02-05 13:11:50 - [MESSAGE][INFO] - Action delay is set to 0 milliseconds

2021-02-05 13:11:51 - [MESSAGE][PASSED] - Browser is opened with url: ''

2021-02-05 13:11:52 - [MESSAGE][PASSED] - Navigate to 'https://dev-istools.homecredit.id/foundation/' successfully

2021-02-05 13:11:52 - [MESSAGE][PASSED] - Go to ISTools

2021-02-05 13:11:52 - [TEST_STEP][PASSED] - Login IST with valid credentials: Login IST with valid credentials

2021-02-05 13:11:52 - [MESSAGE][PASSED] - Text 'mobile.test' is set on object 'Object Repository/Page_/input_Username_j_username'

2021-02-05 13:11:52 - [MESSAGE][PASSED] - Text ****** has been set on object 'Object Repository/Page_/input_Password_j_password'

2021-02-05 13:11:54 - [MESSAGE][PASSED] - Object: 'Object Repository/Page_/button_Login' is clicked on

2021-02-05 13:11:54 - [MESSAGE][PASSED] - Login IST with valid credentials

2021-02-05 13:11:54 - [TEST_STEP][PASSED] - Login Success: Login Success

2021-02-05 13:11:54 - [MESSAGE][INFO] - Login Success

2021-02-05 13:11:54 - [MESSAGE][PASSED] - Current window maximized

2021-02-05 13:11:54 - [MESSAGE][PASSED] - Object 'Object Repository/Page_/h1_Welcome to IT Supporting Tools' is present

2021-02-05 13:11:54 - [MESSAGE][PASSED] - Login Success

2021-02-05 13:11:54 - [TEST_STEP][PASSED] - Select Arrow Menu "Real Time Disbursement": Select Arrow Menu "Real Time Disbursement"

2021-02-05 13:11:54 - [MESSAGE][PASSED] - Object: '' is clicked on

2021-02-05 13:11:54 - [MESSAGE][PASSED] - Select Arrow Menu "Real Time Disbursement"

2021-02-05 13:11:54 - [TEST_STEP][PASSED] - Select Menu "Disbursement Dashboard": Select Menu "Disbursement Dashboard"

2021-02-05 13:11:54 - [MESSAGE][PASSED] - Taking screenshot successfully
[[ATTACHMENT|/Users/chaidir.pratama01/Documents/Docs/Katalon Studio/Screenshot/test-Disbursement Dashboard.png]]

2021-02-05 13:11:54 - [MESSAGE][PASSED] - Object '' is present

2021-02-05 13:11:54 - [MESSAGE][PASSED] - Object: '' is clicked on

2021-02-05 13:11:54 - [MESSAGE][PASSED] - Wait for page load successfully

2021-02-05 13:11:54 - [MESSAGE][PASSED] - Select Menu "Disbursement Dashboard"

2021-02-05 13:11:54 - [TEST_STEP][PASSED] - Select STATUS "Eligible to disburse": Select STATUS "Eligible to disburse"

2021-02-05 13:11:55 - [MESSAGE][PASSED] - All options with value 'Eligible to disburse' are selected in object ''  using regular expression

2021-02-05 13:11:55 - [MESSAGE][PASSED] - Select STATUS "Eligible to disburse"

2021-02-05 13:11:55 - [TEST_STEP][PASSED] - Click button "Search": Click button "Search"

2021-02-05 13:11:55 - [MESSAGE][INFO] - >>>>>//Button[contains(text(),'Search')]

2021-02-05 13:11:58 - [MESSAGE][PASSED] - Object '' is present

2021-02-05 13:11:58 - [MESSAGE][PASSED] - Object: '' is clicked on

2021-02-05 13:11:58 - [MESSAGE][PASSED] - Switched to window with index: '0'

2021-02-05 13:11:58 - [MESSAGE][PASSED] - Click button "Search"

2021-02-05 13:11:58 - [TEST_STEP][PASSED] - Verify Search Result Presents: Verify Search Result Presents

2021-02-05 13:11:58 - [MESSAGE][PASSED] - Object '' is present

2021-02-05 13:12:05 - [MESSAGE][PASSED] - Verify Search Result Presents

2021-02-05 13:12:05 - [TEST_STEP][PASSED] - Click button "Logout": Click button "Logout"

2021-02-05 13:12:05 - [MESSAGE][INFO] - >>>>>//Button[contains(text(),'Logout')]

2021-02-05 13:12:08 - [MESSAGE][PASSED] - Object '' is present

2021-02-05 13:12:10 - [MESSAGE][PASSED] - Object: '' is clicked on

2021-02-05 13:12:10 - [MESSAGE][PASSED] - Switched to window with index: '0'

2021-02-05 13:12:10 - [MESSAGE][PASSED] - Click button "Logout"

2021-02-05 13:12:10 - [TEST_STEP][PASSED] - Close browser: Close browser

2021-02-05 13:12:10 - [MESSAGE][PASSED] - Browser is closed

2021-02-05 13:12:10 - [MESSAGE][PASSED] - Close browser

2021-02-05 13:12:10 - [TEST_CASE][PASSED] - Start Test Case : SCENARIO Search by STATUS Waiting approval from Risk: SCENARIO Search by STATUS Waiting approval from Risk

2021-02-05 13:12:10 - [TEST_STEP][PASSED] - Go to ISTools: Go to ISTools

2021-02-05 13:12:10 - [MESSAGE][INFO] - Starting 'Chrome (headless)' driver

2021-02-05 13:12:10 - [MESSAGE][INFO] - User set preference: ['args', '[--start-maximized, --disable-gpu, --no-proxy-server, –-no-sandbox, --allow-running-insecure-content, --ignore-certificate-errors, window-size=1680,814, force-device-scale-factor=2, --lang=en-GB]']

2021-02-05 13:12:10 - [MESSAGE][INFO] - User set preference: ['prefs', '{download.default_directory=/Users/chaidir.pratama01/Katalon Studio/IST_Automation_Git/Download}']

2021-02-05 13:12:10 - [MESSAGE][INFO] - Action delay is set to 0 milliseconds

2021-02-05 13:12:11 - [MESSAGE][PASSED] - Browser is opened with url: ''

2021-02-05 13:12:12 - [MESSAGE][PASSED] - Navigate to 'https://dev-istools.homecredit.id/foundation/' successfully

2021-02-05 13:12:12 - [MESSAGE][PASSED] - Go to ISTools

2021-02-05 13:12:12 - [TEST_STEP][PASSED] - Login IST with valid credentials: Login IST with valid credentials

2021-02-05 13:12:13 - [MESSAGE][PASSED] - Text 'mobile.test' is set on object 'Object Repository/Page_/input_Username_j_username'

2021-02-05 13:12:13 - [MESSAGE][PASSED] - Text ****** has been set on object 'Object Repository/Page_/input_Password_j_password'

2021-02-05 13:12:13 - [MESSAGE][PASSED] - Object: 'Object Repository/Page_/button_Login' is clicked on

2021-02-05 13:12:13 - [MESSAGE][PASSED] - Login IST with valid credentials

2021-02-05 13:12:13 - [TEST_STEP][PASSED] - Login Success: Login Success

2021-02-05 13:12:13 - [MESSAGE][INFO] - Login Success

2021-02-05 13:12:14 - [MESSAGE][PASSED] - Current window maximized

2021-02-05 13:12:14 - [MESSAGE][PASSED] - Object 'Object Repository/Page_/h1_Welcome to IT Supporting Tools' is present

2021-02-05 13:12:14 - [MESSAGE][PASSED] - Login Success

2021-02-05 13:12:14 - [TEST_STEP][PASSED] - Select Arrow Menu "Real Time Disbursement": Select Arrow Menu "Real Time Disbursement"

2021-02-05 13:12:14 - [MESSAGE][PASSED] - Object: '' is clicked on

2021-02-05 13:12:14 - [MESSAGE][PASSED] - Select Arrow Menu "Real Time Disbursement"

2021-02-05 13:12:14 - [TEST_STEP][PASSED] - Select Menu "Disbursement Dashboard": Select Menu "Disbursement Dashboard"

2021-02-05 13:12:14 - [MESSAGE][PASSED] - Taking screenshot successfully
[[ATTACHMENT|/Users/chaidir.pratama01/Documents/Docs/Katalon Studio/Screenshot/test-Disbursement Dashboard.png]]

2021-02-05 13:12:14 - [MESSAGE][PASSED] - Object '' is present

2021-02-05 13:12:14 - [MESSAGE][PASSED] - Object: '' is clicked on

2021-02-05 13:12:14 - [MESSAGE][PASSED] - Wait for page load successfully

2021-02-05 13:12:14 - [MESSAGE][PASSED] - Select Menu "Disbursement Dashboard"

2021-02-05 13:12:14 - [TEST_STEP][PASSED] - Select STATUS "Waiting approval from Risk": Select STATUS "Waiting approval from Risk"

2021-02-05 13:12:15 - [MESSAGE][PASSED] - All options with value 'Waiting approval from Risk' are selected in object ''  using regular expression

2021-02-05 13:12:15 - [MESSAGE][PASSED] - Select STATUS "Waiting approval from Risk"

2021-02-05 13:12:15 - [TEST_STEP][PASSED] - Click button "Search": Click button "Search"

2021-02-05 13:12:15 - [MESSAGE][INFO] - >>>>>//Button[contains(text(),'Search')]

2021-02-05 13:12:18 - [MESSAGE][PASSED] - Object '' is present

2021-02-05 13:12:18 - [MESSAGE][PASSED] - Object: '' is clicked on

2021-02-05 13:12:18 - [MESSAGE][PASSED] - Switched to window with index: '0'

2021-02-05 13:12:18 - [MESSAGE][PASSED] - Click button "Search"

2021-02-05 13:12:18 - [TEST_STEP][PASSED] - Verify Search Result Presents: Verify Search Result Presents

2021-02-05 13:12:18 - [MESSAGE][PASSED] - Object '' is present

2021-02-05 13:12:21 - [MESSAGE][PASSED] - Verify Search Result Presents

2021-02-05 13:12:21 - [TEST_STEP][PASSED] - Click button "Logout": Click button "Logout"

2021-02-05 13:12:21 - [MESSAGE][INFO] - >>>>>//Button[contains(text(),'Logout')]

2021-02-05 13:12:24 - [MESSAGE][PASSED] - Object '' is present

2021-02-05 13:12:25 - [MESSAGE][PASSED] - Object: '' is clicked on

2021-02-05 13:12:25 - [MESSAGE][PASSED] - Switched to window with index: '0'

2021-02-05 13:12:25 - [MESSAGE][PASSED] - Click button "Logout"

2021-02-05 13:12:25 - [TEST_STEP][PASSED] - Close browser: Close browser

2021-02-05 13:12:25 - [MESSAGE][PASSED] - Browser is closed

2021-02-05 13:12:25 - [MESSAGE][PASSED] - Close browser

2021-02-05 13:12:25 - [TEST_CASE][PASSED] - Start Test Case : SCENARIO Search by STATUS Waiting for approval from In Payment: SCENARIO Search by STATUS Waiting for approval from In Payment

2021-02-05 13:12:25 - [TEST_STEP][PASSED] - Go to ISTools: Go to ISTools

2021-02-05 13:12:25 - [MESSAGE][INFO] - Starting 'Chrome (headless)' driver

2021-02-05 13:12:25 - [MESSAGE][INFO] - User set preference: ['args', '[--start-maximized, --disable-gpu, --no-proxy-server, –-no-sandbox, --allow-running-insecure-content, --ignore-certificate-errors, window-size=1680,814, force-device-scale-factor=2, --lang=en-GB]']

2021-02-05 13:12:25 - [MESSAGE][INFO] - User set preference: ['prefs', '{download.default_directory=/Users/chaidir.pratama01/Katalon Studio/IST_Automation_Git/Download}']

2021-02-05 13:12:25 - [MESSAGE][INFO] - Action delay is set to 0 milliseconds

2021-02-05 13:12:25 - [MESSAGE][PASSED] - Browser is opened with url: ''

2021-02-05 13:12:27 - [MESSAGE][PASSED] - Navigate to 'https://dev-istools.homecredit.id/foundation/' successfully

2021-02-05 13:12:27 - [MESSAGE][PASSED] - Go to ISTools

2021-02-05 13:12:27 - [TEST_STEP][PASSED] - Login IST with valid credentials: Login IST with valid credentials

2021-02-05 13:12:27 - [MESSAGE][PASSED] - Text 'mobile.test' is set on object 'Object Repository/Page_/input_Username_j_username'

2021-02-05 13:12:27 - [MESSAGE][PASSED] - Text ****** has been set on object 'Object Repository/Page_/input_Password_j_password'

2021-02-05 13:12:28 - [MESSAGE][PASSED] - Object: 'Object Repository/Page_/button_Login' is clicked on

2021-02-05 13:12:28 - [MESSAGE][PASSED] - Login IST with valid credentials

2021-02-05 13:12:28 - [TEST_STEP][PASSED] - Login Success: Login Success

2021-02-05 13:12:28 - [MESSAGE][INFO] - Login Success

2021-02-05 13:12:28 - [MESSAGE][PASSED] - Current window maximized

2021-02-05 13:12:28 - [MESSAGE][PASSED] - Object 'Object Repository/Page_/h1_Welcome to IT Supporting Tools' is present

2021-02-05 13:12:28 - [MESSAGE][PASSED] - Login Success

2021-02-05 13:12:28 - [TEST_STEP][PASSED] - Select Arrow Menu "Real Time Disbursement": Select Arrow Menu "Real Time Disbursement"

2021-02-05 13:12:28 - [MESSAGE][PASSED] - Object: '' is clicked on

2021-02-05 13:12:28 - [MESSAGE][PASSED] - Select Arrow Menu "Real Time Disbursement"

2021-02-05 13:12:28 - [TEST_STEP][PASSED] - Select Menu "Disbursement Dashboard": Select Menu "Disbursement Dashboard"

2021-02-05 13:12:29 - [MESSAGE][PASSED] - Taking screenshot successfully
[[ATTACHMENT|/Users/chaidir.pratama01/Documents/Docs/Katalon Studio/Screenshot/test-Disbursement Dashboard.png]]

2021-02-05 13:12:29 - [MESSAGE][PASSED] - Object '' is present

2021-02-05 13:12:29 - [MESSAGE][PASSED] - Object: '' is clicked on

2021-02-05 13:12:29 - [MESSAGE][PASSED] - Wait for page load successfully

2021-02-05 13:12:29 - [MESSAGE][PASSED] - Select Menu "Disbursement Dashboard"

2021-02-05 13:12:29 - [TEST_STEP][PASSED] - Select STATUS "Waiting for approval from In Payment": Select STATUS "Waiting for approval from In Payment"

2021-02-05 13:12:29 - [MESSAGE][PASSED] - All options with value 'Waiting for approval from In Payment' are selected in object ''  using regular expression

2021-02-05 13:12:29 - [MESSAGE][PASSED] - Select STATUS "Waiting for approval from In Payment"

2021-02-05 13:12:29 - [TEST_STEP][PASSED] - Click button "Search": Click button "Search"

2021-02-05 13:12:29 - [MESSAGE][INFO] - >>>>>//Button[contains(text(),'Search')]

2021-02-05 13:12:32 - [MESSAGE][PASSED] - Object '' is present

2021-02-05 13:12:32 - [MESSAGE][PASSED] - Object: '' is clicked on

2021-02-05 13:12:32 - [MESSAGE][PASSED] - Switched to window with index: '0'

2021-02-05 13:12:32 - [MESSAGE][PASSED] - Click button "Search"

2021-02-05 13:12:32 - [TEST_STEP][PASSED] - Verify Search Result Presents: Verify Search Result Presents

2021-02-05 13:12:32 - [MESSAGE][PASSED] - Object '' is present

2021-02-05 13:12:33 - [MESSAGE][PASSED] - Verify Search Result Presents

2021-02-05 13:12:33 - [TEST_STEP][PASSED] - Click button "Logout": Click button "Logout"

2021-02-05 13:12:33 - [MESSAGE][INFO] - >>>>>//Button[contains(text(),'Logout')]

2021-02-05 13:12:36 - [MESSAGE][PASSED] - Object '' is present

2021-02-05 13:12:36 - [MESSAGE][PASSED] - Object: '' is clicked on

2021-02-05 13:12:36 - [MESSAGE][PASSED] - Switched to window with index: '0'

2021-02-05 13:12:36 - [MESSAGE][PASSED] - Click button "Logout"

2021-02-05 13:12:36 - [TEST_STEP][PASSED] - Close browser: Close browser

2021-02-05 13:12:36 - [MESSAGE][PASSED] - Browser is closed

2021-02-05 13:12:36 - [MESSAGE][PASSED] - Close browser

2021-02-05 13:12:36 - [TEST_CASE][PASSED] - Start Test Case : SCENARIO Search by STATUS Not eligible to disburse: SCENARIO Search by STATUS Not eligible to disburse

2021-02-05 13:12:36 - [TEST_STEP][PASSED] - Go to ISTools: Go to ISTools

2021-02-05 13:12:36 - [MESSAGE][INFO] - Starting 'Chrome (headless)' driver

2021-02-05 13:12:36 - [MESSAGE][INFO] - User set preference: ['args', '[--start-maximized, --disable-gpu, --no-proxy-server, –-no-sandbox, --allow-running-insecure-content, --ignore-certificate-errors, window-size=1680,814, force-device-scale-factor=2, --lang=en-GB]']

2021-02-05 13:12:36 - [MESSAGE][INFO] - User set preference: ['prefs', '{download.default_directory=/Users/chaidir.pratama01/Katalon Studio/IST_Automation_Git/Download}']

2021-02-05 13:12:36 - [MESSAGE][INFO] - Action delay is set to 0 milliseconds

2021-02-05 13:12:37 - [MESSAGE][PASSED] - Browser is opened with url: ''

2021-02-05 13:12:38 - [MESSAGE][PASSED] - Navigate to 'https://dev-istools.homecredit.id/foundation/' successfully

2021-02-05 13:12:38 - [MESSAGE][PASSED] - Go to ISTools

2021-02-05 13:12:38 - [TEST_STEP][PASSED] - Login IST with valid credentials: Login IST with valid credentials

2021-02-05 13:12:38 - [MESSAGE][PASSED] - Text 'mobile.test' is set on object 'Object Repository/Page_/input_Username_j_username'

2021-02-05 13:12:38 - [MESSAGE][PASSED] - Text ****** has been set on object 'Object Repository/Page_/input_Password_j_password'

2021-02-05 13:12:39 - [MESSAGE][PASSED] - Object: 'Object Repository/Page_/button_Login' is clicked on

2021-02-05 13:12:39 - [MESSAGE][PASSED] - Login IST with valid credentials

2021-02-05 13:12:39 - [TEST_STEP][PASSED] - Login Success: Login Success

2021-02-05 13:12:39 - [MESSAGE][INFO] - Login Success

2021-02-05 13:12:39 - [MESSAGE][PASSED] - Current window maximized

2021-02-05 13:12:39 - [MESSAGE][PASSED] - Object 'Object Repository/Page_/h1_Welcome to IT Supporting Tools' is present

2021-02-05 13:12:39 - [MESSAGE][PASSED] - Login Success

2021-02-05 13:12:39 - [TEST_STEP][PASSED] - Select Arrow Menu "Real Time Disbursement": Select Arrow Menu "Real Time Disbursement"

2021-02-05 13:12:39 - [MESSAGE][PASSED] - Object: '' is clicked on

2021-02-05 13:12:39 - [MESSAGE][PASSED] - Select Arrow Menu "Real Time Disbursement"

2021-02-05 13:12:39 - [TEST_STEP][PASSED] - Select Menu "Disbursement Dashboard": Select Menu "Disbursement Dashboard"

2021-02-05 13:12:40 - [MESSAGE][PASSED] - Taking screenshot successfully
[[ATTACHMENT|/Users/chaidir.pratama01/Documents/Docs/Katalon Studio/Screenshot/test-Disbursement Dashboard.png]]

2021-02-05 13:12:40 - [MESSAGE][PASSED] - Object '' is present

2021-02-05 13:12:40 - [MESSAGE][PASSED] - Object: '' is clicked on

2021-02-05 13:12:40 - [MESSAGE][PASSED] - Wait for page load successfully

2021-02-05 13:12:40 - [MESSAGE][PASSED] - Select Menu "Disbursement Dashboard"

2021-02-05 13:12:40 - [TEST_STEP][PASSED] - Select STATUS "Not eligible to disburse": Select STATUS "Not eligible to disburse"

2021-02-05 13:12:40 - [MESSAGE][PASSED] - All options with value 'Not eligible to disburse' are selected in object ''  using regular expression

2021-02-05 13:12:40 - [MESSAGE][PASSED] - Select STATUS "Not eligible to disburse"

2021-02-05 13:12:40 - [TEST_STEP][PASSED] - Click button "Search": Click button "Search"

2021-02-05 13:12:40 - [MESSAGE][INFO] - >>>>>//Button[contains(text(),'Search')]

2021-02-05 13:12:43 - [MESSAGE][PASSED] - Object '' is present

2021-02-05 13:12:43 - [MESSAGE][PASSED] - Object: '' is clicked on

2021-02-05 13:12:43 - [MESSAGE][PASSED] - Switched to window with index: '0'

2021-02-05 13:12:43 - [MESSAGE][PASSED] - Click button "Search"

2021-02-05 13:12:43 - [TEST_STEP][PASSED] - Verify Search Result Presents: Verify Search Result Presents

2021-02-05 13:12:44 - [MESSAGE][PASSED] - Object '' is present

2021-02-05 13:12:50 - [MESSAGE][PASSED] - Verify Search Result Presents

2021-02-05 13:12:50 - [TEST_STEP][PASSED] - Click button "Logout": Click button "Logout"

2021-02-05 13:12:50 - [MESSAGE][INFO] - >>>>>//Button[contains(text(),'Logout')]

2021-02-05 13:12:53 - [MESSAGE][PASSED] - Object '' is present

2021-02-05 13:12:54 - [MESSAGE][PASSED] - Object: '' is clicked on

2021-02-05 13:12:54 - [MESSAGE][PASSED] - Switched to window with index: '0'

2021-02-05 13:12:54 - [MESSAGE][PASSED] - Click button "Logout"

2021-02-05 13:12:54 - [TEST_STEP][PASSED] - Close browser: Close browser

2021-02-05 13:12:54 - [MESSAGE][PASSED] - Browser is closed

2021-02-05 13:12:54 - [MESSAGE][PASSED] - Close browser

2021-02-05 13:12:54 - [TEST_CASE][PASSED] - Start Test Case : SCENARIO Search by STATUS Ready to disburse: SCENARIO Search by STATUS Ready to disburse

2021-02-05 13:12:54 - [TEST_STEP][PASSED] - Go to ISTools: Go to ISTools

2021-02-05 13:12:54 - [MESSAGE][INFO] - Starting 'Chrome (headless)' driver

2021-02-05 13:12:54 - [MESSAGE][INFO] - User set preference: ['args', '[--start-maximized, --disable-gpu, --no-proxy-server, –-no-sandbox, --allow-running-insecure-content, --ignore-certificate-errors, window-size=1680,814, force-device-scale-factor=2, --lang=en-GB]']

2021-02-05 13:12:54 - [MESSAGE][INFO] - User set preference: ['prefs', '{download.default_directory=/Users/chaidir.pratama01/Katalon Studio/IST_Automation_Git/Download}']

2021-02-05 13:12:54 - [MESSAGE][INFO] - Action delay is set to 0 milliseconds

2021-02-05 13:12:54 - [MESSAGE][PASSED] - Browser is opened with url: ''

2021-02-05 13:12:56 - [MESSAGE][PASSED] - Navigate to 'https://dev-istools.homecredit.id/foundation/' successfully

2021-02-05 13:12:56 - [MESSAGE][PASSED] - Go to ISTools

2021-02-05 13:12:56 - [TEST_STEP][PASSED] - Login IST with valid credentials: Login IST with valid credentials

2021-02-05 13:12:56 - [MESSAGE][PASSED] - Text 'mobile.test' is set on object 'Object Repository/Page_/input_Username_j_username'

2021-02-05 13:12:56 - [MESSAGE][PASSED] - Text ****** has been set on object 'Object Repository/Page_/input_Password_j_password'

2021-02-05 13:12:58 - [MESSAGE][PASSED] - Object: 'Object Repository/Page_/button_Login' is clicked on

2021-02-05 13:12:58 - [MESSAGE][PASSED] - Login IST with valid credentials

2021-02-05 13:12:58 - [TEST_STEP][PASSED] - Login Success: Login Success

2021-02-05 13:12:58 - [MESSAGE][INFO] - Login Success

2021-02-05 13:12:58 - [MESSAGE][PASSED] - Current window maximized

2021-02-05 13:12:58 - [MESSAGE][PASSED] - Object 'Object Repository/Page_/h1_Welcome to IT Supporting Tools' is present

2021-02-05 13:12:58 - [MESSAGE][PASSED] - Login Success

2021-02-05 13:12:58 - [TEST_STEP][PASSED] - Select Arrow Menu "Real Time Disbursement": Select Arrow Menu "Real Time Disbursement"

2021-02-05 13:12:58 - [MESSAGE][PASSED] - Object: '' is clicked on

2021-02-05 13:12:58 - [MESSAGE][PASSED] - Select Arrow Menu "Real Time Disbursement"

2021-02-05 13:12:58 - [TEST_STEP][PASSED] - Select Menu "Disbursement Dashboard": Select Menu "Disbursement Dashboard"

2021-02-05 13:12:59 - [MESSAGE][PASSED] - Taking screenshot successfully
[[ATTACHMENT|/Users/chaidir.pratama01/Documents/Docs/Katalon Studio/Screenshot/test-Disbursement Dashboard.png]]

2021-02-05 13:12:59 - [MESSAGE][PASSED] - Object '' is present

2021-02-05 13:12:59 - [MESSAGE][PASSED] - Object: '' is clicked on

2021-02-05 13:12:59 - [MESSAGE][PASSED] - Wait for page load successfully

2021-02-05 13:12:59 - [MESSAGE][PASSED] - Select Menu "Disbursement Dashboard"

2021-02-05 13:12:59 - [TEST_STEP][PASSED] - Select STATUS "Ready to disburse": Select STATUS "Ready to disburse"

2021-02-05 13:12:59 - [MESSAGE][PASSED] - All options with value 'Ready to disburse' are selected in object ''  using regular expression

2021-02-05 13:12:59 - [MESSAGE][PASSED] - Select STATUS "Ready to disburse"

2021-02-05 13:12:59 - [TEST_STEP][PASSED] - Click button "Search": Click button "Search"

2021-02-05 13:12:59 - [MESSAGE][INFO] - >>>>>//Button[contains(text(),'Search')]

2021-02-05 13:13:02 - [MESSAGE][PASSED] - Object '' is present

2021-02-05 13:13:02 - [MESSAGE][PASSED] - Object: '' is clicked on

2021-02-05 13:13:02 - [MESSAGE][PASSED] - Switched to window with index: '0'

2021-02-05 13:13:02 - [MESSAGE][PASSED] - Click button "Search"

2021-02-05 13:13:02 - [TEST_STEP][PASSED] - Verify Search Result Presents: Verify Search Result Presents

2021-02-05 13:13:03 - [MESSAGE][PASSED] - Object '' is present

2021-02-05 13:13:05 - [MESSAGE][PASSED] - Verify Search Result Presents

2021-02-05 13:13:05 - [TEST_STEP][PASSED] - Click button "Logout": Click button "Logout"

2021-02-05 13:13:05 - [MESSAGE][INFO] - >>>>>//Button[contains(text(),'Logout')]

2021-02-05 13:13:08 - [MESSAGE][PASSED] - Object '' is present

2021-02-05 13:13:08 - [MESSAGE][PASSED] - Object: '' is clicked on

2021-02-05 13:13:08 - [MESSAGE][PASSED] - Switched to window with index: '0'

2021-02-05 13:13:08 - [MESSAGE][PASSED] - Click button "Logout"

2021-02-05 13:13:08 - [TEST_STEP][PASSED] - Close browser: Close browser

2021-02-05 13:13:08 - [MESSAGE][PASSED] - Browser is closed

2021-02-05 13:13:08 - [MESSAGE][PASSED] - Close browser

2021-02-05 13:13:08 - [TEST_CASE][PASSED] - Start Test Case : SCENARIO Search by STATUS Failed due to invalid bank account: SCENARIO Search by STATUS Failed due to invalid bank account

2021-02-05 13:13:08 - [TEST_STEP][PASSED] - Go to ISTools: Go to ISTools

2021-02-05 13:13:08 - [MESSAGE][INFO] - Starting 'Chrome (headless)' driver

2021-02-05 13:13:08 - [MESSAGE][INFO] - User set preference: ['args', '[--start-maximized, --disable-gpu, --no-proxy-server, –-no-sandbox, --allow-running-insecure-content, --ignore-certificate-errors, window-size=1680,814, force-device-scale-factor=2, --lang=en-GB]']

2021-02-05 13:13:08 - [MESSAGE][INFO] - User set preference: ['prefs', '{download.default_directory=/Users/chaidir.pratama01/Katalon Studio/IST_Automation_Git/Download}']

2021-02-05 13:13:08 - [MESSAGE][INFO] - Action delay is set to 0 milliseconds

2021-02-05 13:13:09 - [MESSAGE][PASSED] - Browser is opened with url: ''

2021-02-05 13:13:11 - [MESSAGE][PASSED] - Navigate to 'https://dev-istools.homecredit.id/foundation/' successfully

2021-02-05 13:13:11 - [MESSAGE][PASSED] - Go to ISTools

2021-02-05 13:13:11 - [TEST_STEP][PASSED] - Login IST with valid credentials: Login IST with valid credentials

2021-02-05 13:13:11 - [MESSAGE][PASSED] - Text 'mobile.test' is set on object 'Object Repository/Page_/input_Username_j_username'

2021-02-05 13:13:11 - [MESSAGE][PASSED] - Text ****** has been set on object 'Object Repository/Page_/input_Password_j_password'

2021-02-05 13:13:11 - [MESSAGE][PASSED] - Object: 'Object Repository/Page_/button_Login' is clicked on

2021-02-05 13:13:11 - [MESSAGE][PASSED] - Login IST with valid credentials

2021-02-05 13:13:11 - [TEST_STEP][PASSED] - Login Success: Login Success

2021-02-05 13:13:11 - [MESSAGE][INFO] - Login Success

2021-02-05 13:13:11 - [MESSAGE][PASSED] - Current window maximized

2021-02-05 13:13:12 - [MESSAGE][PASSED] - Object 'Object Repository/Page_/h1_Welcome to IT Supporting Tools' is present

2021-02-05 13:13:12 - [MESSAGE][PASSED] - Login Success

2021-02-05 13:13:12 - [TEST_STEP][PASSED] - Select Arrow Menu "Real Time Disbursement": Select Arrow Menu "Real Time Disbursement"

2021-02-05 13:13:12 - [MESSAGE][PASSED] - Object: '' is clicked on

2021-02-05 13:13:12 - [MESSAGE][PASSED] - Select Arrow Menu "Real Time Disbursement"

2021-02-05 13:13:12 - [TEST_STEP][PASSED] - Select Menu "Disbursement Dashboard": Select Menu "Disbursement Dashboard"

2021-02-05 13:13:12 - [MESSAGE][PASSED] - Taking screenshot successfully
[[ATTACHMENT|/Users/chaidir.pratama01/Documents/Docs/Katalon Studio/Screenshot/test-Disbursement Dashboard.png]]

2021-02-05 13:13:12 - [MESSAGE][PASSED] - Object '' is present

2021-02-05 13:13:12 - [MESSAGE][PASSED] - Object: '' is clicked on

2021-02-05 13:13:12 - [MESSAGE][PASSED] - Wait for page load successfully

2021-02-05 13:13:12 - [MESSAGE][PASSED] - Select Menu "Disbursement Dashboard"

2021-02-05 13:13:12 - [TEST_STEP][PASSED] - Select STATUS "Failed due to invalid bank account": Select STATUS "Failed due to invalid bank account"

2021-02-05 13:13:13 - [MESSAGE][PASSED] - All options with value 'Failed due to invalid bank account' are selected in object ''  using regular expression

2021-02-05 13:13:13 - [MESSAGE][PASSED] - Select STATUS "Failed due to invalid bank account"

2021-02-05 13:13:13 - [TEST_STEP][PASSED] - Click button "Search": Click button "Search"

2021-02-05 13:13:13 - [MESSAGE][INFO] - >>>>>//Button[contains(text(),'Search')]

2021-02-05 13:13:16 - [MESSAGE][PASSED] - Object '' is present

2021-02-05 13:13:16 - [MESSAGE][PASSED] - Object: '' is clicked on

2021-02-05 13:13:16 - [MESSAGE][PASSED] - Switched to window with index: '0'

2021-02-05 13:13:16 - [MESSAGE][PASSED] - Click button "Search"

2021-02-05 13:13:16 - [TEST_STEP][PASSED] - Verify Search Result Presents: Verify Search Result Presents

2021-02-05 13:13:16 - [MESSAGE][PASSED] - Object '' is present

2021-02-05 13:13:17 - [MESSAGE][PASSED] - Verify Search Result Presents

2021-02-05 13:13:17 - [TEST_STEP][PASSED] - Click button "Logout": Click button "Logout"

2021-02-05 13:13:17 - [MESSAGE][INFO] - >>>>>//Button[contains(text(),'Logout')]

2021-02-05 13:13:20 - [MESSAGE][PASSED] - Object '' is present

2021-02-05 13:13:21 - [MESSAGE][PASSED] - Object: '' is clicked on

2021-02-05 13:13:21 - [MESSAGE][PASSED] - Switched to window with index: '0'

2021-02-05 13:13:21 - [MESSAGE][PASSED] - Click button "Logout"

2021-02-05 13:13:21 - [TEST_STEP][PASSED] - Close browser: Close browser

2021-02-05 13:13:21 - [MESSAGE][PASSED] - Browser is closed

2021-02-05 13:13:21 - [MESSAGE][PASSED] - Close browser

2021-02-05 13:13:21 - [TEST_CASE][PASSED] - Start Test Case : SCENARIO Search by STATUS Failed due to system error: SCENARIO Search by STATUS Failed due to system error

2021-02-05 13:13:21 - [TEST_STEP][PASSED] - Go to ISTools: Go to ISTools

2021-02-05 13:13:21 - [MESSAGE][INFO] - Starting 'Chrome (headless)' driver

2021-02-05 13:13:21 - [MESSAGE][INFO] - User set preference: ['args', '[--start-maximized, --disable-gpu, --no-proxy-server, –-no-sandbox, --allow-running-insecure-content, --ignore-certificate-errors, window-size=1680,814, force-device-scale-factor=2, --lang=en-GB]']

2021-02-05 13:13:21 - [MESSAGE][INFO] - User set preference: ['prefs', '{download.default_directory=/Users/chaidir.pratama01/Katalon Studio/IST_Automation_Git/Download}']

2021-02-05 13:13:21 - [MESSAGE][INFO] - Action delay is set to 0 milliseconds

2021-02-05 13:13:22 - [MESSAGE][PASSED] - Browser is opened with url: ''

2021-02-05 13:13:24 - [MESSAGE][PASSED] - Navigate to 'https://dev-istools.homecredit.id/foundation/' successfully

2021-02-05 13:13:24 - [MESSAGE][PASSED] - Go to ISTools

2021-02-05 13:13:24 - [TEST_STEP][PASSED] - Login IST with valid credentials: Login IST with valid credentials

2021-02-05 13:13:24 - [MESSAGE][PASSED] - Text 'mobile.test' is set on object 'Object Repository/Page_/input_Username_j_username'

2021-02-05 13:13:24 - [MESSAGE][PASSED] - Text ****** has been set on object 'Object Repository/Page_/input_Password_j_password'

2021-02-05 13:13:25 - [MESSAGE][PASSED] - Object: 'Object Repository/Page_/button_Login' is clicked on

2021-02-05 13:13:25 - [MESSAGE][PASSED] - Login IST with valid credentials

2021-02-05 13:13:25 - [TEST_STEP][PASSED] - Login Success: Login Success

2021-02-05 13:13:25 - [MESSAGE][INFO] - Login Success

2021-02-05 13:13:25 - [MESSAGE][PASSED] - Current window maximized

2021-02-05 13:13:25 - [MESSAGE][PASSED] - Object 'Object Repository/Page_/h1_Welcome to IT Supporting Tools' is present

2021-02-05 13:13:25 - [MESSAGE][PASSED] - Login Success

2021-02-05 13:13:25 - [TEST_STEP][PASSED] - Select Arrow Menu "Real Time Disbursement": Select Arrow Menu "Real Time Disbursement"

2021-02-05 13:13:25 - [MESSAGE][PASSED] - Object: '' is clicked on

2021-02-05 13:13:25 - [MESSAGE][PASSED] - Select Arrow Menu "Real Time Disbursement"

2021-02-05 13:13:25 - [TEST_STEP][PASSED] - Select Menu "Disbursement Dashboard": Select Menu "Disbursement Dashboard"

2021-02-05 13:13:26 - [MESSAGE][PASSED] - Taking screenshot successfully
[[ATTACHMENT|/Users/chaidir.pratama01/Documents/Docs/Katalon Studio/Screenshot/test-Disbursement Dashboard.png]]

2021-02-05 13:13:26 - [MESSAGE][PASSED] - Object '' is present

2021-02-05 13:13:26 - [MESSAGE][PASSED] - Object: '' is clicked on

2021-02-05 13:13:26 - [MESSAGE][PASSED] - Wait for page load successfully

2021-02-05 13:13:26 - [MESSAGE][PASSED] - Select Menu "Disbursement Dashboard"

2021-02-05 13:13:26 - [TEST_STEP][PASSED] - Select STATUS "Failed due to system error": Select STATUS "Failed due to system error"

2021-02-05 13:13:27 - [MESSAGE][PASSED] - All options with value 'Failed due to system error' are selected in object ''  using regular expression

2021-02-05 13:13:27 - [MESSAGE][PASSED] - Select STATUS "Failed due to system error"

2021-02-05 13:13:27 - [TEST_STEP][PASSED] - Click button "Search": Click button "Search"

2021-02-05 13:13:27 - [MESSAGE][INFO] - >>>>>//Button[contains(text(),'Search')]

2021-02-05 13:13:30 - [MESSAGE][PASSED] - Object '' is present

2021-02-05 13:13:30 - [MESSAGE][PASSED] - Object: '' is clicked on

2021-02-05 13:13:30 - [MESSAGE][PASSED] - Switched to window with index: '0'

2021-02-05 13:13:30 - [MESSAGE][PASSED] - Click button "Search"

2021-02-05 13:13:30 - [TEST_STEP][PASSED] - Verify Search Result Presents: Verify Search Result Presents

2021-02-05 13:13:30 - [MESSAGE][PASSED] - Object '' is present

2021-02-05 13:13:33 - [MESSAGE][PASSED] - Verify Search Result Presents

2021-02-05 13:13:33 - [TEST_STEP][PASSED] - Click button "Logout": Click button "Logout"

2021-02-05 13:13:33 - [MESSAGE][INFO] - >>>>>//Button[contains(text(),'Logout')]

2021-02-05 13:13:36 - [MESSAGE][PASSED] - Object '' is present

2021-02-05 13:13:37 - [MESSAGE][PASSED] - Object: '' is clicked on

2021-02-05 13:13:37 - [MESSAGE][PASSED] - Switched to window with index: '0'

2021-02-05 13:13:37 - [MESSAGE][PASSED] - Click button "Logout"

2021-02-05 13:13:37 - [TEST_STEP][PASSED] - Close browser: Close browser

2021-02-05 13:13:37 - [MESSAGE][PASSED] - Browser is closed

2021-02-05 13:13:37 - [MESSAGE][PASSED] - Close browser

2021-02-05 13:13:37 - [TEST_CASE][PASSED] - Start Test Case : SCENARIO Search by STATUS Failed due to insufficient fund: SCENARIO Search by STATUS Failed due to insufficient fund

2021-02-05 13:13:37 - [TEST_STEP][PASSED] - Go to ISTools: Go to ISTools

2021-02-05 13:13:37 - [MESSAGE][INFO] - Starting 'Chrome (headless)' driver

2021-02-05 13:13:37 - [MESSAGE][INFO] - User set preference: ['args', '[--start-maximized, --disable-gpu, --no-proxy-server, –-no-sandbox, --allow-running-insecure-content, --ignore-certificate-errors, window-size=1680,814, force-device-scale-factor=2, --lang=en-GB]']

2021-02-05 13:13:37 - [MESSAGE][INFO] - User set preference: ['prefs', '{download.default_directory=/Users/chaidir.pratama01/Katalon Studio/IST_Automation_Git/Download}']

2021-02-05 13:13:37 - [MESSAGE][INFO] - Action delay is set to 0 milliseconds

2021-02-05 13:13:37 - [MESSAGE][PASSED] - Browser is opened with url: ''

2021-02-05 13:13:39 - [MESSAGE][PASSED] - Navigate to 'https://dev-istools.homecredit.id/foundation/' successfully

2021-02-05 13:13:39 - [MESSAGE][PASSED] - Go to ISTools

2021-02-05 13:13:39 - [TEST_STEP][PASSED] - Login IST with valid credentials: Login IST with valid credentials

2021-02-05 13:13:39 - [MESSAGE][PASSED] - Text 'mobile.test' is set on object 'Object Repository/Page_/input_Username_j_username'

2021-02-05 13:13:39 - [MESSAGE][PASSED] - Text ****** has been set on object 'Object Repository/Page_/input_Password_j_password'

2021-02-05 13:13:40 - [MESSAGE][PASSED] - Object: 'Object Repository/Page_/button_Login' is clicked on

2021-02-05 13:13:40 - [MESSAGE][PASSED] - Login IST with valid credentials

2021-02-05 13:13:40 - [TEST_STEP][PASSED] - Login Success: Login Success

2021-02-05 13:13:40 - [MESSAGE][INFO] - Login Success

2021-02-05 13:13:40 - [MESSAGE][PASSED] - Current window maximized

2021-02-05 13:13:40 - [MESSAGE][PASSED] - Object 'Object Repository/Page_/h1_Welcome to IT Supporting Tools' is present

2021-02-05 13:13:40 - [MESSAGE][PASSED] - Login Success

2021-02-05 13:13:40 - [TEST_STEP][PASSED] - Select Arrow Menu "Real Time Disbursement": Select Arrow Menu "Real Time Disbursement"

2021-02-05 13:13:40 - [MESSAGE][PASSED] - Object: '' is clicked on

2021-02-05 13:13:40 - [MESSAGE][PASSED] - Select Arrow Menu "Real Time Disbursement"

2021-02-05 13:13:40 - [TEST_STEP][PASSED] - Select Menu "Disbursement Dashboard": Select Menu "Disbursement Dashboard"

2021-02-05 13:13:41 - [MESSAGE][PASSED] - Taking screenshot successfully
[[ATTACHMENT|/Users/chaidir.pratama01/Documents/Docs/Katalon Studio/Screenshot/test-Disbursement Dashboard.png]]

2021-02-05 13:13:41 - [MESSAGE][PASSED] - Object '' is present

2021-02-05 13:13:41 - [MESSAGE][PASSED] - Object: '' is clicked on

2021-02-05 13:13:41 - [MESSAGE][PASSED] - Wait for page load successfully

2021-02-05 13:13:41 - [MESSAGE][PASSED] - Select Menu "Disbursement Dashboard"

2021-02-05 13:13:41 - [TEST_STEP][PASSED] - Select STATUS "Failed due to insufficient fund": Select STATUS "Failed due to insufficient fund"

2021-02-05 13:13:41 - [MESSAGE][PASSED] - All options with value 'Failed due to insufficient fund' are selected in object ''  using regular expression

2021-02-05 13:13:41 - [MESSAGE][PASSED] - Select STATUS "Failed due to insufficient fund"

2021-02-05 13:13:41 - [TEST_STEP][PASSED] - Click button "Search": Click button "Search"

2021-02-05 13:13:41 - [MESSAGE][INFO] - >>>>>//Button[contains(text(),'Search')]

2021-02-05 13:13:44 - [MESSAGE][PASSED] - Object '' is present

2021-02-05 13:13:44 - [MESSAGE][PASSED] - Object: '' is clicked on

2021-02-05 13:13:44 - [MESSAGE][PASSED] - Switched to window with index: '0'

2021-02-05 13:13:44 - [MESSAGE][PASSED] - Click button "Search"

2021-02-05 13:13:44 - [TEST_STEP][PASSED] - Verify Search Result Presents: Verify Search Result Presents

2021-02-05 13:13:48 - [MESSAGE][INFO] - Unable to find the element located by 'By.xpath: //td[@style='display:none' and contains(text(),'-Empty-')]'. Please recheck the objects properties to make sure the desired element is located. 

2021-02-05 13:13:49 - [MESSAGE][WARNING] - com.kms.katalon.core.webui.exception.WebElementNotFoundException: Web element with id: '' located by '//td[@style='display:none' and contains(text(),'-Empty-')]' not found (Root cause: com.kms.katalon.core.exception.StepFailedException: com.kms.katalon.core.webui.exception.WebElementNotFoundException: Web element with id: '' located by '//td[@style='display:none' and contains(text(),'-Empty-')]' not found
	at com.kms.katalon.core.webui.keyword.internal.WebUIKeywordMain.stepFailed(WebUIKeywordMain.groovy:64)
	at com.kms.katalon.core.webui.keyword.builtin.VerifyElementPresentKeyword$_verifyElementPresent_closure1.doCall(VerifyElementPresentKeyword.groovy:85)
	at com.kms.katalon.core.webui.keyword.builtin.VerifyElementPresentKeyword$_verifyElementPresent_closure1.call(VerifyElementPresentKeyword.groovy)
	at com.kms.katalon.core.webui.keyword.internal.WebUIKeywordMain.runKeyword(WebUIKeywordMain.groovy:20)
	at com.kms.katalon.core.webui.keyword.builtin.VerifyElementPresentKeyword.verifyElementPresent(VerifyElementPresentKeyword.groovy:92)
	at com.kms.katalon.core.webui.keyword.builtin.VerifyElementPresentKeyword.execute(VerifyElementPresentKeyword.groovy:68)
	at com.kms.katalon.core.keyword.internal.KeywordExecutor.executeKeywordForPlatform(KeywordExecutor.groovy:73)
	at com.kms.katalon.core.webui.keyword.WebUiBuiltInKeywords.verifyElementPresent(WebUiBuiltInKeywords.groovy:1444)
	at com.kms.katalon.core.webui.keyword.WebUiBuiltInKeywords$verifyElementPresent$11.call(Unknown Source)
	at ist_real.Contract_Dispatcher.VerifyTblFilled(Contract_Dispatcher.groovy:1313)
	at ist_real.Contract_Dispatcher$VerifyTblFilled$0.call(Unknown Source)
	at RTD.Search_Result_Presents(RTD.groovy:189)
	at cucumber.runtime.Utils$1.call(Utils.java:26)
	at cucumber.runtime.Timeout.timeout(Timeout.java:16)
	at cucumber.runtime.Utils.invoke(Utils.java:20)
	at cucumber.runtime.java.JavaStepDefinition.execute(JavaStepDefinition.java:48)
	at cucumber.runtime.PickleStepDefinitionMatch.runStep(PickleStepDefinitionMatch.java:50)
	at cucumber.runner.TestStep.executeStep(TestStep.java:55)
	at cucumber.runner.TestStep.run(TestStep.java:42)
	at cucumber.runner.PickleStepTestStep.run(PickleStepTestStep.java:53)
	at cucumber.runner.TestCase.run(TestCase.java:47)
	at cucumber.runner.Runner.runPickle(Runner.java:44)
	at cucumber.runtime.Runtime.runFeature(Runtime.java:120)
	at cucumber.runtime.Runtime.run(Runtime.java:106)
	at cucumber.api.cli.Main.run(Main.java:35)
	at cucumber.api.cli.Main$run.call(Unknown Source)
	at com.kms.katalon.core.cucumber.keyword.CucumberBuiltinKeywords$_runFeatureFile_closure1.doCall(CucumberBuiltinKeywords.groovy:76)
	at com.kms.katalon.core.cucumber.keyword.CucumberBuiltinKeywords$_runFeatureFile_closure1.doCall(CucumberBuiltinKeywords.groovy)
	at com.kms.katalon.core.keyword.internal.KeywordMain.runKeyword(KeywordMain.groovy:68)
	at com.kms.katalon.core.keyword.internal.KeywordMain$runKeyword.call(Unknown Source)
	at com.kms.katalon.core.cucumber.keyword.CucumberBuiltinKeywords.runFeatureFile(CucumberBuiltinKeywords.groovy:46)
	at com.kms.katalon.core.cucumber.keyword.CucumberBuiltinKeywords$runFeatureFile$0.callStatic(Unknown Source)
	at com.kms.katalon.core.cucumber.keyword.CucumberBuiltinKeywords.runFeatureFile(CucumberBuiltinKeywords.groovy:169)
	at com.kms.katalon.core.cucumber.keyword.CucumberBuiltinKeywords$runFeatureFile.call(Unknown Source)
	at TC_Search_by_STATUS_Disbursement_Dashboard.run(TC_Search_by_STATUS_Disbursement_Dashboard:18)
	at com.kms.katalon.core.main.ScriptEngine.run(ScriptEngine.java:194)
	at com.kms.katalon.core.main.ScriptEngine.runScriptAsRawText(ScriptEngine.java:119)
	at com.kms.katalon.core.main.TestCaseExecutor.runScript(TestCaseExecutor.java:339)
	at com.kms.katalon.core.main.TestCaseExecutor.doExecute(TestCaseExecutor.java:330)
	at com.kms.katalon.core.main.TestCaseExecutor.processExecutionPhase(TestCaseExecutor.java:309)
	at com.kms.katalon.core.main.TestCaseExecutor.accessMainPhase(TestCaseExecutor.java:301)
	at com.kms.katalon.core.main.TestCaseExecutor.execute(TestCaseExecutor.java:235)
	at com.kms.katalon.core.main.TestSuiteExecutor.accessTestCaseMainPhase(TestSuiteExecutor.java:191)
	at com.kms.katalon.core.main.TestSuiteExecutor.accessTestSuiteMainPhase(TestSuiteExecutor.java:141)
	at com.kms.katalon.core.main.TestSuiteExecutor.execute(TestSuiteExecutor.java:90)
	at com.kms.katalon.core.main.TestCaseMain.startTestSuite(TestCaseMain.java:157)
	at com.kms.katalon.core.main.TestCaseMain$startTestSuite$0.call(Unknown Source)
	at TempTestSuite1612505434389.run(TempTestSuite1612505434389.groovy:39)
)
[[ATTACHMENT|/Users/chaidir.pratama01/Katalon Studio/IST_Automation_Git/Reports/20210205_131034/RTD/TS_Disbursement_Dashboard/20210205_131034/1612505628742.png]]

2021-02-05 13:13:49 - [MESSAGE][PASSED] - Verify Search Result Presents

2021-02-05 13:13:49 - [TEST_STEP][PASSED] - Click button "Logout": Click button "Logout"

2021-02-05 13:13:49 - [MESSAGE][INFO] - >>>>>//Button[contains(text(),'Logout')]

2021-02-05 13:13:52 - [MESSAGE][PASSED] - Object '' is present

2021-02-05 13:13:52 - [MESSAGE][PASSED] - Object: '' is clicked on

2021-02-05 13:13:52 - [MESSAGE][PASSED] - Switched to window with index: '0'

2021-02-05 13:13:52 - [MESSAGE][PASSED] - Click button "Logout"

2021-02-05 13:13:52 - [TEST_STEP][PASSED] - Close browser: Close browser

2021-02-05 13:13:53 - [MESSAGE][PASSED] - Browser is closed

2021-02-05 13:13:53 - [MESSAGE][PASSED] - Close browser

2021-02-05 13:13:53 - [TEST_CASE][PASSED] - Start Test Case : SCENARIO Search by STATUS Manual Disbursement: SCENARIO Search by STATUS Manual Disbursement

2021-02-05 13:13:53 - [TEST_STEP][PASSED] - Go to ISTools: Go to ISTools

2021-02-05 13:13:53 - [MESSAGE][INFO] - Starting 'Chrome (headless)' driver

2021-02-05 13:13:53 - [MESSAGE][INFO] - User set preference: ['args', '[--start-maximized, --disable-gpu, --no-proxy-server, –-no-sandbox, --allow-running-insecure-content, --ignore-certificate-errors, window-size=1680,814, force-device-scale-factor=2, --lang=en-GB]']

2021-02-05 13:13:53 - [MESSAGE][INFO] - User set preference: ['prefs', '{download.default_directory=/Users/chaidir.pratama01/Katalon Studio/IST_Automation_Git/Download}']

2021-02-05 13:13:53 - [MESSAGE][INFO] - Action delay is set to 0 milliseconds

2021-02-05 13:13:53 - [MESSAGE][PASSED] - Browser is opened with url: ''

2021-02-05 13:13:54 - [MESSAGE][PASSED] - Navigate to 'https://dev-istools.homecredit.id/foundation/' successfully

2021-02-05 13:13:54 - [MESSAGE][PASSED] - Go to ISTools

2021-02-05 13:13:54 - [TEST_STEP][PASSED] - Login IST with valid credentials: Login IST with valid credentials

2021-02-05 13:13:54 - [MESSAGE][PASSED] - Text 'mobile.test' is set on object 'Object Repository/Page_/input_Username_j_username'

2021-02-05 13:13:54 - [MESSAGE][PASSED] - Text ****** has been set on object 'Object Repository/Page_/input_Password_j_password'

2021-02-05 13:13:55 - [MESSAGE][PASSED] - Object: 'Object Repository/Page_/button_Login' is clicked on

2021-02-05 13:13:55 - [MESSAGE][PASSED] - Login IST with valid credentials

2021-02-05 13:13:55 - [TEST_STEP][PASSED] - Login Success: Login Success

2021-02-05 13:13:55 - [MESSAGE][INFO] - Login Success

2021-02-05 13:13:55 - [MESSAGE][PASSED] - Current window maximized

2021-02-05 13:13:55 - [MESSAGE][PASSED] - Object 'Object Repository/Page_/h1_Welcome to IT Supporting Tools' is present

2021-02-05 13:13:55 - [MESSAGE][PASSED] - Login Success

2021-02-05 13:13:55 - [TEST_STEP][PASSED] - Select Arrow Menu "Real Time Disbursement": Select Arrow Menu "Real Time Disbursement"

2021-02-05 13:13:55 - [MESSAGE][PASSED] - Object: '' is clicked on

2021-02-05 13:13:55 - [MESSAGE][PASSED] - Select Arrow Menu "Real Time Disbursement"

2021-02-05 13:13:55 - [TEST_STEP][PASSED] - Select Menu "Disbursement Dashboard": Select Menu "Disbursement Dashboard"

2021-02-05 13:13:56 - [MESSAGE][PASSED] - Taking screenshot successfully
[[ATTACHMENT|/Users/chaidir.pratama01/Documents/Docs/Katalon Studio/Screenshot/test-Disbursement Dashboard.png]]

2021-02-05 13:13:56 - [MESSAGE][PASSED] - Object '' is present

2021-02-05 13:13:56 - [MESSAGE][PASSED] - Object: '' is clicked on

2021-02-05 13:13:56 - [MESSAGE][PASSED] - Wait for page load successfully

2021-02-05 13:13:56 - [MESSAGE][PASSED] - Select Menu "Disbursement Dashboard"

2021-02-05 13:13:56 - [TEST_STEP][PASSED] - Select STATUS "Manual Disbursement": Select STATUS "Manual Disbursement"

2021-02-05 13:13:56 - [MESSAGE][PASSED] - All options with value 'Manual Disbursement' are selected in object ''  using regular expression

2021-02-05 13:13:56 - [MESSAGE][PASSED] - Select STATUS "Manual Disbursement"

2021-02-05 13:13:56 - [TEST_STEP][PASSED] - Click button "Search": Click button "Search"

2021-02-05 13:13:56 - [MESSAGE][INFO] - >>>>>//Button[contains(text(),'Search')]

2021-02-05 13:13:59 - [MESSAGE][PASSED] - Object '' is present

2021-02-05 13:13:59 - [MESSAGE][PASSED] - Object: '' is clicked on

2021-02-05 13:13:59 - [MESSAGE][PASSED] - Switched to window with index: '0'

2021-02-05 13:13:59 - [MESSAGE][PASSED] - Click button "Search"

2021-02-05 13:13:59 - [TEST_STEP][PASSED] - Verify Search Result Presents: Verify Search Result Presents

2021-02-05 13:14:00 - [MESSAGE][PASSED] - Object '' is present

2021-02-05 13:14:06 - [MESSAGE][PASSED] - Verify Search Result Presents

2021-02-05 13:14:06 - [TEST_STEP][PASSED] - Click button "Logout": Click button "Logout"

2021-02-05 13:14:06 - [MESSAGE][INFO] - >>>>>//Button[contains(text(),'Logout')]

2021-02-05 13:14:09 - [MESSAGE][PASSED] - Object '' is present

2021-02-05 13:14:09 - [MESSAGE][PASSED] - Object: '' is clicked on

2021-02-05 13:14:09 - [MESSAGE][PASSED] - Switched to window with index: '0'

2021-02-05 13:14:09 - [MESSAGE][PASSED] - Click button "Logout"

2021-02-05 13:14:09 - [TEST_STEP][PASSED] - Close browser: Close browser

2021-02-05 13:14:09 - [MESSAGE][PASSED] - Browser is closed

2021-02-05 13:14:09 - [MESSAGE][PASSED] - Close browser

2021-02-05 13:14:09 - [TEST_CASE][PASSED] - Start Test Case : SCENARIO Search by STATUS DONE: SCENARIO Search by STATUS DONE

2021-02-05 13:14:09 - [TEST_STEP][PASSED] - Go to ISTools: Go to ISTools

2021-02-05 13:14:09 - [MESSAGE][INFO] - Starting 'Chrome (headless)' driver

2021-02-05 13:14:09 - [MESSAGE][INFO] - User set preference: ['args', '[--start-maximized, --disable-gpu, --no-proxy-server, –-no-sandbox, --allow-running-insecure-content, --ignore-certificate-errors, window-size=1680,814, force-device-scale-factor=2, --lang=en-GB]']

2021-02-05 13:14:09 - [MESSAGE][INFO] - User set preference: ['prefs', '{download.default_directory=/Users/chaidir.pratama01/Katalon Studio/IST_Automation_Git/Download}']

2021-02-05 13:14:09 - [MESSAGE][INFO] - Action delay is set to 0 milliseconds

2021-02-05 13:14:10 - [MESSAGE][PASSED] - Browser is opened with url: ''

2021-02-05 13:14:12 - [MESSAGE][PASSED] - Navigate to 'https://dev-istools.homecredit.id/foundation/' successfully

2021-02-05 13:14:12 - [MESSAGE][PASSED] - Go to ISTools

2021-02-05 13:14:12 - [TEST_STEP][PASSED] - Login IST with valid credentials: Login IST with valid credentials

2021-02-05 13:14:12 - [MESSAGE][PASSED] - Text 'mobile.test' is set on object 'Object Repository/Page_/input_Username_j_username'

2021-02-05 13:14:12 - [MESSAGE][PASSED] - Text ****** has been set on object 'Object Repository/Page_/input_Password_j_password'

2021-02-05 13:14:15 - [MESSAGE][PASSED] - Object: 'Object Repository/Page_/button_Login' is clicked on

2021-02-05 13:14:15 - [MESSAGE][PASSED] - Login IST with valid credentials

2021-02-05 13:14:15 - [TEST_STEP][PASSED] - Login Success: Login Success

2021-02-05 13:14:15 - [MESSAGE][INFO] - Login Success

2021-02-05 13:14:15 - [MESSAGE][PASSED] - Current window maximized

2021-02-05 13:14:15 - [MESSAGE][PASSED] - Object 'Object Repository/Page_/h1_Welcome to IT Supporting Tools' is present

2021-02-05 13:14:15 - [MESSAGE][PASSED] - Login Success

2021-02-05 13:14:15 - [TEST_STEP][PASSED] - Select Arrow Menu "Real Time Disbursement": Select Arrow Menu "Real Time Disbursement"

2021-02-05 13:14:15 - [MESSAGE][PASSED] - Object: '' is clicked on

2021-02-05 13:14:15 - [MESSAGE][PASSED] - Select Arrow Menu "Real Time Disbursement"

2021-02-05 13:14:15 - [TEST_STEP][PASSED] - Select Menu "Disbursement Dashboard": Select Menu "Disbursement Dashboard"

2021-02-05 13:14:16 - [MESSAGE][PASSED] - Taking screenshot successfully
[[ATTACHMENT|/Users/chaidir.pratama01/Documents/Docs/Katalon Studio/Screenshot/test-Disbursement Dashboard.png]]

2021-02-05 13:14:16 - [MESSAGE][PASSED] - Object '' is present

2021-02-05 13:14:16 - [MESSAGE][PASSED] - Object: '' is clicked on

2021-02-05 13:14:16 - [MESSAGE][PASSED] - Wait for page load successfully

2021-02-05 13:14:16 - [MESSAGE][PASSED] - Select Menu "Disbursement Dashboard"

2021-02-05 13:14:16 - [TEST_STEP][PASSED] - Select STATUS "DONE": Select STATUS "DONE"

2021-02-05 13:14:16 - [MESSAGE][PASSED] - All options with value 'DONE' are selected in object ''  using regular expression

2021-02-05 13:14:16 - [MESSAGE][PASSED] - Select STATUS "DONE"

2021-02-05 13:14:16 - [TEST_STEP][PASSED] - Click button "Search": Click button "Search"

2021-02-05 13:14:16 - [MESSAGE][INFO] - >>>>>//Button[contains(text(),'Search')]

2021-02-05 13:14:19 - [MESSAGE][PASSED] - Object '' is present

2021-02-05 13:14:19 - [MESSAGE][PASSED] - Object: '' is clicked on

2021-02-05 13:14:19 - [MESSAGE][PASSED] - Switched to window with index: '0'

2021-02-05 13:14:19 - [MESSAGE][PASSED] - Click button "Search"

2021-02-05 13:14:19 - [TEST_STEP][PASSED] - Verify Search Result Presents: Verify Search Result Presents

2021-02-05 13:14:19 - [MESSAGE][PASSED] - Object '' is present

2021-02-05 13:14:25 - [MESSAGE][PASSED] - Verify Search Result Presents

2021-02-05 13:14:25 - [TEST_STEP][PASSED] - Click button "Logout": Click button "Logout"

2021-02-05 13:14:25 - [MESSAGE][INFO] - >>>>>//Button[contains(text(),'Logout')]

2021-02-05 13:14:28 - [MESSAGE][PASSED] - Object '' is present

2021-02-05 13:14:28 - [MESSAGE][PASSED] - Object: '' is clicked on

2021-02-05 13:14:28 - [MESSAGE][PASSED] - Switched to window with index: '0'

2021-02-05 13:14:28 - [MESSAGE][PASSED] - Click button "Logout"

2021-02-05 13:14:28 - [TEST_STEP][PASSED] - Close browser: Close browser

2021-02-05 13:14:29 - [MESSAGE][PASSED] - Browser is closed

2021-02-05 13:14:29 - [MESSAGE][PASSED] - Close browser

2021-02-05 13:14:29 - [TEST_CASE][PASSED] - Start Test Case : SCENARIO Search by STATUS Waiting Partner Confirmation: SCENARIO Search by STATUS Waiting Partner Confirmation

2021-02-05 13:14:29 - [TEST_STEP][PASSED] - Go to ISTools: Go to ISTools

2021-02-05 13:14:29 - [MESSAGE][INFO] - Starting 'Chrome (headless)' driver

2021-02-05 13:14:29 - [MESSAGE][INFO] - User set preference: ['args', '[--start-maximized, --disable-gpu, --no-proxy-server, –-no-sandbox, --allow-running-insecure-content, --ignore-certificate-errors, window-size=1680,814, force-device-scale-factor=2, --lang=en-GB]']

2021-02-05 13:14:29 - [MESSAGE][INFO] - User set preference: ['prefs', '{download.default_directory=/Users/chaidir.pratama01/Katalon Studio/IST_Automation_Git/Download}']

2021-02-05 13:14:29 - [MESSAGE][INFO] - Action delay is set to 0 milliseconds

2021-02-05 13:14:29 - [MESSAGE][PASSED] - Browser is opened with url: ''

2021-02-05 13:14:30 - [MESSAGE][PASSED] - Navigate to 'https://dev-istools.homecredit.id/foundation/' successfully

2021-02-05 13:14:30 - [MESSAGE][PASSED] - Go to ISTools

2021-02-05 13:14:30 - [TEST_STEP][PASSED] - Login IST with valid credentials: Login IST with valid credentials

2021-02-05 13:14:31 - [MESSAGE][PASSED] - Text 'mobile.test' is set on object 'Object Repository/Page_/input_Username_j_username'

2021-02-05 13:14:31 - [MESSAGE][PASSED] - Text ****** has been set on object 'Object Repository/Page_/input_Password_j_password'

2021-02-05 13:14:31 - [MESSAGE][PASSED] - Object: 'Object Repository/Page_/button_Login' is clicked on

2021-02-05 13:14:31 - [MESSAGE][PASSED] - Login IST with valid credentials

2021-02-05 13:14:31 - [TEST_STEP][PASSED] - Login Success: Login Success

2021-02-05 13:14:31 - [MESSAGE][INFO] - Login Success

2021-02-05 13:14:32 - [MESSAGE][PASSED] - Current window maximized

2021-02-05 13:14:32 - [MESSAGE][PASSED] - Object 'Object Repository/Page_/h1_Welcome to IT Supporting Tools' is present

2021-02-05 13:14:32 - [MESSAGE][PASSED] - Login Success

2021-02-05 13:14:32 - [TEST_STEP][PASSED] - Select Arrow Menu "Real Time Disbursement": Select Arrow Menu "Real Time Disbursement"

2021-02-05 13:14:32 - [MESSAGE][PASSED] - Object: '' is clicked on

2021-02-05 13:14:32 - [MESSAGE][PASSED] - Select Arrow Menu "Real Time Disbursement"

2021-02-05 13:14:32 - [TEST_STEP][PASSED] - Select Menu "Disbursement Dashboard": Select Menu "Disbursement Dashboard"

2021-02-05 13:14:32 - [MESSAGE][PASSED] - Taking screenshot successfully
[[ATTACHMENT|/Users/chaidir.pratama01/Documents/Docs/Katalon Studio/Screenshot/test-Disbursement Dashboard.png]]

2021-02-05 13:14:32 - [MESSAGE][PASSED] - Object '' is present

2021-02-05 13:14:32 - [MESSAGE][PASSED] - Object: '' is clicked on

2021-02-05 13:14:32 - [MESSAGE][PASSED] - Wait for page load successfully

2021-02-05 13:14:32 - [MESSAGE][PASSED] - Select Menu "Disbursement Dashboard"

2021-02-05 13:14:32 - [TEST_STEP][PASSED] - Select STATUS "Waiting Partner Confirmation": Select STATUS "Waiting Partner Confirmation"

2021-02-05 13:14:33 - [MESSAGE][PASSED] - All options with value 'Waiting Partner Confirmation' are selected in object ''  using regular expression

2021-02-05 13:14:33 - [MESSAGE][PASSED] - Select STATUS "Waiting Partner Confirmation"

2021-02-05 13:14:33 - [TEST_STEP][PASSED] - Click button "Search": Click button "Search"

2021-02-05 13:14:33 - [MESSAGE][INFO] - >>>>>//Button[contains(text(),'Search')]

2021-02-05 13:14:36 - [MESSAGE][PASSED] - Object '' is present

2021-02-05 13:14:36 - [MESSAGE][PASSED] - Object: '' is clicked on

2021-02-05 13:14:36 - [MESSAGE][PASSED] - Switched to window with index: '0'

2021-02-05 13:14:36 - [MESSAGE][PASSED] - Click button "Search"

2021-02-05 13:14:36 - [TEST_STEP][PASSED] - Verify Search Result Presents: Verify Search Result Presents

2021-02-05 13:14:36 - [MESSAGE][PASSED] - Object '' is present

2021-02-05 13:14:40 - [MESSAGE][PASSED] - Verify Search Result Presents

2021-02-05 13:14:40 - [TEST_STEP][PASSED] - Click button "Logout": Click button "Logout"

2021-02-05 13:14:40 - [MESSAGE][INFO] - >>>>>//Button[contains(text(),'Logout')]

2021-02-05 13:14:43 - [MESSAGE][PASSED] - Object '' is present

2021-02-05 13:14:43 - [MESSAGE][PASSED] - Object: '' is clicked on

2021-02-05 13:14:43 - [MESSAGE][PASSED] - Switched to window with index: '0'

2021-02-05 13:14:43 - [MESSAGE][PASSED] - Click button "Logout"

2021-02-05 13:14:43 - [TEST_STEP][PASSED] - Close browser: Close browser

2021-02-05 13:14:43 - [MESSAGE][PASSED] - Browser is closed

2021-02-05 13:14:43 - [MESSAGE][PASSED] - Close browser

2021-02-05 13:14:43 - [TEST_CASE][PASSED] - Start Test Case : SCENARIO Search by STATUS Success to Disburse: SCENARIO Search by STATUS Success to Disburse

2021-02-05 13:14:43 - [TEST_STEP][PASSED] - Go to ISTools: Go to ISTools

2021-02-05 13:14:43 - [MESSAGE][INFO] - Starting 'Chrome (headless)' driver

2021-02-05 13:14:43 - [MESSAGE][INFO] - User set preference: ['args', '[--start-maximized, --disable-gpu, --no-proxy-server, –-no-sandbox, --allow-running-insecure-content, --ignore-certificate-errors, window-size=1680,814, force-device-scale-factor=2, --lang=en-GB]']

2021-02-05 13:14:43 - [MESSAGE][INFO] - User set preference: ['prefs', '{download.default_directory=/Users/chaidir.pratama01/Katalon Studio/IST_Automation_Git/Download}']

2021-02-05 13:14:43 - [MESSAGE][INFO] - Action delay is set to 0 milliseconds

2021-02-05 13:14:44 - [MESSAGE][PASSED] - Browser is opened with url: ''

2021-02-05 13:14:46 - [MESSAGE][PASSED] - Navigate to 'https://dev-istools.homecredit.id/foundation/' successfully

2021-02-05 13:14:46 - [MESSAGE][PASSED] - Go to ISTools

2021-02-05 13:14:46 - [TEST_STEP][PASSED] - Login IST with valid credentials: Login IST with valid credentials

2021-02-05 13:14:46 - [MESSAGE][PASSED] - Text 'mobile.test' is set on object 'Object Repository/Page_/input_Username_j_username'

2021-02-05 13:14:47 - [MESSAGE][PASSED] - Text ****** has been set on object 'Object Repository/Page_/input_Password_j_password'

2021-02-05 13:14:47 - [MESSAGE][PASSED] - Object: 'Object Repository/Page_/button_Login' is clicked on

2021-02-05 13:14:47 - [MESSAGE][PASSED] - Login IST with valid credentials

2021-02-05 13:14:47 - [TEST_STEP][PASSED] - Login Success: Login Success

2021-02-05 13:14:47 - [MESSAGE][INFO] - Login Success

2021-02-05 13:14:47 - [MESSAGE][PASSED] - Current window maximized

2021-02-05 13:14:47 - [MESSAGE][PASSED] - Object 'Object Repository/Page_/h1_Welcome to IT Supporting Tools' is present

2021-02-05 13:14:47 - [MESSAGE][PASSED] - Login Success

2021-02-05 13:14:47 - [TEST_STEP][PASSED] - Select Arrow Menu "Real Time Disbursement": Select Arrow Menu "Real Time Disbursement"

2021-02-05 13:14:47 - [MESSAGE][PASSED] - Object: '' is clicked on

2021-02-05 13:14:47 - [MESSAGE][PASSED] - Select Arrow Menu "Real Time Disbursement"

2021-02-05 13:14:47 - [TEST_STEP][PASSED] - Select Menu "Disbursement Dashboard": Select Menu "Disbursement Dashboard"

2021-02-05 13:14:48 - [MESSAGE][PASSED] - Taking screenshot successfully
[[ATTACHMENT|/Users/chaidir.pratama01/Documents/Docs/Katalon Studio/Screenshot/test-Disbursement Dashboard.png]]

2021-02-05 13:14:48 - [MESSAGE][PASSED] - Object '' is present

2021-02-05 13:14:48 - [MESSAGE][PASSED] - Object: '' is clicked on

2021-02-05 13:14:48 - [MESSAGE][PASSED] - Wait for page load successfully

2021-02-05 13:14:48 - [MESSAGE][PASSED] - Select Menu "Disbursement Dashboard"

2021-02-05 13:14:48 - [TEST_STEP][PASSED] - Select STATUS "Success to Disburse": Select STATUS "Success to Disburse"

2021-02-05 13:14:49 - [MESSAGE][PASSED] - All options with value 'Success to Disburse' are selected in object ''  using regular expression

2021-02-05 13:14:49 - [MESSAGE][PASSED] - Select STATUS "Success to Disburse"

2021-02-05 13:14:49 - [TEST_STEP][PASSED] - Click button "Search": Click button "Search"

2021-02-05 13:14:49 - [MESSAGE][INFO] - >>>>>//Button[contains(text(),'Search')]

2021-02-05 13:14:52 - [MESSAGE][PASSED] - Object '' is present

2021-02-05 13:14:52 - [MESSAGE][PASSED] - Object: '' is clicked on

2021-02-05 13:14:52 - [MESSAGE][PASSED] - Switched to window with index: '0'

2021-02-05 13:14:52 - [MESSAGE][PASSED] - Click button "Search"

2021-02-05 13:14:52 - [TEST_STEP][PASSED] - Verify Search Result Presents: Verify Search Result Presents

2021-02-05 13:14:52 - [MESSAGE][PASSED] - Object '' is present

2021-02-05 13:14:52 - [MESSAGE][PASSED] - Verify Search Result Presents

2021-02-05 13:14:52 - [TEST_STEP][PASSED] - Click button "Logout": Click button "Logout"

2021-02-05 13:14:52 - [MESSAGE][INFO] - >>>>>//Button[contains(text(),'Logout')]

2021-02-05 13:14:55 - [MESSAGE][PASSED] - Object '' is present

2021-02-05 13:14:56 - [MESSAGE][PASSED] - Object: '' is clicked on

2021-02-05 13:14:56 - [MESSAGE][PASSED] - Switched to window with index: '0'

2021-02-05 13:14:56 - [MESSAGE][PASSED] - Click button "Logout"

2021-02-05 13:14:56 - [TEST_STEP][PASSED] - Close browser: Close browser

2021-02-05 13:14:56 - [MESSAGE][PASSED] - Browser is closed

2021-02-05 13:14:56 - [MESSAGE][PASSED] - Close browser

2021-02-05 13:14:56 - [MESSAGE][PASSED] - Feature file: 'Include/features/IST_Real/RTD/Disbursement_Dashboard/Search_by_STATUS_Disbursement_Dashboard.feature' was passed]]></system-out>
         <system-err><![CDATA[]]></system-err>
      </testcase>
      <testcase name="Test Cases/RTD/Disbursement Dashboard/TC_Export_Data_Disbursement_Dashboard" time="13.042" classname="Test Cases/RTD/Disbursement Dashboard/TC_Export_Data_Disbursement_Dashboard" status="PASSED">
         <system-out><![CDATA[2021-02-05 13:14:56 - [TEST_CASE][PASSED] - Test Cases/RTD/Disbursement Dashboard/TC_Export_Data_Disbursement_Dashboard: Test Cases/RTD/Disbursement Dashboard/TC_Export_Data_Disbursement_Dashboard

2021-02-05 13:14:56 - [TEST_STEP][PASSED] - runFeatureFile("Include/features/IST_Real/RTD/Disbursement_Dashboard/Export_Data_Disbursement_Dashboard.feature"): Feature file: 'Include/features/IST_Real/RTD/Disbursement_Dashboard/Export_Data_Disbursement_Dashboard.feature' was passed

2021-02-05 13:14:56 - [MESSAGE][INFO] - Starting run keyword runFeatureFile: 'Include/features/IST_Real/RTD/Disbursement_Dashboard/Export_Data_Disbursement_Dashboard.feature' and extract report to folder: '/Users/chaidir.pratama01/Katalon Studio/IST_Automation_Git/Reports/20210205_131034/RTD/TS_Disbursement_Dashboard/20210205_131034/cucumber_report/1612505696261'...

2021-02-05 13:14:56 - [TEST_CASE][PASSED] - Start Test Case : SCENARIO Export Data: SCENARIO Export Data

2021-02-05 13:14:56 - [TEST_STEP][PASSED] - Go to ISTools: Go to ISTools

2021-02-05 13:14:56 - [MESSAGE][INFO] - Starting 'Chrome (headless)' driver

2021-02-05 13:14:56 - [MESSAGE][INFO] - User set preference: ['args', '[--start-maximized, --disable-gpu, --no-proxy-server, –-no-sandbox, --allow-running-insecure-content, --ignore-certificate-errors, window-size=1680,814, force-device-scale-factor=2, --lang=en-GB]']

2021-02-05 13:14:56 - [MESSAGE][INFO] - User set preference: ['prefs', '{download.default_directory=/Users/chaidir.pratama01/Katalon Studio/IST_Automation_Git/Download}']

2021-02-05 13:14:56 - [MESSAGE][INFO] - Action delay is set to 0 milliseconds

2021-02-05 13:14:56 - [MESSAGE][PASSED] - Browser is opened with url: ''

2021-02-05 13:15:00 - [MESSAGE][PASSED] - Navigate to 'https://dev-istools.homecredit.id/foundation/' successfully

2021-02-05 13:15:00 - [MESSAGE][PASSED] - Go to ISTools

2021-02-05 13:15:00 - [TEST_STEP][PASSED] - Login IST with valid credentials: Login IST with valid credentials

2021-02-05 13:15:00 - [MESSAGE][PASSED] - Text 'mobile.test' is set on object 'Object Repository/Page_/input_Username_j_username'

2021-02-05 13:15:00 - [MESSAGE][PASSED] - Text ****** has been set on object 'Object Repository/Page_/input_Password_j_password'

2021-02-05 13:15:01 - [MESSAGE][PASSED] - Object: 'Object Repository/Page_/button_Login' is clicked on

2021-02-05 13:15:01 - [MESSAGE][PASSED] - Login IST with valid credentials

2021-02-05 13:15:01 - [TEST_STEP][PASSED] - Login Success: Login Success

2021-02-05 13:15:01 - [MESSAGE][INFO] - Login Success

2021-02-05 13:15:01 - [MESSAGE][PASSED] - Current window maximized

2021-02-05 13:15:01 - [MESSAGE][PASSED] - Object 'Object Repository/Page_/h1_Welcome to IT Supporting Tools' is present

2021-02-05 13:15:01 - [MESSAGE][PASSED] - Login Success

2021-02-05 13:15:01 - [TEST_STEP][PASSED] - Select Arrow Menu "Real Time Disbursement": Select Arrow Menu "Real Time Disbursement"

2021-02-05 13:15:01 - [MESSAGE][PASSED] - Object: '' is clicked on

2021-02-05 13:15:01 - [MESSAGE][PASSED] - Select Arrow Menu "Real Time Disbursement"

2021-02-05 13:15:01 - [TEST_STEP][PASSED] - Select Menu "Disbursement Dashboard": Select Menu "Disbursement Dashboard"

2021-02-05 13:15:02 - [MESSAGE][PASSED] - Taking screenshot successfully
[[ATTACHMENT|/Users/chaidir.pratama01/Documents/Docs/Katalon Studio/Screenshot/test-Disbursement Dashboard.png]]

2021-02-05 13:15:02 - [MESSAGE][PASSED] - Object '' is present

2021-02-05 13:15:02 - [MESSAGE][PASSED] - Object: '' is clicked on

2021-02-05 13:15:02 - [MESSAGE][PASSED] - Wait for page load successfully

2021-02-05 13:15:02 - [MESSAGE][PASSED] - Select Menu "Disbursement Dashboard"

2021-02-05 13:15:02 - [TEST_STEP][PASSED] - Input Contract RTD in Contract Number label: Input Contract RTD in Contract Number label

2021-02-05 13:15:02 - [MESSAGE][PASSED] - Text '4000014162' is set on object ''

2021-02-05 13:15:02 - [MESSAGE][PASSED] - Input Contract RTD in Contract Number label

2021-02-05 13:15:02 - [TEST_STEP][PASSED] - Click button "Search": Click button "Search"

2021-02-05 13:15:02 - [MESSAGE][INFO] - >>>>>//Button[contains(text(),'Search')]

2021-02-05 13:15:05 - [MESSAGE][PASSED] - Object '' is present

2021-02-05 13:15:05 - [MESSAGE][PASSED] - Object: '' is clicked on

2021-02-05 13:15:05 - [MESSAGE][PASSED] - Switched to window with index: '0'

2021-02-05 13:15:05 - [MESSAGE][PASSED] - Click button "Search"

2021-02-05 13:15:05 - [TEST_STEP][PASSED] - Verify Table Filled: Verify Table Filled

2021-02-05 13:15:05 - [MESSAGE][PASSED] - Object '' is present

2021-02-05 13:15:05 - [MESSAGE][PASSED] - Verify Table Filled

2021-02-05 13:15:05 - [TEST_STEP][PASSED] - Click button "Export Data": Click button "Export Data"

2021-02-05 13:15:05 - [MESSAGE][INFO] - >>>>>//Button[contains(text(),'Export Data')]

2021-02-05 13:15:08 - [MESSAGE][PASSED] - Object: '' is clicked on

2021-02-05 13:15:09 - [MESSAGE][PASSED] - Taking screenshot successfully
[[ATTACHMENT|/Users/chaidir.pratama01/Documents/Docs/Katalon Studio/Screenshot/Download_data.png]]

2021-02-05 13:15:09 - [MESSAGE][PASSED] - Click button "Export Data"

2021-02-05 13:15:09 - [MESSAGE][PASSED] - Feature file: 'Include/features/IST_Real/RTD/Disbursement_Dashboard/Export_Data_Disbursement_Dashboard.feature' was passed]]></system-out>
         <system-err><![CDATA[]]></system-err>
      </testcase>
      <system-out><![CDATA[2021-02-05 13:10:53 - [TEST_SUITE][PASSED] - TS_Disbursement_Dashboard: Test Cases/RTD/Disbursement Dashboard/TC_Export_Data_Disbursement_Dashboard]]></system-out>
      <system-err><![CDATA[]]></system-err>
   </testsuite>
</testsuites>
