<?xml version="1.0" encoding="UTF-8"?>
<testsuites name="TS_SLIK_Gateway_Non_Customer" time="425.819" tests="17" failures="1" errors="0">
   <testsuite name="TS_SLIK_Gateway_Non_Customer" tests="17" failures="1" errors="0" time="425.819" timestamp="2020-10-28 16:38:43" hostname="chaidir.pratama01 - localhost" id="Test Suites/SLIK/TS_SLIK_Gateway_Non_Customer">
      <properties>
         <property name="deviceName" value=""/>
         <property name="devicePlatform" value=""/>
         <property name="logFolder" value="/Users/chaidir.pratama01/Katalon Studio/IST_Automation_Git/Reports/20201028_163836/SLIK/TS_SLIK_Gateway_Non_Customer/20201028_163836"/>
         <property name="logFiles" value="/Users/chaidir.pratama01/Katalon Studio/IST_Automation_Git/Reports/20201028_163836/SLIK/TS_SLIK_Gateway_Non_Customer/20201028_163836/execution0.log"/>
         <property name="attachments" value="/Users/chaidir.pratama01/Documents/Docs/Katalon Studio/Screenshot/test-SLIK Gateway Non Customer.png, /Users/chaidir.pratama01/Documents/Docs/Katalon Studio/Screenshot/slik.png, /Users/chaidir.pratama01/Documents/Docs/Katalon Studio/Screenshot/slik.png, /Users/chaidir.pratama01/Documents/Docs/Katalon Studio/Screenshot/slik.png, /Users/chaidir.pratama01/Documents/Docs/Katalon Studio/Screenshot/errorpopup.png, /Users/chaidir.pratama01/Katalon Studio/IST_Automation_Git/img/View_detail_NonCutomer.png, /Users/chaidir.pratama01/Documents/Docs/Katalon Studio/Screenshot/test-SLIK Gateway Approval Non Customer.png, /Users/chaidir.pratama01/Documents/Docs/Katalon Studio/Screenshot/errorpopup.png, /Users/chaidir.pratama01/Documents/Docs/Katalon Studio/Screenshot/errorpopup.png, /Users/chaidir.pratama01/Katalon Studio/IST_Automation_Git/Reports/20201028_163836/SLIK/TS_SLIK_Gateway_Non_Customer/20201028_163836/1603878130251.png, /Users/chaidir.pratama01/Katalon Studio/IST_Automation_Git/Reports/20201028_163836/SLIK/TS_SLIK_Gateway_Non_Customer/20201028_163836/1603878131266.png, /Users/chaidir.pratama01/Documents/Docs/Katalon Studio/Screenshot/slik.png, /Users/chaidir.pratama01/Documents/Docs/Katalon Studio/Screenshot/slik.png, /Users/chaidir.pratama01/Documents/Docs/Katalon Studio/Screenshot/slik.png, /Users/chaidir.pratama01/Documents/Docs/Katalon Studio/Screenshot/errorpopup.png, /Users/chaidir.pratama01/Documents/Docs/Katalon Studio/Screenshot/test-SLIK Gateway Approval Non Customer.png, /Users/chaidir.pratama01/Documents/Docs/Katalon Studio/Screenshot/errorpopup.png, /Users/chaidir.pratama01/Documents/Docs/Katalon Studio/Screenshot/errorpopup.png, /Users/chaidir.pratama01/Katalon Studio/IST_Automation_Git/img/View_detail_NonCutomer.png, /Users/chaidir.pratama01/Documents/Docs/Katalon Studio/Screenshot/errorpopup.png, /Users/chaidir.pratama01/Documents/Docs/Katalon Studio/Screenshot/errorpopup.png, /Users/chaidir.pratama01/Katalon Studio/IST_Automation_Git/Reports/20201028_163836/SLIK/TS_SLIK_Gateway_Non_Customer/20201028_163836/1603878333065.png, /Users/chaidir.pratama01/Katalon Studio/IST_Automation_Git/img/View_detail_NonCutomer.png, /Users/chaidir.pratama01/Katalon Studio/IST_Automation_Git/Reports/20201028_163836/SLIK/TS_SLIK_Gateway_Non_Customer/20201028_163836/1603878344594.png"/>
         <property name="hostName" value="chaidir.pratama01 - localhost"/>
         <property name="os" value="Mac OS X 64bit"/>
         <property name="katalonVersion" value="7.6.0.${buildNumber}"/>
         <property name="browser" value="Chrome 86.0.4240.111"/>
         <property name="hostAddress" value="127.0.0.1"/>
         <property name="sessionId" value="23043a3fa50a5946245cb036add0d6df"/>
         <property name="seleniumVersion" value="3.141.59"/>
         <property name="proxyInformation" value="ProxyInformation { proxyOption=NO_PROXY, proxyServerType=HTTP, username=, password=********, proxyServerAddress=, proxyServerPort=0, executionList=\&quot;\&quot;, isApplyToDesiredCapabilities=true }"/>
         <property name="platform" value="Mac OS X"/>
      </properties>
      <testcase name="Test Cases/IST_Real/SLIK/SLIK_Gateway_Non_Customer/Open Menu SLIK Gateway Non Customer" time="43.985" classname="Test Cases/IST_Real/SLIK/SLIK_Gateway_Non_Customer/Open Menu SLIK Gateway Non Customer" status="PASSED">
         <system-out><![CDATA[2020-10-28 16:38:43 - [TEST_CASE][PASSED] - Test Cases/IST_Real/SLIK/SLIK_Gateway_Non_Customer/Open Menu SLIK Gateway Non Customer: Test Cases/IST_Real/SLIK/SLIK_Gateway_Non_Customer/Open Menu SLIK Gateway Non Customer

2020-10-28 16:38:43 - [TEST_STEP][PASSED] - runFeatureFile("Include/features/IST_Real/SLIK/SLIK Gateway Non Customer/Open_Menu_SLIK_Gateway_Non_Customer.feature"): Feature file: 'Include/features/IST_Real/SLIK/SLIK Gateway Non Customer/Open_Menu_SLIK_Gateway_Non_Customer.feature' was passed

2020-10-28 16:38:43 - [MESSAGE][INFO] - Starting run keyword runFeatureFile: 'Include/features/IST_Real/SLIK/SLIK Gateway Non Customer/Open_Menu_SLIK_Gateway_Non_Customer.feature' and extract report to folder: '/Users/chaidir.pratama01/Katalon Studio/IST_Automation_Git/Reports/20201028_163836/SLIK/TS_SLIK_Gateway_Non_Customer/20201028_163836/cucumber_report/1603877923597'...

2020-10-28 16:38:44 - [TEST_CASE][PASSED] - Start Test Case : SCENARIO Menu SLIK Gateway Non Customer in IST and Verify Element Needed Exist: SCENARIO Menu SLIK Gateway Non Customer in IST and Verify Element Needed Exist

2020-10-28 16:38:44 - [TEST_STEP][PASSED] - Go to ISTools: Go to ISTools

2020-10-28 16:38:44 - [MESSAGE][INFO] - Starting 'Chrome' driver

2020-10-28 16:38:44 - [MESSAGE][INFO] - User set preference: ['AcceptInsecureCerts', 'true']

2020-10-28 16:38:44 - [MESSAGE][INFO] - User set preference: ['args', '[ignore-certificate-errors]']

2020-10-28 16:38:44 - [MESSAGE][INFO] - Action delay is set to 0 milliseconds

2020-10-28 16:38:46 - [MESSAGE][PASSED] - Browser is opened with url: ''

2020-10-28 16:38:47 - [MESSAGE][PASSED] - Navigate to 'https://id-ist01preprod.id.nonprod/ist/' successfully

2020-10-28 16:38:47 - [MESSAGE][PASSED] - Go to ISTools

2020-10-28 16:38:47 - [TEST_STEP][PASSED] - Login IST with valid credentials: Login IST with valid credentials

2020-10-28 16:38:49 - [MESSAGE][PASSED] - Text 'mobile.test' is set on object 'Object Repository/Page_/input_Username_j_username'

2020-10-28 16:38:49 - [MESSAGE][PASSED] - Text ****** has been set on object 'Object Repository/Page_/input_Password_j_password'

2020-10-28 16:38:50 - [MESSAGE][PASSED] - Object: 'Object Repository/Page_/button_Login' is clicked on

2020-10-28 16:38:50 - [MESSAGE][PASSED] - Login IST with valid credentials

2020-10-28 16:38:50 - [TEST_STEP][PASSED] - Login Success for contract dispatcher: Login Success for contract dispatcher

2020-10-28 16:38:50 - [MESSAGE][INFO] - Login Success

2020-10-28 16:38:50 - [MESSAGE][PASSED] - Current window maximized

2020-10-28 16:38:50 - [MESSAGE][PASSED] - Object 'Object Repository/Page_/h1_Welcome to IT Supporting Tools' is present

2020-10-28 16:38:50 - [MESSAGE][PASSED] - Login Success for contract dispatcher

2020-10-28 16:38:50 - [TEST_STEP][PASSED] - Select Menu "SLIK Gateway Non Customer": Select Menu "SLIK Gateway Non Customer"

2020-10-28 16:38:51 - [MESSAGE][PASSED] - Taking screenshot successfully
[[ATTACHMENT|/Users/chaidir.pratama01/Documents/Docs/Katalon Studio/Screenshot/test-SLIK Gateway Non Customer.png]]

2020-10-28 16:38:51 - [MESSAGE][PASSED] - Object '' is present

2020-10-28 16:38:52 - [MESSAGE][PASSED] - Object: '' is clicked on

2020-10-28 16:38:52 - [MESSAGE][PASSED] - Wait for page load successfully

2020-10-28 16:38:52 - [MESSAGE][PASSED] - Select Menu "SLIK Gateway Non Customer"

2020-10-28 16:38:52 - [TEST_STEP][PASSED] - Verify Title "SLIK Gateway Non Customer" Exists: Verify Title "SLIK Gateway Non Customer" Exists

2020-10-28 16:38:53 - [MESSAGE][PASSED] - Object '' is present

2020-10-28 16:38:53 - [MESSAGE][PASSED] - Object: '' is focused

2020-10-28 16:38:53 - [MESSAGE][PASSED] - Verify Title "SLIK Gateway Non Customer" Exists

2020-10-28 16:38:53 - [TEST_STEP][PASSED] - Verify Title "Check SLIK" Exists: Verify Title "Check SLIK" Exists

2020-10-28 16:38:54 - [MESSAGE][PASSED] - Object '' is present

2020-10-28 16:38:54 - [MESSAGE][PASSED] - Object: '' is focused

2020-10-28 16:38:54 - [MESSAGE][PASSED] - Verify Title "Check SLIK" Exists

2020-10-28 16:38:54 - [TEST_STEP][PASSED] - Verify Contents of Check SLIK Label in SLIK Gateway Non Customer Menu Exist: Verify Contents of Check SLIK Label in SLIK Gateway Non Customer Menu Exist

2020-10-28 16:38:54 - [MESSAGE][PASSED] - Object '' is present

2020-10-28 16:38:55 - [MESSAGE][PASSED] - Object: '' is focused

2020-10-28 16:38:55 - [MESSAGE][PASSED] - Object '' is present

2020-10-28 16:38:55 - [MESSAGE][PASSED] - Object: '' is focused

2020-10-28 16:38:56 - [MESSAGE][PASSED] - Object '' is present

2020-10-28 16:38:56 - [MESSAGE][PASSED] - Object: '' is focused

2020-10-28 16:38:57 - [MESSAGE][PASSED] - Object '' is present

2020-10-28 16:38:57 - [MESSAGE][PASSED] - Object: '' is focused

2020-10-28 16:38:58 - [MESSAGE][PASSED] - Object '' is present

2020-10-28 16:38:58 - [MESSAGE][PASSED] - Object: '' is focused

2020-10-28 16:38:58 - [MESSAGE][PASSED] - Object '' is present

2020-10-28 16:38:59 - [MESSAGE][PASSED] - Object: '' is focused

2020-10-28 16:38:59 - [MESSAGE][PASSED] - Object '' is present

2020-10-28 16:38:59 - [MESSAGE][PASSED] - Object: '' is focused

2020-10-28 16:39:00 - [MESSAGE][PASSED] - Object '' is present

2020-10-28 16:39:00 - [MESSAGE][PASSED] - Object: '' is focused

2020-10-28 16:39:00 - [MESSAGE][PASSED] - Object '' is present

2020-10-28 16:39:01 - [MESSAGE][PASSED] - Object: '' is focused

2020-10-28 16:39:01 - [MESSAGE][PASSED] - Object '' is present

2020-10-28 16:39:02 - [MESSAGE][PASSED] - Object: '' is focused

2020-10-28 16:39:02 - [MESSAGE][PASSED] - Object '' is present

2020-10-28 16:39:02 - [MESSAGE][PASSED] - Object: '' is focused

2020-10-28 16:39:02 - [MESSAGE][PASSED] - Object '' is present

2020-10-28 16:39:03 - [MESSAGE][PASSED] - Object: '' is focused

2020-10-28 16:39:03 - [MESSAGE][PASSED] - Object '' is present

2020-10-28 16:39:03 - [MESSAGE][PASSED] - Object: '' is focused

2020-10-28 16:39:04 - [MESSAGE][PASSED] - Object '' is present

2020-10-28 16:39:04 - [MESSAGE][PASSED] - Object: '' is focused

2020-10-28 16:39:04 - [MESSAGE][PASSED] - Object '' is present

2020-10-28 16:39:05 - [MESSAGE][PASSED] - Object: '' is focused

2020-10-28 16:39:05 - [MESSAGE][PASSED] - Object '' is present

2020-10-28 16:39:05 - [MESSAGE][PASSED] - Object: '' is focused

2020-10-28 16:39:06 - [MESSAGE][PASSED] - Object '' is present

2020-10-28 16:39:06 - [MESSAGE][PASSED] - Object: '' is focused

2020-10-28 16:39:07 - [MESSAGE][PASSED] - Object '' is present

2020-10-28 16:39:07 - [MESSAGE][PASSED] - Object: '' is focused

2020-10-28 16:39:08 - [MESSAGE][PASSED] - Object '' is present

2020-10-28 16:39:11 - [MESSAGE][PASSED] - Delayed 3 second(s)

2020-10-28 16:39:11 - [MESSAGE][PASSED] - Object: '' is focused

2020-10-28 16:39:14 - [MESSAGE][PASSED] - Delayed 3 second(s)

2020-10-28 16:39:14 - [MESSAGE][PASSED] - Object '' is present

2020-10-28 16:39:15 - [MESSAGE][PASSED] - Object: '' is focused

2020-10-28 16:39:15 - [MESSAGE][PASSED] - Object '' is present

2020-10-28 16:39:16 - [MESSAGE][PASSED] - Object: '' is focused

2020-10-28 16:39:16 - [MESSAGE][PASSED] - Object '' is present

2020-10-28 16:39:16 - [MESSAGE][PASSED] - Object: '' is focused

2020-10-28 16:39:16 - [MESSAGE][PASSED] - Verify Contents of Check SLIK Label in SLIK Gateway Non Customer Menu Exist

2020-10-28 16:39:16 - [TEST_STEP][PASSED] - Verify Title "Search Result" Exists: Verify Title "Search Result" Exists

2020-10-28 16:39:16 - [MESSAGE][PASSED] - Object '' is present

2020-10-28 16:39:17 - [MESSAGE][PASSED] - Object: '' is focused

2020-10-28 16:39:17 - [MESSAGE][PASSED] - Verify Title "Search Result" Exists

2020-10-28 16:39:17 - [TEST_STEP][PASSED] - Verify Contents of Search Result: Verify Contents of Search Result

2020-10-28 16:39:17 - [MESSAGE][PASSED] - Object '' is present

2020-10-28 16:39:18 - [MESSAGE][PASSED] - Object: '' is focused

2020-10-28 16:39:18 - [MESSAGE][PASSED] - Object '' is present

2020-10-28 16:39:18 - [MESSAGE][PASSED] - Object: '' is focused

2020-10-28 16:39:19 - [MESSAGE][PASSED] - Object '' is present

2020-10-28 16:39:19 - [MESSAGE][PASSED] - Object: '' is focused

2020-10-28 16:39:19 - [MESSAGE][PASSED] - Object '' is present

2020-10-28 16:39:20 - [MESSAGE][PASSED] - Object: '' is focused

2020-10-28 16:39:20 - [MESSAGE][PASSED] - Object '' is present

2020-10-28 16:39:20 - [MESSAGE][PASSED] - Object: '' is focused

2020-10-28 16:39:21 - [MESSAGE][PASSED] - Object '' is present

2020-10-28 16:39:21 - [MESSAGE][PASSED] - Object: '' is focused

2020-10-28 16:39:21 - [MESSAGE][PASSED] - Object '' is present

2020-10-28 16:39:21 - [MESSAGE][PASSED] - Object: '' is focused

2020-10-28 16:39:22 - [MESSAGE][PASSED] - Object '' is present

2020-10-28 16:39:22 - [MESSAGE][PASSED] - Object: '' is focused

2020-10-28 16:39:22 - [MESSAGE][PASSED] - Object '' is present

2020-10-28 16:39:23 - [MESSAGE][PASSED] - Object: '' is focused

2020-10-28 16:39:23 - [MESSAGE][PASSED] - Verify Contents of Search Result

2020-10-28 16:39:23 - [TEST_STEP][PASSED] - Click button "Logout": Click button "Logout"

2020-10-28 16:39:23 - [MESSAGE][INFO] - >>>>>//Button[contains(text(),'Logout')]

2020-10-28 16:39:27 - [MESSAGE][PASSED] - Object: '' is clicked on

2020-10-28 16:39:27 - [MESSAGE][PASSED] - Click button "Logout"

2020-10-28 16:39:27 - [TEST_STEP][PASSED] - Close browser: Close browser

2020-10-28 16:39:27 - [MESSAGE][PASSED] - Browser is closed

2020-10-28 16:39:27 - [MESSAGE][PASSED] - Close browser

2020-10-28 16:39:27 - [MESSAGE][PASSED] - Feature file: 'Include/features/IST_Real/SLIK/SLIK Gateway Non Customer/Open_Menu_SLIK_Gateway_Non_Customer.feature' was passed]]></system-out>
         <system-err><![CDATA[]]></system-err>
      </testcase>
      <testcase name="Test Cases/IST_Real/SLIK/SLIK_Gateway_Non_Customer/SLIK Gateway Non Customer Checking" time="74.837" classname="Test Cases/IST_Real/SLIK/SLIK_Gateway_Non_Customer/SLIK Gateway Non Customer Checking" status="PASSED">
         <system-out><![CDATA[2020-10-28 16:39:27 - [TEST_CASE][PASSED] - Test Cases/IST_Real/SLIK/SLIK_Gateway_Non_Customer/SLIK Gateway Non Customer Checking: Test Cases/IST_Real/SLIK/SLIK_Gateway_Non_Customer/SLIK Gateway Non Customer Checking

2020-10-28 16:39:27 - [TEST_STEP][PASSED] - runFeatureFile("Include/features/IST_Real/SLIK/SLIK Gateway Non Customer/SLIK Gateway Non Customer Checking.feature"): Feature file: 'Include/features/IST_Real/SLIK/SLIK Gateway Non Customer/SLIK Gateway Non Customer Checking.feature' was passed

2020-10-28 16:39:27 - [MESSAGE][INFO] - Starting run keyword runFeatureFile: 'Include/features/IST_Real/SLIK/SLIK Gateway Non Customer/SLIK Gateway Non Customer Checking.feature' and extract report to folder: '/Users/chaidir.pratama01/Katalon Studio/IST_Automation_Git/Reports/20201028_163836/SLIK/TS_SLIK_Gateway_Non_Customer/20201028_163836/cucumber_report/1603877967443'...

2020-10-28 16:39:27 - [TEST_CASE][PASSED] - Start Test Case : SCENARIO SLIK Gateway Non Customer Checking: SCENARIO SLIK Gateway Non Customer Checking

2020-10-28 16:39:27 - [TEST_STEP][PASSED] - Go to ISTools: Go to ISTools

2020-10-28 16:39:27 - [MESSAGE][INFO] - Starting 'Chrome' driver

2020-10-28 16:39:27 - [MESSAGE][INFO] - User set preference: ['AcceptInsecureCerts', 'true']

2020-10-28 16:39:27 - [MESSAGE][INFO] - User set preference: ['args', '[ignore-certificate-errors]']

2020-10-28 16:39:27 - [MESSAGE][INFO] - Action delay is set to 0 milliseconds

2020-10-28 16:39:28 - [MESSAGE][PASSED] - Browser is opened with url: ''

2020-10-28 16:39:29 - [MESSAGE][PASSED] - Navigate to 'https://id-ist01preprod.id.nonprod/ist/' successfully

2020-10-28 16:39:29 - [MESSAGE][PASSED] - Go to ISTools

2020-10-28 16:39:29 - [TEST_STEP][PASSED] - Login IST with valid credentials: Login IST with valid credentials

2020-10-28 16:39:30 - [MESSAGE][PASSED] - Text 'mobile.test' is set on object 'Object Repository/Page_/input_Username_j_username'

2020-10-28 16:39:30 - [MESSAGE][PASSED] - Text ****** has been set on object 'Object Repository/Page_/input_Password_j_password'

2020-10-28 16:39:31 - [MESSAGE][PASSED] - Object: 'Object Repository/Page_/button_Login' is clicked on

2020-10-28 16:39:31 - [MESSAGE][PASSED] - Login IST with valid credentials

2020-10-28 16:39:31 - [TEST_STEP][PASSED] - Login Success for contract dispatcher: Login Success for contract dispatcher

2020-10-28 16:39:31 - [MESSAGE][INFO] - Login Success

2020-10-28 16:39:31 - [MESSAGE][PASSED] - Current window maximized

2020-10-28 16:39:31 - [MESSAGE][PASSED] - Object 'Object Repository/Page_/h1_Welcome to IT Supporting Tools' is present

2020-10-28 16:39:31 - [MESSAGE][PASSED] - Login Success for contract dispatcher

2020-10-28 16:39:31 - [TEST_STEP][PASSED] - Select Menu SLIK Gateway NonCustomer: Select Menu SLIK Gateway NonCustomer

2020-10-28 16:39:32 - [MESSAGE][PASSED] - Object '' is present

2020-10-28 16:39:32 - [MESSAGE][PASSED] - Object: '' is clicked on

2020-10-28 16:39:32 - [MESSAGE][PASSED] - Wait for page load successfully

2020-10-28 16:39:32 - [MESSAGE][PASSED] - Select Menu SLIK Gateway NonCustomer

2020-10-28 16:39:32 - [TEST_STEP][PASSED] - Input Data KTP Number: Input Data KTP Number

2020-10-28 16:39:33 - [MESSAGE][PASSED] - Text '8888888888888888' is set on object ''

2020-10-28 16:39:33 - [MESSAGE][PASSED] - Input Data KTP Number

2020-10-28 16:39:33 - [TEST_STEP][PASSED] - Input Data "Name *" with value "OPEX TestingAuto" for Check SLIK: Input Data "Name *" with value "OPEX TestingAuto" for Check SLIK

2020-10-28 16:39:34 - [MESSAGE][PASSED] - Taking screenshot successfully
[[ATTACHMENT|/Users/chaidir.pratama01/Documents/Docs/Katalon Studio/Screenshot/slik.png]]

2020-10-28 16:39:34 - [MESSAGE][PASSED] - Object '' is visible

2020-10-28 16:39:35 - [MESSAGE][PASSED] - Object: '' is focused

2020-10-28 16:39:35 - [MESSAGE][PASSED] - Text 'OPEX TestingAuto' is set on object ''

2020-10-28 16:39:35 - [MESSAGE][PASSED] - Input Data "Name *" with value "OPEX TestingAuto" for Check SLIK

2020-10-28 16:39:35 - [TEST_STEP][PASSED] - Input Date of Birth "20-02-1990": Input Date of Birth "20-02-1990"

2020-10-28 16:39:36 - [MESSAGE][PASSED] - Text '20-02-1990' is set on object ''

2020-10-28 16:39:39 - [MESSAGE][PASSED] - Delayed 3 second(s)

2020-10-28 16:39:39 - [MESSAGE][PASSED] - Input Date of Birth "20-02-1990"

2020-10-28 16:39:39 - [TEST_STEP][PASSED] - Select Gender "Laki-laki": Select Gender "Laki-laki"

2020-10-28 16:39:39 - [MESSAGE][PASSED] - Object: '' is clicked on

2020-10-28 16:39:39 - [MESSAGE][PASSED] - Select Gender "Laki-laki"

2020-10-28 16:39:39 - [TEST_STEP][PASSED] - Select Purpose is "Penilaian Calon Kemitraan": Select Purpose is "Penilaian Calon Kemitraan"

2020-10-28 16:39:40 - [MESSAGE][PASSED] - All options with value 'Penilaian Calon Kemitraan' are selected in object ''  using regular expression

2020-10-28 16:39:40 - [MESSAGE][PASSED] - Select Purpose is "Penilaian Calon Kemitraan"

2020-10-28 16:39:40 - [TEST_STEP][PASSED] - Input Data "Place of Birth" with value "Jakarta" for Check SLIK: Input Data "Place of Birth" with value "Jakarta" for Check SLIK

2020-10-28 16:39:41 - [MESSAGE][PASSED] - Taking screenshot successfully
[[ATTACHMENT|/Users/chaidir.pratama01/Documents/Docs/Katalon Studio/Screenshot/slik.png]]

2020-10-28 16:39:41 - [MESSAGE][PASSED] - Object '' is visible

2020-10-28 16:39:42 - [MESSAGE][PASSED] - Object: '' is focused

2020-10-28 16:39:42 - [MESSAGE][PASSED] - Text 'Jakarta' is set on object ''

2020-10-28 16:39:42 - [MESSAGE][PASSED] - Input Data "Place of Birth" with value "Jakarta" for Check SLIK

2020-10-28 16:39:42 - [TEST_STEP][PASSED] - Input Data "Mother Maternity Name" with value "Tester Auto" for Check SLIK: Input Data "Mother Maternity Name" with value "Tester Auto" for Check SLIK

2020-10-28 16:39:43 - [MESSAGE][PASSED] - Taking screenshot successfully
[[ATTACHMENT|/Users/chaidir.pratama01/Documents/Docs/Katalon Studio/Screenshot/slik.png]]

2020-10-28 16:39:43 - [MESSAGE][PASSED] - Object '' is visible

2020-10-28 16:39:44 - [MESSAGE][PASSED] - Object: '' is focused

2020-10-28 16:39:44 - [MESSAGE][PASSED] - Text 'Tester Auto' is set on object ''

2020-10-28 16:39:44 - [MESSAGE][PASSED] - Input Data "Mother Maternity Name" with value "Tester Auto" for Check SLIK

2020-10-28 16:39:44 - [TEST_STEP][PASSED] - Input KTP Address "TESTING AUTO JAKARTA": Input KTP Address "TESTING AUTO JAKARTA"

2020-10-28 16:39:45 - [MESSAGE][PASSED] - Text 'TESTING AUTO JAKARTA' is set on object ''

2020-10-28 16:39:45 - [MESSAGE][PASSED] - Input KTP Address "TESTING AUTO JAKARTA"

2020-10-28 16:39:45 - [TEST_STEP][PASSED] - Click button "Upload": Click button "Upload"

2020-10-28 16:39:45 - [MESSAGE][INFO] - >>>>>//Button[contains(text(),'Upload')]

2020-10-28 16:39:50 - [MESSAGE][PASSED] - Object: '' is clicked on

2020-10-28 16:39:50 - [MESSAGE][PASSED] - Click button "Upload"

2020-10-28 16:39:50 - [TEST_STEP][PASSED] - Upload file "new_captcha1500.png": Upload file "new_captcha1500.png"

2020-10-28 16:39:50 - [MESSAGE][PASSED] - Switched to window with index: '0'

2020-10-28 16:40:04 - [MESSAGE][PASSED] - Upload file "new_captcha1500.png"

2020-10-28 16:40:04 - [TEST_STEP][PASSED] - Click button "Check SLIK": Click button "Check SLIK"

2020-10-28 16:40:04 - [MESSAGE][INFO] - >>>>>//Button[contains(text(),'Check SLIK')]

2020-10-28 16:40:07 - [MESSAGE][PASSED] - Object: '' is clicked on

2020-10-28 16:40:07 - [MESSAGE][PASSED] - Click button "Check SLIK"

2020-10-28 16:40:07 - [TEST_STEP][PASSED] - Get text from pop up "Confirmation Submit Request" with text "Are you sure to submit this data ?": Get text from pop up "Confirmation Submit Request" with text "Are you sure to submit this data ?"

2020-10-28 16:40:11 - [MESSAGE][PASSED] - Taking screenshot successfully
[[ATTACHMENT|/Users/chaidir.pratama01/Documents/Docs/Katalon Studio/Screenshot/errorpopup.png]]

2020-10-28 16:40:11 - [MESSAGE][PASSED] - Object '' is present

2020-10-28 16:40:11 - [MESSAGE][PASSED] - Wait for page load successfully

2020-10-28 16:40:11 - [MESSAGE][PASSED] - Wait for page load successfully

2020-10-28 16:40:11 - [MESSAGE][PASSED] - Get text from pop up "Confirmation Submit Request" with text "Are you sure to submit this data ?"

2020-10-28 16:40:11 - [TEST_STEP][PASSED] - Click button "Yes": Click button "Yes"

2020-10-28 16:40:11 - [MESSAGE][INFO] - >>>>>//Button[contains(text(),'Yes')]

2020-10-28 16:40:14 - [MESSAGE][PASSED] - Object: '' is clicked on

2020-10-28 16:40:14 - [MESSAGE][PASSED] - Click button "Yes"

2020-10-28 16:40:14 - [TEST_STEP][PASSED] - Verify KTP Number Request Success: Verify KTP Number Request Success

2020-10-28 16:40:35 - [MESSAGE][PASSED] - Object '' is present

2020-10-28 16:40:35 - [MESSAGE][PASSED] - Verify KTP Number Request Success

2020-10-28 16:40:35 - [TEST_STEP][PASSED] - Click button "OK": Click button "OK"

2020-10-28 16:40:35 - [MESSAGE][INFO] - >>>>>//Button[contains(text(),'OK')]

2020-10-28 16:40:38 - [MESSAGE][PASSED] - Object: '' is clicked on

2020-10-28 16:40:38 - [MESSAGE][PASSED] - Click button "OK"

2020-10-28 16:40:38 - [TEST_STEP][PASSED] - Click button "Logout": Click button "Logout"

2020-10-28 16:40:38 - [MESSAGE][INFO] - >>>>>//Button[contains(text(),'Logout')]

2020-10-28 16:40:42 - [MESSAGE][PASSED] - Object: '' is clicked on

2020-10-28 16:40:42 - [MESSAGE][PASSED] - Click button "Logout"

2020-10-28 16:40:42 - [TEST_STEP][PASSED] - Close browser: Close browser

2020-10-28 16:40:42 - [MESSAGE][PASSED] - Browser is closed

2020-10-28 16:40:42 - [MESSAGE][PASSED] - Close browser

2020-10-28 16:40:42 - [MESSAGE][PASSED] - Feature file: 'Include/features/IST_Real/SLIK/SLIK Gateway Non Customer/SLIK Gateway Non Customer Checking.feature' was passed]]></system-out>
         <system-err><![CDATA[]]></system-err>
      </testcase>
      <testcase name="Test Cases/IST_Real/SLIK/SLIK_Gateway_Non_Customer/SELECT KTP NUMBER NON CUSTOMER from DB" time="1.405" classname="Test Cases/IST_Real/SLIK/SLIK_Gateway_Non_Customer/SELECT KTP NUMBER NON CUSTOMER from DB" status="PASSED">
         <system-out><![CDATA[2020-10-28 16:40:42 - [TEST_CASE][PASSED] - Test Cases/IST_Real/SLIK/SLIK_Gateway_Non_Customer/SELECT KTP NUMBER NON CUSTOMER from DB: Test Cases/IST_Real/SLIK/SLIK_Gateway_Non_Customer/SELECT KTP NUMBER NON CUSTOMER from DB

2020-10-28 16:40:42 - [TEST_STEP][PASSED] - runFeatureFile("Include/features/IST_Real/SLIK/SLIK Gateway Non Customer/SELECT_KTP_NUMBER_NON_CUSTOMER_from_DB.feature"): Feature file: 'Include/features/IST_Real/SLIK/SLIK Gateway Non Customer/SELECT_KTP_NUMBER_NON_CUSTOMER_from_DB.feature' was passed

2020-10-28 16:40:42 - [MESSAGE][INFO] - Starting run keyword runFeatureFile: 'Include/features/IST_Real/SLIK/SLIK Gateway Non Customer/SELECT_KTP_NUMBER_NON_CUSTOMER_from_DB.feature' and extract report to folder: '/Users/chaidir.pratama01/Katalon Studio/IST_Automation_Git/Reports/20201028_163836/SLIK/TS_SLIK_Gateway_Non_Customer/20201028_163836/cucumber_report/1603878042240'...

2020-10-28 16:40:42 - [TEST_CASE][PASSED] - Start Test Case : SCENARIO SELECT KTP Number Non Customer From Table SLIK_DATA_CUSTOMER: SCENARIO SELECT KTP Number Non Customer From Table SLIK_DATA_CUSTOMER

2020-10-28 16:40:42 - [TEST_STEP][PASSED] - Connect to Database: Connect to Database

2020-10-28 16:40:43 - [MESSAGE][PASSED] - Connect to Database

2020-10-28 16:40:43 - [TEST_STEP][PASSED] - Check KTP Number Non Customer in DB: Check KTP Number Non Customer in DB

2020-10-28 16:40:43 - [MESSAGE][PASSED] - Check KTP Number Non Customer in DB

2020-10-28 16:40:43 - [MESSAGE][PASSED] - Feature file: 'Include/features/IST_Real/SLIK/SLIK Gateway Non Customer/SELECT_KTP_NUMBER_NON_CUSTOMER_from_DB.feature' was passed]]></system-out>
         <system-err><![CDATA[]]></system-err>
      </testcase>
      <testcase name="Test Cases/IST_Real/SLIK/SLIK_Gateway_Non_Customer/SLIK Gateway Non Customer Search By KTP" time="14.664" classname="Test Cases/IST_Real/SLIK/SLIK_Gateway_Non_Customer/SLIK Gateway Non Customer Search By KTP" status="PASSED">
         <system-out><![CDATA[2020-10-28 16:40:43 - [TEST_CASE][PASSED] - Test Cases/IST_Real/SLIK/SLIK_Gateway_Non_Customer/SLIK Gateway Non Customer Search By KTP: Test Cases/IST_Real/SLIK/SLIK_Gateway_Non_Customer/SLIK Gateway Non Customer Search By KTP

2020-10-28 16:40:43 - [TEST_STEP][PASSED] - runFeatureFile("Include/features/IST_Real/SLIK/SLIK Gateway Non Customer/SLIK_Gateaway_Non_Customer_Search_By_KTP.feature"): Feature file: 'Include/features/IST_Real/SLIK/SLIK Gateway Non Customer/SLIK_Gateaway_Non_Customer_Search_By_KTP.feature' was passed

2020-10-28 16:40:43 - [MESSAGE][INFO] - Starting run keyword runFeatureFile: 'Include/features/IST_Real/SLIK/SLIK Gateway Non Customer/SLIK_Gateaway_Non_Customer_Search_By_KTP.feature' and extract report to folder: '/Users/chaidir.pratama01/Katalon Studio/IST_Automation_Git/Reports/20201028_163836/SLIK/TS_SLIK_Gateway_Non_Customer/20201028_163836/cucumber_report/1603878043643'...

2020-10-28 16:40:43 - [TEST_CASE][PASSED] - Start Test Case : SCENARIO SLIK Gateway Non Customer Search Result: SCENARIO SLIK Gateway Non Customer Search Result

2020-10-28 16:40:43 - [TEST_STEP][PASSED] - Go to ISTools: Go to ISTools

2020-10-28 16:40:43 - [MESSAGE][INFO] - Starting 'Chrome' driver

2020-10-28 16:40:43 - [MESSAGE][INFO] - User set preference: ['AcceptInsecureCerts', 'true']

2020-10-28 16:40:43 - [MESSAGE][INFO] - User set preference: ['args', '[ignore-certificate-errors]']

2020-10-28 16:40:43 - [MESSAGE][INFO] - Action delay is set to 0 milliseconds

2020-10-28 16:40:45 - [MESSAGE][PASSED] - Browser is opened with url: ''

2020-10-28 16:40:46 - [MESSAGE][PASSED] - Navigate to 'https://id-ist01preprod.id.nonprod/ist/' successfully

2020-10-28 16:40:46 - [MESSAGE][PASSED] - Go to ISTools

2020-10-28 16:40:46 - [TEST_STEP][PASSED] - Login IST with valid credentials: Login IST with valid credentials

2020-10-28 16:40:47 - [MESSAGE][PASSED] - Text 'mobile.test' is set on object 'Object Repository/Page_/input_Username_j_username'

2020-10-28 16:40:47 - [MESSAGE][PASSED] - Text ****** has been set on object 'Object Repository/Page_/input_Password_j_password'

2020-10-28 16:40:48 - [MESSAGE][PASSED] - Object: 'Object Repository/Page_/button_Login' is clicked on

2020-10-28 16:40:48 - [MESSAGE][PASSED] - Login IST with valid credentials

2020-10-28 16:40:48 - [TEST_STEP][PASSED] - Login Success for contract dispatcher: Login Success for contract dispatcher

2020-10-28 16:40:48 - [MESSAGE][INFO] - Login Success

2020-10-28 16:40:48 - [MESSAGE][PASSED] - Current window maximized

2020-10-28 16:40:48 - [MESSAGE][PASSED] - Object 'Object Repository/Page_/h1_Welcome to IT Supporting Tools' is present

2020-10-28 16:40:48 - [MESSAGE][PASSED] - Login Success for contract dispatcher

2020-10-28 16:40:48 - [TEST_STEP][PASSED] - Select Menu SLIK Gateway NonCustomer: Select Menu SLIK Gateway NonCustomer

2020-10-28 16:40:48 - [MESSAGE][PASSED] - Object '' is present

2020-10-28 16:40:49 - [MESSAGE][PASSED] - Object: '' is clicked on

2020-10-28 16:40:49 - [MESSAGE][PASSED] - Wait for page load successfully

2020-10-28 16:40:49 - [MESSAGE][PASSED] - Select Menu SLIK Gateway NonCustomer

2020-10-28 16:40:49 - [TEST_STEP][PASSED] - Input Data KTP Number for Search Result: Input Data KTP Number for Search Result

2020-10-28 16:40:49 - [MESSAGE][PASSED] - Scroll to object '' successfully

2020-10-28 16:40:50 - [MESSAGE][PASSED] - Text '8888888888888888' is set on object ''

2020-10-28 16:40:50 - [MESSAGE][PASSED] - Input Data KTP Number for Search Result

2020-10-28 16:40:50 - [TEST_STEP][PASSED] - Click button "Search": Click button "Search"

2020-10-28 16:40:50 - [MESSAGE][INFO] - >>>>>//Button[contains(text(),'Search')]

2020-10-28 16:40:53 - [MESSAGE][PASSED] - Object: '' is clicked on

2020-10-28 16:40:53 - [MESSAGE][PASSED] - Click button "Search"

2020-10-28 16:40:53 - [TEST_STEP][PASSED] - Verify Search Result with KTP Number: Verify Search Result with KTP Number

2020-10-28 16:40:54 - [MESSAGE][PASSED] - Object '' is present

2020-10-28 16:40:54 - [MESSAGE][PASSED] - Verify Search Result with KTP Number

2020-10-28 16:40:54 - [TEST_STEP][PASSED] - Verify Search Result data: Verify Search Result data

2020-10-28 16:40:54 - [MESSAGE][PASSED] - Scroll to object '' successfully

2020-10-28 16:40:54 - [MESSAGE][PASSED] - Object '' is present

2020-10-28 16:40:54 - [MESSAGE][PASSED] - Verify Search Result data

2020-10-28 16:40:54 - [TEST_STEP][PASSED] - Click button "Logout": Click button "Logout"

2020-10-28 16:40:54 - [MESSAGE][INFO] - >>>>>//Button[contains(text(),'Logout')]

2020-10-28 16:40:58 - [MESSAGE][PASSED] - Object: '' is clicked on

2020-10-28 16:40:58 - [MESSAGE][PASSED] - Click button "Logout"

2020-10-28 16:40:58 - [TEST_STEP][PASSED] - Close browser: Close browser

2020-10-28 16:40:58 - [MESSAGE][PASSED] - Browser is closed

2020-10-28 16:40:58 - [MESSAGE][PASSED] - Close browser

2020-10-28 16:40:58 - [MESSAGE][PASSED] - Feature file: 'Include/features/IST_Real/SLIK/SLIK Gateway Non Customer/SLIK_Gateaway_Non_Customer_Search_By_KTP.feature' was passed]]></system-out>
         <system-err><![CDATA[]]></system-err>
      </testcase>
      <testcase name="Test Cases/IST_Real/SLIK/SLIK_Gateway_Non_Customer/SLIK Gateway Non Customer Search By Status REQUESTED" time="14.951" classname="Test Cases/IST_Real/SLIK/SLIK_Gateway_Non_Customer/SLIK Gateway Non Customer Search By Status REQUESTED" status="PASSED">
         <system-out><![CDATA[2020-10-28 16:40:58 - [TEST_CASE][PASSED] - Test Cases/IST_Real/SLIK/SLIK_Gateway_Non_Customer/SLIK Gateway Non Customer Search By Status REQUESTED: Test Cases/IST_Real/SLIK/SLIK_Gateway_Non_Customer/SLIK Gateway Non Customer Search By Status REQUESTED

2020-10-28 16:40:58 - [TEST_STEP][PASSED] - runFeatureFile("Include/features/IST_Real/SLIK/SLIK Gateway Non Customer/SLIK_Gateway_Non_Customer_Search_By_Status_REQUESTED.feature"): Feature file: 'Include/features/IST_Real/SLIK/SLIK Gateway Non Customer/SLIK_Gateway_Non_Customer_Search_By_Status_REQUESTED.feature' was passed

2020-10-28 16:40:58 - [MESSAGE][INFO] - Starting run keyword runFeatureFile: 'Include/features/IST_Real/SLIK/SLIK Gateway Non Customer/SLIK_Gateway_Non_Customer_Search_By_Status_REQUESTED.feature' and extract report to folder: '/Users/chaidir.pratama01/Katalon Studio/IST_Automation_Git/Reports/20201028_163836/SLIK/TS_SLIK_Gateway_Non_Customer/20201028_163836/cucumber_report/1603878058335'...

2020-10-28 16:40:58 - [TEST_CASE][PASSED] - Start Test Case : SCENARIO Search Result by Status: SCENARIO Search Result by Status

2020-10-28 16:40:58 - [TEST_STEP][PASSED] - Go to ISTools: Go to ISTools

2020-10-28 16:40:58 - [MESSAGE][INFO] - Starting 'Chrome' driver

2020-10-28 16:40:58 - [MESSAGE][INFO] - User set preference: ['AcceptInsecureCerts', 'true']

2020-10-28 16:40:58 - [MESSAGE][INFO] - User set preference: ['args', '[ignore-certificate-errors]']

2020-10-28 16:40:58 - [MESSAGE][INFO] - Action delay is set to 0 milliseconds

2020-10-28 16:40:59 - [MESSAGE][PASSED] - Browser is opened with url: ''

2020-10-28 16:41:00 - [MESSAGE][PASSED] - Navigate to 'https://id-ist01preprod.id.nonprod/ist/' successfully

2020-10-28 16:41:00 - [MESSAGE][PASSED] - Go to ISTools

2020-10-28 16:41:00 - [TEST_STEP][PASSED] - Login IST with valid credentials: Login IST with valid credentials

2020-10-28 16:41:01 - [MESSAGE][PASSED] - Text 'mobile.test' is set on object 'Object Repository/Page_/input_Username_j_username'

2020-10-28 16:41:01 - [MESSAGE][PASSED] - Text ****** has been set on object 'Object Repository/Page_/input_Password_j_password'

2020-10-28 16:41:02 - [MESSAGE][PASSED] - Object: 'Object Repository/Page_/button_Login' is clicked on

2020-10-28 16:41:02 - [MESSAGE][PASSED] - Login IST with valid credentials

2020-10-28 16:41:02 - [TEST_STEP][PASSED] - Login Success for contract dispatcher: Login Success for contract dispatcher

2020-10-28 16:41:02 - [MESSAGE][INFO] - Login Success

2020-10-28 16:41:02 - [MESSAGE][PASSED] - Current window maximized

2020-10-28 16:41:02 - [MESSAGE][PASSED] - Object 'Object Repository/Page_/h1_Welcome to IT Supporting Tools' is present

2020-10-28 16:41:02 - [MESSAGE][PASSED] - Login Success for contract dispatcher

2020-10-28 16:41:02 - [TEST_STEP][PASSED] - Select Menu SLIK Gateway NonCustomer: Select Menu SLIK Gateway NonCustomer

2020-10-28 16:41:03 - [MESSAGE][PASSED] - Object '' is present

2020-10-28 16:41:03 - [MESSAGE][PASSED] - Object: '' is clicked on

2020-10-28 16:41:03 - [MESSAGE][PASSED] - Wait for page load successfully

2020-10-28 16:41:03 - [MESSAGE][PASSED] - Select Menu SLIK Gateway NonCustomer

2020-10-28 16:41:03 - [TEST_STEP][PASSED] - Select Status is "REQUESTED": Select Status is "REQUESTED"

2020-10-28 16:41:04 - [MESSAGE][PASSED] - All options with value 'REQUESTED' are selected in object ''  using regular expression

2020-10-28 16:41:04 - [MESSAGE][PASSED] - Select Status is "REQUESTED"

2020-10-28 16:41:04 - [TEST_STEP][PASSED] - Click button "Search": Click button "Search"

2020-10-28 16:41:04 - [MESSAGE][INFO] - >>>>>//Button[contains(text(),'Search')]

2020-10-28 16:41:08 - [MESSAGE][PASSED] - Object: '' is clicked on

2020-10-28 16:41:08 - [MESSAGE][PASSED] - Click button "Search"

2020-10-28 16:41:08 - [TEST_STEP][PASSED] - Verify Search Result Based on Result Status: Verify Search Result Based on Result Status

2020-10-28 16:41:08 - [MESSAGE][PASSED] - Scroll to object '' successfully

2020-10-28 16:41:09 - [MESSAGE][PASSED] - Actual text and expected text of test object '' are matched.

2020-10-28 16:41:09 - [MESSAGE][PASSED] - Text of object '' is: 'REQUESTED -'

2020-10-28 16:41:09 - [MESSAGE][PASSED] - Text of object '' is: '8888888888888888'

2020-10-28 16:41:09 - [MESSAGE][PASSED] - Verify Search Result Based on Result Status

2020-10-28 16:41:09 - [TEST_STEP][PASSED] - Click button "Logout": Click button "Logout"

2020-10-28 16:41:09 - [MESSAGE][INFO] - >>>>>//Button[contains(text(),'Logout')]

2020-10-28 16:41:13 - [MESSAGE][PASSED] - Object: '' is clicked on

2020-10-28 16:41:13 - [MESSAGE][PASSED] - Click button "Logout"

2020-10-28 16:41:13 - [TEST_STEP][PASSED] - Close browser: Close browser

2020-10-28 16:41:13 - [MESSAGE][PASSED] - Browser is closed

2020-10-28 16:41:13 - [MESSAGE][PASSED] - Close browser

2020-10-28 16:41:13 - [MESSAGE][PASSED] - Feature file: 'Include/features/IST_Real/SLIK/SLIK Gateway Non Customer/SLIK_Gateway_Non_Customer_Search_By_Status_REQUESTED.feature' was passed]]></system-out>
         <system-err><![CDATA[]]></system-err>
      </testcase>
      <testcase name="Test Cases/IST_Real/SLIK/SLIK_Gateway_Non_Customer/SLIK Gateway Non Customer View Detail when Status REQUESTED" time="15.842" classname="Test Cases/IST_Real/SLIK/SLIK_Gateway_Non_Customer/SLIK Gateway Non Customer View Detail when Status REQUESTED" status="PASSED">
         <system-out><![CDATA[2020-10-28 16:41:13 - [TEST_CASE][PASSED] - Test Cases/IST_Real/SLIK/SLIK_Gateway_Non_Customer/SLIK Gateway Non Customer View Detail when Status REQUESTED: Test Cases/IST_Real/SLIK/SLIK_Gateway_Non_Customer/SLIK Gateway Non Customer View Detail when Status REQUESTED

2020-10-28 16:41:13 - [TEST_STEP][PASSED] - runFeatureFile("Include/features/IST_Real/SLIK/SLIK Gateway Non Customer/SLIK_Gateway_Non_Customer_View_Detail_when_Status_REQUESTED.feature"): Feature file: 'Include/features/IST_Real/SLIK/SLIK Gateway Non Customer/SLIK_Gateway_Non_Customer_View_Detail_when_Status_REQUESTED.feature' was passed

2020-10-28 16:41:13 - [MESSAGE][INFO] - Starting run keyword runFeatureFile: 'Include/features/IST_Real/SLIK/SLIK Gateway Non Customer/SLIK_Gateway_Non_Customer_View_Detail_when_Status_REQUESTED.feature' and extract report to folder: '/Users/chaidir.pratama01/Katalon Studio/IST_Automation_Git/Reports/20201028_163836/SLIK/TS_SLIK_Gateway_Non_Customer/20201028_163836/cucumber_report/1603878073263'...

2020-10-28 16:41:13 - [TEST_CASE][PASSED] - Start Test Case : SCENARIO SLIK Gateway Non Customer View Detail Link: SCENARIO SLIK Gateway Non Customer View Detail Link

2020-10-28 16:41:13 - [TEST_STEP][PASSED] - Go to ISTools: Go to ISTools

2020-10-28 16:41:13 - [MESSAGE][INFO] - Starting 'Chrome' driver

2020-10-28 16:41:13 - [MESSAGE][INFO] - User set preference: ['AcceptInsecureCerts', 'true']

2020-10-28 16:41:13 - [MESSAGE][INFO] - User set preference: ['args', '[ignore-certificate-errors]']

2020-10-28 16:41:13 - [MESSAGE][INFO] - Action delay is set to 0 milliseconds

2020-10-28 16:41:14 - [MESSAGE][PASSED] - Browser is opened with url: ''

2020-10-28 16:41:15 - [MESSAGE][PASSED] - Navigate to 'https://id-ist01preprod.id.nonprod/ist/' successfully

2020-10-28 16:41:15 - [MESSAGE][PASSED] - Go to ISTools

2020-10-28 16:41:15 - [TEST_STEP][PASSED] - Login IST with valid credentials: Login IST with valid credentials

2020-10-28 16:41:15 - [MESSAGE][PASSED] - Text 'mobile.test' is set on object 'Object Repository/Page_/input_Username_j_username'

2020-10-28 16:41:16 - [MESSAGE][PASSED] - Text ****** has been set on object 'Object Repository/Page_/input_Password_j_password'

2020-10-28 16:41:16 - [MESSAGE][PASSED] - Object: 'Object Repository/Page_/button_Login' is clicked on

2020-10-28 16:41:16 - [MESSAGE][PASSED] - Login IST with valid credentials

2020-10-28 16:41:16 - [TEST_STEP][PASSED] - Login Success for contract dispatcher: Login Success for contract dispatcher

2020-10-28 16:41:16 - [MESSAGE][INFO] - Login Success

2020-10-28 16:41:16 - [MESSAGE][PASSED] - Current window maximized

2020-10-28 16:41:17 - [MESSAGE][PASSED] - Object 'Object Repository/Page_/h1_Welcome to IT Supporting Tools' is present

2020-10-28 16:41:17 - [MESSAGE][PASSED] - Login Success for contract dispatcher

2020-10-28 16:41:17 - [TEST_STEP][PASSED] - Select Menu SLIK Gateway NonCustomer: Select Menu SLIK Gateway NonCustomer

2020-10-28 16:41:17 - [MESSAGE][PASSED] - Object '' is present

2020-10-28 16:41:17 - [MESSAGE][PASSED] - Object: '' is clicked on

2020-10-28 16:41:17 - [MESSAGE][PASSED] - Wait for page load successfully

2020-10-28 16:41:17 - [MESSAGE][PASSED] - Select Menu SLIK Gateway NonCustomer

2020-10-28 16:41:17 - [TEST_STEP][PASSED] - Select Status is "REQUESTED": Select Status is "REQUESTED"

2020-10-28 16:41:19 - [MESSAGE][PASSED] - All options with value 'REQUESTED' are selected in object ''  using regular expression

2020-10-28 16:41:19 - [MESSAGE][PASSED] - Select Status is "REQUESTED"

2020-10-28 16:41:19 - [TEST_STEP][PASSED] - Click button "Search": Click button "Search"

2020-10-28 16:41:19 - [MESSAGE][INFO] - >>>>>//Button[contains(text(),'Search')]

2020-10-28 16:41:22 - [MESSAGE][PASSED] - Object: '' is clicked on

2020-10-28 16:41:22 - [MESSAGE][PASSED] - Click button "Search"

2020-10-28 16:41:22 - [TEST_STEP][PASSED] - Verify Search Result Based on Result Status: Verify Search Result Based on Result Status

2020-10-28 16:41:23 - [MESSAGE][PASSED] - Scroll to object '' successfully

2020-10-28 16:41:23 - [MESSAGE][PASSED] - Actual text and expected text of test object '' are matched.

2020-10-28 16:41:23 - [MESSAGE][PASSED] - Text of object '' is: 'REQUESTED -'

2020-10-28 16:41:24 - [MESSAGE][PASSED] - Text of object '' is: '8888888888888888'

2020-10-28 16:41:24 - [MESSAGE][PASSED] - Verify Search Result Based on Result Status

2020-10-28 16:41:24 - [TEST_STEP][PASSED] - Click View Detail Link: Click View Detail Link

2020-10-28 16:41:24 - [MESSAGE][PASSED] - Web element with id: '' located by 'By.xpath: //span[text()='Search Result']/../../../following-sibling::div[@class='z-groupbox-content']/div[@class='z-grid']/div[@class='z-grid-body']/table/tbody/tr/td[7]/div/div/span' is not present after '3' second(s)

2020-10-28 16:41:24 - [MESSAGE][PASSED] - Click View Detail Link

2020-10-28 16:41:24 - [TEST_STEP][PASSED] - Take Screenshot "View_detail_NonCutomer.png": Take Screenshot "View_detail_NonCutomer.png"

2020-10-28 16:41:25 - [MESSAGE][PASSED] - Taking screenshot successfully
[[ATTACHMENT|/Users/chaidir.pratama01/Katalon Studio/IST_Automation_Git/img/View_detail_NonCutomer.png]]

2020-10-28 16:41:25 - [MESSAGE][PASSED] - Take Screenshot "View_detail_NonCutomer.png"

2020-10-28 16:41:25 - [TEST_STEP][PASSED] - Verify Slik Result Detail Link: Verify Slik Result Detail Link

2020-10-28 16:41:25 - [MESSAGE][PASSED] - Verify Slik Result Detail Link

2020-10-28 16:41:25 - [TEST_STEP][PASSED] - Click button "Logout": Click button "Logout"

2020-10-28 16:41:25 - [MESSAGE][INFO] - >>>>>//Button[contains(text(),'Logout')]

2020-10-28 16:41:28 - [MESSAGE][PASSED] - Object: '' is clicked on

2020-10-28 16:41:28 - [MESSAGE][PASSED] - Click button "Logout"

2020-10-28 16:41:28 - [TEST_STEP][PASSED] - Close browser: Close browser

2020-10-28 16:41:29 - [MESSAGE][PASSED] - Browser is closed

2020-10-28 16:41:29 - [MESSAGE][PASSED] - Close browser

2020-10-28 16:41:29 - [MESSAGE][PASSED] - Feature file: 'Include/features/IST_Real/SLIK/SLIK Gateway Non Customer/SLIK_Gateway_Non_Customer_View_Detail_when_Status_REQUESTED.feature' was passed]]></system-out>
         <system-err><![CDATA[]]></system-err>
      </testcase>
      <testcase name="Test Cases/IST_Real/SLIK/SLIK_Gateway_Approval_Non_Customer/Approve KTP Number" time="30.91" classname="Test Cases/IST_Real/SLIK/SLIK_Gateway_Approval_Non_Customer/Approve KTP Number" status="PASSED">
         <system-out><![CDATA[2020-10-28 16:41:29 - [TEST_CASE][PASSED] - Test Cases/IST_Real/SLIK/SLIK_Gateway_Approval_Non_Customer/Approve KTP Number: Test Cases/IST_Real/SLIK/SLIK_Gateway_Approval_Non_Customer/Approve KTP Number

2020-10-28 16:41:29 - [TEST_STEP][PASSED] - runFeatureFile("Include/features/IST_Real/SLIK/SLIK Gateway Approval Non Customer/Approve_KTP_Number.feature"): Feature file: 'Include/features/IST_Real/SLIK/SLIK Gateway Approval Non Customer/Approve_KTP_Number.feature' was passed

2020-10-28 16:41:29 - [MESSAGE][INFO] - Starting run keyword runFeatureFile: 'Include/features/IST_Real/SLIK/SLIK Gateway Approval Non Customer/Approve_KTP_Number.feature' and extract report to folder: '/Users/chaidir.pratama01/Katalon Studio/IST_Automation_Git/Reports/20201028_163836/SLIK/TS_SLIK_Gateway_Non_Customer/20201028_163836/cucumber_report/1603878089110'...

2020-10-28 16:41:29 - [TEST_CASE][PASSED] - Start Test Case : SCENARIO Approve KTP Number by Checker: SCENARIO Approve KTP Number by Checker

2020-10-28 16:41:29 - [TEST_STEP][PASSED] - Go to ISTools: Go to ISTools

2020-10-28 16:41:29 - [MESSAGE][INFO] - Starting 'Chrome' driver

2020-10-28 16:41:29 - [MESSAGE][INFO] - User set preference: ['AcceptInsecureCerts', 'true']

2020-10-28 16:41:29 - [MESSAGE][INFO] - User set preference: ['args', '[ignore-certificate-errors]']

2020-10-28 16:41:29 - [MESSAGE][INFO] - Action delay is set to 0 milliseconds

2020-10-28 16:41:30 - [MESSAGE][PASSED] - Browser is opened with url: ''

2020-10-28 16:41:30 - [MESSAGE][PASSED] - Navigate to 'https://id-ist01preprod.id.nonprod/ist/' successfully

2020-10-28 16:41:30 - [MESSAGE][PASSED] - Go to ISTools

2020-10-28 16:41:30 - [TEST_STEP][PASSED] - Login IST with valid credentials: Login IST with valid credentials

2020-10-28 16:41:31 - [MESSAGE][PASSED] - Text 'mobile.test' is set on object 'Object Repository/Page_/input_Username_j_username'

2020-10-28 16:41:32 - [MESSAGE][PASSED] - Text ****** has been set on object 'Object Repository/Page_/input_Password_j_password'

2020-10-28 16:41:32 - [MESSAGE][PASSED] - Object: 'Object Repository/Page_/button_Login' is clicked on

2020-10-28 16:41:32 - [MESSAGE][PASSED] - Login IST with valid credentials

2020-10-28 16:41:32 - [TEST_STEP][PASSED] - Login Success for contract dispatcher: Login Success for contract dispatcher

2020-10-28 16:41:32 - [MESSAGE][INFO] - Login Success

2020-10-28 16:41:32 - [MESSAGE][PASSED] - Current window maximized

2020-10-28 16:41:33 - [MESSAGE][PASSED] - Object 'Object Repository/Page_/h1_Welcome to IT Supporting Tools' is present

2020-10-28 16:41:33 - [MESSAGE][PASSED] - Login Success for contract dispatcher

2020-10-28 16:41:33 - [TEST_STEP][PASSED] - Select Menu "SLIK Gateway Approval Non Customer": Select Menu "SLIK Gateway Approval Non Customer"

2020-10-28 16:41:33 - [MESSAGE][PASSED] - Taking screenshot successfully
[[ATTACHMENT|/Users/chaidir.pratama01/Documents/Docs/Katalon Studio/Screenshot/test-SLIK Gateway Approval Non Customer.png]]

2020-10-28 16:41:34 - [MESSAGE][PASSED] - Object '' is present

2020-10-28 16:41:34 - [MESSAGE][PASSED] - Object: '' is clicked on

2020-10-28 16:41:34 - [MESSAGE][PASSED] - Wait for page load successfully

2020-10-28 16:41:34 - [MESSAGE][PASSED] - Select Menu "SLIK Gateway Approval Non Customer"

2020-10-28 16:41:34 - [TEST_STEP][PASSED] - Verify Table Result Exist: Verify Table Result Exist

2020-10-28 16:41:35 - [MESSAGE][PASSED] - Object '' is present

2020-10-28 16:41:35 - [MESSAGE][PASSED] - Verify Table Result Exist

2020-10-28 16:41:35 - [TEST_STEP][PASSED] - Get Data From Table: Get Data From Table

2020-10-28 16:41:35 - [MESSAGE][PASSED] - Object '' is present

2020-10-28 16:41:36 - [MESSAGE][PASSED] - Text of object '' is: '1'

2020-10-28 16:41:36 - [MESSAGE][PASSED] - Text of object '' is: '8888888888888888'

2020-10-28 16:41:37 - [MESSAGE][PASSED] - Text of object '' is: 'OPEX TestingAuto'

2020-10-28 16:41:37 - [MESSAGE][PASSED] - Text of object '' is: 'View Document'

2020-10-28 16:41:37 - [MESSAGE][PASSED] - Text of object '' is: ''

2020-10-28 16:41:37 - [MESSAGE][PASSED] - Get Data From Table

2020-10-28 16:41:37 - [TEST_STEP][PASSED] - Click Checkbox Validate: Click Checkbox Validate

2020-10-28 16:41:38 - [MESSAGE][PASSED] - Text of object '' is: '8888888888888888'

2020-10-28 16:41:38 - [MESSAGE][PASSED] - Object: '' is clicked on

2020-10-28 16:41:38 - [MESSAGE][PASSED] - Click Checkbox Validate

2020-10-28 16:41:38 - [TEST_STEP][PASSED] - Click button "Continue": Click button "Continue"

2020-10-28 16:41:38 - [MESSAGE][INFO] - >>>>>//Button[contains(text(),'Continue')]

2020-10-28 16:41:42 - [MESSAGE][PASSED] - Object: '' is clicked on

2020-10-28 16:41:42 - [MESSAGE][PASSED] - Click button "Continue"

2020-10-28 16:41:42 - [TEST_STEP][PASSED] - Click Checkbox Saya Setuju: Click Checkbox Saya Setuju

2020-10-28 16:41:42 - [MESSAGE][PASSED] - Object '' is present

2020-10-28 16:41:42 - [MESSAGE][PASSED] - Object: '' is clicked on

2020-10-28 16:41:43 - [MESSAGE][PASSED] - Click Checkbox Saya Setuju

2020-10-28 16:41:43 - [TEST_STEP][PASSED] - Click button "Check SLIK": Click button "Check SLIK"

2020-10-28 16:41:43 - [MESSAGE][INFO] - >>>>>//Button[contains(text(),'Check SLIK')]

2020-10-28 16:41:46 - [MESSAGE][PASSED] - Object: '' is clicked on

2020-10-28 16:41:46 - [MESSAGE][PASSED] - Click button "Check SLIK"

2020-10-28 16:41:46 - [TEST_STEP][PASSED] - Get text from pop up "Confirmation Approve Data" with text "Are you sure to SUBMIT this data ?": Get text from pop up "Confirmation Approve Data" with text "Are you sure to SUBMIT this data ?"

2020-10-28 16:41:47 - [MESSAGE][PASSED] - Taking screenshot successfully
[[ATTACHMENT|/Users/chaidir.pratama01/Documents/Docs/Katalon Studio/Screenshot/errorpopup.png]]

2020-10-28 16:41:47 - [MESSAGE][PASSED] - Object '' is present

2020-10-28 16:41:47 - [MESSAGE][PASSED] - Wait for page load successfully

2020-10-28 16:41:47 - [MESSAGE][PASSED] - Wait for page load successfully

2020-10-28 16:41:47 - [MESSAGE][PASSED] - Get text from pop up "Confirmation Approve Data" with text "Are you sure to SUBMIT this data ?"

2020-10-28 16:41:47 - [TEST_STEP][PASSED] - Click button "Yes": Click button "Yes"

2020-10-28 16:41:47 - [MESSAGE][INFO] - >>>>>//Button[contains(text(),'Yes')]

2020-10-28 16:41:51 - [MESSAGE][PASSED] - Object: '' is clicked on

2020-10-28 16:41:51 - [MESSAGE][PASSED] - Click button "Yes"

2020-10-28 16:41:51 - [TEST_STEP][PASSED] - Get text from pop up "IT Supporting Tools" with text "Data is processed": Get text from pop up "IT Supporting Tools" with text "Data is processed"

2020-10-28 16:41:52 - [MESSAGE][PASSED] - Taking screenshot successfully
[[ATTACHMENT|/Users/chaidir.pratama01/Documents/Docs/Katalon Studio/Screenshot/errorpopup.png]]

2020-10-28 16:41:53 - [MESSAGE][PASSED] - Object '' is present

2020-10-28 16:41:53 - [MESSAGE][PASSED] - Wait for page load successfully

2020-10-28 16:41:53 - [MESSAGE][PASSED] - Wait for page load successfully

2020-10-28 16:41:53 - [MESSAGE][PASSED] - Get text from pop up "IT Supporting Tools" with text "Data is processed"

2020-10-28 16:41:53 - [TEST_STEP][PASSED] - Click button "OK": Click button "OK"

2020-10-28 16:41:53 - [MESSAGE][INFO] - >>>>>//Button[contains(text(),'OK')]

2020-10-28 16:41:56 - [MESSAGE][PASSED] - Object: '' is clicked on

2020-10-28 16:41:56 - [MESSAGE][PASSED] - Click button "OK"

2020-10-28 16:41:56 - [TEST_STEP][PASSED] - Click button "Logout": Click button "Logout"

2020-10-28 16:41:56 - [MESSAGE][INFO] - >>>>>//Button[contains(text(),'Logout')]

2020-10-28 16:41:59 - [MESSAGE][PASSED] - Object: '' is clicked on

2020-10-28 16:41:59 - [MESSAGE][PASSED] - Click button "Logout"

2020-10-28 16:41:59 - [TEST_STEP][PASSED] - Close browser: Close browser

2020-10-28 16:41:59 - [MESSAGE][PASSED] - Browser is closed

2020-10-28 16:41:59 - [MESSAGE][PASSED] - Close browser

2020-10-28 16:41:59 - [MESSAGE][PASSED] - Feature file: 'Include/features/IST_Real/SLIK/SLIK Gateway Approval Non Customer/Approve_KTP_Number.feature' was passed]]></system-out>
         <system-err><![CDATA[]]></system-err>
      </testcase>
      <testcase name="Test Cases/IST_Real/SLIK/SLIK_Gateway_Non_Customer/SLIK Gateway Non Customer Search By Status APPROVED" time="16.381" classname="Test Cases/IST_Real/SLIK/SLIK_Gateway_Non_Customer/SLIK Gateway Non Customer Search By Status APPROVED" status="PASSED">
         <system-out><![CDATA[2020-10-28 16:41:59 - [TEST_CASE][PASSED] - Test Cases/IST_Real/SLIK/SLIK_Gateway_Non_Customer/SLIK Gateway Non Customer Search By Status APPROVED: Test Cases/IST_Real/SLIK/SLIK_Gateway_Non_Customer/SLIK Gateway Non Customer Search By Status APPROVED

2020-10-28 16:42:00 - [TEST_STEP][PASSED] - runFeatureFile("Include/features/IST_Real/SLIK/SLIK Gateway Non Customer/SLIK_Gateway_Non_Customer_Search_By_Status_APPROVED.feature"): Feature file: 'Include/features/IST_Real/SLIK/SLIK Gateway Non Customer/SLIK_Gateway_Non_Customer_Search_By_Status_APPROVED.feature' was passed

2020-10-28 16:42:00 - [MESSAGE][INFO] - Starting run keyword runFeatureFile: 'Include/features/IST_Real/SLIK/SLIK Gateway Non Customer/SLIK_Gateway_Non_Customer_Search_By_Status_APPROVED.feature' and extract report to folder: '/Users/chaidir.pratama01/Katalon Studio/IST_Automation_Git/Reports/20201028_163836/SLIK/TS_SLIK_Gateway_Non_Customer/20201028_163836/cucumber_report/1603878120024'...

2020-10-28 16:42:00 - [TEST_CASE][PASSED] - Start Test Case : SCENARIO Search Result by Status: SCENARIO Search Result by Status

2020-10-28 16:42:00 - [TEST_STEP][PASSED] - Go to ISTools: Go to ISTools

2020-10-28 16:42:00 - [MESSAGE][INFO] - Starting 'Chrome' driver

2020-10-28 16:42:00 - [MESSAGE][INFO] - User set preference: ['AcceptInsecureCerts', 'true']

2020-10-28 16:42:00 - [MESSAGE][INFO] - User set preference: ['args', '[ignore-certificate-errors]']

2020-10-28 16:42:00 - [MESSAGE][INFO] - Action delay is set to 0 milliseconds

2020-10-28 16:42:01 - [MESSAGE][PASSED] - Browser is opened with url: ''

2020-10-28 16:42:01 - [MESSAGE][PASSED] - Navigate to 'https://id-ist01preprod.id.nonprod/ist/' successfully

2020-10-28 16:42:01 - [MESSAGE][PASSED] - Go to ISTools

2020-10-28 16:42:01 - [TEST_STEP][PASSED] - Login IST with valid credentials: Login IST with valid credentials

2020-10-28 16:42:02 - [MESSAGE][PASSED] - Text 'mobile.test' is set on object 'Object Repository/Page_/input_Username_j_username'

2020-10-28 16:42:02 - [MESSAGE][PASSED] - Text ****** has been set on object 'Object Repository/Page_/input_Password_j_password'

2020-10-28 16:42:03 - [MESSAGE][PASSED] - Object: 'Object Repository/Page_/button_Login' is clicked on

2020-10-28 16:42:03 - [MESSAGE][PASSED] - Login IST with valid credentials

2020-10-28 16:42:03 - [TEST_STEP][PASSED] - Login Success for contract dispatcher: Login Success for contract dispatcher

2020-10-28 16:42:03 - [MESSAGE][INFO] - Login Success

2020-10-28 16:42:03 - [MESSAGE][PASSED] - Current window maximized

2020-10-28 16:42:03 - [MESSAGE][PASSED] - Object 'Object Repository/Page_/h1_Welcome to IT Supporting Tools' is present

2020-10-28 16:42:03 - [MESSAGE][PASSED] - Login Success for contract dispatcher

2020-10-28 16:42:03 - [TEST_STEP][PASSED] - Select Menu SLIK Gateway NonCustomer: Select Menu SLIK Gateway NonCustomer

2020-10-28 16:42:04 - [MESSAGE][PASSED] - Object '' is present

2020-10-28 16:42:04 - [MESSAGE][PASSED] - Object: '' is clicked on

2020-10-28 16:42:04 - [MESSAGE][PASSED] - Wait for page load successfully

2020-10-28 16:42:04 - [MESSAGE][PASSED] - Select Menu SLIK Gateway NonCustomer

2020-10-28 16:42:04 - [TEST_STEP][PASSED] - Select Status is "APPROVED": Select Status is "APPROVED"

2020-10-28 16:42:05 - [MESSAGE][PASSED] - All options with value 'APPROVED' are selected in object ''  using regular expression

2020-10-28 16:42:05 - [MESSAGE][PASSED] - Select Status is "APPROVED"

2020-10-28 16:42:05 - [TEST_STEP][PASSED] - Click button "Search": Click button "Search"

2020-10-28 16:42:05 - [MESSAGE][INFO] - >>>>>//Button[contains(text(),'Search')]

2020-10-28 16:42:09 - [MESSAGE][PASSED] - Object: '' is clicked on

2020-10-28 16:42:09 - [MESSAGE][PASSED] - Click button "Search"

2020-10-28 16:42:09 - [TEST_STEP][PASSED] - Verify Search Result Based on Result Status: Verify Search Result Based on Result Status

2020-10-28 16:42:09 - [MESSAGE][PASSED] - Scroll to object '' successfully

2020-10-28 16:42:10 - [MESSAGE][WARNING] - Actual text 'APPROVED -' and expected text 'APPROVED - FAILED' of test object '' are NOT matched. (Root cause: com.kms.katalon.core.exception.StepFailedException: Actual text 'APPROVED -' and expected text 'APPROVED - FAILED' of test object '' are NOT matched.
	at com.kms.katalon.core.webui.keyword.internal.WebUIKeywordMain.stepFailed(WebUIKeywordMain.groovy:64)
	at com.kms.katalon.core.webui.keyword.builtin.VerifyElementTextKeyword$_verifyElementText_closure1.doCall(VerifyElementTextKeyword.groovy:57)
	at com.kms.katalon.core.webui.keyword.builtin.VerifyElementTextKeyword$_verifyElementText_closure1.call(VerifyElementTextKeyword.groovy)
	at com.kms.katalon.core.webui.keyword.internal.WebUIKeywordMain.runKeyword(WebUIKeywordMain.groovy:20)
	at com.kms.katalon.core.webui.keyword.builtin.VerifyElementTextKeyword.verifyElementText(VerifyElementTextKeyword.groovy:72)
	at com.kms.katalon.core.webui.keyword.builtin.VerifyElementTextKeyword.execute(VerifyElementTextKeyword.groovy:40)
	at com.kms.katalon.core.keyword.internal.KeywordExecutor.executeKeywordForPlatform(KeywordExecutor.groovy:73)
	at com.kms.katalon.core.webui.keyword.WebUiBuiltInKeywords.verifyElementText(WebUiBuiltInKeywords.groovy:3673)
	at com.kms.katalon.core.webui.keyword.WebUiBuiltInKeywords$verifyElementText$21.call(Unknown Source)
	at Slik_Script.Verify_Result_Status(Slik_Script.groovy:369)
	at cucumber.runtime.Utils$1.call(Utils.java:26)
	at cucumber.runtime.Timeout.timeout(Timeout.java:16)
	at cucumber.runtime.Utils.invoke(Utils.java:20)
	at cucumber.runtime.java.JavaStepDefinition.execute(JavaStepDefinition.java:48)
	at cucumber.runtime.PickleStepDefinitionMatch.runStep(PickleStepDefinitionMatch.java:50)
	at cucumber.runner.TestStep.executeStep(TestStep.java:55)
	at cucumber.runner.TestStep.run(TestStep.java:42)
	at cucumber.runner.PickleStepTestStep.run(PickleStepTestStep.java:53)
	at cucumber.runner.TestCase.run(TestCase.java:47)
	at cucumber.runner.Runner.runPickle(Runner.java:44)
	at cucumber.runtime.Runtime.runFeature(Runtime.java:120)
	at cucumber.runtime.Runtime.run(Runtime.java:106)
	at cucumber.api.cli.Main.run(Main.java:35)
	at cucumber.api.cli.Main$run.call(Unknown Source)
	at com.kms.katalon.core.cucumber.keyword.CucumberBuiltinKeywords$_runFeatureFile_closure1.doCall(CucumberBuiltinKeywords.groovy:76)
	at com.kms.katalon.core.cucumber.keyword.CucumberBuiltinKeywords$_runFeatureFile_closure1.doCall(CucumberBuiltinKeywords.groovy)
	at com.kms.katalon.core.keyword.internal.KeywordMain.runKeyword(KeywordMain.groovy:68)
	at com.kms.katalon.core.keyword.internal.KeywordMain$runKeyword.call(Unknown Source)
	at com.kms.katalon.core.cucumber.keyword.CucumberBuiltinKeywords.runFeatureFile(CucumberBuiltinKeywords.groovy:46)
	at com.kms.katalon.core.cucumber.keyword.CucumberBuiltinKeywords$runFeatureFile$0.callStatic(Unknown Source)
	at com.kms.katalon.core.cucumber.keyword.CucumberBuiltinKeywords.runFeatureFile(CucumberBuiltinKeywords.groovy:169)
	at com.kms.katalon.core.cucumber.keyword.CucumberBuiltinKeywords$runFeatureFile.call(Unknown Source)
	at SLIK Gateway Non Customer Search By Status APPROVED.run(SLIK Gateway Non Customer Search By Status APPROVED:18)
	at com.kms.katalon.core.main.ScriptEngine.run(ScriptEngine.java:194)
	at com.kms.katalon.core.main.ScriptEngine.runScriptAsRawText(ScriptEngine.java:119)
	at com.kms.katalon.core.main.TestCaseExecutor.runScript(TestCaseExecutor.java:339)
	at com.kms.katalon.core.main.TestCaseExecutor.doExecute(TestCaseExecutor.java:330)
	at com.kms.katalon.core.main.TestCaseExecutor.processExecutionPhase(TestCaseExecutor.java:309)
	at com.kms.katalon.core.main.TestCaseExecutor.accessMainPhase(TestCaseExecutor.java:301)
	at com.kms.katalon.core.main.TestCaseExecutor.execute(TestCaseExecutor.java:235)
	at com.kms.katalon.core.main.TestSuiteExecutor.accessTestCaseMainPhase(TestSuiteExecutor.java:191)
	at com.kms.katalon.core.main.TestSuiteExecutor.accessTestSuiteMainPhase(TestSuiteExecutor.java:141)
	at com.kms.katalon.core.main.TestSuiteExecutor.execute(TestSuiteExecutor.java:90)
	at com.kms.katalon.core.main.TestCaseMain.startTestSuite(TestCaseMain.java:157)
	at com.kms.katalon.core.main.TestCaseMain$startTestSuite$0.call(Unknown Source)
	at TempTestSuite1603877916063.run(TempTestSuite1603877916063.groovy:39)
)
[[ATTACHMENT|/Users/chaidir.pratama01/Katalon Studio/IST_Automation_Git/Reports/20201028_163836/SLIK/TS_SLIK_Gateway_Non_Customer/20201028_163836/1603878130251.png]]

2020-10-28 16:42:11 - [MESSAGE][WARNING] - Actual text 'APPROVED -' and expected text 'APPROVED - SUCCESS' of test object '' are NOT matched. (Root cause: com.kms.katalon.core.exception.StepFailedException: Actual text 'APPROVED -' and expected text 'APPROVED - SUCCESS' of test object '' are NOT matched.
	at com.kms.katalon.core.webui.keyword.internal.WebUIKeywordMain.stepFailed(WebUIKeywordMain.groovy:64)
	at com.kms.katalon.core.webui.keyword.builtin.VerifyElementTextKeyword$_verifyElementText_closure1.doCall(VerifyElementTextKeyword.groovy:57)
	at com.kms.katalon.core.webui.keyword.builtin.VerifyElementTextKeyword$_verifyElementText_closure1.call(VerifyElementTextKeyword.groovy)
	at com.kms.katalon.core.webui.keyword.internal.WebUIKeywordMain.runKeyword(WebUIKeywordMain.groovy:20)
	at com.kms.katalon.core.webui.keyword.builtin.VerifyElementTextKeyword.verifyElementText(VerifyElementTextKeyword.groovy:72)
	at com.kms.katalon.core.webui.keyword.builtin.VerifyElementTextKeyword.execute(VerifyElementTextKeyword.groovy:40)
	at com.kms.katalon.core.keyword.internal.KeywordExecutor.executeKeywordForPlatform(KeywordExecutor.groovy:73)
	at com.kms.katalon.core.webui.keyword.WebUiBuiltInKeywords.verifyElementText(WebUiBuiltInKeywords.groovy:3673)
	at com.kms.katalon.core.webui.keyword.WebUiBuiltInKeywords$verifyElementText$21.call(Unknown Source)
	at Slik_Script.Verify_Result_Status(Slik_Script.groovy:369)
	at cucumber.runtime.Utils$1.call(Utils.java:26)
	at cucumber.runtime.Timeout.timeout(Timeout.java:16)
	at cucumber.runtime.Utils.invoke(Utils.java:20)
	at cucumber.runtime.java.JavaStepDefinition.execute(JavaStepDefinition.java:48)
	at cucumber.runtime.PickleStepDefinitionMatch.runStep(PickleStepDefinitionMatch.java:50)
	at cucumber.runner.TestStep.executeStep(TestStep.java:55)
	at cucumber.runner.TestStep.run(TestStep.java:42)
	at cucumber.runner.PickleStepTestStep.run(PickleStepTestStep.java:53)
	at cucumber.runner.TestCase.run(TestCase.java:47)
	at cucumber.runner.Runner.runPickle(Runner.java:44)
	at cucumber.runtime.Runtime.runFeature(Runtime.java:120)
	at cucumber.runtime.Runtime.run(Runtime.java:106)
	at cucumber.api.cli.Main.run(Main.java:35)
	at cucumber.api.cli.Main$run.call(Unknown Source)
	at com.kms.katalon.core.cucumber.keyword.CucumberBuiltinKeywords$_runFeatureFile_closure1.doCall(CucumberBuiltinKeywords.groovy:76)
	at com.kms.katalon.core.cucumber.keyword.CucumberBuiltinKeywords$_runFeatureFile_closure1.doCall(CucumberBuiltinKeywords.groovy)
	at com.kms.katalon.core.keyword.internal.KeywordMain.runKeyword(KeywordMain.groovy:68)
	at com.kms.katalon.core.keyword.internal.KeywordMain$runKeyword.call(Unknown Source)
	at com.kms.katalon.core.cucumber.keyword.CucumberBuiltinKeywords.runFeatureFile(CucumberBuiltinKeywords.groovy:46)
	at com.kms.katalon.core.cucumber.keyword.CucumberBuiltinKeywords$runFeatureFile$0.callStatic(Unknown Source)
	at com.kms.katalon.core.cucumber.keyword.CucumberBuiltinKeywords.runFeatureFile(CucumberBuiltinKeywords.groovy:169)
	at com.kms.katalon.core.cucumber.keyword.CucumberBuiltinKeywords$runFeatureFile.call(Unknown Source)
	at SLIK Gateway Non Customer Search By Status APPROVED.run(SLIK Gateway Non Customer Search By Status APPROVED:18)
	at com.kms.katalon.core.main.ScriptEngine.run(ScriptEngine.java:194)
	at com.kms.katalon.core.main.ScriptEngine.runScriptAsRawText(ScriptEngine.java:119)
	at com.kms.katalon.core.main.TestCaseExecutor.runScript(TestCaseExecutor.java:339)
	at com.kms.katalon.core.main.TestCaseExecutor.doExecute(TestCaseExecutor.java:330)
	at com.kms.katalon.core.main.TestCaseExecutor.processExecutionPhase(TestCaseExecutor.java:309)
	at com.kms.katalon.core.main.TestCaseExecutor.accessMainPhase(TestCaseExecutor.java:301)
	at com.kms.katalon.core.main.TestCaseExecutor.execute(TestCaseExecutor.java:235)
	at com.kms.katalon.core.main.TestSuiteExecutor.accessTestCaseMainPhase(TestSuiteExecutor.java:191)
	at com.kms.katalon.core.main.TestSuiteExecutor.accessTestSuiteMainPhase(TestSuiteExecutor.java:141)
	at com.kms.katalon.core.main.TestSuiteExecutor.execute(TestSuiteExecutor.java:90)
	at com.kms.katalon.core.main.TestCaseMain.startTestSuite(TestCaseMain.java:157)
	at com.kms.katalon.core.main.TestCaseMain$startTestSuite$0.call(Unknown Source)
	at TempTestSuite1603877916063.run(TempTestSuite1603877916063.groovy:39)
)
[[ATTACHMENT|/Users/chaidir.pratama01/Katalon Studio/IST_Automation_Git/Reports/20201028_163836/SLIK/TS_SLIK_Gateway_Non_Customer/20201028_163836/1603878131266.png]]

2020-10-28 16:42:12 - [MESSAGE][PASSED] - Actual text and expected text of test object '' are matched.

2020-10-28 16:42:12 - [MESSAGE][PASSED] - Text of object '' is: 'APPROVED -'

2020-10-28 16:42:12 - [MESSAGE][PASSED] - Text of object '' is: '8888888888888888'

2020-10-28 16:42:12 - [MESSAGE][PASSED] - Verify Search Result Based on Result Status

2020-10-28 16:42:12 - [TEST_STEP][PASSED] - Click button "Logout": Click button "Logout"

2020-10-28 16:42:12 - [MESSAGE][INFO] - >>>>>//Button[contains(text(),'Logout')]

2020-10-28 16:42:16 - [MESSAGE][PASSED] - Object: '' is clicked on

2020-10-28 16:42:16 - [MESSAGE][PASSED] - Click button "Logout"

2020-10-28 16:42:16 - [TEST_STEP][PASSED] - Close browser: Close browser

2020-10-28 16:42:16 - [MESSAGE][PASSED] - Browser is closed

2020-10-28 16:42:16 - [MESSAGE][PASSED] - Close browser

2020-10-28 16:42:16 - [MESSAGE][PASSED] - Feature file: 'Include/features/IST_Real/SLIK/SLIK Gateway Non Customer/SLIK_Gateway_Non_Customer_Search_By_Status_APPROVED.feature' was passed]]></system-out>
         <system-err><![CDATA[]]></system-err>
      </testcase>
      <testcase name="Test Cases/IST_Real/SLIK/SLIK_Gateway_Non_Customer/Delete KTPNumber From DB" time="0.999" classname="Test Cases/IST_Real/SLIK/SLIK_Gateway_Non_Customer/Delete KTPNumber From DB" status="PASSED">
         <system-out><![CDATA[2020-10-28 16:42:16 - [TEST_CASE][PASSED] - Test Cases/IST_Real/SLIK/SLIK_Gateway_Non_Customer/Delete KTPNumber From DB: Test Cases/IST_Real/SLIK/SLIK_Gateway_Non_Customer/Delete KTPNumber From DB

2020-10-28 16:42:16 - [TEST_STEP][PASSED] - runFeatureFile("Include/features/IST_Real/SLIK/SLIK Gateway Non Customer/Delete_KTPNumber_From_DB.feature"): Feature file: 'Include/features/IST_Real/SLIK/SLIK Gateway Non Customer/Delete_KTPNumber_From_DB.feature' was passed

2020-10-28 16:42:16 - [MESSAGE][INFO] - Starting run keyword runFeatureFile: 'Include/features/IST_Real/SLIK/SLIK Gateway Non Customer/Delete_KTPNumber_From_DB.feature' and extract report to folder: '/Users/chaidir.pratama01/Katalon Studio/IST_Automation_Git/Reports/20201028_163836/SLIK/TS_SLIK_Gateway_Non_Customer/20201028_163836/cucumber_report/1603878136407'...

2020-10-28 16:42:16 - [TEST_CASE][PASSED] - Start Test Case : SCENARIO Delete_KTPNumber_From_DB: SCENARIO Delete_KTPNumber_From_DB

2020-10-28 16:42:16 - [TEST_STEP][PASSED] - Connect to Database: Connect to Database

2020-10-28 16:42:17 - [MESSAGE][PASSED] - Connect to Database

2020-10-28 16:42:17 - [TEST_STEP][PASSED] - Delete Contract From SLIK_DATA_NonCUSTOMER: Delete Contract From SLIK_DATA_NonCUSTOMER

2020-10-28 16:42:17 - [MESSAGE][PASSED] - Delete Contract From SLIK_DATA_NonCUSTOMER

2020-10-28 16:42:17 - [MESSAGE][PASSED] - Feature file: 'Include/features/IST_Real/SLIK/SLIK Gateway Non Customer/Delete_KTPNumber_From_DB.feature' was passed]]></system-out>
         <system-err><![CDATA[]]></system-err>
      </testcase>
      <testcase name="Test Cases/IST_Real/SLIK/SLIK_Gateway_Non_Customer/SLIK Gateway Non Customer Checking" time="75.205" classname="Test Cases/IST_Real/SLIK/SLIK_Gateway_Non_Customer/SLIK Gateway Non Customer Checking" status="PASSED">
         <system-out><![CDATA[2020-10-28 16:42:17 - [TEST_CASE][PASSED] - Test Cases/IST_Real/SLIK/SLIK_Gateway_Non_Customer/SLIK Gateway Non Customer Checking: Test Cases/IST_Real/SLIK/SLIK_Gateway_Non_Customer/SLIK Gateway Non Customer Checking

2020-10-28 16:42:17 - [TEST_STEP][PASSED] - runFeatureFile("Include/features/IST_Real/SLIK/SLIK Gateway Non Customer/SLIK Gateway Non Customer Checking.feature"): Feature file: 'Include/features/IST_Real/SLIK/SLIK Gateway Non Customer/SLIK Gateway Non Customer Checking.feature' was passed

2020-10-28 16:42:17 - [MESSAGE][INFO] - Starting run keyword runFeatureFile: 'Include/features/IST_Real/SLIK/SLIK Gateway Non Customer/SLIK Gateway Non Customer Checking.feature' and extract report to folder: '/Users/chaidir.pratama01/Katalon Studio/IST_Automation_Git/Reports/20201028_163836/SLIK/TS_SLIK_Gateway_Non_Customer/20201028_163836/cucumber_report/1603878137324'...

2020-10-28 16:42:17 - [TEST_CASE][PASSED] - Start Test Case : SCENARIO SLIK Gateway Non Customer Checking: SCENARIO SLIK Gateway Non Customer Checking

2020-10-28 16:42:17 - [TEST_STEP][PASSED] - Go to ISTools: Go to ISTools

2020-10-28 16:42:17 - [MESSAGE][INFO] - Starting 'Chrome' driver

2020-10-28 16:42:17 - [MESSAGE][INFO] - User set preference: ['AcceptInsecureCerts', 'true']

2020-10-28 16:42:17 - [MESSAGE][INFO] - User set preference: ['args', '[ignore-certificate-errors]']

2020-10-28 16:42:17 - [MESSAGE][INFO] - Action delay is set to 0 milliseconds

2020-10-28 16:42:18 - [MESSAGE][PASSED] - Browser is opened with url: ''

2020-10-28 16:42:21 - [MESSAGE][PASSED] - Navigate to 'https://id-ist01preprod.id.nonprod/ist/' successfully

2020-10-28 16:42:21 - [MESSAGE][PASSED] - Go to ISTools

2020-10-28 16:42:21 - [TEST_STEP][PASSED] - Login IST with valid credentials: Login IST with valid credentials

2020-10-28 16:42:22 - [MESSAGE][PASSED] - Text 'mobile.test' is set on object 'Object Repository/Page_/input_Username_j_username'

2020-10-28 16:42:22 - [MESSAGE][PASSED] - Text ****** has been set on object 'Object Repository/Page_/input_Password_j_password'

2020-10-28 16:42:23 - [MESSAGE][PASSED] - Object: 'Object Repository/Page_/button_Login' is clicked on

2020-10-28 16:42:23 - [MESSAGE][PASSED] - Login IST with valid credentials

2020-10-28 16:42:23 - [TEST_STEP][PASSED] - Login Success for contract dispatcher: Login Success for contract dispatcher

2020-10-28 16:42:23 - [MESSAGE][INFO] - Login Success

2020-10-28 16:42:23 - [MESSAGE][PASSED] - Current window maximized

2020-10-28 16:42:23 - [MESSAGE][PASSED] - Object 'Object Repository/Page_/h1_Welcome to IT Supporting Tools' is present

2020-10-28 16:42:23 - [MESSAGE][PASSED] - Login Success for contract dispatcher

2020-10-28 16:42:23 - [TEST_STEP][PASSED] - Select Menu SLIK Gateway NonCustomer: Select Menu SLIK Gateway NonCustomer

2020-10-28 16:42:24 - [MESSAGE][PASSED] - Object '' is present

2020-10-28 16:42:24 - [MESSAGE][PASSED] - Object: '' is clicked on

2020-10-28 16:42:24 - [MESSAGE][PASSED] - Wait for page load successfully

2020-10-28 16:42:24 - [MESSAGE][PASSED] - Select Menu SLIK Gateway NonCustomer

2020-10-28 16:42:24 - [TEST_STEP][PASSED] - Input Data KTP Number: Input Data KTP Number

2020-10-28 16:42:25 - [MESSAGE][PASSED] - Text '8888888888888888' is set on object ''

2020-10-28 16:42:25 - [MESSAGE][PASSED] - Input Data KTP Number

2020-10-28 16:42:25 - [TEST_STEP][PASSED] - Input Data "Name *" with value "OPEX TestingAuto" for Check SLIK: Input Data "Name *" with value "OPEX TestingAuto" for Check SLIK

2020-10-28 16:42:26 - [MESSAGE][PASSED] - Taking screenshot successfully
[[ATTACHMENT|/Users/chaidir.pratama01/Documents/Docs/Katalon Studio/Screenshot/slik.png]]

2020-10-28 16:42:26 - [MESSAGE][PASSED] - Object '' is visible

2020-10-28 16:42:27 - [MESSAGE][PASSED] - Object: '' is focused

2020-10-28 16:42:27 - [MESSAGE][PASSED] - Text 'OPEX TestingAuto' is set on object ''

2020-10-28 16:42:27 - [MESSAGE][PASSED] - Input Data "Name *" with value "OPEX TestingAuto" for Check SLIK

2020-10-28 16:42:27 - [TEST_STEP][PASSED] - Input Date of Birth "20-02-1990": Input Date of Birth "20-02-1990"

2020-10-28 16:42:28 - [MESSAGE][PASSED] - Text '20-02-1990' is set on object ''

2020-10-28 16:42:31 - [MESSAGE][PASSED] - Delayed 3 second(s)

2020-10-28 16:42:31 - [MESSAGE][PASSED] - Input Date of Birth "20-02-1990"

2020-10-28 16:42:31 - [TEST_STEP][PASSED] - Select Gender "Laki-laki": Select Gender "Laki-laki"

2020-10-28 16:42:31 - [MESSAGE][PASSED] - Object: '' is clicked on

2020-10-28 16:42:31 - [MESSAGE][PASSED] - Select Gender "Laki-laki"

2020-10-28 16:42:31 - [TEST_STEP][PASSED] - Select Purpose is "Penilaian Calon Kemitraan": Select Purpose is "Penilaian Calon Kemitraan"

2020-10-28 16:42:32 - [MESSAGE][PASSED] - All options with value 'Penilaian Calon Kemitraan' are selected in object ''  using regular expression

2020-10-28 16:42:32 - [MESSAGE][PASSED] - Select Purpose is "Penilaian Calon Kemitraan"

2020-10-28 16:42:32 - [TEST_STEP][PASSED] - Input Data "Place of Birth" with value "Jakarta" for Check SLIK: Input Data "Place of Birth" with value "Jakarta" for Check SLIK

2020-10-28 16:42:33 - [MESSAGE][PASSED] - Taking screenshot successfully
[[ATTACHMENT|/Users/chaidir.pratama01/Documents/Docs/Katalon Studio/Screenshot/slik.png]]

2020-10-28 16:42:33 - [MESSAGE][PASSED] - Object '' is visible

2020-10-28 16:42:34 - [MESSAGE][PASSED] - Object: '' is focused

2020-10-28 16:42:34 - [MESSAGE][PASSED] - Text 'Jakarta' is set on object ''

2020-10-28 16:42:34 - [MESSAGE][PASSED] - Input Data "Place of Birth" with value "Jakarta" for Check SLIK

2020-10-28 16:42:34 - [TEST_STEP][PASSED] - Input Data "Mother Maternity Name" with value "Tester Auto" for Check SLIK: Input Data "Mother Maternity Name" with value "Tester Auto" for Check SLIK

2020-10-28 16:42:35 - [MESSAGE][PASSED] - Taking screenshot successfully
[[ATTACHMENT|/Users/chaidir.pratama01/Documents/Docs/Katalon Studio/Screenshot/slik.png]]

2020-10-28 16:42:35 - [MESSAGE][PASSED] - Object '' is visible

2020-10-28 16:42:36 - [MESSAGE][PASSED] - Object: '' is focused

2020-10-28 16:42:36 - [MESSAGE][PASSED] - Text 'Tester Auto' is set on object ''

2020-10-28 16:42:36 - [MESSAGE][PASSED] - Input Data "Mother Maternity Name" with value "Tester Auto" for Check SLIK

2020-10-28 16:42:36 - [TEST_STEP][PASSED] - Input KTP Address "TESTING AUTO JAKARTA": Input KTP Address "TESTING AUTO JAKARTA"

2020-10-28 16:42:37 - [MESSAGE][PASSED] - Text 'TESTING AUTO JAKARTA' is set on object ''

2020-10-28 16:42:37 - [MESSAGE][PASSED] - Input KTP Address "TESTING AUTO JAKARTA"

2020-10-28 16:42:37 - [TEST_STEP][PASSED] - Click button "Upload": Click button "Upload"

2020-10-28 16:42:37 - [MESSAGE][INFO] - >>>>>//Button[contains(text(),'Upload')]

2020-10-28 16:42:40 - [MESSAGE][PASSED] - Object: '' is clicked on

2020-10-28 16:42:40 - [MESSAGE][PASSED] - Click button "Upload"

2020-10-28 16:42:40 - [TEST_STEP][PASSED] - Upload file "new_captcha1500.png": Upload file "new_captcha1500.png"

2020-10-28 16:42:42 - [MESSAGE][PASSED] - Switched to window with index: '0'

2020-10-28 16:42:56 - [MESSAGE][PASSED] - Upload file "new_captcha1500.png"

2020-10-28 16:42:56 - [TEST_STEP][PASSED] - Click button "Check SLIK": Click button "Check SLIK"

2020-10-28 16:42:56 - [MESSAGE][INFO] - >>>>>//Button[contains(text(),'Check SLIK')]

2020-10-28 16:42:59 - [MESSAGE][PASSED] - Object: '' is clicked on

2020-10-28 16:42:59 - [MESSAGE][PASSED] - Click button "Check SLIK"

2020-10-28 16:42:59 - [TEST_STEP][PASSED] - Get text from pop up "Confirmation Submit Request" with text "Are you sure to submit this data ?": Get text from pop up "Confirmation Submit Request" with text "Are you sure to submit this data ?"

2020-10-28 16:43:00 - [MESSAGE][PASSED] - Taking screenshot successfully
[[ATTACHMENT|/Users/chaidir.pratama01/Documents/Docs/Katalon Studio/Screenshot/errorpopup.png]]

2020-10-28 16:43:01 - [MESSAGE][PASSED] - Object '' is present

2020-10-28 16:43:01 - [MESSAGE][PASSED] - Wait for page load successfully

2020-10-28 16:43:01 - [MESSAGE][PASSED] - Wait for page load successfully

2020-10-28 16:43:01 - [MESSAGE][PASSED] - Get text from pop up "Confirmation Submit Request" with text "Are you sure to submit this data ?"

2020-10-28 16:43:01 - [TEST_STEP][PASSED] - Click button "Yes": Click button "Yes"

2020-10-28 16:43:01 - [MESSAGE][INFO] - >>>>>//Button[contains(text(),'Yes')]

2020-10-28 16:43:04 - [MESSAGE][PASSED] - Object: '' is clicked on

2020-10-28 16:43:04 - [MESSAGE][PASSED] - Click button "Yes"

2020-10-28 16:43:04 - [TEST_STEP][PASSED] - Verify KTP Number Request Success: Verify KTP Number Request Success

2020-10-28 16:43:24 - [MESSAGE][PASSED] - Object '' is present

2020-10-28 16:43:24 - [MESSAGE][PASSED] - Verify KTP Number Request Success

2020-10-28 16:43:24 - [TEST_STEP][PASSED] - Click button "OK": Click button "OK"

2020-10-28 16:43:24 - [MESSAGE][INFO] - >>>>>//Button[contains(text(),'OK')]

2020-10-28 16:43:28 - [MESSAGE][PASSED] - Object: '' is clicked on

2020-10-28 16:43:28 - [MESSAGE][PASSED] - Click button "OK"

2020-10-28 16:43:28 - [TEST_STEP][PASSED] - Click button "Logout": Click button "Logout"

2020-10-28 16:43:28 - [MESSAGE][INFO] - >>>>>//Button[contains(text(),'Logout')]

2020-10-28 16:43:32 - [MESSAGE][PASSED] - Object: '' is clicked on

2020-10-28 16:43:32 - [MESSAGE][PASSED] - Click button "Logout"

2020-10-28 16:43:32 - [TEST_STEP][PASSED] - Close browser: Close browser

2020-10-28 16:43:32 - [MESSAGE][PASSED] - Browser is closed

2020-10-28 16:43:32 - [MESSAGE][PASSED] - Close browser

2020-10-28 16:43:32 - [MESSAGE][PASSED] - Feature file: 'Include/features/IST_Real/SLIK/SLIK Gateway Non Customer/SLIK Gateway Non Customer Checking.feature' was passed]]></system-out>
         <system-err><![CDATA[]]></system-err>
      </testcase>
      <testcase name="Test Cases/IST_Real/SLIK/SLIK_Gateway_Approval_Non_Customer/Reject KTP Number" time="21.997" classname="Test Cases/IST_Real/SLIK/SLIK_Gateway_Approval_Non_Customer/Reject KTP Number" status="PASSED">
         <system-out><![CDATA[2020-10-28 16:43:32 - [TEST_CASE][PASSED] - Test Cases/IST_Real/SLIK/SLIK_Gateway_Approval_Non_Customer/Reject KTP Number: Test Cases/IST_Real/SLIK/SLIK_Gateway_Approval_Non_Customer/Reject KTP Number

2020-10-28 16:43:32 - [TEST_STEP][PASSED] - runFeatureFile("Include/features/IST_Real/SLIK/SLIK Gateway Approval Non Customer/Reject_KTP_Number.feature"): Feature file: 'Include/features/IST_Real/SLIK/SLIK Gateway Approval Non Customer/Reject_KTP_Number.feature' was passed

2020-10-28 16:43:32 - [MESSAGE][INFO] - Starting run keyword runFeatureFile: 'Include/features/IST_Real/SLIK/SLIK Gateway Approval Non Customer/Reject_KTP_Number.feature' and extract report to folder: '/Users/chaidir.pratama01/Katalon Studio/IST_Automation_Git/Reports/20201028_163836/SLIK/TS_SLIK_Gateway_Non_Customer/20201028_163836/cucumber_report/1603878212614'...

2020-10-28 16:43:32 - [TEST_CASE][PASSED] - Start Test Case : SCENARIO Reject KTP Number by Checker: SCENARIO Reject KTP Number by Checker

2020-10-28 16:43:32 - [TEST_STEP][PASSED] - Go to ISTools: Go to ISTools

2020-10-28 16:43:32 - [MESSAGE][INFO] - Starting 'Chrome' driver

2020-10-28 16:43:32 - [MESSAGE][INFO] - User set preference: ['AcceptInsecureCerts', 'true']

2020-10-28 16:43:32 - [MESSAGE][INFO] - User set preference: ['args', '[ignore-certificate-errors]']

2020-10-28 16:43:32 - [MESSAGE][INFO] - Action delay is set to 0 milliseconds

2020-10-28 16:43:33 - [MESSAGE][PASSED] - Browser is opened with url: ''

2020-10-28 16:43:34 - [MESSAGE][PASSED] - Navigate to 'https://id-ist01preprod.id.nonprod/ist/' successfully

2020-10-28 16:43:34 - [MESSAGE][PASSED] - Go to ISTools

2020-10-28 16:43:34 - [TEST_STEP][PASSED] - Login IST with valid credentials: Login IST with valid credentials

2020-10-28 16:43:35 - [MESSAGE][PASSED] - Text 'mobile.test' is set on object 'Object Repository/Page_/input_Username_j_username'

2020-10-28 16:43:35 - [MESSAGE][PASSED] - Text ****** has been set on object 'Object Repository/Page_/input_Password_j_password'

2020-10-28 16:43:36 - [MESSAGE][PASSED] - Object: 'Object Repository/Page_/button_Login' is clicked on

2020-10-28 16:43:36 - [MESSAGE][PASSED] - Login IST with valid credentials

2020-10-28 16:43:36 - [TEST_STEP][PASSED] - Login Success for contract dispatcher: Login Success for contract dispatcher

2020-10-28 16:43:36 - [MESSAGE][INFO] - Login Success

2020-10-28 16:43:36 - [MESSAGE][PASSED] - Current window maximized

2020-10-28 16:43:36 - [MESSAGE][PASSED] - Object 'Object Repository/Page_/h1_Welcome to IT Supporting Tools' is present

2020-10-28 16:43:36 - [MESSAGE][PASSED] - Login Success for contract dispatcher

2020-10-28 16:43:36 - [TEST_STEP][PASSED] - Select Menu "SLIK Gateway Approval Non Customer": Select Menu "SLIK Gateway Approval Non Customer"

2020-10-28 16:43:37 - [MESSAGE][PASSED] - Taking screenshot successfully
[[ATTACHMENT|/Users/chaidir.pratama01/Documents/Docs/Katalon Studio/Screenshot/test-SLIK Gateway Approval Non Customer.png]]

2020-10-28 16:43:37 - [MESSAGE][PASSED] - Object '' is present

2020-10-28 16:43:38 - [MESSAGE][PASSED] - Object: '' is clicked on

2020-10-28 16:43:38 - [MESSAGE][PASSED] - Wait for page load successfully

2020-10-28 16:43:38 - [MESSAGE][PASSED] - Select Menu "SLIK Gateway Approval Non Customer"

2020-10-28 16:43:38 - [TEST_STEP][PASSED] - Verify Table Result Exist: Verify Table Result Exist

2020-10-28 16:43:38 - [MESSAGE][PASSED] - Object '' is present

2020-10-28 16:43:38 - [MESSAGE][PASSED] - Verify Table Result Exist

2020-10-28 16:43:38 - [TEST_STEP][PASSED] - Get Data From Table: Get Data From Table

2020-10-28 16:43:39 - [MESSAGE][PASSED] - Object '' is present

2020-10-28 16:43:40 - [MESSAGE][PASSED] - Text of object '' is: '1'

2020-10-28 16:43:40 - [MESSAGE][PASSED] - Text of object '' is: '8888888888888888'

2020-10-28 16:43:40 - [MESSAGE][PASSED] - Text of object '' is: 'OPEX TestingAuto'

2020-10-28 16:43:40 - [MESSAGE][PASSED] - Text of object '' is: 'View Document'

2020-10-28 16:43:41 - [MESSAGE][PASSED] - Text of object '' is: ''

2020-10-28 16:43:41 - [MESSAGE][PASSED] - Get Data From Table

2020-10-28 16:43:41 - [TEST_STEP][PASSED] - Click Checkbox Validate: Click Checkbox Validate

2020-10-28 16:43:41 - [MESSAGE][PASSED] - Text of object '' is: '8888888888888888'

2020-10-28 16:43:41 - [MESSAGE][PASSED] - Object: '' is clicked on

2020-10-28 16:43:41 - [MESSAGE][PASSED] - Click Checkbox Validate

2020-10-28 16:43:41 - [TEST_STEP][PASSED] - Click button "Reject": Click button "Reject"

2020-10-28 16:43:41 - [MESSAGE][INFO] - >>>>>//Button[contains(text(),'Reject')]

2020-10-28 16:43:45 - [MESSAGE][PASSED] - Object: '' is clicked on

2020-10-28 16:43:45 - [MESSAGE][PASSED] - Click button "Reject"

2020-10-28 16:43:45 - [TEST_STEP][PASSED] - Get text from pop up "Confirmation Submit Request" with text "Are you sure to Reject this data ?": Get text from pop up "Confirmation Submit Request" with text "Are you sure to Reject this data ?"

2020-10-28 16:43:46 - [MESSAGE][PASSED] - Taking screenshot successfully
[[ATTACHMENT|/Users/chaidir.pratama01/Documents/Docs/Katalon Studio/Screenshot/errorpopup.png]]

2020-10-28 16:43:46 - [MESSAGE][PASSED] - Object '' is present

2020-10-28 16:43:46 - [MESSAGE][PASSED] - Wait for page load successfully

2020-10-28 16:43:46 - [MESSAGE][PASSED] - Wait for page load successfully

2020-10-28 16:43:46 - [MESSAGE][PASSED] - Get text from pop up "Confirmation Submit Request" with text "Are you sure to Reject this data ?"

2020-10-28 16:43:46 - [TEST_STEP][PASSED] - Click button "Yes": Click button "Yes"

2020-10-28 16:43:46 - [MESSAGE][INFO] - >>>>>//Button[contains(text(),'Yes')]

2020-10-28 16:43:49 - [MESSAGE][PASSED] - Object: '' is clicked on

2020-10-28 16:43:49 - [MESSAGE][PASSED] - Click button "Yes"

2020-10-28 16:43:49 - [TEST_STEP][PASSED] - Get text from pop up "IT Supporting Tools" with text "1 data successfully rejected": Get text from pop up "IT Supporting Tools" with text "1 data successfully rejected"

2020-10-28 16:43:50 - [MESSAGE][PASSED] - Taking screenshot successfully
[[ATTACHMENT|/Users/chaidir.pratama01/Documents/Docs/Katalon Studio/Screenshot/errorpopup.png]]

2020-10-28 16:43:51 - [MESSAGE][PASSED] - Object '' is present

2020-10-28 16:43:51 - [MESSAGE][PASSED] - Wait for page load successfully

2020-10-28 16:43:51 - [MESSAGE][PASSED] - Wait for page load successfully

2020-10-28 16:43:51 - [MESSAGE][PASSED] - Get text from pop up "IT Supporting Tools" with text "1 data successfully rejected"

2020-10-28 16:43:51 - [TEST_STEP][PASSED] - Click button "OK": Click button "OK"

2020-10-28 16:43:51 - [MESSAGE][INFO] - >>>>>//Button[contains(text(),'OK')]

2020-10-28 16:43:54 - [MESSAGE][PASSED] - Object: '' is clicked on

2020-10-28 16:43:54 - [MESSAGE][PASSED] - Click button "OK"

2020-10-28 16:43:54 - [TEST_STEP][PASSED] - Close browser: Close browser

2020-10-28 16:43:54 - [MESSAGE][PASSED] - Browser is closed

2020-10-28 16:43:54 - [MESSAGE][PASSED] - Close browser

2020-10-28 16:43:54 - [MESSAGE][PASSED] - Feature file: 'Include/features/IST_Real/SLIK/SLIK Gateway Approval Non Customer/Reject_KTP_Number.feature' was passed]]></system-out>
         <system-err><![CDATA[]]></system-err>
      </testcase>
      <testcase name="Test Cases/IST_Real/SLIK/SLIK_Gateway_Non_Customer/SLIK Gateway Non Customer Search By Status NOT_APPROVED" time="14.615" classname="Test Cases/IST_Real/SLIK/SLIK_Gateway_Non_Customer/SLIK Gateway Non Customer Search By Status NOT_APPROVED" status="PASSED">
         <system-out><![CDATA[2020-10-28 16:43:54 - [TEST_CASE][PASSED] - Test Cases/IST_Real/SLIK/SLIK_Gateway_Non_Customer/SLIK Gateway Non Customer Search By Status NOT_APPROVED: Test Cases/IST_Real/SLIK/SLIK_Gateway_Non_Customer/SLIK Gateway Non Customer Search By Status NOT_APPROVED

2020-10-28 16:43:54 - [TEST_STEP][PASSED] - runFeatureFile("Include/features/IST_Real/SLIK/SLIK Gateway Non Customer/SLIK_Gateway_Non_Customer_Search_By_Status_NOT_APPROVED.feature"): Feature file: 'Include/features/IST_Real/SLIK/SLIK Gateway Non Customer/SLIK_Gateway_Non_Customer_Search_By_Status_NOT_APPROVED.feature' was passed

2020-10-28 16:43:54 - [MESSAGE][INFO] - Starting run keyword runFeatureFile: 'Include/features/IST_Real/SLIK/SLIK Gateway Non Customer/SLIK_Gateway_Non_Customer_Search_By_Status_NOT_APPROVED.feature' and extract report to folder: '/Users/chaidir.pratama01/Katalon Studio/IST_Automation_Git/Reports/20201028_163836/SLIK/TS_SLIK_Gateway_Non_Customer/20201028_163836/cucumber_report/1603878234609'...

2020-10-28 16:43:54 - [TEST_CASE][PASSED] - Start Test Case : SCENARIO Search Result by Status: SCENARIO Search Result by Status

2020-10-28 16:43:54 - [TEST_STEP][PASSED] - Go to ISTools: Go to ISTools

2020-10-28 16:43:54 - [MESSAGE][INFO] - Starting 'Chrome' driver

2020-10-28 16:43:54 - [MESSAGE][INFO] - User set preference: ['AcceptInsecureCerts', 'true']

2020-10-28 16:43:54 - [MESSAGE][INFO] - User set preference: ['args', '[ignore-certificate-errors]']

2020-10-28 16:43:54 - [MESSAGE][INFO] - Action delay is set to 0 milliseconds

2020-10-28 16:43:55 - [MESSAGE][PASSED] - Browser is opened with url: ''

2020-10-28 16:43:56 - [MESSAGE][PASSED] - Navigate to 'https://id-ist01preprod.id.nonprod/ist/' successfully

2020-10-28 16:43:56 - [MESSAGE][PASSED] - Go to ISTools

2020-10-28 16:43:56 - [TEST_STEP][PASSED] - Login IST with valid credentials: Login IST with valid credentials

2020-10-28 16:43:57 - [MESSAGE][PASSED] - Text 'mobile.test' is set on object 'Object Repository/Page_/input_Username_j_username'

2020-10-28 16:43:57 - [MESSAGE][PASSED] - Text ****** has been set on object 'Object Repository/Page_/input_Password_j_password'

2020-10-28 16:43:58 - [MESSAGE][PASSED] - Object: 'Object Repository/Page_/button_Login' is clicked on

2020-10-28 16:43:58 - [MESSAGE][PASSED] - Login IST with valid credentials

2020-10-28 16:43:58 - [TEST_STEP][PASSED] - Login Success for contract dispatcher: Login Success for contract dispatcher

2020-10-28 16:43:58 - [MESSAGE][INFO] - Login Success

2020-10-28 16:43:58 - [MESSAGE][PASSED] - Current window maximized

2020-10-28 16:43:58 - [MESSAGE][PASSED] - Object 'Object Repository/Page_/h1_Welcome to IT Supporting Tools' is present

2020-10-28 16:43:58 - [MESSAGE][PASSED] - Login Success for contract dispatcher

2020-10-28 16:43:58 - [TEST_STEP][PASSED] - Select Menu SLIK Gateway NonCustomer: Select Menu SLIK Gateway NonCustomer

2020-10-28 16:43:58 - [MESSAGE][PASSED] - Object '' is present

2020-10-28 16:43:59 - [MESSAGE][PASSED] - Object: '' is clicked on

2020-10-28 16:43:59 - [MESSAGE][PASSED] - Wait for page load successfully

2020-10-28 16:43:59 - [MESSAGE][PASSED] - Select Menu SLIK Gateway NonCustomer

2020-10-28 16:43:59 - [TEST_STEP][PASSED] - Select Status is "NOT_APPROVED": Select Status is "NOT_APPROVED"

2020-10-28 16:44:00 - [MESSAGE][PASSED] - All options with value 'NOT_APPROVED' are selected in object ''  using regular expression

2020-10-28 16:44:00 - [MESSAGE][PASSED] - Select Status is "NOT_APPROVED"

2020-10-28 16:44:00 - [TEST_STEP][PASSED] - Click button "Search": Click button "Search"

2020-10-28 16:44:00 - [MESSAGE][INFO] - >>>>>//Button[contains(text(),'Search')]

2020-10-28 16:44:03 - [MESSAGE][PASSED] - Object: '' is clicked on

2020-10-28 16:44:03 - [MESSAGE][PASSED] - Click button "Search"

2020-10-28 16:44:03 - [TEST_STEP][PASSED] - Verify Search Result Based on Result Status: Verify Search Result Based on Result Status

2020-10-28 16:44:04 - [MESSAGE][PASSED] - Scroll to object '' successfully

2020-10-28 16:44:04 - [MESSAGE][PASSED] - Actual text and expected text of test object '' are matched.

2020-10-28 16:44:05 - [MESSAGE][PASSED] - Text of object '' is: 'NOT_APPROVED -'

2020-10-28 16:44:05 - [MESSAGE][PASSED] - Text of object '' is: '8888888888888888'

2020-10-28 16:44:05 - [MESSAGE][PASSED] - Verify Search Result Based on Result Status

2020-10-28 16:44:05 - [TEST_STEP][PASSED] - Click button "Logout": Click button "Logout"

2020-10-28 16:44:05 - [MESSAGE][INFO] - >>>>>//Button[contains(text(),'Logout')]

2020-10-28 16:44:09 - [MESSAGE][PASSED] - Object: '' is clicked on

2020-10-28 16:44:09 - [MESSAGE][PASSED] - Click button "Logout"

2020-10-28 16:44:09 - [TEST_STEP][PASSED] - Close browser: Close browser

2020-10-28 16:44:09 - [MESSAGE][PASSED] - Browser is closed

2020-10-28 16:44:09 - [MESSAGE][PASSED] - Close browser

2020-10-28 16:44:09 - [MESSAGE][PASSED] - Feature file: 'Include/features/IST_Real/SLIK/SLIK Gateway Non Customer/SLIK_Gateway_Non_Customer_Search_By_Status_NOT_APPROVED.feature' was passed]]></system-out>
         <system-err><![CDATA[]]></system-err>
      </testcase>
      <testcase name="Test Cases/IST_Real/SLIK/SLIK_Gateway_Non_Customer/SLIK Gateway Non Customer View Detail when Status NOT_APPROVED" time="15.71" classname="Test Cases/IST_Real/SLIK/SLIK_Gateway_Non_Customer/SLIK Gateway Non Customer View Detail when Status NOT_APPROVED" status="PASSED">
         <system-out><![CDATA[2020-10-28 16:44:09 - [TEST_CASE][PASSED] - Test Cases/IST_Real/SLIK/SLIK_Gateway_Non_Customer/SLIK Gateway Non Customer View Detail when Status NOT_APPROVED: Test Cases/IST_Real/SLIK/SLIK_Gateway_Non_Customer/SLIK Gateway Non Customer View Detail when Status NOT_APPROVED

2020-10-28 16:44:09 - [TEST_STEP][PASSED] - runFeatureFile("Include/features/IST_Real/SLIK/SLIK Gateway Non Customer/SLIK_Gateway_Non_Customer_View_Detail_when_Status_NOT_APPROVED.feature"): Feature file: 'Include/features/IST_Real/SLIK/SLIK Gateway Non Customer/SLIK_Gateway_Non_Customer_View_Detail_when_Status_NOT_APPROVED.feature' was passed

2020-10-28 16:44:09 - [MESSAGE][INFO] - Starting run keyword runFeatureFile: 'Include/features/IST_Real/SLIK/SLIK Gateway Non Customer/SLIK_Gateway_Non_Customer_View_Detail_when_Status_NOT_APPROVED.feature' and extract report to folder: '/Users/chaidir.pratama01/Katalon Studio/IST_Automation_Git/Reports/20201028_163836/SLIK/TS_SLIK_Gateway_Non_Customer/20201028_163836/cucumber_report/1603878249224'...

2020-10-28 16:44:09 - [TEST_CASE][PASSED] - Start Test Case : SCENARIO SLIK Gateway Non Customer View Detail Link: SCENARIO SLIK Gateway Non Customer View Detail Link

2020-10-28 16:44:09 - [TEST_STEP][PASSED] - Go to ISTools: Go to ISTools

2020-10-28 16:44:09 - [MESSAGE][INFO] - Starting 'Chrome' driver

2020-10-28 16:44:09 - [MESSAGE][INFO] - User set preference: ['AcceptInsecureCerts', 'true']

2020-10-28 16:44:09 - [MESSAGE][INFO] - User set preference: ['args', '[ignore-certificate-errors]']

2020-10-28 16:44:09 - [MESSAGE][INFO] - Action delay is set to 0 milliseconds

2020-10-28 16:44:10 - [MESSAGE][PASSED] - Browser is opened with url: ''

2020-10-28 16:44:11 - [MESSAGE][PASSED] - Navigate to 'https://id-ist01preprod.id.nonprod/ist/' successfully

2020-10-28 16:44:11 - [MESSAGE][PASSED] - Go to ISTools

2020-10-28 16:44:11 - [TEST_STEP][PASSED] - Login IST with valid credentials: Login IST with valid credentials

2020-10-28 16:44:11 - [MESSAGE][PASSED] - Text 'mobile.test' is set on object 'Object Repository/Page_/input_Username_j_username'

2020-10-28 16:44:12 - [MESSAGE][PASSED] - Text ****** has been set on object 'Object Repository/Page_/input_Password_j_password'

2020-10-28 16:44:12 - [MESSAGE][PASSED] - Object: 'Object Repository/Page_/button_Login' is clicked on

2020-10-28 16:44:12 - [MESSAGE][PASSED] - Login IST with valid credentials

2020-10-28 16:44:12 - [TEST_STEP][PASSED] - Login Success for contract dispatcher: Login Success for contract dispatcher

2020-10-28 16:44:12 - [MESSAGE][INFO] - Login Success

2020-10-28 16:44:13 - [MESSAGE][PASSED] - Current window maximized

2020-10-28 16:44:13 - [MESSAGE][PASSED] - Object 'Object Repository/Page_/h1_Welcome to IT Supporting Tools' is present

2020-10-28 16:44:13 - [MESSAGE][PASSED] - Login Success for contract dispatcher

2020-10-28 16:44:13 - [TEST_STEP][PASSED] - Select Menu SLIK Gateway NonCustomer: Select Menu SLIK Gateway NonCustomer

2020-10-28 16:44:13 - [MESSAGE][PASSED] - Object '' is present

2020-10-28 16:44:13 - [MESSAGE][PASSED] - Object: '' is clicked on

2020-10-28 16:44:13 - [MESSAGE][PASSED] - Wait for page load successfully

2020-10-28 16:44:13 - [MESSAGE][PASSED] - Select Menu SLIK Gateway NonCustomer

2020-10-28 16:44:13 - [TEST_STEP][PASSED] - Select Status is "NOT_APPROVED": Select Status is "NOT_APPROVED"

2020-10-28 16:44:15 - [MESSAGE][PASSED] - All options with value 'NOT_APPROVED' are selected in object ''  using regular expression

2020-10-28 16:44:15 - [MESSAGE][PASSED] - Select Status is "NOT_APPROVED"

2020-10-28 16:44:15 - [TEST_STEP][PASSED] - Click button "Search": Click button "Search"

2020-10-28 16:44:15 - [MESSAGE][INFO] - >>>>>//Button[contains(text(),'Search')]

2020-10-28 16:44:18 - [MESSAGE][PASSED] - Object: '' is clicked on

2020-10-28 16:44:18 - [MESSAGE][PASSED] - Click button "Search"

2020-10-28 16:44:18 - [TEST_STEP][PASSED] - Verify Search Result Based on Result Status: Verify Search Result Based on Result Status

2020-10-28 16:44:19 - [MESSAGE][PASSED] - Scroll to object '' successfully

2020-10-28 16:44:19 - [MESSAGE][PASSED] - Actual text and expected text of test object '' are matched.

2020-10-28 16:44:19 - [MESSAGE][PASSED] - Text of object '' is: 'NOT_APPROVED -'

2020-10-28 16:44:20 - [MESSAGE][PASSED] - Text of object '' is: '8888888888888888'

2020-10-28 16:44:20 - [MESSAGE][PASSED] - Verify Search Result Based on Result Status

2020-10-28 16:44:20 - [TEST_STEP][PASSED] - Click View Detail Link: Click View Detail Link

2020-10-28 16:44:20 - [MESSAGE][PASSED] - Web element with id: '' located by 'By.xpath: //span[text()='Search Result']/../../../following-sibling::div[@class='z-groupbox-content']/div[@class='z-grid']/div[@class='z-grid-body']/table/tbody/tr/td[7]/div/div/span' is not present after '3' second(s)

2020-10-28 16:44:20 - [MESSAGE][PASSED] - Click View Detail Link

2020-10-28 16:44:20 - [TEST_STEP][PASSED] - Take Screenshot "View_detail_NonCutomer.png": Take Screenshot "View_detail_NonCutomer.png"

2020-10-28 16:44:21 - [MESSAGE][PASSED] - Taking screenshot successfully
[[ATTACHMENT|/Users/chaidir.pratama01/Katalon Studio/IST_Automation_Git/img/View_detail_NonCutomer.png]]

2020-10-28 16:44:21 - [MESSAGE][PASSED] - Take Screenshot "View_detail_NonCutomer.png"

2020-10-28 16:44:21 - [TEST_STEP][PASSED] - Verify Slik Result Detail Link: Verify Slik Result Detail Link

2020-10-28 16:44:21 - [MESSAGE][PASSED] - Verify Slik Result Detail Link

2020-10-28 16:44:21 - [TEST_STEP][PASSED] - Click button "Logout": Click button "Logout"

2020-10-28 16:44:21 - [MESSAGE][INFO] - >>>>>//Button[contains(text(),'Logout')]

2020-10-28 16:44:24 - [MESSAGE][PASSED] - Object: '' is clicked on

2020-10-28 16:44:24 - [MESSAGE][PASSED] - Click button "Logout"

2020-10-28 16:44:24 - [TEST_STEP][PASSED] - Close browser: Close browser

2020-10-28 16:44:24 - [MESSAGE][PASSED] - Browser is closed

2020-10-28 16:44:24 - [MESSAGE][PASSED] - Close browser

2020-10-28 16:44:24 - [MESSAGE][PASSED] - Feature file: 'Include/features/IST_Real/SLIK/SLIK Gateway Non Customer/SLIK_Gateway_Non_Customer_View_Detail_when_Status_NOT_APPROVED.feature' was passed]]></system-out>
         <system-err><![CDATA[]]></system-err>
      </testcase>
      <testcase name="Test Cases/IST_Real/SLIK/SLIK_Gateway_Non_Customer/SLIK Gateway Non Customer Search By DateStart DateEnd" time="16.043" classname="Test Cases/IST_Real/SLIK/SLIK_Gateway_Non_Customer/SLIK Gateway Non Customer Search By DateStart DateEnd" status="PASSED">
         <system-out><![CDATA[2020-10-28 16:44:24 - [TEST_CASE][PASSED] - Test Cases/IST_Real/SLIK/SLIK_Gateway_Non_Customer/SLIK Gateway Non Customer Search By DateStart DateEnd: Test Cases/IST_Real/SLIK/SLIK_Gateway_Non_Customer/SLIK Gateway Non Customer Search By DateStart DateEnd

2020-10-28 16:44:24 - [TEST_STEP][PASSED] - runFeatureFile("Include/features/IST_Real/SLIK/SLIK Gateway Non Customer/SLIK_Gateway_Non_Customer_Search_By_DateStart_DateEnd.feature"): Feature file: 'Include/features/IST_Real/SLIK/SLIK Gateway Non Customer/SLIK_Gateway_Non_Customer_Search_By_DateStart_DateEnd.feature' was passed

2020-10-28 16:44:24 - [MESSAGE][INFO] - Starting run keyword runFeatureFile: 'Include/features/IST_Real/SLIK/SLIK Gateway Non Customer/SLIK_Gateway_Non_Customer_Search_By_DateStart_DateEnd.feature' and extract report to folder: '/Users/chaidir.pratama01/Katalon Studio/IST_Automation_Git/Reports/20201028_163836/SLIK/TS_SLIK_Gateway_Non_Customer/20201028_163836/cucumber_report/1603878264939'...

2020-10-28 16:44:25 - [TEST_CASE][PASSED] - Start Test Case : SCENARIO Search Result by Date Start and Date End: SCENARIO Search Result by Date Start and Date End

2020-10-28 16:44:25 - [TEST_STEP][PASSED] - Go to ISTools: Go to ISTools

2020-10-28 16:44:25 - [MESSAGE][INFO] - Starting 'Chrome' driver

2020-10-28 16:44:25 - [MESSAGE][INFO] - User set preference: ['AcceptInsecureCerts', 'true']

2020-10-28 16:44:25 - [MESSAGE][INFO] - User set preference: ['args', '[ignore-certificate-errors]']

2020-10-28 16:44:25 - [MESSAGE][INFO] - Action delay is set to 0 milliseconds

2020-10-28 16:44:26 - [MESSAGE][PASSED] - Browser is opened with url: ''

2020-10-28 16:44:26 - [MESSAGE][PASSED] - Navigate to 'https://id-ist01preprod.id.nonprod/ist/' successfully

2020-10-28 16:44:26 - [MESSAGE][PASSED] - Go to ISTools

2020-10-28 16:44:26 - [TEST_STEP][PASSED] - Login IST with valid credentials: Login IST with valid credentials

2020-10-28 16:44:27 - [MESSAGE][PASSED] - Text 'mobile.test' is set on object 'Object Repository/Page_/input_Username_j_username'

2020-10-28 16:44:27 - [MESSAGE][PASSED] - Text ****** has been set on object 'Object Repository/Page_/input_Password_j_password'

2020-10-28 16:44:28 - [MESSAGE][PASSED] - Object: 'Object Repository/Page_/button_Login' is clicked on

2020-10-28 16:44:28 - [MESSAGE][PASSED] - Login IST with valid credentials

2020-10-28 16:44:28 - [TEST_STEP][PASSED] - Login Success for contract dispatcher: Login Success for contract dispatcher

2020-10-28 16:44:28 - [MESSAGE][INFO] - Login Success

2020-10-28 16:44:28 - [MESSAGE][PASSED] - Current window maximized

2020-10-28 16:44:28 - [MESSAGE][PASSED] - Object 'Object Repository/Page_/h1_Welcome to IT Supporting Tools' is present

2020-10-28 16:44:28 - [MESSAGE][PASSED] - Login Success for contract dispatcher

2020-10-28 16:44:28 - [TEST_STEP][PASSED] - Select Menu SLIK Gateway NonCustomer: Select Menu SLIK Gateway NonCustomer

2020-10-28 16:44:29 - [MESSAGE][PASSED] - Object '' is present

2020-10-28 16:44:29 - [MESSAGE][PASSED] - Object: '' is clicked on

2020-10-28 16:44:29 - [MESSAGE][PASSED] - Wait for page load successfully

2020-10-28 16:44:29 - [MESSAGE][PASSED] - Select Menu SLIK Gateway NonCustomer

2020-10-28 16:44:29 - [TEST_STEP][PASSED] - Set Start Date with value "01-10-2020" and End Date with value "30-12-2020": Set Start Date with value "01-10-2020" and End Date with value "30-12-2020"

2020-10-28 16:44:30 - [MESSAGE][PASSED] - Scroll to object '' successfully

2020-10-28 16:44:30 - [MESSAGE][PASSED] - Object '' is present

2020-10-28 16:44:30 - [MESSAGE][PASSED] - Text '01-10-2020' is set on object ''

2020-10-28 16:44:31 - [MESSAGE][PASSED] - Object '' is present

2020-10-28 16:44:31 - [MESSAGE][PASSED] - Text '30-12-2020' is set on object ''

2020-10-28 16:44:32 - [MESSAGE][PASSED] - Set Start Date with value "01-10-2020" and End Date with value "30-12-2020"

2020-10-28 16:44:32 - [TEST_STEP][PASSED] - Click button "Search": Click button "Search"

2020-10-28 16:44:32 - [MESSAGE][INFO] - >>>>>//Button[contains(text(),'Search')]

2020-10-28 16:44:35 - [MESSAGE][PASSED] - Object: '' is clicked on

2020-10-28 16:44:35 - [MESSAGE][PASSED] - Click button "Search"

2020-10-28 16:44:35 - [TEST_STEP][PASSED] - Verify Search Result Based on Created Date: Verify Search Result Based on Created Date

2020-10-28 16:44:36 - [MESSAGE][PASSED] - Object '' is present

2020-10-28 16:44:36 - [MESSAGE][PASSED] - Text of object '' is: '28 October 2020 16:43:04'

2020-10-28 16:44:36 - [MESSAGE][PASSED] - Verify Search Result Based on Created Date

2020-10-28 16:44:36 - [TEST_STEP][PASSED] - Verify Search Result Based on Result Status: Verify Search Result Based on Result Status

2020-10-28 16:44:36 - [MESSAGE][PASSED] - Scroll to object '' successfully

2020-10-28 16:44:36 - [MESSAGE][PASSED] - Text of object '' is: 'NOT_APPROVED -'

2020-10-28 16:44:37 - [MESSAGE][PASSED] - Text of object '' is: '8888888888888888'

2020-10-28 16:44:37 - [MESSAGE][PASSED] - Verify Search Result Based on Result Status

2020-10-28 16:44:37 - [TEST_STEP][PASSED] - Click button "Logout": Click button "Logout"

2020-10-28 16:44:37 - [MESSAGE][INFO] - >>>>>//Button[contains(text(),'Logout')]

2020-10-28 16:44:40 - [MESSAGE][PASSED] - Object: '' is clicked on

2020-10-28 16:44:40 - [MESSAGE][PASSED] - Click button "Logout"

2020-10-28 16:44:40 - [TEST_STEP][PASSED] - Close browser: Close browser

2020-10-28 16:44:40 - [MESSAGE][PASSED] - Browser is closed

2020-10-28 16:44:40 - [MESSAGE][PASSED] - Close browser

2020-10-28 16:44:40 - [MESSAGE][PASSED] - Feature file: 'Include/features/IST_Real/SLIK/SLIK Gateway Non Customer/SLIK_Gateway_Non_Customer_Search_By_DateStart_DateEnd.feature' was passed]]></system-out>
         <system-err><![CDATA[]]></system-err>
      </testcase>
      <testcase name="Test Cases/IST_Real/SLIK/SLIK_Gateway_Non_Customer/SLIK Gateway Non Customer Search By DateStart ONLY" time="20.796" classname="Test Cases/IST_Real/SLIK/SLIK_Gateway_Non_Customer/SLIK Gateway Non Customer Search By DateStart ONLY" status="PASSED">
         <system-out><![CDATA[2020-10-28 16:44:40 - [TEST_CASE][PASSED] - Test Cases/IST_Real/SLIK/SLIK_Gateway_Non_Customer/SLIK Gateway Non Customer Search By DateStart ONLY: Test Cases/IST_Real/SLIK/SLIK_Gateway_Non_Customer/SLIK Gateway Non Customer Search By DateStart ONLY

2020-10-28 16:44:40 - [TEST_STEP][PASSED] - runFeatureFile("Include/features/IST_Real/SLIK/SLIK Gateway Non Customer/SLIK_Gateway_Non_Customer_Search_By_DateStart_ONLY.feature"): Feature file: 'Include/features/IST_Real/SLIK/SLIK Gateway Non Customer/SLIK_Gateway_Non_Customer_Search_By_DateStart_ONLY.feature' was passed

2020-10-28 16:44:40 - [MESSAGE][INFO] - Starting run keyword runFeatureFile: 'Include/features/IST_Real/SLIK/SLIK Gateway Non Customer/SLIK_Gateway_Non_Customer_Search_By_DateStart_ONLY.feature' and extract report to folder: '/Users/chaidir.pratama01/Katalon Studio/IST_Automation_Git/Reports/20201028_163836/SLIK/TS_SLIK_Gateway_Non_Customer/20201028_163836/cucumber_report/1603878280986'...

2020-10-28 16:44:41 - [TEST_CASE][PASSED] - Start Test Case : SCENARIO Search Result by Date Start ONLY: SCENARIO Search Result by Date Start ONLY

2020-10-28 16:44:41 - [TEST_STEP][PASSED] - Go to ISTools: Go to ISTools

2020-10-28 16:44:41 - [MESSAGE][INFO] - Starting 'Chrome' driver

2020-10-28 16:44:41 - [MESSAGE][INFO] - User set preference: ['AcceptInsecureCerts', 'true']

2020-10-28 16:44:41 - [MESSAGE][INFO] - User set preference: ['args', '[ignore-certificate-errors]']

2020-10-28 16:44:41 - [MESSAGE][INFO] - Action delay is set to 0 milliseconds

2020-10-28 16:44:42 - [MESSAGE][PASSED] - Browser is opened with url: ''

2020-10-28 16:44:42 - [MESSAGE][PASSED] - Navigate to 'https://id-ist01preprod.id.nonprod/ist/' successfully

2020-10-28 16:44:42 - [MESSAGE][PASSED] - Go to ISTools

2020-10-28 16:44:42 - [TEST_STEP][PASSED] - Login IST with valid credentials: Login IST with valid credentials

2020-10-28 16:44:43 - [MESSAGE][PASSED] - Text 'mobile.test' is set on object 'Object Repository/Page_/input_Username_j_username'

2020-10-28 16:44:44 - [MESSAGE][PASSED] - Text ****** has been set on object 'Object Repository/Page_/input_Password_j_password'

2020-10-28 16:44:44 - [MESSAGE][PASSED] - Object: 'Object Repository/Page_/button_Login' is clicked on

2020-10-28 16:44:44 - [MESSAGE][PASSED] - Login IST with valid credentials

2020-10-28 16:44:44 - [TEST_STEP][PASSED] - Login Success for contract dispatcher: Login Success for contract dispatcher

2020-10-28 16:44:44 - [MESSAGE][INFO] - Login Success

2020-10-28 16:44:44 - [MESSAGE][PASSED] - Current window maximized

2020-10-28 16:44:45 - [MESSAGE][PASSED] - Object 'Object Repository/Page_/h1_Welcome to IT Supporting Tools' is present

2020-10-28 16:44:45 - [MESSAGE][PASSED] - Login Success for contract dispatcher

2020-10-28 16:44:45 - [TEST_STEP][PASSED] - Select Menu SLIK Gateway NonCustomer: Select Menu SLIK Gateway NonCustomer

2020-10-28 16:44:45 - [MESSAGE][PASSED] - Object '' is present

2020-10-28 16:44:46 - [MESSAGE][PASSED] - Object: '' is clicked on

2020-10-28 16:44:46 - [MESSAGE][PASSED] - Wait for page load successfully

2020-10-28 16:44:46 - [MESSAGE][PASSED] - Select Menu SLIK Gateway NonCustomer

2020-10-28 16:44:46 - [TEST_STEP][PASSED] - Set Start Date with value "01-10-2020" and End Date with value "": Set Start Date with value "01-10-2020" and End Date with value ""

2020-10-28 16:44:46 - [MESSAGE][PASSED] - Scroll to object '' successfully

2020-10-28 16:44:47 - [MESSAGE][PASSED] - Object '' is present

2020-10-28 16:44:47 - [MESSAGE][PASSED] - Text '01-10-2020' is set on object ''

2020-10-28 16:44:48 - [MESSAGE][PASSED] - Object '' is present

2020-10-28 16:44:48 - [MESSAGE][PASSED] - Text '' is set on object ''

2020-10-28 16:44:48 - [MESSAGE][PASSED] - Set Start Date with value "01-10-2020" and End Date with value ""

2020-10-28 16:44:48 - [TEST_STEP][PASSED] - Click button "Search": Click button "Search"

2020-10-28 16:44:48 - [MESSAGE][INFO] - >>>>>//Button[contains(text(),'Search')]

2020-10-28 16:44:52 - [MESSAGE][PASSED] - Object: '' is clicked on

2020-10-28 16:44:52 - [MESSAGE][PASSED] - Click button "Search"

2020-10-28 16:44:52 - [TEST_STEP][PASSED] - Get text from pop up "Error Message" with text "Error : End Date is mandatory !": Get text from pop up "Error Message" with text "Error : End Date is mandatory !"

2020-10-28 16:44:53 - [MESSAGE][PASSED] - Taking screenshot successfully
[[ATTACHMENT|/Users/chaidir.pratama01/Documents/Docs/Katalon Studio/Screenshot/errorpopup.png]]

2020-10-28 16:44:54 - [MESSAGE][PASSED] - Object '' is present

2020-10-28 16:44:54 - [MESSAGE][PASSED] - Wait for page load successfully

2020-10-28 16:44:54 - [MESSAGE][PASSED] - Wait for page load successfully

2020-10-28 16:44:54 - [MESSAGE][PASSED] - Get text from pop up "Error Message" with text "Error : End Date is mandatory !"

2020-10-28 16:44:54 - [TEST_STEP][PASSED] - Click button "OK": Click button "OK"

2020-10-28 16:44:54 - [MESSAGE][INFO] - >>>>>//Button[contains(text(),'OK')]

2020-10-28 16:44:57 - [MESSAGE][PASSED] - Object: '' is clicked on

2020-10-28 16:44:57 - [MESSAGE][PASSED] - Click button "OK"

2020-10-28 16:44:57 - [TEST_STEP][PASSED] - Get Error Notification "Error : End Date is mandatory !": Get Error Notification "Error : End Date is mandatory !"

2020-10-28 16:44:58 - [MESSAGE][PASSED] - Object '' is present

2020-10-28 16:44:58 - [MESSAGE][PASSED] - Get Error Notification "Error : End Date is mandatory !"

2020-10-28 16:44:58 - [TEST_STEP][PASSED] - Click button "Logout": Click button "Logout"

2020-10-28 16:44:58 - [MESSAGE][INFO] - >>>>>//Button[contains(text(),'Logout')]

2020-10-28 16:45:01 - [MESSAGE][PASSED] - Object: '' is clicked on

2020-10-28 16:45:01 - [MESSAGE][PASSED] - Click button "Logout"

2020-10-28 16:45:01 - [TEST_STEP][PASSED] - Close browser: Close browser

2020-10-28 16:45:01 - [MESSAGE][PASSED] - Browser is closed

2020-10-28 16:45:01 - [MESSAGE][PASSED] - Close browser

2020-10-28 16:45:01 - [MESSAGE][PASSED] - Feature file: 'Include/features/IST_Real/SLIK/SLIK Gateway Non Customer/SLIK_Gateway_Non_Customer_Search_By_DateStart_ONLY.feature' was passed]]></system-out>
         <system-err><![CDATA[]]></system-err>
      </testcase>
      <testcase name="Test Cases/IST_Real/SLIK/SLIK_Gateway_Non_Customer/SLIK Gateway Non Customer Search by DateEnd ONLY" time="20.661" classname="Test Cases/IST_Real/SLIK/SLIK_Gateway_Non_Customer/SLIK Gateway Non Customer Search by DateEnd ONLY" status="PASSED">
         <system-out><![CDATA[2020-10-28 16:45:01 - [TEST_CASE][PASSED] - Test Cases/IST_Real/SLIK/SLIK_Gateway_Non_Customer/SLIK Gateway Non Customer Search by DateEnd ONLY: Test Cases/IST_Real/SLIK/SLIK_Gateway_Non_Customer/SLIK Gateway Non Customer Search by DateEnd ONLY

2020-10-28 16:45:01 - [TEST_STEP][PASSED] - runFeatureFile("Include/features/IST_Real/SLIK/SLIK Gateway Non Customer/SLIK_Gateway_Non_Customer_Search_By_DateEnd_ONLY.feature"): Feature file: 'Include/features/IST_Real/SLIK/SLIK Gateway Non Customer/SLIK_Gateway_Non_Customer_Search_By_DateEnd_ONLY.feature' was passed

2020-10-28 16:45:01 - [MESSAGE][INFO] - Starting run keyword runFeatureFile: 'Include/features/IST_Real/SLIK/SLIK Gateway Non Customer/SLIK_Gateway_Non_Customer_Search_By_DateEnd_ONLY.feature' and extract report to folder: '/Users/chaidir.pratama01/Katalon Studio/IST_Automation_Git/Reports/20201028_163836/SLIK/TS_SLIK_Gateway_Non_Customer/20201028_163836/cucumber_report/1603878301785'...

2020-10-28 16:45:01 - [TEST_CASE][PASSED] - Start Test Case : SCENARIO Search Result by Date End ONLY: SCENARIO Search Result by Date End ONLY

2020-10-28 16:45:01 - [TEST_STEP][PASSED] - Go to ISTools: Go to ISTools

2020-10-28 16:45:01 - [MESSAGE][INFO] - Starting 'Chrome' driver

2020-10-28 16:45:01 - [MESSAGE][INFO] - User set preference: ['AcceptInsecureCerts', 'true']

2020-10-28 16:45:01 - [MESSAGE][INFO] - User set preference: ['args', '[ignore-certificate-errors]']

2020-10-28 16:45:01 - [MESSAGE][INFO] - Action delay is set to 0 milliseconds

2020-10-28 16:45:02 - [MESSAGE][PASSED] - Browser is opened with url: ''

2020-10-28 16:45:03 - [MESSAGE][PASSED] - Navigate to 'https://id-ist01preprod.id.nonprod/ist/' successfully

2020-10-28 16:45:03 - [MESSAGE][PASSED] - Go to ISTools

2020-10-28 16:45:03 - [TEST_STEP][PASSED] - Login IST with valid credentials: Login IST with valid credentials

2020-10-28 16:45:04 - [MESSAGE][PASSED] - Text 'mobile.test' is set on object 'Object Repository/Page_/input_Username_j_username'

2020-10-28 16:45:04 - [MESSAGE][PASSED] - Text ****** has been set on object 'Object Repository/Page_/input_Password_j_password'

2020-10-28 16:45:05 - [MESSAGE][PASSED] - Object: 'Object Repository/Page_/button_Login' is clicked on

2020-10-28 16:45:05 - [MESSAGE][PASSED] - Login IST with valid credentials

2020-10-28 16:45:05 - [TEST_STEP][PASSED] - Login Success for contract dispatcher: Login Success for contract dispatcher

2020-10-28 16:45:05 - [MESSAGE][INFO] - Login Success

2020-10-28 16:45:05 - [MESSAGE][PASSED] - Current window maximized

2020-10-28 16:45:06 - [MESSAGE][PASSED] - Object 'Object Repository/Page_/h1_Welcome to IT Supporting Tools' is present

2020-10-28 16:45:06 - [MESSAGE][PASSED] - Login Success for contract dispatcher

2020-10-28 16:45:06 - [TEST_STEP][PASSED] - Select Menu SLIK Gateway NonCustomer: Select Menu SLIK Gateway NonCustomer

2020-10-28 16:45:06 - [MESSAGE][PASSED] - Object '' is present

2020-10-28 16:45:06 - [MESSAGE][PASSED] - Object: '' is clicked on

2020-10-28 16:45:06 - [MESSAGE][PASSED] - Wait for page load successfully

2020-10-28 16:45:06 - [MESSAGE][PASSED] - Select Menu SLIK Gateway NonCustomer

2020-10-28 16:45:06 - [TEST_STEP][PASSED] - Set Start Date with value "" and End Date with value "24-10-2020": Set Start Date with value "" and End Date with value "24-10-2020"

2020-10-28 16:45:07 - [MESSAGE][PASSED] - Scroll to object '' successfully

2020-10-28 16:45:07 - [MESSAGE][PASSED] - Object '' is present

2020-10-28 16:45:08 - [MESSAGE][PASSED] - Text '' is set on object ''

2020-10-28 16:45:08 - [MESSAGE][PASSED] - Object '' is present

2020-10-28 16:45:09 - [MESSAGE][PASSED] - Text '24-10-2020' is set on object ''

2020-10-28 16:45:09 - [MESSAGE][PASSED] - Set Start Date with value "" and End Date with value "24-10-2020"

2020-10-28 16:45:09 - [TEST_STEP][PASSED] - Click button "Search": Click button "Search"

2020-10-28 16:45:09 - [MESSAGE][INFO] - >>>>>//Button[contains(text(),'Search')]

2020-10-28 16:45:13 - [MESSAGE][PASSED] - Object: '' is clicked on

2020-10-28 16:45:13 - [MESSAGE][PASSED] - Click button "Search"

2020-10-28 16:45:13 - [TEST_STEP][PASSED] - Get text from pop up "Error Message" with text "Error : Start Date is mandatory !": Get text from pop up "Error Message" with text "Error : Start Date is mandatory !"

2020-10-28 16:45:14 - [MESSAGE][PASSED] - Taking screenshot successfully
[[ATTACHMENT|/Users/chaidir.pratama01/Documents/Docs/Katalon Studio/Screenshot/errorpopup.png]]

2020-10-28 16:45:14 - [MESSAGE][PASSED] - Object '' is present

2020-10-28 16:45:14 - [MESSAGE][PASSED] - Wait for page load successfully

2020-10-28 16:45:14 - [MESSAGE][PASSED] - Wait for page load successfully

2020-10-28 16:45:14 - [MESSAGE][PASSED] - Get text from pop up "Error Message" with text "Error : Start Date is mandatory !"

2020-10-28 16:45:14 - [TEST_STEP][PASSED] - Click button "OK": Click button "OK"

2020-10-28 16:45:14 - [MESSAGE][INFO] - >>>>>//Button[contains(text(),'OK')]

2020-10-28 16:45:18 - [MESSAGE][PASSED] - Object: '' is clicked on

2020-10-28 16:45:18 - [MESSAGE][PASSED] - Click button "OK"

2020-10-28 16:45:18 - [TEST_STEP][PASSED] - Get Error Notification "Error : Start Date is mandatory !": Get Error Notification "Error : Start Date is mandatory !"

2020-10-28 16:45:18 - [MESSAGE][PASSED] - Object '' is present

2020-10-28 16:45:18 - [MESSAGE][PASSED] - Get Error Notification "Error : Start Date is mandatory !"

2020-10-28 16:45:18 - [TEST_STEP][PASSED] - Click button "Logout": Click button "Logout"

2020-10-28 16:45:18 - [MESSAGE][INFO] - >>>>>//Button[contains(text(),'Logout')]

2020-10-28 16:45:22 - [MESSAGE][PASSED] - Object: '' is clicked on

2020-10-28 16:45:22 - [MESSAGE][PASSED] - Click button "Logout"

2020-10-28 16:45:22 - [TEST_STEP][PASSED] - Close browser: Close browser

2020-10-28 16:45:22 - [MESSAGE][PASSED] - Browser is closed

2020-10-28 16:45:22 - [MESSAGE][PASSED] - Close browser

2020-10-28 16:45:22 - [MESSAGE][PASSED] - Feature file: 'Include/features/IST_Real/SLIK/SLIK Gateway Non Customer/SLIK_Gateway_Non_Customer_Search_By_DateEnd_ONLY.feature' was passed]]></system-out>
         <system-err><![CDATA[]]></system-err>
      </testcase>
      <testcase name="Test Cases/IST_Real/SLIK/SLIK_Gateway_Non_Customer/SLIK Gateway Non Customer View Detal when Status APPROVED-SUCCESS" time="22.764" classname="Test Cases/IST_Real/SLIK/SLIK_Gateway_Non_Customer/SLIK Gateway Non Customer View Detal when Status APPROVED-SUCCESS" status="FAILED">
         <failure type="FAILED" message="Test Cases/IST_Real/SLIK/SLIK_Gateway_Non_Customer/SLIK Gateway Non Customer View Detal when Status APPROVED-SUCCESS FAILED.
Reason:
com.kms.katalon.core.exception.StepFailedException: Feature file 'Include/features/IST_Real/SLIK/SLIK Gateway Non Customer/SLIK_Gateway_Non_Customer_View_Detail_when_Status_APPROVED-SUCCESS.feature' was failed
	at com.kms.katalon.core.keyword.internal.KeywordMain.stepFailed(KeywordMain.groovy:50)
	at com.kms.katalon.core.keyword.internal.KeywordMain.stepFailed(KeywordMain.groovy)
	at com.kms.katalon.core.keyword.internal.KeywordMain.stepFailed(KeywordMain.groovy:23)
	at com.kms.katalon.core.keyword.internal.KeywordMain$stepFailed$0.call(Unknown Source)
	at com.kms.katalon.core.cucumber.keyword.CucumberBuiltinKeywords$_runFeatureFile_closure1.doCall(CucumberBuiltinKeywords.groovy:82)
	at com.kms.katalon.core.cucumber.keyword.CucumberBuiltinKeywords$_runFeatureFile_closure1.doCall(CucumberBuiltinKeywords.groovy)
	at com.kms.katalon.core.keyword.internal.KeywordMain.runKeyword(KeywordMain.groovy:68)
	at com.kms.katalon.core.keyword.internal.KeywordMain$runKeyword.call(Unknown Source)
	at com.kms.katalon.core.cucumber.keyword.CucumberBuiltinKeywords.runFeatureFile(CucumberBuiltinKeywords.groovy:46)
	at com.kms.katalon.core.cucumber.keyword.CucumberBuiltinKeywords$runFeatureFile$0.callStatic(Unknown Source)
	at com.kms.katalon.core.cucumber.keyword.CucumberBuiltinKeywords.runFeatureFile(CucumberBuiltinKeywords.groovy:169)
	at com.kms.katalon.core.cucumber.keyword.CucumberBuiltinKeywords$runFeatureFile.call(Unknown Source)
	at SLIK Gateway Non Customer View Detal when Status APPROVED-SUCCESS.run(SLIK Gateway Non Customer View Detal when Status APPROVED-SUCCESS:18)
	at com.kms.katalon.core.main.ScriptEngine.run(ScriptEngine.java:194)
	at com.kms.katalon.core.main.ScriptEngine.runScriptAsRawText(ScriptEngine.java:119)
	at com.kms.katalon.core.main.TestCaseExecutor.runScript(TestCaseExecutor.java:339)
	at com.kms.katalon.core.main.TestCaseExecutor.doExecute(TestCaseExecutor.java:330)
	at com.kms.katalon.core.main.TestCaseExecutor.processExecutionPhase(TestCaseExecutor.java:309)
	at com.kms.katalon.core.main.TestCaseExecutor.accessMainPhase(TestCaseExecutor.java:301)
	at com.kms.katalon.core.main.TestCaseExecutor.execute(TestCaseExecutor.java:235)
	at com.kms.katalon.core.main.TestSuiteExecutor.accessTestCaseMainPhase(TestSuiteExecutor.java:191)
	at com.kms.katalon.core.main.TestSuiteExecutor.accessTestSuiteMainPhase(TestSuiteExecutor.java:141)
	at com.kms.katalon.core.main.TestSuiteExecutor.execute(TestSuiteExecutor.java:90)
	at com.kms.katalon.core.main.TestCaseMain.startTestSuite(TestCaseMain.java:157)
	at com.kms.katalon.core.main.TestCaseMain$startTestSuite$0.call(Unknown Source)
	at TempTestSuite1603877916063.run(TempTestSuite1603877916063.groovy:39)
"/>
         <system-out><![CDATA[2020-10-28 16:45:22 - [TEST_CASE][FAILED] - Test Cases/IST_Real/SLIK/SLIK_Gateway_Non_Customer/SLIK Gateway Non Customer View Detal when Status APPROVED-SUCCESS: Test Cases/IST_Real/SLIK/SLIK_Gateway_Non_Customer/SLIK Gateway Non Customer View Detal when Status APPROVED-SUCCESS FAILED.
Reason:
com.kms.katalon.core.exception.StepFailedException: Feature file 'Include/features/IST_Real/SLIK/SLIK Gateway Non Customer/SLIK_Gateway_Non_Customer_View_Detail_when_Status_APPROVED-SUCCESS.feature' was failed
	at com.kms.katalon.core.keyword.internal.KeywordMain.stepFailed(KeywordMain.groovy:50)
	at com.kms.katalon.core.keyword.internal.KeywordMain.stepFailed(KeywordMain.groovy)
	at com.kms.katalon.core.keyword.internal.KeywordMain.stepFailed(KeywordMain.groovy:23)
	at com.kms.katalon.core.keyword.internal.KeywordMain$stepFailed$0.call(Unknown Source)
	at com.kms.katalon.core.cucumber.keyword.CucumberBuiltinKeywords$_runFeatureFile_closure1.doCall(CucumberBuiltinKeywords.groovy:82)
	at com.kms.katalon.core.cucumber.keyword.CucumberBuiltinKeywords$_runFeatureFile_closure1.doCall(CucumberBuiltinKeywords.groovy)
	at com.kms.katalon.core.keyword.internal.KeywordMain.runKeyword(KeywordMain.groovy:68)
	at com.kms.katalon.core.keyword.internal.KeywordMain$runKeyword.call(Unknown Source)
	at com.kms.katalon.core.cucumber.keyword.CucumberBuiltinKeywords.runFeatureFile(CucumberBuiltinKeywords.groovy:46)
	at com.kms.katalon.core.cucumber.keyword.CucumberBuiltinKeywords$runFeatureFile$0.callStatic(Unknown Source)
	at com.kms.katalon.core.cucumber.keyword.CucumberBuiltinKeywords.runFeatureFile(CucumberBuiltinKeywords.groovy:169)
	at com.kms.katalon.core.cucumber.keyword.CucumberBuiltinKeywords$runFeatureFile.call(Unknown Source)
	at SLIK Gateway Non Customer View Detal when Status APPROVED-SUCCESS.run(SLIK Gateway Non Customer View Detal when Status APPROVED-SUCCESS:18)
	at com.kms.katalon.core.main.ScriptEngine.run(ScriptEngine.java:194)
	at com.kms.katalon.core.main.ScriptEngine.runScriptAsRawText(ScriptEngine.java:119)
	at com.kms.katalon.core.main.TestCaseExecutor.runScript(TestCaseExecutor.java:339)
	at com.kms.katalon.core.main.TestCaseExecutor.doExecute(TestCaseExecutor.java:330)
	at com.kms.katalon.core.main.TestCaseExecutor.processExecutionPhase(TestCaseExecutor.java:309)
	at com.kms.katalon.core.main.TestCaseExecutor.accessMainPhase(TestCaseExecutor.java:301)
	at com.kms.katalon.core.main.TestCaseExecutor.execute(TestCaseExecutor.java:235)
	at com.kms.katalon.core.main.TestSuiteExecutor.accessTestCaseMainPhase(TestSuiteExecutor.java:191)
	at com.kms.katalon.core.main.TestSuiteExecutor.accessTestSuiteMainPhase(TestSuiteExecutor.java:141)
	at com.kms.katalon.core.main.TestSuiteExecutor.execute(TestSuiteExecutor.java:90)
	at com.kms.katalon.core.main.TestCaseMain.startTestSuite(TestCaseMain.java:157)
	at com.kms.katalon.core.main.TestCaseMain$startTestSuite$0.call(Unknown Source)
	at TempTestSuite1603877916063.run(TempTestSuite1603877916063.groovy:39)


2020-10-28 16:45:22 - [TEST_STEP][FAILED] - runFeatureFile("Include/features/IST_Real/SLIK/SLIK Gateway Non Customer/SLIK_Gateway_Non_Customer_View_Detail_when_Status_APPROVED-SUCCESS.feature"): Keyword runFeatureFile was failed (Root cause: com.kms.katalon.core.exception.StepFailedException: Feature file 'Include/features/IST_Real/SLIK/SLIK Gateway Non Customer/SLIK_Gateway_Non_Customer_View_Detail_when_Status_APPROVED-SUCCESS.feature' was failed
	at com.kms.katalon.core.keyword.internal.KeywordMain.stepFailed(KeywordMain.groovy:50)
	at com.kms.katalon.core.keyword.internal.KeywordMain.stepFailed(KeywordMain.groovy)
	at com.kms.katalon.core.keyword.internal.KeywordMain.stepFailed(KeywordMain.groovy:23)
	at com.kms.katalon.core.keyword.internal.KeywordMain$stepFailed$0.call(Unknown Source)
	at com.kms.katalon.core.cucumber.keyword.CucumberBuiltinKeywords$_runFeatureFile_closure1.doCall(CucumberBuiltinKeywords.groovy:82)
	at com.kms.katalon.core.cucumber.keyword.CucumberBuiltinKeywords$_runFeatureFile_closure1.doCall(CucumberBuiltinKeywords.groovy)
	at com.kms.katalon.core.keyword.internal.KeywordMain.runKeyword(KeywordMain.groovy:68)
	at com.kms.katalon.core.keyword.internal.KeywordMain$runKeyword.call(Unknown Source)
	at com.kms.katalon.core.cucumber.keyword.CucumberBuiltinKeywords.runFeatureFile(CucumberBuiltinKeywords.groovy:46)
	at com.kms.katalon.core.cucumber.keyword.CucumberBuiltinKeywords$runFeatureFile$0.callStatic(Unknown Source)
	at com.kms.katalon.core.cucumber.keyword.CucumberBuiltinKeywords.runFeatureFile(CucumberBuiltinKeywords.groovy:169)
	at com.kms.katalon.core.cucumber.keyword.CucumberBuiltinKeywords$runFeatureFile.call(Unknown Source)
	at SLIK Gateway Non Customer View Detal when Status APPROVED-SUCCESS.run(SLIK Gateway Non Customer View Detal when Status APPROVED-SUCCESS:18)
	at com.kms.katalon.core.main.ScriptEngine.run(ScriptEngine.java:194)
	at com.kms.katalon.core.main.ScriptEngine.runScriptAsRawText(ScriptEngine.java:119)
	at com.kms.katalon.core.main.TestCaseExecutor.runScript(TestCaseExecutor.java:339)
	at com.kms.katalon.core.main.TestCaseExecutor.doExecute(TestCaseExecutor.java:330)
	at com.kms.katalon.core.main.TestCaseExecutor.processExecutionPhase(TestCaseExecutor.java:309)
	at com.kms.katalon.core.main.TestCaseExecutor.accessMainPhase(TestCaseExecutor.java:301)
	at com.kms.katalon.core.main.TestCaseExecutor.execute(TestCaseExecutor.java:235)
	at com.kms.katalon.core.main.TestSuiteExecutor.accessTestCaseMainPhase(TestSuiteExecutor.java:191)
	at com.kms.katalon.core.main.TestSuiteExecutor.accessTestSuiteMainPhase(TestSuiteExecutor.java:141)
	at com.kms.katalon.core.main.TestSuiteExecutor.execute(TestSuiteExecutor.java:90)
	at com.kms.katalon.core.main.TestCaseMain.startTestSuite(TestCaseMain.java:157)
	at com.kms.katalon.core.main.TestCaseMain$startTestSuite$0.call(Unknown Source)
	at TempTestSuite1603877916063.run(TempTestSuite1603877916063.groovy:39)
)

2020-10-28 16:45:22 - [MESSAGE][INFO] - Starting run keyword runFeatureFile: 'Include/features/IST_Real/SLIK/SLIK Gateway Non Customer/SLIK_Gateway_Non_Customer_View_Detail_when_Status_APPROVED-SUCCESS.feature' and extract report to folder: '/Users/chaidir.pratama01/Katalon Studio/IST_Automation_Git/Reports/20201028_163836/SLIK/TS_SLIK_Gateway_Non_Customer/20201028_163836/cucumber_report/1603878322445'...

2020-10-28 16:45:22 - [TEST_CASE][FAILED] - Start Test Case : SCENARIO SLIK Gateway Non Customer View Detail Link: SCENARIO SLIK Gateway Non Customer View Detail Link FAILED.
Reason:
com.kms.katalon.core.exception.StepFailedException: Unable to click on object ''
	at com.kms.katalon.core.webui.keyword.internal.WebUIKeywordMain.stepFailed(WebUIKeywordMain.groovy:64)
	at com.kms.katalon.core.webui.keyword.internal.WebUIKeywordMain.runKeyword(WebUIKeywordMain.groovy:26)
	at com.kms.katalon.core.webui.keyword.builtin.ClickKeyword.click(ClickKeyword.groovy:76)
	at com.kms.katalon.core.webui.keyword.builtin.ClickKeyword.execute(ClickKeyword.groovy:43)
	at com.kms.katalon.core.keyword.internal.KeywordExecutor.executeKeywordForPlatform(KeywordExecutor.groovy:73)
	at com.kms.katalon.core.webui.keyword.WebUiBuiltInKeywords.click(WebUiBuiltInKeywords.groovy:616)
	at com.kms.katalon.core.webui.keyword.WebUiBuiltInKeywords$click$3.call(Unknown Source)
	at ist_real.Contract_Dispatcher.ClickButton(Contract_Dispatcher.groovy:431)
	at .Click button "Logout"(/Users/chaidir.pratama01/Katalon Studio/IST_Automation_Git/Include/features/IST_Real/SLIK/SLIK Gateway Non Customer/SLIK_Gateway_Non_Customer_View_Detail_when_Status_APPROVED-SUCCESS.feature:40)
Caused by: org.openqa.selenium.ElementClickInterceptedException: element click intercepted: Element <button type="button" id="pAJQd" class="btn-danger btn-sm btn">...</button> is not clickable at point (1626, 55). Other element would receive the click: <div id="pAJQ2d-mask" class="z-modal-mask" style="z-index: 1800; left: 0px; top: 0px; width: 1680px; height: 855px; display: block;"></div>
  (Session info: chrome=86.0.4240.111)
Build info: version: '3.141.59', revision: 'e82be7d358', time: '2018-11-14T08:25:53'
System info: host: 'M-Chaidir-Pratama.local', ip: 'fe80:0:0:0:4fd:4647:ecb9:787c%en0', os.name: 'Mac OS X', os.arch: 'x86_64', os.version: '10.15', java.version: '1.8.0_181'
Driver info: com.kms.katalon.selenium.driver.CChromeDriver
Capabilities {acceptInsecureCerts: false, browserName: chrome, browserVersion: 86.0.4240.111, chrome: {chromedriverVersion: 86.0.4240.22 (398b0743353ff..., userDataDir: /var/folders/0s/4_d154xd6dq...}, goog:chromeOptions: {debuggerAddress: localhost:63529}, javascriptEnabled: true, networkConnectionEnabled: false, pageLoadStrategy: normal, platform: MAC, platformName: MAC, proxy: Proxy(), setWindowRect: true, strictFileInteractability: false, timeouts: {implicit: 0, pageLoad: 300000, script: 30000}, unhandledPromptBehavior: dismiss and notify, webauthn:virtualAuthenticators: true}
Session ID: 23043a3fa50a5946245cb036add0d6df
	at org.openqa.selenium.remote.http.W3CHttpResponseCodec.createException(W3CHttpResponseCodec.java:187)
	at org.openqa.selenium.remote.http.W3CHttpResponseCodec.decode(W3CHttpResponseCodec.java:122)
	at org.openqa.selenium.remote.http.W3CHttpResponseCodec.decode(W3CHttpResponseCodec.java:49)
	at org.openqa.selenium.remote.HttpCommandExecutor.execute(HttpCommandExecutor.java:158)
	at org.openqa.selenium.remote.service.DriverCommandExecutor.execute(DriverCommandExecutor.java:83)
	at org.openqa.selenium.remote.RemoteWebDriver.execute(RemoteWebDriver.java:552)
	at com.kms.katalon.selenium.driver.CChromeDriver.execute(CChromeDriver.java:19)
	at org.openqa.selenium.remote.RemoteWebElement.execute(RemoteWebElement.java:285)
	at org.openqa.selenium.remote.RemoteWebElement.click(RemoteWebElement.java:84)
	at org.openqa.selenium.support.events.EventFiringWebDriver$EventFiringWebElement.lambda$new$0(EventFiringWebDriver.java:404)
	at com.sun.proxy.$Proxy19.click(Unknown Source)
	at org.openqa.selenium.support.events.EventFiringWebDriver$EventFiringWebElement.click(EventFiringWebDriver.java:417)
	at com.kms.katalon.core.webui.keyword.builtin.ClickKeyword$_click_closure1.doCall(ClickKeyword.groovy:69)
	at com.kms.katalon.core.webui.keyword.builtin.ClickKeyword$_click_closure1.call(ClickKeyword.groovy)
	at com.kms.katalon.core.webui.keyword.internal.WebUIKeywordMain.runKeyword(WebUIKeywordMain.groovy:20)
	at com.kms.katalon.core.webui.keyword.builtin.ClickKeyword.click(ClickKeyword.groovy:76)
	at com.kms.katalon.core.webui.keyword.builtin.ClickKeyword.execute(ClickKeyword.groovy:43)
	at com.kms.katalon.core.keyword.internal.KeywordExecutor.executeKeywordForPlatform(KeywordExecutor.groovy:73)
	at com.kms.katalon.core.webui.keyword.WebUiBuiltInKeywords.click(WebUiBuiltInKeywords.groovy:616)
	at com.kms.katalon.core.webui.keyword.WebUiBuiltInKeywords$click$3.call(Unknown Source)
	at ist_real.Contract_Dispatcher.ClickButton(Contract_Dispatcher.groovy:431)
	at cucumber.runtime.Utils$1.call(Utils.java:26)
	at cucumber.runtime.Timeout.timeout(Timeout.java:16)
	at cucumber.runtime.Utils.invoke(Utils.java:20)
	at cucumber.runtime.java.JavaStepDefinition.execute(JavaStepDefinition.java:48)
	at cucumber.runtime.PickleStepDefinitionMatch.runStep(PickleStepDefinitionMatch.java:50)
	at cucumber.runner.TestStep.executeStep(TestStep.java:55)
	at cucumber.runner.TestStep.run(TestStep.java:42)
	at cucumber.runner.PickleStepTestStep.run(PickleStepTestStep.java:53)
	at cucumber.runner.TestCase.run(TestCase.java:47)
	at cucumber.runner.Runner.runPickle(Runner.java:44)
	at cucumber.runtime.Runtime.runFeature(Runtime.java:120)
	at cucumber.runtime.Runtime.run(Runtime.java:106)
	at cucumber.api.cli.Main.run(Main.java:35)
	at cucumber.api.cli.Main$run.call(Unknown Source)
	at com.kms.katalon.core.cucumber.keyword.CucumberBuiltinKeywords$_runFeatureFile_closure1.doCall(CucumberBuiltinKeywords.groovy:76)
	at com.kms.katalon.core.cucumber.keyword.CucumberBuiltinKeywords$_runFeatureFile_closure1.doCall(CucumberBuiltinKeywords.groovy)
	at com.kms.katalon.core.keyword.internal.KeywordMain.runKeyword(KeywordMain.groovy:68)
	at com.kms.katalon.core.keyword.internal.KeywordMain$runKeyword.call(Unknown Source)
	at com.kms.katalon.core.cucumber.keyword.CucumberBuiltinKeywords.runFeatureFile(CucumberBuiltinKeywords.groovy:46)
	at com.kms.katalon.core.cucumber.keyword.CucumberBuiltinKeywords$runFeatureFile$0.callStatic(Unknown Source)
	at com.kms.katalon.core.cucumber.keyword.CucumberBuiltinKeywords.runFeatureFile(CucumberBuiltinKeywords.groovy:169)
	at com.kms.katalon.core.cucumber.keyword.CucumberBuiltinKeywords$runFeatureFile.call(Unknown Source)
	at SLIK Gateway Non Customer View Detal when Status APPROVED-SUCCESS.run(SLIK Gateway Non Customer View Detal when Status APPROVED-SUCCESS:18)
	at com.kms.katalon.core.main.ScriptEngine.run(ScriptEngine.java:194)
	at com.kms.katalon.core.main.ScriptEngine.runScriptAsRawText(ScriptEngine.java:119)
	at com.kms.katalon.core.main.TestCaseExecutor.runScript(TestCaseExecutor.java:339)
	at com.kms.katalon.core.main.TestCaseExecutor.doExecute(TestCaseExecutor.java:330)
	at com.kms.katalon.core.main.TestCaseExecutor.processExecutionPhase(TestCaseExecutor.java:309)
	at com.kms.katalon.core.main.TestCaseExecutor.accessMainPhase(TestCaseExecutor.java:301)
	at com.kms.katalon.core.main.TestCaseExecutor.execute(TestCaseExecutor.java:235)
	at com.kms.katalon.core.main.TestSuiteExecutor.accessTestCaseMainPhase(TestSuiteExecutor.java:191)
	at com.kms.katalon.core.main.TestSuiteExecutor.accessTestSuiteMainPhase(TestSuiteExecutor.java:141)
	at com.kms.katalon.core.main.TestSuiteExecutor.execute(TestSuiteExecutor.java:90)
	at com.kms.katalon.core.main.TestCaseMain.startTestSuite(TestCaseMain.java:157)
	at com.kms.katalon.core.main.TestCaseMain$startTestSuite$0.call(Unknown Source)
	at TempTestSuite1603877916063.run(TempTestSuite1603877916063.groovy:39)


2020-10-28 16:45:22 - [TEST_STEP][PASSED] - Go to ISTools: Go to ISTools

2020-10-28 16:45:22 - [MESSAGE][INFO] - Starting 'Chrome' driver

2020-10-28 16:45:22 - [MESSAGE][INFO] - User set preference: ['AcceptInsecureCerts', 'true']

2020-10-28 16:45:22 - [MESSAGE][INFO] - User set preference: ['args', '[ignore-certificate-errors]']

2020-10-28 16:45:22 - [MESSAGE][INFO] - Action delay is set to 0 milliseconds

2020-10-28 16:45:23 - [MESSAGE][PASSED] - Browser is opened with url: ''

2020-10-28 16:45:24 - [MESSAGE][PASSED] - Navigate to 'https://id-ist01preprod.id.nonprod/ist/' successfully

2020-10-28 16:45:24 - [MESSAGE][PASSED] - Go to ISTools

2020-10-28 16:45:24 - [TEST_STEP][PASSED] - Login IST with valid credentials: Login IST with valid credentials

2020-10-28 16:45:25 - [MESSAGE][PASSED] - Text 'mobile.test' is set on object 'Object Repository/Page_/input_Username_j_username'

2020-10-28 16:45:25 - [MESSAGE][PASSED] - Text ****** has been set on object 'Object Repository/Page_/input_Password_j_password'

2020-10-28 16:45:26 - [MESSAGE][PASSED] - Object: 'Object Repository/Page_/button_Login' is clicked on

2020-10-28 16:45:26 - [MESSAGE][PASSED] - Login IST with valid credentials

2020-10-28 16:45:26 - [TEST_STEP][PASSED] - Login Success for contract dispatcher: Login Success for contract dispatcher

2020-10-28 16:45:26 - [MESSAGE][INFO] - Login Success

2020-10-28 16:45:26 - [MESSAGE][PASSED] - Current window maximized

2020-10-28 16:45:26 - [MESSAGE][PASSED] - Object 'Object Repository/Page_/h1_Welcome to IT Supporting Tools' is present

2020-10-28 16:45:26 - [MESSAGE][PASSED] - Login Success for contract dispatcher

2020-10-28 16:45:26 - [TEST_STEP][PASSED] - Select Menu SLIK Gateway NonCustomer: Select Menu SLIK Gateway NonCustomer

2020-10-28 16:45:26 - [MESSAGE][PASSED] - Object '' is present

2020-10-28 16:45:27 - [MESSAGE][PASSED] - Object: '' is clicked on

2020-10-28 16:45:27 - [MESSAGE][PASSED] - Wait for page load successfully

2020-10-28 16:45:27 - [MESSAGE][PASSED] - Select Menu SLIK Gateway NonCustomer

2020-10-28 16:45:27 - [TEST_STEP][PASSED] - Select Status is "APPROVED": Select Status is "APPROVED"

2020-10-28 16:45:29 - [MESSAGE][PASSED] - All options with value 'APPROVED' are selected in object ''  using regular expression

2020-10-28 16:45:29 - [MESSAGE][PASSED] - Select Status is "APPROVED"

2020-10-28 16:45:29 - [TEST_STEP][PASSED] - Click button "Search": Click button "Search"

2020-10-28 16:45:29 - [MESSAGE][INFO] - >>>>>//Button[contains(text(),'Search')]

2020-10-28 16:45:32 - [MESSAGE][PASSED] - Object: '' is clicked on

2020-10-28 16:45:32 - [MESSAGE][PASSED] - Click button "Search"

2020-10-28 16:45:32 - [TEST_STEP][PASSED] - Verify Search Result Based on Result Status: Verify Search Result Based on Result Status

2020-10-28 16:45:32 - [MESSAGE][PASSED] - Scroll to object '' successfully

2020-10-28 16:45:33 - [MESSAGE][WARNING] - Actual text 'APPROVED - SUCCESS' and expected text 'APPROVED - FAILED' of test object '' are NOT matched. (Root cause: com.kms.katalon.core.exception.StepFailedException: Actual text 'APPROVED - SUCCESS' and expected text 'APPROVED - FAILED' of test object '' are NOT matched.
	at com.kms.katalon.core.webui.keyword.internal.WebUIKeywordMain.stepFailed(WebUIKeywordMain.groovy:64)
	at com.kms.katalon.core.webui.keyword.builtin.VerifyElementTextKeyword$_verifyElementText_closure1.doCall(VerifyElementTextKeyword.groovy:57)
	at com.kms.katalon.core.webui.keyword.builtin.VerifyElementTextKeyword$_verifyElementText_closure1.call(VerifyElementTextKeyword.groovy)
	at com.kms.katalon.core.webui.keyword.internal.WebUIKeywordMain.runKeyword(WebUIKeywordMain.groovy:20)
	at com.kms.katalon.core.webui.keyword.builtin.VerifyElementTextKeyword.verifyElementText(VerifyElementTextKeyword.groovy:72)
	at com.kms.katalon.core.webui.keyword.builtin.VerifyElementTextKeyword.execute(VerifyElementTextKeyword.groovy:40)
	at com.kms.katalon.core.keyword.internal.KeywordExecutor.executeKeywordForPlatform(KeywordExecutor.groovy:73)
	at com.kms.katalon.core.webui.keyword.WebUiBuiltInKeywords.verifyElementText(WebUiBuiltInKeywords.groovy:3673)
	at com.kms.katalon.core.webui.keyword.WebUiBuiltInKeywords$verifyElementText$21.call(Unknown Source)
	at Slik_Script.Verify_Result_Status(Slik_Script.groovy:369)
	at cucumber.runtime.Utils$1.call(Utils.java:26)
	at cucumber.runtime.Timeout.timeout(Timeout.java:16)
	at cucumber.runtime.Utils.invoke(Utils.java:20)
	at cucumber.runtime.java.JavaStepDefinition.execute(JavaStepDefinition.java:48)
	at cucumber.runtime.PickleStepDefinitionMatch.runStep(PickleStepDefinitionMatch.java:50)
	at cucumber.runner.TestStep.executeStep(TestStep.java:55)
	at cucumber.runner.TestStep.run(TestStep.java:42)
	at cucumber.runner.PickleStepTestStep.run(PickleStepTestStep.java:53)
	at cucumber.runner.TestCase.run(TestCase.java:47)
	at cucumber.runner.Runner.runPickle(Runner.java:44)
	at cucumber.runtime.Runtime.runFeature(Runtime.java:120)
	at cucumber.runtime.Runtime.run(Runtime.java:106)
	at cucumber.api.cli.Main.run(Main.java:35)
	at cucumber.api.cli.Main$run.call(Unknown Source)
	at com.kms.katalon.core.cucumber.keyword.CucumberBuiltinKeywords$_runFeatureFile_closure1.doCall(CucumberBuiltinKeywords.groovy:76)
	at com.kms.katalon.core.cucumber.keyword.CucumberBuiltinKeywords$_runFeatureFile_closure1.doCall(CucumberBuiltinKeywords.groovy)
	at com.kms.katalon.core.keyword.internal.KeywordMain.runKeyword(KeywordMain.groovy:68)
	at com.kms.katalon.core.keyword.internal.KeywordMain$runKeyword.call(Unknown Source)
	at com.kms.katalon.core.cucumber.keyword.CucumberBuiltinKeywords.runFeatureFile(CucumberBuiltinKeywords.groovy:46)
	at com.kms.katalon.core.cucumber.keyword.CucumberBuiltinKeywords$runFeatureFile$0.callStatic(Unknown Source)
	at com.kms.katalon.core.cucumber.keyword.CucumberBuiltinKeywords.runFeatureFile(CucumberBuiltinKeywords.groovy:169)
	at com.kms.katalon.core.cucumber.keyword.CucumberBuiltinKeywords$runFeatureFile.call(Unknown Source)
	at SLIK Gateway Non Customer View Detal when Status APPROVED-SUCCESS.run(SLIK Gateway Non Customer View Detal when Status APPROVED-SUCCESS:18)
	at com.kms.katalon.core.main.ScriptEngine.run(ScriptEngine.java:194)
	at com.kms.katalon.core.main.ScriptEngine.runScriptAsRawText(ScriptEngine.java:119)
	at com.kms.katalon.core.main.TestCaseExecutor.runScript(TestCaseExecutor.java:339)
	at com.kms.katalon.core.main.TestCaseExecutor.doExecute(TestCaseExecutor.java:330)
	at com.kms.katalon.core.main.TestCaseExecutor.processExecutionPhase(TestCaseExecutor.java:309)
	at com.kms.katalon.core.main.TestCaseExecutor.accessMainPhase(TestCaseExecutor.java:301)
	at com.kms.katalon.core.main.TestCaseExecutor.execute(TestCaseExecutor.java:235)
	at com.kms.katalon.core.main.TestSuiteExecutor.accessTestCaseMainPhase(TestSuiteExecutor.java:191)
	at com.kms.katalon.core.main.TestSuiteExecutor.accessTestSuiteMainPhase(TestSuiteExecutor.java:141)
	at com.kms.katalon.core.main.TestSuiteExecutor.execute(TestSuiteExecutor.java:90)
	at com.kms.katalon.core.main.TestCaseMain.startTestSuite(TestCaseMain.java:157)
	at com.kms.katalon.core.main.TestCaseMain$startTestSuite$0.call(Unknown Source)
	at TempTestSuite1603877916063.run(TempTestSuite1603877916063.groovy:39)
)
[[ATTACHMENT|/Users/chaidir.pratama01/Katalon Studio/IST_Automation_Git/Reports/20201028_163836/SLIK/TS_SLIK_Gateway_Non_Customer/20201028_163836/1603878333065.png]]

2020-10-28 16:45:33 - [MESSAGE][PASSED] - Actual text and expected text of test object '' are matched.

2020-10-28 16:45:34 - [MESSAGE][PASSED] - Text of object '' is: 'APPROVED - SUCCESS'

2020-10-28 16:45:34 - [MESSAGE][PASSED] - Text of object '' is: '3200000000000003'

2020-10-28 16:45:34 - [MESSAGE][PASSED] - Verify Search Result Based on Result Status

2020-10-28 16:45:34 - [TEST_STEP][PASSED] - Click View Detail Link: Click View Detail Link

2020-10-28 16:45:35 - [MESSAGE][PASSED] - Object '' is present

2020-10-28 16:45:35 - [MESSAGE][PASSED] - Object: '' is clicked on

2020-10-28 16:45:35 - [MESSAGE][PASSED] - Click View Detail Link

2020-10-28 16:45:35 - [TEST_STEP][PASSED] - Take Screenshot "View_detail_NonCutomer.png": Take Screenshot "View_detail_NonCutomer.png"

2020-10-28 16:45:36 - [MESSAGE][PASSED] - Taking screenshot successfully
[[ATTACHMENT|/Users/chaidir.pratama01/Katalon Studio/IST_Automation_Git/img/View_detail_NonCutomer.png]]

2020-10-28 16:45:36 - [MESSAGE][PASSED] - Take Screenshot "View_detail_NonCutomer.png"

2020-10-28 16:45:36 - [TEST_STEP][PASSED] - Verify Slik Result Detail Link: Verify Slik Result Detail Link

2020-10-28 16:45:37 - [MESSAGE][PASSED] - Scroll to object '' successfully

2020-10-28 16:45:37 - [MESSAGE][PASSED] - Object '' is present

2020-10-28 16:45:37 - [MESSAGE][PASSED] - Scroll to object '' successfully

2020-10-28 16:45:38 - [MESSAGE][PASSED] - Object '' is present

2020-10-28 16:45:38 - [MESSAGE][PASSED] - Scroll to object '' successfully

2020-10-28 16:45:38 - [MESSAGE][PASSED] - Object '' is present

2020-10-28 16:45:39 - [MESSAGE][PASSED] - Scroll to object '' successfully

2020-10-28 16:45:39 - [MESSAGE][PASSED] - Object '' is present

2020-10-28 16:45:39 - [MESSAGE][PASSED] - Scroll to object '' successfully

2020-10-28 16:45:40 - [MESSAGE][PASSED] - Object '' is present

2020-10-28 16:45:40 - [MESSAGE][PASSED] - Verify Slik Result Detail Link

2020-10-28 16:45:40 - [TEST_STEP][FAILED] - Click button "Logout": Click button "Logout" FAILED.
Reason:
com.kms.katalon.core.exception.StepFailedException: Unable to click on object ''
	at com.kms.katalon.core.webui.keyword.internal.WebUIKeywordMain.stepFailed(WebUIKeywordMain.groovy:64)
	at com.kms.katalon.core.webui.keyword.internal.WebUIKeywordMain.runKeyword(WebUIKeywordMain.groovy:26)
	at com.kms.katalon.core.webui.keyword.builtin.ClickKeyword.click(ClickKeyword.groovy:76)
	at com.kms.katalon.core.webui.keyword.builtin.ClickKeyword.execute(ClickKeyword.groovy:43)
	at com.kms.katalon.core.keyword.internal.KeywordExecutor.executeKeywordForPlatform(KeywordExecutor.groovy:73)
	at com.kms.katalon.core.webui.keyword.WebUiBuiltInKeywords.click(WebUiBuiltInKeywords.groovy:616)
	at com.kms.katalon.core.webui.keyword.WebUiBuiltInKeywords$click$3.call(Unknown Source)
	at ist_real.Contract_Dispatcher.ClickButton(Contract_Dispatcher.groovy:431)
	at .Click button "Logout"(/Users/chaidir.pratama01/Katalon Studio/IST_Automation_Git/Include/features/IST_Real/SLIK/SLIK Gateway Non Customer/SLIK_Gateway_Non_Customer_View_Detail_when_Status_APPROVED-SUCCESS.feature:40)
Caused by: org.openqa.selenium.ElementClickInterceptedException: element click intercepted: Element <button type="button" id="pAJQd" class="btn-danger btn-sm btn">...</button> is not clickable at point (1626, 55). Other element would receive the click: <div id="pAJQ2d-mask" class="z-modal-mask" style="z-index: 1800; left: 0px; top: 0px; width: 1680px; height: 855px; display: block;"></div>
  (Session info: chrome=86.0.4240.111)
Build info: version: '3.141.59', revision: 'e82be7d358', time: '2018-11-14T08:25:53'
System info: host: 'M-Chaidir-Pratama.local', ip: 'fe80:0:0:0:4fd:4647:ecb9:787c%en0', os.name: 'Mac OS X', os.arch: 'x86_64', os.version: '10.15', java.version: '1.8.0_181'
Driver info: com.kms.katalon.selenium.driver.CChromeDriver
Capabilities {acceptInsecureCerts: false, browserName: chrome, browserVersion: 86.0.4240.111, chrome: {chromedriverVersion: 86.0.4240.22 (398b0743353ff..., userDataDir: /var/folders/0s/4_d154xd6dq...}, goog:chromeOptions: {debuggerAddress: localhost:63529}, javascriptEnabled: true, networkConnectionEnabled: false, pageLoadStrategy: normal, platform: MAC, platformName: MAC, proxy: Proxy(), setWindowRect: true, strictFileInteractability: false, timeouts: {implicit: 0, pageLoad: 300000, script: 30000}, unhandledPromptBehavior: dismiss and notify, webauthn:virtualAuthenticators: true}
Session ID: 23043a3fa50a5946245cb036add0d6df
	at org.openqa.selenium.remote.http.W3CHttpResponseCodec.createException(W3CHttpResponseCodec.java:187)
	at org.openqa.selenium.remote.http.W3CHttpResponseCodec.decode(W3CHttpResponseCodec.java:122)
	at org.openqa.selenium.remote.http.W3CHttpResponseCodec.decode(W3CHttpResponseCodec.java:49)
	at org.openqa.selenium.remote.HttpCommandExecutor.execute(HttpCommandExecutor.java:158)
	at org.openqa.selenium.remote.service.DriverCommandExecutor.execute(DriverCommandExecutor.java:83)
	at org.openqa.selenium.remote.RemoteWebDriver.execute(RemoteWebDriver.java:552)
	at com.kms.katalon.selenium.driver.CChromeDriver.execute(CChromeDriver.java:19)
	at org.openqa.selenium.remote.RemoteWebElement.execute(RemoteWebElement.java:285)
	at org.openqa.selenium.remote.RemoteWebElement.click(RemoteWebElement.java:84)
	at org.openqa.selenium.support.events.EventFiringWebDriver$EventFiringWebElement.lambda$new$0(EventFiringWebDriver.java:404)
	at com.sun.proxy.$Proxy19.click(Unknown Source)
	at org.openqa.selenium.support.events.EventFiringWebDriver$EventFiringWebElement.click(EventFiringWebDriver.java:417)
	at com.kms.katalon.core.webui.keyword.builtin.ClickKeyword$_click_closure1.doCall(ClickKeyword.groovy:69)
	at com.kms.katalon.core.webui.keyword.builtin.ClickKeyword$_click_closure1.call(ClickKeyword.groovy)
	at com.kms.katalon.core.webui.keyword.internal.WebUIKeywordMain.runKeyword(WebUIKeywordMain.groovy:20)
	at com.kms.katalon.core.webui.keyword.builtin.ClickKeyword.click(ClickKeyword.groovy:76)
	at com.kms.katalon.core.webui.keyword.builtin.ClickKeyword.execute(ClickKeyword.groovy:43)
	at com.kms.katalon.core.keyword.internal.KeywordExecutor.executeKeywordForPlatform(KeywordExecutor.groovy:73)
	at com.kms.katalon.core.webui.keyword.WebUiBuiltInKeywords.click(WebUiBuiltInKeywords.groovy:616)
	at com.kms.katalon.core.webui.keyword.WebUiBuiltInKeywords$click$3.call(Unknown Source)
	at ist_real.Contract_Dispatcher.ClickButton(Contract_Dispatcher.groovy:431)
	at cucumber.runtime.Utils$1.call(Utils.java:26)
	at cucumber.runtime.Timeout.timeout(Timeout.java:16)
	at cucumber.runtime.Utils.invoke(Utils.java:20)
	at cucumber.runtime.java.JavaStepDefinition.execute(JavaStepDefinition.java:48)
	at cucumber.runtime.PickleStepDefinitionMatch.runStep(PickleStepDefinitionMatch.java:50)
	at cucumber.runner.TestStep.executeStep(TestStep.java:55)
	at cucumber.runner.TestStep.run(TestStep.java:42)
	at cucumber.runner.PickleStepTestStep.run(PickleStepTestStep.java:53)
	at cucumber.runner.TestCase.run(TestCase.java:47)
	at cucumber.runner.Runner.runPickle(Runner.java:44)
	at cucumber.runtime.Runtime.runFeature(Runtime.java:120)
	at cucumber.runtime.Runtime.run(Runtime.java:106)
	at cucumber.api.cli.Main.run(Main.java:35)
	at cucumber.api.cli.Main$run.call(Unknown Source)
	at com.kms.katalon.core.cucumber.keyword.CucumberBuiltinKeywords$_runFeatureFile_closure1.doCall(CucumberBuiltinKeywords.groovy:76)
	at com.kms.katalon.core.cucumber.keyword.CucumberBuiltinKeywords$_runFeatureFile_closure1.doCall(CucumberBuiltinKeywords.groovy)
	at com.kms.katalon.core.keyword.internal.KeywordMain.runKeyword(KeywordMain.groovy:68)
	at com.kms.katalon.core.keyword.internal.KeywordMain$runKeyword.call(Unknown Source)
	at com.kms.katalon.core.cucumber.keyword.CucumberBuiltinKeywords.runFeatureFile(CucumberBuiltinKeywords.groovy:46)
	at com.kms.katalon.core.cucumber.keyword.CucumberBuiltinKeywords$runFeatureFile$0.callStatic(Unknown Source)
	at com.kms.katalon.core.cucumber.keyword.CucumberBuiltinKeywords.runFeatureFile(CucumberBuiltinKeywords.groovy:169)
	at com.kms.katalon.core.cucumber.keyword.CucumberBuiltinKeywords$runFeatureFile.call(Unknown Source)
	at SLIK Gateway Non Customer View Detal when Status APPROVED-SUCCESS.run(SLIK Gateway Non Customer View Detal when Status APPROVED-SUCCESS:18)
	at com.kms.katalon.core.main.ScriptEngine.run(ScriptEngine.java:194)
	at com.kms.katalon.core.main.ScriptEngine.runScriptAsRawText(ScriptEngine.java:119)
	at com.kms.katalon.core.main.TestCaseExecutor.runScript(TestCaseExecutor.java:339)
	at com.kms.katalon.core.main.TestCaseExecutor.doExecute(TestCaseExecutor.java:330)
	at com.kms.katalon.core.main.TestCaseExecutor.processExecutionPhase(TestCaseExecutor.java:309)
	at com.kms.katalon.core.main.TestCaseExecutor.accessMainPhase(TestCaseExecutor.java:301)
	at com.kms.katalon.core.main.TestCaseExecutor.execute(TestCaseExecutor.java:235)
	at com.kms.katalon.core.main.TestSuiteExecutor.accessTestCaseMainPhase(TestSuiteExecutor.java:191)
	at com.kms.katalon.core.main.TestSuiteExecutor.accessTestSuiteMainPhase(TestSuiteExecutor.java:141)
	at com.kms.katalon.core.main.TestSuiteExecutor.execute(TestSuiteExecutor.java:90)
	at com.kms.katalon.core.main.TestCaseMain.startTestSuite(TestCaseMain.java:157)
	at com.kms.katalon.core.main.TestCaseMain$startTestSuite$0.call(Unknown Source)
	at TempTestSuite1603877916063.run(TempTestSuite1603877916063.groovy:39)


2020-10-28 16:45:40 - [MESSAGE][INFO] - >>>>>//Button[contains(text(),'Logout')]

2020-10-28 16:45:45 - [MESSAGE][FAILED] - Unable to click on object '' (Root cause: com.kms.katalon.core.exception.StepFailedException: Unable to click on object ''
	at com.kms.katalon.core.webui.keyword.internal.WebUIKeywordMain.stepFailed(WebUIKeywordMain.groovy:64)
	at com.kms.katalon.core.webui.keyword.internal.WebUIKeywordMain.runKeyword(WebUIKeywordMain.groovy:26)
	at com.kms.katalon.core.webui.keyword.builtin.ClickKeyword.click(ClickKeyword.groovy:76)
	at com.kms.katalon.core.webui.keyword.builtin.ClickKeyword.execute(ClickKeyword.groovy:43)
	at com.kms.katalon.core.keyword.internal.KeywordExecutor.executeKeywordForPlatform(KeywordExecutor.groovy:73)
	at com.kms.katalon.core.webui.keyword.WebUiBuiltInKeywords.click(WebUiBuiltInKeywords.groovy:616)
	at com.kms.katalon.core.webui.keyword.WebUiBuiltInKeywords$click$3.call(Unknown Source)
	at ist_real.Contract_Dispatcher.ClickButton(Contract_Dispatcher.groovy:431)
	at cucumber.runtime.Utils$1.call(Utils.java:26)
	at cucumber.runtime.Timeout.timeout(Timeout.java:16)
	at cucumber.runtime.Utils.invoke(Utils.java:20)
	at cucumber.runtime.java.JavaStepDefinition.execute(JavaStepDefinition.java:48)
	at cucumber.runtime.PickleStepDefinitionMatch.runStep(PickleStepDefinitionMatch.java:50)
	at cucumber.runner.TestStep.executeStep(TestStep.java:55)
	at cucumber.runner.TestStep.run(TestStep.java:42)
	at cucumber.runner.PickleStepTestStep.run(PickleStepTestStep.java:53)
	at cucumber.runner.TestCase.run(TestCase.java:47)
	at cucumber.runner.Runner.runPickle(Runner.java:44)
	at cucumber.runtime.Runtime.runFeature(Runtime.java:120)
	at cucumber.runtime.Runtime.run(Runtime.java:106)
	at cucumber.api.cli.Main.run(Main.java:35)
	at cucumber.api.cli.Main$run.call(Unknown Source)
	at com.kms.katalon.core.cucumber.keyword.CucumberBuiltinKeywords$_runFeatureFile_closure1.doCall(CucumberBuiltinKeywords.groovy:76)
	at com.kms.katalon.core.cucumber.keyword.CucumberBuiltinKeywords$_runFeatureFile_closure1.doCall(CucumberBuiltinKeywords.groovy)
	at com.kms.katalon.core.keyword.internal.KeywordMain.runKeyword(KeywordMain.groovy:68)
	at com.kms.katalon.core.keyword.internal.KeywordMain$runKeyword.call(Unknown Source)
	at com.kms.katalon.core.cucumber.keyword.CucumberBuiltinKeywords.runFeatureFile(CucumberBuiltinKeywords.groovy:46)
	at com.kms.katalon.core.cucumber.keyword.CucumberBuiltinKeywords$runFeatureFile$0.callStatic(Unknown Source)
	at com.kms.katalon.core.cucumber.keyword.CucumberBuiltinKeywords.runFeatureFile(CucumberBuiltinKeywords.groovy:169)
	at com.kms.katalon.core.cucumber.keyword.CucumberBuiltinKeywords$runFeatureFile.call(Unknown Source)
	at SLIK Gateway Non Customer View Detal when Status APPROVED-SUCCESS.run(SLIK Gateway Non Customer View Detal when Status APPROVED-SUCCESS:18)
	at com.kms.katalon.core.main.ScriptEngine.run(ScriptEngine.java:194)
	at com.kms.katalon.core.main.ScriptEngine.runScriptAsRawText(ScriptEngine.java:119)
	at com.kms.katalon.core.main.TestCaseExecutor.runScript(TestCaseExecutor.java:339)
	at com.kms.katalon.core.main.TestCaseExecutor.doExecute(TestCaseExecutor.java:330)
	at com.kms.katalon.core.main.TestCaseExecutor.processExecutionPhase(TestCaseExecutor.java:309)
	at com.kms.katalon.core.main.TestCaseExecutor.accessMainPhase(TestCaseExecutor.java:301)
	at com.kms.katalon.core.main.TestCaseExecutor.execute(TestCaseExecutor.java:235)
	at com.kms.katalon.core.main.TestSuiteExecutor.accessTestCaseMainPhase(TestSuiteExecutor.java:191)
	at com.kms.katalon.core.main.TestSuiteExecutor.accessTestSuiteMainPhase(TestSuiteExecutor.java:141)
	at com.kms.katalon.core.main.TestSuiteExecutor.execute(TestSuiteExecutor.java:90)
	at com.kms.katalon.core.main.TestCaseMain.startTestSuite(TestCaseMain.java:157)
	at com.kms.katalon.core.main.TestCaseMain$startTestSuite$0.call(Unknown Source)
	at TempTestSuite1603877916063.run(TempTestSuite1603877916063.groovy:39)
Caused by: org.openqa.selenium.ElementClickInterceptedException: element click intercepted: Element <button type="button" id="pAJQd" class="btn-danger btn-sm btn">...</button> is not clickable at point (1626, 55). Other element would receive the click: <div id="pAJQ2d-mask" class="z-modal-mask" style="z-index: 1800; left: 0px; top: 0px; width: 1680px; height: 855px; display: block;"></div>
  (Session info: chrome=86.0.4240.111)
Build info: version: '3.141.59', revision: 'e82be7d358', time: '2018-11-14T08:25:53'
System info: host: 'M-Chaidir-Pratama.local', ip: 'fe80:0:0:0:4fd:4647:ecb9:787c%en0', os.name: 'Mac OS X', os.arch: 'x86_64', os.version: '10.15', java.version: '1.8.0_181'
Driver info: com.kms.katalon.selenium.driver.CChromeDriver
Capabilities {acceptInsecureCerts: false, browserName: chrome, browserVersion: 86.0.4240.111, chrome: {chromedriverVersion: 86.0.4240.22 (398b0743353ff..., userDataDir: /var/folders/0s/4_d154xd6dq...}, goog:chromeOptions: {debuggerAddress: localhost:63529}, javascriptEnabled: true, networkConnectionEnabled: false, pageLoadStrategy: normal, platform: MAC, platformName: MAC, proxy: Proxy(), setWindowRect: true, strictFileInteractability: false, timeouts: {implicit: 0, pageLoad: 300000, script: 30000}, unhandledPromptBehavior: dismiss and notify, webauthn:virtualAuthenticators: true}
Session ID: 23043a3fa50a5946245cb036add0d6df
	at org.openqa.selenium.remote.http.W3CHttpResponseCodec.createException(W3CHttpResponseCodec.java:187)
	at org.openqa.selenium.remote.http.W3CHttpResponseCodec.decode(W3CHttpResponseCodec.java:122)
	at org.openqa.selenium.remote.http.W3CHttpResponseCodec.decode(W3CHttpResponseCodec.java:49)
	at org.openqa.selenium.remote.HttpCommandExecutor.execute(HttpCommandExecutor.java:158)
	at org.openqa.selenium.remote.service.DriverCommandExecutor.execute(DriverCommandExecutor.java:83)
	at org.openqa.selenium.remote.RemoteWebDriver.execute(RemoteWebDriver.java:552)
	at com.kms.katalon.selenium.driver.CChromeDriver.execute(CChromeDriver.java:19)
	at org.openqa.selenium.remote.RemoteWebElement.execute(RemoteWebElement.java:285)
	at org.openqa.selenium.remote.RemoteWebElement.click(RemoteWebElement.java:84)
	at org.openqa.selenium.support.events.EventFiringWebDriver$EventFiringWebElement.lambda$new$0(EventFiringWebDriver.java:404)
	at com.sun.proxy.$Proxy19.click(Unknown Source)
	at org.openqa.selenium.support.events.EventFiringWebDriver$EventFiringWebElement.click(EventFiringWebDriver.java:417)
	at com.kms.katalon.core.webui.keyword.builtin.ClickKeyword$_click_closure1.doCall(ClickKeyword.groovy:69)
	at com.kms.katalon.core.webui.keyword.builtin.ClickKeyword$_click_closure1.call(ClickKeyword.groovy)
	at com.kms.katalon.core.webui.keyword.internal.WebUIKeywordMain.runKeyword(WebUIKeywordMain.groovy:20)
	at com.kms.katalon.core.webui.keyword.builtin.ClickKeyword.click(ClickKeyword.groovy:76)
	at com.kms.katalon.core.webui.keyword.builtin.ClickKeyword.execute(ClickKeyword.groovy:43)
	at com.kms.katalon.core.keyword.internal.KeywordExecutor.executeKeywordForPlatform(KeywordExecutor.groovy:73)
	at com.kms.katalon.core.webui.keyword.WebUiBuiltInKeywords.click(WebUiBuiltInKeywords.groovy:616)
	at com.kms.katalon.core.webui.keyword.WebUiBuiltInKeywords$click$3.call(Unknown Source)
	at ist_real.Contract_Dispatcher.ClickButton(Contract_Dispatcher.groovy:431)
	at cucumber.runtime.Utils$1.call(Utils.java:26)
	at cucumber.runtime.Timeout.timeout(Timeout.java:16)
	at cucumber.runtime.Utils.invoke(Utils.java:20)
	at cucumber.runtime.java.JavaStepDefinition.execute(JavaStepDefinition.java:48)
	at cucumber.runtime.PickleStepDefinitionMatch.runStep(PickleStepDefinitionMatch.java:50)
	at cucumber.runner.TestStep.executeStep(TestStep.java:55)
	at cucumber.runner.TestStep.run(TestStep.java:42)
	at cucumber.runner.PickleStepTestStep.run(PickleStepTestStep.java:53)
	at cucumber.runner.TestCase.run(TestCase.java:47)
	at cucumber.runner.Runner.runPickle(Runner.java:44)
	at cucumber.runtime.Runtime.runFeature(Runtime.java:120)
	at cucumber.runtime.Runtime.run(Runtime.java:106)
	at cucumber.api.cli.Main.run(Main.java:35)
	at cucumber.api.cli.Main$run.call(Unknown Source)
	at com.kms.katalon.core.cucumber.keyword.CucumberBuiltinKeywords$_runFeatureFile_closure1.doCall(CucumberBuiltinKeywords.groovy:76)
	at com.kms.katalon.core.cucumber.keyword.CucumberBuiltinKeywords$_runFeatureFile_closure1.doCall(CucumberBuiltinKeywords.groovy)
	at com.kms.katalon.core.keyword.internal.KeywordMain.runKeyword(KeywordMain.groovy:68)
	at com.kms.katalon.core.keyword.internal.KeywordMain$runKeyword.call(Unknown Source)
	at com.kms.katalon.core.cucumber.keyword.CucumberBuiltinKeywords.runFeatureFile(CucumberBuiltinKeywords.groovy:46)
	at com.kms.katalon.core.cucumber.keyword.CucumberBuiltinKeywords$runFeatureFile$0.callStatic(Unknown Source)
	at com.kms.katalon.core.cucumber.keyword.CucumberBuiltinKeywords.runFeatureFile(CucumberBuiltinKeywords.groovy:169)
	at com.kms.katalon.core.cucumber.keyword.CucumberBuiltinKeywords$runFeatureFile.call(Unknown Source)
	at Script1601314249788.run(Script1601314249788.groovy:18)
	... 13 more
)
[[ATTACHMENT|/Users/chaidir.pratama01/Katalon Studio/IST_Automation_Git/Reports/20201028_163836/SLIK/TS_SLIK_Gateway_Non_Customer/20201028_163836/1603878344594.png]]

2020-10-28 16:45:45 - [MESSAGE][FAILED] - Click button "Logout" FAILED.
Reason:
com.kms.katalon.core.exception.StepFailedException: Unable to click on object ''
	at com.kms.katalon.core.webui.keyword.internal.WebUIKeywordMain.stepFailed(WebUIKeywordMain.groovy:64)
	at com.kms.katalon.core.webui.keyword.internal.WebUIKeywordMain.runKeyword(WebUIKeywordMain.groovy:26)
	at com.kms.katalon.core.webui.keyword.builtin.ClickKeyword.click(ClickKeyword.groovy:76)
	at com.kms.katalon.core.webui.keyword.builtin.ClickKeyword.execute(ClickKeyword.groovy:43)
	at com.kms.katalon.core.keyword.internal.KeywordExecutor.executeKeywordForPlatform(KeywordExecutor.groovy:73)
	at com.kms.katalon.core.webui.keyword.WebUiBuiltInKeywords.click(WebUiBuiltInKeywords.groovy:616)
	at com.kms.katalon.core.webui.keyword.WebUiBuiltInKeywords$click$3.call(Unknown Source)
	at ist_real.Contract_Dispatcher.ClickButton(Contract_Dispatcher.groovy:431)
	at .Click button "Logout"(/Users/chaidir.pratama01/Katalon Studio/IST_Automation_Git/Include/features/IST_Real/SLIK/SLIK Gateway Non Customer/SLIK_Gateway_Non_Customer_View_Detail_when_Status_APPROVED-SUCCESS.feature:40)
Caused by: org.openqa.selenium.ElementClickInterceptedException: element click intercepted: Element <button type="button" id="pAJQd" class="btn-danger btn-sm btn">...</button> is not clickable at point (1626, 55). Other element would receive the click: <div id="pAJQ2d-mask" class="z-modal-mask" style="z-index: 1800; left: 0px; top: 0px; width: 1680px; height: 855px; display: block;"></div>
  (Session info: chrome=86.0.4240.111)
Build info: version: '3.141.59', revision: 'e82be7d358', time: '2018-11-14T08:25:53'
System info: host: 'M-Chaidir-Pratama.local', ip: 'fe80:0:0:0:4fd:4647:ecb9:787c%en0', os.name: 'Mac OS X', os.arch: 'x86_64', os.version: '10.15', java.version: '1.8.0_181'
Driver info: com.kms.katalon.selenium.driver.CChromeDriver
Capabilities {acceptInsecureCerts: false, browserName: chrome, browserVersion: 86.0.4240.111, chrome: {chromedriverVersion: 86.0.4240.22 (398b0743353ff..., userDataDir: /var/folders/0s/4_d154xd6dq...}, goog:chromeOptions: {debuggerAddress: localhost:63529}, javascriptEnabled: true, networkConnectionEnabled: false, pageLoadStrategy: normal, platform: MAC, platformName: MAC, proxy: Proxy(), setWindowRect: true, strictFileInteractability: false, timeouts: {implicit: 0, pageLoad: 300000, script: 30000}, unhandledPromptBehavior: dismiss and notify, webauthn:virtualAuthenticators: true}
Session ID: 23043a3fa50a5946245cb036add0d6df
	at org.openqa.selenium.remote.http.W3CHttpResponseCodec.createException(W3CHttpResponseCodec.java:187)
	at org.openqa.selenium.remote.http.W3CHttpResponseCodec.decode(W3CHttpResponseCodec.java:122)
	at org.openqa.selenium.remote.http.W3CHttpResponseCodec.decode(W3CHttpResponseCodec.java:49)
	at org.openqa.selenium.remote.HttpCommandExecutor.execute(HttpCommandExecutor.java:158)
	at org.openqa.selenium.remote.service.DriverCommandExecutor.execute(DriverCommandExecutor.java:83)
	at org.openqa.selenium.remote.RemoteWebDriver.execute(RemoteWebDriver.java:552)
	at com.kms.katalon.selenium.driver.CChromeDriver.execute(CChromeDriver.java:19)
	at org.openqa.selenium.remote.RemoteWebElement.execute(RemoteWebElement.java:285)
	at org.openqa.selenium.remote.RemoteWebElement.click(RemoteWebElement.java:84)
	at org.openqa.selenium.support.events.EventFiringWebDriver$EventFiringWebElement.lambda$new$0(EventFiringWebDriver.java:404)
	at com.sun.proxy.$Proxy19.click(Unknown Source)
	at org.openqa.selenium.support.events.EventFiringWebDriver$EventFiringWebElement.click(EventFiringWebDriver.java:417)
	at com.kms.katalon.core.webui.keyword.builtin.ClickKeyword$_click_closure1.doCall(ClickKeyword.groovy:69)
	at com.kms.katalon.core.webui.keyword.builtin.ClickKeyword$_click_closure1.call(ClickKeyword.groovy)
	at com.kms.katalon.core.webui.keyword.internal.WebUIKeywordMain.runKeyword(WebUIKeywordMain.groovy:20)
	at com.kms.katalon.core.webui.keyword.builtin.ClickKeyword.click(ClickKeyword.groovy:76)
	at com.kms.katalon.core.webui.keyword.builtin.ClickKeyword.execute(ClickKeyword.groovy:43)
	at com.kms.katalon.core.keyword.internal.KeywordExecutor.executeKeywordForPlatform(KeywordExecutor.groovy:73)
	at com.kms.katalon.core.webui.keyword.WebUiBuiltInKeywords.click(WebUiBuiltInKeywords.groovy:616)
	at com.kms.katalon.core.webui.keyword.WebUiBuiltInKeywords$click$3.call(Unknown Source)
	at ist_real.Contract_Dispatcher.ClickButton(Contract_Dispatcher.groovy:431)
	at cucumber.runtime.Utils$1.call(Utils.java:26)
	at cucumber.runtime.Timeout.timeout(Timeout.java:16)
	at cucumber.runtime.Utils.invoke(Utils.java:20)
	at cucumber.runtime.java.JavaStepDefinition.execute(JavaStepDefinition.java:48)
	at cucumber.runtime.PickleStepDefinitionMatch.runStep(PickleStepDefinitionMatch.java:50)
	at cucumber.runner.TestStep.executeStep(TestStep.java:55)
	at cucumber.runner.TestStep.run(TestStep.java:42)
	at cucumber.runner.PickleStepTestStep.run(PickleStepTestStep.java:53)
	at cucumber.runner.TestCase.run(TestCase.java:47)
	at cucumber.runner.Runner.runPickle(Runner.java:44)
	at cucumber.runtime.Runtime.runFeature(Runtime.java:120)
	at cucumber.runtime.Runtime.run(Runtime.java:106)
	at cucumber.api.cli.Main.run(Main.java:35)
	at cucumber.api.cli.Main$run.call(Unknown Source)
	at com.kms.katalon.core.cucumber.keyword.CucumberBuiltinKeywords$_runFeatureFile_closure1.doCall(CucumberBuiltinKeywords.groovy:76)
	at com.kms.katalon.core.cucumber.keyword.CucumberBuiltinKeywords$_runFeatureFile_closure1.doCall(CucumberBuiltinKeywords.groovy)
	at com.kms.katalon.core.keyword.internal.KeywordMain.runKeyword(KeywordMain.groovy:68)
	at com.kms.katalon.core.keyword.internal.KeywordMain$runKeyword.call(Unknown Source)
	at com.kms.katalon.core.cucumber.keyword.CucumberBuiltinKeywords.runFeatureFile(CucumberBuiltinKeywords.groovy:46)
	at com.kms.katalon.core.cucumber.keyword.CucumberBuiltinKeywords$runFeatureFile$0.callStatic(Unknown Source)
	at com.kms.katalon.core.cucumber.keyword.CucumberBuiltinKeywords.runFeatureFile(CucumberBuiltinKeywords.groovy:169)
	at com.kms.katalon.core.cucumber.keyword.CucumberBuiltinKeywords$runFeatureFile.call(Unknown Source)
	at SLIK Gateway Non Customer View Detal when Status APPROVED-SUCCESS.run(SLIK Gateway Non Customer View Detal when Status APPROVED-SUCCESS:18)
	at com.kms.katalon.core.main.ScriptEngine.run(ScriptEngine.java:194)
	at com.kms.katalon.core.main.ScriptEngine.runScriptAsRawText(ScriptEngine.java:119)
	at com.kms.katalon.core.main.TestCaseExecutor.runScript(TestCaseExecutor.java:339)
	at com.kms.katalon.core.main.TestCaseExecutor.doExecute(TestCaseExecutor.java:330)
	at com.kms.katalon.core.main.TestCaseExecutor.processExecutionPhase(TestCaseExecutor.java:309)
	at com.kms.katalon.core.main.TestCaseExecutor.accessMainPhase(TestCaseExecutor.java:301)
	at com.kms.katalon.core.main.TestCaseExecutor.execute(TestCaseExecutor.java:235)
	at com.kms.katalon.core.main.TestSuiteExecutor.accessTestCaseMainPhase(TestSuiteExecutor.java:191)
	at com.kms.katalon.core.main.TestSuiteExecutor.accessTestSuiteMainPhase(TestSuiteExecutor.java:141)
	at com.kms.katalon.core.main.TestSuiteExecutor.execute(TestSuiteExecutor.java:90)
	at com.kms.katalon.core.main.TestCaseMain.startTestSuite(TestCaseMain.java:157)
	at com.kms.katalon.core.main.TestCaseMain$startTestSuite$0.call(Unknown Source)
	at TempTestSuite1603877916063.run(TempTestSuite1603877916063.groovy:39)


2020-10-28 16:45:45 - [TEST_STEP][NOT_RUN] - Close browser: Close browser

2020-10-28 16:45:45 - [MESSAGE][NOT_RUN] - Close browser

2020-10-28 16:45:45 - [MESSAGE][FAILED] - Feature file 'Include/features/IST_Real/SLIK/SLIK Gateway Non Customer/SLIK_Gateway_Non_Customer_View_Detail_when_Status_APPROVED-SUCCESS.feature' was failed

2020-10-28 16:45:45 - [MESSAGE][FAILED] - Keyword runFeatureFile was failed (Root cause: com.kms.katalon.core.exception.StepFailedException: Feature file 'Include/features/IST_Real/SLIK/SLIK Gateway Non Customer/SLIK_Gateway_Non_Customer_View_Detail_when_Status_APPROVED-SUCCESS.feature' was failed
	at com.kms.katalon.core.keyword.internal.KeywordMain.stepFailed(KeywordMain.groovy:50)
	at com.kms.katalon.core.keyword.internal.KeywordMain.stepFailed(KeywordMain.groovy)
	at com.kms.katalon.core.keyword.internal.KeywordMain.stepFailed(KeywordMain.groovy:23)
	at com.kms.katalon.core.keyword.internal.KeywordMain$stepFailed$0.call(Unknown Source)
	at com.kms.katalon.core.cucumber.keyword.CucumberBuiltinKeywords$_runFeatureFile_closure1.doCall(CucumberBuiltinKeywords.groovy:82)
	at com.kms.katalon.core.cucumber.keyword.CucumberBuiltinKeywords$_runFeatureFile_closure1.doCall(CucumberBuiltinKeywords.groovy)
	at com.kms.katalon.core.keyword.internal.KeywordMain.runKeyword(KeywordMain.groovy:68)
	at com.kms.katalon.core.keyword.internal.KeywordMain$runKeyword.call(Unknown Source)
	at com.kms.katalon.core.cucumber.keyword.CucumberBuiltinKeywords.runFeatureFile(CucumberBuiltinKeywords.groovy:46)
	at com.kms.katalon.core.cucumber.keyword.CucumberBuiltinKeywords$runFeatureFile$0.callStatic(Unknown Source)
	at com.kms.katalon.core.cucumber.keyword.CucumberBuiltinKeywords.runFeatureFile(CucumberBuiltinKeywords.groovy:169)
	at com.kms.katalon.core.cucumber.keyword.CucumberBuiltinKeywords$runFeatureFile.call(Unknown Source)
	at SLIK Gateway Non Customer View Detal when Status APPROVED-SUCCESS.run(SLIK Gateway Non Customer View Detal when Status APPROVED-SUCCESS:18)
	at com.kms.katalon.core.main.ScriptEngine.run(ScriptEngine.java:194)
	at com.kms.katalon.core.main.ScriptEngine.runScriptAsRawText(ScriptEngine.java:119)
	at com.kms.katalon.core.main.TestCaseExecutor.runScript(TestCaseExecutor.java:339)
	at com.kms.katalon.core.main.TestCaseExecutor.doExecute(TestCaseExecutor.java:330)
	at com.kms.katalon.core.main.TestCaseExecutor.processExecutionPhase(TestCaseExecutor.java:309)
	at com.kms.katalon.core.main.TestCaseExecutor.accessMainPhase(TestCaseExecutor.java:301)
	at com.kms.katalon.core.main.TestCaseExecutor.execute(TestCaseExecutor.java:235)
	at com.kms.katalon.core.main.TestSuiteExecutor.accessTestCaseMainPhase(TestSuiteExecutor.java:191)
	at com.kms.katalon.core.main.TestSuiteExecutor.accessTestSuiteMainPhase(TestSuiteExecutor.java:141)
	at com.kms.katalon.core.main.TestSuiteExecutor.execute(TestSuiteExecutor.java:90)
	at com.kms.katalon.core.main.TestCaseMain.startTestSuite(TestCaseMain.java:157)
	at com.kms.katalon.core.main.TestCaseMain$startTestSuite$0.call(Unknown Source)
	at TempTestSuite1603877916063.run(TempTestSuite1603877916063.groovy:39)
)]]></system-out>
         <system-err><![CDATA[2020-10-28 16:45:22 - [TEST_CASE][FAILED] - Test Cases/IST_Real/SLIK/SLIK_Gateway_Non_Customer/SLIK Gateway Non Customer View Detal when Status APPROVED-SUCCESS: Test Cases/IST_Real/SLIK/SLIK_Gateway_Non_Customer/SLIK Gateway Non Customer View Detal when Status APPROVED-SUCCESS FAILED.
Reason:
com.kms.katalon.core.exception.StepFailedException: Feature file 'Include/features/IST_Real/SLIK/SLIK Gateway Non Customer/SLIK_Gateway_Non_Customer_View_Detail_when_Status_APPROVED-SUCCESS.feature' was failed
	at com.kms.katalon.core.keyword.internal.KeywordMain.stepFailed(KeywordMain.groovy:50)
	at com.kms.katalon.core.keyword.internal.KeywordMain.stepFailed(KeywordMain.groovy)
	at com.kms.katalon.core.keyword.internal.KeywordMain.stepFailed(KeywordMain.groovy:23)
	at com.kms.katalon.core.keyword.internal.KeywordMain$stepFailed$0.call(Unknown Source)
	at com.kms.katalon.core.cucumber.keyword.CucumberBuiltinKeywords$_runFeatureFile_closure1.doCall(CucumberBuiltinKeywords.groovy:82)
	at com.kms.katalon.core.cucumber.keyword.CucumberBuiltinKeywords$_runFeatureFile_closure1.doCall(CucumberBuiltinKeywords.groovy)
	at com.kms.katalon.core.keyword.internal.KeywordMain.runKeyword(KeywordMain.groovy:68)
	at com.kms.katalon.core.keyword.internal.KeywordMain$runKeyword.call(Unknown Source)
	at com.kms.katalon.core.cucumber.keyword.CucumberBuiltinKeywords.runFeatureFile(CucumberBuiltinKeywords.groovy:46)
	at com.kms.katalon.core.cucumber.keyword.CucumberBuiltinKeywords$runFeatureFile$0.callStatic(Unknown Source)
	at com.kms.katalon.core.cucumber.keyword.CucumberBuiltinKeywords.runFeatureFile(CucumberBuiltinKeywords.groovy:169)
	at com.kms.katalon.core.cucumber.keyword.CucumberBuiltinKeywords$runFeatureFile.call(Unknown Source)
	at SLIK Gateway Non Customer View Detal when Status APPROVED-SUCCESS.run(SLIK Gateway Non Customer View Detal when Status APPROVED-SUCCESS:18)
	at com.kms.katalon.core.main.ScriptEngine.run(ScriptEngine.java:194)
	at com.kms.katalon.core.main.ScriptEngine.runScriptAsRawText(ScriptEngine.java:119)
	at com.kms.katalon.core.main.TestCaseExecutor.runScript(TestCaseExecutor.java:339)
	at com.kms.katalon.core.main.TestCaseExecutor.doExecute(TestCaseExecutor.java:330)
	at com.kms.katalon.core.main.TestCaseExecutor.processExecutionPhase(TestCaseExecutor.java:309)
	at com.kms.katalon.core.main.TestCaseExecutor.accessMainPhase(TestCaseExecutor.java:301)
	at com.kms.katalon.core.main.TestCaseExecutor.execute(TestCaseExecutor.java:235)
	at com.kms.katalon.core.main.TestSuiteExecutor.accessTestCaseMainPhase(TestSuiteExecutor.java:191)
	at com.kms.katalon.core.main.TestSuiteExecutor.accessTestSuiteMainPhase(TestSuiteExecutor.java:141)
	at com.kms.katalon.core.main.TestSuiteExecutor.execute(TestSuiteExecutor.java:90)
	at com.kms.katalon.core.main.TestCaseMain.startTestSuite(TestCaseMain.java:157)
	at com.kms.katalon.core.main.TestCaseMain$startTestSuite$0.call(Unknown Source)
	at TempTestSuite1603877916063.run(TempTestSuite1603877916063.groovy:39)]]></system-err>
      </testcase>
      <system-out><![CDATA[2020-10-28 16:38:43 - [TEST_SUITE][FAILED] - TS_SLIK_Gateway_Non_Customer: Test Cases/IST_Real/SLIK/SLIK_Gateway_Non_Customer/SLIK Gateway Non Customer View Detal when Status APPROVED-SUCCESS FAILED.
Reason:
com.kms.katalon.core.exception.StepFailedException: Feature file 'Include/features/IST_Real/SLIK/SLIK Gateway Non Customer/SLIK_Gateway_Non_Customer_View_Detail_when_Status_APPROVED-SUCCESS.feature' was failed
	at com.kms.katalon.core.keyword.internal.KeywordMain.stepFailed(KeywordMain.groovy:50)
	at com.kms.katalon.core.keyword.internal.KeywordMain.stepFailed(KeywordMain.groovy)
	at com.kms.katalon.core.keyword.internal.KeywordMain.stepFailed(KeywordMain.groovy:23)
	at com.kms.katalon.core.keyword.internal.KeywordMain$stepFailed$0.call(Unknown Source)
	at com.kms.katalon.core.cucumber.keyword.CucumberBuiltinKeywords$_runFeatureFile_closure1.doCall(CucumberBuiltinKeywords.groovy:82)
	at com.kms.katalon.core.cucumber.keyword.CucumberBuiltinKeywords$_runFeatureFile_closure1.doCall(CucumberBuiltinKeywords.groovy)
	at com.kms.katalon.core.keyword.internal.KeywordMain.runKeyword(KeywordMain.groovy:68)
	at com.kms.katalon.core.keyword.internal.KeywordMain$runKeyword.call(Unknown Source)
	at com.kms.katalon.core.cucumber.keyword.CucumberBuiltinKeywords.runFeatureFile(CucumberBuiltinKeywords.groovy:46)
	at com.kms.katalon.core.cucumber.keyword.CucumberBuiltinKeywords$runFeatureFile$0.callStatic(Unknown Source)
	at com.kms.katalon.core.cucumber.keyword.CucumberBuiltinKeywords.runFeatureFile(CucumberBuiltinKeywords.groovy:169)
	at com.kms.katalon.core.cucumber.keyword.CucumberBuiltinKeywords$runFeatureFile.call(Unknown Source)
	at SLIK Gateway Non Customer View Detal when Status APPROVED-SUCCESS.run(SLIK Gateway Non Customer View Detal when Status APPROVED-SUCCESS:18)
	at com.kms.katalon.core.main.ScriptEngine.run(ScriptEngine.java:194)
	at com.kms.katalon.core.main.ScriptEngine.runScriptAsRawText(ScriptEngine.java:119)
	at com.kms.katalon.core.main.TestCaseExecutor.runScript(TestCaseExecutor.java:339)
	at com.kms.katalon.core.main.TestCaseExecutor.doExecute(TestCaseExecutor.java:330)
	at com.kms.katalon.core.main.TestCaseExecutor.processExecutionPhase(TestCaseExecutor.java:309)
	at com.kms.katalon.core.main.TestCaseExecutor.accessMainPhase(TestCaseExecutor.java:301)
	at com.kms.katalon.core.main.TestCaseExecutor.execute(TestCaseExecutor.java:235)
	at com.kms.katalon.core.main.TestSuiteExecutor.accessTestCaseMainPhase(TestSuiteExecutor.java:191)
	at com.kms.katalon.core.main.TestSuiteExecutor.accessTestSuiteMainPhase(TestSuiteExecutor.java:141)
	at com.kms.katalon.core.main.TestSuiteExecutor.execute(TestSuiteExecutor.java:90)
	at com.kms.katalon.core.main.TestCaseMain.startTestSuite(TestCaseMain.java:157)
	at com.kms.katalon.core.main.TestCaseMain$startTestSuite$0.call(Unknown Source)
	at TempTestSuite1603877916063.run(TempTestSuite1603877916063.groovy:39)]]></system-out>
      <system-err><![CDATA[2020-10-28 16:38:43 - [TEST_SUITE][FAILED] - TS_SLIK_Gateway_Non_Customer: Test Cases/IST_Real/SLIK/SLIK_Gateway_Non_Customer/SLIK Gateway Non Customer View Detal when Status APPROVED-SUCCESS FAILED.
Reason:
com.kms.katalon.core.exception.StepFailedException: Feature file 'Include/features/IST_Real/SLIK/SLIK Gateway Non Customer/SLIK_Gateway_Non_Customer_View_Detail_when_Status_APPROVED-SUCCESS.feature' was failed
	at com.kms.katalon.core.keyword.internal.KeywordMain.stepFailed(KeywordMain.groovy:50)
	at com.kms.katalon.core.keyword.internal.KeywordMain.stepFailed(KeywordMain.groovy)
	at com.kms.katalon.core.keyword.internal.KeywordMain.stepFailed(KeywordMain.groovy:23)
	at com.kms.katalon.core.keyword.internal.KeywordMain$stepFailed$0.call(Unknown Source)
	at com.kms.katalon.core.cucumber.keyword.CucumberBuiltinKeywords$_runFeatureFile_closure1.doCall(CucumberBuiltinKeywords.groovy:82)
	at com.kms.katalon.core.cucumber.keyword.CucumberBuiltinKeywords$_runFeatureFile_closure1.doCall(CucumberBuiltinKeywords.groovy)
	at com.kms.katalon.core.keyword.internal.KeywordMain.runKeyword(KeywordMain.groovy:68)
	at com.kms.katalon.core.keyword.internal.KeywordMain$runKeyword.call(Unknown Source)
	at com.kms.katalon.core.cucumber.keyword.CucumberBuiltinKeywords.runFeatureFile(CucumberBuiltinKeywords.groovy:46)
	at com.kms.katalon.core.cucumber.keyword.CucumberBuiltinKeywords$runFeatureFile$0.callStatic(Unknown Source)
	at com.kms.katalon.core.cucumber.keyword.CucumberBuiltinKeywords.runFeatureFile(CucumberBuiltinKeywords.groovy:169)
	at com.kms.katalon.core.cucumber.keyword.CucumberBuiltinKeywords$runFeatureFile.call(Unknown Source)
	at SLIK Gateway Non Customer View Detal when Status APPROVED-SUCCESS.run(SLIK Gateway Non Customer View Detal when Status APPROVED-SUCCESS:18)
	at com.kms.katalon.core.main.ScriptEngine.run(ScriptEngine.java:194)
	at com.kms.katalon.core.main.ScriptEngine.runScriptAsRawText(ScriptEngine.java:119)
	at com.kms.katalon.core.main.TestCaseExecutor.runScript(TestCaseExecutor.java:339)
	at com.kms.katalon.core.main.TestCaseExecutor.doExecute(TestCaseExecutor.java:330)
	at com.kms.katalon.core.main.TestCaseExecutor.processExecutionPhase(TestCaseExecutor.java:309)
	at com.kms.katalon.core.main.TestCaseExecutor.accessMainPhase(TestCaseExecutor.java:301)
	at com.kms.katalon.core.main.TestCaseExecutor.execute(TestCaseExecutor.java:235)
	at com.kms.katalon.core.main.TestSuiteExecutor.accessTestCaseMainPhase(TestSuiteExecutor.java:191)
	at com.kms.katalon.core.main.TestSuiteExecutor.accessTestSuiteMainPhase(TestSuiteExecutor.java:141)
	at com.kms.katalon.core.main.TestSuiteExecutor.execute(TestSuiteExecutor.java:90)
	at com.kms.katalon.core.main.TestCaseMain.startTestSuite(TestCaseMain.java:157)
	at com.kms.katalon.core.main.TestCaseMain$startTestSuite$0.call(Unknown Source)
	at TempTestSuite1603877916063.run(TempTestSuite1603877916063.groovy:39)]]></system-err>
   </testsuite>
</testsuites>
