<?xml version="1.0" encoding="UTF-8"?>
<testsuites name="TS_Partner_Disbursement" time="519.595" tests="5" failures="1" errors="0">
   <testsuite name="TS_Partner_Disbursement" tests="5" failures="1" errors="0" time="519.595" timestamp="2021-01-21 16:06:06" hostname="chaidir.pratama01 - 192.168.1.2" id="Test Suites/RTD/TS_Partner_Disbursement">
      <properties>
[...]
</properties>
      <testcase name="Test Cases/RTD/Partner Disbursement/TC_Search_by_STATUS" time="476.173" classname="Test Cases/RTD/Partner Disbursement/TC_Search_by_STATUS" status="PASSED">
         <system-out><![CDATA[2021-01-21 16:06:06 - [TEST_CASE][PASSED] - Test Cases/RTD/Partner Disbursement/TC_Search_by_STATUS: Test Cases/RTD/Partner Disbursement/TC_Search_by_STATUS

2021-01-21 16:06:06 - [TEST_STEP][PASSED] - runFeatureFile("Include/features/IST_Real/RTD/Partner_Disbursement/Search_by_STATUS.feature"): Feature file: 'Include/features/IST_Real/RTD/Partner_Disbursement/Search_by_STATUS.feature' was passed

2021-01-21 16:06:06 - [MESSAGE][INFO] - Starting run keyword runFeatureFile: 'Include/features/IST_Real/RTD/Partner_Disbursement/Search_by_STATUS.feature' and extract report to folder: '/Users/chaidir.pratama01/Katalon Studio/IST_Automation_Git/Reports/20210121_153655/RTD/TS_Partner_Disbursement/20210121_153701/cucumber_report/1611219966924'...

2021-01-21 16:06:07 - [TEST_CASE][PASSED] - Start Test Case : SCENARIO Search by STATUS Eligible to Disburse: SCENARIO Search by STATUS Eligible to Disburse

2021-01-21 16:06:07 - [TEST_STEP][PASSED] - Go to ISTools: Go to ISTools

2021-01-21 16:06:07 - [MESSAGE][INFO] - Starting 'Chrome (headless)' driver

2021-01-21 16:06:07 - [MESSAGE][INFO] - User set preference: ['args', '[--start-maximized, --disable-gpu, --no-proxy-server, –-no-sandbox, --allow-running-insecure-content, --ignore-certificate-errors, window-size=1680,814, force-device-scale-factor=2, --lang=en-GB]']

2021-01-21 16:06:07 - [MESSAGE][INFO] - User set preference: ['prefs', '{download.default_directory=/Users/chaidir.pratama01/Katalon Studio/IST_Automation_Git/Download}']

2021-01-21 16:06:07 - [MESSAGE][INFO] - Action delay is set to 0 milliseconds

2021-01-21 16:06:08 - [MESSAGE][PASSED] - Browser is opened with url: ''

2021-01-21 16:06:10 - [MESSAGE][PASSED] - Navigate to 'https://dev-istools.homecredit.id/foundation/' successfully

2021-01-21 16:06:10 - [MESSAGE][PASSED] - Go to ISTools

2021-01-21 16:06:10 - [TEST_STEP][PASSED] - Login IST with valid credentials: Login IST with valid credentials

2021-01-21 16:06:10 - [MESSAGE][PASSED] - Text 'mobile.test' is set on object 'Object Repository/Page_/input_Username_j_username'

2021-01-21 16:06:10 - [MESSAGE][PASSED] - Text ****** has been set on object 'Object Repository/Page_/input_Password_j_password'

2021-01-21 16:06:11 - [MESSAGE][PASSED] - Object: 'Object Repository/Page_/button_Login' is clicked on

2021-01-21 16:06:11 - [MESSAGE][PASSED] - Login IST with valid credentials

2021-01-21 16:06:11 - [TEST_STEP][PASSED] - Login Success: Login Success

2021-01-21 16:06:11 - [MESSAGE][INFO] - Login Success

2021-01-21 16:06:11 - [MESSAGE][PASSED] - Current window maximized

2021-01-21 16:06:11 - [MESSAGE][PASSED] - Object 'Object Repository/Page_/h1_Welcome to IT Supporting Tools' is present

2021-01-21 16:06:11 - [MESSAGE][PASSED] - Login Success

2021-01-21 16:06:11 - [TEST_STEP][PASSED] - Select Arrow Menu "Real Time Disbursement": Select Arrow Menu "Real Time Disbursement"

2021-01-21 16:06:11 - [MESSAGE][PASSED] - Object: '' is clicked on

2021-01-21 16:06:11 - [MESSAGE][PASSED] - Select Arrow Menu "Real Time Disbursement"

2021-01-21 16:06:11 - [TEST_STEP][PASSED] - Select Menu "Partner Disbursement": Select Menu "Partner Disbursement"

2021-01-21 16:06:12 - [MESSAGE][PASSED] - Taking screenshot successfully
[[ATTACHMENT|/Users/chaidir.pratama01/Documents/Docs/Katalon Studio/Screenshot/test-Partner Disbursement.png]]

2021-01-21 16:06:12 - [MESSAGE][PASSED] - Object '' is present

2021-01-21 16:06:12 - [MESSAGE][PASSED] - Object: '' is clicked on

2021-01-21 16:06:12 - [MESSAGE][PASSED] - Wait for page load successfully

2021-01-21 16:06:12 - [MESSAGE][PASSED] - Select Menu "Partner Disbursement"

2021-01-21 16:06:12 - [TEST_STEP][PASSED] - Select STATUS "Eligible to disburse": Select STATUS "Eligible to disburse"

2021-01-21 16:06:12 - [MESSAGE][PASSED] - All options with value 'Eligible to disburse' are selected in object ''  using regular expression

2021-01-21 16:06:12 - [MESSAGE][PASSED] - Select STATUS "Eligible to disburse"

2021-01-21 16:06:12 - [TEST_STEP][PASSED] - Click button "Search": Click button "Search"

2021-01-21 16:06:12 - [MESSAGE][INFO] - >>>>>//Button[contains(text(),'Search')]

2021-01-21 16:06:15 - [MESSAGE][PASSED] - Object '' is present

2021-01-21 16:06:15 - [MESSAGE][PASSED] - Object: '' is clicked on

2021-01-21 16:06:15 - [MESSAGE][PASSED] - Switched to window with index: '0'

2021-01-21 16:06:15 - [MESSAGE][PASSED] - Click button "Search"

2021-01-21 16:06:15 - [TEST_STEP][PASSED] - Verify Search Result Presents: Verify Search Result Presents

2021-01-21 16:06:15 - [MESSAGE][PASSED] - Object '' is present

2021-01-21 16:06:17 - [MESSAGE][PASSED] - Verify Search Result Presents

2021-01-21 16:06:17 - [TEST_STEP][PASSED] - Click button "Logout": Click button "Logout"

2021-01-21 16:06:17 - [MESSAGE][INFO] - >>>>>//Button[contains(text(),'Logout')]

2021-01-21 16:06:20 - [MESSAGE][PASSED] - Object '' is present

2021-01-21 16:06:20 - [MESSAGE][PASSED] - Object: '' is clicked on

2021-01-21 16:06:20 - [MESSAGE][PASSED] - Switched to window with index: '0'

2021-01-21 16:06:20 - [MESSAGE][PASSED] - Click button "Logout"

2021-01-21 16:06:20 - [TEST_STEP][PASSED] - Close browser: Close browser

2021-01-21 16:06:20 - [MESSAGE][PASSED] - Browser is closed

2021-01-21 16:06:20 - [MESSAGE][PASSED] - Close browser

2021-01-21 16:06:20 - [TEST_CASE][PASSED] - Start Test Case : SCENARIO Search by STATUS Waiting validation from Risk: SCENARIO Search by STATUS Waiting validation from Risk

2021-01-21 16:06:20 - [TEST_STEP][PASSED] - Go to ISTools: Go to ISTools

2021-01-21 16:06:20 - [MESSAGE][INFO] - Starting 'Chrome (headless)' driver

2021-01-21 16:06:20 - [MESSAGE][INFO] - User set preference: ['args', '[--start-maximized, --disable-gpu, --no-proxy-server, –-no-sandbox, --allow-running-insecure-content, --ignore-certificate-errors, window-size=1680,814, force-device-scale-factor=2, --lang=en-GB]']

2021-01-21 16:06:20 - [MESSAGE][INFO] - User set preference: ['prefs', '{download.default_directory=/Users/chaidir.pratama01/Katalon Studio/IST_Automation_Git/Download}']

2021-01-21 16:06:20 - [MESSAGE][INFO] - Action delay is set to 0 milliseconds

2021-01-21 16:06:20 - [MESSAGE][PASSED] - Browser is opened with url: ''

2021-01-21 16:06:21 - [MESSAGE][PASSED] - Navigate to 'https://dev-istools.homecredit.id/foundation/' successfully

2021-01-21 16:06:21 - [MESSAGE][PASSED] - Go to ISTools

2021-01-21 16:06:21 - [TEST_STEP][PASSED] - Login IST with valid credentials: Login IST with valid credentials

2021-01-21 16:06:21 - [MESSAGE][PASSED] - Text 'mobile.test' is set on object 'Object Repository/Page_/input_Username_j_username'

2021-01-21 16:06:21 - [MESSAGE][PASSED] - Text ****** has been set on object 'Object Repository/Page_/input_Password_j_password'

2021-01-21 16:06:22 - [MESSAGE][PASSED] - Object: 'Object Repository/Page_/button_Login' is clicked on

2021-01-21 16:06:22 - [MESSAGE][PASSED] - Login IST with valid credentials

2021-01-21 16:06:22 - [TEST_STEP][PASSED] - Login Success: Login Success

2021-01-21 16:06:22 - [MESSAGE][INFO] - Login Success

2021-01-21 16:06:22 - [MESSAGE][PASSED] - Current window maximized

2021-01-21 16:06:22 - [MESSAGE][PASSED] - Object 'Object Repository/Page_/h1_Welcome to IT Supporting Tools' is present

2021-01-21 16:06:22 - [MESSAGE][PASSED] - Login Success

2021-01-21 16:06:22 - [TEST_STEP][PASSED] - Select Arrow Menu "Real Time Disbursement": Select Arrow Menu "Real Time Disbursement"

2021-01-21 16:06:22 - [MESSAGE][PASSED] - Object: '' is clicked on

2021-01-21 16:06:22 - [MESSAGE][PASSED] - Select Arrow Menu "Real Time Disbursement"

2021-01-21 16:06:22 - [TEST_STEP][PASSED] - Select Menu "Partner Disbursement": Select Menu "Partner Disbursement"

2021-01-21 16:06:23 - [MESSAGE][PASSED] - Taking screenshot successfully
[[ATTACHMENT|/Users/chaidir.pratama01/Documents/Docs/Katalon Studio/Screenshot/test-Partner Disbursement.png]]

2021-01-21 16:06:23 - [MESSAGE][PASSED] - Object '' is present

2021-01-21 16:06:23 - [MESSAGE][PASSED] - Object: '' is clicked on

2021-01-21 16:06:23 - [MESSAGE][PASSED] - Wait for page load successfully

2021-01-21 16:06:23 - [MESSAGE][PASSED] - Select Menu "Partner Disbursement"

2021-01-21 16:06:23 - [TEST_STEP][PASSED] - Select STATUS "Waiting validation from Risk": Select STATUS "Waiting validation from Risk"

2021-01-21 16:06:23 - [MESSAGE][PASSED] - All options with value 'Waiting validation from Risk' are selected in object ''  using regular expression

2021-01-21 16:06:23 - [MESSAGE][PASSED] - Select STATUS "Waiting validation from Risk"

2021-01-21 16:06:23 - [TEST_STEP][PASSED] - Click button "Search": Click button "Search"

2021-01-21 16:06:23 - [MESSAGE][INFO] - >>>>>//Button[contains(text(),'Search')]

2021-01-21 16:06:26 - [MESSAGE][PASSED] - Object '' is present

2021-01-21 16:06:26 - [MESSAGE][PASSED] - Object: '' is clicked on

2021-01-21 16:06:26 - [MESSAGE][PASSED] - Switched to window with index: '0'

2021-01-21 16:06:26 - [MESSAGE][PASSED] - Click button "Search"

2021-01-21 16:06:26 - [TEST_STEP][PASSED] - Verify Search Result Presents: Verify Search Result Presents

2021-01-21 16:06:57 - [MESSAGE][INFO] - Unable to find the element located by 'By.xpath: //td[@style='display:none' and contains(text(),'-Empty-')]'. Please recheck the objects properties to make sure the desired element is located. 

2021-01-21 16:06:58 - [MESSAGE][WARNING] - com.kms.katalon.core.webui.exception.WebElementNotFoundException: Web element with id: '' located by '//td[@style='display:none' and contains(text(),'-Empty-')]' not found (Root cause: com.kms.katalon.core.exception.StepFailedException: com.kms.katalon.core.webui.exception.WebElementNotFoundException: Web element with id: '' located by '//td[@style='display:none' and contains(text(),'-Empty-')]' not found
	at com.kms.katalon.core.webui.keyword.internal.WebUIKeywordMain.stepFailed(WebUIKeywordMain.groovy:64)
	at com.kms.katalon.core.webui.keyword.builtin.VerifyElementPresentKeyword$_verifyElementPresent_closure1.doCall(VerifyElementPresentKeyword.groovy:85)
	at com.kms.katalon.core.webui.keyword.builtin.VerifyElementPresentKeyword$_verifyElementPresent_closure1.call(VerifyElementPresentKeyword.groovy)
	at com.kms.katalon.core.webui.keyword.internal.WebUIKeywordMain.runKeyword(WebUIKeywordMain.groovy:20)
	at com.kms.katalon.core.webui.keyword.builtin.VerifyElementPresentKeyword.verifyElementPresent(VerifyElementPresentKeyword.groovy:92)
	at com.kms.katalon.core.webui.keyword.builtin.VerifyElementPresentKeyword.execute(VerifyElementPresentKeyword.groovy:68)
	at com.kms.katalon.core.keyword.internal.KeywordExecutor.executeKeywordForPlatform(KeywordExecutor.groovy:73)
	at com.kms.katalon.core.webui.keyword.WebUiBuiltInKeywords.verifyElementPresent(WebUiBuiltInKeywords.groovy:1444)
	at com.kms.katalon.core.webui.keyword.WebUiBuiltInKeywords$verifyElementPresent$11.call(Unknown Source)
	at ist_real.Contract_Dispatcher.VerifyTblFilled(Contract_Dispatcher.groovy:1313)
	at ist_real.Contract_Dispatcher$VerifyTblFilled$0.call(Unknown Source)
	at RTD.Search_Result_Presents(RTD.groovy:187)
	at cucumber.runtime.Utils$1.call(Utils.java:26)
	at cucumber.runtime.Timeout.timeout(Timeout.java:16)
	at cucumber.runtime.Utils.invoke(Utils.java:20)
	at cucumber.runtime.java.JavaStepDefinition.execute(JavaStepDefinition.java:48)
	at cucumber.runtime.PickleStepDefinitionMatch.runStep(PickleStepDefinitionMatch.java:50)
	at cucumber.runner.TestStep.executeStep(TestStep.java:55)
	at cucumber.runner.TestStep.run(TestStep.java:42)
	at cucumber.runner.PickleStepTestStep.run(PickleStepTestStep.java:53)
	at cucumber.runner.TestCase.run(TestCase.java:47)
	at cucumber.runner.Runner.runPickle(Runner.java:44)
	at cucumber.runtime.Runtime.runFeature(Runtime.java:120)
	at cucumber.runtime.Runtime.run(Runtime.java:106)
	at cucumber.api.cli.Main.run(Main.java:35)
	at cucumber.api.cli.Main$run.call(Unknown Source)
	at com.kms.katalon.core.cucumber.keyword.CucumberBuiltinKeywords$_runFeatureFile_closure1.doCall(CucumberBuiltinKeywords.groovy:76)
	at com.kms.katalon.core.cucumber.keyword.CucumberBuiltinKeywords$_runFeatureFile_closure1.doCall(CucumberBuiltinKeywords.groovy)
	at com.kms.katalon.core.keyword.internal.KeywordMain.runKeyword(KeywordMain.groovy:68)
	at com.kms.katalon.core.keyword.internal.KeywordMain$runKeyword.call(Unknown Source)
	at com.kms.katalon.core.cucumber.keyword.CucumberBuiltinKeywords.runFeatureFile(CucumberBuiltinKeywords.groovy:46)
	at com.kms.katalon.core.cucumber.keyword.CucumberBuiltinKeywords$runFeatureFile$0.callStatic(Unknown Source)
	at com.kms.katalon.core.cucumber.keyword.CucumberBuiltinKeywords.runFeatureFile(CucumberBuiltinKeywords.groovy:169)
	at com.kms.katalon.core.cucumber.keyword.CucumberBuiltinKeywords$runFeatureFile.call(Unknown Source)
	at TC_Search_by_STATUS.run(TC_Search_by_STATUS:18)
	at com.kms.katalon.core.main.ScriptEngine.run(ScriptEngine.java:194)
	at com.kms.katalon.core.main.ScriptEngine.runScriptAsRawText(ScriptEngine.java:119)
	at com.kms.katalon.core.main.TestCaseExecutor.runScript(TestCaseExecutor.java:339)
	at com.kms.katalon.core.main.TestCaseExecutor.doExecute(TestCaseExecutor.java:330)
	at com.kms.katalon.core.main.TestCaseExecutor.processExecutionPhase(TestCaseExecutor.java:309)
	at com.kms.katalon.core.main.TestCaseExecutor.accessMainPhase(TestCaseExecutor.java:301)
	at com.kms.katalon.core.main.TestCaseExecutor.execute(TestCaseExecutor.java:235)
	at com.kms.katalon.core.main.TestSuiteExecutor.accessTestCaseMainPhase(TestSuiteExecutor.java:191)
	at com.kms.katalon.core.main.TestSuiteExecutor.accessTestSuiteMainPhase(TestSuiteExecutor.java:141)
	at com.kms.katalon.core.main.TestSuiteExecutor.execute(TestSuiteExecutor.java:90)
	at com.kms.katalon.core.main.TestCaseMain.startTestSuite(TestCaseMain.java:157)
	at com.kms.katalon.core.main.TestCaseMain$startTestSuite$0.call(Unknown Source)
	at TempTestSuite1611218221584.run(TempTestSuite1611218221584.groovy:39)
)
[[ATTACHMENT|/Users/chaidir.pratama01/Katalon Studio/IST_Automation_Git/Reports/20210121_153655/RTD/TS_Partner_Disbursement/20210121_153701/1611220017615.png]]

2021-01-21 16:06:58 - [MESSAGE][PASSED] - Verify Search Result Presents

2021-01-21 16:06:58 - [TEST_STEP][PASSED] - Click button "Logout": Click button "Logout"

2021-01-21 16:06:58 - [MESSAGE][INFO] - >>>>>//Button[contains(text(),'Logout')]

2021-01-21 16:07:01 - [MESSAGE][PASSED] - Object '' is present

2021-01-21 16:07:01 - [MESSAGE][PASSED] - Object: '' is clicked on

2021-01-21 16:07:01 - [MESSAGE][PASSED] - Switched to window with index: '0'

2021-01-21 16:07:01 - [MESSAGE][PASSED] - Click button "Logout"

2021-01-21 16:07:01 - [TEST_STEP][PASSED] - Close browser: Close browser

2021-01-21 16:07:01 - [MESSAGE][PASSED] - Browser is closed

2021-01-21 16:07:01 - [MESSAGE][PASSED] - Close browser

2021-01-21 16:07:01 - [TEST_CASE][PASSED] - Start Test Case : SCENARIO Search by STATUS Waiting validation from In Payment: SCENARIO Search by STATUS Waiting validation from In Payment

2021-01-21 16:07:01 - [TEST_STEP][PASSED] - Go to ISTools: Go to ISTools

2021-01-21 16:07:01 - [MESSAGE][INFO] - Starting 'Chrome (headless)' driver

2021-01-21 16:07:01 - [MESSAGE][INFO] - User set preference: ['args', '[--start-maximized, --disable-gpu, --no-proxy-server, –-no-sandbox, --allow-running-insecure-content, --ignore-certificate-errors, window-size=1680,814, force-device-scale-factor=2, --lang=en-GB]']

2021-01-21 16:07:01 - [MESSAGE][INFO] - User set preference: ['prefs', '{download.default_directory=/Users/chaidir.pratama01/Katalon Studio/IST_Automation_Git/Download}']

2021-01-21 16:07:01 - [MESSAGE][INFO] - Action delay is set to 0 milliseconds

2021-01-21 16:07:01 - [MESSAGE][PASSED] - Browser is opened with url: ''

2021-01-21 16:07:03 - [MESSAGE][PASSED] - Navigate to 'https://dev-istools.homecredit.id/foundation/' successfully

2021-01-21 16:07:03 - [MESSAGE][PASSED] - Go to ISTools

2021-01-21 16:07:03 - [TEST_STEP][PASSED] - Login IST with valid credentials: Login IST with valid credentials

2021-01-21 16:07:03 - [MESSAGE][PASSED] - Text 'mobile.test' is set on object 'Object Repository/Page_/input_Username_j_username'

2021-01-21 16:07:03 - [MESSAGE][PASSED] - Text ****** has been set on object 'Object Repository/Page_/input_Password_j_password'

2021-01-21 16:07:04 - [MESSAGE][PASSED] - Object: 'Object Repository/Page_/button_Login' is clicked on

2021-01-21 16:07:04 - [MESSAGE][PASSED] - Login IST with valid credentials

2021-01-21 16:07:04 - [TEST_STEP][PASSED] - Login Success: Login Success

2021-01-21 16:07:04 - [MESSAGE][INFO] - Login Success

2021-01-21 16:07:04 - [MESSAGE][PASSED] - Current window maximized

2021-01-21 16:07:04 - [MESSAGE][PASSED] - Object 'Object Repository/Page_/h1_Welcome to IT Supporting Tools' is present

2021-01-21 16:07:04 - [MESSAGE][PASSED] - Login Success

2021-01-21 16:07:04 - [TEST_STEP][PASSED] - Select Arrow Menu "Real Time Disbursement": Select Arrow Menu "Real Time Disbursement"

2021-01-21 16:07:04 - [MESSAGE][PASSED] - Object: '' is clicked on

2021-01-21 16:07:04 - [MESSAGE][PASSED] - Select Arrow Menu "Real Time Disbursement"

2021-01-21 16:07:04 - [TEST_STEP][PASSED] - Select Menu "Partner Disbursement": Select Menu "Partner Disbursement"

2021-01-21 16:07:05 - [MESSAGE][PASSED] - Taking screenshot successfully
[[ATTACHMENT|/Users/chaidir.pratama01/Documents/Docs/Katalon Studio/Screenshot/test-Partner Disbursement.png]]

2021-01-21 16:07:05 - [MESSAGE][PASSED] - Object '' is present

2021-01-21 16:07:05 - [MESSAGE][PASSED] - Object: '' is clicked on

2021-01-21 16:07:05 - [MESSAGE][PASSED] - Wait for page load successfully

2021-01-21 16:07:05 - [MESSAGE][PASSED] - Select Menu "Partner Disbursement"

2021-01-21 16:07:05 - [TEST_STEP][PASSED] - Select STATUS "Waiting validation from In Payment": Select STATUS "Waiting validation from In Payment"

2021-01-21 16:07:05 - [MESSAGE][PASSED] - All options with value 'Waiting validation from In Payment' are selected in object ''  using regular expression

2021-01-21 16:07:05 - [MESSAGE][PASSED] - Select STATUS "Waiting validation from In Payment"

2021-01-21 16:07:05 - [TEST_STEP][PASSED] - Click button "Search": Click button "Search"

2021-01-21 16:07:05 - [MESSAGE][INFO] - >>>>>//Button[contains(text(),'Search')]

2021-01-21 16:07:08 - [MESSAGE][PASSED] - Object '' is present

2021-01-21 16:07:08 - [MESSAGE][PASSED] - Object: '' is clicked on

2021-01-21 16:07:08 - [MESSAGE][PASSED] - Switched to window with index: '0'

2021-01-21 16:07:08 - [MESSAGE][PASSED] - Click button "Search"

2021-01-21 16:07:08 - [TEST_STEP][PASSED] - Verify Search Result Presents: Verify Search Result Presents

2021-01-21 16:07:39 - [MESSAGE][INFO] - Unable to find the element located by 'By.xpath: //td[@style='display:none' and contains(text(),'-Empty-')]'. Please recheck the objects properties to make sure the desired element is located. 

2021-01-21 16:07:40 - [MESSAGE][WARNING] - com.kms.katalon.core.webui.exception.WebElementNotFoundException: Web element with id: '' located by '//td[@style='display:none' and contains(text(),'-Empty-')]' not found (Root cause: com.kms.katalon.core.exception.StepFailedException: com.kms.katalon.core.webui.exception.WebElementNotFoundException: Web element with id: '' located by '//td[@style='display:none' and contains(text(),'-Empty-')]' not found
	at com.kms.katalon.core.webui.keyword.internal.WebUIKeywordMain.stepFailed(WebUIKeywordMain.groovy:64)
	at com.kms.katalon.core.webui.keyword.builtin.VerifyElementPresentKeyword$_verifyElementPresent_closure1.doCall(VerifyElementPresentKeyword.groovy:85)
	at com.kms.katalon.core.webui.keyword.builtin.VerifyElementPresentKeyword$_verifyElementPresent_closure1.call(VerifyElementPresentKeyword.groovy)
	at com.kms.katalon.core.webui.keyword.internal.WebUIKeywordMain.runKeyword(WebUIKeywordMain.groovy:20)
	at com.kms.katalon.core.webui.keyword.builtin.VerifyElementPresentKeyword.verifyElementPresent(VerifyElementPresentKeyword.groovy:92)
	at com.kms.katalon.core.webui.keyword.builtin.VerifyElementPresentKeyword.execute(VerifyElementPresentKeyword.groovy:68)
	at com.kms.katalon.core.keyword.internal.KeywordExecutor.executeKeywordForPlatform(KeywordExecutor.groovy:73)
	at com.kms.katalon.core.webui.keyword.WebUiBuiltInKeywords.verifyElementPresent(WebUiBuiltInKeywords.groovy:1444)
	at com.kms.katalon.core.webui.keyword.WebUiBuiltInKeywords$verifyElementPresent$11.call(Unknown Source)
	at ist_real.Contract_Dispatcher.VerifyTblFilled(Contract_Dispatcher.groovy:1313)
	at ist_real.Contract_Dispatcher$VerifyTblFilled$0.call(Unknown Source)
	at RTD.Search_Result_Presents(RTD.groovy:187)
	at cucumber.runtime.Utils$1.call(Utils.java:26)
	at cucumber.runtime.Timeout.timeout(Timeout.java:16)
	at cucumber.runtime.Utils.invoke(Utils.java:20)
	at cucumber.runtime.java.JavaStepDefinition.execute(JavaStepDefinition.java:48)
	at cucumber.runtime.PickleStepDefinitionMatch.runStep(PickleStepDefinitionMatch.java:50)
	at cucumber.runner.TestStep.executeStep(TestStep.java:55)
	at cucumber.runner.TestStep.run(TestStep.java:42)
	at cucumber.runner.PickleStepTestStep.run(PickleStepTestStep.java:53)
	at cucumber.runner.TestCase.run(TestCase.java:47)
	at cucumber.runner.Runner.runPickle(Runner.java:44)
	at cucumber.runtime.Runtime.runFeature(Runtime.java:120)
	at cucumber.runtime.Runtime.run(Runtime.java:106)
	at cucumber.api.cli.Main.run(Main.java:35)
	at cucumber.api.cli.Main$run.call(Unknown Source)
	at com.kms.katalon.core.cucumber.keyword.CucumberBuiltinKeywords$_runFeatureFile_closure1.doCall(CucumberBuiltinKeywords.groovy:76)
	at com.kms.katalon.core.cucumber.keyword.CucumberBuiltinKeywords$_runFeatureFile_closure1.doCall(CucumberBuiltinKeywords.groovy)
	at com.kms.katalon.core.keyword.internal.KeywordMain.runKeyword(KeywordMain.groovy:68)
	at com.kms.katalon.core.keyword.internal.KeywordMain$runKeyword.call(Unknown Source)
	at com.kms.katalon.core.cucumber.keyword.CucumberBuiltinKeywords.runFeatureFile(CucumberBuiltinKeywords.groovy:46)
	at com.kms.katalon.core.cucumber.keyword.CucumberBuiltinKeywords$runFeatureFile$0.callStatic(Unknown Source)
	at com.kms.katalon.core.cucumber.keyword.CucumberBuiltinKeywords.runFeatureFile(CucumberBuiltinKeywords.groovy:169)
	at com.kms.katalon.core.cucumber.keyword.CucumberBuiltinKeywords$runFeatureFile.call(Unknown Source)
	at TC_Search_by_STATUS.run(TC_Search_by_STATUS:18)
	at com.kms.katalon.core.main.ScriptEngine.run(ScriptEngine.java:194)
	at com.kms.katalon.core.main.ScriptEngine.runScriptAsRawText(ScriptEngine.java:119)
	at com.kms.katalon.core.main.TestCaseExecutor.runScript(TestCaseExecutor.java:339)
	at com.kms.katalon.core.main.TestCaseExecutor.doExecute(TestCaseExecutor.java:330)
	at com.kms.katalon.core.main.TestCaseExecutor.processExecutionPhase(TestCaseExecutor.java:309)
	at com.kms.katalon.core.main.TestCaseExecutor.accessMainPhase(TestCaseExecutor.java:301)
	at com.kms.katalon.core.main.TestCaseExecutor.execute(TestCaseExecutor.java:235)
	at com.kms.katalon.core.main.TestSuiteExecutor.accessTestCaseMainPhase(TestSuiteExecutor.java:191)
	at com.kms.katalon.core.main.TestSuiteExecutor.accessTestSuiteMainPhase(TestSuiteExecutor.java:141)
	at com.kms.katalon.core.main.TestSuiteExecutor.execute(TestSuiteExecutor.java:90)
	at com.kms.katalon.core.main.TestCaseMain.startTestSuite(TestCaseMain.java:157)
	at com.kms.katalon.core.main.TestCaseMain$startTestSuite$0.call(Unknown Source)
	at TempTestSuite1611218221584.run(TempTestSuite1611218221584.groovy:39)
)
[[ATTACHMENT|/Users/chaidir.pratama01/Katalon Studio/IST_Automation_Git/Reports/20210121_153655/RTD/TS_Partner_Disbursement/20210121_153701/1611220059873.png]]

2021-01-21 16:07:40 - [MESSAGE][PASSED] - Verify Search Result Presents

2021-01-21 16:07:40 - [TEST_STEP][PASSED] - Click button "Logout": Click button "Logout"

2021-01-21 16:07:40 - [MESSAGE][INFO] - >>>>>//Button[contains(text(),'Logout')]

2021-01-21 16:07:43 - [MESSAGE][PASSED] - Object '' is present

2021-01-21 16:07:43 - [MESSAGE][PASSED] - Object: '' is clicked on

2021-01-21 16:07:43 - [MESSAGE][PASSED] - Switched to window with index: '0'

2021-01-21 16:07:43 - [MESSAGE][PASSED] - Click button "Logout"

2021-01-21 16:07:43 - [TEST_STEP][PASSED] - Close browser: Close browser

2021-01-21 16:07:43 - [MESSAGE][PASSED] - Browser is closed

2021-01-21 16:07:43 - [MESSAGE][PASSED] - Close browser

2021-01-21 16:07:43 - [TEST_CASE][PASSED] - Start Test Case : SCENARIO Search by STATUS Not Eligible to Disburse: SCENARIO Search by STATUS Not Eligible to Disburse

2021-01-21 16:07:43 - [TEST_STEP][PASSED] - Go to ISTools: Go to ISTools

2021-01-21 16:07:43 - [MESSAGE][INFO] - Starting 'Chrome (headless)' driver

2021-01-21 16:07:43 - [MESSAGE][INFO] - User set preference: ['args', '[--start-maximized, --disable-gpu, --no-proxy-server, –-no-sandbox, --allow-running-insecure-content, --ignore-certificate-errors, window-size=1680,814, force-device-scale-factor=2, --lang=en-GB]']

2021-01-21 16:07:43 - [MESSAGE][INFO] - User set preference: ['prefs', '{download.default_directory=/Users/chaidir.pratama01/Katalon Studio/IST_Automation_Git/Download}']

2021-01-21 16:07:43 - [MESSAGE][INFO] - Action delay is set to 0 milliseconds

2021-01-21 16:07:44 - [MESSAGE][PASSED] - Browser is opened with url: ''

2021-01-21 16:07:45 - [MESSAGE][PASSED] - Navigate to 'https://dev-istools.homecredit.id/foundation/' successfully

2021-01-21 16:07:45 - [MESSAGE][PASSED] - Go to ISTools

2021-01-21 16:07:45 - [TEST_STEP][PASSED] - Login IST with valid credentials: Login IST with valid credentials

2021-01-21 16:07:45 - [MESSAGE][PASSED] - Text 'mobile.test' is set on object 'Object Repository/Page_/input_Username_j_username'

2021-01-21 16:07:45 - [MESSAGE][PASSED] - Text ****** has been set on object 'Object Repository/Page_/input_Password_j_password'

2021-01-21 16:07:45 - [MESSAGE][PASSED] - Object: 'Object Repository/Page_/button_Login' is clicked on

2021-01-21 16:07:45 - [MESSAGE][PASSED] - Login IST with valid credentials

2021-01-21 16:07:45 - [TEST_STEP][PASSED] - Login Success: Login Success

2021-01-21 16:07:45 - [MESSAGE][INFO] - Login Success

2021-01-21 16:07:45 - [MESSAGE][PASSED] - Current window maximized

2021-01-21 16:07:45 - [MESSAGE][PASSED] - Object 'Object Repository/Page_/h1_Welcome to IT Supporting Tools' is present

2021-01-21 16:07:45 - [MESSAGE][PASSED] - Login Success

2021-01-21 16:07:45 - [TEST_STEP][PASSED] - Select Arrow Menu "Real Time Disbursement": Select Arrow Menu "Real Time Disbursement"

2021-01-21 16:07:46 - [MESSAGE][PASSED] - Object: '' is clicked on

2021-01-21 16:07:46 - [MESSAGE][PASSED] - Select Arrow Menu "Real Time Disbursement"

2021-01-21 16:07:46 - [TEST_STEP][PASSED] - Select Menu "Partner Disbursement": Select Menu "Partner Disbursement"

2021-01-21 16:07:46 - [MESSAGE][PASSED] - Taking screenshot successfully
[[ATTACHMENT|/Users/chaidir.pratama01/Documents/Docs/Katalon Studio/Screenshot/test-Partner Disbursement.png]]

2021-01-21 16:07:46 - [MESSAGE][PASSED] - Object '' is present

2021-01-21 16:07:46 - [MESSAGE][PASSED] - Object: '' is clicked on

2021-01-21 16:07:46 - [MESSAGE][PASSED] - Wait for page load successfully

2021-01-21 16:07:46 - [MESSAGE][PASSED] - Select Menu "Partner Disbursement"

2021-01-21 16:07:46 - [TEST_STEP][PASSED] - Select STATUS "Not eligible to disburse": Select STATUS "Not eligible to disburse"

2021-01-21 16:07:47 - [MESSAGE][PASSED] - All options with value 'Not eligible to disburse' are selected in object ''  using regular expression

2021-01-21 16:07:47 - [MESSAGE][PASSED] - Select STATUS "Not eligible to disburse"

2021-01-21 16:07:47 - [TEST_STEP][PASSED] - Click button "Search": Click button "Search"

2021-01-21 16:07:47 - [MESSAGE][INFO] - >>>>>//Button[contains(text(),'Search')]

2021-01-21 16:07:50 - [MESSAGE][PASSED] - Object '' is present

2021-01-21 16:07:50 - [MESSAGE][PASSED] - Object: '' is clicked on

2021-01-21 16:07:50 - [MESSAGE][PASSED] - Switched to window with index: '0'

2021-01-21 16:07:50 - [MESSAGE][PASSED] - Click button "Search"

2021-01-21 16:07:50 - [TEST_STEP][PASSED] - Verify Search Result Presents: Verify Search Result Presents

2021-01-21 16:08:21 - [MESSAGE][INFO] - Unable to find the element located by 'By.xpath: //td[@style='display:none' and contains(text(),'-Empty-')]'. Please recheck the objects properties to make sure the desired element is located. 

2021-01-21 16:08:21 - [MESSAGE][WARNING] - com.kms.katalon.core.webui.exception.WebElementNotFoundException: Web element with id: '' located by '//td[@style='display:none' and contains(text(),'-Empty-')]' not found (Root cause: com.kms.katalon.core.exception.StepFailedException: com.kms.katalon.core.webui.exception.WebElementNotFoundException: Web element with id: '' located by '//td[@style='display:none' and contains(text(),'-Empty-')]' not found
	at com.kms.katalon.core.webui.keyword.internal.WebUIKeywordMain.stepFailed(WebUIKeywordMain.groovy:64)
	at com.kms.katalon.core.webui.keyword.builtin.VerifyElementPresentKeyword$_verifyElementPresent_closure1.doCall(VerifyElementPresentKeyword.groovy:85)
	at com.kms.katalon.core.webui.keyword.builtin.VerifyElementPresentKeyword$_verifyElementPresent_closure1.call(VerifyElementPresentKeyword.groovy)
	at com.kms.katalon.core.webui.keyword.internal.WebUIKeywordMain.runKeyword(WebUIKeywordMain.groovy:20)
	at com.kms.katalon.core.webui.keyword.builtin.VerifyElementPresentKeyword.verifyElementPresent(VerifyElementPresentKeyword.groovy:92)
	at com.kms.katalon.core.webui.keyword.builtin.VerifyElementPresentKeyword.execute(VerifyElementPresentKeyword.groovy:68)
	at com.kms.katalon.core.keyword.internal.KeywordExecutor.executeKeywordForPlatform(KeywordExecutor.groovy:73)
	at com.kms.katalon.core.webui.keyword.WebUiBuiltInKeywords.verifyElementPresent(WebUiBuiltInKeywords.groovy:1444)
	at com.kms.katalon.core.webui.keyword.WebUiBuiltInKeywords$verifyElementPresent$11.call(Unknown Source)
	at ist_real.Contract_Dispatcher.VerifyTblFilled(Contract_Dispatcher.groovy:1313)
	at ist_real.Contract_Dispatcher$VerifyTblFilled$0.call(Unknown Source)
	at RTD.Search_Result_Presents(RTD.groovy:187)
	at cucumber.runtime.Utils$1.call(Utils.java:26)
	at cucumber.runtime.Timeout.timeout(Timeout.java:16)
	at cucumber.runtime.Utils.invoke(Utils.java:20)
	at cucumber.runtime.java.JavaStepDefinition.execute(JavaStepDefinition.java:48)
	at cucumber.runtime.PickleStepDefinitionMatch.runStep(PickleStepDefinitionMatch.java:50)
	at cucumber.runner.TestStep.executeStep(TestStep.java:55)
	at cucumber.runner.TestStep.run(TestStep.java:42)
	at cucumber.runner.PickleStepTestStep.run(PickleStepTestStep.java:53)
	at cucumber.runner.TestCase.run(TestCase.java:47)
	at cucumber.runner.Runner.runPickle(Runner.java:44)
	at cucumber.runtime.Runtime.runFeature(Runtime.java:120)
	at cucumber.runtime.Runtime.run(Runtime.java:106)
	at cucumber.api.cli.Main.run(Main.java:35)
	at cucumber.api.cli.Main$run.call(Unknown Source)
	at com.kms.katalon.core.cucumber.keyword.CucumberBuiltinKeywords$_runFeatureFile_closure1.doCall(CucumberBuiltinKeywords.groovy:76)
	at com.kms.katalon.core.cucumber.keyword.CucumberBuiltinKeywords$_runFeatureFile_closure1.doCall(CucumberBuiltinKeywords.groovy)
	at com.kms.katalon.core.keyword.internal.KeywordMain.runKeyword(KeywordMain.groovy:68)
	at com.kms.katalon.core.keyword.internal.KeywordMain$runKeyword.call(Unknown Source)
	at com.kms.katalon.core.cucumber.keyword.CucumberBuiltinKeywords.runFeatureFile(CucumberBuiltinKeywords.groovy:46)
	at com.kms.katalon.core.cucumber.keyword.CucumberBuiltinKeywords$runFeatureFile$0.callStatic(Unknown Source)
	at com.kms.katalon.core.cucumber.keyword.CucumberBuiltinKeywords.runFeatureFile(CucumberBuiltinKeywords.groovy:169)
	at com.kms.katalon.core.cucumber.keyword.CucumberBuiltinKeywords$runFeatureFile.call(Unknown Source)
	at TC_Search_by_STATUS.run(TC_Search_by_STATUS:18)
	at com.kms.katalon.core.main.ScriptEngine.run(ScriptEngine.java:194)
	at com.kms.katalon.core.main.ScriptEngine.runScriptAsRawText(ScriptEngine.java:119)
	at com.kms.katalon.core.main.TestCaseExecutor.runScript(TestCaseExecutor.java:339)
	at com.kms.katalon.core.main.TestCaseExecutor.doExecute(TestCaseExecutor.java:330)
	at com.kms.katalon.core.main.TestCaseExecutor.processExecutionPhase(TestCaseExecutor.java:309)
	at com.kms.katalon.core.main.TestCaseExecutor.accessMainPhase(TestCaseExecutor.java:301)
	at com.kms.katalon.core.main.TestCaseExecutor.execute(TestCaseExecutor.java:235)
	at com.kms.katalon.core.main.TestSuiteExecutor.accessTestCaseMainPhase(TestSuiteExecutor.java:191)
	at com.kms.katalon.core.main.TestSuiteExecutor.accessTestSuiteMainPhase(TestSuiteExecutor.java:141)
	at com.kms.katalon.core.main.TestSuiteExecutor.execute(TestSuiteExecutor.java:90)
	at com.kms.katalon.core.main.TestCaseMain.startTestSuite(TestCaseMain.java:157)
	at com.kms.katalon.core.main.TestCaseMain$startTestSuite$0.call(Unknown Source)
	at TempTestSuite1611218221584.run(TempTestSuite1611218221584.groovy:39)
)
[[ATTACHMENT|/Users/chaidir.pratama01/Katalon Studio/IST_Automation_Git/Reports/20210121_153655/RTD/TS_Partner_Disbursement/20210121_153701/1611220101184.png]]

2021-01-21 16:08:21 - [MESSAGE][PASSED] - Verify Search Result Presents

2021-01-21 16:08:21 - [TEST_STEP][PASSED] - Click button "Logout": Click button "Logout"

2021-01-21 16:08:21 - [MESSAGE][INFO] - >>>>>//Button[contains(text(),'Logout')]

2021-01-21 16:08:24 - [MESSAGE][PASSED] - Object '' is present

2021-01-21 16:08:24 - [MESSAGE][PASSED] - Object: '' is clicked on

2021-01-21 16:08:24 - [MESSAGE][PASSED] - Switched to window with index: '0'

2021-01-21 16:08:24 - [MESSAGE][PASSED] - Click button "Logout"

2021-01-21 16:08:24 - [TEST_STEP][PASSED] - Close browser: Close browser

2021-01-21 16:08:24 - [MESSAGE][PASSED] - Browser is closed

2021-01-21 16:08:24 - [MESSAGE][PASSED] - Close browser

2021-01-21 16:08:24 - [TEST_CASE][PASSED] - Start Test Case : SCENARIO Search by STATUS Ready to disburse: SCENARIO Search by STATUS Ready to disburse

2021-01-21 16:08:24 - [TEST_STEP][PASSED] - Go to ISTools: Go to ISTools

2021-01-21 16:08:24 - [MESSAGE][INFO] - Starting 'Chrome (headless)' driver

2021-01-21 16:08:24 - [MESSAGE][INFO] - User set preference: ['args', '[--start-maximized, --disable-gpu, --no-proxy-server, –-no-sandbox, --allow-running-insecure-content, --ignore-certificate-errors, window-size=1680,814, force-device-scale-factor=2, --lang=en-GB]']

2021-01-21 16:08:24 - [MESSAGE][INFO] - User set preference: ['prefs', '{download.default_directory=/Users/chaidir.pratama01/Katalon Studio/IST_Automation_Git/Download}']

2021-01-21 16:08:24 - [MESSAGE][INFO] - Action delay is set to 0 milliseconds

2021-01-21 16:08:25 - [MESSAGE][PASSED] - Browser is opened with url: ''

2021-01-21 16:08:26 - [MESSAGE][PASSED] - Navigate to 'https://dev-istools.homecredit.id/foundation/' successfully

2021-01-21 16:08:26 - [MESSAGE][PASSED] - Go to ISTools

2021-01-21 16:08:26 - [TEST_STEP][PASSED] - Login IST with valid credentials: Login IST with valid credentials

2021-01-21 16:08:26 - [MESSAGE][PASSED] - Text 'mobile.test' is set on object 'Object Repository/Page_/input_Username_j_username'

2021-01-21 16:08:26 - [MESSAGE][PASSED] - Text ****** has been set on object 'Object Repository/Page_/input_Password_j_password'

2021-01-21 16:08:26 - [MESSAGE][PASSED] - Object: 'Object Repository/Page_/button_Login' is clicked on

2021-01-21 16:08:26 - [MESSAGE][PASSED] - Login IST with valid credentials

2021-01-21 16:08:26 - [TEST_STEP][PASSED] - Login Success: Login Success

2021-01-21 16:08:26 - [MESSAGE][INFO] - Login Success

2021-01-21 16:08:26 - [MESSAGE][PASSED] - Current window maximized

2021-01-21 16:08:26 - [MESSAGE][PASSED] - Object 'Object Repository/Page_/h1_Welcome to IT Supporting Tools' is present

2021-01-21 16:08:26 - [MESSAGE][PASSED] - Login Success

2021-01-21 16:08:26 - [TEST_STEP][PASSED] - Select Arrow Menu "Real Time Disbursement": Select Arrow Menu "Real Time Disbursement"

2021-01-21 16:08:26 - [MESSAGE][PASSED] - Object: '' is clicked on

2021-01-21 16:08:26 - [MESSAGE][PASSED] - Select Arrow Menu "Real Time Disbursement"

2021-01-21 16:08:26 - [TEST_STEP][PASSED] - Select Menu "Partner Disbursement": Select Menu "Partner Disbursement"

2021-01-21 16:08:27 - [MESSAGE][PASSED] - Taking screenshot successfully
[[ATTACHMENT|/Users/chaidir.pratama01/Documents/Docs/Katalon Studio/Screenshot/test-Partner Disbursement.png]]

2021-01-21 16:08:27 - [MESSAGE][PASSED] - Object '' is present

2021-01-21 16:08:27 - [MESSAGE][PASSED] - Object: '' is clicked on

2021-01-21 16:08:27 - [MESSAGE][PASSED] - Wait for page load successfully

2021-01-21 16:08:27 - [MESSAGE][PASSED] - Select Menu "Partner Disbursement"

2021-01-21 16:08:27 - [TEST_STEP][PASSED] - Select STATUS "Ready to disburse": Select STATUS "Ready to disburse"

2021-01-21 16:08:27 - [MESSAGE][PASSED] - All options with value 'Ready to disburse' are selected in object ''  using regular expression

2021-01-21 16:08:27 - [MESSAGE][PASSED] - Select STATUS "Ready to disburse"

2021-01-21 16:08:27 - [TEST_STEP][PASSED] - Click button "Search": Click button "Search"

2021-01-21 16:08:27 - [MESSAGE][INFO] - >>>>>//Button[contains(text(),'Search')]

2021-01-21 16:08:30 - [MESSAGE][PASSED] - Object '' is present

2021-01-21 16:08:30 - [MESSAGE][PASSED] - Object: '' is clicked on

2021-01-21 16:08:30 - [MESSAGE][PASSED] - Switched to window with index: '0'

2021-01-21 16:08:30 - [MESSAGE][PASSED] - Click button "Search"

2021-01-21 16:08:30 - [TEST_STEP][PASSED] - Verify Search Result Presents: Verify Search Result Presents

2021-01-21 16:08:31 - [MESSAGE][PASSED] - Object '' is present

2021-01-21 16:08:35 - [MESSAGE][PASSED] - Verify Search Result Presents

2021-01-21 16:08:35 - [TEST_STEP][PASSED] - Click button "Logout": Click button "Logout"

2021-01-21 16:08:35 - [MESSAGE][INFO] - >>>>>//Button[contains(text(),'Logout')]

2021-01-21 16:08:38 - [MESSAGE][PASSED] - Object '' is present

2021-01-21 16:08:38 - [MESSAGE][PASSED] - Object: '' is clicked on

2021-01-21 16:08:38 - [MESSAGE][PASSED] - Switched to window with index: '0'

2021-01-21 16:08:38 - [MESSAGE][PASSED] - Click button "Logout"

2021-01-21 16:08:38 - [TEST_STEP][PASSED] - Close browser: Close browser

2021-01-21 16:08:38 - [MESSAGE][PASSED] - Browser is closed

2021-01-21 16:08:38 - [MESSAGE][PASSED] - Close browser

2021-01-21 16:08:38 - [TEST_CASE][PASSED] - Start Test Case : SCENARIO Search by STATUS Failed due to invalid bank account: SCENARIO Search by STATUS Failed due to invalid bank account

2021-01-21 16:08:38 - [TEST_STEP][PASSED] - Go to ISTools: Go to ISTools

2021-01-21 16:08:38 - [MESSAGE][INFO] - Starting 'Chrome (headless)' driver

2021-01-21 16:08:38 - [MESSAGE][INFO] - User set preference: ['args', '[--start-maximized, --disable-gpu, --no-proxy-server, –-no-sandbox, --allow-running-insecure-content, --ignore-certificate-errors, window-size=1680,814, force-device-scale-factor=2, --lang=en-GB]']

2021-01-21 16:08:38 - [MESSAGE][INFO] - User set preference: ['prefs', '{download.default_directory=/Users/chaidir.pratama01/Katalon Studio/IST_Automation_Git/Download}']

2021-01-21 16:08:38 - [MESSAGE][INFO] - Action delay is set to 0 milliseconds

2021-01-21 16:08:39 - [MESSAGE][PASSED] - Browser is opened with url: ''

2021-01-21 16:08:40 - [MESSAGE][PASSED] - Navigate to 'https://dev-istools.homecredit.id/foundation/' successfully

2021-01-21 16:08:40 - [MESSAGE][PASSED] - Go to ISTools

2021-01-21 16:08:40 - [TEST_STEP][PASSED] - Login IST with valid credentials: Login IST with valid credentials

2021-01-21 16:08:40 - [MESSAGE][PASSED] - Text 'mobile.test' is set on object 'Object Repository/Page_/input_Username_j_username'

2021-01-21 16:08:40 - [MESSAGE][PASSED] - Text ****** has been set on object 'Object Repository/Page_/input_Password_j_password'

2021-01-21 16:08:40 - [MESSAGE][PASSED] - Object: 'Object Repository/Page_/button_Login' is clicked on

2021-01-21 16:08:40 - [MESSAGE][PASSED] - Login IST with valid credentials

2021-01-21 16:08:40 - [TEST_STEP][PASSED] - Login Success: Login Success

2021-01-21 16:08:40 - [MESSAGE][INFO] - Login Success

2021-01-21 16:08:40 - [MESSAGE][PASSED] - Current window maximized

2021-01-21 16:08:40 - [MESSAGE][PASSED] - Object 'Object Repository/Page_/h1_Welcome to IT Supporting Tools' is present

2021-01-21 16:08:40 - [MESSAGE][PASSED] - Login Success

2021-01-21 16:08:40 - [TEST_STEP][PASSED] - Select Arrow Menu "Real Time Disbursement": Select Arrow Menu "Real Time Disbursement"

2021-01-21 16:08:41 - [MESSAGE][PASSED] - Object: '' is clicked on

2021-01-21 16:08:41 - [MESSAGE][PASSED] - Select Arrow Menu "Real Time Disbursement"

2021-01-21 16:08:41 - [TEST_STEP][PASSED] - Select Menu "Partner Disbursement": Select Menu "Partner Disbursement"

2021-01-21 16:08:41 - [MESSAGE][PASSED] - Taking screenshot successfully
[[ATTACHMENT|/Users/chaidir.pratama01/Documents/Docs/Katalon Studio/Screenshot/test-Partner Disbursement.png]]

2021-01-21 16:08:41 - [MESSAGE][PASSED] - Object '' is present

2021-01-21 16:08:41 - [MESSAGE][PASSED] - Object: '' is clicked on

2021-01-21 16:08:41 - [MESSAGE][PASSED] - Wait for page load successfully

2021-01-21 16:08:41 - [MESSAGE][PASSED] - Select Menu "Partner Disbursement"

2021-01-21 16:08:41 - [TEST_STEP][PASSED] - Select STATUS "Failed due to invalid bank account": Select STATUS "Failed due to invalid bank account"

2021-01-21 16:08:41 - [MESSAGE][PASSED] - All options with value 'Failed due to invalid bank account' are selected in object ''  using regular expression

2021-01-21 16:08:41 - [MESSAGE][PASSED] - Select STATUS "Failed due to invalid bank account"

2021-01-21 16:08:41 - [TEST_STEP][PASSED] - Click button "Search": Click button "Search"

2021-01-21 16:08:41 - [MESSAGE][INFO] - >>>>>//Button[contains(text(),'Search')]

2021-01-21 16:08:45 - [MESSAGE][PASSED] - Object '' is present

2021-01-21 16:08:45 - [MESSAGE][PASSED] - Object: '' is clicked on

2021-01-21 16:08:45 - [MESSAGE][PASSED] - Switched to window with index: '0'

2021-01-21 16:08:45 - [MESSAGE][PASSED] - Click button "Search"

2021-01-21 16:08:45 - [TEST_STEP][PASSED] - Verify Search Result Presents: Verify Search Result Presents

2021-01-21 16:09:16 - [MESSAGE][INFO] - Unable to find the element located by 'By.xpath: //td[@style='display:none' and contains(text(),'-Empty-')]'. Please recheck the objects properties to make sure the desired element is located. 

2021-01-21 16:09:16 - [MESSAGE][WARNING] - com.kms.katalon.core.webui.exception.WebElementNotFoundException: Web element with id: '' located by '//td[@style='display:none' and contains(text(),'-Empty-')]' not found (Root cause: com.kms.katalon.core.exception.StepFailedException: com.kms.katalon.core.webui.exception.WebElementNotFoundException: Web element with id: '' located by '//td[@style='display:none' and contains(text(),'-Empty-')]' not found
	at com.kms.katalon.core.webui.keyword.internal.WebUIKeywordMain.stepFailed(WebUIKeywordMain.groovy:64)
	at com.kms.katalon.core.webui.keyword.builtin.VerifyElementPresentKeyword$_verifyElementPresent_closure1.doCall(VerifyElementPresentKeyword.groovy:85)
	at com.kms.katalon.core.webui.keyword.builtin.VerifyElementPresentKeyword$_verifyElementPresent_closure1.call(VerifyElementPresentKeyword.groovy)
	at com.kms.katalon.core.webui.keyword.internal.WebUIKeywordMain.runKeyword(WebUIKeywordMain.groovy:20)
	at com.kms.katalon.core.webui.keyword.builtin.VerifyElementPresentKeyword.verifyElementPresent(VerifyElementPresentKeyword.groovy:92)
	at com.kms.katalon.core.webui.keyword.builtin.VerifyElementPresentKeyword.execute(VerifyElementPresentKeyword.groovy:68)
	at com.kms.katalon.core.keyword.internal.KeywordExecutor.executeKeywordForPlatform(KeywordExecutor.groovy:73)
	at com.kms.katalon.core.webui.keyword.WebUiBuiltInKeywords.verifyElementPresent(WebUiBuiltInKeywords.groovy:1444)
	at com.kms.katalon.core.webui.keyword.WebUiBuiltInKeywords$verifyElementPresent$11.call(Unknown Source)
	at ist_real.Contract_Dispatcher.VerifyTblFilled(Contract_Dispatcher.groovy:1313)
	at ist_real.Contract_Dispatcher$VerifyTblFilled$0.call(Unknown Source)
	at RTD.Search_Result_Presents(RTD.groovy:187)
	at cucumber.runtime.Utils$1.call(Utils.java:26)
	at cucumber.runtime.Timeout.timeout(Timeout.java:16)
	at cucumber.runtime.Utils.invoke(Utils.java:20)
	at cucumber.runtime.java.JavaStepDefinition.execute(JavaStepDefinition.java:48)
	at cucumber.runtime.PickleStepDefinitionMatch.runStep(PickleStepDefinitionMatch.java:50)
	at cucumber.runner.TestStep.executeStep(TestStep.java:55)
	at cucumber.runner.TestStep.run(TestStep.java:42)
	at cucumber.runner.PickleStepTestStep.run(PickleStepTestStep.java:53)
	at cucumber.runner.TestCase.run(TestCase.java:47)
	at cucumber.runner.Runner.runPickle(Runner.java:44)
	at cucumber.runtime.Runtime.runFeature(Runtime.java:120)
	at cucumber.runtime.Runtime.run(Runtime.java:106)
	at cucumber.api.cli.Main.run(Main.java:35)
	at cucumber.api.cli.Main$run.call(Unknown Source)
	at com.kms.katalon.core.cucumber.keyword.CucumberBuiltinKeywords$_runFeatureFile_closure1.doCall(CucumberBuiltinKeywords.groovy:76)
	at com.kms.katalon.core.cucumber.keyword.CucumberBuiltinKeywords$_runFeatureFile_closure1.doCall(CucumberBuiltinKeywords.groovy)
	at com.kms.katalon.core.keyword.internal.KeywordMain.runKeyword(KeywordMain.groovy:68)
	at com.kms.katalon.core.keyword.internal.KeywordMain$runKeyword.call(Unknown Source)
	at com.kms.katalon.core.cucumber.keyword.CucumberBuiltinKeywords.runFeatureFile(CucumberBuiltinKeywords.groovy:46)
	at com.kms.katalon.core.cucumber.keyword.CucumberBuiltinKeywords$runFeatureFile$0.callStatic(Unknown Source)
	at com.kms.katalon.core.cucumber.keyword.CucumberBuiltinKeywords.runFeatureFile(CucumberBuiltinKeywords.groovy:169)
	at com.kms.katalon.core.cucumber.keyword.CucumberBuiltinKeywords$runFeatureFile.call(Unknown Source)
	at TC_Search_by_STATUS.run(TC_Search_by_STATUS:18)
	at com.kms.katalon.core.main.ScriptEngine.run(ScriptEngine.java:194)
	at com.kms.katalon.core.main.ScriptEngine.runScriptAsRawText(ScriptEngine.java:119)
	at com.kms.katalon.core.main.TestCaseExecutor.runScript(TestCaseExecutor.java:339)
	at com.kms.katalon.core.main.TestCaseExecutor.doExecute(TestCaseExecutor.java:330)
	at com.kms.katalon.core.main.TestCaseExecutor.processExecutionPhase(TestCaseExecutor.java:309)
	at com.kms.katalon.core.main.TestCaseExecutor.accessMainPhase(TestCaseExecutor.java:301)
	at com.kms.katalon.core.main.TestCaseExecutor.execute(TestCaseExecutor.java:235)
	at com.kms.katalon.core.main.TestSuiteExecutor.accessTestCaseMainPhase(TestSuiteExecutor.java:191)
	at com.kms.katalon.core.main.TestSuiteExecutor.accessTestSuiteMainPhase(TestSuiteExecutor.java:141)
	at com.kms.katalon.core.main.TestSuiteExecutor.execute(TestSuiteExecutor.java:90)
	at com.kms.katalon.core.main.TestCaseMain.startTestSuite(TestCaseMain.java:157)
	at com.kms.katalon.core.main.TestCaseMain$startTestSuite$0.call(Unknown Source)
	at TempTestSuite1611218221584.run(TempTestSuite1611218221584.groovy:39)
)
[[ATTACHMENT|/Users/chaidir.pratama01/Katalon Studio/IST_Automation_Git/Reports/20210121_153655/RTD/TS_Partner_Disbursement/20210121_153701/1611220156094.png]]

2021-01-21 16:09:16 - [MESSAGE][PASSED] - Verify Search Result Presents

2021-01-21 16:09:16 - [TEST_STEP][PASSED] - Click button "Logout": Click button "Logout"

2021-01-21 16:09:16 - [MESSAGE][INFO] - >>>>>//Button[contains(text(),'Logout')]

2021-01-21 16:09:19 - [MESSAGE][PASSED] - Object '' is present

2021-01-21 16:09:19 - [MESSAGE][PASSED] - Object: '' is clicked on

2021-01-21 16:09:19 - [MESSAGE][PASSED] - Switched to window with index: '0'

2021-01-21 16:09:19 - [MESSAGE][PASSED] - Click button "Logout"

2021-01-21 16:09:19 - [TEST_STEP][PASSED] - Close browser: Close browser

2021-01-21 16:09:19 - [MESSAGE][PASSED] - Browser is closed

2021-01-21 16:09:19 - [MESSAGE][PASSED] - Close browser

2021-01-21 16:09:19 - [TEST_CASE][PASSED] - Start Test Case : SCENARIO Search by STATUS Failed due to system error: SCENARIO Search by STATUS Failed due to system error

2021-01-21 16:09:19 - [TEST_STEP][PASSED] - Go to ISTools: Go to ISTools

2021-01-21 16:09:19 - [MESSAGE][INFO] - Starting 'Chrome (headless)' driver

2021-01-21 16:09:19 - [MESSAGE][INFO] - User set preference: ['args', '[--start-maximized, --disable-gpu, --no-proxy-server, –-no-sandbox, --allow-running-insecure-content, --ignore-certificate-errors, window-size=1680,814, force-device-scale-factor=2, --lang=en-GB]']

2021-01-21 16:09:19 - [MESSAGE][INFO] - User set preference: ['prefs', '{download.default_directory=/Users/chaidir.pratama01/Katalon Studio/IST_Automation_Git/Download}']

2021-01-21 16:09:19 - [MESSAGE][INFO] - Action delay is set to 0 milliseconds

2021-01-21 16:09:20 - [MESSAGE][PASSED] - Browser is opened with url: ''

2021-01-21 16:09:21 - [MESSAGE][PASSED] - Navigate to 'https://dev-istools.homecredit.id/foundation/' successfully

2021-01-21 16:09:21 - [MESSAGE][PASSED] - Go to ISTools

2021-01-21 16:09:21 - [TEST_STEP][PASSED] - Login IST with valid credentials: Login IST with valid credentials

2021-01-21 16:09:21 - [MESSAGE][PASSED] - Text 'mobile.test' is set on object 'Object Repository/Page_/input_Username_j_username'

2021-01-21 16:09:21 - [MESSAGE][PASSED] - Text ****** has been set on object 'Object Repository/Page_/input_Password_j_password'

2021-01-21 16:09:21 - [MESSAGE][PASSED] - Object: 'Object Repository/Page_/button_Login' is clicked on

2021-01-21 16:09:21 - [MESSAGE][PASSED] - Login IST with valid credentials

2021-01-21 16:09:21 - [TEST_STEP][PASSED] - Login Success: Login Success

2021-01-21 16:09:21 - [MESSAGE][INFO] - Login Success

2021-01-21 16:09:21 - [MESSAGE][PASSED] - Current window maximized

2021-01-21 16:09:21 - [MESSAGE][PASSED] - Object 'Object Repository/Page_/h1_Welcome to IT Supporting Tools' is present

2021-01-21 16:09:21 - [MESSAGE][PASSED] - Login Success

2021-01-21 16:09:21 - [TEST_STEP][PASSED] - Select Arrow Menu "Real Time Disbursement": Select Arrow Menu "Real Time Disbursement"

2021-01-21 16:09:21 - [MESSAGE][PASSED] - Object: '' is clicked on

2021-01-21 16:09:21 - [MESSAGE][PASSED] - Select Arrow Menu "Real Time Disbursement"

2021-01-21 16:09:21 - [TEST_STEP][PASSED] - Select Menu "Partner Disbursement": Select Menu "Partner Disbursement"

2021-01-21 16:09:22 - [MESSAGE][PASSED] - Taking screenshot successfully
[[ATTACHMENT|/Users/chaidir.pratama01/Documents/Docs/Katalon Studio/Screenshot/test-Partner Disbursement.png]]

2021-01-21 16:09:22 - [MESSAGE][PASSED] - Object '' is present

2021-01-21 16:09:22 - [MESSAGE][PASSED] - Object: '' is clicked on

2021-01-21 16:09:22 - [MESSAGE][PASSED] - Wait for page load successfully

2021-01-21 16:09:22 - [MESSAGE][PASSED] - Select Menu "Partner Disbursement"

2021-01-21 16:09:22 - [TEST_STEP][PASSED] - Select STATUS "Failed due to system error": Select STATUS "Failed due to system error"

2021-01-21 16:09:22 - [MESSAGE][PASSED] - All options with value 'Failed due to system error' are selected in object ''  using regular expression

2021-01-21 16:09:22 - [MESSAGE][PASSED] - Select STATUS "Failed due to system error"

2021-01-21 16:09:22 - [TEST_STEP][PASSED] - Click button "Search": Click button "Search"

2021-01-21 16:09:22 - [MESSAGE][INFO] - >>>>>//Button[contains(text(),'Search')]

2021-01-21 16:09:25 - [MESSAGE][PASSED] - Object '' is present

2021-01-21 16:09:25 - [MESSAGE][PASSED] - Object: '' is clicked on

2021-01-21 16:09:25 - [MESSAGE][PASSED] - Switched to window with index: '0'

2021-01-21 16:09:25 - [MESSAGE][PASSED] - Click button "Search"

2021-01-21 16:09:25 - [TEST_STEP][PASSED] - Verify Search Result Presents: Verify Search Result Presents

2021-01-21 16:09:26 - [MESSAGE][PASSED] - Object '' is present

2021-01-21 16:09:27 - [MESSAGE][PASSED] - Verify Search Result Presents

2021-01-21 16:09:27 - [TEST_STEP][PASSED] - Click button "Logout": Click button "Logout"

2021-01-21 16:09:27 - [MESSAGE][INFO] - >>>>>//Button[contains(text(),'Logout')]

2021-01-21 16:09:30 - [MESSAGE][PASSED] - Object '' is present

2021-01-21 16:09:30 - [MESSAGE][PASSED] - Object: '' is clicked on

2021-01-21 16:09:30 - [MESSAGE][PASSED] - Switched to window with index: '0'

2021-01-21 16:09:30 - [MESSAGE][PASSED] - Click button "Logout"

2021-01-21 16:09:30 - [TEST_STEP][PASSED] - Close browser: Close browser

2021-01-21 16:09:31 - [MESSAGE][PASSED] - Browser is closed

2021-01-21 16:09:31 - [MESSAGE][PASSED] - Close browser

2021-01-21 16:09:31 - [TEST_CASE][PASSED] - Start Test Case : SCENARIO Search by STATUS Failed due to insufficient fund: SCENARIO Search by STATUS Failed due to insufficient fund

2021-01-21 16:09:31 - [TEST_STEP][PASSED] - Go to ISTools: Go to ISTools

2021-01-21 16:09:31 - [MESSAGE][INFO] - Starting 'Chrome (headless)' driver

2021-01-21 16:09:31 - [MESSAGE][INFO] - User set preference: ['args', '[--start-maximized, --disable-gpu, --no-proxy-server, –-no-sandbox, --allow-running-insecure-content, --ignore-certificate-errors, window-size=1680,814, force-device-scale-factor=2, --lang=en-GB]']

2021-01-21 16:09:31 - [MESSAGE][INFO] - User set preference: ['prefs', '{download.default_directory=/Users/chaidir.pratama01/Katalon Studio/IST_Automation_Git/Download}']

2021-01-21 16:09:31 - [MESSAGE][INFO] - Action delay is set to 0 milliseconds

2021-01-21 16:09:31 - [MESSAGE][PASSED] - Browser is opened with url: ''

2021-01-21 16:09:32 - [MESSAGE][PASSED] - Navigate to 'https://dev-istools.homecredit.id/foundation/' successfully

2021-01-21 16:09:32 - [MESSAGE][PASSED] - Go to ISTools

2021-01-21 16:09:32 - [TEST_STEP][PASSED] - Login IST with valid credentials: Login IST with valid credentials

2021-01-21 16:09:32 - [MESSAGE][PASSED] - Text 'mobile.test' is set on object 'Object Repository/Page_/input_Username_j_username'

2021-01-21 16:09:32 - [MESSAGE][PASSED] - Text ****** has been set on object 'Object Repository/Page_/input_Password_j_password'

2021-01-21 16:09:32 - [MESSAGE][PASSED] - Object: 'Object Repository/Page_/button_Login' is clicked on

2021-01-21 16:09:32 - [MESSAGE][PASSED] - Login IST with valid credentials

2021-01-21 16:09:32 - [TEST_STEP][PASSED] - Login Success: Login Success

2021-01-21 16:09:32 - [MESSAGE][INFO] - Login Success

2021-01-21 16:09:32 - [MESSAGE][PASSED] - Current window maximized

2021-01-21 16:09:32 - [MESSAGE][PASSED] - Object 'Object Repository/Page_/h1_Welcome to IT Supporting Tools' is present

2021-01-21 16:09:32 - [MESSAGE][PASSED] - Login Success

2021-01-21 16:09:32 - [TEST_STEP][PASSED] - Select Arrow Menu "Real Time Disbursement": Select Arrow Menu "Real Time Disbursement"

2021-01-21 16:09:32 - [MESSAGE][PASSED] - Object: '' is clicked on

2021-01-21 16:09:32 - [MESSAGE][PASSED] - Select Arrow Menu "Real Time Disbursement"

2021-01-21 16:09:32 - [TEST_STEP][PASSED] - Select Menu "Partner Disbursement": Select Menu "Partner Disbursement"

2021-01-21 16:09:33 - [MESSAGE][PASSED] - Taking screenshot successfully
[[ATTACHMENT|/Users/chaidir.pratama01/Documents/Docs/Katalon Studio/Screenshot/test-Partner Disbursement.png]]

2021-01-21 16:09:33 - [MESSAGE][PASSED] - Object '' is present

2021-01-21 16:09:33 - [MESSAGE][PASSED] - Object: '' is clicked on

2021-01-21 16:09:33 - [MESSAGE][PASSED] - Wait for page load successfully

2021-01-21 16:09:33 - [MESSAGE][PASSED] - Select Menu "Partner Disbursement"

2021-01-21 16:09:33 - [TEST_STEP][PASSED] - Select STATUS "Failed due to insufficient fund": Select STATUS "Failed due to insufficient fund"

2021-01-21 16:09:33 - [MESSAGE][PASSED] - All options with value 'Failed due to insufficient fund' are selected in object ''  using regular expression

2021-01-21 16:09:33 - [MESSAGE][PASSED] - Select STATUS "Failed due to insufficient fund"

2021-01-21 16:09:33 - [TEST_STEP][PASSED] - Click button "Search": Click button "Search"

2021-01-21 16:09:33 - [MESSAGE][INFO] - >>>>>//Button[contains(text(),'Search')]

2021-01-21 16:09:36 - [MESSAGE][PASSED] - Object '' is present

2021-01-21 16:09:36 - [MESSAGE][PASSED] - Object: '' is clicked on

2021-01-21 16:09:36 - [MESSAGE][PASSED] - Switched to window with index: '0'

2021-01-21 16:09:36 - [MESSAGE][PASSED] - Click button "Search"

2021-01-21 16:09:36 - [TEST_STEP][PASSED] - Verify Search Result Presents: Verify Search Result Presents

2021-01-21 16:10:07 - [MESSAGE][INFO] - Unable to find the element located by 'By.xpath: //td[@style='display:none' and contains(text(),'-Empty-')]'. Please recheck the objects properties to make sure the desired element is located. 

2021-01-21 16:10:08 - [MESSAGE][WARNING] - com.kms.katalon.core.webui.exception.WebElementNotFoundException: Web element with id: '' located by '//td[@style='display:none' and contains(text(),'-Empty-')]' not found (Root cause: com.kms.katalon.core.exception.StepFailedException: com.kms.katalon.core.webui.exception.WebElementNotFoundException: Web element with id: '' located by '//td[@style='display:none' and contains(text(),'-Empty-')]' not found
	at com.kms.katalon.core.webui.keyword.internal.WebUIKeywordMain.stepFailed(WebUIKeywordMain.groovy:64)
	at com.kms.katalon.core.webui.keyword.builtin.VerifyElementPresentKeyword$_verifyElementPresent_closure1.doCall(VerifyElementPresentKeyword.groovy:85)
	at com.kms.katalon.core.webui.keyword.builtin.VerifyElementPresentKeyword$_verifyElementPresent_closure1.call(VerifyElementPresentKeyword.groovy)
	at com.kms.katalon.core.webui.keyword.internal.WebUIKeywordMain.runKeyword(WebUIKeywordMain.groovy:20)
	at com.kms.katalon.core.webui.keyword.builtin.VerifyElementPresentKeyword.verifyElementPresent(VerifyElementPresentKeyword.groovy:92)
	at com.kms.katalon.core.webui.keyword.builtin.VerifyElementPresentKeyword.execute(VerifyElementPresentKeyword.groovy:68)
	at com.kms.katalon.core.keyword.internal.KeywordExecutor.executeKeywordForPlatform(KeywordExecutor.groovy:73)
	at com.kms.katalon.core.webui.keyword.WebUiBuiltInKeywords.verifyElementPresent(WebUiBuiltInKeywords.groovy:1444)
	at com.kms.katalon.core.webui.keyword.WebUiBuiltInKeywords$verifyElementPresent$11.call(Unknown Source)
	at ist_real.Contract_Dispatcher.VerifyTblFilled(Contract_Dispatcher.groovy:1313)
	at ist_real.Contract_Dispatcher$VerifyTblFilled$0.call(Unknown Source)
	at RTD.Search_Result_Presents(RTD.groovy:187)
	at cucumber.runtime.Utils$1.call(Utils.java:26)
	at cucumber.runtime.Timeout.timeout(Timeout.java:16)
	at cucumber.runtime.Utils.invoke(Utils.java:20)
	at cucumber.runtime.java.JavaStepDefinition.execute(JavaStepDefinition.java:48)
	at cucumber.runtime.PickleStepDefinitionMatch.runStep(PickleStepDefinitionMatch.java:50)
	at cucumber.runner.TestStep.executeStep(TestStep.java:55)
	at cucumber.runner.TestStep.run(TestStep.java:42)
	at cucumber.runner.PickleStepTestStep.run(PickleStepTestStep.java:53)
	at cucumber.runner.TestCase.run(TestCase.java:47)
	at cucumber.runner.Runner.runPickle(Runner.java:44)
	at cucumber.runtime.Runtime.runFeature(Runtime.java:120)
	at cucumber.runtime.Runtime.run(Runtime.java:106)
	at cucumber.api.cli.Main.run(Main.java:35)
	at cucumber.api.cli.Main$run.call(Unknown Source)
	at com.kms.katalon.core.cucumber.keyword.CucumberBuiltinKeywords$_runFeatureFile_closure1.doCall(CucumberBuiltinKeywords.groovy:76)
	at com.kms.katalon.core.cucumber.keyword.CucumberBuiltinKeywords$_runFeatureFile_closure1.doCall(CucumberBuiltinKeywords.groovy)
	at com.kms.katalon.core.keyword.internal.KeywordMain.runKeyword(KeywordMain.groovy:68)
	at com.kms.katalon.core.keyword.internal.KeywordMain$runKeyword.call(Unknown Source)
	at com.kms.katalon.core.cucumber.keyword.CucumberBuiltinKeywords.runFeatureFile(CucumberBuiltinKeywords.groovy:46)
	at com.kms.katalon.core.cucumber.keyword.CucumberBuiltinKeywords$runFeatureFile$0.callStatic(Unknown Source)
	at com.kms.katalon.core.cucumber.keyword.CucumberBuiltinKeywords.runFeatureFile(CucumberBuiltinKeywords.groovy:169)
	at com.kms.katalon.core.cucumber.keyword.CucumberBuiltinKeywords$runFeatureFile.call(Unknown Source)
	at TC_Search_by_STATUS.run(TC_Search_by_STATUS:18)
	at com.kms.katalon.core.main.ScriptEngine.run(ScriptEngine.java:194)
	at com.kms.katalon.core.main.ScriptEngine.runScriptAsRawText(ScriptEngine.java:119)
	at com.kms.katalon.core.main.TestCaseExecutor.runScript(TestCaseExecutor.java:339)
	at com.kms.katalon.core.main.TestCaseExecutor.doExecute(TestCaseExecutor.java:330)
	at com.kms.katalon.core.main.TestCaseExecutor.processExecutionPhase(TestCaseExecutor.java:309)
	at com.kms.katalon.core.main.TestCaseExecutor.accessMainPhase(TestCaseExecutor.java:301)
	at com.kms.katalon.core.main.TestCaseExecutor.execute(TestCaseExecutor.java:235)
	at com.kms.katalon.core.main.TestSuiteExecutor.accessTestCaseMainPhase(TestSuiteExecutor.java:191)
	at com.kms.katalon.core.main.TestSuiteExecutor.accessTestSuiteMainPhase(TestSuiteExecutor.java:141)
	at com.kms.katalon.core.main.TestSuiteExecutor.execute(TestSuiteExecutor.java:90)
	at com.kms.katalon.core.main.TestCaseMain.startTestSuite(TestCaseMain.java:157)
	at com.kms.katalon.core.main.TestCaseMain$startTestSuite$0.call(Unknown Source)
	at TempTestSuite1611218221584.run(TempTestSuite1611218221584.groovy:39)
)
[[ATTACHMENT|/Users/chaidir.pratama01/Katalon Studio/IST_Automation_Git/Reports/20210121_153655/RTD/TS_Partner_Disbursement/20210121_153701/1611220207962.png]]

2021-01-21 16:10:08 - [MESSAGE][PASSED] - Verify Search Result Presents

2021-01-21 16:10:08 - [TEST_STEP][PASSED] - Click button "Logout": Click button "Logout"

2021-01-21 16:10:08 - [MESSAGE][INFO] - >>>>>//Button[contains(text(),'Logout')]

2021-01-21 16:10:11 - [MESSAGE][PASSED] - Object '' is present

2021-01-21 16:10:11 - [MESSAGE][PASSED] - Object: '' is clicked on

2021-01-21 16:10:11 - [MESSAGE][PASSED] - Switched to window with index: '0'

2021-01-21 16:10:11 - [MESSAGE][PASSED] - Click button "Logout"

2021-01-21 16:10:11 - [TEST_STEP][PASSED] - Close browser: Close browser

2021-01-21 16:10:11 - [MESSAGE][PASSED] - Browser is closed

2021-01-21 16:10:11 - [MESSAGE][PASSED] - Close browser

2021-01-21 16:10:11 - [TEST_CASE][PASSED] - Start Test Case : SCENARIO Search by STATUS Failed due to not supported bank: SCENARIO Search by STATUS Failed due to not supported bank

2021-01-21 16:10:11 - [TEST_STEP][PASSED] - Go to ISTools: Go to ISTools

2021-01-21 16:10:11 - [MESSAGE][INFO] - Starting 'Chrome (headless)' driver

2021-01-21 16:10:11 - [MESSAGE][INFO] - User set preference: ['args', '[--start-maximized, --disable-gpu, --no-proxy-server, –-no-sandbox, --allow-running-insecure-content, --ignore-certificate-errors, window-size=1680,814, force-device-scale-factor=2, --lang=en-GB]']

2021-01-21 16:10:11 - [MESSAGE][INFO] - User set preference: ['prefs', '{download.default_directory=/Users/chaidir.pratama01/Katalon Studio/IST_Automation_Git/Download}']

2021-01-21 16:10:11 - [MESSAGE][INFO] - Action delay is set to 0 milliseconds

2021-01-21 16:10:12 - [MESSAGE][PASSED] - Browser is opened with url: ''

2021-01-21 16:10:13 - [MESSAGE][PASSED] - Navigate to 'https://dev-istools.homecredit.id/foundation/' successfully

2021-01-21 16:10:13 - [MESSAGE][PASSED] - Go to ISTools

2021-01-21 16:10:13 - [TEST_STEP][PASSED] - Login IST with valid credentials: Login IST with valid credentials

2021-01-21 16:10:13 - [MESSAGE][PASSED] - Text 'mobile.test' is set on object 'Object Repository/Page_/input_Username_j_username'

2021-01-21 16:10:13 - [MESSAGE][PASSED] - Text ****** has been set on object 'Object Repository/Page_/input_Password_j_password'

2021-01-21 16:10:13 - [MESSAGE][PASSED] - Object: 'Object Repository/Page_/button_Login' is clicked on

2021-01-21 16:10:13 - [MESSAGE][PASSED] - Login IST with valid credentials

2021-01-21 16:10:13 - [TEST_STEP][PASSED] - Login Success: Login Success

2021-01-21 16:10:13 - [MESSAGE][INFO] - Login Success

2021-01-21 16:10:14 - [MESSAGE][PASSED] - Current window maximized

2021-01-21 16:10:14 - [MESSAGE][PASSED] - Object 'Object Repository/Page_/h1_Welcome to IT Supporting Tools' is present

2021-01-21 16:10:14 - [MESSAGE][PASSED] - Login Success

2021-01-21 16:10:14 - [TEST_STEP][PASSED] - Select Arrow Menu "Real Time Disbursement": Select Arrow Menu "Real Time Disbursement"

2021-01-21 16:10:14 - [MESSAGE][PASSED] - Object: '' is clicked on

2021-01-21 16:10:14 - [MESSAGE][PASSED] - Select Arrow Menu "Real Time Disbursement"

2021-01-21 16:10:14 - [TEST_STEP][PASSED] - Select Menu "Partner Disbursement": Select Menu "Partner Disbursement"

2021-01-21 16:10:14 - [MESSAGE][PASSED] - Taking screenshot successfully
[[ATTACHMENT|/Users/chaidir.pratama01/Documents/Docs/Katalon Studio/Screenshot/test-Partner Disbursement.png]]

2021-01-21 16:10:14 - [MESSAGE][PASSED] - Object '' is present

2021-01-21 16:10:14 - [MESSAGE][PASSED] - Object: '' is clicked on

2021-01-21 16:10:14 - [MESSAGE][PASSED] - Wait for page load successfully

2021-01-21 16:10:14 - [MESSAGE][PASSED] - Select Menu "Partner Disbursement"

2021-01-21 16:10:14 - [TEST_STEP][PASSED] - Select STATUS "Failed due to not supported bank": Select STATUS "Failed due to not supported bank"

2021-01-21 16:10:15 - [MESSAGE][PASSED] - All options with value 'Failed due to not supported bank' are selected in object ''  using regular expression

2021-01-21 16:10:15 - [MESSAGE][PASSED] - Select STATUS "Failed due to not supported bank"

2021-01-21 16:10:15 - [TEST_STEP][PASSED] - Click button "Search": Click button "Search"

2021-01-21 16:10:15 - [MESSAGE][INFO] - >>>>>//Button[contains(text(),'Search')]

2021-01-21 16:10:18 - [MESSAGE][PASSED] - Object '' is present

2021-01-21 16:10:18 - [MESSAGE][PASSED] - Object: '' is clicked on

2021-01-21 16:10:18 - [MESSAGE][PASSED] - Switched to window with index: '0'

2021-01-21 16:10:18 - [MESSAGE][PASSED] - Click button "Search"

2021-01-21 16:10:18 - [TEST_STEP][PASSED] - Verify Search Result Presents: Verify Search Result Presents

2021-01-21 16:10:49 - [MESSAGE][INFO] - Unable to find the element located by 'By.xpath: //td[@style='display:none' and contains(text(),'-Empty-')]'. Please recheck the objects properties to make sure the desired element is located. 

2021-01-21 16:10:49 - [MESSAGE][WARNING] - com.kms.katalon.core.webui.exception.WebElementNotFoundException: Web element with id: '' located by '//td[@style='display:none' and contains(text(),'-Empty-')]' not found (Root cause: com.kms.katalon.core.exception.StepFailedException: com.kms.katalon.core.webui.exception.WebElementNotFoundException: Web element with id: '' located by '//td[@style='display:none' and contains(text(),'-Empty-')]' not found
	at com.kms.katalon.core.webui.keyword.internal.WebUIKeywordMain.stepFailed(WebUIKeywordMain.groovy:64)
	at com.kms.katalon.core.webui.keyword.builtin.VerifyElementPresentKeyword$_verifyElementPresent_closure1.doCall(VerifyElementPresentKeyword.groovy:85)
	at com.kms.katalon.core.webui.keyword.builtin.VerifyElementPresentKeyword$_verifyElementPresent_closure1.call(VerifyElementPresentKeyword.groovy)
	at com.kms.katalon.core.webui.keyword.internal.WebUIKeywordMain.runKeyword(WebUIKeywordMain.groovy:20)
	at com.kms.katalon.core.webui.keyword.builtin.VerifyElementPresentKeyword.verifyElementPresent(VerifyElementPresentKeyword.groovy:92)
	at com.kms.katalon.core.webui.keyword.builtin.VerifyElementPresentKeyword.execute(VerifyElementPresentKeyword.groovy:68)
	at com.kms.katalon.core.keyword.internal.KeywordExecutor.executeKeywordForPlatform(KeywordExecutor.groovy:73)
	at com.kms.katalon.core.webui.keyword.WebUiBuiltInKeywords.verifyElementPresent(WebUiBuiltInKeywords.groovy:1444)
	at com.kms.katalon.core.webui.keyword.WebUiBuiltInKeywords$verifyElementPresent$11.call(Unknown Source)
	at ist_real.Contract_Dispatcher.VerifyTblFilled(Contract_Dispatcher.groovy:1313)
	at ist_real.Contract_Dispatcher$VerifyTblFilled$0.call(Unknown Source)
	at RTD.Search_Result_Presents(RTD.groovy:187)
	at cucumber.runtime.Utils$1.call(Utils.java:26)
	at cucumber.runtime.Timeout.timeout(Timeout.java:16)
	at cucumber.runtime.Utils.invoke(Utils.java:20)
	at cucumber.runtime.java.JavaStepDefinition.execute(JavaStepDefinition.java:48)
	at cucumber.runtime.PickleStepDefinitionMatch.runStep(PickleStepDefinitionMatch.java:50)
	at cucumber.runner.TestStep.executeStep(TestStep.java:55)
	at cucumber.runner.TestStep.run(TestStep.java:42)
	at cucumber.runner.PickleStepTestStep.run(PickleStepTestStep.java:53)
	at cucumber.runner.TestCase.run(TestCase.java:47)
	at cucumber.runner.Runner.runPickle(Runner.java:44)
	at cucumber.runtime.Runtime.runFeature(Runtime.java:120)
	at cucumber.runtime.Runtime.run(Runtime.java:106)
	at cucumber.api.cli.Main.run(Main.java:35)
	at cucumber.api.cli.Main$run.call(Unknown Source)
	at com.kms.katalon.core.cucumber.keyword.CucumberBuiltinKeywords$_runFeatureFile_closure1.doCall(CucumberBuiltinKeywords.groovy:76)
	at com.kms.katalon.core.cucumber.keyword.CucumberBuiltinKeywords$_runFeatureFile_closure1.doCall(CucumberBuiltinKeywords.groovy)
	at com.kms.katalon.core.keyword.internal.KeywordMain.runKeyword(KeywordMain.groovy:68)
	at com.kms.katalon.core.keyword.internal.KeywordMain$runKeyword.call(Unknown Source)
	at com.kms.katalon.core.cucumber.keyword.CucumberBuiltinKeywords.runFeatureFile(CucumberBuiltinKeywords.groovy:46)
	at com.kms.katalon.core.cucumber.keyword.CucumberBuiltinKeywords$runFeatureFile$0.callStatic(Unknown Source)
	at com.kms.katalon.core.cucumber.keyword.CucumberBuiltinKeywords.runFeatureFile(CucumberBuiltinKeywords.groovy:169)
	at com.kms.katalon.core.cucumber.keyword.CucumberBuiltinKeywords$runFeatureFile.call(Unknown Source)
	at TC_Search_by_STATUS.run(TC_Search_by_STATUS:18)
	at com.kms.katalon.core.main.ScriptEngine.run(ScriptEngine.java:194)
	at com.kms.katalon.core.main.ScriptEngine.runScriptAsRawText(ScriptEngine.java:119)
	at com.kms.katalon.core.main.TestCaseExecutor.runScript(TestCaseExecutor.java:339)
	at com.kms.katalon.core.main.TestCaseExecutor.doExecute(TestCaseExecutor.java:330)
	at com.kms.katalon.core.main.TestCaseExecutor.processExecutionPhase(TestCaseExecutor.java:309)
	at com.kms.katalon.core.main.TestCaseExecutor.accessMainPhase(TestCaseExecutor.java:301)
	at com.kms.katalon.core.main.TestCaseExecutor.execute(TestCaseExecutor.java:235)
	at com.kms.katalon.core.main.TestSuiteExecutor.accessTestCaseMainPhase(TestSuiteExecutor.java:191)
	at com.kms.katalon.core.main.TestSuiteExecutor.accessTestSuiteMainPhase(TestSuiteExecutor.java:141)
	at com.kms.katalon.core.main.TestSuiteExecutor.execute(TestSuiteExecutor.java:90)
	at com.kms.katalon.core.main.TestCaseMain.startTestSuite(TestCaseMain.java:157)
	at com.kms.katalon.core.main.TestCaseMain$startTestSuite$0.call(Unknown Source)
	at TempTestSuite1611218221584.run(TempTestSuite1611218221584.groovy:39)
)
[[ATTACHMENT|/Users/chaidir.pratama01/Katalon Studio/IST_Automation_Git/Reports/20210121_153655/RTD/TS_Partner_Disbursement/20210121_153701/1611220249343.png]]

2021-01-21 16:10:49 - [MESSAGE][PASSED] - Verify Search Result Presents

2021-01-21 16:10:49 - [TEST_STEP][PASSED] - Click button "Logout": Click button "Logout"

2021-01-21 16:10:49 - [MESSAGE][INFO] - >>>>>//Button[contains(text(),'Logout')]

2021-01-21 16:10:52 - [MESSAGE][PASSED] - Object '' is present

2021-01-21 16:10:53 - [MESSAGE][PASSED] - Object: '' is clicked on

2021-01-21 16:10:53 - [MESSAGE][PASSED] - Switched to window with index: '0'

2021-01-21 16:10:53 - [MESSAGE][PASSED] - Click button "Logout"

2021-01-21 16:10:53 - [TEST_STEP][PASSED] - Close browser: Close browser

2021-01-21 16:10:53 - [MESSAGE][PASSED] - Browser is closed

2021-01-21 16:10:53 - [MESSAGE][PASSED] - Close browser

2021-01-21 16:10:53 - [TEST_CASE][PASSED] - Start Test Case : SCENARIO Search by STATUS Manual Disbursement: SCENARIO Search by STATUS Manual Disbursement

2021-01-21 16:10:53 - [TEST_STEP][PASSED] - Go to ISTools: Go to ISTools

2021-01-21 16:10:53 - [MESSAGE][INFO] - Starting 'Chrome (headless)' driver

2021-01-21 16:10:53 - [MESSAGE][INFO] - User set preference: ['args', '[--start-maximized, --disable-gpu, --no-proxy-server, –-no-sandbox, --allow-running-insecure-content, --ignore-certificate-errors, window-size=1680,814, force-device-scale-factor=2, --lang=en-GB]']

2021-01-21 16:10:53 - [MESSAGE][INFO] - User set preference: ['prefs', '{download.default_directory=/Users/chaidir.pratama01/Katalon Studio/IST_Automation_Git/Download}']

2021-01-21 16:10:53 - [MESSAGE][INFO] - Action delay is set to 0 milliseconds

2021-01-21 16:10:53 - [MESSAGE][PASSED] - Browser is opened with url: ''

2021-01-21 16:10:54 - [MESSAGE][PASSED] - Navigate to 'https://dev-istools.homecredit.id/foundation/' successfully

2021-01-21 16:10:54 - [MESSAGE][PASSED] - Go to ISTools

2021-01-21 16:10:54 - [TEST_STEP][PASSED] - Login IST with valid credentials: Login IST with valid credentials

2021-01-21 16:10:54 - [MESSAGE][PASSED] - Text 'mobile.test' is set on object 'Object Repository/Page_/input_Username_j_username'

2021-01-21 16:10:54 - [MESSAGE][PASSED] - Text ****** has been set on object 'Object Repository/Page_/input_Password_j_password'

2021-01-21 16:10:54 - [MESSAGE][PASSED] - Object: 'Object Repository/Page_/button_Login' is clicked on

2021-01-21 16:10:54 - [MESSAGE][PASSED] - Login IST with valid credentials

2021-01-21 16:10:54 - [TEST_STEP][PASSED] - Login Success: Login Success

2021-01-21 16:10:54 - [MESSAGE][INFO] - Login Success

2021-01-21 16:10:54 - [MESSAGE][PASSED] - Current window maximized

2021-01-21 16:10:54 - [MESSAGE][PASSED] - Object 'Object Repository/Page_/h1_Welcome to IT Supporting Tools' is present

2021-01-21 16:10:54 - [MESSAGE][PASSED] - Login Success

2021-01-21 16:10:54 - [TEST_STEP][PASSED] - Select Arrow Menu "Real Time Disbursement": Select Arrow Menu "Real Time Disbursement"

2021-01-21 16:10:55 - [MESSAGE][PASSED] - Object: '' is clicked on

2021-01-21 16:10:55 - [MESSAGE][PASSED] - Select Arrow Menu "Real Time Disbursement"

2021-01-21 16:10:55 - [TEST_STEP][PASSED] - Select Menu "Partner Disbursement": Select Menu "Partner Disbursement"

2021-01-21 16:10:55 - [MESSAGE][PASSED] - Taking screenshot successfully
[[ATTACHMENT|/Users/chaidir.pratama01/Documents/Docs/Katalon Studio/Screenshot/test-Partner Disbursement.png]]

2021-01-21 16:10:55 - [MESSAGE][PASSED] - Object '' is present

2021-01-21 16:10:55 - [MESSAGE][PASSED] - Object: '' is clicked on

2021-01-21 16:10:55 - [MESSAGE][PASSED] - Wait for page load successfully

2021-01-21 16:10:55 - [MESSAGE][PASSED] - Select Menu "Partner Disbursement"

2021-01-21 16:10:55 - [TEST_STEP][PASSED] - Select STATUS "Manual Disbursement": Select STATUS "Manual Disbursement"

2021-01-21 16:10:56 - [MESSAGE][PASSED] - All options with value 'Manual Disbursement' are selected in object ''  using regular expression

2021-01-21 16:10:56 - [MESSAGE][PASSED] - Select STATUS "Manual Disbursement"

2021-01-21 16:10:56 - [TEST_STEP][PASSED] - Click button "Search": Click button "Search"

2021-01-21 16:10:56 - [MESSAGE][INFO] - >>>>>//Button[contains(text(),'Search')]

2021-01-21 16:10:59 - [MESSAGE][PASSED] - Object '' is present

2021-01-21 16:10:59 - [MESSAGE][PASSED] - Object: '' is clicked on

2021-01-21 16:10:59 - [MESSAGE][PASSED] - Switched to window with index: '0'

2021-01-21 16:10:59 - [MESSAGE][PASSED] - Click button "Search"

2021-01-21 16:10:59 - [TEST_STEP][PASSED] - Verify Search Result Presents: Verify Search Result Presents

2021-01-21 16:10:59 - [MESSAGE][PASSED] - Object '' is present

2021-01-21 16:11:10 - [MESSAGE][PASSED] - Verify Search Result Presents

2021-01-21 16:11:10 - [TEST_STEP][PASSED] - Click button "Logout": Click button "Logout"

2021-01-21 16:11:10 - [MESSAGE][INFO] - >>>>>//Button[contains(text(),'Logout')]

2021-01-21 16:11:13 - [MESSAGE][PASSED] - Object '' is present

2021-01-21 16:11:13 - [MESSAGE][PASSED] - Object: '' is clicked on

2021-01-21 16:11:13 - [MESSAGE][PASSED] - Switched to window with index: '0'

2021-01-21 16:11:13 - [MESSAGE][PASSED] - Click button "Logout"

2021-01-21 16:11:13 - [TEST_STEP][PASSED] - Close browser: Close browser

2021-01-21 16:11:13 - [MESSAGE][PASSED] - Browser is closed

2021-01-21 16:11:13 - [MESSAGE][PASSED] - Close browser

2021-01-21 16:11:13 - [TEST_CASE][PASSED] - Start Test Case : SCENARIO Search by STATUS DONE: SCENARIO Search by STATUS DONE

2021-01-21 16:11:13 - [TEST_STEP][PASSED] - Go to ISTools: Go to ISTools

2021-01-21 16:11:13 - [MESSAGE][INFO] - Starting 'Chrome (headless)' driver

2021-01-21 16:11:13 - [MESSAGE][INFO] - User set preference: ['args', '[--start-maximized, --disable-gpu, --no-proxy-server, –-no-sandbox, --allow-running-insecure-content, --ignore-certificate-errors, window-size=1680,814, force-device-scale-factor=2, --lang=en-GB]']

2021-01-21 16:11:13 - [MESSAGE][INFO] - User set preference: ['prefs', '{download.default_directory=/Users/chaidir.pratama01/Katalon Studio/IST_Automation_Git/Download}']

2021-01-21 16:11:13 - [MESSAGE][INFO] - Action delay is set to 0 milliseconds

2021-01-21 16:11:13 - [MESSAGE][PASSED] - Browser is opened with url: ''

2021-01-21 16:11:14 - [MESSAGE][PASSED] - Navigate to 'https://dev-istools.homecredit.id/foundation/' successfully

2021-01-21 16:11:14 - [MESSAGE][PASSED] - Go to ISTools

2021-01-21 16:11:14 - [TEST_STEP][PASSED] - Login IST with valid credentials: Login IST with valid credentials

2021-01-21 16:11:14 - [MESSAGE][PASSED] - Text 'mobile.test' is set on object 'Object Repository/Page_/input_Username_j_username'

2021-01-21 16:11:14 - [MESSAGE][PASSED] - Text ****** has been set on object 'Object Repository/Page_/input_Password_j_password'

2021-01-21 16:11:15 - [MESSAGE][PASSED] - Object: 'Object Repository/Page_/button_Login' is clicked on

2021-01-21 16:11:15 - [MESSAGE][PASSED] - Login IST with valid credentials

2021-01-21 16:11:15 - [TEST_STEP][PASSED] - Login Success: Login Success

2021-01-21 16:11:15 - [MESSAGE][INFO] - Login Success

2021-01-21 16:11:15 - [MESSAGE][PASSED] - Current window maximized

2021-01-21 16:11:15 - [MESSAGE][PASSED] - Object 'Object Repository/Page_/h1_Welcome to IT Supporting Tools' is present

2021-01-21 16:11:15 - [MESSAGE][PASSED] - Login Success

2021-01-21 16:11:15 - [TEST_STEP][PASSED] - Select Arrow Menu "Real Time Disbursement": Select Arrow Menu "Real Time Disbursement"

2021-01-21 16:11:15 - [MESSAGE][PASSED] - Object: '' is clicked on

2021-01-21 16:11:15 - [MESSAGE][PASSED] - Select Arrow Menu "Real Time Disbursement"

2021-01-21 16:11:15 - [TEST_STEP][PASSED] - Select Menu "Partner Disbursement": Select Menu "Partner Disbursement"

2021-01-21 16:11:15 - [MESSAGE][PASSED] - Taking screenshot successfully
[[ATTACHMENT|/Users/chaidir.pratama01/Documents/Docs/Katalon Studio/Screenshot/test-Partner Disbursement.png]]

2021-01-21 16:11:15 - [MESSAGE][PASSED] - Object '' is present

2021-01-21 16:11:15 - [MESSAGE][PASSED] - Object: '' is clicked on

2021-01-21 16:11:15 - [MESSAGE][PASSED] - Wait for page load successfully

2021-01-21 16:11:15 - [MESSAGE][PASSED] - Select Menu "Partner Disbursement"

2021-01-21 16:11:15 - [TEST_STEP][PASSED] - Select STATUS "DONE": Select STATUS "DONE"

2021-01-21 16:11:16 - [MESSAGE][PASSED] - All options with value 'DONE' are selected in object ''  using regular expression

2021-01-21 16:11:16 - [MESSAGE][PASSED] - Select STATUS "DONE"

[...]
	at com.kms.katalon.core.keyword.internal.KeywordMain.runKeyword(KeywordMain.groovy:68)
	at com.kms.katalon.core.keyword.internal.KeywordMain$runKeyword.call(Unknown Source)
	at com.kms.katalon.core.cucumber.keyword.CucumberBuiltinKeywords.runFeatureFile(CucumberBuiltinKeywords.groovy:46)
	at com.kms.katalon.core.cucumber.keyword.CucumberBuiltinKeywords$runFeatureFile$0.callStatic(Unknown Source)
	at com.kms.katalon.core.cucumber.keyword.CucumberBuiltinKeywords.runFeatureFile(CucumberBuiltinKeywords.groovy:169)
	at com.kms.katalon.core.cucumber.keyword.CucumberBuiltinKeywords$runFeatureFile.call(Unknown Source)
	at TC_Search_by_OrderID.run(TC_Search_by_OrderID:18)
	at com.kms.katalon.core.main.ScriptEngine.run(ScriptEngine.java:194)
	at com.kms.katalon.core.main.ScriptEngine.runScriptAsRawText(ScriptEngine.java:119)
	at com.kms.katalon.core.main.TestCaseExecutor.runScript(TestCaseExecutor.java:339)
	at com.kms.katalon.core.main.TestCaseExecutor.doExecute(TestCaseExecutor.java:330)
	at com.kms.katalon.core.main.TestCaseExecutor.processExecutionPhase(TestCaseExecutor.java:309)
	at com.kms.katalon.core.main.TestCaseExecutor.accessMainPhase(TestCaseExecutor.java:301)
	at com.kms.katalon.core.main.TestCaseExecutor.execute(TestCaseExecutor.java:235)
	at com.kms.katalon.core.main.TestSuiteExecutor.accessTestCaseMainPhase(TestSuiteExecutor.java:191)
	at com.kms.katalon.core.main.TestSuiteExecutor.accessTestSuiteMainPhase(TestSuiteExecutor.java:141)
	at com.kms.katalon.core.main.TestSuiteExecutor.execute(TestSuiteExecutor.java:90)
	at com.kms.katalon.core.main.TestCaseMain.startTestSuite(TestCaseMain.java:157)
	at com.kms.katalon.core.main.TestCaseMain$startTestSuite$0.call(Unknown Source)
	at TempTestSuite1611218221584.run(TempTestSuite1611218221584.groovy:39)]]></system-err>
      </testcase>
      <testcase name="Test Cases/RTD/Partner Disbursement/TC_Search_by_Contract_Number" time="7.164" classname="Test Cases/RTD/Partner Disbursement/TC_Search_by_Contract_Number" status="PASSED">
         <system-out><![CDATA[2021-01-21 16:14:16 - [TEST_CASE][PASSED] - Test Cases/RTD/Partner Disbursement/TC_Search_by_Contract_Number: Test Cases/RTD/Partner Disbursement/TC_Search_by_Contract_Number

2021-01-21 16:14:16 - [TEST_STEP][PASSED] - runFeatureFile("Include/features/IST_Real/RTD/Partner_Disbursement/Search_by_Contract_Number.feature"): Feature file: 'Include/features/IST_Real/RTD/Partner_Disbursement/Search_by_Contract_Number.feature' was passed

2021-01-21 16:14:16 - [MESSAGE][INFO] - Starting run keyword runFeatureFile: 'Include/features/IST_Real/RTD/Partner_Disbursement/Search_by_Contract_Number.feature' and extract report to folder: '/Users/chaidir.pratama01/Katalon Studio/IST_Automation_Git/Reports/20210121_153655/RTD/TS_Partner_Disbursement/20210121_153701/cucumber_report/1611220456213'...

2021-01-21 16:14:16 - [TEST_CASE][PASSED] - Start Test Case : SCENARIO Search by Contract Number and it found on Dashboard: SCENARIO Search by Contract Number and it found on Dashboard

2021-01-21 16:14:16 - [TEST_STEP][PASSED] - Go to ISTools: Go to ISTools

2021-01-21 16:14:16 - [MESSAGE][WARNING] - A browser is already opened. Closing browser and opening a new one

2021-01-21 16:14:16 - [MESSAGE][INFO] - Starting 'Chrome (headless)' driver

2021-01-21 16:14:16 - [MESSAGE][INFO] - User set preference: ['args', '[--start-maximized, --disable-gpu, --no-proxy-server, –-no-sandbox, --allow-running-insecure-content, --ignore-certificate-errors, window-size=1680,814, force-device-scale-factor=2, --lang=en-GB]']

2021-01-21 16:14:16 - [MESSAGE][INFO] - User set preference: ['prefs', '{download.default_directory=/Users/chaidir.pratama01/Katalon Studio/IST_Automation_Git/Download}']

2021-01-21 16:14:16 - [MESSAGE][INFO] - Action delay is set to 0 milliseconds

2021-01-21 16:14:16 - [MESSAGE][PASSED] - Browser is opened with url: ''

2021-01-21 16:14:17 - [MESSAGE][PASSED] - Navigate to 'https://dev-istools.homecredit.id/foundation/' successfully

2021-01-21 16:14:17 - [MESSAGE][PASSED] - Go to ISTools

2021-01-21 16:14:17 - [TEST_STEP][PASSED] - Login IST with valid credentials: Login IST with valid credentials

2021-01-21 16:14:17 - [MESSAGE][PASSED] - Text 'mobile.test' is set on object 'Object Repository/Page_/input_Username_j_username'

2021-01-21 16:14:17 - [MESSAGE][PASSED] - Text ****** has been set on object 'Object Repository/Page_/input_Password_j_password'

2021-01-21 16:14:18 - [MESSAGE][PASSED] - Object: 'Object Repository/Page_/button_Login' is clicked on

2021-01-21 16:14:18 - [MESSAGE][PASSED] - Login IST with valid credentials

2021-01-21 16:14:18 - [TEST_STEP][PASSED] - Login Success: Login Success

2021-01-21 16:14:18 - [MESSAGE][INFO] - Login Success

2021-01-21 16:14:18 - [MESSAGE][PASSED] - Current window maximized

2021-01-21 16:14:18 - [MESSAGE][PASSED] - Object 'Object Repository/Page_/h1_Welcome to IT Supporting Tools' is present

2021-01-21 16:14:18 - [MESSAGE][PASSED] - Login Success

2021-01-21 16:14:18 - [TEST_STEP][PASSED] - Select Arrow Menu "Real Time Disbursement": Select Arrow Menu "Real Time Disbursement"

2021-01-21 16:14:18 - [MESSAGE][PASSED] - Object: '' is clicked on

2021-01-21 16:14:18 - [MESSAGE][PASSED] - Select Arrow Menu "Real Time Disbursement"

2021-01-21 16:14:18 - [TEST_STEP][PASSED] - Select Menu "Partner Disbursement": Select Menu "Partner Disbursement"

2021-01-21 16:14:18 - [MESSAGE][PASSED] - Taking screenshot successfully
[[ATTACHMENT|/Users/chaidir.pratama01/Documents/Docs/Katalon Studio/Screenshot/test-Partner Disbursement.png]]

2021-01-21 16:14:19 - [MESSAGE][PASSED] - Object '' is present

2021-01-21 16:14:19 - [MESSAGE][PASSED] - Object: '' is clicked on

2021-01-21 16:14:19 - [MESSAGE][PASSED] - Wait for page load successfully

2021-01-21 16:14:19 - [MESSAGE][PASSED] - Select Menu "Partner Disbursement"

2021-01-21 16:14:19 - [TEST_STEP][PASSED] - Input Contract RTD in Contract Number label: Input Contract RTD in Contract Number label

2021-01-21 16:14:19 - [MESSAGE][PASSED] - Text '4000014162' is set on object ''

2021-01-21 16:14:19 - [MESSAGE][PASSED] - Input Contract RTD in Contract Number label

2021-01-21 16:14:19 - [TEST_STEP][PASSED] - Click button "Search": Click button "Search"

2021-01-21 16:14:19 - [MESSAGE][INFO] - >>>>>//Button[contains(text(),'Search')]

2021-01-21 16:14:22 - [MESSAGE][PASSED] - Object '' is present

2021-01-21 16:14:22 - [MESSAGE][PASSED] - Object: '' is clicked on

2021-01-21 16:14:22 - [MESSAGE][PASSED] - Switched to window with index: '0'

2021-01-21 16:14:22 - [MESSAGE][PASSED] - Click button "Search"

2021-01-21 16:14:22 - [TEST_STEP][PASSED] - Verify Search Result Presents: Verify Search Result Presents

2021-01-21 16:14:22 - [MESSAGE][PASSED] - Object '' is present

2021-01-21 16:14:23 - [MESSAGE][PASSED] - Verify Search Result Presents

2021-01-21 16:14:23 - [MESSAGE][PASSED] - Feature file: 'Include/features/IST_Real/RTD/Partner_Disbursement/Search_by_Contract_Number.feature' was passed]]></system-out>
         <system-err><![CDATA[]]></system-err>
      </testcase>
      <testcase name="Test Cases/RTD/Partner Disbursement/TC_Hold_Payment" time="17.826" classname="Test Cases/RTD/Partner Disbursement/TC_Hold_Payment" status="PASSED">
         <system-out><![CDATA[2021-01-21 16:14:23 - [TEST_CASE][PASSED] - Test Cases/RTD/Partner Disbursement/TC_Hold_Payment: Test Cases/RTD/Partner Disbursement/TC_Hold_Payment

2021-01-21 16:14:23 - [TEST_STEP][PASSED] - runFeatureFile("Include/features/IST_Real/RTD/Partner_Disbursement/Hold_Payment.feature"): Feature file: 'Include/features/IST_Real/RTD/Partner_Disbursement/Hold_Payment.feature' was passed

2021-01-21 16:14:23 - [MESSAGE][INFO] - Starting run keyword runFeatureFile: 'Include/features/IST_Real/RTD/Partner_Disbursement/Hold_Payment.feature' and extract report to folder: '/Users/chaidir.pratama01/Katalon Studio/IST_Automation_Git/Reports/20210121_153655/RTD/TS_Partner_Disbursement/20210121_153701/cucumber_report/1611220463371'...

2021-01-21 16:14:23 - [TEST_CASE][PASSED] - Start Test Case : SCENARIO Hold Payment for Status Eligible to Disburse: SCENARIO Hold Payment for Status Eligible to Disburse

2021-01-21 16:14:23 - [TEST_STEP][PASSED] - Go to ISTools: Go to ISTools

2021-01-21 16:14:23 - [MESSAGE][WARNING] - A browser is already opened. Closing browser and opening a new one

2021-01-21 16:14:23 - [MESSAGE][INFO] - Starting 'Chrome (headless)' driver

2021-01-21 16:14:23 - [MESSAGE][INFO] - User set preference: ['args', '[--start-maximized, --disable-gpu, --no-proxy-server, –-no-sandbox, --allow-running-insecure-content, --ignore-certificate-errors, window-size=1680,814, force-device-scale-factor=2, --lang=en-GB]']

2021-01-21 16:14:23 - [MESSAGE][INFO] - User set preference: ['prefs', '{download.default_directory=/Users/chaidir.pratama01/Katalon Studio/IST_Automation_Git/Download}']

2021-01-21 16:14:23 - [MESSAGE][INFO] - Action delay is set to 0 milliseconds

2021-01-21 16:14:23 - [MESSAGE][PASSED] - Browser is opened with url: ''

2021-01-21 16:14:24 - [MESSAGE][PASSED] - Navigate to 'https://dev-istools.homecredit.id/foundation/' successfully

2021-01-21 16:14:24 - [MESSAGE][PASSED] - Go to ISTools

2021-01-21 16:14:24 - [TEST_STEP][PASSED] - Login IST with valid credentials: Login IST with valid credentials

2021-01-21 16:14:24 - [MESSAGE][PASSED] - Text 'mobile.test' is set on object 'Object Repository/Page_/input_Username_j_username'

2021-01-21 16:14:24 - [MESSAGE][PASSED] - Text ****** has been set on object 'Object Repository/Page_/input_Password_j_password'

2021-01-21 16:14:25 - [MESSAGE][PASSED] - Object: 'Object Repository/Page_/button_Login' is clicked on

2021-01-21 16:14:25 - [MESSAGE][PASSED] - Login IST with valid credentials

2021-01-21 16:14:25 - [TEST_STEP][PASSED] - Login Success: Login Success

2021-01-21 16:14:25 - [MESSAGE][INFO] - Login Success

2021-01-21 16:14:25 - [MESSAGE][PASSED] - Current window maximized

2021-01-21 16:14:25 - [MESSAGE][PASSED] - Object 'Object Repository/Page_/h1_Welcome to IT Supporting Tools' is present

2021-01-21 16:14:25 - [MESSAGE][PASSED] - Login Success

2021-01-21 16:14:25 - [TEST_STEP][PASSED] - Select Arrow Menu "Real Time Disbursement": Select Arrow Menu "Real Time Disbursement"

2021-01-21 16:14:25 - [MESSAGE][PASSED] - Object: '' is clicked on

2021-01-21 16:14:25 - [MESSAGE][PASSED] - Select Arrow Menu "Real Time Disbursement"

2021-01-21 16:14:25 - [TEST_STEP][PASSED] - Select Menu "Partner Disbursement": Select Menu "Partner Disbursement"

2021-01-21 16:14:26 - [MESSAGE][PASSED] - Taking screenshot successfully
[[ATTACHMENT|/Users/chaidir.pratama01/Documents/Docs/Katalon Studio/Screenshot/test-Partner Disbursement.png]]

2021-01-21 16:14:26 - [MESSAGE][PASSED] - Object '' is present

2021-01-21 16:14:26 - [MESSAGE][PASSED] - Object: '' is clicked on

2021-01-21 16:14:26 - [MESSAGE][PASSED] - Wait for page load successfully

2021-01-21 16:14:26 - [MESSAGE][PASSED] - Select Menu "Partner Disbursement"

2021-01-21 16:14:26 - [TEST_STEP][PASSED] - Select STATUS "Eligible to disburse": Select STATUS "Eligible to disburse"

2021-01-21 16:14:26 - [MESSAGE][PASSED] - All options with value 'Eligible to disburse' are selected in object ''  using regular expression

2021-01-21 16:14:26 - [MESSAGE][PASSED] - Select STATUS "Eligible to disburse"

2021-01-21 16:14:26 - [TEST_STEP][PASSED] - Click button "Search": Click button "Search"

2021-01-21 16:14:26 - [MESSAGE][INFO] - >>>>>//Button[contains(text(),'Search')]

2021-01-21 16:14:29 - [MESSAGE][PASSED] - Object '' is present

2021-01-21 16:14:29 - [MESSAGE][PASSED] - Object: '' is clicked on

2021-01-21 16:14:29 - [MESSAGE][PASSED] - Switched to window with index: '0'

2021-01-21 16:14:29 - [MESSAGE][PASSED] - Click button "Search"

2021-01-21 16:14:29 - [TEST_STEP][PASSED] - Verify Search Result Presents: Verify Search Result Presents

2021-01-21 16:14:29 - [MESSAGE][PASSED] - Object '' is present

2021-01-21 16:14:30 - [MESSAGE][PASSED] - Verify Search Result Presents

2021-01-21 16:14:30 - [TEST_STEP][PASSED] - Click Checkbox: Click Checkbox

2021-01-21 16:14:30 - [MESSAGE][PASSED] - Object: '' is clicked on

2021-01-21 16:14:30 - [MESSAGE][PASSED] - Click Checkbox

2021-01-21 16:14:30 - [TEST_STEP][PASSED] - Get Checkbox data of Menu "Partner Disbursement" before Hold Payment: Get Checkbox data of Menu "Partner Disbursement" before Hold Payment

2021-01-21 16:14:30 - [MESSAGE][PASSED] - Get Checkbox data of Menu "Partner Disbursement" before Hold Payment

2021-01-21 16:14:30 - [TEST_STEP][PASSED] - Click button "HOLD PAYMENT": Click button "HOLD PAYMENT"

2021-01-21 16:14:30 - [MESSAGE][INFO] - >>>>>//Button[contains(text(),'HOLD PAYMENT')]

2021-01-21 16:14:33 - [MESSAGE][PASSED] - Object '' is present

2021-01-21 16:14:34 - [MESSAGE][PASSED] - Object: '' is clicked on

2021-01-21 16:14:34 - [MESSAGE][PASSED] - Switched to window with index: '0'

2021-01-21 16:14:34 - [MESSAGE][PASSED] - Click button "HOLD PAYMENT"

2021-01-21 16:14:34 - [TEST_STEP][PASSED] - Input reason of Hold Payment: Input reason of Hold Payment

2021-01-21 16:14:34 - [MESSAGE][PASSED] - Switched to window with index: '0'

2021-01-21 16:14:37 - [MESSAGE][PASSED] - Delayed 3 second(s)

2021-01-21 16:14:37 - [MESSAGE][PASSED] - Input reason of Hold Payment

2021-01-21 16:14:37 - [TEST_STEP][PASSED] - Click button "Yes": Click button "Yes"

2021-01-21 16:14:37 - [MESSAGE][INFO] - >>>>>//Button[contains(text(),'Yes')]

2021-01-21 16:14:40 - [MESSAGE][PASSED] - Object '' is present

2021-01-21 16:14:40 - [MESSAGE][PASSED] - Object: '' is clicked on

2021-01-21 16:14:40 - [MESSAGE][PASSED] - Switched to window with index: '0'

2021-01-21 16:14:40 - [MESSAGE][PASSED] - Click button "Yes"

2021-01-21 16:14:40 - [TEST_STEP][PASSED] - Connect to Database RTD: Connect to Database RTD

2021-01-21 16:14:40 - [MESSAGE][PASSED] - Connect to Database RTD

2021-01-21 16:14:40 - [TEST_STEP][PASSED] - Select Hold Contract Number and make sure status is Hold Payment Recreation: Select Hold Contract Number and make sure status is Hold Payment Recreation

2021-01-21 16:14:41 - [MESSAGE][PASSED] - Select Hold Contract Number and make sure status is Hold Payment Recreation

2021-01-21 16:14:41 - [MESSAGE][PASSED] - Feature file: 'Include/features/IST_Real/RTD/Partner_Disbursement/Hold_Payment.feature' was passed]]></system-out>
         <system-err><![CDATA[]]></system-err>
      </testcase>
      <system-out><![CDATA[2021-01-21 16:06:06 - [TEST_SUITE][FAILED] - TS_Partner_Disbursement: Test Cases/RTD/Partner Disbursement/TC_Search_by_OrderID FAILED.
Reason:
com.kms.katalon.core.exception.StepFailedException: Feature file 'Include/features/IST_Real/RTD/Partner_Disbursement/Search_by_OrderID.feature' was failed
	at com.kms.katalon.core.keyword.internal.KeywordMain.stepFailed(KeywordMain.groovy:50)
	at com.kms.katalon.core.keyword.internal.KeywordMain.stepFailed(KeywordMain.groovy)
	at com.kms.katalon.core.keyword.internal.KeywordMain.stepFailed(KeywordMain.groovy:23)
	at com.kms.katalon.core.keyword.internal.KeywordMain$stepFailed$0.call(Unknown Source)
	at com.kms.katalon.core.cucumber.keyword.CucumberBuiltinKeywords$_runFeatureFile_closure1.doCall(CucumberBuiltinKeywords.groovy:82)
	at com.kms.katalon.core.cucumber.keyword.CucumberBuiltinKeywords$_runFeatureFile_closure1.doCall(CucumberBuiltinKeywords.groovy)
	at com.kms.katalon.core.keyword.internal.KeywordMain.runKeyword(KeywordMain.groovy:68)
	at com.kms.katalon.core.keyword.internal.KeywordMain$runKeyword.call(Unknown Source)
	at com.kms.katalon.core.cucumber.keyword.CucumberBuiltinKeywords.runFeatureFile(CucumberBuiltinKeywords.groovy:46)
	at com.kms.katalon.core.cucumber.keyword.CucumberBuiltinKeywords$runFeatureFile$0.callStatic(Unknown Source)
	at com.kms.katalon.core.cucumber.keyword.CucumberBuiltinKeywords.runFeatureFile(CucumberBuiltinKeywords.groovy:169)
	at com.kms.katalon.core.cucumber.keyword.CucumberBuiltinKeywords$runFeatureFile.call(Unknown Source)
	at TC_Search_by_OrderID.run(TC_Search_by_OrderID:18)
	at com.kms.katalon.core.main.ScriptEngine.run(ScriptEngine.java:194)
	at com.kms.katalon.core.main.ScriptEngine.runScriptAsRawText(ScriptEngine.java:119)
	at com.kms.katalon.core.main.TestCaseExecutor.runScript(TestCaseExecutor.java:339)
	at com.kms.katalon.core.main.TestCaseExecutor.doExecute(TestCaseExecutor.java:330)
	at com.kms.katalon.core.main.TestCaseExecutor.processExecutionPhase(TestCaseExecutor.java:309)
	at com.kms.katalon.core.main.TestCaseExecutor.accessMainPhase(TestCaseExecutor.java:301)
	at com.kms.katalon.core.main.TestCaseExecutor.execute(TestCaseExecutor.java:235)
	at com.kms.katalon.core.main.TestSuiteExecutor.accessTestCaseMainPhase(TestSuiteExecutor.java:191)
	at com.kms.katalon.core.main.TestSuiteExecutor.accessTestSuiteMainPhase(TestSuiteExecutor.java:141)
	at com.kms.katalon.core.main.TestSuiteExecutor.execute(TestSuiteExecutor.java:90)
	at com.kms.katalon.core.main.TestCaseMain.startTestSuite(TestCaseMain.java:157)
	at com.kms.katalon.core.main.TestCaseMain$startTestSuite$0.call(Unknown Source)
	at TempTestSuite1611218221584.run(TempTestSuite1611218221584.groovy:39)]]></system-out>
      <system-err><![CDATA[2021-01-21 16:06:06 - [TEST_SUITE][FAILED] - TS_Partner_Disbursement: Test Cases/RTD/Partner Disbursement/TC_Search_by_OrderID FAILED.
Reason:
com.kms.katalon.core.exception.StepFailedException: Feature file 'Include/features/IST_Real/RTD/Partner_Disbursement/Search_by_OrderID.feature' was failed
	at com.kms.katalon.core.keyword.internal.KeywordMain.stepFailed(KeywordMain.groovy:50)
	at com.kms.katalon.core.keyword.internal.KeywordMain.stepFailed(KeywordMain.groovy)
	at com.kms.katalon.core.keyword.internal.KeywordMain.stepFailed(KeywordMain.groovy:23)
	at com.kms.katalon.core.keyword.internal.KeywordMain$stepFailed$0.call(Unknown Source)
	at com.kms.katalon.core.cucumber.keyword.CucumberBuiltinKeywords$_runFeatureFile_closure1.doCall(CucumberBuiltinKeywords.groovy:82)
	at com.kms.katalon.core.cucumber.keyword.CucumberBuiltinKeywords$_runFeatureFile_closure1.doCall(CucumberBuiltinKeywords.groovy)
	at com.kms.katalon.core.keyword.internal.KeywordMain.runKeyword(KeywordMain.groovy:68)
	at com.kms.katalon.core.keyword.internal.KeywordMain$runKeyword.call(Unknown Source)
	at com.kms.katalon.core.cucumber.keyword.CucumberBuiltinKeywords.runFeatureFile(CucumberBuiltinKeywords.groovy:46)
	at com.kms.katalon.core.cucumber.keyword.CucumberBuiltinKeywords$runFeatureFile$0.callStatic(Unknown Source)
	at com.kms.katalon.core.cucumber.keyword.CucumberBuiltinKeywords.runFeatureFile(CucumberBuiltinKeywords.groovy:169)
	at com.kms.katalon.core.cucumber.keyword.CucumberBuiltinKeywords$runFeatureFile.call(Unknown Source)
	at TC_Search_by_OrderID.run(TC_Search_by_OrderID:18)
	at com.kms.katalon.core.main.ScriptEngine.run(ScriptEngine.java:194)
	at com.kms.katalon.core.main.ScriptEngine.runScriptAsRawText(ScriptEngine.java:119)
	at com.kms.katalon.core.main.TestCaseExecutor.runScript(TestCaseExecutor.java:339)
	at com.kms.katalon.core.main.TestCaseExecutor.doExecute(TestCaseExecutor.java:330)
	at com.kms.katalon.core.main.TestCaseExecutor.processExecutionPhase(TestCaseExecutor.java:309)
	at com.kms.katalon.core.main.TestCaseExecutor.accessMainPhase(TestCaseExecutor.java:301)
	at com.kms.katalon.core.main.TestCaseExecutor.execute(TestCaseExecutor.java:235)
	at com.kms.katalon.core.main.TestSuiteExecutor.accessTestCaseMainPhase(TestSuiteExecutor.java:191)
	at com.kms.katalon.core.main.TestSuiteExecutor.accessTestSuiteMainPhase(TestSuiteExecutor.java:141)
	at com.kms.katalon.core.main.TestSuiteExecutor.execute(TestSuiteExecutor.java:90)
	at com.kms.katalon.core.main.TestCaseMain.startTestSuite(TestCaseMain.java:157)
	at com.kms.katalon.core.main.TestCaseMain$startTestSuite$0.call(Unknown Source)
	at TempTestSuite1611218221584.run(TempTestSuite1611218221584.groovy:39)]]></system-err>
   </testsuite>
</testsuites>
