<?xml version="1.0" encoding="UTF-8"?>
<testsuites name="TS_Partner_Disbursement" time="335.777" tests="5" failures="1" errors="0">
   <testsuite name="TS_Partner_Disbursement" tests="5" failures="1" errors="0" time="335.777" timestamp="2021-02-05 13:38:39" hostname="chaidir.pratama01 - localhost" id="Test Suites/RTD/TS_Partner_Disbursement">
      <properties>
         <property name="deviceName" value=""/>
         <property name="devicePlatform" value=""/>
         <property name="logFolder" value="/Users/chaidir.pratama01/Katalon Studio/IST_Automation_Git/Reports/20210205_131034/RTD/TS_Partner_Disbursement/20210205_131041"/>
         <property name="logFiles" value="/Users/chaidir.pratama01/Katalon Studio/IST_Automation_Git/Reports/20210205_131034/RTD/TS_Partner_Disbursement/20210205_131041/execution0.log"/>
         <property name="attachments" value="/Users/chaidir.pratama01/Documents/Docs/Katalon Studio/Screenshot/test-Partner Disbursement.png, /Users/chaidir.pratama01/Katalon Studio/IST_Automation_Git/Reports/20210205_131034/RTD/TS_Partner_Disbursement/20210205_131041/1612507135712.png, /Users/chaidir.pratama01/Documents/Docs/Katalon Studio/Screenshot/test-Partner Disbursement.png, /Users/chaidir.pratama01/Katalon Studio/IST_Automation_Git/Reports/20210205_131034/RTD/TS_Partner_Disbursement/20210205_131041/1612507152082.png, /Users/chaidir.pratama01/Documents/Docs/Katalon Studio/Screenshot/test-Partner Disbursement.png, /Users/chaidir.pratama01/Katalon Studio/IST_Automation_Git/Reports/20210205_131034/RTD/TS_Partner_Disbursement/20210205_131041/1612507167795.png, /Users/chaidir.pratama01/Documents/Docs/Katalon Studio/Screenshot/test-Partner Disbursement.png, /Users/chaidir.pratama01/Katalon Studio/IST_Automation_Git/Reports/20210205_131034/RTD/TS_Partner_Disbursement/20210205_131041/1612507185387.png, /Users/chaidir.pratama01/Documents/Docs/Katalon Studio/Screenshot/test-Partner Disbursement.png, /Users/chaidir.pratama01/Documents/Docs/Katalon Studio/Screenshot/test-Partner Disbursement.png, /Users/chaidir.pratama01/Documents/Docs/Katalon Studio/Screenshot/test-Partner Disbursement.png, /Users/chaidir.pratama01/Documents/Docs/Katalon Studio/Screenshot/test-Partner Disbursement.png, /Users/chaidir.pratama01/Katalon Studio/IST_Automation_Git/Reports/20210205_131034/RTD/TS_Partner_Disbursement/20210205_131041/1612507251506.png, /Users/chaidir.pratama01/Documents/Docs/Katalon Studio/Screenshot/test-Partner Disbursement.png, /Users/chaidir.pratama01/Katalon Studio/IST_Automation_Git/Reports/20210205_131034/RTD/TS_Partner_Disbursement/20210205_131041/1612507268027.png, /Users/chaidir.pratama01/Documents/Docs/Katalon Studio/Screenshot/test-Partner Disbursement.png, /Users/chaidir.pratama01/Documents/Docs/Katalon Studio/Screenshot/test-Partner Disbursement.png, /Users/chaidir.pratama01/Documents/Docs/Katalon Studio/Screenshot/test-Partner Disbursement.png, /Users/chaidir.pratama01/Katalon Studio/IST_Automation_Git/Reports/20210205_131034/RTD/TS_Partner_Disbursement/20210205_131041/1612507327203.png, /Users/chaidir.pratama01/Documents/Docs/Katalon Studio/Screenshot/test-Partner Disbursement.png, /Users/chaidir.pratama01/Katalon Studio/IST_Automation_Git/Reports/20210205_131034/RTD/TS_Partner_Disbursement/20210205_131041/1612507343668.png, /Users/chaidir.pratama01/Documents/Docs/Katalon Studio/Screenshot/test-Partner Disbursement.png, /Users/chaidir.pratama01/Documents/Docs/Katalon Studio/Screenshot/test-Partner Disbursement.png, /Users/chaidir.pratama01/Documents/Docs/Katalon Studio/Screenshot/test-Partner Disbursement.png, /Users/chaidir.pratama01/Katalon Studio/IST_Automation_Git/Reports/20210205_131034/RTD/TS_Partner_Disbursement/20210205_131041/1612507397359.png, /Users/chaidir.pratama01/Documents/Docs/Katalon Studio/Screenshot/test-Partner Disbursement.png, /Users/chaidir.pratama01/Documents/Docs/Katalon Studio/Screenshot/Download_data.png, /Users/chaidir.pratama01/Documents/Docs/Katalon Studio/Screenshot/test-Partner Disbursement.png, /Users/chaidir.pratama01/Documents/Docs/Katalon Studio/Screenshot/test-Partner Disbursement.png, /Users/chaidir.pratama01/Documents/Docs/Katalon Studio/Screenshot/test-Partner Disbursement.png, /Users/chaidir.pratama01/Katalon Studio/IST_Automation_Git/Reports/20210205_131034/RTD/TS_Partner_Disbursement/20210205_131041/1612507450611.png"/>
         <property name="hostName" value="chaidir.pratama01 - localhost"/>
         <property name="os" value="Mac OS X 64bit"/>
         <property name="katalonVersion" value="7.6.0.${buildNumber}"/>
         <property name="browser" value="Chrome 88.0.4324.146"/>
         <property name="hostAddress" value="127.0.0.1"/>
         <property name="sessionId" value="0e8d7c64467bee5934bac1e817654154"/>
         <property name="seleniumVersion" value="3.141.59"/>
         <property name="proxyInformation" value="ProxyInformation { proxyOption=NO_PROXY, proxyServerType=HTTP, username=, password=********, proxyServerAddress=, proxyServerPort=0, executionList=\&quot;\&quot;, isApplyToDesiredCapabilities=true }"/>
         <property name="platform" value="Mac OS X"/>
      </properties>
      <testcase name="Test Cases/RTD/Partner Disbursement/TC_Search_by_STATUS" time="282.289" classname="Test Cases/RTD/Partner Disbursement/TC_Search_by_STATUS" status="PASSED">
         <system-out><![CDATA[2021-02-05 13:38:39 - [TEST_CASE][PASSED] - Test Cases/RTD/Partner Disbursement/TC_Search_by_STATUS: Test Cases/RTD/Partner Disbursement/TC_Search_by_STATUS

2021-02-05 13:38:39 - [TEST_STEP][PASSED] - runFeatureFile("Include/features/IST_Real/RTD/Partner_Disbursement/Search_by_STATUS.feature"): Feature file: 'Include/features/IST_Real/RTD/Partner_Disbursement/Search_by_STATUS.feature' was passed

2021-02-05 13:38:39 - [MESSAGE][INFO] - Starting run keyword runFeatureFile: 'Include/features/IST_Real/RTD/Partner_Disbursement/Search_by_STATUS.feature' and extract report to folder: '/Users/chaidir.pratama01/Katalon Studio/IST_Automation_Git/Reports/20210205_131034/RTD/TS_Partner_Disbursement/20210205_131041/cucumber_report/1612507119732'...

2021-02-05 13:38:40 - [TEST_CASE][PASSED] - Start Test Case : SCENARIO Search by STATUS Eligible to Disburse: SCENARIO Search by STATUS Eligible to Disburse

2021-02-05 13:38:40 - [TEST_STEP][PASSED] - Go to ISTools: Go to ISTools

2021-02-05 13:38:40 - [MESSAGE][INFO] - Starting 'Chrome (headless)' driver

2021-02-05 13:38:40 - [MESSAGE][INFO] - User set preference: ['args', '[--start-maximized, --disable-gpu, --no-proxy-server, –-no-sandbox, --allow-running-insecure-content, --ignore-certificate-errors, window-size=1680,814, force-device-scale-factor=2, --lang=en-GB]']

2021-02-05 13:38:40 - [MESSAGE][INFO] - User set preference: ['prefs', '{download.default_directory=/Users/chaidir.pratama01/Katalon Studio/IST_Automation_Git/Download}']

2021-02-05 13:38:40 - [MESSAGE][INFO] - Action delay is set to 0 milliseconds

2021-02-05 13:38:41 - [MESSAGE][PASSED] - Browser is opened with url: ''

2021-02-05 13:38:45 - [MESSAGE][PASSED] - Navigate to 'https://dev-istools.homecredit.id/foundation/' successfully

2021-02-05 13:38:45 - [MESSAGE][PASSED] - Go to ISTools

2021-02-05 13:38:45 - [TEST_STEP][PASSED] - Login IST with valid credentials: Login IST with valid credentials

2021-02-05 13:38:45 - [MESSAGE][PASSED] - Text 'mobile.test' is set on object 'Object Repository/Page_/input_Username_j_username'

2021-02-05 13:38:45 - [MESSAGE][PASSED] - Text ****** has been set on object 'Object Repository/Page_/input_Password_j_password'

2021-02-05 13:38:46 - [MESSAGE][PASSED] - Object: 'Object Repository/Page_/button_Login' is clicked on

2021-02-05 13:38:46 - [MESSAGE][PASSED] - Login IST with valid credentials

2021-02-05 13:38:46 - [TEST_STEP][PASSED] - Login Success: Login Success

2021-02-05 13:38:46 - [MESSAGE][INFO] - Login Success

2021-02-05 13:38:46 - [MESSAGE][PASSED] - Current window maximized

2021-02-05 13:38:46 - [MESSAGE][PASSED] - Object 'Object Repository/Page_/h1_Welcome to IT Supporting Tools' is present

2021-02-05 13:38:46 - [MESSAGE][PASSED] - Login Success

2021-02-05 13:38:46 - [TEST_STEP][PASSED] - Select Arrow Menu "Real Time Disbursement": Select Arrow Menu "Real Time Disbursement"

2021-02-05 13:38:46 - [MESSAGE][PASSED] - Object: '' is clicked on

2021-02-05 13:38:46 - [MESSAGE][PASSED] - Select Arrow Menu "Real Time Disbursement"

2021-02-05 13:38:46 - [TEST_STEP][PASSED] - Select Menu "Partner Disbursement": Select Menu "Partner Disbursement"

2021-02-05 13:38:47 - [MESSAGE][PASSED] - Taking screenshot successfully
[[ATTACHMENT|/Users/chaidir.pratama01/Documents/Docs/Katalon Studio/Screenshot/test-Partner Disbursement.png]]

2021-02-05 13:38:47 - [MESSAGE][PASSED] - Object '' is present

2021-02-05 13:38:47 - [MESSAGE][PASSED] - Object: '' is clicked on

2021-02-05 13:38:47 - [MESSAGE][PASSED] - Wait for page load successfully

2021-02-05 13:38:47 - [MESSAGE][PASSED] - Select Menu "Partner Disbursement"

2021-02-05 13:38:47 - [TEST_STEP][PASSED] - Select STATUS "Eligible to disburse": Select STATUS "Eligible to disburse"

2021-02-05 13:38:48 - [MESSAGE][PASSED] - All options with value 'Eligible to disburse' are selected in object ''  using regular expression

2021-02-05 13:38:48 - [MESSAGE][PASSED] - Select STATUS "Eligible to disburse"

2021-02-05 13:38:48 - [TEST_STEP][PASSED] - Click button "Search": Click button "Search"

2021-02-05 13:38:48 - [MESSAGE][INFO] - >>>>>//Button[contains(text(),'Search')]

2021-02-05 13:38:51 - [MESSAGE][PASSED] - Object '' is present

2021-02-05 13:38:51 - [MESSAGE][PASSED] - Object: '' is clicked on

2021-02-05 13:38:51 - [MESSAGE][PASSED] - Switched to window with index: '0'

2021-02-05 13:38:51 - [MESSAGE][PASSED] - Click button "Search"

2021-02-05 13:38:51 - [TEST_STEP][PASSED] - Verify Search Result Presents: Verify Search Result Presents

2021-02-05 13:38:55 - [MESSAGE][INFO] - Unable to find the element located by 'By.xpath: //td[@style='display:none' and contains(text(),'-Empty-')]'. Please recheck the objects properties to make sure the desired element is located. 

2021-02-05 13:38:56 - [MESSAGE][WARNING] - com.kms.katalon.core.webui.exception.WebElementNotFoundException: Web element with id: '' located by '//td[@style='display:none' and contains(text(),'-Empty-')]' not found (Root cause: com.kms.katalon.core.exception.StepFailedException: com.kms.katalon.core.webui.exception.WebElementNotFoundException: Web element with id: '' located by '//td[@style='display:none' and contains(text(),'-Empty-')]' not found
	at com.kms.katalon.core.webui.keyword.internal.WebUIKeywordMain.stepFailed(WebUIKeywordMain.groovy:64)
	at com.kms.katalon.core.webui.keyword.builtin.VerifyElementPresentKeyword$_verifyElementPresent_closure1.doCall(VerifyElementPresentKeyword.groovy:85)
	at com.kms.katalon.core.webui.keyword.builtin.VerifyElementPresentKeyword$_verifyElementPresent_closure1.call(VerifyElementPresentKeyword.groovy)
	at com.kms.katalon.core.webui.keyword.internal.WebUIKeywordMain.runKeyword(WebUIKeywordMain.groovy:20)
	at com.kms.katalon.core.webui.keyword.builtin.VerifyElementPresentKeyword.verifyElementPresent(VerifyElementPresentKeyword.groovy:92)
	at com.kms.katalon.core.webui.keyword.builtin.VerifyElementPresentKeyword.execute(VerifyElementPresentKeyword.groovy:68)
	at com.kms.katalon.core.keyword.internal.KeywordExecutor.executeKeywordForPlatform(KeywordExecutor.groovy:73)
	at com.kms.katalon.core.webui.keyword.WebUiBuiltInKeywords.verifyElementPresent(WebUiBuiltInKeywords.groovy:1444)
	at com.kms.katalon.core.webui.keyword.WebUiBuiltInKeywords$verifyElementPresent$11.call(Unknown Source)
	at ist_real.Contract_Dispatcher.VerifyTblFilled(Contract_Dispatcher.groovy:1313)
	at ist_real.Contract_Dispatcher$VerifyTblFilled$0.call(Unknown Source)
	at RTD.Search_Result_Presents(RTD.groovy:189)
	at cucumber.runtime.Utils$1.call(Utils.java:26)
	at cucumber.runtime.Timeout.timeout(Timeout.java:16)
	at cucumber.runtime.Utils.invoke(Utils.java:20)
	at cucumber.runtime.java.JavaStepDefinition.execute(JavaStepDefinition.java:48)
	at cucumber.runtime.PickleStepDefinitionMatch.runStep(PickleStepDefinitionMatch.java:50)
	at cucumber.runner.TestStep.executeStep(TestStep.java:55)
	at cucumber.runner.TestStep.run(TestStep.java:42)
	at cucumber.runner.PickleStepTestStep.run(PickleStepTestStep.java:53)
	at cucumber.runner.TestCase.run(TestCase.java:47)
	at cucumber.runner.Runner.runPickle(Runner.java:44)
	at cucumber.runtime.Runtime.runFeature(Runtime.java:120)
	at cucumber.runtime.Runtime.run(Runtime.java:106)
	at cucumber.api.cli.Main.run(Main.java:35)
	at cucumber.api.cli.Main$run.call(Unknown Source)
	at com.kms.katalon.core.cucumber.keyword.CucumberBuiltinKeywords$_runFeatureFile_closure1.doCall(CucumberBuiltinKeywords.groovy:76)
	at com.kms.katalon.core.cucumber.keyword.CucumberBuiltinKeywords$_runFeatureFile_closure1.doCall(CucumberBuiltinKeywords.groovy)
	at com.kms.katalon.core.keyword.internal.KeywordMain.runKeyword(KeywordMain.groovy:68)
	at com.kms.katalon.core.keyword.internal.KeywordMain$runKeyword.call(Unknown Source)
	at com.kms.katalon.core.cucumber.keyword.CucumberBuiltinKeywords.runFeatureFile(CucumberBuiltinKeywords.groovy:46)
	at com.kms.katalon.core.cucumber.keyword.CucumberBuiltinKeywords$runFeatureFile$0.callStatic(Unknown Source)
	at com.kms.katalon.core.cucumber.keyword.CucumberBuiltinKeywords.runFeatureFile(CucumberBuiltinKeywords.groovy:169)
	at com.kms.katalon.core.cucumber.keyword.CucumberBuiltinKeywords$runFeatureFile.call(Unknown Source)
	at TC_Search_by_STATUS.run(TC_Search_by_STATUS:18)
	at com.kms.katalon.core.main.ScriptEngine.run(ScriptEngine.java:194)
	at com.kms.katalon.core.main.ScriptEngine.runScriptAsRawText(ScriptEngine.java:119)
	at com.kms.katalon.core.main.TestCaseExecutor.runScript(TestCaseExecutor.java:339)
	at com.kms.katalon.core.main.TestCaseExecutor.doExecute(TestCaseExecutor.java:330)
	at com.kms.katalon.core.main.TestCaseExecutor.processExecutionPhase(TestCaseExecutor.java:309)
	at com.kms.katalon.core.main.TestCaseExecutor.accessMainPhase(TestCaseExecutor.java:301)
	at com.kms.katalon.core.main.TestCaseExecutor.execute(TestCaseExecutor.java:235)
	at com.kms.katalon.core.main.TestSuiteExecutor.accessTestCaseMainPhase(TestSuiteExecutor.java:191)
	at com.kms.katalon.core.main.TestSuiteExecutor.accessTestSuiteMainPhase(TestSuiteExecutor.java:141)
	at com.kms.katalon.core.main.TestSuiteExecutor.execute(TestSuiteExecutor.java:90)
	at com.kms.katalon.core.main.TestCaseMain.startTestSuite(TestCaseMain.java:157)
	at com.kms.katalon.core.main.TestCaseMain$startTestSuite$0.call(Unknown Source)
	at TempTestSuite1612505441004.run(TempTestSuite1612505441004.groovy:39)
)
[[ATTACHMENT|/Users/chaidir.pratama01/Katalon Studio/IST_Automation_Git/Reports/20210205_131034/RTD/TS_Partner_Disbursement/20210205_131041/1612507135712.png]]

2021-02-05 13:38:56 - [MESSAGE][PASSED] - Verify Search Result Presents

2021-02-05 13:38:56 - [TEST_STEP][PASSED] - Click button "Logout": Click button "Logout"

2021-02-05 13:38:56 - [MESSAGE][INFO] - >>>>>//Button[contains(text(),'Logout')]

2021-02-05 13:38:59 - [MESSAGE][PASSED] - Object '' is present

2021-02-05 13:38:59 - [MESSAGE][PASSED] - Object: '' is clicked on

2021-02-05 13:38:59 - [MESSAGE][PASSED] - Switched to window with index: '0'

2021-02-05 13:38:59 - [MESSAGE][PASSED] - Click button "Logout"

2021-02-05 13:38:59 - [TEST_STEP][PASSED] - Close browser: Close browser

2021-02-05 13:38:59 - [MESSAGE][PASSED] - Browser is closed

2021-02-05 13:38:59 - [MESSAGE][PASSED] - Close browser

2021-02-05 13:38:59 - [TEST_CASE][PASSED] - Start Test Case : SCENARIO Search by STATUS Waiting validation from Risk: SCENARIO Search by STATUS Waiting validation from Risk

2021-02-05 13:38:59 - [TEST_STEP][PASSED] - Go to ISTools: Go to ISTools

2021-02-05 13:38:59 - [MESSAGE][INFO] - Starting 'Chrome (headless)' driver

2021-02-05 13:38:59 - [MESSAGE][INFO] - User set preference: ['args', '[--start-maximized, --disable-gpu, --no-proxy-server, –-no-sandbox, --allow-running-insecure-content, --ignore-certificate-errors, window-size=1680,814, force-device-scale-factor=2, --lang=en-GB]']

2021-02-05 13:38:59 - [MESSAGE][INFO] - User set preference: ['prefs', '{download.default_directory=/Users/chaidir.pratama01/Katalon Studio/IST_Automation_Git/Download}']

2021-02-05 13:38:59 - [MESSAGE][INFO] - Action delay is set to 0 milliseconds

2021-02-05 13:39:00 - [MESSAGE][PASSED] - Browser is opened with url: ''

2021-02-05 13:39:02 - [MESSAGE][PASSED] - Navigate to 'https://dev-istools.homecredit.id/foundation/' successfully

2021-02-05 13:39:02 - [MESSAGE][PASSED] - Go to ISTools

2021-02-05 13:39:02 - [TEST_STEP][PASSED] - Login IST with valid credentials: Login IST with valid credentials

2021-02-05 13:39:02 - [MESSAGE][PASSED] - Text 'mobile.test' is set on object 'Object Repository/Page_/input_Username_j_username'

2021-02-05 13:39:03 - [MESSAGE][PASSED] - Text ****** has been set on object 'Object Repository/Page_/input_Password_j_password'

2021-02-05 13:39:03 - [MESSAGE][PASSED] - Object: 'Object Repository/Page_/button_Login' is clicked on

2021-02-05 13:39:03 - [MESSAGE][PASSED] - Login IST with valid credentials

2021-02-05 13:39:03 - [TEST_STEP][PASSED] - Login Success: Login Success

2021-02-05 13:39:03 - [MESSAGE][INFO] - Login Success

2021-02-05 13:39:03 - [MESSAGE][PASSED] - Current window maximized

2021-02-05 13:39:03 - [MESSAGE][PASSED] - Object 'Object Repository/Page_/h1_Welcome to IT Supporting Tools' is present

2021-02-05 13:39:03 - [MESSAGE][PASSED] - Login Success

2021-02-05 13:39:03 - [TEST_STEP][PASSED] - Select Arrow Menu "Real Time Disbursement": Select Arrow Menu "Real Time Disbursement"

2021-02-05 13:39:03 - [MESSAGE][PASSED] - Object: '' is clicked on

2021-02-05 13:39:03 - [MESSAGE][PASSED] - Select Arrow Menu "Real Time Disbursement"

2021-02-05 13:39:03 - [TEST_STEP][PASSED] - Select Menu "Partner Disbursement": Select Menu "Partner Disbursement"

2021-02-05 13:39:04 - [MESSAGE][PASSED] - Taking screenshot successfully
[[ATTACHMENT|/Users/chaidir.pratama01/Documents/Docs/Katalon Studio/Screenshot/test-Partner Disbursement.png]]

2021-02-05 13:39:04 - [MESSAGE][PASSED] - Object '' is present

2021-02-05 13:39:04 - [MESSAGE][PASSED] - Object: '' is clicked on

2021-02-05 13:39:04 - [MESSAGE][PASSED] - Wait for page load successfully

2021-02-05 13:39:04 - [MESSAGE][PASSED] - Select Menu "Partner Disbursement"

2021-02-05 13:39:04 - [TEST_STEP][PASSED] - Select STATUS "Waiting validation from Risk": Select STATUS "Waiting validation from Risk"

2021-02-05 13:39:04 - [MESSAGE][PASSED] - All options with value 'Waiting validation from Risk' are selected in object ''  using regular expression

2021-02-05 13:39:04 - [MESSAGE][PASSED] - Select STATUS "Waiting validation from Risk"

2021-02-05 13:39:04 - [TEST_STEP][PASSED] - Click button "Search": Click button "Search"

2021-02-05 13:39:04 - [MESSAGE][INFO] - >>>>>//Button[contains(text(),'Search')]

2021-02-05 13:39:08 - [MESSAGE][PASSED] - Object '' is present

2021-02-05 13:39:08 - [MESSAGE][PASSED] - Object: '' is clicked on

2021-02-05 13:39:08 - [MESSAGE][PASSED] - Switched to window with index: '0'

2021-02-05 13:39:08 - [MESSAGE][PASSED] - Click button "Search"

2021-02-05 13:39:08 - [TEST_STEP][PASSED] - Verify Search Result Presents: Verify Search Result Presents

2021-02-05 13:39:12 - [MESSAGE][INFO] - Unable to find the element located by 'By.xpath: //td[@style='display:none' and contains(text(),'-Empty-')]'. Please recheck the objects properties to make sure the desired element is located. 

2021-02-05 13:39:12 - [MESSAGE][WARNING] - com.kms.katalon.core.webui.exception.WebElementNotFoundException: Web element with id: '' located by '//td[@style='display:none' and contains(text(),'-Empty-')]' not found (Root cause: com.kms.katalon.core.exception.StepFailedException: com.kms.katalon.core.webui.exception.WebElementNotFoundException: Web element with id: '' located by '//td[@style='display:none' and contains(text(),'-Empty-')]' not found
	at com.kms.katalon.core.webui.keyword.internal.WebUIKeywordMain.stepFailed(WebUIKeywordMain.groovy:64)
	at com.kms.katalon.core.webui.keyword.builtin.VerifyElementPresentKeyword$_verifyElementPresent_closure1.doCall(VerifyElementPresentKeyword.groovy:85)
	at com.kms.katalon.core.webui.keyword.builtin.VerifyElementPresentKeyword$_verifyElementPresent_closure1.call(VerifyElementPresentKeyword.groovy)
	at com.kms.katalon.core.webui.keyword.internal.WebUIKeywordMain.runKeyword(WebUIKeywordMain.groovy:20)
	at com.kms.katalon.core.webui.keyword.builtin.VerifyElementPresentKeyword.verifyElementPresent(VerifyElementPresentKeyword.groovy:92)
	at com.kms.katalon.core.webui.keyword.builtin.VerifyElementPresentKeyword.execute(VerifyElementPresentKeyword.groovy:68)
	at com.kms.katalon.core.keyword.internal.KeywordExecutor.executeKeywordForPlatform(KeywordExecutor.groovy:73)
	at com.kms.katalon.core.webui.keyword.WebUiBuiltInKeywords.verifyElementPresent(WebUiBuiltInKeywords.groovy:1444)
	at com.kms.katalon.core.webui.keyword.WebUiBuiltInKeywords$verifyElementPresent$11.call(Unknown Source)
	at ist_real.Contract_Dispatcher.VerifyTblFilled(Contract_Dispatcher.groovy:1313)
	at ist_real.Contract_Dispatcher$VerifyTblFilled$0.call(Unknown Source)
	at RTD.Search_Result_Presents(RTD.groovy:189)
	at cucumber.runtime.Utils$1.call(Utils.java:26)
	at cucumber.runtime.Timeout.timeout(Timeout.java:16)
	at cucumber.runtime.Utils.invoke(Utils.java:20)
	at cucumber.runtime.java.JavaStepDefinition.execute(JavaStepDefinition.java:48)
	at cucumber.runtime.PickleStepDefinitionMatch.runStep(PickleStepDefinitionMatch.java:50)
	at cucumber.runner.TestStep.executeStep(TestStep.java:55)
	at cucumber.runner.TestStep.run(TestStep.java:42)
	at cucumber.runner.PickleStepTestStep.run(PickleStepTestStep.java:53)
	at cucumber.runner.TestCase.run(TestCase.java:47)
	at cucumber.runner.Runner.runPickle(Runner.java:44)
	at cucumber.runtime.Runtime.runFeature(Runtime.java:120)
	at cucumber.runtime.Runtime.run(Runtime.java:106)
	at cucumber.api.cli.Main.run(Main.java:35)
	at cucumber.api.cli.Main$run.call(Unknown Source)
	at com.kms.katalon.core.cucumber.keyword.CucumberBuiltinKeywords$_runFeatureFile_closure1.doCall(CucumberBuiltinKeywords.groovy:76)
	at com.kms.katalon.core.cucumber.keyword.CucumberBuiltinKeywords$_runFeatureFile_closure1.doCall(CucumberBuiltinKeywords.groovy)
	at com.kms.katalon.core.keyword.internal.KeywordMain.runKeyword(KeywordMain.groovy:68)
	at com.kms.katalon.core.keyword.internal.KeywordMain$runKeyword.call(Unknown Source)
	at com.kms.katalon.core.cucumber.keyword.CucumberBuiltinKeywords.runFeatureFile(CucumberBuiltinKeywords.groovy:46)
	at com.kms.katalon.core.cucumber.keyword.CucumberBuiltinKeywords$runFeatureFile$0.callStatic(Unknown Source)
	at com.kms.katalon.core.cucumber.keyword.CucumberBuiltinKeywords.runFeatureFile(CucumberBuiltinKeywords.groovy:169)
	at com.kms.katalon.core.cucumber.keyword.CucumberBuiltinKeywords$runFeatureFile.call(Unknown Source)
	at TC_Search_by_STATUS.run(TC_Search_by_STATUS:18)
	at com.kms.katalon.core.main.ScriptEngine.run(ScriptEngine.java:194)
	at com.kms.katalon.core.main.ScriptEngine.runScriptAsRawText(ScriptEngine.java:119)
	at com.kms.katalon.core.main.TestCaseExecutor.runScript(TestCaseExecutor.java:339)
	at com.kms.katalon.core.main.TestCaseExecutor.doExecute(TestCaseExecutor.java:330)
	at com.kms.katalon.core.main.TestCaseExecutor.processExecutionPhase(TestCaseExecutor.java:309)
	at com.kms.katalon.core.main.TestCaseExecutor.accessMainPhase(TestCaseExecutor.java:301)
	at com.kms.katalon.core.main.TestCaseExecutor.execute(TestCaseExecutor.java:235)
	at com.kms.katalon.core.main.TestSuiteExecutor.accessTestCaseMainPhase(TestSuiteExecutor.java:191)
	at com.kms.katalon.core.main.TestSuiteExecutor.accessTestSuiteMainPhase(TestSuiteExecutor.java:141)
	at com.kms.katalon.core.main.TestSuiteExecutor.execute(TestSuiteExecutor.java:90)
	at com.kms.katalon.core.main.TestCaseMain.startTestSuite(TestCaseMain.java:157)
	at com.kms.katalon.core.main.TestCaseMain$startTestSuite$0.call(Unknown Source)
	at TempTestSuite1612505441004.run(TempTestSuite1612505441004.groovy:39)
)
[[ATTACHMENT|/Users/chaidir.pratama01/Katalon Studio/IST_Automation_Git/Reports/20210205_131034/RTD/TS_Partner_Disbursement/20210205_131041/1612507152082.png]]

2021-02-05 13:39:12 - [MESSAGE][PASSED] - Verify Search Result Presents

2021-02-05 13:39:12 - [TEST_STEP][PASSED] - Click button "Logout": Click button "Logout"

2021-02-05 13:39:12 - [MESSAGE][INFO] - >>>>>//Button[contains(text(),'Logout')]

2021-02-05 13:39:15 - [MESSAGE][PASSED] - Object '' is present

2021-02-05 13:39:16 - [MESSAGE][PASSED] - Object: '' is clicked on

2021-02-05 13:39:16 - [MESSAGE][PASSED] - Switched to window with index: '0'

2021-02-05 13:39:16 - [MESSAGE][PASSED] - Click button "Logout"

2021-02-05 13:39:16 - [TEST_STEP][PASSED] - Close browser: Close browser

2021-02-05 13:39:16 - [MESSAGE][PASSED] - Browser is closed

2021-02-05 13:39:16 - [MESSAGE][PASSED] - Close browser

2021-02-05 13:39:16 - [TEST_CASE][PASSED] - Start Test Case : SCENARIO Search by STATUS Waiting validation from In Payment: SCENARIO Search by STATUS Waiting validation from In Payment

2021-02-05 13:39:16 - [TEST_STEP][PASSED] - Go to ISTools: Go to ISTools

2021-02-05 13:39:16 - [MESSAGE][INFO] - Starting 'Chrome (headless)' driver

2021-02-05 13:39:16 - [MESSAGE][INFO] - User set preference: ['args', '[--start-maximized, --disable-gpu, --no-proxy-server, –-no-sandbox, --allow-running-insecure-content, --ignore-certificate-errors, window-size=1680,814, force-device-scale-factor=2, --lang=en-GB]']

2021-02-05 13:39:16 - [MESSAGE][INFO] - User set preference: ['prefs', '{download.default_directory=/Users/chaidir.pratama01/Katalon Studio/IST_Automation_Git/Download}']

2021-02-05 13:39:16 - [MESSAGE][INFO] - Action delay is set to 0 milliseconds

2021-02-05 13:39:16 - [MESSAGE][PASSED] - Browser is opened with url: ''

2021-02-05 13:39:18 - [MESSAGE][PASSED] - Navigate to 'https://dev-istools.homecredit.id/foundation/' successfully

2021-02-05 13:39:18 - [MESSAGE][PASSED] - Go to ISTools

2021-02-05 13:39:18 - [TEST_STEP][PASSED] - Login IST with valid credentials: Login IST with valid credentials

2021-02-05 13:39:18 - [MESSAGE][PASSED] - Text 'mobile.test' is set on object 'Object Repository/Page_/input_Username_j_username'

2021-02-05 13:39:18 - [MESSAGE][PASSED] - Text ****** has been set on object 'Object Repository/Page_/input_Password_j_password'

2021-02-05 13:39:19 - [MESSAGE][PASSED] - Object: 'Object Repository/Page_/button_Login' is clicked on

2021-02-05 13:39:19 - [MESSAGE][PASSED] - Login IST with valid credentials

2021-02-05 13:39:19 - [TEST_STEP][PASSED] - Login Success: Login Success

2021-02-05 13:39:19 - [MESSAGE][INFO] - Login Success

2021-02-05 13:39:19 - [MESSAGE][PASSED] - Current window maximized

2021-02-05 13:39:19 - [MESSAGE][PASSED] - Object 'Object Repository/Page_/h1_Welcome to IT Supporting Tools' is present

2021-02-05 13:39:19 - [MESSAGE][PASSED] - Login Success

2021-02-05 13:39:19 - [TEST_STEP][PASSED] - Select Arrow Menu "Real Time Disbursement": Select Arrow Menu "Real Time Disbursement"

2021-02-05 13:39:19 - [MESSAGE][PASSED] - Object: '' is clicked on

2021-02-05 13:39:19 - [MESSAGE][PASSED] - Select Arrow Menu "Real Time Disbursement"

2021-02-05 13:39:19 - [TEST_STEP][PASSED] - Select Menu "Partner Disbursement": Select Menu "Partner Disbursement"

2021-02-05 13:39:20 - [MESSAGE][PASSED] - Taking screenshot successfully
[[ATTACHMENT|/Users/chaidir.pratama01/Documents/Docs/Katalon Studio/Screenshot/test-Partner Disbursement.png]]

2021-02-05 13:39:20 - [MESSAGE][PASSED] - Object '' is present

2021-02-05 13:39:20 - [MESSAGE][PASSED] - Object: '' is clicked on

2021-02-05 13:39:20 - [MESSAGE][PASSED] - Wait for page load successfully

2021-02-05 13:39:20 - [MESSAGE][PASSED] - Select Menu "Partner Disbursement"

2021-02-05 13:39:20 - [TEST_STEP][PASSED] - Select STATUS "Waiting validation from In Payment": Select STATUS "Waiting validation from In Payment"

2021-02-05 13:39:20 - [MESSAGE][PASSED] - All options with value 'Waiting validation from In Payment' are selected in object ''  using regular expression

2021-02-05 13:39:20 - [MESSAGE][PASSED] - Select STATUS "Waiting validation from In Payment"

2021-02-05 13:39:20 - [TEST_STEP][PASSED] - Click button "Search": Click button "Search"

2021-02-05 13:39:20 - [MESSAGE][INFO] - >>>>>//Button[contains(text(),'Search')]

2021-02-05 13:39:23 - [MESSAGE][PASSED] - Object '' is present

2021-02-05 13:39:23 - [MESSAGE][PASSED] - Object: '' is clicked on

2021-02-05 13:39:23 - [MESSAGE][PASSED] - Switched to window with index: '0'

2021-02-05 13:39:23 - [MESSAGE][PASSED] - Click button "Search"

2021-02-05 13:39:23 - [TEST_STEP][PASSED] - Verify Search Result Presents: Verify Search Result Presents

2021-02-05 13:39:27 - [MESSAGE][INFO] - Unable to find the element located by 'By.xpath: //td[@style='display:none' and contains(text(),'-Empty-')]'. Please recheck the objects properties to make sure the desired element is located. 

2021-02-05 13:39:28 - [MESSAGE][WARNING] - com.kms.katalon.core.webui.exception.WebElementNotFoundException: Web element with id: '' located by '//td[@style='display:none' and contains(text(),'-Empty-')]' not found (Root cause: com.kms.katalon.core.exception.StepFailedException: com.kms.katalon.core.webui.exception.WebElementNotFoundException: Web element with id: '' located by '//td[@style='display:none' and contains(text(),'-Empty-')]' not found
	at com.kms.katalon.core.webui.keyword.internal.WebUIKeywordMain.stepFailed(WebUIKeywordMain.groovy:64)
	at com.kms.katalon.core.webui.keyword.builtin.VerifyElementPresentKeyword$_verifyElementPresent_closure1.doCall(VerifyElementPresentKeyword.groovy:85)
	at com.kms.katalon.core.webui.keyword.builtin.VerifyElementPresentKeyword$_verifyElementPresent_closure1.call(VerifyElementPresentKeyword.groovy)
	at com.kms.katalon.core.webui.keyword.internal.WebUIKeywordMain.runKeyword(WebUIKeywordMain.groovy:20)
	at com.kms.katalon.core.webui.keyword.builtin.VerifyElementPresentKeyword.verifyElementPresent(VerifyElementPresentKeyword.groovy:92)
	at com.kms.katalon.core.webui.keyword.builtin.VerifyElementPresentKeyword.execute(VerifyElementPresentKeyword.groovy:68)
	at com.kms.katalon.core.keyword.internal.KeywordExecutor.executeKeywordForPlatform(KeywordExecutor.groovy:73)
	at com.kms.katalon.core.webui.keyword.WebUiBuiltInKeywords.verifyElementPresent(WebUiBuiltInKeywords.groovy:1444)
	at com.kms.katalon.core.webui.keyword.WebUiBuiltInKeywords$verifyElementPresent$11.call(Unknown Source)
	at ist_real.Contract_Dispatcher.VerifyTblFilled(Contract_Dispatcher.groovy:1313)
	at ist_real.Contract_Dispatcher$VerifyTblFilled$0.call(Unknown Source)
	at RTD.Search_Result_Presents(RTD.groovy:189)
	at cucumber.runtime.Utils$1.call(Utils.java:26)
	at cucumber.runtime.Timeout.timeout(Timeout.java:16)
	at cucumber.runtime.Utils.invoke(Utils.java:20)
	at cucumber.runtime.java.JavaStepDefinition.execute(JavaStepDefinition.java:48)
	at cucumber.runtime.PickleStepDefinitionMatch.runStep(PickleStepDefinitionMatch.java:50)
	at cucumber.runner.TestStep.executeStep(TestStep.java:55)
	at cucumber.runner.TestStep.run(TestStep.java:42)
	at cucumber.runner.PickleStepTestStep.run(PickleStepTestStep.java:53)
	at cucumber.runner.TestCase.run(TestCase.java:47)
	at cucumber.runner.Runner.runPickle(Runner.java:44)
	at cucumber.runtime.Runtime.runFeature(Runtime.java:120)
	at cucumber.runtime.Runtime.run(Runtime.java:106)
	at cucumber.api.cli.Main.run(Main.java:35)
	at cucumber.api.cli.Main$run.call(Unknown Source)
	at com.kms.katalon.core.cucumber.keyword.CucumberBuiltinKeywords$_runFeatureFile_closure1.doCall(CucumberBuiltinKeywords.groovy:76)
	at com.kms.katalon.core.cucumber.keyword.CucumberBuiltinKeywords$_runFeatureFile_closure1.doCall(CucumberBuiltinKeywords.groovy)
	at com.kms.katalon.core.keyword.internal.KeywordMain.runKeyword(KeywordMain.groovy:68)
	at com.kms.katalon.core.keyword.internal.KeywordMain$runKeyword.call(Unknown Source)
	at com.kms.katalon.core.cucumber.keyword.CucumberBuiltinKeywords.runFeatureFile(CucumberBuiltinKeywords.groovy:46)
	at com.kms.katalon.core.cucumber.keyword.CucumberBuiltinKeywords$runFeatureFile$0.callStatic(Unknown Source)
	at com.kms.katalon.core.cucumber.keyword.CucumberBuiltinKeywords.runFeatureFile(CucumberBuiltinKeywords.groovy:169)
	at com.kms.katalon.core.cucumber.keyword.CucumberBuiltinKeywords$runFeatureFile.call(Unknown Source)
	at TC_Search_by_STATUS.run(TC_Search_by_STATUS:18)
	at com.kms.katalon.core.main.ScriptEngine.run(ScriptEngine.java:194)
	at com.kms.katalon.core.main.ScriptEngine.runScriptAsRawText(ScriptEngine.java:119)
	at com.kms.katalon.core.main.TestCaseExecutor.runScript(TestCaseExecutor.java:339)
	at com.kms.katalon.core.main.TestCaseExecutor.doExecute(TestCaseExecutor.java:330)
	at com.kms.katalon.core.main.TestCaseExecutor.processExecutionPhase(TestCaseExecutor.java:309)
	at com.kms.katalon.core.main.TestCaseExecutor.accessMainPhase(TestCaseExecutor.java:301)
	at com.kms.katalon.core.main.TestCaseExecutor.execute(TestCaseExecutor.java:235)
	at com.kms.katalon.core.main.TestSuiteExecutor.accessTestCaseMainPhase(TestSuiteExecutor.java:191)
	at com.kms.katalon.core.main.TestSuiteExecutor.accessTestSuiteMainPhase(TestSuiteExecutor.java:141)
	at com.kms.katalon.core.main.TestSuiteExecutor.execute(TestSuiteExecutor.java:90)
	at com.kms.katalon.core.main.TestCaseMain.startTestSuite(TestCaseMain.java:157)
	at com.kms.katalon.core.main.TestCaseMain$startTestSuite$0.call(Unknown Source)
	at TempTestSuite1612505441004.run(TempTestSuite1612505441004.groovy:39)
)
[[ATTACHMENT|/Users/chaidir.pratama01/Katalon Studio/IST_Automation_Git/Reports/20210205_131034/RTD/TS_Partner_Disbursement/20210205_131041/1612507167795.png]]

2021-02-05 13:39:28 - [MESSAGE][PASSED] - Verify Search Result Presents

2021-02-05 13:39:28 - [TEST_STEP][PASSED] - Click button "Logout": Click button "Logout"

2021-02-05 13:39:28 - [MESSAGE][INFO] - >>>>>//Button[contains(text(),'Logout')]

2021-02-05 13:39:31 - [MESSAGE][PASSED] - Object '' is present

2021-02-05 13:39:32 - [MESSAGE][PASSED] - Object: '' is clicked on

2021-02-05 13:39:32 - [MESSAGE][PASSED] - Switched to window with index: '0'

2021-02-05 13:39:32 - [MESSAGE][PASSED] - Click button "Logout"

2021-02-05 13:39:32 - [TEST_STEP][PASSED] - Close browser: Close browser

2021-02-05 13:39:32 - [MESSAGE][PASSED] - Browser is closed

2021-02-05 13:39:32 - [MESSAGE][PASSED] - Close browser

2021-02-05 13:39:32 - [TEST_CASE][PASSED] - Start Test Case : SCENARIO Search by STATUS Not Eligible to Disburse: SCENARIO Search by STATUS Not Eligible to Disburse

2021-02-05 13:39:32 - [TEST_STEP][PASSED] - Go to ISTools: Go to ISTools

2021-02-05 13:39:32 - [MESSAGE][INFO] - Starting 'Chrome (headless)' driver

2021-02-05 13:39:32 - [MESSAGE][INFO] - User set preference: ['args', '[--start-maximized, --disable-gpu, --no-proxy-server, –-no-sandbox, --allow-running-insecure-content, --ignore-certificate-errors, window-size=1680,814, force-device-scale-factor=2, --lang=en-GB]']

2021-02-05 13:39:32 - [MESSAGE][INFO] - User set preference: ['prefs', '{download.default_directory=/Users/chaidir.pratama01/Katalon Studio/IST_Automation_Git/Download}']

2021-02-05 13:39:32 - [MESSAGE][INFO] - Action delay is set to 0 milliseconds

2021-02-05 13:39:32 - [MESSAGE][PASSED] - Browser is opened with url: ''

2021-02-05 13:39:35 - [MESSAGE][PASSED] - Navigate to 'https://dev-istools.homecredit.id/foundation/' successfully

2021-02-05 13:39:35 - [MESSAGE][PASSED] - Go to ISTools

2021-02-05 13:39:35 - [TEST_STEP][PASSED] - Login IST with valid credentials: Login IST with valid credentials

2021-02-05 13:39:35 - [MESSAGE][PASSED] - Text 'mobile.test' is set on object 'Object Repository/Page_/input_Username_j_username'

2021-02-05 13:39:35 - [MESSAGE][PASSED] - Text ****** has been set on object 'Object Repository/Page_/input_Password_j_password'

2021-02-05 13:39:36 - [MESSAGE][PASSED] - Object: 'Object Repository/Page_/button_Login' is clicked on

2021-02-05 13:39:36 - [MESSAGE][PASSED] - Login IST with valid credentials

2021-02-05 13:39:36 - [TEST_STEP][PASSED] - Login Success: Login Success

2021-02-05 13:39:36 - [MESSAGE][INFO] - Login Success

2021-02-05 13:39:36 - [MESSAGE][PASSED] - Current window maximized

2021-02-05 13:39:36 - [MESSAGE][PASSED] - Object 'Object Repository/Page_/h1_Welcome to IT Supporting Tools' is present

2021-02-05 13:39:36 - [MESSAGE][PASSED] - Login Success

2021-02-05 13:39:36 - [TEST_STEP][PASSED] - Select Arrow Menu "Real Time Disbursement": Select Arrow Menu "Real Time Disbursement"

2021-02-05 13:39:37 - [MESSAGE][PASSED] - Object: '' is clicked on

2021-02-05 13:39:37 - [MESSAGE][PASSED] - Select Arrow Menu "Real Time Disbursement"

2021-02-05 13:39:37 - [TEST_STEP][PASSED] - Select Menu "Partner Disbursement": Select Menu "Partner Disbursement"

2021-02-05 13:39:37 - [MESSAGE][PASSED] - Taking screenshot successfully
[[ATTACHMENT|/Users/chaidir.pratama01/Documents/Docs/Katalon Studio/Screenshot/test-Partner Disbursement.png]]

2021-02-05 13:39:37 - [MESSAGE][PASSED] - Object '' is present

2021-02-05 13:39:37 - [MESSAGE][PASSED] - Object: '' is clicked on

2021-02-05 13:39:37 - [MESSAGE][PASSED] - Wait for page load successfully

2021-02-05 13:39:37 - [MESSAGE][PASSED] - Select Menu "Partner Disbursement"

2021-02-05 13:39:37 - [TEST_STEP][PASSED] - Select STATUS "Not eligible to disburse": Select STATUS "Not eligible to disburse"

2021-02-05 13:39:38 - [MESSAGE][PASSED] - All options with value 'Not eligible to disburse' are selected in object ''  using regular expression

2021-02-05 13:39:38 - [MESSAGE][PASSED] - Select STATUS "Not eligible to disburse"

2021-02-05 13:39:38 - [TEST_STEP][PASSED] - Click button "Search": Click button "Search"

2021-02-05 13:39:38 - [MESSAGE][INFO] - >>>>>//Button[contains(text(),'Search')]

2021-02-05 13:39:41 - [MESSAGE][PASSED] - Object '' is present

2021-02-05 13:39:41 - [MESSAGE][PASSED] - Object: '' is clicked on

2021-02-05 13:39:41 - [MESSAGE][PASSED] - Switched to window with index: '0'

2021-02-05 13:39:41 - [MESSAGE][PASSED] - Click button "Search"

2021-02-05 13:39:41 - [TEST_STEP][PASSED] - Verify Search Result Presents: Verify Search Result Presents

2021-02-05 13:39:45 - [MESSAGE][INFO] - Unable to find the element located by 'By.xpath: //td[@style='display:none' and contains(text(),'-Empty-')]'. Please recheck the objects properties to make sure the desired element is located. 

2021-02-05 13:39:45 - [MESSAGE][WARNING] - com.kms.katalon.core.webui.exception.WebElementNotFoundException: Web element with id: '' located by '//td[@style='display:none' and contains(text(),'-Empty-')]' not found (Root cause: com.kms.katalon.core.exception.StepFailedException: com.kms.katalon.core.webui.exception.WebElementNotFoundException: Web element with id: '' located by '//td[@style='display:none' and contains(text(),'-Empty-')]' not found
	at com.kms.katalon.core.webui.keyword.internal.WebUIKeywordMain.stepFailed(WebUIKeywordMain.groovy:64)
	at com.kms.katalon.core.webui.keyword.builtin.VerifyElementPresentKeyword$_verifyElementPresent_closure1.doCall(VerifyElementPresentKeyword.groovy:85)
	at com.kms.katalon.core.webui.keyword.builtin.VerifyElementPresentKeyword$_verifyElementPresent_closure1.call(VerifyElementPresentKeyword.groovy)
	at com.kms.katalon.core.webui.keyword.internal.WebUIKeywordMain.runKeyword(WebUIKeywordMain.groovy:20)
	at com.kms.katalon.core.webui.keyword.builtin.VerifyElementPresentKeyword.verifyElementPresent(VerifyElementPresentKeyword.groovy:92)
	at com.kms.katalon.core.webui.keyword.builtin.VerifyElementPresentKeyword.execute(VerifyElementPresentKeyword.groovy:68)
	at com.kms.katalon.core.keyword.internal.KeywordExecutor.executeKeywordForPlatform(KeywordExecutor.groovy:73)
	at com.kms.katalon.core.webui.keyword.WebUiBuiltInKeywords.verifyElementPresent(WebUiBuiltInKeywords.groovy:1444)
	at com.kms.katalon.core.webui.keyword.WebUiBuiltInKeywords$verifyElementPresent$11.call(Unknown Source)
	at ist_real.Contract_Dispatcher.VerifyTblFilled(Contract_Dispatcher.groovy:1313)
	at ist_real.Contract_Dispatcher$VerifyTblFilled$0.call(Unknown Source)
	at RTD.Search_Result_Presents(RTD.groovy:189)
	at cucumber.runtime.Utils$1.call(Utils.java:26)
	at cucumber.runtime.Timeout.timeout(Timeout.java:16)
	at cucumber.runtime.Utils.invoke(Utils.java:20)
	at cucumber.runtime.java.JavaStepDefinition.execute(JavaStepDefinition.java:48)
	at cucumber.runtime.PickleStepDefinitionMatch.runStep(PickleStepDefinitionMatch.java:50)
	at cucumber.runner.TestStep.executeStep(TestStep.java:55)
	at cucumber.runner.TestStep.run(TestStep.java:42)
	at cucumber.runner.PickleStepTestStep.run(PickleStepTestStep.java:53)
	at cucumber.runner.TestCase.run(TestCase.java:47)
	at cucumber.runner.Runner.runPickle(Runner.java:44)
	at cucumber.runtime.Runtime.runFeature(Runtime.java:120)
	at cucumber.runtime.Runtime.run(Runtime.java:106)
	at cucumber.api.cli.Main.run(Main.java:35)
	at cucumber.api.cli.Main$run.call(Unknown Source)
	at com.kms.katalon.core.cucumber.keyword.CucumberBuiltinKeywords$_runFeatureFile_closure1.doCall(CucumberBuiltinKeywords.groovy:76)
	at com.kms.katalon.core.cucumber.keyword.CucumberBuiltinKeywords$_runFeatureFile_closure1.doCall(CucumberBuiltinKeywords.groovy)
	at com.kms.katalon.core.keyword.internal.KeywordMain.runKeyword(KeywordMain.groovy:68)
	at com.kms.katalon.core.keyword.internal.KeywordMain$runKeyword.call(Unknown Source)
	at com.kms.katalon.core.cucumber.keyword.CucumberBuiltinKeywords.runFeatureFile(CucumberBuiltinKeywords.groovy:46)
	at com.kms.katalon.core.cucumber.keyword.CucumberBuiltinKeywords$runFeatureFile$0.callStatic(Unknown Source)
	at com.kms.katalon.core.cucumber.keyword.CucumberBuiltinKeywords.runFeatureFile(CucumberBuiltinKeywords.groovy:169)
	at com.kms.katalon.core.cucumber.keyword.CucumberBuiltinKeywords$runFeatureFile.call(Unknown Source)
	at TC_Search_by_STATUS.run(TC_Search_by_STATUS:18)
	at com.kms.katalon.core.main.ScriptEngine.run(ScriptEngine.java:194)
	at com.kms.katalon.core.main.ScriptEngine.runScriptAsRawText(ScriptEngine.java:119)
	at com.kms.katalon.core.main.TestCaseExecutor.runScript(TestCaseExecutor.java:339)
	at com.kms.katalon.core.main.TestCaseExecutor.doExecute(TestCaseExecutor.java:330)
	at com.kms.katalon.core.main.TestCaseExecutor.processExecutionPhase(TestCaseExecutor.java:309)
	at com.kms.katalon.core.main.TestCaseExecutor.accessMainPhase(TestCaseExecutor.java:301)
	at com.kms.katalon.core.main.TestCaseExecutor.execute(TestCaseExecutor.java:235)
	at com.kms.katalon.core.main.TestSuiteExecutor.accessTestCaseMainPhase(TestSuiteExecutor.java:191)
	at com.kms.katalon.core.main.TestSuiteExecutor.accessTestSuiteMainPhase(TestSuiteExecutor.java:141)
	at com.kms.katalon.core.main.TestSuiteExecutor.execute(TestSuiteExecutor.java:90)
	at com.kms.katalon.core.main.TestCaseMain.startTestSuite(TestCaseMain.java:157)
	at com.kms.katalon.core.main.TestCaseMain$startTestSuite$0.call(Unknown Source)
	at TempTestSuite1612505441004.run(TempTestSuite1612505441004.groovy:39)
)
[[ATTACHMENT|/Users/chaidir.pratama01/Katalon Studio/IST_Automation_Git/Reports/20210205_131034/RTD/TS_Partner_Disbursement/20210205_131041/1612507185387.png]]

2021-02-05 13:39:46 - [MESSAGE][PASSED] - Verify Search Result Presents

2021-02-05 13:39:46 - [TEST_STEP][PASSED] - Click button "Logout": Click button "Logout"

2021-02-05 13:39:46 - [MESSAGE][INFO] - >>>>>//Button[contains(text(),'Logout')]

2021-02-05 13:39:49 - [MESSAGE][PASSED] - Object '' is present

2021-02-05 13:39:49 - [MESSAGE][PASSED] - Object: '' is clicked on

2021-02-05 13:39:49 - [MESSAGE][PASSED] - Switched to window with index: '0'

2021-02-05 13:39:49 - [MESSAGE][PASSED] - Click button "Logout"

2021-02-05 13:39:49 - [TEST_STEP][PASSED] - Close browser: Close browser

2021-02-05 13:39:49 - [MESSAGE][PASSED] - Browser is closed

2021-02-05 13:39:49 - [MESSAGE][PASSED] - Close browser

2021-02-05 13:39:49 - [TEST_CASE][PASSED] - Start Test Case : SCENARIO Search by STATUS Ready to disburse: SCENARIO Search by STATUS Ready to disburse

2021-02-05 13:39:49 - [TEST_STEP][PASSED] - Go to ISTools: Go to ISTools

2021-02-05 13:39:49 - [MESSAGE][INFO] - Starting 'Chrome (headless)' driver

2021-02-05 13:39:49 - [MESSAGE][INFO] - User set preference: ['args', '[--start-maximized, --disable-gpu, --no-proxy-server, –-no-sandbox, --allow-running-insecure-content, --ignore-certificate-errors, window-size=1680,814, force-device-scale-factor=2, --lang=en-GB]']

2021-02-05 13:39:49 - [MESSAGE][INFO] - User set preference: ['prefs', '{download.default_directory=/Users/chaidir.pratama01/Katalon Studio/IST_Automation_Git/Download}']

2021-02-05 13:39:49 - [MESSAGE][INFO] - Action delay is set to 0 milliseconds

2021-02-05 13:39:49 - [MESSAGE][PASSED] - Browser is opened with url: ''

2021-02-05 13:39:51 - [MESSAGE][PASSED] - Navigate to 'https://dev-istools.homecredit.id/foundation/' successfully

2021-02-05 13:39:51 - [MESSAGE][PASSED] - Go to ISTools

2021-02-05 13:39:51 - [TEST_STEP][PASSED] - Login IST with valid credentials: Login IST with valid credentials

2021-02-05 13:39:51 - [MESSAGE][PASSED] - Text 'mobile.test' is set on object 'Object Repository/Page_/input_Username_j_username'

2021-02-05 13:39:51 - [MESSAGE][PASSED] - Text ****** has been set on object 'Object Repository/Page_/input_Password_j_password'

2021-02-05 13:39:52 - [MESSAGE][PASSED] - Object: 'Object Repository/Page_/button_Login' is clicked on

2021-02-05 13:39:52 - [MESSAGE][PASSED] - Login IST with valid credentials

2021-02-05 13:39:52 - [TEST_STEP][PASSED] - Login Success: Login Success

2021-02-05 13:39:52 - [MESSAGE][INFO] - Login Success

2021-02-05 13:39:52 - [MESSAGE][PASSED] - Current window maximized

2021-02-05 13:39:52 - [MESSAGE][PASSED] - Object 'Object Repository/Page_/h1_Welcome to IT Supporting Tools' is present

2021-02-05 13:39:52 - [MESSAGE][PASSED] - Login Success

2021-02-05 13:39:52 - [TEST_STEP][PASSED] - Select Arrow Menu "Real Time Disbursement": Select Arrow Menu "Real Time Disbursement"

2021-02-05 13:39:52 - [MESSAGE][PASSED] - Object: '' is clicked on

2021-02-05 13:39:52 - [MESSAGE][PASSED] - Select Arrow Menu "Real Time Disbursement"

2021-02-05 13:39:52 - [TEST_STEP][PASSED] - Select Menu "Partner Disbursement": Select Menu "Partner Disbursement"

2021-02-05 13:39:53 - [MESSAGE][PASSED] - Taking screenshot successfully
[[ATTACHMENT|/Users/chaidir.pratama01/Documents/Docs/Katalon Studio/Screenshot/test-Partner Disbursement.png]]

2021-02-05 13:39:53 - [MESSAGE][PASSED] - Object '' is present

2021-02-05 13:39:53 - [MESSAGE][PASSED] - Object: '' is clicked on

2021-02-05 13:39:53 - [MESSAGE][PASSED] - Wait for page load successfully

2021-02-05 13:39:53 - [MESSAGE][PASSED] - Select Menu "Partner Disbursement"

2021-02-05 13:39:53 - [TEST_STEP][PASSED] - Select STATUS "Ready to disburse": Select STATUS "Ready to disburse"

2021-02-05 13:39:53 - [MESSAGE][PASSED] - All options with value 'Ready to disburse' are selected in object ''  using regular expression

2021-02-05 13:39:53 - [MESSAGE][PASSED] - Select STATUS "Ready to disburse"

2021-02-05 13:39:53 - [TEST_STEP][PASSED] - Click button "Search": Click button "Search"

2021-02-05 13:39:53 - [MESSAGE][INFO] - >>>>>//Button[contains(text(),'Search')]

2021-02-05 13:39:56 - [MESSAGE][PASSED] - Object '' is present

2021-02-05 13:39:56 - [MESSAGE][PASSED] - Object: '' is clicked on

2021-02-05 13:39:56 - [MESSAGE][PASSED] - Switched to window with index: '0'

2021-02-05 13:39:56 - [MESSAGE][PASSED] - Click button "Search"

2021-02-05 13:39:56 - [TEST_STEP][PASSED] - Verify Search Result Presents: Verify Search Result Presents

2021-02-05 13:39:56 - [MESSAGE][PASSED] - Object '' is present

2021-02-05 13:40:01 - [MESSAGE][PASSED] - Verify Search Result Presents

2021-02-05 13:40:01 - [TEST_STEP][PASSED] - Click button "Logout": Click button "Logout"

2021-02-05 13:40:01 - [MESSAGE][INFO] - >>>>>//Button[contains(text(),'Logout')]

2021-02-05 13:40:04 - [MESSAGE][PASSED] - Object '' is present

2021-02-05 13:40:04 - [MESSAGE][PASSED] - Object: '' is clicked on

2021-02-05 13:40:04 - [MESSAGE][PASSED] - Switched to window with index: '0'

2021-02-05 13:40:04 - [MESSAGE][PASSED] - Click button "Logout"

2021-02-05 13:40:04 - [TEST_STEP][PASSED] - Close browser: Close browser

2021-02-05 13:40:04 - [MESSAGE][PASSED] - Browser is closed

2021-02-05 13:40:04 - [MESSAGE][PASSED] - Close browser

2021-02-05 13:40:04 - [TEST_CASE][PASSED] - Start Test Case : SCENARIO Search by STATUS Failed due to invalid bank account: SCENARIO Search by STATUS Failed due to invalid bank account

2021-02-05 13:40:04 - [TEST_STEP][PASSED] - Go to ISTools: Go to ISTools

2021-02-05 13:40:04 - [MESSAGE][INFO] - Starting 'Chrome (headless)' driver

2021-02-05 13:40:04 - [MESSAGE][INFO] - User set preference: ['args', '[--start-maximized, --disable-gpu, --no-proxy-server, –-no-sandbox, --allow-running-insecure-content, --ignore-certificate-errors, window-size=1680,814, force-device-scale-factor=2, --lang=en-GB]']

2021-02-05 13:40:04 - [MESSAGE][INFO] - User set preference: ['prefs', '{download.default_directory=/Users/chaidir.pratama01/Katalon Studio/IST_Automation_Git/Download}']

2021-02-05 13:40:04 - [MESSAGE][INFO] - Action delay is set to 0 milliseconds

2021-02-05 13:40:05 - [MESSAGE][PASSED] - Browser is opened with url: ''

2021-02-05 13:40:07 - [MESSAGE][PASSED] - Navigate to 'https://dev-istools.homecredit.id/foundation/' successfully

2021-02-05 13:40:07 - [MESSAGE][PASSED] - Go to ISTools

2021-02-05 13:40:07 - [TEST_STEP][PASSED] - Login IST with valid credentials: Login IST with valid credentials

2021-02-05 13:40:07 - [MESSAGE][PASSED] - Text 'mobile.test' is set on object 'Object Repository/Page_/input_Username_j_username'

2021-02-05 13:40:07 - [MESSAGE][PASSED] - Text ****** has been set on object 'Object Repository/Page_/input_Password_j_password'

2021-02-05 13:40:08 - [MESSAGE][PASSED] - Object: 'Object Repository/Page_/button_Login' is clicked on

2021-02-05 13:40:08 - [MESSAGE][PASSED] - Login IST with valid credentials

2021-02-05 13:40:08 - [TEST_STEP][PASSED] - Login Success: Login Success

2021-02-05 13:40:08 - [MESSAGE][INFO] - Login Success

2021-02-05 13:40:08 - [MESSAGE][PASSED] - Current window maximized

2021-02-05 13:40:08 - [MESSAGE][PASSED] - Object 'Object Repository/Page_/h1_Welcome to IT Supporting Tools' is present

2021-02-05 13:40:08 - [MESSAGE][PASSED] - Login Success

2021-02-05 13:40:08 - [TEST_STEP][PASSED] - Select Arrow Menu "Real Time Disbursement": Select Arrow Menu "Real Time Disbursement"

2021-02-05 13:40:08 - [MESSAGE][PASSED] - Object: '' is clicked on

2021-02-05 13:40:08 - [MESSAGE][PASSED] - Select Arrow Menu "Real Time Disbursement"

2021-02-05 13:40:08 - [TEST_STEP][PASSED] - Select Menu "Partner Disbursement": Select Menu "Partner Disbursement"

2021-02-05 13:40:09 - [MESSAGE][PASSED] - Taking screenshot successfully
[[ATTACHMENT|/Users/chaidir.pratama01/Documents/Docs/Katalon Studio/Screenshot/test-Partner Disbursement.png]]

2021-02-05 13:40:09 - [MESSAGE][PASSED] - Object '' is present

2021-02-05 13:40:09 - [MESSAGE][PASSED] - Object: '' is clicked on

2021-02-05 13:40:09 - [MESSAGE][PASSED] - Wait for page load successfully

2021-02-05 13:40:09 - [MESSAGE][PASSED] - Select Menu "Partner Disbursement"

2021-02-05 13:40:09 - [TEST_STEP][PASSED] - Select STATUS "Failed due to invalid bank account": Select STATUS "Failed due to invalid bank account"

2021-02-05 13:40:10 - [MESSAGE][PASSED] - All options with value 'Failed due to invalid bank account' are selected in object ''  using regular expression

2021-02-05 13:40:10 - [MESSAGE][PASSED] - Select STATUS "Failed due to invalid bank account"

2021-02-05 13:40:10 - [TEST_STEP][PASSED] - Click button "Search": Click button "Search"

2021-02-05 13:40:10 - [MESSAGE][INFO] - >>>>>//Button[contains(text(),'Search')]

2021-02-05 13:40:13 - [MESSAGE][PASSED] - Object '' is present

2021-02-05 13:40:13 - [MESSAGE][PASSED] - Object: '' is clicked on

2021-02-05 13:40:13 - [MESSAGE][PASSED] - Switched to window with index: '0'

2021-02-05 13:40:13 - [MESSAGE][PASSED] - Click button "Search"

2021-02-05 13:40:13 - [TEST_STEP][PASSED] - Verify Search Result Presents: Verify Search Result Presents

2021-02-05 13:40:13 - [MESSAGE][PASSED] - Object '' is present

2021-02-05 13:40:21 - [MESSAGE][PASSED] - Verify Search Result Presents

2021-02-05 13:40:21 - [TEST_STEP][PASSED] - Click button "Logout": Click button "Logout"

2021-02-05 13:40:21 - [MESSAGE][INFO] - >>>>>//Button[contains(text(),'Logout')]

2021-02-05 13:40:24 - [MESSAGE][PASSED] - Object '' is present

2021-02-05 13:40:24 - [MESSAGE][PASSED] - Object: '' is clicked on

2021-02-05 13:40:24 - [MESSAGE][PASSED] - Switched to window with index: '0'

2021-02-05 13:40:24 - [MESSAGE][PASSED] - Click button "Logout"

2021-02-05 13:40:24 - [TEST_STEP][PASSED] - Close browser: Close browser

2021-02-05 13:40:24 - [MESSAGE][PASSED] - Browser is closed

2021-02-05 13:40:24 - [MESSAGE][PASSED] - Close browser

2021-02-05 13:40:24 - [TEST_CASE][PASSED] - Start Test Case : SCENARIO Search by STATUS Failed due to system error: SCENARIO Search by STATUS Failed due to system error

2021-02-05 13:40:24 - [TEST_STEP][PASSED] - Go to ISTools: Go to ISTools

2021-02-05 13:40:24 - [MESSAGE][INFO] - Starting 'Chrome (headless)' driver

2021-02-05 13:40:24 - [MESSAGE][INFO] - User set preference: ['args', '[--start-maximized, --disable-gpu, --no-proxy-server, –-no-sandbox, --allow-running-insecure-content, --ignore-certificate-errors, window-size=1680,814, force-device-scale-factor=2, --lang=en-GB]']

2021-02-05 13:40:24 - [MESSAGE][INFO] - User set preference: ['prefs', '{download.default_directory=/Users/chaidir.pratama01/Katalon Studio/IST_Automation_Git/Download}']

2021-02-05 13:40:24 - [MESSAGE][INFO] - Action delay is set to 0 milliseconds

2021-02-05 13:40:25 - [MESSAGE][PASSED] - Browser is opened with url: ''

2021-02-05 13:40:26 - [MESSAGE][PASSED] - Navigate to 'https://dev-istools.homecredit.id/foundation/' successfully

2021-02-05 13:40:26 - [MESSAGE][PASSED] - Go to ISTools

2021-02-05 13:40:26 - [TEST_STEP][PASSED] - Login IST with valid credentials: Login IST with valid credentials

2021-02-05 13:40:27 - [MESSAGE][PASSED] - Text 'mobile.test' is set on object 'Object Repository/Page_/input_Username_j_username'

2021-02-05 13:40:27 - [MESSAGE][PASSED] - Text ****** has been set on object 'Object Repository/Page_/input_Password_j_password'

2021-02-05 13:40:28 - [MESSAGE][PASSED] - Object: 'Object Repository/Page_/button_Login' is clicked on

2021-02-05 13:40:28 - [MESSAGE][PASSED] - Login IST with valid credentials

2021-02-05 13:40:28 - [TEST_STEP][PASSED] - Login Success: Login Success

2021-02-05 13:40:28 - [MESSAGE][INFO] - Login Success

2021-02-05 13:40:28 - [MESSAGE][PASSED] - Current window maximized

2021-02-05 13:40:28 - [MESSAGE][PASSED] - Object 'Object Repository/Page_/h1_Welcome to IT Supporting Tools' is present

2021-02-05 13:40:28 - [MESSAGE][PASSED] - Login Success

2021-02-05 13:40:28 - [TEST_STEP][PASSED] - Select Arrow Menu "Real Time Disbursement": Select Arrow Menu "Real Time Disbursement"

2021-02-05 13:40:28 - [MESSAGE][PASSED] - Object: '' is clicked on

2021-02-05 13:40:28 - [MESSAGE][PASSED] - Select Arrow Menu "Real Time Disbursement"

2021-02-05 13:40:28 - [TEST_STEP][PASSED] - Select Menu "Partner Disbursement": Select Menu "Partner Disbursement"

2021-02-05 13:40:29 - [MESSAGE][PASSED] - Taking screenshot successfully
[[ATTACHMENT|/Users/chaidir.pratama01/Documents/Docs/Katalon Studio/Screenshot/test-Partner Disbursement.png]]

2021-02-05 13:40:29 - [MESSAGE][PASSED] - Object '' is present

2021-02-05 13:40:29 - [MESSAGE][PASSED] - Object: '' is clicked on

2021-02-05 13:40:29 - [MESSAGE][PASSED] - Wait for page load successfully

2021-02-05 13:40:29 - [MESSAGE][PASSED] - Select Menu "Partner Disbursement"

2021-02-05 13:40:29 - [TEST_STEP][PASSED] - Select STATUS "Failed due to system error": Select STATUS "Failed due to system error"

2021-02-05 13:40:30 - [MESSAGE][PASSED] - All options with value 'Failed due to system error' are selected in object ''  using regular expression

2021-02-05 13:40:30 - [MESSAGE][PASSED] - Select STATUS "Failed due to system error"

2021-02-05 13:40:30 - [TEST_STEP][PASSED] - Click button "Search": Click button "Search"

2021-02-05 13:40:30 - [MESSAGE][INFO] - >>>>>//Button[contains(text(),'Search')]

2021-02-05 13:40:33 - [MESSAGE][PASSED] - Object '' is present

2021-02-05 13:40:33 - [MESSAGE][PASSED] - Object: '' is clicked on

2021-02-05 13:40:33 - [MESSAGE][PASSED] - Switched to window with index: '0'

2021-02-05 13:40:33 - [MESSAGE][PASSED] - Click button "Search"

2021-02-05 13:40:33 - [TEST_STEP][PASSED] - Verify Search Result Presents: Verify Search Result Presents

2021-02-05 13:40:33 - [MESSAGE][PASSED] - Object '' is present

2021-02-05 13:40:34 - [MESSAGE][PASSED] - Verify Search Result Presents

2021-02-05 13:40:34 - [TEST_STEP][PASSED] - Click button "Logout": Click button "Logout"

2021-02-05 13:40:34 - [MESSAGE][INFO] - >>>>>//Button[contains(text(),'Logout')]

2021-02-05 13:40:37 - [MESSAGE][PASSED] - Object '' is present

2021-02-05 13:40:38 - [MESSAGE][PASSED] - Object: '' is clicked on

2021-02-05 13:40:38 - [MESSAGE][PASSED] - Switched to window with index: '0'

2021-02-05 13:40:38 - [MESSAGE][PASSED] - Click button "Logout"

2021-02-05 13:40:38 - [TEST_STEP][PASSED] - Close browser: Close browser

2021-02-05 13:40:38 - [MESSAGE][PASSED] - Browser is closed

2021-02-05 13:40:38 - [MESSAGE][PASSED] - Close browser

2021-02-05 13:40:38 - [TEST_CASE][PASSED] - Start Test Case : SCENARIO Search by STATUS Failed due to insufficient fund: SCENARIO Search by STATUS Failed due to insufficient fund

2021-02-05 13:40:38 - [TEST_STEP][PASSED] - Go to ISTools: Go to ISTools

2021-02-05 13:40:38 - [MESSAGE][INFO] - Starting 'Chrome (headless)' driver

2021-02-05 13:40:38 - [MESSAGE][INFO] - User set preference: ['args', '[--start-maximized, --disable-gpu, --no-proxy-server, –-no-sandbox, --allow-running-insecure-content, --ignore-certificate-errors, window-size=1680,814, force-device-scale-factor=2, --lang=en-GB]']

2021-02-05 13:40:38 - [MESSAGE][INFO] - User set preference: ['prefs', '{download.default_directory=/Users/chaidir.pratama01/Katalon Studio/IST_Automation_Git/Download}']

2021-02-05 13:40:38 - [MESSAGE][INFO] - Action delay is set to 0 milliseconds

2021-02-05 13:40:38 - [MESSAGE][PASSED] - Browser is opened with url: ''

2021-02-05 13:40:42 - [MESSAGE][PASSED] - Navigate to 'https://dev-istools.homecredit.id/foundation/' successfully

2021-02-05 13:40:42 - [MESSAGE][PASSED] - Go to ISTools

2021-02-05 13:40:42 - [TEST_STEP][PASSED] - Login IST with valid credentials: Login IST with valid credentials

2021-02-05 13:40:42 - [MESSAGE][PASSED] - Text 'mobile.test' is set on object 'Object Repository/Page_/input_Username_j_username'

2021-02-05 13:40:42 - [MESSAGE][PASSED] - Text ****** has been set on object 'Object Repository/Page_/input_Password_j_password'

2021-02-05 13:40:42 - [MESSAGE][PASSED] - Object: 'Object Repository/Page_/button_Login' is clicked on

2021-02-05 13:40:42 - [MESSAGE][PASSED] - Login IST with valid credentials

2021-02-05 13:40:42 - [TEST_STEP][PASSED] - Login Success: Login Success

2021-02-05 13:40:42 - [MESSAGE][INFO] - Login Success

2021-02-05 13:40:42 - [MESSAGE][PASSED] - Current window maximized

2021-02-05 13:40:43 - [MESSAGE][PASSED] - Object 'Object Repository/Page_/h1_Welcome to IT Supporting Tools' is present

2021-02-05 13:40:43 - [MESSAGE][PASSED] - Login Success

2021-02-05 13:40:43 - [TEST_STEP][PASSED] - Select Arrow Menu "Real Time Disbursement": Select Arrow Menu "Real Time Disbursement"

2021-02-05 13:40:43 - [MESSAGE][PASSED] - Object: '' is clicked on

2021-02-05 13:40:43 - [MESSAGE][PASSED] - Select Arrow Menu "Real Time Disbursement"

2021-02-05 13:40:43 - [TEST_STEP][PASSED] - Select Menu "Partner Disbursement": Select Menu "Partner Disbursement"

2021-02-05 13:40:43 - [MESSAGE][PASSED] - Taking screenshot successfully
[[ATTACHMENT|/Users/chaidir.pratama01/Documents/Docs/Katalon Studio/Screenshot/test-Partner Disbursement.png]]

2021-02-05 13:40:43 - [MESSAGE][PASSED] - Object '' is present

2021-02-05 13:40:43 - [MESSAGE][PASSED] - Object: '' is clicked on

2021-02-05 13:40:43 - [MESSAGE][PASSED] - Wait for page load successfully

2021-02-05 13:40:43 - [MESSAGE][PASSED] - Select Menu "Partner Disbursement"

2021-02-05 13:40:43 - [TEST_STEP][PASSED] - Select STATUS "Failed due to insufficient fund": Select STATUS "Failed due to insufficient fund"

2021-02-05 13:40:44 - [MESSAGE][PASSED] - All options with value 'Failed due to insufficient fund' are selected in object ''  using regular expression

2021-02-05 13:40:44 - [MESSAGE][PASSED] - Select STATUS "Failed due to insufficient fund"

2021-02-05 13:40:44 - [TEST_STEP][PASSED] - Click button "Search": Click button "Search"

2021-02-05 13:40:44 - [MESSAGE][INFO] - >>>>>//Button[contains(text(),'Search')]

2021-02-05 13:40:47 - [MESSAGE][PASSED] - Object '' is present

2021-02-05 13:40:47 - [MESSAGE][PASSED] - Object: '' is clicked on

2021-02-05 13:40:47 - [MESSAGE][PASSED] - Switched to window with index: '0'

2021-02-05 13:40:47 - [MESSAGE][PASSED] - Click button "Search"

2021-02-05 13:40:47 - [TEST_STEP][PASSED] - Verify Search Result Presents: Verify Search Result Presents

2021-02-05 13:40:51 - [MESSAGE][INFO] - Unable to find the element located by 'By.xpath: //td[@style='display:none' and contains(text(),'-Empty-')]'. Please recheck the objects properties to make sure the desired element is located. 

2021-02-05 13:40:52 - [MESSAGE][WARNING] - com.kms.katalon.core.webui.exception.WebElementNotFoundException: Web element with id: '' located by '//td[@style='display:none' and contains(text(),'-Empty-')]' not found (Root cause: com.kms.katalon.core.exception.StepFailedException: com.kms.katalon.core.webui.exception.WebElementNotFoundException: Web element with id: '' located by '//td[@style='display:none' and contains(text(),'-Empty-')]' not found
	at com.kms.katalon.core.webui.keyword.internal.WebUIKeywordMain.stepFailed(WebUIKeywordMain.groovy:64)
	at com.kms.katalon.core.webui.keyword.builtin.VerifyElementPresentKeyword$_verifyElementPresent_closure1.doCall(VerifyElementPresentKeyword.groovy:85)
	at com.kms.katalon.core.webui.keyword.builtin.VerifyElementPresentKeyword$_verifyElementPresent_closure1.call(VerifyElementPresentKeyword.groovy)
	at com.kms.katalon.core.webui.keyword.internal.WebUIKeywordMain.runKeyword(WebUIKeywordMain.groovy:20)
	at com.kms.katalon.core.webui.keyword.builtin.VerifyElementPresentKeyword.verifyElementPresent(VerifyElementPresentKeyword.groovy:92)
	at com.kms.katalon.core.webui.keyword.builtin.VerifyElementPresentKeyword.execute(VerifyElementPresentKeyword.groovy:68)
	at com.kms.katalon.core.keyword.internal.KeywordExecutor.executeKeywordForPlatform(KeywordExecutor.groovy:73)
	at com.kms.katalon.core.webui.keyword.WebUiBuiltInKeywords.verifyElementPresent(WebUiBuiltInKeywords.groovy:1444)
	at com.kms.katalon.core.webui.keyword.WebUiBuiltInKeywords$verifyElementPresent$11.call(Unknown Source)
	at ist_real.Contract_Dispatcher.VerifyTblFilled(Contract_Dispatcher.groovy:1313)
	at ist_real.Contract_Dispatcher$VerifyTblFilled$0.call(Unknown Source)
	at RTD.Search_Result_Presents(RTD.groovy:189)
	at cucumber.runtime.Utils$1.call(Utils.java:26)
	at cucumber.runtime.Timeout.timeout(Timeout.java:16)
	at cucumber.runtime.Utils.invoke(Utils.java:20)
	at cucumber.runtime.java.JavaStepDefinition.execute(JavaStepDefinition.java:48)
	at cucumber.runtime.PickleStepDefinitionMatch.runStep(PickleStepDefinitionMatch.java:50)
	at cucumber.runner.TestStep.executeStep(TestStep.java:55)
	at cucumber.runner.TestStep.run(TestStep.java:42)
	at cucumber.runner.PickleStepTestStep.run(PickleStepTestStep.java:53)
	at cucumber.runner.TestCase.run(TestCase.java:47)
	at cucumber.runner.Runner.runPickle(Runner.java:44)
	at cucumber.runtime.Runtime.runFeature(Runtime.java:120)
	at cucumber.runtime.Runtime.run(Runtime.java:106)
	at cucumber.api.cli.Main.run(Main.java:35)
	at cucumber.api.cli.Main$run.call(Unknown Source)
	at com.kms.katalon.core.cucumber.keyword.CucumberBuiltinKeywords$_runFeatureFile_closure1.doCall(CucumberBuiltinKeywords.groovy:76)
	at com.kms.katalon.core.cucumber.keyword.CucumberBuiltinKeywords$_runFeatureFile_closure1.doCall(CucumberBuiltinKeywords.groovy)
	at com.kms.katalon.core.keyword.internal.KeywordMain.runKeyword(KeywordMain.groovy:68)
	at com.kms.katalon.core.keyword.internal.KeywordMain$runKeyword.call(Unknown Source)
	at com.kms.katalon.core.cucumber.keyword.CucumberBuiltinKeywords.runFeatureFile(CucumberBuiltinKeywords.groovy:46)
	at com.kms.katalon.core.cucumber.keyword.CucumberBuiltinKeywords$runFeatureFile$0.callStatic(Unknown Source)
	at com.kms.katalon.core.cucumber.keyword.CucumberBuiltinKeywords.runFeatureFile(CucumberBuiltinKeywords.groovy:169)
	at com.kms.katalon.core.cucumber.keyword.CucumberBuiltinKeywords$runFeatureFile.call(Unknown Source)
	at TC_Search_by_STATUS.run(TC_Search_by_STATUS:18)
	at com.kms.katalon.core.main.ScriptEngine.run(ScriptEngine.java:194)
	at com.kms.katalon.core.main.ScriptEngine.runScriptAsRawText(ScriptEngine.java:119)
	at com.kms.katalon.core.main.TestCaseExecutor.runScript(TestCaseExecutor.java:339)
	at com.kms.katalon.core.main.TestCaseExecutor.doExecute(TestCaseExecutor.java:330)
	at com.kms.katalon.core.main.TestCaseExecutor.processExecutionPhase(TestCaseExecutor.java:309)
	at com.kms.katalon.core.main.TestCaseExecutor.accessMainPhase(TestCaseExecutor.java:301)
	at com.kms.katalon.core.main.TestCaseExecutor.execute(TestCaseExecutor.java:235)
	at com.kms.katalon.core.main.TestSuiteExecutor.accessTestCaseMainPhase(TestSuiteExecutor.java:191)
	at com.kms.katalon.core.main.TestSuiteExecutor.accessTestSuiteMainPhase(TestSuiteExecutor.java:141)
	at com.kms.katalon.core.main.TestSuiteExecutor.execute(TestSuiteExecutor.java:90)
	at com.kms.katalon.core.main.TestCaseMain.startTestSuite(TestCaseMain.java:157)
	at com.kms.katalon.core.main.TestCaseMain$startTestSuite$0.call(Unknown Source)
	at TempTestSuite1612505441004.run(TempTestSuite1612505441004.groovy:39)
)
[[ATTACHMENT|/Users/chaidir.pratama01/Katalon Studio/IST_Automation_Git/Reports/20210205_131034/RTD/TS_Partner_Disbursement/20210205_131041/1612507251506.png]]

2021-02-05 13:40:52 - [MESSAGE][PASSED] - Verify Search Result Presents

2021-02-05 13:40:52 - [TEST_STEP][PASSED] - Click button "Logout": Click button "Logout"

2021-02-05 13:40:52 - [MESSAGE][INFO] - >>>>>//Button[contains(text(),'Logout')]

2021-02-05 13:40:55 - [MESSAGE][PASSED] - Object '' is present

2021-02-05 13:40:55 - [MESSAGE][PASSED] - Object: '' is clicked on

2021-02-05 13:40:55 - [MESSAGE][PASSED] - Switched to window with index: '0'

2021-02-05 13:40:55 - [MESSAGE][PASSED] - Click button "Logout"

2021-02-05 13:40:55 - [TEST_STEP][PASSED] - Close browser: Close browser

2021-02-05 13:40:55 - [MESSAGE][PASSED] - Browser is closed

2021-02-05 13:40:55 - [MESSAGE][PASSED] - Close browser

2021-02-05 13:40:55 - [TEST_CASE][PASSED] - Start Test Case : SCENARIO Search by STATUS Failed due to not supported bank: SCENARIO Search by STATUS Failed due to not supported bank

2021-02-05 13:40:55 - [TEST_STEP][PASSED] - Go to ISTools: Go to ISTools

2021-02-05 13:40:55 - [MESSAGE][INFO] - Starting 'Chrome (headless)' driver

2021-02-05 13:40:55 - [MESSAGE][INFO] - User set preference: ['args', '[--start-maximized, --disable-gpu, --no-proxy-server, –-no-sandbox, --allow-running-insecure-content, --ignore-certificate-errors, window-size=1680,814, force-device-scale-factor=2, --lang=en-GB]']

2021-02-05 13:40:55 - [MESSAGE][INFO] - User set preference: ['prefs', '{download.default_directory=/Users/chaidir.pratama01/Katalon Studio/IST_Automation_Git/Download}']

2021-02-05 13:40:55 - [MESSAGE][INFO] - Action delay is set to 0 milliseconds

2021-02-05 13:40:56 - [MESSAGE][PASSED] - Browser is opened with url: ''

2021-02-05 13:40:58 - [MESSAGE][PASSED] - Navigate to 'https://dev-istools.homecredit.id/foundation/' successfully

2021-02-05 13:40:58 - [MESSAGE][PASSED] - Go to ISTools

2021-02-05 13:40:58 - [TEST_STEP][PASSED] - Login IST with valid credentials: Login IST with valid credentials

2021-02-05 13:40:58 - [MESSAGE][PASSED] - Text 'mobile.test' is set on object 'Object Repository/Page_/input_Username_j_username'

2021-02-05 13:40:58 - [MESSAGE][PASSED] - Text ****** has been set on object 'Object Repository/Page_/input_Password_j_password'

2021-02-05 13:40:59 - [MESSAGE][PASSED] - Object: 'Object Repository/Page_/button_Login' is clicked on

2021-02-05 13:40:59 - [MESSAGE][PASSED] - Login IST with valid credentials

2021-02-05 13:40:59 - [TEST_STEP][PASSED] - Login Success: Login Success

2021-02-05 13:40:59 - [MESSAGE][INFO] - Login Success

2021-02-05 13:40:59 - [MESSAGE][PASSED] - Current window maximized

2021-02-05 13:40:59 - [MESSAGE][PASSED] - Object 'Object Repository/Page_/h1_Welcome to IT Supporting Tools' is present

2021-02-05 13:40:59 - [MESSAGE][PASSED] - Login Success

2021-02-05 13:40:59 - [TEST_STEP][PASSED] - Select Arrow Menu "Real Time Disbursement": Select Arrow Menu "Real Time Disbursement"

2021-02-05 13:40:59 - [MESSAGE][PASSED] - Object: '' is clicked on

2021-02-05 13:40:59 - [MESSAGE][PASSED] - Select Arrow Menu "Real Time Disbursement"

2021-02-05 13:40:59 - [TEST_STEP][PASSED] - Select Menu "Partner Disbursement": Select Menu "Partner Disbursement"

2021-02-05 13:41:00 - [MESSAGE][PASSED] - Taking screenshot successfully
[[ATTACHMENT|/Users/chaidir.pratama01/Documents/Docs/Katalon Studio/Screenshot/test-Partner Disbursement.png]]

2021-02-05 13:41:00 - [MESSAGE][PASSED] - Object '' is present

2021-02-05 13:41:00 - [MESSAGE][PASSED] - Object: '' is clicked on

2021-02-05 13:41:00 - [MESSAGE][PASSED] - Wait for page load successfully

2021-02-05 13:41:00 - [MESSAGE][PASSED] - Select Menu "Partner Disbursement"

2021-02-05 13:41:00 - [TEST_STEP][PASSED] - Select STATUS "Failed due to not supported bank": Select STATUS "Failed due to not supported bank"

2021-02-05 13:41:00 - [MESSAGE][PASSED] - All options with value 'Failed due to not supported bank' are selected in object ''  using regular expression

2021-02-05 13:41:00 - [MESSAGE][PASSED] - Select STATUS "Failed due to not supported bank"

2021-02-05 13:41:00 - [TEST_STEP][PASSED] - Click button "Search": Click button "Search"

2021-02-05 13:41:00 - [MESSAGE][INFO] - >>>>>//Button[contains(text(),'Search')]

2021-02-05 13:41:03 - [MESSAGE][PASSED] - Object '' is present

2021-02-05 13:41:04 - [MESSAGE][PASSED] - Object: '' is clicked on

2021-02-05 13:41:04 - [MESSAGE][PASSED] - Switched to window with index: '0'

2021-02-05 13:41:04 - [MESSAGE][PASSED] - Click button "Search"

2021-02-05 13:41:04 - [TEST_STEP][PASSED] - Verify Search Result Presents: Verify Search Result Presents

2021-02-05 13:41:08 - [MESSAGE][INFO] - Unable to find the element located by 'By.xpath: //td[@style='display:none' and contains(text(),'-Empty-')]'. Please recheck the objects properties to make sure the desired element is located. 

2021-02-05 13:41:08 - [MESSAGE][WARNING] - com.kms.katalon.core.webui.exception.WebElementNotFoundException: Web element with id: '' located by '//td[@style='display:none' and contains(text(),'-Empty-')]' not found (Root cause: com.kms.katalon.core.exception.StepFailedException: com.kms.katalon.core.webui.exception.WebElementNotFoundException: Web element with id: '' located by '//td[@style='display:none' and contains(text(),'-Empty-')]' not found
	at com.kms.katalon.core.webui.keyword.internal.WebUIKeywordMain.stepFailed(WebUIKeywordMain.groovy:64)
	at com.kms.katalon.core.webui.keyword.builtin.VerifyElementPresentKeyword$_verifyElementPresent_closure1.doCall(VerifyElementPresentKeyword.groovy:85)
	at com.kms.katalon.core.webui.keyword.builtin.VerifyElementPresentKeyword$_verifyElementPresent_closure1.call(VerifyElementPresentKeyword.groovy)
	at com.kms.katalon.core.webui.keyword.internal.WebUIKeywordMain.runKeyword(WebUIKeywordMain.groovy:20)
	at com.kms.katalon.core.webui.keyword.builtin.VerifyElementPresentKeyword.verifyElementPresent(VerifyElementPresentKeyword.groovy:92)
	at com.kms.katalon.core.webui.keyword.builtin.VerifyElementPresentKeyword.execute(VerifyElementPresentKeyword.groovy:68)
	at com.kms.katalon.core.keyword.internal.KeywordExecutor.executeKeywordForPlatform(KeywordExecutor.groovy:73)
	at com.kms.katalon.core.webui.keyword.WebUiBuiltInKeywords.verifyElementPresent(WebUiBuiltInKeywords.groovy:1444)
	at com.kms.katalon.core.webui.keyword.WebUiBuiltInKeywords$verifyElementPresent$11.call(Unknown Source)
	at ist_real.Contract_Dispatcher.VerifyTblFilled(Contract_Dispatcher.groovy:1313)
	at ist_real.Contract_Dispatcher$VerifyTblFilled$0.call(Unknown Source)
	at RTD.Search_Result_Presents(RTD.groovy:189)
	at cucumber.runtime.Utils$1.call(Utils.java:26)
	at cucumber.runtime.Timeout.timeout(Timeout.java:16)
	at cucumber.runtime.Utils.invoke(Utils.java:20)
	at cucumber.runtime.java.JavaStepDefinition.execute(JavaStepDefinition.java:48)
	at cucumber.runtime.PickleStepDefinitionMatch.runStep(PickleStepDefinitionMatch.java:50)
	at cucumber.runner.TestStep.executeStep(TestStep.java:55)
	at cucumber.runner.TestStep.run(TestStep.java:42)
	at cucumber.runner.PickleStepTestStep.run(PickleStepTestStep.java:53)
	at cucumber.runner.TestCase.run(TestCase.java:47)
	at cucumber.runner.Runner.runPickle(Runner.java:44)
	at cucumber.runtime.Runtime.runFeature(Runtime.java:120)
	at cucumber.runtime.Runtime.run(Runtime.java:106)
	at cucumber.api.cli.Main.run(Main.java:35)
	at cucumber.api.cli.Main$run.call(Unknown Source)
	at com.kms.katalon.core.cucumber.keyword.CucumberBuiltinKeywords$_runFeatureFile_closure1.doCall(CucumberBuiltinKeywords.groovy:76)
	at com.kms.katalon.core.cucumber.keyword.CucumberBuiltinKeywords$_runFeatureFile_closure1.doCall(CucumberBuiltinKeywords.groovy)
	at com.kms.katalon.core.keyword.internal.KeywordMain.runKeyword(KeywordMain.groovy:68)
	at com.kms.katalon.core.keyword.internal.KeywordMain$runKeyword.call(Unknown Source)
	at com.kms.katalon.core.cucumber.keyword.CucumberBuiltinKeywords.runFeatureFile(CucumberBuiltinKeywords.groovy:46)
	at com.kms.katalon.core.cucumber.keyword.CucumberBuiltinKeywords$runFeatureFile$0.callStatic(Unknown Source)
	at com.kms.katalon.core.cucumber.keyword.CucumberBuiltinKeywords.runFeatureFile(CucumberBuiltinKeywords.groovy:169)
	at com.kms.katalon.core.cucumber.keyword.CucumberBuiltinKeywords$runFeatureFile.call(Unknown Source)
	at TC_Search_by_STATUS.run(TC_Search_by_STATUS:18)
	at com.kms.katalon.core.main.ScriptEngine.run(ScriptEngine.java:194)
	at com.kms.katalon.core.main.ScriptEngine.runScriptAsRawText(ScriptEngine.java:119)
	at com.kms.katalon.core.main.TestCaseExecutor.runScript(TestCaseExecutor.java:339)
	at com.kms.katalon.core.main.TestCaseExecutor.doExecute(TestCaseExecutor.java:330)
	at com.kms.katalon.core.main.TestCaseExecutor.processExecutionPhase(TestCaseExecutor.java:309)
	at com.kms.katalon.core.main.TestCaseExecutor.accessMainPhase(TestCaseExecutor.java:301)
	at com.kms.katalon.core.main.TestCaseExecutor.execute(TestCaseExecutor.java:235)
	at com.kms.katalon.core.main.TestSuiteExecutor.accessTestCaseMainPhase(TestSuiteExecutor.java:191)
	at com.kms.katalon.core.main.TestSuiteExecutor.accessTestSuiteMainPhase(TestSuiteExecutor.java:141)
	at com.kms.katalon.core.main.TestSuiteExecutor.execute(TestSuiteExecutor.java:90)
	at com.kms.katalon.core.main.TestCaseMain.startTestSuite(TestCaseMain.java:157)
	at com.kms.katalon.core.main.TestCaseMain$startTestSuite$0.call(Unknown Source)
	at TempTestSuite1612505441004.run(TempTestSuite1612505441004.groovy:39)
)
[[ATTACHMENT|/Users/chaidir.pratama01/Katalon Studio/IST_Automation_Git/Reports/20210205_131034/RTD/TS_Partner_Disbursement/20210205_131041/1612507268027.png]]

2021-02-05 13:41:08 - [MESSAGE][PASSED] - Verify Search Result Presents

2021-02-05 13:41:08 - [TEST_STEP][PASSED] - Click button "Logout": Click button "Logout"

2021-02-05 13:41:08 - [MESSAGE][INFO] - >>>>>//Button[contains(text(),'Logout')]

2021-02-05 13:41:11 - [MESSAGE][PASSED] - Object '' is present

2021-02-05 13:41:12 - [MESSAGE][PASSED] - Object: '' is clicked on

2021-02-05 13:41:12 - [MESSAGE][PASSED] - Switched to window with index: '0'

2021-02-05 13:41:12 - [MESSAGE][PASSED] - Click button "Logout"

2021-02-05 13:41:12 - [TEST_STEP][PASSED] - Close browser: Close browser

2021-02-05 13:41:12 - [MESSAGE][PASSED] - Browser is closed

2021-02-05 13:41:12 - [MESSAGE][PASSED] - Close browser

2021-02-05 13:41:12 - [TEST_CASE][PASSED] - Start Test Case : SCENARIO Search by STATUS Manual Disbursement: SCENARIO Search by STATUS Manual Disbursement

2021-02-05 13:41:12 - [TEST_STEP][PASSED] - Go to ISTools: Go to ISTools

2021-02-05 13:41:12 - [MESSAGE][INFO] - Starting 'Chrome (headless)' driver

2021-02-05 13:41:12 - [MESSAGE][INFO] - User set preference: ['args', '[--start-maximized, --disable-gpu, --no-proxy-server, –-no-sandbox, --allow-running-insecure-content, --ignore-certificate-errors, window-size=1680,814, force-device-scale-factor=2, --lang=en-GB]']

2021-02-05 13:41:12 - [MESSAGE][INFO] - User set preference: ['prefs', '{download.default_directory=/Users/chaidir.pratama01/Katalon Studio/IST_Automation_Git/Download}']

2021-02-05 13:41:12 - [MESSAGE][INFO] - Action delay is set to 0 milliseconds

2021-02-05 13:41:12 - [MESSAGE][PASSED] - Browser is opened with url: ''

2021-02-05 13:41:13 - [MESSAGE][PASSED] - Navigate to 'https://dev-istools.homecredit.id/foundation/' successfully

2021-02-05 13:41:13 - [MESSAGE][PASSED] - Go to ISTools

2021-02-05 13:41:13 - [TEST_STEP][PASSED] - Login IST with valid credentials: Login IST with valid credentials

2021-02-05 13:41:13 - [MESSAGE][PASSED] - Text 'mobile.test' is set on object 'Object Repository/Page_/input_Username_j_username'

2021-02-05 13:41:13 - [MESSAGE][PASSED] - Text ****** has been set on object 'Object Repository/Page_/input_Password_j_password'

2021-02-05 13:41:14 - [MESSAGE][PASSED] - Object: 'Object Repository/Page_/button_Login' is clicked on

2021-02-05 13:41:14 - [MESSAGE][PASSED] - Login IST with valid credentials

2021-02-05 13:41:14 - [TEST_STEP][PASSED] - Login Success: Login Success

2021-02-05 13:41:14 - [MESSAGE][INFO] - Login Success

2021-02-05 13:41:15 - [MESSAGE][PASSED] - Current window maximized

2021-02-05 13:41:15 - [MESSAGE][PASSED] - Object 'Object Repository/Page_/h1_Welcome to IT Supporting Tools' is present

2021-02-05 13:41:15 - [MESSAGE][PASSED] - Login Success

2021-02-05 13:41:15 - [TEST_STEP][PASSED] - Select Arrow Menu "Real Time Disbursement": Select Arrow Menu "Real Time Disbursement"

2021-02-05 13:41:15 - [MESSAGE][PASSED] - Object: '' is clicked on

2021-02-05 13:41:15 - [MESSAGE][PASSED] - Select Arrow Menu "Real Time Disbursement"

2021-02-05 13:41:15 - [TEST_STEP][PASSED] - Select Menu "Partner Disbursement": Select Menu "Partner Disbursement"

2021-02-05 13:41:15 - [MESSAGE][PASSED] - Taking screenshot successfully
[[ATTACHMENT|/Users/chaidir.pratama01/Documents/Docs/Katalon Studio/Screenshot/test-Partner Disbursement.png]]

2021-02-05 13:41:15 - [MESSAGE][PASSED] - Object '' is present

2021-02-05 13:41:15 - [MESSAGE][PASSED] - Object: '' is clicked on

2021-02-05 13:41:15 - [MESSAGE][PASSED] - Wait for page load successfully

2021-02-05 13:41:15 - [MESSAGE][PASSED] - Select Menu "Partner Disbursement"

2021-02-05 13:41:15 - [TEST_STEP][PASSED] - Select STATUS "Manual Disbursement": Select STATUS "Manual Disbursement"

2021-02-05 13:41:16 - [MESSAGE][PASSED] - All options with value 'Manual Disbursement' are selected in object ''  using regular expression

2021-02-05 13:41:16 - [MESSAGE][PASSED] - Select STATUS "Manual Disbursement"

2021-02-05 13:41:16 - [TEST_STEP][PASSED] - Click button "Search": Click button "Search"

2021-02-05 13:41:16 - [MESSAGE][INFO] - >>>>>//Button[contains(text(),'Search')]

2021-02-05 13:41:19 - [MESSAGE][PASSED] - Object '' is present

2021-02-05 13:41:19 - [MESSAGE][PASSED] - Object: '' is clicked on

2021-02-05 13:41:19 - [MESSAGE][PASSED] - Switched to window with index: '0'

2021-02-05 13:41:19 - [MESSAGE][PASSED] - Click button "Search"

2021-02-05 13:41:19 - [TEST_STEP][PASSED] - Verify Search Result Presents: Verify Search Result Presents

2021-02-05 13:41:20 - [MESSAGE][PASSED] - Object '' is present

2021-02-05 13:41:30 - [MESSAGE][PASSED] - Verify Search Result Presents

2021-02-05 13:41:30 - [TEST_STEP][PASSED] - Click button "Logout": Click button "Logout"

2021-02-05 13:41:30 - [MESSAGE][INFO] - >>>>>//Button[contains(text(),'Logout')]

2021-02-05 13:41:33 - [MESSAGE][PASSED] - Object '' is present

2021-02-05 13:41:34 - [MESSAGE][PASSED] - Object: '' is clicked on

2021-02-05 13:41:34 - [MESSAGE][PASSED] - Switched to window with index: '0'

2021-02-05 13:41:34 - [MESSAGE][PASSED] - Click button "Logout"

2021-02-05 13:41:34 - [TEST_STEP][PASSED] - Close browser: Close browser

2021-02-05 13:41:34 - [MESSAGE][PASSED] - Browser is closed

2021-02-05 13:41:34 - [MESSAGE][PASSED] - Close browser

2021-02-05 13:41:34 - [TEST_CASE][PASSED] - Start Test Case : SCENARIO Search by STATUS DONE: SCENARIO Search by STATUS DONE

2021-02-05 13:41:34 - [TEST_STEP][PASSED] - Go to ISTools: Go to ISTools

2021-02-05 13:41:34 - [MESSAGE][INFO] - Starting 'Chrome (headless)' driver

2021-02-05 13:41:34 - [MESSAGE][INFO] - User set preference: ['args', '[--start-maximized, --disable-gpu, --no-proxy-server, –-no-sandbox, --allow-running-insecure-content, --ignore-certificate-errors, window-size=1680,814, force-device-scale-factor=2, --lang=en-GB]']

2021-02-05 13:41:34 - [MESSAGE][INFO] - User set preference: ['prefs', '{download.default_directory=/Users/chaidir.pratama01/Katalon Studio/IST_Automation_Git/Download}']

2021-02-05 13:41:34 - [MESSAGE][INFO] - Action delay is set to 0 milliseconds

2021-02-05 13:41:34 - [MESSAGE][PASSED] - Browser is opened with url: ''

2021-02-05 13:41:36 - [MESSAGE][PASSED] - Navigate to 'https://dev-istools.homecredit.id/foundation/' successfully

2021-02-05 13:41:36 - [MESSAGE][PASSED] - Go to ISTools

2021-02-05 13:41:36 - [TEST_STEP][PASSED] - Login IST with valid credentials: Login IST with valid credentials

2021-02-05 13:41:37 - [MESSAGE][PASSED] - Text 'mobile.test' is set on object 'Object Repository/Page_/input_Username_j_username'

2021-02-05 13:41:37 - [MESSAGE][PASSED] - Text ****** has been set on object 'Object Repository/Page_/input_Password_j_password'

2021-02-05 13:41:37 - [MESSAGE][PASSED] - Object: 'Object Repository/Page_/button_Login' is clicked on

2021-02-05 13:41:37 - [MESSAGE][PASSED] - Login IST with valid credentials

2021-02-05 13:41:37 - [TEST_STEP][PASSED] - Login Success: Login Success

2021-02-05 13:41:37 - [MESSAGE][INFO] - Login Success

2021-02-05 13:41:37 - [MESSAGE][PASSED] - Current window maximized

2021-02-05 13:41:37 - [MESSAGE][PASSED] - Object 'Object Repository/Page_/h1_Welcome to IT Supporting Tools' is present

2021-02-05 13:41:37 - [MESSAGE][PASSED] - Login Success

2021-02-05 13:41:37 - [TEST_STEP][PASSED] - Select Arrow Menu "Real Time Disbursement": Select Arrow Menu "Real Time Disbursement"

2021-02-05 13:41:37 - [MESSAGE][PASSED] - Object: '' is clicked on

2021-02-05 13:41:37 - [MESSAGE][PASSED] - Select Arrow Menu "Real Time Disbursement"

2021-02-05 13:41:37 - [TEST_STEP][PASSED] - Select Menu "Partner Disbursement": Select Menu "Partner Disbursement"

2021-02-05 13:41:38 - [MESSAGE][PASSED] - Taking screenshot successfully
[[ATTACHMENT|/Users/chaidir.pratama01/Documents/Docs/Katalon Studio/Screenshot/test-Partner Disbursement.png]]

2021-02-05 13:41:38 - [MESSAGE][PASSED] - Object '' is present

2021-02-05 13:41:38 - [MESSAGE][PASSED] - Object: '' is clicked on

2021-02-05 13:41:38 - [MESSAGE][PASSED] - Wait for page load successfully

2021-02-05 13:41:38 - [MESSAGE][PASSED] - Select Menu "Partner Disbursement"

2021-02-05 13:41:38 - [TEST_STEP][PASSED] - Select STATUS "DONE": Select STATUS "DONE"

2021-02-05 13:41:39 - [MESSAGE][PASSED] - All options with value 'DONE' are selected in object ''  using regular expression

2021-02-05 13:41:39 - [MESSAGE][PASSED] - Select STATUS "DONE"

2021-02-05 13:41:39 - [TEST_STEP][PASSED] - Click button "Search": Click button "Search"

2021-02-05 13:41:39 - [MESSAGE][INFO] - >>>>>//Button[contains(text(),'Search')]

2021-02-05 13:41:42 - [MESSAGE][PASSED] - Object '' is present

2021-02-05 13:41:42 - [MESSAGE][PASSED] - Object: '' is clicked on

2021-02-05 13:41:42 - [MESSAGE][PASSED] - Switched to window with index: '0'

2021-02-05 13:41:42 - [MESSAGE][PASSED] - Click button "Search"

2021-02-05 13:41:42 - [TEST_STEP][PASSED] - Verify Search Result Presents: Verify Search Result Presents

2021-02-05 13:41:42 - [MESSAGE][PASSED] - Object '' is present

2021-02-05 13:41:52 - [MESSAGE][PASSED] - Verify Search Result Presents

2021-02-05 13:41:52 - [TEST_STEP][PASSED] - Click button "Logout": Click button "Logout"

2021-02-05 13:41:52 - [MESSAGE][INFO] - >>>>>//Button[contains(text(),'Logout')]

2021-02-05 13:41:55 - [MESSAGE][PASSED] - Object '' is present

2021-02-05 13:41:55 - [MESSAGE][PASSED] - Object: '' is clicked on

2021-02-05 13:41:55 - [MESSAGE][PASSED] - Switched to window with index: '0'

2021-02-05 13:41:55 - [MESSAGE][PASSED] - Click button "Logout"

2021-02-05 13:41:55 - [TEST_STEP][PASSED] - Close browser: Close browser

2021-02-05 13:41:55 - [MESSAGE][PASSED] - Browser is closed

2021-02-05 13:41:55 - [MESSAGE][PASSED] - Close browser

2021-02-05 13:41:55 - [TEST_CASE][PASSED] - Start Test Case : SCENARIO Search by STATUS Waiting Partner Confirmation: SCENARIO Search by STATUS Waiting Partner Confirmation

2021-02-05 13:41:55 - [TEST_STEP][PASSED] - Go to ISTools: Go to ISTools

2021-02-05 13:41:55 - [MESSAGE][INFO] - Starting 'Chrome (headless)' driver

2021-02-05 13:41:55 - [MESSAGE][INFO] - User set preference: ['args', '[--start-maximized, --disable-gpu, --no-proxy-server, –-no-sandbox, --allow-running-insecure-content, --ignore-certificate-errors, window-size=1680,814, force-device-scale-factor=2, --lang=en-GB]']

2021-02-05 13:41:55 - [MESSAGE][INFO] - User set preference: ['prefs', '{download.default_directory=/Users/chaidir.pratama01/Katalon Studio/IST_Automation_Git/Download}']

2021-02-05 13:41:55 - [MESSAGE][INFO] - Action delay is set to 0 milliseconds

2021-02-05 13:41:55 - [MESSAGE][PASSED] - Browser is opened with url: ''

2021-02-05 13:41:57 - [MESSAGE][PASSED] - Navigate to 'https://dev-istools.homecredit.id/foundation/' successfully

2021-02-05 13:41:57 - [MESSAGE][PASSED] - Go to ISTools

2021-02-05 13:41:57 - [TEST_STEP][PASSED] - Login IST with valid credentials: Login IST with valid credentials

2021-02-05 13:41:57 - [MESSAGE][PASSED] - Text 'mobile.test' is set on object 'Object Repository/Page_/input_Username_j_username'

2021-02-05 13:41:58 - [MESSAGE][PASSED] - Text ****** has been set on object 'Object Repository/Page_/input_Password_j_password'

2021-02-05 13:41:58 - [MESSAGE][PASSED] - Object: 'Object Repository/Page_/button_Login' is clicked on

2021-02-05 13:41:58 - [MESSAGE][PASSED] - Login IST with valid credentials

2021-02-05 13:41:58 - [TEST_STEP][PASSED] - Login Success: Login Success

2021-02-05 13:41:58 - [MESSAGE][INFO] - Login Success

2021-02-05 13:41:58 - [MESSAGE][PASSED] - Current window maximized

2021-02-05 13:41:58 - [MESSAGE][PASSED] - Object 'Object Repository/Page_/h1_Welcome to IT Supporting Tools' is present

2021-02-05 13:41:58 - [MESSAGE][PASSED] - Login Success

2021-02-05 13:41:58 - [TEST_STEP][PASSED] - Select Arrow Menu "Real Time Disbursement": Select Arrow Menu "Real Time Disbursement"

2021-02-05 13:41:58 - [MESSAGE][PASSED] - Object: '' is clicked on

2021-02-05 13:41:58 - [MESSAGE][PASSED] - Select Arrow Menu "Real Time Disbursement"

2021-02-05 13:41:58 - [TEST_STEP][PASSED] - Select Menu "Partner Disbursement": Select Menu "Partner Disbursement"

2021-02-05 13:41:59 - [MESSAGE][PASSED] - Taking screenshot successfully
[[ATTACHMENT|/Users/chaidir.pratama01/Documents/Docs/Katalon Studio/Screenshot/test-Partner Disbursement.png]]

2021-02-05 13:41:59 - [MESSAGE][PASSED] - Object '' is present

2021-02-05 13:41:59 - [MESSAGE][PASSED] - Object: '' is clicked on

2021-02-05 13:41:59 - [MESSAGE][PASSED] - Wait for page load successfully

2021-02-05 13:41:59 - [MESSAGE][PASSED] - Select Menu "Partner Disbursement"

2021-02-05 13:41:59 - [TEST_STEP][PASSED] - Select STATUS "Waiting Partner Confirmation": Select STATUS "Waiting Partner Confirmation"

2021-02-05 13:42:00 - [MESSAGE][PASSED] - All options with value 'Waiting Partner Confirmation' are selected in object ''  using regular expression

2021-02-05 13:42:00 - [MESSAGE][PASSED] - Select STATUS "Waiting Partner Confirmation"

2021-02-05 13:42:00 - [TEST_STEP][PASSED] - Click button "Search": Click button "Search"

2021-02-05 13:42:00 - [MESSAGE][INFO] - >>>>>//Button[contains(text(),'Search')]

2021-02-05 13:42:03 - [MESSAGE][PASSED] - Object '' is present

2021-02-05 13:42:03 - [MESSAGE][PASSED] - Object: '' is clicked on

2021-02-05 13:42:03 - [MESSAGE][PASSED] - Switched to window with index: '0'

2021-02-05 13:42:03 - [MESSAGE][PASSED] - Click button "Search"

2021-02-05 13:42:03 - [TEST_STEP][PASSED] - Verify Search Result Presents: Verify Search Result Presents

2021-02-05 13:42:07 - [MESSAGE][INFO] - Unable to find the element located by 'By.xpath: //td[@style='display:none' and contains(text(),'-Empty-')]'. Please recheck the objects properties to make sure the desired element is located. 

2021-02-05 13:42:07 - [MESSAGE][WARNING] - com.kms.katalon.core.webui.exception.WebElementNotFoundException: Web element with id: '' located by '//td[@style='display:none' and contains(text(),'-Empty-')]' not found (Root cause: com.kms.katalon.core.exception.StepFailedException: com.kms.katalon.core.webui.exception.WebElementNotFoundException: Web element with id: '' located by '//td[@style='display:none' and contains(text(),'-Empty-')]' not found
	at com.kms.katalon.core.webui.keyword.internal.WebUIKeywordMain.stepFailed(WebUIKeywordMain.groovy:64)
	at com.kms.katalon.core.webui.keyword.builtin.VerifyElementPresentKeyword$_verifyElementPresent_closure1.doCall(VerifyElementPresentKeyword.groovy:85)
	at com.kms.katalon.core.webui.keyword.builtin.VerifyElementPresentKeyword$_verifyElementPresent_closure1.call(VerifyElementPresentKeyword.groovy)
	at com.kms.katalon.core.webui.keyword.internal.WebUIKeywordMain.runKeyword(WebUIKeywordMain.groovy:20)
	at com.kms.katalon.core.webui.keyword.builtin.VerifyElementPresentKeyword.verifyElementPresent(VerifyElementPresentKeyword.groovy:92)
	at com.kms.katalon.core.webui.keyword.builtin.VerifyElementPresentKeyword.execute(VerifyElementPresentKeyword.groovy:68)
	at com.kms.katalon.core.keyword.internal.KeywordExecutor.executeKeywordForPlatform(KeywordExecutor.groovy:73)
	at com.kms.katalon.core.webui.keyword.WebUiBuiltInKeywords.verifyElementPresent(WebUiBuiltInKeywords.groovy:1444)
	at com.kms.katalon.core.webui.keyword.WebUiBuiltInKeywords$verifyElementPresent$11.call(Unknown Source)
	at ist_real.Contract_Dispatcher.VerifyTblFilled(Contract_Dispatcher.groovy:1313)
	at ist_real.Contract_Dispatcher$VerifyTblFilled$0.call(Unknown Source)
	at RTD.Search_Result_Presents(RTD.groovy:189)
	at cucumber.runtime.Utils$1.call(Utils.java:26)
	at cucumber.runtime.Timeout.timeout(Timeout.java:16)
	at cucumber.runtime.Utils.invoke(Utils.java:20)
	at cucumber.runtime.java.JavaStepDefinition.execute(JavaStepDefinition.java:48)
	at cucumber.runtime.PickleStepDefinitionMatch.runStep(PickleStepDefinitionMatch.java:50)
	at cucumber.runner.TestStep.executeStep(TestStep.java:55)
	at cucumber.runner.TestStep.run(TestStep.java:42)
	at cucumber.runner.PickleStepTestStep.run(PickleStepTestStep.java:53)
	at cucumber.runner.TestCase.run(TestCase.java:47)
	at cucumber.runner.Runner.runPickle(Runner.java:44)
	at cucumber.runtime.Runtime.runFeature(Runtime.java:120)
	at cucumber.runtime.Runtime.run(Runtime.java:106)
	at cucumber.api.cli.Main.run(Main.java:35)
	at cucumber.api.cli.Main$run.call(Unknown Source)
	at com.kms.katalon.core.cucumber.keyword.CucumberBuiltinKeywords$_runFeatureFile_closure1.doCall(CucumberBuiltinKeywords.groovy:76)
	at com.kms.katalon.core.cucumber.keyword.CucumberBuiltinKeywords$_runFeatureFile_closure1.doCall(CucumberBuiltinKeywords.groovy)
	at com.kms.katalon.core.keyword.internal.KeywordMain.runKeyword(KeywordMain.groovy:68)
	at com.kms.katalon.core.keyword.internal.KeywordMain$runKeyword.call(Unknown Source)
	at com.kms.katalon.core.cucumber.keyword.CucumberBuiltinKeywords.runFeatureFile(CucumberBuiltinKeywords.groovy:46)
	at com.kms.katalon.core.cucumber.keyword.CucumberBuiltinKeywords$runFeatureFile$0.callStatic(Unknown Source)
	at com.kms.katalon.core.cucumber.keyword.CucumberBuiltinKeywords.runFeatureFile(CucumberBuiltinKeywords.groovy:169)
	at com.kms.katalon.core.cucumber.keyword.CucumberBuiltinKeywords$runFeatureFile.call(Unknown Source)
	at TC_Search_by_STATUS.run(TC_Search_by_STATUS:18)
	at com.kms.katalon.core.main.ScriptEngine.run(ScriptEngine.java:194)
	at com.kms.katalon.core.main.ScriptEngine.runScriptAsRawText(ScriptEngine.java:119)
	at com.kms.katalon.core.main.TestCaseExecutor.runScript(TestCaseExecutor.java:339)
	at com.kms.katalon.core.main.TestCaseExecutor.doExecute(TestCaseExecutor.java:330)
	at com.kms.katalon.core.main.TestCaseExecutor.processExecutionPhase(TestCaseExecutor.java:309)
	at com.kms.katalon.core.main.TestCaseExecutor.accessMainPhase(TestCaseExecutor.java:301)
	at com.kms.katalon.core.main.TestCaseExecutor.execute(TestCaseExecutor.java:235)
	at com.kms.katalon.core.main.TestSuiteExecutor.accessTestCaseMainPhase(TestSuiteExecutor.java:191)
	at com.kms.katalon.core.main.TestSuiteExecutor.accessTestSuiteMainPhase(TestSuiteExecutor.java:141)
	at com.kms.katalon.core.main.TestSuiteExecutor.execute(TestSuiteExecutor.java:90)
	at com.kms.katalon.core.main.TestCaseMain.startTestSuite(TestCaseMain.java:157)
	at com.kms.katalon.core.main.TestCaseMain$startTestSuite$0.call(Unknown Source)
	at TempTestSuite1612505441004.run(TempTestSuite1612505441004.groovy:39)
)
[[ATTACHMENT|/Users/chaidir.pratama01/Katalon Studio/IST_Automation_Git/Reports/20210205_131034/RTD/TS_Partner_Disbursement/20210205_131041/1612507327203.png]]

2021-02-05 13:42:08 - [MESSAGE][PASSED] - Verify Search Result Presents

2021-02-05 13:42:08 - [TEST_STEP][PASSED] - Click button "Logout": Click button "Logout"

2021-02-05 13:42:08 - [MESSAGE][INFO] - >>>>>//Button[contains(text(),'Logout')]

2021-02-05 13:42:11 - [MESSAGE][PASSED] - Object '' is present

2021-02-05 13:42:11 - [MESSAGE][PASSED] - Object: '' is clicked on

2021-02-05 13:42:11 - [MESSAGE][PASSED] - Switched to window with index: '0'

2021-02-05 13:42:11 - [MESSAGE][PASSED] - Click button "Logout"

2021-02-05 13:42:11 - [TEST_STEP][PASSED] - Close browser: Close browser

2021-02-05 13:42:11 - [MESSAGE][PASSED] - Browser is closed

2021-02-05 13:42:11 - [MESSAGE][PASSED] - Close browser

2021-02-05 13:42:11 - [TEST_CASE][PASSED] - Start Test Case : SCENARIO Search by STATUS Success to Disburse: SCENARIO Search by STATUS Success to Disburse

2021-02-05 13:42:11 - [TEST_STEP][PASSED] - Go to ISTools: Go to ISTools

2021-02-05 13:42:11 - [MESSAGE][INFO] - Starting 'Chrome (headless)' driver

2021-02-05 13:42:11 - [MESSAGE][INFO] - User set preference: ['args', '[--start-maximized, --disable-gpu, --no-proxy-server, –-no-sandbox, --allow-running-insecure-content, --ignore-certificate-errors, window-size=1680,814, force-device-scale-factor=2, --lang=en-GB]']

2021-02-05 13:42:11 - [MESSAGE][INFO] - User set preference: ['prefs', '{download.default_directory=/Users/chaidir.pratama01/Katalon Studio/IST_Automation_Git/Download}']

2021-02-05 13:42:11 - [MESSAGE][INFO] - Action delay is set to 0 milliseconds

2021-02-05 13:42:11 - [MESSAGE][PASSED] - Browser is opened with url: ''

2021-02-05 13:42:13 - [MESSAGE][PASSED] - Navigate to 'https://dev-istools.homecredit.id/foundation/' successfully

2021-02-05 13:42:13 - [MESSAGE][PASSED] - Go to ISTools

2021-02-05 13:42:13 - [TEST_STEP][PASSED] - Login IST with valid credentials: Login IST with valid credentials

2021-02-05 13:42:13 - [MESSAGE][PASSED] - Text 'mobile.test' is set on object 'Object Repository/Page_/input_Username_j_username'

2021-02-05 13:42:13 - [MESSAGE][PASSED] - Text ****** has been set on object 'Object Repository/Page_/input_Password_j_password'

2021-02-05 13:42:15 - [MESSAGE][PASSED] - Object: 'Object Repository/Page_/button_Login' is clicked on

2021-02-05 13:42:15 - [MESSAGE][PASSED] - Login IST with valid credentials

2021-02-05 13:42:15 - [TEST_STEP][PASSED] - Login Success: Login Success

2021-02-05 13:42:15 - [MESSAGE][INFO] - Login Success

2021-02-05 13:42:15 - [MESSAGE][PASSED] - Current window maximized

2021-02-05 13:42:15 - [MESSAGE][PASSED] - Object 'Object Repository/Page_/h1_Welcome to IT Supporting Tools' is present

2021-02-05 13:42:15 - [MESSAGE][PASSED] - Login Success

2021-02-05 13:42:15 - [TEST_STEP][PASSED] - Select Arrow Menu "Real Time Disbursement": Select Arrow Menu "Real Time Disbursement"

2021-02-05 13:42:15 - [MESSAGE][PASSED] - Object: '' is clicked on

2021-02-05 13:42:15 - [MESSAGE][PASSED] - Select Arrow Menu "Real Time Disbursement"

2021-02-05 13:42:15 - [TEST_STEP][PASSED] - Select Menu "Partner Disbursement": Select Menu "Partner Disbursement"

2021-02-05 13:42:15 - [MESSAGE][PASSED] - Taking screenshot successfully
[[ATTACHMENT|/Users/chaidir.pratama01/Documents/Docs/Katalon Studio/Screenshot/test-Partner Disbursement.png]]

2021-02-05 13:42:16 - [MESSAGE][PASSED] - Object '' is present

2021-02-05 13:42:16 - [MESSAGE][PASSED] - Object: '' is clicked on

2021-02-05 13:42:16 - [MESSAGE][PASSED] - Wait for page load successfully

2021-02-05 13:42:16 - [MESSAGE][PASSED] - Select Menu "Partner Disbursement"

2021-02-05 13:42:16 - [TEST_STEP][PASSED] - Select STATUS "Success to Disburse": Select STATUS "Success to Disburse"

2021-02-05 13:42:16 - [MESSAGE][PASSED] - All options with value 'Success to Disburse' are selected in object ''  using regular expression

2021-02-05 13:42:16 - [MESSAGE][PASSED] - Select STATUS "Success to Disburse"

2021-02-05 13:42:16 - [TEST_STEP][PASSED] - Click button "Search": Click button "Search"

2021-02-05 13:42:16 - [MESSAGE][INFO] - >>>>>//Button[contains(text(),'Search')]

2021-02-05 13:42:19 - [MESSAGE][PASSED] - Object '' is present

2021-02-05 13:42:19 - [MESSAGE][PASSED] - Object: '' is clicked on

2021-02-05 13:42:19 - [MESSAGE][PASSED] - Switched to window with index: '0'

2021-02-05 13:42:19 - [MESSAGE][PASSED] - Click button "Search"

2021-02-05 13:42:19 - [TEST_STEP][PASSED] - Verify Search Result Presents: Verify Search Result Presents

2021-02-05 13:42:23 - [MESSAGE][INFO] - Unable to find the element located by 'By.xpath: //td[@style='display:none' and contains(text(),'-Empty-')]'. Please recheck the objects properties to make sure the desired element is located. 

2021-02-05 13:42:24 - [MESSAGE][WARNING] - com.kms.katalon.core.webui.exception.WebElementNotFoundException: Web element with id: '' located by '//td[@style='display:none' and contains(text(),'-Empty-')]' not found (Root cause: com.kms.katalon.core.exception.StepFailedException: com.kms.katalon.core.webui.exception.WebElementNotFoundException: Web element with id: '' located by '//td[@style='display:none' and contains(text(),'-Empty-')]' not found
	at com.kms.katalon.core.webui.keyword.internal.WebUIKeywordMain.stepFailed(WebUIKeywordMain.groovy:64)
	at com.kms.katalon.core.webui.keyword.builtin.VerifyElementPresentKeyword$_verifyElementPresent_closure1.doCall(VerifyElementPresentKeyword.groovy:85)
	at com.kms.katalon.core.webui.keyword.builtin.VerifyElementPresentKeyword$_verifyElementPresent_closure1.call(VerifyElementPresentKeyword.groovy)
	at com.kms.katalon.core.webui.keyword.internal.WebUIKeywordMain.runKeyword(WebUIKeywordMain.groovy:20)
	at com.kms.katalon.core.webui.keyword.builtin.VerifyElementPresentKeyword.verifyElementPresent(VerifyElementPresentKeyword.groovy:92)
	at com.kms.katalon.core.webui.keyword.builtin.VerifyElementPresentKeyword.execute(VerifyElementPresentKeyword.groovy:68)
	at com.kms.katalon.core.keyword.internal.KeywordExecutor.executeKeywordForPlatform(KeywordExecutor.groovy:73)
	at com.kms.katalon.core.webui.keyword.WebUiBuiltInKeywords.verifyElementPresent(WebUiBuiltInKeywords.groovy:1444)
	at com.kms.katalon.core.webui.keyword.WebUiBuiltInKeywords$verifyElementPresent$11.call(Unknown Source)
	at ist_real.Contract_Dispatcher.VerifyTblFilled(Contract_Dispatcher.groovy:1313)
	at ist_real.Contract_Dispatcher$VerifyTblFilled$0.call(Unknown Source)
	at RTD.Search_Result_Presents(RTD.groovy:189)
	at cucumber.runtime.Utils$1.call(Utils.java:26)
	at cucumber.runtime.Timeout.timeout(Timeout.java:16)
	at cucumber.runtime.Utils.invoke(Utils.java:20)
	at cucumber.runtime.java.JavaStepDefinition.execute(JavaStepDefinition.java:48)
	at cucumber.runtime.PickleStepDefinitionMatch.runStep(PickleStepDefinitionMatch.java:50)
	at cucumber.runner.TestStep.executeStep(TestStep.java:55)
	at cucumber.runner.TestStep.run(TestStep.java:42)
	at cucumber.runner.PickleStepTestStep.run(PickleStepTestStep.java:53)
	at cucumber.runner.TestCase.run(TestCase.java:47)
	at cucumber.runner.Runner.runPickle(Runner.java:44)
	at cucumber.runtime.Runtime.runFeature(Runtime.java:120)
	at cucumber.runtime.Runtime.run(Runtime.java:106)
	at cucumber.api.cli.Main.run(Main.java:35)
	at cucumber.api.cli.Main$run.call(Unknown Source)
	at com.kms.katalon.core.cucumber.keyword.CucumberBuiltinKeywords$_runFeatureFile_closure1.doCall(CucumberBuiltinKeywords.groovy:76)
	at com.kms.katalon.core.cucumber.keyword.CucumberBuiltinKeywords$_runFeatureFile_closure1.doCall(CucumberBuiltinKeywords.groovy)
	at com.kms.katalon.core.keyword.internal.KeywordMain.runKeyword(KeywordMain.groovy:68)
	at com.kms.katalon.core.keyword.internal.KeywordMain$runKeyword.call(Unknown Source)
	at com.kms.katalon.core.cucumber.keyword.CucumberBuiltinKeywords.runFeatureFile(CucumberBuiltinKeywords.groovy:46)
	at com.kms.katalon.core.cucumber.keyword.CucumberBuiltinKeywords$runFeatureFile$0.callStatic(Unknown Source)
	at com.kms.katalon.core.cucumber.keyword.CucumberBuiltinKeywords.runFeatureFile(CucumberBuiltinKeywords.groovy:169)
	at com.kms.katalon.core.cucumber.keyword.CucumberBuiltinKeywords$runFeatureFile.call(Unknown Source)
	at TC_Search_by_STATUS.run(TC_Search_by_STATUS:18)
	at com.kms.katalon.core.main.ScriptEngine.run(ScriptEngine.java:194)
	at com.kms.katalon.core.main.ScriptEngine.runScriptAsRawText(ScriptEngine.java:119)
	at com.kms.katalon.core.main.TestCaseExecutor.runScript(TestCaseExecutor.java:339)
	at com.kms.katalon.core.main.TestCaseExecutor.doExecute(TestCaseExecutor.java:330)
	at com.kms.katalon.core.main.TestCaseExecutor.processExecutionPhase(TestCaseExecutor.java:309)
	at com.kms.katalon.core.main.TestCaseExecutor.accessMainPhase(TestCaseExecutor.java:301)
	at com.kms.katalon.core.main.TestCaseExecutor.execute(TestCaseExecutor.java:235)
	at com.kms.katalon.core.main.TestSuiteExecutor.accessTestCaseMainPhase(TestSuiteExecutor.java:191)
	at com.kms.katalon.core.main.TestSuiteExecutor.accessTestSuiteMainPhase(TestSuiteExecutor.java:141)
	at com.kms.katalon.core.main.TestSuiteExecutor.execute(TestSuiteExecutor.java:90)
	at com.kms.katalon.core.main.TestCaseMain.startTestSuite(TestCaseMain.java:157)
	at com.kms.katalon.core.main.TestCaseMain$startTestSuite$0.call(Unknown Source)
	at TempTestSuite1612505441004.run(TempTestSuite1612505441004.groovy:39)
)
[[ATTACHMENT|/Users/chaidir.pratama01/Katalon Studio/IST_Automation_Git/Reports/20210205_131034/RTD/TS_Partner_Disbursement/20210205_131041/1612507343668.png]]

2021-02-05 13:42:24 - [MESSAGE][PASSED] - Verify Search Result Presents

2021-02-05 13:42:24 - [TEST_STEP][PASSED] - Click button "Logout": Click button "Logout"

2021-02-05 13:42:24 - [MESSAGE][INFO] - >>>>>//Button[contains(text(),'Logout')]

2021-02-05 13:42:27 - [MESSAGE][PASSED] - Object '' is present

2021-02-05 13:42:27 - [MESSAGE][PASSED] - Object: '' is clicked on

2021-02-05 13:42:27 - [MESSAGE][PASSED] - Switched to window with index: '0'

2021-02-05 13:42:27 - [MESSAGE][PASSED] - Click button "Logout"

2021-02-05 13:42:27 - [TEST_STEP][PASSED] - Close browser: Close browser

2021-02-05 13:42:27 - [MESSAGE][PASSED] - Browser is closed

2021-02-05 13:42:27 - [MESSAGE][PASSED] - Close browser

2021-02-05 13:42:27 - [TEST_CASE][PASSED] - Start Test Case : SCENARIO Search by STATUS Hold Payment Recreation: SCENARIO Search by STATUS Hold Payment Recreation

2021-02-05 13:42:27 - [TEST_STEP][PASSED] - Go to ISTools: Go to ISTools

2021-02-05 13:42:27 - [MESSAGE][INFO] - Starting 'Chrome (headless)' driver

2021-02-05 13:42:27 - [MESSAGE][INFO] - User set preference: ['args', '[--start-maximized, --disable-gpu, --no-proxy-server, –-no-sandbox, --allow-running-insecure-content, --ignore-certificate-errors, window-size=1680,814, force-device-scale-factor=2, --lang=en-GB]']

2021-02-05 13:42:27 - [MESSAGE][INFO] - User set preference: ['prefs', '{download.default_directory=/Users/chaidir.pratama01/Katalon Studio/IST_Automation_Git/Download}']

2021-02-05 13:42:27 - [MESSAGE][INFO] - Action delay is set to 0 milliseconds

2021-02-05 13:42:28 - [MESSAGE][PASSED] - Browser is opened with url: ''

2021-02-05 13:42:30 - [MESSAGE][PASSED] - Navigate to 'https://dev-istools.homecredit.id/foundation/' successfully

2021-02-05 13:42:30 - [MESSAGE][PASSED] - Go to ISTools

2021-02-05 13:42:30 - [TEST_STEP][PASSED] - Login IST with valid credentials: Login IST with valid credentials

2021-02-05 13:42:30 - [MESSAGE][PASSED] - Text 'mobile.test' is set on object 'Object Repository/Page_/input_Username_j_username'

2021-02-05 13:42:30 - [MESSAGE][PASSED] - Text ****** has been set on object 'Object Repository/Page_/input_Password_j_password'

2021-02-05 13:42:31 - [MESSAGE][PASSED] - Object: 'Object Repository/Page_/button_Login' is clicked on

2021-02-05 13:42:31 - [MESSAGE][PASSED] - Login IST with valid credentials

2021-02-05 13:42:31 - [TEST_STEP][PASSED] - Login Success: Login Success

2021-02-05 13:42:31 - [MESSAGE][INFO] - Login Success

2021-02-05 13:42:31 - [MESSAGE][PASSED] - Current window maximized

2021-02-05 13:42:31 - [MESSAGE][PASSED] - Object 'Object Repository/Page_/h1_Welcome to IT Supporting Tools' is present

2021-02-05 13:42:31 - [MESSAGE][PASSED] - Login Success

2021-02-05 13:42:31 - [TEST_STEP][PASSED] - Select Arrow Menu "Real Time Disbursement": Select Arrow Menu "Real Time Disbursement"

2021-02-05 13:42:31 - [MESSAGE][PASSED] - Object: '' is clicked on

2021-02-05 13:42:31 - [MESSAGE][PASSED] - Select Arrow Menu "Real Time Disbursement"

2021-02-05 13:42:31 - [TEST_STEP][PASSED] - Select Menu "Partner Disbursement": Select Menu "Partner Disbursement"

2021-02-05 13:42:32 - [MESSAGE][PASSED] - Taking screenshot successfully
[[ATTACHMENT|/Users/chaidir.pratama01/Documents/Docs/Katalon Studio/Screenshot/test-Partner Disbursement.png]]

2021-02-05 13:42:32 - [MESSAGE][PASSED] - Object '' is present

2021-02-05 13:42:32 - [MESSAGE][PASSED] - Object: '' is clicked on

2021-02-05 13:42:32 - [MESSAGE][PASSED] - Wait for page load successfully

2021-02-05 13:42:32 - [MESSAGE][PASSED] - Select Menu "Partner Disbursement"

2021-02-05 13:42:32 - [TEST_STEP][PASSED] - Select STATUS "Hold Payment Recreation": Select STATUS "Hold Payment Recreation"

2021-02-05 13:42:32 - [MESSAGE][PASSED] - All options with value 'Hold Payment Recreation' are selected in object ''  using regular expression

2021-02-05 13:42:32 - [MESSAGE][PASSED] - Select STATUS "Hold Payment Recreation"

2021-02-05 13:42:32 - [TEST_STEP][PASSED] - Click button "Search": Click button "Search"

2021-02-05 13:42:32 - [MESSAGE][INFO] - >>>>>//Button[contains(text(),'Search')]

2021-02-05 13:42:35 - [MESSAGE][PASSED] - Object '' is present

2021-02-05 13:42:35 - [MESSAGE][PASSED] - Object: '' is clicked on

2021-02-05 13:42:35 - [MESSAGE][PASSED] - Switched to window with index: '0'

2021-02-05 13:42:35 - [MESSAGE][PASSED] - Click button "Search"

2021-02-05 13:42:35 - [TEST_STEP][PASSED] - Verify Search Result Presents: Verify Search Result Presents

2021-02-05 13:42:36 - [MESSAGE][PASSED] - Object '' is present

2021-02-05 13:42:44 - [MESSAGE][PASSED] - Verify Search Result Presents

2021-02-05 13:42:44 - [TEST_STEP][PASSED] - Click button "Logout": Click button "Logout"

2021-02-05 13:42:44 - [MESSAGE][INFO] - >>>>>//Button[contains(text(),'Logout')]

2021-02-05 13:42:47 - [MESSAGE][PASSED] - Object '' is present

2021-02-05 13:42:47 - [MESSAGE][PASSED] - Object: '' is clicked on

2021-02-05 13:42:47 - [MESSAGE][PASSED] - Switched to window with index: '0'

2021-02-05 13:42:47 - [MESSAGE][PASSED] - Click button "Logout"

2021-02-05 13:42:47 - [TEST_STEP][PASSED] - Close browser: Close browser

2021-02-05 13:42:47 - [MESSAGE][PASSED] - Browser is closed

2021-02-05 13:42:47 - [MESSAGE][PASSED] - Close browser

2021-02-05 13:42:47 - [TEST_CASE][PASSED] - Start Test Case : SCENARIO Search by STATUS Waiting Confirmation From SBO: SCENARIO Search by STATUS Waiting Confirmation From SBO

2021-02-05 13:42:47 - [TEST_STEP][PASSED] - Go to ISTools: Go to ISTools

2021-02-05 13:42:47 - [MESSAGE][INFO] - Starting 'Chrome (headless)' driver

2021-02-05 13:42:47 - [MESSAGE][INFO] - User set preference: ['args', '[--start-maximized, --disable-gpu, --no-proxy-server, –-no-sandbox, --allow-running-insecure-content, --ignore-certificate-errors, window-size=1680,814, force-device-scale-factor=2, --lang=en-GB]']

2021-02-05 13:42:47 - [MESSAGE][INFO] - User set preference: ['prefs', '{download.default_directory=/Users/chaidir.pratama01/Katalon Studio/IST_Automation_Git/Download}']

2021-02-05 13:42:47 - [MESSAGE][INFO] - Action delay is set to 0 milliseconds

2021-02-05 13:42:47 - [MESSAGE][PASSED] - Browser is opened with url: ''

2021-02-05 13:42:51 - [MESSAGE][PASSED] - Navigate to 'https://dev-istools.homecredit.id/foundation/' successfully

2021-02-05 13:42:51 - [MESSAGE][PASSED] - Go to ISTools

2021-02-05 13:42:51 - [TEST_STEP][PASSED] - Login IST with valid credentials: Login IST with valid credentials

2021-02-05 13:42:51 - [MESSAGE][PASSED] - Text 'mobile.test' is set on object 'Object Repository/Page_/input_Username_j_username'

2021-02-05 13:42:51 - [MESSAGE][PASSED] - Text ****** has been set on object 'Object Repository/Page_/input_Password_j_password'

2021-02-05 13:42:52 - [MESSAGE][PASSED] - Object: 'Object Repository/Page_/button_Login' is clicked on

2021-02-05 13:42:52 - [MESSAGE][PASSED] - Login IST with valid credentials

2021-02-05 13:42:52 - [TEST_STEP][PASSED] - Login Success: Login Success

2021-02-05 13:42:52 - [MESSAGE][INFO] - Login Success

2021-02-05 13:42:52 - [MESSAGE][PASSED] - Current window maximized

2021-02-05 13:42:52 - [MESSAGE][PASSED] - Object 'Object Repository/Page_/h1_Welcome to IT Supporting Tools' is present

2021-02-05 13:42:52 - [MESSAGE][PASSED] - Login Success

2021-02-05 13:42:52 - [TEST_STEP][PASSED] - Select Arrow Menu "Real Time Disbursement": Select Arrow Menu "Real Time Disbursement"

2021-02-05 13:42:52 - [MESSAGE][PASSED] - Object: '' is clicked on

2021-02-05 13:42:52 - [MESSAGE][PASSED] - Select Arrow Menu "Real Time Disbursement"

2021-02-05 13:42:52 - [TEST_STEP][PASSED] - Select Menu "Partner Disbursement": Select Menu "Partner Disbursement"

2021-02-05 13:42:53 - [MESSAGE][PASSED] - Taking screenshot successfully
[[ATTACHMENT|/Users/chaidir.pratama01/Documents/Docs/Katalon Studio/Screenshot/test-Partner Disbursement.png]]

2021-02-05 13:42:53 - [MESSAGE][PASSED] - Object '' is present

2021-02-05 13:42:53 - [MESSAGE][PASSED] - Object: '' is clicked on

2021-02-05 13:42:53 - [MESSAGE][PASSED] - Wait for page load successfully

2021-02-05 13:42:53 - [MESSAGE][PASSED] - Select Menu "Partner Disbursement"

2021-02-05 13:42:53 - [TEST_STEP][PASSED] - Select STATUS "Waiting Confirmation From SBO": Select STATUS "Waiting Confirmation From SBO"

2021-02-05 13:42:54 - [MESSAGE][PASSED] - All options with value 'Waiting Confirmation From SBO' are selected in object ''  using regular expression

2021-02-05 13:42:54 - [MESSAGE][PASSED] - Select STATUS "Waiting Confirmation From SBO"

2021-02-05 13:42:54 - [TEST_STEP][PASSED] - Click button "Search": Click button "Search"

2021-02-05 13:42:54 - [MESSAGE][INFO] - >>>>>//Button[contains(text(),'Search')]

2021-02-05 13:42:57 - [MESSAGE][PASSED] - Object '' is present

2021-02-05 13:42:57 - [MESSAGE][PASSED] - Object: '' is clicked on

2021-02-05 13:42:57 - [MESSAGE][PASSED] - Switched to window with index: '0'

2021-02-05 13:42:57 - [MESSAGE][PASSED] - Click button "Search"

2021-02-05 13:42:57 - [TEST_STEP][PASSED] - Verify Search Result Presents: Verify Search Result Presents

2021-02-05 13:42:57 - [MESSAGE][PASSED] - Object '' is present

2021-02-05 13:43:00 - [MESSAGE][PASSED] - Verify Search Result Presents

2021-02-05 13:43:00 - [TEST_STEP][PASSED] - Click button "Logout": Click button "Logout"

2021-02-05 13:43:00 - [MESSAGE][INFO] - >>>>>//Button[contains(text(),'Logout')]

2021-02-05 13:43:03 - [MESSAGE][PASSED] - Object '' is present

2021-02-05 13:43:03 - [MESSAGE][PASSED] - Object: '' is clicked on

2021-02-05 13:43:03 - [MESSAGE][PASSED] - Switched to window with index: '0'

2021-02-05 13:43:03 - [MESSAGE][PASSED] - Click button "Logout"

2021-02-05 13:43:03 - [TEST_STEP][PASSED] - Close browser: Close browser

2021-02-05 13:43:03 - [MESSAGE][PASSED] - Browser is closed

2021-02-05 13:43:03 - [MESSAGE][PASSED] - Close browser

2021-02-05 13:43:03 - [TEST_CASE][PASSED] - Start Test Case : SCENARIO Search by STATUS Hold Payment Insufficient Fund: SCENARIO Search by STATUS Hold Payment Insufficient Fund

2021-02-05 13:43:03 - [TEST_STEP][PASSED] - Go to ISTools: Go to ISTools

2021-02-05 13:43:03 - [MESSAGE][INFO] - Starting 'Chrome (headless)' driver

2021-02-05 13:43:03 - [MESSAGE][INFO] - User set preference: ['args', '[--start-maximized, --disable-gpu, --no-proxy-server, –-no-sandbox, --allow-running-insecure-content, --ignore-certificate-errors, window-size=1680,814, force-device-scale-factor=2, --lang=en-GB]']

2021-02-05 13:43:03 - [MESSAGE][INFO] - User set preference: ['prefs', '{download.default_directory=/Users/chaidir.pratama01/Katalon Studio/IST_Automation_Git/Download}']

2021-02-05 13:43:03 - [MESSAGE][INFO] - Action delay is set to 0 milliseconds

2021-02-05 13:43:04 - [MESSAGE][PASSED] - Browser is opened with url: ''

2021-02-05 13:43:06 - [MESSAGE][PASSED] - Navigate to 'https://dev-istools.homecredit.id/foundation/' successfully

2021-02-05 13:43:06 - [MESSAGE][PASSED] - Go to ISTools

2021-02-05 13:43:06 - [TEST_STEP][PASSED] - Login IST with valid credentials: Login IST with valid credentials

2021-02-05 13:43:06 - [MESSAGE][PASSED] - Text 'mobile.test' is set on object 'Object Repository/Page_/input_Username_j_username'

2021-02-05 13:43:06 - [MESSAGE][PASSED] - Text ****** has been set on object 'Object Repository/Page_/input_Password_j_password'

2021-02-05 13:43:08 - [MESSAGE][PASSED] - Object: 'Object Repository/Page_/button_Login' is clicked on

2021-02-05 13:43:08 - [MESSAGE][PASSED] - Login IST with valid credentials

2021-02-05 13:43:08 - [TEST_STEP][PASSED] - Login Success: Login Success

2021-02-05 13:43:08 - [MESSAGE][INFO] - Login Success

2021-02-05 13:43:08 - [MESSAGE][PASSED] - Current window maximized

2021-02-05 13:43:09 - [MESSAGE][PASSED] - Object 'Object Repository/Page_/h1_Welcome to IT Supporting Tools' is present

2021-02-05 13:43:09 - [MESSAGE][PASSED] - Login Success

2021-02-05 13:43:09 - [TEST_STEP][PASSED] - Select Arrow Menu "Real Time Disbursement": Select Arrow Menu "Real Time Disbursement"

2021-02-05 13:43:09 - [MESSAGE][PASSED] - Object: '' is clicked on

2021-02-05 13:43:09 - [MESSAGE][PASSED] - Select Arrow Menu "Real Time Disbursement"

2021-02-05 13:43:09 - [TEST_STEP][PASSED] - Select Menu "Partner Disbursement": Select Menu "Partner Disbursement"

2021-02-05 13:43:09 - [MESSAGE][PASSED] - Taking screenshot successfully
[[ATTACHMENT|/Users/chaidir.pratama01/Documents/Docs/Katalon Studio/Screenshot/test-Partner Disbursement.png]]

2021-02-05 13:43:09 - [MESSAGE][PASSED] - Object '' is present

2021-02-05 13:43:09 - [MESSAGE][PASSED] - Object: '' is clicked on

2021-02-05 13:43:09 - [MESSAGE][PASSED] - Wait for page load successfully

2021-02-05 13:43:09 - [MESSAGE][PASSED] - Select Menu "Partner Disbursement"

2021-02-05 13:43:09 - [TEST_STEP][PASSED] - Select STATUS "Hold Payment Insufficient Fund": Select STATUS "Hold Payment Insufficient Fund"

2021-02-05 13:43:10 - [MESSAGE][PASSED] - All options with value 'Hold Payment Insufficient Fund' are selected in object ''  using regular expression

2021-02-05 13:43:10 - [MESSAGE][PASSED] - Select STATUS "Hold Payment Insufficient Fund"

2021-02-05 13:43:10 - [TEST_STEP][PASSED] - Click button "Search": Click button "Search"

2021-02-05 13:43:10 - [MESSAGE][INFO] - >>>>>//Button[contains(text(),'Search')]

2021-02-05 13:43:13 - [MESSAGE][PASSED] - Object '' is present

2021-02-05 13:43:13 - [MESSAGE][PASSED] - Object: '' is clicked on

2021-02-05 13:43:13 - [MESSAGE][PASSED] - Switched to window with index: '0'

2021-02-05 13:43:13 - [MESSAGE][PASSED] - Click button "Search"

2021-02-05 13:43:13 - [TEST_STEP][PASSED] - Verify Search Result Presents: Verify Search Result Presents

2021-02-05 13:43:17 - [MESSAGE][INFO] - Unable to find the element located by 'By.xpath: //td[@style='display:none' and contains(text(),'-Empty-')]'. Please recheck the objects properties to make sure the desired element is located. 

2021-02-05 13:43:17 - [MESSAGE][WARNING] - com.kms.katalon.core.webui.exception.WebElementNotFoundException: Web element with id: '' located by '//td[@style='display:none' and contains(text(),'-Empty-')]' not found (Root cause: com.kms.katalon.core.exception.StepFailedException: com.kms.katalon.core.webui.exception.WebElementNotFoundException: Web element with id: '' located by '//td[@style='display:none' and contains(text(),'-Empty-')]' not found
	at com.kms.katalon.core.webui.keyword.internal.WebUIKeywordMain.stepFailed(WebUIKeywordMain.groovy:64)
	at com.kms.katalon.core.webui.keyword.builtin.VerifyElementPresentKeyword$_verifyElementPresent_closure1.doCall(VerifyElementPresentKeyword.groovy:85)
	at com.kms.katalon.core.webui.keyword.builtin.VerifyElementPresentKeyword$_verifyElementPresent_closure1.call(VerifyElementPresentKeyword.groovy)
	at com.kms.katalon.core.webui.keyword.internal.WebUIKeywordMain.runKeyword(WebUIKeywordMain.groovy:20)
	at com.kms.katalon.core.webui.keyword.builtin.VerifyElementPresentKeyword.verifyElementPresent(VerifyElementPresentKeyword.groovy:92)
	at com.kms.katalon.core.webui.keyword.builtin.VerifyElementPresentKeyword.execute(VerifyElementPresentKeyword.groovy:68)
	at com.kms.katalon.core.keyword.internal.KeywordExecutor.executeKeywordForPlatform(KeywordExecutor.groovy:73)
	at com.kms.katalon.core.webui.keyword.WebUiBuiltInKeywords.verifyElementPresent(WebUiBuiltInKeywords.groovy:1444)
	at com.kms.katalon.core.webui.keyword.WebUiBuiltInKeywords$verifyElementPresent$11.call(Unknown Source)
	at ist_real.Contract_Dispatcher.VerifyTblFilled(Contract_Dispatcher.groovy:1313)
	at ist_real.Contract_Dispatcher$VerifyTblFilled$0.call(Unknown Source)
	at RTD.Search_Result_Presents(RTD.groovy:189)
	at cucumber.runtime.Utils$1.call(Utils.java:26)
	at cucumber.runtime.Timeout.timeout(Timeout.java:16)
	at cucumber.runtime.Utils.invoke(Utils.java:20)
	at cucumber.runtime.java.JavaStepDefinition.execute(JavaStepDefinition.java:48)
	at cucumber.runtime.PickleStepDefinitionMatch.runStep(PickleStepDefinitionMatch.java:50)
	at cucumber.runner.TestStep.executeStep(TestStep.java:55)
	at cucumber.runner.TestStep.run(TestStep.java:42)
	at cucumber.runner.PickleStepTestStep.run(PickleStepTestStep.java:53)
	at cucumber.runner.TestCase.run(TestCase.java:47)
	at cucumber.runner.Runner.runPickle(Runner.java:44)
	at cucumber.runtime.Runtime.runFeature(Runtime.java:120)
	at cucumber.runtime.Runtime.run(Runtime.java:106)
	at cucumber.api.cli.Main.run(Main.java:35)
	at cucumber.api.cli.Main$run.call(Unknown Source)
	at com.kms.katalon.core.cucumber.keyword.CucumberBuiltinKeywords$_runFeatureFile_closure1.doCall(CucumberBuiltinKeywords.groovy:76)
	at com.kms.katalon.core.cucumber.keyword.CucumberBuiltinKeywords$_runFeatureFile_closure1.doCall(CucumberBuiltinKeywords.groovy)
	at com.kms.katalon.core.keyword.internal.KeywordMain.runKeyword(KeywordMain.groovy:68)
	at com.kms.katalon.core.keyword.internal.KeywordMain$runKeyword.call(Unknown Source)
	at com.kms.katalon.core.cucumber.keyword.CucumberBuiltinKeywords.runFeatureFile(CucumberBuiltinKeywords.groovy:46)
	at com.kms.katalon.core.cucumber.keyword.CucumberBuiltinKeywords$runFeatureFile$0.callStatic(Unknown Source)
	at com.kms.katalon.core.cucumber.keyword.CucumberBuiltinKeywords.runFeatureFile(CucumberBuiltinKeywords.groovy:169)
	at com.kms.katalon.core.cucumber.keyword.CucumberBuiltinKeywords$runFeatureFile.call(Unknown Source)
	at TC_Search_by_STATUS.run(TC_Search_by_STATUS:18)
	at com.kms.katalon.core.main.ScriptEngine.run(ScriptEngine.java:194)
	at com.kms.katalon.core.main.ScriptEngine.runScriptAsRawText(ScriptEngine.java:119)
	at com.kms.katalon.core.main.TestCaseExecutor.runScript(TestCaseExecutor.java:339)
	at com.kms.katalon.core.main.TestCaseExecutor.doExecute(TestCaseExecutor.java:330)
	at com.kms.katalon.core.main.TestCaseExecutor.processExecutionPhase(TestCaseExecutor.java:309)
	at com.kms.katalon.core.main.TestCaseExecutor.accessMainPhase(TestCaseExecutor.java:301)
	at com.kms.katalon.core.main.TestCaseExecutor.execute(TestCaseExecutor.java:235)
	at com.kms.katalon.core.main.TestSuiteExecutor.accessTestCaseMainPhase(TestSuiteExecutor.java:191)
	at com.kms.katalon.core.main.TestSuiteExecutor.accessTestSuiteMainPhase(TestSuiteExecutor.java:141)
	at com.kms.katalon.core.main.TestSuiteExecutor.execute(TestSuiteExecutor.java:90)
	at com.kms.katalon.core.main.TestCaseMain.startTestSuite(TestCaseMain.java:157)
	at com.kms.katalon.core.main.TestCaseMain$startTestSuite$0.call(Unknown Source)
	at TempTestSuite1612505441004.run(TempTestSuite1612505441004.groovy:39)
)
[[ATTACHMENT|/Users/chaidir.pratama01/Katalon Studio/IST_Automation_Git/Reports/20210205_131034/RTD/TS_Partner_Disbursement/20210205_131041/1612507397359.png]]

2021-02-05 13:43:18 - [MESSAGE][PASSED] - Verify Search Result Presents

2021-02-05 13:43:18 - [TEST_STEP][PASSED] - Click button "Logout": Click button "Logout"

2021-02-05 13:43:18 - [MESSAGE][INFO] - >>>>>//Button[contains(text(),'Logout')]

2021-02-05 13:43:21 - [MESSAGE][PASSED] - Object '' is present

2021-02-05 13:43:21 - [MESSAGE][PASSED] - Object: '' is clicked on

2021-02-05 13:43:21 - [MESSAGE][PASSED] - Switched to window with index: '0'

2021-02-05 13:43:21 - [MESSAGE][PASSED] - Click button "Logout"

2021-02-05 13:43:21 - [TEST_STEP][PASSED] - Close browser: Close browser

2021-02-05 13:43:21 - [MESSAGE][PASSED] - Browser is closed

2021-02-05 13:43:21 - [MESSAGE][PASSED] - Close browser

2021-02-05 13:43:21 - [MESSAGE][PASSED] - Feature file: 'Include/features/IST_Real/RTD/Partner_Disbursement/Search_by_STATUS.feature' was passed]]></system-out>
         <system-err><![CDATA[]]></system-err>
      </testcase>
      <testcase name="Test Cases/RTD/Partner Disbursement/TC_Export_Data" time="11.594" classname="Test Cases/RTD/Partner Disbursement/TC_Export_Data" status="PASSED">
         <system-out><![CDATA[2021-02-05 13:43:21 - [TEST_CASE][PASSED] - Test Cases/RTD/Partner Disbursement/TC_Export_Data: Test Cases/RTD/Partner Disbursement/TC_Export_Data

2021-02-05 13:43:21 - [TEST_STEP][PASSED] - runFeatureFile("Include/features/IST_Real/RTD/Partner_Disbursement/Export_Data.feature"): Feature file: 'Include/features/IST_Real/RTD/Partner_Disbursement/Export_Data.feature' was passed

2021-02-05 13:43:21 - [MESSAGE][INFO] - Starting run keyword runFeatureFile: 'Include/features/IST_Real/RTD/Partner_Disbursement/Export_Data.feature' and extract report to folder: '/Users/chaidir.pratama01/Katalon Studio/IST_Automation_Git/Reports/20210205_131034/RTD/TS_Partner_Disbursement/20210205_131041/cucumber_report/1612507401876'...

2021-02-05 13:43:22 - [TEST_CASE][PASSED] - Start Test Case : SCENARIO Export Data: SCENARIO Export Data

2021-02-05 13:43:22 - [TEST_STEP][PASSED] - Go to ISTools: Go to ISTools

2021-02-05 13:43:22 - [MESSAGE][INFO] - Starting 'Chrome (headless)' driver

2021-02-05 13:43:22 - [MESSAGE][INFO] - User set preference: ['args', '[--start-maximized, --disable-gpu, --no-proxy-server, –-no-sandbox, --allow-running-insecure-content, --ignore-certificate-errors, window-size=1680,814, force-device-scale-factor=2, --lang=en-GB]']

2021-02-05 13:43:22 - [MESSAGE][INFO] - User set preference: ['prefs', '{download.default_directory=/Users/chaidir.pratama01/Katalon Studio/IST_Automation_Git/Download}']

2021-02-05 13:43:22 - [MESSAGE][INFO] - Action delay is set to 0 milliseconds

2021-02-05 13:43:22 - [MESSAGE][PASSED] - Browser is opened with url: ''

2021-02-05 13:43:24 - [MESSAGE][PASSED] - Navigate to 'https://dev-istools.homecredit.id/foundation/' successfully

2021-02-05 13:43:24 - [MESSAGE][PASSED] - Go to ISTools

2021-02-05 13:43:24 - [TEST_STEP][PASSED] - Login IST with valid credentials: Login IST with valid credentials

2021-02-05 13:43:24 - [MESSAGE][PASSED] - Text 'mobile.test' is set on object 'Object Repository/Page_/input_Username_j_username'

2021-02-05 13:43:24 - [MESSAGE][PASSED] - Text ****** has been set on object 'Object Repository/Page_/input_Password_j_password'

2021-02-05 13:43:25 - [MESSAGE][PASSED] - Object: 'Object Repository/Page_/button_Login' is clicked on

2021-02-05 13:43:25 - [MESSAGE][PASSED] - Login IST with valid credentials

2021-02-05 13:43:25 - [TEST_STEP][PASSED] - Login Success: Login Success

2021-02-05 13:43:25 - [MESSAGE][INFO] - Login Success

2021-02-05 13:43:25 - [MESSAGE][PASSED] - Current window maximized

2021-02-05 13:43:25 - [MESSAGE][PASSED] - Object 'Object Repository/Page_/h1_Welcome to IT Supporting Tools' is present

2021-02-05 13:43:25 - [MESSAGE][PASSED] - Login Success

2021-02-05 13:43:25 - [TEST_STEP][PASSED] - Select Arrow Menu "Real Time Disbursement": Select Arrow Menu "Real Time Disbursement"

2021-02-05 13:43:25 - [MESSAGE][PASSED] - Object: '' is clicked on

2021-02-05 13:43:25 - [MESSAGE][PASSED] - Select Arrow Menu "Real Time Disbursement"

2021-02-05 13:43:25 - [TEST_STEP][PASSED] - Select Menu "Partner Disbursement": Select Menu "Partner Disbursement"

2021-02-05 13:43:26 - [MESSAGE][PASSED] - Taking screenshot successfully
[[ATTACHMENT|/Users/chaidir.pratama01/Documents/Docs/Katalon Studio/Screenshot/test-Partner Disbursement.png]]

2021-02-05 13:43:26 - [MESSAGE][PASSED] - Object '' is present

2021-02-05 13:43:26 - [MESSAGE][PASSED] - Object: '' is clicked on

2021-02-05 13:43:26 - [MESSAGE][PASSED] - Wait for page load successfully

2021-02-05 13:43:26 - [MESSAGE][PASSED] - Select Menu "Partner Disbursement"

2021-02-05 13:43:26 - [TEST_STEP][PASSED] - Input Contract RTD in Contract Number label: Input Contract RTD in Contract Number label

2021-02-05 13:43:26 - [MESSAGE][PASSED] - Text '4000014162' is set on object ''

2021-02-05 13:43:26 - [MESSAGE][PASSED] - Input Contract RTD in Contract Number label

2021-02-05 13:43:26 - [TEST_STEP][PASSED] - Click button "Search": Click button "Search"

2021-02-05 13:43:26 - [MESSAGE][INFO] - >>>>>//Button[contains(text(),'Search')]

2021-02-05 13:43:29 - [MESSAGE][PASSED] - Object '' is present

2021-02-05 13:43:29 - [MESSAGE][PASSED] - Object: '' is clicked on

2021-02-05 13:43:29 - [MESSAGE][PASSED] - Switched to window with index: '0'

2021-02-05 13:43:29 - [MESSAGE][PASSED] - Click button "Search"

2021-02-05 13:43:29 - [TEST_STEP][PASSED] - Verify Table Filled: Verify Table Filled

2021-02-05 13:43:29 - [MESSAGE][PASSED] - Object '' is present

2021-02-05 13:43:29 - [MESSAGE][PASSED] - Verify Table Filled

2021-02-05 13:43:29 - [TEST_STEP][PASSED] - Click button "Export Data": Click button "Export Data"

2021-02-05 13:43:29 - [MESSAGE][INFO] - >>>>>//Button[contains(text(),'Export Data')]

2021-02-05 13:43:32 - [MESSAGE][PASSED] - Object: '' is clicked on

2021-02-05 13:43:33 - [MESSAGE][PASSED] - Taking screenshot successfully
[[ATTACHMENT|/Users/chaidir.pratama01/Documents/Docs/Katalon Studio/Screenshot/Download_data.png]]

2021-02-05 13:43:33 - [MESSAGE][PASSED] - Click button "Export Data"

2021-02-05 13:43:33 - [MESSAGE][PASSED] - Feature file: 'Include/features/IST_Real/RTD/Partner_Disbursement/Export_Data.feature' was passed]]></system-out>
         <system-err><![CDATA[]]></system-err>
      </testcase>
      <testcase name="Test Cases/RTD/Partner Disbursement/TC_Search_by_OrderID" time="10.299" classname="Test Cases/RTD/Partner Disbursement/TC_Search_by_OrderID" status="PASSED">
         <system-out><![CDATA[2021-02-05 13:43:33 - [TEST_CASE][PASSED] - Test Cases/RTD/Partner Disbursement/TC_Search_by_OrderID: Test Cases/RTD/Partner Disbursement/TC_Search_by_OrderID

2021-02-05 13:43:33 - [TEST_STEP][PASSED] - runFeatureFile("Include/features/IST_Real/RTD/Partner_Disbursement/Search_by_OrderID.feature"): Feature file: 'Include/features/IST_Real/RTD/Partner_Disbursement/Search_by_OrderID.feature' was passed

2021-02-05 13:43:33 - [MESSAGE][INFO] - Starting run keyword runFeatureFile: 'Include/features/IST_Real/RTD/Partner_Disbursement/Search_by_OrderID.feature' and extract report to folder: '/Users/chaidir.pratama01/Katalon Studio/IST_Automation_Git/Reports/20210205_131034/RTD/TS_Partner_Disbursement/20210205_131041/cucumber_report/1612507413464'...

2021-02-05 13:43:33 - [TEST_CASE][PASSED] - Start Test Case : SCENARIO Search by Contract Number and it found on Dashboard: SCENARIO Search by Contract Number and it found on Dashboard

2021-02-05 13:43:33 - [TEST_STEP][PASSED] - Go to ISTools: Go to ISTools

2021-02-05 13:43:33 - [MESSAGE][WARNING] - A browser is already opened. Closing browser and opening a new one

2021-02-05 13:43:33 - [MESSAGE][INFO] - Starting 'Chrome (headless)' driver

2021-02-05 13:43:33 - [MESSAGE][INFO] - User set preference: ['args', '[--start-maximized, --disable-gpu, --no-proxy-server, –-no-sandbox, --allow-running-insecure-content, --ignore-certificate-errors, window-size=1680,814, force-device-scale-factor=2, --lang=en-GB]']

2021-02-05 13:43:33 - [MESSAGE][INFO] - User set preference: ['prefs', '{download.default_directory=/Users/chaidir.pratama01/Katalon Studio/IST_Automation_Git/Download}']

2021-02-05 13:43:33 - [MESSAGE][INFO] - Action delay is set to 0 milliseconds

2021-02-05 13:43:33 - [MESSAGE][PASSED] - Browser is opened with url: ''

2021-02-05 13:43:36 - [MESSAGE][PASSED] - Navigate to 'https://dev-istools.homecredit.id/foundation/' successfully

2021-02-05 13:43:36 - [MESSAGE][PASSED] - Go to ISTools

2021-02-05 13:43:36 - [TEST_STEP][PASSED] - Login IST with valid credentials: Login IST with valid credentials

2021-02-05 13:43:36 - [MESSAGE][PASSED] - Text 'mobile.test' is set on object 'Object Repository/Page_/input_Username_j_username'

2021-02-05 13:43:37 - [MESSAGE][PASSED] - Text ****** has been set on object 'Object Repository/Page_/input_Password_j_password'

2021-02-05 13:43:38 - [MESSAGE][PASSED] - Object: 'Object Repository/Page_/button_Login' is clicked on

2021-02-05 13:43:38 - [MESSAGE][PASSED] - Login IST with valid credentials

2021-02-05 13:43:38 - [TEST_STEP][PASSED] - Login Success: Login Success

2021-02-05 13:43:38 - [MESSAGE][INFO] - Login Success

2021-02-05 13:43:38 - [MESSAGE][PASSED] - Current window maximized

2021-02-05 13:43:38 - [MESSAGE][PASSED] - Object 'Object Repository/Page_/h1_Welcome to IT Supporting Tools' is present

2021-02-05 13:43:38 - [MESSAGE][PASSED] - Login Success

2021-02-05 13:43:38 - [TEST_STEP][PASSED] - Select Arrow Menu "Real Time Disbursement": Select Arrow Menu "Real Time Disbursement"

2021-02-05 13:43:38 - [MESSAGE][PASSED] - Object: '' is clicked on

2021-02-05 13:43:38 - [MESSAGE][PASSED] - Select Arrow Menu "Real Time Disbursement"

2021-02-05 13:43:38 - [TEST_STEP][PASSED] - Select Menu "Partner Disbursement": Select Menu "Partner Disbursement"

2021-02-05 13:43:39 - [MESSAGE][PASSED] - Taking screenshot successfully
[[ATTACHMENT|/Users/chaidir.pratama01/Documents/Docs/Katalon Studio/Screenshot/test-Partner Disbursement.png]]

2021-02-05 13:43:39 - [MESSAGE][PASSED] - Object '' is present

2021-02-05 13:43:39 - [MESSAGE][PASSED] - Object: '' is clicked on

2021-02-05 13:43:39 - [MESSAGE][PASSED] - Wait for page load successfully

2021-02-05 13:43:39 - [MESSAGE][PASSED] - Select Menu "Partner Disbursement"

2021-02-05 13:43:39 - [TEST_STEP][PASSED] - Input "Order ID" for "Partner Disbursement": Input "Order ID" for "Partner Disbursement"

2021-02-05 13:43:39 - [MESSAGE][PASSED] - Text '10037914991' is set on object ''

2021-02-05 13:43:39 - [MESSAGE][PASSED] - Input "Order ID" for "Partner Disbursement"

2021-02-05 13:43:39 - [TEST_STEP][PASSED] - Click button "Search": Click button "Search"

2021-02-05 13:43:39 - [MESSAGE][INFO] - >>>>>//Button[contains(text(),'Search')]

2021-02-05 13:43:42 - [MESSAGE][PASSED] - Object '' is present

2021-02-05 13:43:42 - [MESSAGE][PASSED] - Object: '' is clicked on

2021-02-05 13:43:42 - [MESSAGE][PASSED] - Switched to window with index: '0'

2021-02-05 13:43:42 - [MESSAGE][PASSED] - Click button "Search"

2021-02-05 13:43:42 - [TEST_STEP][PASSED] - Verify Search Result Presents: Verify Search Result Presents

2021-02-05 13:43:42 - [MESSAGE][PASSED] - Object '' is present

2021-02-05 13:43:43 - [MESSAGE][PASSED] - Verify Search Result Presents

2021-02-05 13:43:43 - [MESSAGE][PASSED] - Feature file: 'Include/features/IST_Real/RTD/Partner_Disbursement/Search_by_OrderID.feature' was passed]]></system-out>
         <system-err><![CDATA[]]></system-err>
      </testcase>
      <testcase name="Test Cases/RTD/Partner Disbursement/TC_Search_by_Contract_Number" time="10.101" classname="Test Cases/RTD/Partner Disbursement/TC_Search_by_Contract_Number" status="PASSED">
         <system-out><![CDATA[2021-02-05 13:43:43 - [TEST_CASE][PASSED] - Test Cases/RTD/Partner Disbursement/TC_Search_by_Contract_Number: Test Cases/RTD/Partner Disbursement/TC_Search_by_Contract_Number

2021-02-05 13:43:43 - [TEST_STEP][PASSED] - runFeatureFile("Include/features/IST_Real/RTD/Partner_Disbursement/Search_by_Contract_Number.feature"): Feature file: 'Include/features/IST_Real/RTD/Partner_Disbursement/Search_by_Contract_Number.feature' was passed

2021-02-05 13:43:43 - [MESSAGE][INFO] - Starting run keyword runFeatureFile: 'Include/features/IST_Real/RTD/Partner_Disbursement/Search_by_Contract_Number.feature' and extract report to folder: '/Users/chaidir.pratama01/Katalon Studio/IST_Automation_Git/Reports/20210205_131034/RTD/TS_Partner_Disbursement/20210205_131041/cucumber_report/1612507423769'...

2021-02-05 13:43:43 - [TEST_CASE][PASSED] - Start Test Case : SCENARIO Search by Contract Number and it found on Dashboard: SCENARIO Search by Contract Number and it found on Dashboard

2021-02-05 13:43:43 - [TEST_STEP][PASSED] - Go to ISTools: Go to ISTools

2021-02-05 13:43:43 - [MESSAGE][WARNING] - A browser is already opened. Closing browser and opening a new one

2021-02-05 13:43:43 - [MESSAGE][INFO] - Starting 'Chrome (headless)' driver

2021-02-05 13:43:43 - [MESSAGE][INFO] - User set preference: ['args', '[--start-maximized, --disable-gpu, --no-proxy-server, –-no-sandbox, --allow-running-insecure-content, --ignore-certificate-errors, window-size=1680,814, force-device-scale-factor=2, --lang=en-GB]']

2021-02-05 13:43:43 - [MESSAGE][INFO] - User set preference: ['prefs', '{download.default_directory=/Users/chaidir.pratama01/Katalon Studio/IST_Automation_Git/Download}']

2021-02-05 13:43:43 - [MESSAGE][INFO] - Action delay is set to 0 milliseconds

2021-02-05 13:43:44 - [MESSAGE][PASSED] - Browser is opened with url: ''

2021-02-05 13:43:46 - [MESSAGE][PASSED] - Navigate to 'https://dev-istools.homecredit.id/foundation/' successfully

2021-02-05 13:43:46 - [MESSAGE][PASSED] - Go to ISTools

2021-02-05 13:43:46 - [TEST_STEP][PASSED] - Login IST with valid credentials: Login IST with valid credentials

2021-02-05 13:43:46 - [MESSAGE][PASSED] - Text 'mobile.test' is set on object 'Object Repository/Page_/input_Username_j_username'

2021-02-05 13:43:47 - [MESSAGE][PASSED] - Text ****** has been set on object 'Object Repository/Page_/input_Password_j_password'

2021-02-05 13:43:47 - [MESSAGE][PASSED] - Object: 'Object Repository/Page_/button_Login' is clicked on

2021-02-05 13:43:47 - [MESSAGE][PASSED] - Login IST with valid credentials

2021-02-05 13:43:47 - [TEST_STEP][PASSED] - Login Success: Login Success

2021-02-05 13:43:47 - [MESSAGE][INFO] - Login Success

2021-02-05 13:43:48 - [MESSAGE][PASSED] - Current window maximized

2021-02-05 13:43:48 - [MESSAGE][PASSED] - Object 'Object Repository/Page_/h1_Welcome to IT Supporting Tools' is present

2021-02-05 13:43:48 - [MESSAGE][PASSED] - Login Success

2021-02-05 13:43:48 - [TEST_STEP][PASSED] - Select Arrow Menu "Real Time Disbursement": Select Arrow Menu "Real Time Disbursement"

2021-02-05 13:43:48 - [MESSAGE][PASSED] - Object: '' is clicked on

2021-02-05 13:43:48 - [MESSAGE][PASSED] - Select Arrow Menu "Real Time Disbursement"

2021-02-05 13:43:48 - [TEST_STEP][PASSED] - Select Menu "Partner Disbursement": Select Menu "Partner Disbursement"

2021-02-05 13:43:48 - [MESSAGE][PASSED] - Taking screenshot successfully
[[ATTACHMENT|/Users/chaidir.pratama01/Documents/Docs/Katalon Studio/Screenshot/test-Partner Disbursement.png]]

2021-02-05 13:43:48 - [MESSAGE][PASSED] - Object '' is present

2021-02-05 13:43:48 - [MESSAGE][PASSED] - Object: '' is clicked on

2021-02-05 13:43:48 - [MESSAGE][PASSED] - Wait for page load successfully

2021-02-05 13:43:48 - [MESSAGE][PASSED] - Select Menu "Partner Disbursement"

2021-02-05 13:43:48 - [TEST_STEP][PASSED] - Input Contract RTD in Contract Number label: Input Contract RTD in Contract Number label

2021-02-05 13:43:49 - [MESSAGE][PASSED] - Text '4000014162' is set on object ''

2021-02-05 13:43:49 - [MESSAGE][PASSED] - Input Contract RTD in Contract Number label

2021-02-05 13:43:49 - [TEST_STEP][PASSED] - Click button "Search": Click button "Search"

2021-02-05 13:43:49 - [MESSAGE][INFO] - >>>>>//Button[contains(text(),'Search')]

2021-02-05 13:43:52 - [MESSAGE][PASSED] - Object '' is present

2021-02-05 13:43:52 - [MESSAGE][PASSED] - Object: '' is clicked on

2021-02-05 13:43:52 - [MESSAGE][PASSED] - Switched to window with index: '0'

2021-02-05 13:43:52 - [MESSAGE][PASSED] - Click button "Search"

2021-02-05 13:43:52 - [TEST_STEP][PASSED] - Verify Search Result Presents: Verify Search Result Presents

2021-02-05 13:43:53 - [MESSAGE][PASSED] - Object '' is present

2021-02-05 13:43:53 - [MESSAGE][PASSED] - Verify Search Result Presents

2021-02-05 13:43:53 - [MESSAGE][PASSED] - Feature file: 'Include/features/IST_Real/RTD/Partner_Disbursement/Search_by_Contract_Number.feature' was passed]]></system-out>
         <system-err><![CDATA[]]></system-err>
      </testcase>
      <testcase name="Test Cases/RTD/Partner Disbursement/TC_Hold_Payment" time="17.365" classname="Test Cases/RTD/Partner Disbursement/TC_Hold_Payment" status="FAILED">
         <failure type="FAILED" message="Test Cases/RTD/Partner Disbursement/TC_Hold_Payment FAILED.
Reason:
com.kms.katalon.core.exception.StepFailedException: Feature file 'Include/features/IST_Real/RTD/Partner_Disbursement/Hold_Payment.feature' was failed
	at com.kms.katalon.core.keyword.internal.KeywordMain.stepFailed(KeywordMain.groovy:50)
	at com.kms.katalon.core.keyword.internal.KeywordMain.stepFailed(KeywordMain.groovy)
	at com.kms.katalon.core.keyword.internal.KeywordMain.stepFailed(KeywordMain.groovy:23)
	at com.kms.katalon.core.keyword.internal.KeywordMain$stepFailed$0.call(Unknown Source)
	at com.kms.katalon.core.cucumber.keyword.CucumberBuiltinKeywords$_runFeatureFile_closure1.doCall(CucumberBuiltinKeywords.groovy:82)
	at com.kms.katalon.core.cucumber.keyword.CucumberBuiltinKeywords$_runFeatureFile_closure1.doCall(CucumberBuiltinKeywords.groovy)
	at com.kms.katalon.core.keyword.internal.KeywordMain.runKeyword(KeywordMain.groovy:68)
	at com.kms.katalon.core.keyword.internal.KeywordMain$runKeyword.call(Unknown Source)
	at com.kms.katalon.core.cucumber.keyword.CucumberBuiltinKeywords.runFeatureFile(CucumberBuiltinKeywords.groovy:46)
	at com.kms.katalon.core.cucumber.keyword.CucumberBuiltinKeywords$runFeatureFile$0.callStatic(Unknown Source)
	at com.kms.katalon.core.cucumber.keyword.CucumberBuiltinKeywords.runFeatureFile(CucumberBuiltinKeywords.groovy:169)
	at com.kms.katalon.core.cucumber.keyword.CucumberBuiltinKeywords$runFeatureFile.call(Unknown Source)
	at TC_Hold_Payment.run(TC_Hold_Payment:18)
	at com.kms.katalon.core.main.ScriptEngine.run(ScriptEngine.java:194)
	at com.kms.katalon.core.main.ScriptEngine.runScriptAsRawText(ScriptEngine.java:119)
	at com.kms.katalon.core.main.TestCaseExecutor.runScript(TestCaseExecutor.java:339)
	at com.kms.katalon.core.main.TestCaseExecutor.doExecute(TestCaseExecutor.java:330)
	at com.kms.katalon.core.main.TestCaseExecutor.processExecutionPhase(TestCaseExecutor.java:309)
	at com.kms.katalon.core.main.TestCaseExecutor.accessMainPhase(TestCaseExecutor.java:301)
	at com.kms.katalon.core.main.TestCaseExecutor.execute(TestCaseExecutor.java:235)
	at com.kms.katalon.core.main.TestSuiteExecutor.accessTestCaseMainPhase(TestSuiteExecutor.java:191)
	at com.kms.katalon.core.main.TestSuiteExecutor.accessTestSuiteMainPhase(TestSuiteExecutor.java:141)
	at com.kms.katalon.core.main.TestSuiteExecutor.execute(TestSuiteExecutor.java:90)
	at com.kms.katalon.core.main.TestCaseMain.startTestSuite(TestCaseMain.java:157)
	at com.kms.katalon.core.main.TestCaseMain$startTestSuite$0.call(Unknown Source)
	at TempTestSuite1612505441004.run(TempTestSuite1612505441004.groovy:39)
"/>
         <system-out><![CDATA[2021-02-05 13:43:53 - [TEST_CASE][FAILED] - Test Cases/RTD/Partner Disbursement/TC_Hold_Payment: Test Cases/RTD/Partner Disbursement/TC_Hold_Payment FAILED.
Reason:
com.kms.katalon.core.exception.StepFailedException: Feature file 'Include/features/IST_Real/RTD/Partner_Disbursement/Hold_Payment.feature' was failed
	at com.kms.katalon.core.keyword.internal.KeywordMain.stepFailed(KeywordMain.groovy:50)
	at com.kms.katalon.core.keyword.internal.KeywordMain.stepFailed(KeywordMain.groovy)
	at com.kms.katalon.core.keyword.internal.KeywordMain.stepFailed(KeywordMain.groovy:23)
	at com.kms.katalon.core.keyword.internal.KeywordMain$stepFailed$0.call(Unknown Source)
	at com.kms.katalon.core.cucumber.keyword.CucumberBuiltinKeywords$_runFeatureFile_closure1.doCall(CucumberBuiltinKeywords.groovy:82)
	at com.kms.katalon.core.cucumber.keyword.CucumberBuiltinKeywords$_runFeatureFile_closure1.doCall(CucumberBuiltinKeywords.groovy)
	at com.kms.katalon.core.keyword.internal.KeywordMain.runKeyword(KeywordMain.groovy:68)
	at com.kms.katalon.core.keyword.internal.KeywordMain$runKeyword.call(Unknown Source)
	at com.kms.katalon.core.cucumber.keyword.CucumberBuiltinKeywords.runFeatureFile(CucumberBuiltinKeywords.groovy:46)
	at com.kms.katalon.core.cucumber.keyword.CucumberBuiltinKeywords$runFeatureFile$0.callStatic(Unknown Source)
	at com.kms.katalon.core.cucumber.keyword.CucumberBuiltinKeywords.runFeatureFile(CucumberBuiltinKeywords.groovy:169)
	at com.kms.katalon.core.cucumber.keyword.CucumberBuiltinKeywords$runFeatureFile.call(Unknown Source)
	at TC_Hold_Payment.run(TC_Hold_Payment:18)
	at com.kms.katalon.core.main.ScriptEngine.run(ScriptEngine.java:194)
	at com.kms.katalon.core.main.ScriptEngine.runScriptAsRawText(ScriptEngine.java:119)
	at com.kms.katalon.core.main.TestCaseExecutor.runScript(TestCaseExecutor.java:339)
	at com.kms.katalon.core.main.TestCaseExecutor.doExecute(TestCaseExecutor.java:330)
	at com.kms.katalon.core.main.TestCaseExecutor.processExecutionPhase(TestCaseExecutor.java:309)
	at com.kms.katalon.core.main.TestCaseExecutor.accessMainPhase(TestCaseExecutor.java:301)
	at com.kms.katalon.core.main.TestCaseExecutor.execute(TestCaseExecutor.java:235)
	at com.kms.katalon.core.main.TestSuiteExecutor.accessTestCaseMainPhase(TestSuiteExecutor.java:191)
	at com.kms.katalon.core.main.TestSuiteExecutor.accessTestSuiteMainPhase(TestSuiteExecutor.java:141)
	at com.kms.katalon.core.main.TestSuiteExecutor.execute(TestSuiteExecutor.java:90)
	at com.kms.katalon.core.main.TestCaseMain.startTestSuite(TestCaseMain.java:157)
	at com.kms.katalon.core.main.TestCaseMain$startTestSuite$0.call(Unknown Source)
	at TempTestSuite1612505441004.run(TempTestSuite1612505441004.groovy:39)


2021-02-05 13:43:53 - [TEST_STEP][FAILED] - runFeatureFile("Include/features/IST_Real/RTD/Partner_Disbursement/Hold_Payment.feature"): Keyword runFeatureFile was failed (Root cause: com.kms.katalon.core.exception.StepFailedException: Feature file 'Include/features/IST_Real/RTD/Partner_Disbursement/Hold_Payment.feature' was failed
	at com.kms.katalon.core.keyword.internal.KeywordMain.stepFailed(KeywordMain.groovy:50)
	at com.kms.katalon.core.keyword.internal.KeywordMain.stepFailed(KeywordMain.groovy)
	at com.kms.katalon.core.keyword.internal.KeywordMain.stepFailed(KeywordMain.groovy:23)
	at com.kms.katalon.core.keyword.internal.KeywordMain$stepFailed$0.call(Unknown Source)
	at com.kms.katalon.core.cucumber.keyword.CucumberBuiltinKeywords$_runFeatureFile_closure1.doCall(CucumberBuiltinKeywords.groovy:82)
	at com.kms.katalon.core.cucumber.keyword.CucumberBuiltinKeywords$_runFeatureFile_closure1.doCall(CucumberBuiltinKeywords.groovy)
	at com.kms.katalon.core.keyword.internal.KeywordMain.runKeyword(KeywordMain.groovy:68)
	at com.kms.katalon.core.keyword.internal.KeywordMain$runKeyword.call(Unknown Source)
	at com.kms.katalon.core.cucumber.keyword.CucumberBuiltinKeywords.runFeatureFile(CucumberBuiltinKeywords.groovy:46)
	at com.kms.katalon.core.cucumber.keyword.CucumberBuiltinKeywords$runFeatureFile$0.callStatic(Unknown Source)
	at com.kms.katalon.core.cucumber.keyword.CucumberBuiltinKeywords.runFeatureFile(CucumberBuiltinKeywords.groovy:169)
	at com.kms.katalon.core.cucumber.keyword.CucumberBuiltinKeywords$runFeatureFile.call(Unknown Source)
	at TC_Hold_Payment.run(TC_Hold_Payment:18)
	at com.kms.katalon.core.main.ScriptEngine.run(ScriptEngine.java:194)
	at com.kms.katalon.core.main.ScriptEngine.runScriptAsRawText(ScriptEngine.java:119)
	at com.kms.katalon.core.main.TestCaseExecutor.runScript(TestCaseExecutor.java:339)
	at com.kms.katalon.core.main.TestCaseExecutor.doExecute(TestCaseExecutor.java:330)
	at com.kms.katalon.core.main.TestCaseExecutor.processExecutionPhase(TestCaseExecutor.java:309)
	at com.kms.katalon.core.main.TestCaseExecutor.accessMainPhase(TestCaseExecutor.java:301)
	at com.kms.katalon.core.main.TestCaseExecutor.execute(TestCaseExecutor.java:235)
	at com.kms.katalon.core.main.TestSuiteExecutor.accessTestCaseMainPhase(TestSuiteExecutor.java:191)
	at com.kms.katalon.core.main.TestSuiteExecutor.accessTestSuiteMainPhase(TestSuiteExecutor.java:141)
	at com.kms.katalon.core.main.TestSuiteExecutor.execute(TestSuiteExecutor.java:90)
	at com.kms.katalon.core.main.TestCaseMain.startTestSuite(TestCaseMain.java:157)
	at com.kms.katalon.core.main.TestCaseMain$startTestSuite$0.call(Unknown Source)
	at TempTestSuite1612505441004.run(TempTestSuite1612505441004.groovy:39)
)

2021-02-05 13:43:53 - [MESSAGE][INFO] - Starting run keyword runFeatureFile: 'Include/features/IST_Real/RTD/Partner_Disbursement/Hold_Payment.feature' and extract report to folder: '/Users/chaidir.pratama01/Katalon Studio/IST_Automation_Git/Reports/20210205_131034/RTD/TS_Partner_Disbursement/20210205_131041/cucumber_report/1612507433870'...

2021-02-05 13:43:54 - [TEST_CASE][FAILED] - Start Test Case : SCENARIO Hold Payment for Status Eligible to Disburse: SCENARIO Hold Payment for Status Eligible to Disburse FAILED.
Reason:
com.kms.katalon.core.exception.StepFailedException: Unable to click on object ''
	at com.kms.katalon.core.webui.keyword.internal.WebUIKeywordMain.stepFailed(WebUIKeywordMain.groovy:64)
	at com.kms.katalon.core.webui.keyword.internal.WebUIKeywordMain.runKeyword(WebUIKeywordMain.groovy:26)
	at com.kms.katalon.core.webui.keyword.builtin.ClickKeyword.click(ClickKeyword.groovy:76)
	at com.kms.katalon.core.webui.keyword.builtin.ClickKeyword.execute(ClickKeyword.groovy:43)
	at com.kms.katalon.core.keyword.internal.KeywordExecutor.executeKeywordForPlatform(KeywordExecutor.groovy:73)
	at com.kms.katalon.core.webui.keyword.WebUiBuiltInKeywords.click(WebUiBuiltInKeywords.groovy:616)
	at com.kms.katalon.core.webui.keyword.WebUiBuiltInKeywords$click$3.call(Unknown Source)
	at ist_real.Contract_Dispatcher.ClickButton(Contract_Dispatcher.groovy:644)
	at ✽.Click button "HOLD PAYMENT"(/Users/chaidir.pratama01/Katalon Studio/IST_Automation_Git/Include/features/IST_Real/RTD/Partner_Disbursement/Hold_Payment.feature:37)
Caused by: org.openqa.selenium.ElementNotInteractableException: element not interactable
  (Session info: headless chrome=88.0.4324.146)
Build info: version: '3.141.59', revision: 'e82be7d358', time: '2018-11-14T08:25:53'
System info: host: 'M-Chaidir-Pratama.local', ip: 'fe80:0:0:0:18fe:1cc7:1896:224b%en0', os.name: 'Mac OS X', os.arch: 'x86_64', os.version: '10.15', java.version: '1.8.0_181'
Driver info: com.kms.katalon.selenium.driver.CChromeDriver
Capabilities {acceptInsecureCerts: false, browserName: chrome, browserVersion: 88.0.4324.146, chrome: {chromedriverVersion: 87.0.4280.88 (89e2380a3e36c..., userDataDir: /var/folders/0s/4_d154xd6dq...}, goog:chromeOptions: {debuggerAddress: localhost:59420}, javascriptEnabled: true, networkConnectionEnabled: false, pageLoadStrategy: normal, platform: MAC, platformName: MAC, proxy: Proxy(), setWindowRect: true, strictFileInteractability: false, timeouts: {implicit: 0, pageLoad: 300000, script: 30000}, unhandledPromptBehavior: dismiss and notify, webauthn:virtualAuthenticators: true}
Session ID: 0e8d7c64467bee5934bac1e817654154
	at org.openqa.selenium.remote.http.W3CHttpResponseCodec.createException(W3CHttpResponseCodec.java:187)
	at org.openqa.selenium.remote.http.W3CHttpResponseCodec.decode(W3CHttpResponseCodec.java:122)
	at org.openqa.selenium.remote.http.W3CHttpResponseCodec.decode(W3CHttpResponseCodec.java:49)
	at org.openqa.selenium.remote.HttpCommandExecutor.execute(HttpCommandExecutor.java:158)
	at org.openqa.selenium.remote.service.DriverCommandExecutor.execute(DriverCommandExecutor.java:83)
	at org.openqa.selenium.remote.RemoteWebDriver.execute(RemoteWebDriver.java:552)
	at com.kms.katalon.selenium.driver.CChromeDriver.execute(CChromeDriver.java:19)
	at org.openqa.selenium.remote.RemoteWebElement.execute(RemoteWebElement.java:285)
	at org.openqa.selenium.remote.RemoteWebElement.click(RemoteWebElement.java:84)
	at org.openqa.selenium.support.events.EventFiringWebDriver$EventFiringWebElement.lambda$new$0(EventFiringWebDriver.java:404)
	at com.sun.proxy.$Proxy19.click(Unknown Source)
	at org.openqa.selenium.support.events.EventFiringWebDriver$EventFiringWebElement.click(EventFiringWebDriver.java:417)
	at com.kms.katalon.core.webui.keyword.builtin.ClickKeyword$_click_closure1.doCall(ClickKeyword.groovy:69)
	at com.kms.katalon.core.webui.keyword.builtin.ClickKeyword$_click_closure1.call(ClickKeyword.groovy)
	at com.kms.katalon.core.webui.keyword.internal.WebUIKeywordMain.runKeyword(WebUIKeywordMain.groovy:20)
	at com.kms.katalon.core.webui.keyword.builtin.ClickKeyword.click(ClickKeyword.groovy:76)
	at com.kms.katalon.core.webui.keyword.builtin.ClickKeyword.execute(ClickKeyword.groovy:43)
	at com.kms.katalon.core.keyword.internal.KeywordExecutor.executeKeywordForPlatform(KeywordExecutor.groovy:73)
	at com.kms.katalon.core.webui.keyword.WebUiBuiltInKeywords.click(WebUiBuiltInKeywords.groovy:616)
	at com.kms.katalon.core.webui.keyword.WebUiBuiltInKeywords$click$3.call(Unknown Source)
	at ist_real.Contract_Dispatcher.ClickButton(Contract_Dispatcher.groovy:644)
	at cucumber.runtime.Utils$1.call(Utils.java:26)
	at cucumber.runtime.Timeout.timeout(Timeout.java:16)
	at cucumber.runtime.Utils.invoke(Utils.java:20)
	at cucumber.runtime.java.JavaStepDefinition.execute(JavaStepDefinition.java:48)
	at cucumber.runtime.PickleStepDefinitionMatch.runStep(PickleStepDefinitionMatch.java:50)
	at cucumber.runner.TestStep.executeStep(TestStep.java:55)
	at cucumber.runner.TestStep.run(TestStep.java:42)
	at cucumber.runner.PickleStepTestStep.run(PickleStepTestStep.java:53)
	at cucumber.runner.TestCase.run(TestCase.java:47)
	at cucumber.runner.Runner.runPickle(Runner.java:44)
	at cucumber.runtime.Runtime.runFeature(Runtime.java:120)
	at cucumber.runtime.Runtime.run(Runtime.java:106)
	at cucumber.api.cli.Main.run(Main.java:35)
	at cucumber.api.cli.Main$run.call(Unknown Source)
	at com.kms.katalon.core.cucumber.keyword.CucumberBuiltinKeywords$_runFeatureFile_closure1.doCall(CucumberBuiltinKeywords.groovy:76)
	at com.kms.katalon.core.cucumber.keyword.CucumberBuiltinKeywords$_runFeatureFile_closure1.doCall(CucumberBuiltinKeywords.groovy)
	at com.kms.katalon.core.keyword.internal.KeywordMain.runKeyword(KeywordMain.groovy:68)
	at com.kms.katalon.core.keyword.internal.KeywordMain$runKeyword.call(Unknown Source)
	at com.kms.katalon.core.cucumber.keyword.CucumberBuiltinKeywords.runFeatureFile(CucumberBuiltinKeywords.groovy:46)
	at com.kms.katalon.core.cucumber.keyword.CucumberBuiltinKeywords$runFeatureFile$0.callStatic(Unknown Source)
	at com.kms.katalon.core.cucumber.keyword.CucumberBuiltinKeywords.runFeatureFile(CucumberBuiltinKeywords.groovy:169)
	at com.kms.katalon.core.cucumber.keyword.CucumberBuiltinKeywords$runFeatureFile.call(Unknown Source)
	at TC_Hold_Payment.run(TC_Hold_Payment:18)
	at com.kms.katalon.core.main.ScriptEngine.run(ScriptEngine.java:194)
	at com.kms.katalon.core.main.ScriptEngine.runScriptAsRawText(ScriptEngine.java:119)
	at com.kms.katalon.core.main.TestCaseExecutor.runScript(TestCaseExecutor.java:339)
	at com.kms.katalon.core.main.TestCaseExecutor.doExecute(TestCaseExecutor.java:330)
	at com.kms.katalon.core.main.TestCaseExecutor.processExecutionPhase(TestCaseExecutor.java:309)
	at com.kms.katalon.core.main.TestCaseExecutor.accessMainPhase(TestCaseExecutor.java:301)
	at com.kms.katalon.core.main.TestCaseExecutor.execute(TestCaseExecutor.java:235)
	at com.kms.katalon.core.main.TestSuiteExecutor.accessTestCaseMainPhase(TestSuiteExecutor.java:191)
	at com.kms.katalon.core.main.TestSuiteExecutor.accessTestSuiteMainPhase(TestSuiteExecutor.java:141)
	at com.kms.katalon.core.main.TestSuiteExecutor.execute(TestSuiteExecutor.java:90)
	at com.kms.katalon.core.main.TestCaseMain.startTestSuite(TestCaseMain.java:157)
	at com.kms.katalon.core.main.TestCaseMain$startTestSuite$0.call(Unknown Source)
	at TempTestSuite1612505441004.run(TempTestSuite1612505441004.groovy:39)


2021-02-05 13:43:54 - [TEST_STEP][PASSED] - Go to ISTools: Go to ISTools

2021-02-05 13:43:54 - [MESSAGE][WARNING] - A browser is already opened. Closing browser and opening a new one

2021-02-05 13:43:54 - [MESSAGE][INFO] - Starting 'Chrome (headless)' driver

2021-02-05 13:43:54 - [MESSAGE][INFO] - User set preference: ['args', '[--start-maximized, --disable-gpu, --no-proxy-server, –-no-sandbox, --allow-running-insecure-content, --ignore-certificate-errors, window-size=1680,814, force-device-scale-factor=2, --lang=en-GB]']

2021-02-05 13:43:54 - [MESSAGE][INFO] - User set preference: ['prefs', '{download.default_directory=/Users/chaidir.pratama01/Katalon Studio/IST_Automation_Git/Download}']

2021-02-05 13:43:54 - [MESSAGE][INFO] - Action delay is set to 0 milliseconds

2021-02-05 13:43:54 - [MESSAGE][PASSED] - Browser is opened with url: ''

2021-02-05 13:43:57 - [MESSAGE][PASSED] - Navigate to 'https://dev-istools.homecredit.id/foundation/' successfully

2021-02-05 13:43:57 - [MESSAGE][PASSED] - Go to ISTools

2021-02-05 13:43:57 - [TEST_STEP][PASSED] - Login IST with valid credentials: Login IST with valid credentials

2021-02-05 13:43:57 - [MESSAGE][PASSED] - Text 'mobile.test' is set on object 'Object Repository/Page_/input_Username_j_username'

2021-02-05 13:43:57 - [MESSAGE][PASSED] - Text ****** has been set on object 'Object Repository/Page_/input_Password_j_password'

2021-02-05 13:43:58 - [MESSAGE][PASSED] - Object: 'Object Repository/Page_/button_Login' is clicked on

2021-02-05 13:43:58 - [MESSAGE][PASSED] - Login IST with valid credentials

2021-02-05 13:43:58 - [TEST_STEP][PASSED] - Login Success: Login Success

2021-02-05 13:43:58 - [MESSAGE][INFO] - Login Success

2021-02-05 13:43:58 - [MESSAGE][PASSED] - Current window maximized

2021-02-05 13:43:58 - [MESSAGE][PASSED] - Object 'Object Repository/Page_/h1_Welcome to IT Supporting Tools' is present

2021-02-05 13:43:58 - [MESSAGE][PASSED] - Login Success

2021-02-05 13:43:58 - [TEST_STEP][PASSED] - Select Arrow Menu "Real Time Disbursement": Select Arrow Menu "Real Time Disbursement"

2021-02-05 13:43:58 - [MESSAGE][PASSED] - Object: '' is clicked on

2021-02-05 13:43:58 - [MESSAGE][PASSED] - Select Arrow Menu "Real Time Disbursement"

2021-02-05 13:43:58 - [TEST_STEP][PASSED] - Select Menu "Partner Disbursement": Select Menu "Partner Disbursement"

2021-02-05 13:43:59 - [MESSAGE][PASSED] - Taking screenshot successfully
[[ATTACHMENT|/Users/chaidir.pratama01/Documents/Docs/Katalon Studio/Screenshot/test-Partner Disbursement.png]]

2021-02-05 13:43:59 - [MESSAGE][PASSED] - Object '' is present

2021-02-05 13:43:59 - [MESSAGE][PASSED] - Object: '' is clicked on

2021-02-05 13:43:59 - [MESSAGE][PASSED] - Wait for page load successfully

2021-02-05 13:43:59 - [MESSAGE][PASSED] - Select Menu "Partner Disbursement"

2021-02-05 13:43:59 - [TEST_STEP][PASSED] - Select STATUS "Ready to disburse": Select STATUS "Ready to disburse"

2021-02-05 13:43:59 - [MESSAGE][PASSED] - All options with value 'Ready to disburse' are selected in object ''  using regular expression

2021-02-05 13:43:59 - [MESSAGE][PASSED] - Select STATUS "Ready to disburse"

2021-02-05 13:43:59 - [TEST_STEP][PASSED] - Click button "Search": Click button "Search"

2021-02-05 13:43:59 - [MESSAGE][INFO] - >>>>>//Button[contains(text(),'Search')]

2021-02-05 13:44:02 - [MESSAGE][PASSED] - Object '' is present

2021-02-05 13:44:02 - [MESSAGE][PASSED] - Object: '' is clicked on

2021-02-05 13:44:02 - [MESSAGE][PASSED] - Switched to window with index: '0'

2021-02-05 13:44:02 - [MESSAGE][PASSED] - Click button "Search"

2021-02-05 13:44:02 - [TEST_STEP][PASSED] - Verify Search Result Presents: Verify Search Result Presents

2021-02-05 13:44:03 - [MESSAGE][PASSED] - Object '' is present

2021-02-05 13:44:07 - [MESSAGE][PASSED] - Verify Search Result Presents

2021-02-05 13:44:07 - [TEST_STEP][PASSED] - Click Checkbox: Click Checkbox

2021-02-05 13:44:07 - [MESSAGE][PASSED] - Object: '' is clicked on

2021-02-05 13:44:07 - [MESSAGE][PASSED] - Click Checkbox

2021-02-05 13:44:07 - [TEST_STEP][PASSED] - Get Checkbox data of Menu "Partner Disbursement" before Hold Payment: Get Checkbox data of Menu "Partner Disbursement" before Hold Payment

2021-02-05 13:44:07 - [MESSAGE][PASSED] - Get Checkbox data of Menu "Partner Disbursement" before Hold Payment

2021-02-05 13:44:07 - [TEST_STEP][FAILED] - Click button "HOLD PAYMENT": Click button "HOLD PAYMENT" FAILED.
Reason:
com.kms.katalon.core.exception.StepFailedException: Unable to click on object ''
	at com.kms.katalon.core.webui.keyword.internal.WebUIKeywordMain.stepFailed(WebUIKeywordMain.groovy:64)
	at com.kms.katalon.core.webui.keyword.internal.WebUIKeywordMain.runKeyword(WebUIKeywordMain.groovy:26)
	at com.kms.katalon.core.webui.keyword.builtin.ClickKeyword.click(ClickKeyword.groovy:76)
	at com.kms.katalon.core.webui.keyword.builtin.ClickKeyword.execute(ClickKeyword.groovy:43)
	at com.kms.katalon.core.keyword.internal.KeywordExecutor.executeKeywordForPlatform(KeywordExecutor.groovy:73)
	at com.kms.katalon.core.webui.keyword.WebUiBuiltInKeywords.click(WebUiBuiltInKeywords.groovy:616)
	at com.kms.katalon.core.webui.keyword.WebUiBuiltInKeywords$click$3.call(Unknown Source)
	at ist_real.Contract_Dispatcher.ClickButton(Contract_Dispatcher.groovy:644)
	at ✽.Click button "HOLD PAYMENT"(/Users/chaidir.pratama01/Katalon Studio/IST_Automation_Git/Include/features/IST_Real/RTD/Partner_Disbursement/Hold_Payment.feature:37)
Caused by: org.openqa.selenium.ElementNotInteractableException: element not interactable
  (Session info: headless chrome=88.0.4324.146)
Build info: version: '3.141.59', revision: 'e82be7d358', time: '2018-11-14T08:25:53'
System info: host: 'M-Chaidir-Pratama.local', ip: 'fe80:0:0:0:18fe:1cc7:1896:224b%en0', os.name: 'Mac OS X', os.arch: 'x86_64', os.version: '10.15', java.version: '1.8.0_181'
Driver info: com.kms.katalon.selenium.driver.CChromeDriver
Capabilities {acceptInsecureCerts: false, browserName: chrome, browserVersion: 88.0.4324.146, chrome: {chromedriverVersion: 87.0.4280.88 (89e2380a3e36c..., userDataDir: /var/folders/0s/4_d154xd6dq...}, goog:chromeOptions: {debuggerAddress: localhost:59420}, javascriptEnabled: true, networkConnectionEnabled: false, pageLoadStrategy: normal, platform: MAC, platformName: MAC, proxy: Proxy(), setWindowRect: true, strictFileInteractability: false, timeouts: {implicit: 0, pageLoad: 300000, script: 30000}, unhandledPromptBehavior: dismiss and notify, webauthn:virtualAuthenticators: true}
Session ID: 0e8d7c64467bee5934bac1e817654154
	at org.openqa.selenium.remote.http.W3CHttpResponseCodec.createException(W3CHttpResponseCodec.java:187)
	at org.openqa.selenium.remote.http.W3CHttpResponseCodec.decode(W3CHttpResponseCodec.java:122)
	at org.openqa.selenium.remote.http.W3CHttpResponseCodec.decode(W3CHttpResponseCodec.java:49)
	at org.openqa.selenium.remote.HttpCommandExecutor.execute(HttpCommandExecutor.java:158)
	at org.openqa.selenium.remote.service.DriverCommandExecutor.execute(DriverCommandExecutor.java:83)
	at org.openqa.selenium.remote.RemoteWebDriver.execute(RemoteWebDriver.java:552)
	at com.kms.katalon.selenium.driver.CChromeDriver.execute(CChromeDriver.java:19)
	at org.openqa.selenium.remote.RemoteWebElement.execute(RemoteWebElement.java:285)
	at org.openqa.selenium.remote.RemoteWebElement.click(RemoteWebElement.java:84)
	at org.openqa.selenium.support.events.EventFiringWebDriver$EventFiringWebElement.lambda$new$0(EventFiringWebDriver.java:404)
	at com.sun.proxy.$Proxy19.click(Unknown Source)
	at org.openqa.selenium.support.events.EventFiringWebDriver$EventFiringWebElement.click(EventFiringWebDriver.java:417)
	at com.kms.katalon.core.webui.keyword.builtin.ClickKeyword$_click_closure1.doCall(ClickKeyword.groovy:69)
	at com.kms.katalon.core.webui.keyword.builtin.ClickKeyword$_click_closure1.call(ClickKeyword.groovy)
	at com.kms.katalon.core.webui.keyword.internal.WebUIKeywordMain.runKeyword(WebUIKeywordMain.groovy:20)
	at com.kms.katalon.core.webui.keyword.builtin.ClickKeyword.click(ClickKeyword.groovy:76)
	at com.kms.katalon.core.webui.keyword.builtin.ClickKeyword.execute(ClickKeyword.groovy:43)
	at com.kms.katalon.core.keyword.internal.KeywordExecutor.executeKeywordForPlatform(KeywordExecutor.groovy:73)
	at com.kms.katalon.core.webui.keyword.WebUiBuiltInKeywords.click(WebUiBuiltInKeywords.groovy:616)
	at com.kms.katalon.core.webui.keyword.WebUiBuiltInKeywords$click$3.call(Unknown Source)
	at ist_real.Contract_Dispatcher.ClickButton(Contract_Dispatcher.groovy:644)
	at cucumber.runtime.Utils$1.call(Utils.java:26)
	at cucumber.runtime.Timeout.timeout(Timeout.java:16)
	at cucumber.runtime.Utils.invoke(Utils.java:20)
	at cucumber.runtime.java.JavaStepDefinition.execute(JavaStepDefinition.java:48)
	at cucumber.runtime.PickleStepDefinitionMatch.runStep(PickleStepDefinitionMatch.java:50)
	at cucumber.runner.TestStep.executeStep(TestStep.java:55)
	at cucumber.runner.TestStep.run(TestStep.java:42)
	at cucumber.runner.PickleStepTestStep.run(PickleStepTestStep.java:53)
	at cucumber.runner.TestCase.run(TestCase.java:47)
	at cucumber.runner.Runner.runPickle(Runner.java:44)
	at cucumber.runtime.Runtime.runFeature(Runtime.java:120)
	at cucumber.runtime.Runtime.run(Runtime.java:106)
	at cucumber.api.cli.Main.run(Main.java:35)
	at cucumber.api.cli.Main$run.call(Unknown Source)
	at com.kms.katalon.core.cucumber.keyword.CucumberBuiltinKeywords$_runFeatureFile_closure1.doCall(CucumberBuiltinKeywords.groovy:76)
	at com.kms.katalon.core.cucumber.keyword.CucumberBuiltinKeywords$_runFeatureFile_closure1.doCall(CucumberBuiltinKeywords.groovy)
	at com.kms.katalon.core.keyword.internal.KeywordMain.runKeyword(KeywordMain.groovy:68)
	at com.kms.katalon.core.keyword.internal.KeywordMain$runKeyword.call(Unknown Source)
	at com.kms.katalon.core.cucumber.keyword.CucumberBuiltinKeywords.runFeatureFile(CucumberBuiltinKeywords.groovy:46)
	at com.kms.katalon.core.cucumber.keyword.CucumberBuiltinKeywords$runFeatureFile$0.callStatic(Unknown Source)
	at com.kms.katalon.core.cucumber.keyword.CucumberBuiltinKeywords.runFeatureFile(CucumberBuiltinKeywords.groovy:169)
	at com.kms.katalon.core.cucumber.keyword.CucumberBuiltinKeywords$runFeatureFile.call(Unknown Source)
	at TC_Hold_Payment.run(TC_Hold_Payment:18)
	at com.kms.katalon.core.main.ScriptEngine.run(ScriptEngine.java:194)
	at com.kms.katalon.core.main.ScriptEngine.runScriptAsRawText(ScriptEngine.java:119)
	at com.kms.katalon.core.main.TestCaseExecutor.runScript(TestCaseExecutor.java:339)
	at com.kms.katalon.core.main.TestCaseExecutor.doExecute(TestCaseExecutor.java:330)
	at com.kms.katalon.core.main.TestCaseExecutor.processExecutionPhase(TestCaseExecutor.java:309)
	at com.kms.katalon.core.main.TestCaseExecutor.accessMainPhase(TestCaseExecutor.java:301)
	at com.kms.katalon.core.main.TestCaseExecutor.execute(TestCaseExecutor.java:235)
	at com.kms.katalon.core.main.TestSuiteExecutor.accessTestCaseMainPhase(TestSuiteExecutor.java:191)
	at com.kms.katalon.core.main.TestSuiteExecutor.accessTestSuiteMainPhase(TestSuiteExecutor.java:141)
	at com.kms.katalon.core.main.TestSuiteExecutor.execute(TestSuiteExecutor.java:90)
	at com.kms.katalon.core.main.TestCaseMain.startTestSuite(TestCaseMain.java:157)
	at com.kms.katalon.core.main.TestCaseMain$startTestSuite$0.call(Unknown Source)
	at TempTestSuite1612505441004.run(TempTestSuite1612505441004.groovy:39)


2021-02-05 13:44:07 - [MESSAGE][INFO] - >>>>>//Button[contains(text(),'HOLD PAYMENT')]

2021-02-05 13:44:10 - [MESSAGE][PASSED] - Object '' is present

2021-02-05 13:44:11 - [MESSAGE][FAILED] - Unable to click on object '' (Root cause: com.kms.katalon.core.exception.StepFailedException: Unable to click on object ''
	at com.kms.katalon.core.webui.keyword.internal.WebUIKeywordMain.stepFailed(WebUIKeywordMain.groovy:64)
	at com.kms.katalon.core.webui.keyword.internal.WebUIKeywordMain.runKeyword(WebUIKeywordMain.groovy:26)
	at com.kms.katalon.core.webui.keyword.builtin.ClickKeyword.click(ClickKeyword.groovy:76)
	at com.kms.katalon.core.webui.keyword.builtin.ClickKeyword.execute(ClickKeyword.groovy:43)
	at com.kms.katalon.core.keyword.internal.KeywordExecutor.executeKeywordForPlatform(KeywordExecutor.groovy:73)
	at com.kms.katalon.core.webui.keyword.WebUiBuiltInKeywords.click(WebUiBuiltInKeywords.groovy:616)
	at com.kms.katalon.core.webui.keyword.WebUiBuiltInKeywords$click$3.call(Unknown Source)
	at ist_real.Contract_Dispatcher.ClickButton(Contract_Dispatcher.groovy:644)
	at cucumber.runtime.Utils$1.call(Utils.java:26)
	at cucumber.runtime.Timeout.timeout(Timeout.java:16)
	at cucumber.runtime.Utils.invoke(Utils.java:20)
	at cucumber.runtime.java.JavaStepDefinition.execute(JavaStepDefinition.java:48)
	at cucumber.runtime.PickleStepDefinitionMatch.runStep(PickleStepDefinitionMatch.java:50)
	at cucumber.runner.TestStep.executeStep(TestStep.java:55)
	at cucumber.runner.TestStep.run(TestStep.java:42)
	at cucumber.runner.PickleStepTestStep.run(PickleStepTestStep.java:53)
	at cucumber.runner.TestCase.run(TestCase.java:47)
	at cucumber.runner.Runner.runPickle(Runner.java:44)
	at cucumber.runtime.Runtime.runFeature(Runtime.java:120)
	at cucumber.runtime.Runtime.run(Runtime.java:106)
	at cucumber.api.cli.Main.run(Main.java:35)
	at cucumber.api.cli.Main$run.call(Unknown Source)
	at com.kms.katalon.core.cucumber.keyword.CucumberBuiltinKeywords$_runFeatureFile_closure1.doCall(CucumberBuiltinKeywords.groovy:76)
	at com.kms.katalon.core.cucumber.keyword.CucumberBuiltinKeywords$_runFeatureFile_closure1.doCall(CucumberBuiltinKeywords.groovy)
	at com.kms.katalon.core.keyword.internal.KeywordMain.runKeyword(KeywordMain.groovy:68)
	at com.kms.katalon.core.keyword.internal.KeywordMain$runKeyword.call(Unknown Source)
	at com.kms.katalon.core.cucumber.keyword.CucumberBuiltinKeywords.runFeatureFile(CucumberBuiltinKeywords.groovy:46)
	at com.kms.katalon.core.cucumber.keyword.CucumberBuiltinKeywords$runFeatureFile$0.callStatic(Unknown Source)
	at com.kms.katalon.core.cucumber.keyword.CucumberBuiltinKeywords.runFeatureFile(CucumberBuiltinKeywords.groovy:169)
	at com.kms.katalon.core.cucumber.keyword.CucumberBuiltinKeywords$runFeatureFile.call(Unknown Source)
	at TC_Hold_Payment.run(TC_Hold_Payment:18)
	at com.kms.katalon.core.main.ScriptEngine.run(ScriptEngine.java:194)
	at com.kms.katalon.core.main.ScriptEngine.runScriptAsRawText(ScriptEngine.java:119)
	at com.kms.katalon.core.main.TestCaseExecutor.runScript(TestCaseExecutor.java:339)
	at com.kms.katalon.core.main.TestCaseExecutor.doExecute(TestCaseExecutor.java:330)
	at com.kms.katalon.core.main.TestCaseExecutor.processExecutionPhase(TestCaseExecutor.java:309)
	at com.kms.katalon.core.main.TestCaseExecutor.accessMainPhase(TestCaseExecutor.java:301)
	at com.kms.katalon.core.main.TestCaseExecutor.execute(TestCaseExecutor.java:235)
	at com.kms.katalon.core.main.TestSuiteExecutor.accessTestCaseMainPhase(TestSuiteExecutor.java:191)
	at com.kms.katalon.core.main.TestSuiteExecutor.accessTestSuiteMainPhase(TestSuiteExecutor.java:141)
	at com.kms.katalon.core.main.TestSuiteExecutor.execute(TestSuiteExecutor.java:90)
	at com.kms.katalon.core.main.TestCaseMain.startTestSuite(TestCaseMain.java:157)
	at com.kms.katalon.core.main.TestCaseMain$startTestSuite$0.call(Unknown Source)
	at TempTestSuite1612505441004.run(TempTestSuite1612505441004.groovy:39)
Caused by: org.openqa.selenium.ElementNotInteractableException: element not interactable
  (Session info: headless chrome=88.0.4324.146)
Build info: version: '3.141.59', revision: 'e82be7d358', time: '2018-11-14T08:25:53'
System info: host: 'M-Chaidir-Pratama.local', ip: 'fe80:0:0:0:18fe:1cc7:1896:224b%en0', os.name: 'Mac OS X', os.arch: 'x86_64', os.version: '10.15', java.version: '1.8.0_181'
Driver info: com.kms.katalon.selenium.driver.CChromeDriver
Capabilities {acceptInsecureCerts: false, browserName: chrome, browserVersion: 88.0.4324.146, chrome: {chromedriverVersion: 87.0.4280.88 (89e2380a3e36c..., userDataDir: /var/folders/0s/4_d154xd6dq...}, goog:chromeOptions: {debuggerAddress: localhost:59420}, javascriptEnabled: true, networkConnectionEnabled: false, pageLoadStrategy: normal, platform: MAC, platformName: MAC, proxy: Proxy(), setWindowRect: true, strictFileInteractability: false, timeouts: {implicit: 0, pageLoad: 300000, script: 30000}, unhandledPromptBehavior: dismiss and notify, webauthn:virtualAuthenticators: true}
Session ID: 0e8d7c64467bee5934bac1e817654154
	at org.openqa.selenium.remote.http.W3CHttpResponseCodec.createException(W3CHttpResponseCodec.java:187)
	at org.openqa.selenium.remote.http.W3CHttpResponseCodec.decode(W3CHttpResponseCodec.java:122)
	at org.openqa.selenium.remote.http.W3CHttpResponseCodec.decode(W3CHttpResponseCodec.java:49)
	at org.openqa.selenium.remote.HttpCommandExecutor.execute(HttpCommandExecutor.java:158)
	at org.openqa.selenium.remote.service.DriverCommandExecutor.execute(DriverCommandExecutor.java:83)
	at org.openqa.selenium.remote.RemoteWebDriver.execute(RemoteWebDriver.java:552)
	at com.kms.katalon.selenium.driver.CChromeDriver.execute(CChromeDriver.java:19)
	at org.openqa.selenium.remote.RemoteWebElement.execute(RemoteWebElement.java:285)
	at org.openqa.selenium.remote.RemoteWebElement.click(RemoteWebElement.java:84)
	at org.openqa.selenium.support.events.EventFiringWebDriver$EventFiringWebElement.lambda$new$0(EventFiringWebDriver.java:404)
	at com.sun.proxy.$Proxy19.click(Unknown Source)
	at org.openqa.selenium.support.events.EventFiringWebDriver$EventFiringWebElement.click(EventFiringWebDriver.java:417)
	at com.kms.katalon.core.webui.keyword.builtin.ClickKeyword$_click_closure1.doCall(ClickKeyword.groovy:69)
	at com.kms.katalon.core.webui.keyword.builtin.ClickKeyword$_click_closure1.call(ClickKeyword.groovy)
	at com.kms.katalon.core.webui.keyword.internal.WebUIKeywordMain.runKeyword(WebUIKeywordMain.groovy:20)
	at com.kms.katalon.core.webui.keyword.builtin.ClickKeyword.click(ClickKeyword.groovy:76)
	at com.kms.katalon.core.webui.keyword.builtin.ClickKeyword.execute(ClickKeyword.groovy:43)
	at com.kms.katalon.core.keyword.internal.KeywordExecutor.executeKeywordForPlatform(KeywordExecutor.groovy:73)
	at com.kms.katalon.core.webui.keyword.WebUiBuiltInKeywords.click(WebUiBuiltInKeywords.groovy:616)
	at com.kms.katalon.core.webui.keyword.WebUiBuiltInKeywords$click$3.call(Unknown Source)
	at ist_real.Contract_Dispatcher.ClickButton(Contract_Dispatcher.groovy:644)
	at cucumber.runtime.Utils$1.call(Utils.java:26)
	at cucumber.runtime.Timeout.timeout(Timeout.java:16)
	at cucumber.runtime.Utils.invoke(Utils.java:20)
	at cucumber.runtime.java.JavaStepDefinition.execute(JavaStepDefinition.java:48)
	at cucumber.runtime.PickleStepDefinitionMatch.runStep(PickleStepDefinitionMatch.java:50)
	at cucumber.runner.TestStep.executeStep(TestStep.java:55)
	at cucumber.runner.TestStep.run(TestStep.java:42)
	at cucumber.runner.PickleStepTestStep.run(PickleStepTestStep.java:53)
	at cucumber.runner.TestCase.run(TestCase.java:47)
	at cucumber.runner.Runner.runPickle(Runner.java:44)
	at cucumber.runtime.Runtime.runFeature(Runtime.java:120)
	at cucumber.runtime.Runtime.run(Runtime.java:106)
	at cucumber.api.cli.Main.run(Main.java:35)
	at cucumber.api.cli.Main$run.call(Unknown Source)
	at com.kms.katalon.core.cucumber.keyword.CucumberBuiltinKeywords$_runFeatureFile_closure1.doCall(CucumberBuiltinKeywords.groovy:76)
	at com.kms.katalon.core.cucumber.keyword.CucumberBuiltinKeywords$_runFeatureFile_closure1.doCall(CucumberBuiltinKeywords.groovy)
	at com.kms.katalon.core.keyword.internal.KeywordMain.runKeyword(KeywordMain.groovy:68)
	at com.kms.katalon.core.keyword.internal.KeywordMain$runKeyword.call(Unknown Source)
	at com.kms.katalon.core.cucumber.keyword.CucumberBuiltinKeywords.runFeatureFile(CucumberBuiltinKeywords.groovy:46)
	at com.kms.katalon.core.cucumber.keyword.CucumberBuiltinKeywords$runFeatureFile$0.callStatic(Unknown Source)
	at com.kms.katalon.core.cucumber.keyword.CucumberBuiltinKeywords.runFeatureFile(CucumberBuiltinKeywords.groovy:169)
	at com.kms.katalon.core.cucumber.keyword.CucumberBuiltinKeywords$runFeatureFile.call(Unknown Source)
	at Script1611043652528.run(Script1611043652528.groovy:18)
	... 13 more
)
[[ATTACHMENT|/Users/chaidir.pratama01/Katalon Studio/IST_Automation_Git/Reports/20210205_131034/RTD/TS_Partner_Disbursement/20210205_131041/1612507450611.png]]

2021-02-05 13:44:11 - [MESSAGE][FAILED] - Click button "HOLD PAYMENT" FAILED.
Reason:
com.kms.katalon.core.exception.StepFailedException: Unable to click on object ''
	at com.kms.katalon.core.webui.keyword.internal.WebUIKeywordMain.stepFailed(WebUIKeywordMain.groovy:64)
	at com.kms.katalon.core.webui.keyword.internal.WebUIKeywordMain.runKeyword(WebUIKeywordMain.groovy:26)
	at com.kms.katalon.core.webui.keyword.builtin.ClickKeyword.click(ClickKeyword.groovy:76)
	at com.kms.katalon.core.webui.keyword.builtin.ClickKeyword.execute(ClickKeyword.groovy:43)
	at com.kms.katalon.core.keyword.internal.KeywordExecutor.executeKeywordForPlatform(KeywordExecutor.groovy:73)
	at com.kms.katalon.core.webui.keyword.WebUiBuiltInKeywords.click(WebUiBuiltInKeywords.groovy:616)
	at com.kms.katalon.core.webui.keyword.WebUiBuiltInKeywords$click$3.call(Unknown Source)
	at ist_real.Contract_Dispatcher.ClickButton(Contract_Dispatcher.groovy:644)
	at ✽.Click button "HOLD PAYMENT"(/Users/chaidir.pratama01/Katalon Studio/IST_Automation_Git/Include/features/IST_Real/RTD/Partner_Disbursement/Hold_Payment.feature:37)
Caused by: org.openqa.selenium.ElementNotInteractableException: element not interactable
  (Session info: headless chrome=88.0.4324.146)
Build info: version: '3.141.59', revision: 'e82be7d358', time: '2018-11-14T08:25:53'
System info: host: 'M-Chaidir-Pratama.local', ip: 'fe80:0:0:0:18fe:1cc7:1896:224b%en0', os.name: 'Mac OS X', os.arch: 'x86_64', os.version: '10.15', java.version: '1.8.0_181'
Driver info: com.kms.katalon.selenium.driver.CChromeDriver
Capabilities {acceptInsecureCerts: false, browserName: chrome, browserVersion: 88.0.4324.146, chrome: {chromedriverVersion: 87.0.4280.88 (89e2380a3e36c..., userDataDir: /var/folders/0s/4_d154xd6dq...}, goog:chromeOptions: {debuggerAddress: localhost:59420}, javascriptEnabled: true, networkConnectionEnabled: false, pageLoadStrategy: normal, platform: MAC, platformName: MAC, proxy: Proxy(), setWindowRect: true, strictFileInteractability: false, timeouts: {implicit: 0, pageLoad: 300000, script: 30000}, unhandledPromptBehavior: dismiss and notify, webauthn:virtualAuthenticators: true}
Session ID: 0e8d7c64467bee5934bac1e817654154
	at org.openqa.selenium.remote.http.W3CHttpResponseCodec.createException(W3CHttpResponseCodec.java:187)
	at org.openqa.selenium.remote.http.W3CHttpResponseCodec.decode(W3CHttpResponseCodec.java:122)
	at org.openqa.selenium.remote.http.W3CHttpResponseCodec.decode(W3CHttpResponseCodec.java:49)
	at org.openqa.selenium.remote.HttpCommandExecutor.execute(HttpCommandExecutor.java:158)
	at org.openqa.selenium.remote.service.DriverCommandExecutor.execute(DriverCommandExecutor.java:83)
	at org.openqa.selenium.remote.RemoteWebDriver.execute(RemoteWebDriver.java:552)
	at com.kms.katalon.selenium.driver.CChromeDriver.execute(CChromeDriver.java:19)
	at org.openqa.selenium.remote.RemoteWebElement.execute(RemoteWebElement.java:285)
	at org.openqa.selenium.remote.RemoteWebElement.click(RemoteWebElement.java:84)
	at org.openqa.selenium.support.events.EventFiringWebDriver$EventFiringWebElement.lambda$new$0(EventFiringWebDriver.java:404)
	at com.sun.proxy.$Proxy19.click(Unknown Source)
	at org.openqa.selenium.support.events.EventFiringWebDriver$EventFiringWebElement.click(EventFiringWebDriver.java:417)
	at com.kms.katalon.core.webui.keyword.builtin.ClickKeyword$_click_closure1.doCall(ClickKeyword.groovy:69)
	at com.kms.katalon.core.webui.keyword.builtin.ClickKeyword$_click_closure1.call(ClickKeyword.groovy)
	at com.kms.katalon.core.webui.keyword.internal.WebUIKeywordMain.runKeyword(WebUIKeywordMain.groovy:20)
	at com.kms.katalon.core.webui.keyword.builtin.ClickKeyword.click(ClickKeyword.groovy:76)
	at com.kms.katalon.core.webui.keyword.builtin.ClickKeyword.execute(ClickKeyword.groovy:43)
	at com.kms.katalon.core.keyword.internal.KeywordExecutor.executeKeywordForPlatform(KeywordExecutor.groovy:73)
	at com.kms.katalon.core.webui.keyword.WebUiBuiltInKeywords.click(WebUiBuiltInKeywords.groovy:616)
	at com.kms.katalon.core.webui.keyword.WebUiBuiltInKeywords$click$3.call(Unknown Source)
	at ist_real.Contract_Dispatcher.ClickButton(Contract_Dispatcher.groovy:644)
	at cucumber.runtime.Utils$1.call(Utils.java:26)
	at cucumber.runtime.Timeout.timeout(Timeout.java:16)
	at cucumber.runtime.Utils.invoke(Utils.java:20)
	at cucumber.runtime.java.JavaStepDefinition.execute(JavaStepDefinition.java:48)
	at cucumber.runtime.PickleStepDefinitionMatch.runStep(PickleStepDefinitionMatch.java:50)
	at cucumber.runner.TestStep.executeStep(TestStep.java:55)
	at cucumber.runner.TestStep.run(TestStep.java:42)
	at cucumber.runner.PickleStepTestStep.run(PickleStepTestStep.java:53)
	at cucumber.runner.TestCase.run(TestCase.java:47)
	at cucumber.runner.Runner.runPickle(Runner.java:44)
	at cucumber.runtime.Runtime.runFeature(Runtime.java:120)
	at cucumber.runtime.Runtime.run(Runtime.java:106)
	at cucumber.api.cli.Main.run(Main.java:35)
	at cucumber.api.cli.Main$run.call(Unknown Source)
	at com.kms.katalon.core.cucumber.keyword.CucumberBuiltinKeywords$_runFeatureFile_closure1.doCall(CucumberBuiltinKeywords.groovy:76)
	at com.kms.katalon.core.cucumber.keyword.CucumberBuiltinKeywords$_runFeatureFile_closure1.doCall(CucumberBuiltinKeywords.groovy)
	at com.kms.katalon.core.keyword.internal.KeywordMain.runKeyword(KeywordMain.groovy:68)
	at com.kms.katalon.core.keyword.internal.KeywordMain$runKeyword.call(Unknown Source)
	at com.kms.katalon.core.cucumber.keyword.CucumberBuiltinKeywords.runFeatureFile(CucumberBuiltinKeywords.groovy:46)
	at com.kms.katalon.core.cucumber.keyword.CucumberBuiltinKeywords$runFeatureFile$0.callStatic(Unknown Source)
	at com.kms.katalon.core.cucumber.keyword.CucumberBuiltinKeywords.runFeatureFile(CucumberBuiltinKeywords.groovy:169)
	at com.kms.katalon.core.cucumber.keyword.CucumberBuiltinKeywords$runFeatureFile.call(Unknown Source)
	at TC_Hold_Payment.run(TC_Hold_Payment:18)
	at com.kms.katalon.core.main.ScriptEngine.run(ScriptEngine.java:194)
	at com.kms.katalon.core.main.ScriptEngine.runScriptAsRawText(ScriptEngine.java:119)
	at com.kms.katalon.core.main.TestCaseExecutor.runScript(TestCaseExecutor.java:339)
	at com.kms.katalon.core.main.TestCaseExecutor.doExecute(TestCaseExecutor.java:330)
	at com.kms.katalon.core.main.TestCaseExecutor.processExecutionPhase(TestCaseExecutor.java:309)
	at com.kms.katalon.core.main.TestCaseExecutor.accessMainPhase(TestCaseExecutor.java:301)
	at com.kms.katalon.core.main.TestCaseExecutor.execute(TestCaseExecutor.java:235)
	at com.kms.katalon.core.main.TestSuiteExecutor.accessTestCaseMainPhase(TestSuiteExecutor.java:191)
	at com.kms.katalon.core.main.TestSuiteExecutor.accessTestSuiteMainPhase(TestSuiteExecutor.java:141)
	at com.kms.katalon.core.main.TestSuiteExecutor.execute(TestSuiteExecutor.java:90)
	at com.kms.katalon.core.main.TestCaseMain.startTestSuite(TestCaseMain.java:157)
	at com.kms.katalon.core.main.TestCaseMain$startTestSuite$0.call(Unknown Source)
	at TempTestSuite1612505441004.run(TempTestSuite1612505441004.groovy:39)


2021-02-05 13:44:11 - [TEST_STEP][NOT_RUN] - Input reason of Hold Payment: Input reason of Hold Payment

2021-02-05 13:44:11 - [MESSAGE][NOT_RUN] - Input reason of Hold Payment

2021-02-05 13:44:11 - [TEST_STEP][NOT_RUN] - Click button "Yes": Click button "Yes"

2021-02-05 13:44:11 - [MESSAGE][NOT_RUN] - Click button "Yes"

2021-02-05 13:44:11 - [TEST_STEP][NOT_RUN] - Connect to Database RTD: Connect to Database RTD

2021-02-05 13:44:11 - [MESSAGE][NOT_RUN] - Connect to Database RTD

2021-02-05 13:44:11 - [TEST_STEP][NOT_RUN] - Select Hold Contract Number and make sure status is Hold Payment Recreation: Select Hold Contract Number and make sure status is Hold Payment Recreation

2021-02-05 13:44:11 - [MESSAGE][NOT_RUN] - Select Hold Contract Number and make sure status is Hold Payment Recreation

2021-02-05 13:44:11 - [MESSAGE][FAILED] - Feature file 'Include/features/IST_Real/RTD/Partner_Disbursement/Hold_Payment.feature' was failed

2021-02-05 13:44:11 - [MESSAGE][FAILED] - Keyword runFeatureFile was failed (Root cause: com.kms.katalon.core.exception.StepFailedException: Feature file 'Include/features/IST_Real/RTD/Partner_Disbursement/Hold_Payment.feature' was failed
	at com.kms.katalon.core.keyword.internal.KeywordMain.stepFailed(KeywordMain.groovy:50)
	at com.kms.katalon.core.keyword.internal.KeywordMain.stepFailed(KeywordMain.groovy)
	at com.kms.katalon.core.keyword.internal.KeywordMain.stepFailed(KeywordMain.groovy:23)
	at com.kms.katalon.core.keyword.internal.KeywordMain$stepFailed$0.call(Unknown Source)
	at com.kms.katalon.core.cucumber.keyword.CucumberBuiltinKeywords$_runFeatureFile_closure1.doCall(CucumberBuiltinKeywords.groovy:82)
	at com.kms.katalon.core.cucumber.keyword.CucumberBuiltinKeywords$_runFeatureFile_closure1.doCall(CucumberBuiltinKeywords.groovy)
	at com.kms.katalon.core.keyword.internal.KeywordMain.runKeyword(KeywordMain.groovy:68)
	at com.kms.katalon.core.keyword.internal.KeywordMain$runKeyword.call(Unknown Source)
	at com.kms.katalon.core.cucumber.keyword.CucumberBuiltinKeywords.runFeatureFile(CucumberBuiltinKeywords.groovy:46)
	at com.kms.katalon.core.cucumber.keyword.CucumberBuiltinKeywords$runFeatureFile$0.callStatic(Unknown Source)
	at com.kms.katalon.core.cucumber.keyword.CucumberBuiltinKeywords.runFeatureFile(CucumberBuiltinKeywords.groovy:169)
	at com.kms.katalon.core.cucumber.keyword.CucumberBuiltinKeywords$runFeatureFile.call(Unknown Source)
	at TC_Hold_Payment.run(TC_Hold_Payment:18)
	at com.kms.katalon.core.main.ScriptEngine.run(ScriptEngine.java:194)
	at com.kms.katalon.core.main.ScriptEngine.runScriptAsRawText(ScriptEngine.java:119)
	at com.kms.katalon.core.main.TestCaseExecutor.runScript(TestCaseExecutor.java:339)
	at com.kms.katalon.core.main.TestCaseExecutor.doExecute(TestCaseExecutor.java:330)
	at com.kms.katalon.core.main.TestCaseExecutor.processExecutionPhase(TestCaseExecutor.java:309)
	at com.kms.katalon.core.main.TestCaseExecutor.accessMainPhase(TestCaseExecutor.java:301)
	at com.kms.katalon.core.main.TestCaseExecutor.execute(TestCaseExecutor.java:235)
	at com.kms.katalon.core.main.TestSuiteExecutor.accessTestCaseMainPhase(TestSuiteExecutor.java:191)
	at com.kms.katalon.core.main.TestSuiteExecutor.accessTestSuiteMainPhase(TestSuiteExecutor.java:141)
	at com.kms.katalon.core.main.TestSuiteExecutor.execute(TestSuiteExecutor.java:90)
	at com.kms.katalon.core.main.TestCaseMain.startTestSuite(TestCaseMain.java:157)
	at com.kms.katalon.core.main.TestCaseMain$startTestSuite$0.call(Unknown Source)
	at TempTestSuite1612505441004.run(TempTestSuite1612505441004.groovy:39)
)]]></system-out>
         <system-err><![CDATA[2021-02-05 13:43:53 - [TEST_CASE][FAILED] - Test Cases/RTD/Partner Disbursement/TC_Hold_Payment: Test Cases/RTD/Partner Disbursement/TC_Hold_Payment FAILED.
Reason:
com.kms.katalon.core.exception.StepFailedException: Feature file 'Include/features/IST_Real/RTD/Partner_Disbursement/Hold_Payment.feature' was failed
	at com.kms.katalon.core.keyword.internal.KeywordMain.stepFailed(KeywordMain.groovy:50)
	at com.kms.katalon.core.keyword.internal.KeywordMain.stepFailed(KeywordMain.groovy)
	at com.kms.katalon.core.keyword.internal.KeywordMain.stepFailed(KeywordMain.groovy:23)
	at com.kms.katalon.core.keyword.internal.KeywordMain$stepFailed$0.call(Unknown Source)
	at com.kms.katalon.core.cucumber.keyword.CucumberBuiltinKeywords$_runFeatureFile_closure1.doCall(CucumberBuiltinKeywords.groovy:82)
	at com.kms.katalon.core.cucumber.keyword.CucumberBuiltinKeywords$_runFeatureFile_closure1.doCall(CucumberBuiltinKeywords.groovy)
	at com.kms.katalon.core.keyword.internal.KeywordMain.runKeyword(KeywordMain.groovy:68)
	at com.kms.katalon.core.keyword.internal.KeywordMain$runKeyword.call(Unknown Source)
	at com.kms.katalon.core.cucumber.keyword.CucumberBuiltinKeywords.runFeatureFile(CucumberBuiltinKeywords.groovy:46)
	at com.kms.katalon.core.cucumber.keyword.CucumberBuiltinKeywords$runFeatureFile$0.callStatic(Unknown Source)
	at com.kms.katalon.core.cucumber.keyword.CucumberBuiltinKeywords.runFeatureFile(CucumberBuiltinKeywords.groovy:169)
	at com.kms.katalon.core.cucumber.keyword.CucumberBuiltinKeywords$runFeatureFile.call(Unknown Source)
	at TC_Hold_Payment.run(TC_Hold_Payment:18)
	at com.kms.katalon.core.main.ScriptEngine.run(ScriptEngine.java:194)
	at com.kms.katalon.core.main.ScriptEngine.runScriptAsRawText(ScriptEngine.java:119)
	at com.kms.katalon.core.main.TestCaseExecutor.runScript(TestCaseExecutor.java:339)
	at com.kms.katalon.core.main.TestCaseExecutor.doExecute(TestCaseExecutor.java:330)
	at com.kms.katalon.core.main.TestCaseExecutor.processExecutionPhase(TestCaseExecutor.java:309)
	at com.kms.katalon.core.main.TestCaseExecutor.accessMainPhase(TestCaseExecutor.java:301)
	at com.kms.katalon.core.main.TestCaseExecutor.execute(TestCaseExecutor.java:235)
	at com.kms.katalon.core.main.TestSuiteExecutor.accessTestCaseMainPhase(TestSuiteExecutor.java:191)
	at com.kms.katalon.core.main.TestSuiteExecutor.accessTestSuiteMainPhase(TestSuiteExecutor.java:141)
	at com.kms.katalon.core.main.TestSuiteExecutor.execute(TestSuiteExecutor.java:90)
	at com.kms.katalon.core.main.TestCaseMain.startTestSuite(TestCaseMain.java:157)
	at com.kms.katalon.core.main.TestCaseMain$startTestSuite$0.call(Unknown Source)
	at TempTestSuite1612505441004.run(TempTestSuite1612505441004.groovy:39)]]></system-err>
      </testcase>
      <system-out><![CDATA[2021-02-05 13:38:39 - [TEST_SUITE][FAILED] - TS_Partner_Disbursement: Test Cases/RTD/Partner Disbursement/TC_Hold_Payment FAILED.
Reason:
com.kms.katalon.core.exception.StepFailedException: Feature file 'Include/features/IST_Real/RTD/Partner_Disbursement/Hold_Payment.feature' was failed
	at com.kms.katalon.core.keyword.internal.KeywordMain.stepFailed(KeywordMain.groovy:50)
	at com.kms.katalon.core.keyword.internal.KeywordMain.stepFailed(KeywordMain.groovy)
	at com.kms.katalon.core.keyword.internal.KeywordMain.stepFailed(KeywordMain.groovy:23)
	at com.kms.katalon.core.keyword.internal.KeywordMain$stepFailed$0.call(Unknown Source)
	at com.kms.katalon.core.cucumber.keyword.CucumberBuiltinKeywords$_runFeatureFile_closure1.doCall(CucumberBuiltinKeywords.groovy:82)
	at com.kms.katalon.core.cucumber.keyword.CucumberBuiltinKeywords$_runFeatureFile_closure1.doCall(CucumberBuiltinKeywords.groovy)
	at com.kms.katalon.core.keyword.internal.KeywordMain.runKeyword(KeywordMain.groovy:68)
	at com.kms.katalon.core.keyword.internal.KeywordMain$runKeyword.call(Unknown Source)
	at com.kms.katalon.core.cucumber.keyword.CucumberBuiltinKeywords.runFeatureFile(CucumberBuiltinKeywords.groovy:46)
	at com.kms.katalon.core.cucumber.keyword.CucumberBuiltinKeywords$runFeatureFile$0.callStatic(Unknown Source)
	at com.kms.katalon.core.cucumber.keyword.CucumberBuiltinKeywords.runFeatureFile(CucumberBuiltinKeywords.groovy:169)
	at com.kms.katalon.core.cucumber.keyword.CucumberBuiltinKeywords$runFeatureFile.call(Unknown Source)
	at TC_Hold_Payment.run(TC_Hold_Payment:18)
	at com.kms.katalon.core.main.ScriptEngine.run(ScriptEngine.java:194)
	at com.kms.katalon.core.main.ScriptEngine.runScriptAsRawText(ScriptEngine.java:119)
	at com.kms.katalon.core.main.TestCaseExecutor.runScript(TestCaseExecutor.java:339)
	at com.kms.katalon.core.main.TestCaseExecutor.doExecute(TestCaseExecutor.java:330)
	at com.kms.katalon.core.main.TestCaseExecutor.processExecutionPhase(TestCaseExecutor.java:309)
	at com.kms.katalon.core.main.TestCaseExecutor.accessMainPhase(TestCaseExecutor.java:301)
	at com.kms.katalon.core.main.TestCaseExecutor.execute(TestCaseExecutor.java:235)
	at com.kms.katalon.core.main.TestSuiteExecutor.accessTestCaseMainPhase(TestSuiteExecutor.java:191)
	at com.kms.katalon.core.main.TestSuiteExecutor.accessTestSuiteMainPhase(TestSuiteExecutor.java:141)
	at com.kms.katalon.core.main.TestSuiteExecutor.execute(TestSuiteExecutor.java:90)
	at com.kms.katalon.core.main.TestCaseMain.startTestSuite(TestCaseMain.java:157)
	at com.kms.katalon.core.main.TestCaseMain$startTestSuite$0.call(Unknown Source)
	at TempTestSuite1612505441004.run(TempTestSuite1612505441004.groovy:39)]]></system-out>
      <system-err><![CDATA[2021-02-05 13:38:39 - [TEST_SUITE][FAILED] - TS_Partner_Disbursement: Test Cases/RTD/Partner Disbursement/TC_Hold_Payment FAILED.
Reason:
com.kms.katalon.core.exception.StepFailedException: Feature file 'Include/features/IST_Real/RTD/Partner_Disbursement/Hold_Payment.feature' was failed
	at com.kms.katalon.core.keyword.internal.KeywordMain.stepFailed(KeywordMain.groovy:50)
	at com.kms.katalon.core.keyword.internal.KeywordMain.stepFailed(KeywordMain.groovy)
	at com.kms.katalon.core.keyword.internal.KeywordMain.stepFailed(KeywordMain.groovy:23)
	at com.kms.katalon.core.keyword.internal.KeywordMain$stepFailed$0.call(Unknown Source)
	at com.kms.katalon.core.cucumber.keyword.CucumberBuiltinKeywords$_runFeatureFile_closure1.doCall(CucumberBuiltinKeywords.groovy:82)
	at com.kms.katalon.core.cucumber.keyword.CucumberBuiltinKeywords$_runFeatureFile_closure1.doCall(CucumberBuiltinKeywords.groovy)
	at com.kms.katalon.core.keyword.internal.KeywordMain.runKeyword(KeywordMain.groovy:68)
	at com.kms.katalon.core.keyword.internal.KeywordMain$runKeyword.call(Unknown Source)
	at com.kms.katalon.core.cucumber.keyword.CucumberBuiltinKeywords.runFeatureFile(CucumberBuiltinKeywords.groovy:46)
	at com.kms.katalon.core.cucumber.keyword.CucumberBuiltinKeywords$runFeatureFile$0.callStatic(Unknown Source)
	at com.kms.katalon.core.cucumber.keyword.CucumberBuiltinKeywords.runFeatureFile(CucumberBuiltinKeywords.groovy:169)
	at com.kms.katalon.core.cucumber.keyword.CucumberBuiltinKeywords$runFeatureFile.call(Unknown Source)
	at TC_Hold_Payment.run(TC_Hold_Payment:18)
	at com.kms.katalon.core.main.ScriptEngine.run(ScriptEngine.java:194)
	at com.kms.katalon.core.main.ScriptEngine.runScriptAsRawText(ScriptEngine.java:119)
	at com.kms.katalon.core.main.TestCaseExecutor.runScript(TestCaseExecutor.java:339)
	at com.kms.katalon.core.main.TestCaseExecutor.doExecute(TestCaseExecutor.java:330)
	at com.kms.katalon.core.main.TestCaseExecutor.processExecutionPhase(TestCaseExecutor.java:309)
	at com.kms.katalon.core.main.TestCaseExecutor.accessMainPhase(TestCaseExecutor.java:301)
	at com.kms.katalon.core.main.TestCaseExecutor.execute(TestCaseExecutor.java:235)
	at com.kms.katalon.core.main.TestSuiteExecutor.accessTestCaseMainPhase(TestSuiteExecutor.java:191)
	at com.kms.katalon.core.main.TestSuiteExecutor.accessTestSuiteMainPhase(TestSuiteExecutor.java:141)
	at com.kms.katalon.core.main.TestSuiteExecutor.execute(TestSuiteExecutor.java:90)
	at com.kms.katalon.core.main.TestCaseMain.startTestSuite(TestCaseMain.java:157)
	at com.kms.katalon.core.main.TestCaseMain$startTestSuite$0.call(Unknown Source)
	at TempTestSuite1612505441004.run(TempTestSuite1612505441004.groovy:39)]]></system-err>
   </testsuite>
</testsuites>
