<?xml version="1.0" encoding="UTF-8"?>
<testsuites name="TS_Hold_Payment_Configuration" time="99.114" tests="4" failures="0" errors="0">
   <testsuite name="TS_Hold_Payment_Configuration" tests="4" failures="0" errors="0" time="99.114" timestamp="2021-01-21 15:32:19" hostname="chaidir.pratama01 - localhost" id="Test Suites/RTD/TS_Hold_Payment_Configuration">
      <properties>
[...]
</properties>
      <testcase name="Test Cases/RTD/Hold Payment Configuration/TC_Release_Schedule" time="15.897" classname="Test Cases/RTD/Hold Payment Configuration/TC_Release_Schedule" status="PASSED">
         <system-out><![CDATA[2021-01-21 15:32:19 - [TEST_CASE][PASSED] - Test Cases/RTD/Hold Payment Configuration/TC_Release_Schedule: Test Cases/RTD/Hold Payment Configuration/TC_Release_Schedule

2021-01-21 15:32:20 - [TEST_STEP][PASSED] - runFeatureFile("Include/features/IST_Real/RTD/Hold Payment Configuration/Release_Schedule.feature"): Feature file: 'Include/features/IST_Real/RTD/Hold Payment Configuration/Release_Schedule.feature' was passed

2021-01-21 15:32:20 - [MESSAGE][INFO] - Starting run keyword runFeatureFile: 'Include/features/IST_Real/RTD/Hold Payment Configuration/Release_Schedule.feature' and extract report to folder: '/Users/chaidir.pratama01/Katalon Studio/IST_Automation_Git/Reports/20210121_153213/RTD/TS_Hold_Payment_Configuration/20210121_153213/cucumber_report/1611217940254'...

2021-01-21 15:32:20 - [TEST_CASE][PASSED] - Start Test Case : SCENARIO Release Schedule: SCENARIO Release Schedule

2021-01-21 15:32:20 - [TEST_STEP][PASSED] - Go to ISTools: Go to ISTools

2021-01-21 15:32:20 - [MESSAGE][INFO] - Starting 'Chrome (headless)' driver

2021-01-21 15:32:20 - [MESSAGE][INFO] - User set preference: ['args', '[--start-maximized, --disable-gpu, --no-proxy-server, –-no-sandbox, --allow-running-insecure-content, --ignore-certificate-errors, window-size=1680,814, force-device-scale-factor=2, --lang=en-GB]']

2021-01-21 15:32:20 - [MESSAGE][INFO] - User set preference: ['prefs', '{download.default_directory=/Users/chaidir.pratama01/Katalon Studio/IST_Automation_Git/Download}']

2021-01-21 15:32:21 - [MESSAGE][INFO] - Action delay is set to 0 milliseconds

2021-01-21 15:32:22 - [MESSAGE][PASSED] - Browser is opened with url: ''

2021-01-21 15:32:23 - [MESSAGE][PASSED] - Navigate to 'https://dev-istools.homecredit.id/foundation/' successfully

2021-01-21 15:32:23 - [MESSAGE][PASSED] - Go to ISTools

2021-01-21 15:32:23 - [TEST_STEP][PASSED] - Login IST with valid credentials: Login IST with valid credentials

2021-01-21 15:32:24 - [MESSAGE][PASSED] - Text 'mobile.test' is set on object 'Object Repository/Page_/input_Username_j_username'

2021-01-21 15:32:24 - [MESSAGE][PASSED] - Text ****** has been set on object 'Object Repository/Page_/input_Password_j_password'

2021-01-21 15:32:24 - [MESSAGE][PASSED] - Object: 'Object Repository/Page_/button_Login' is clicked on

2021-01-21 15:32:24 - [MESSAGE][PASSED] - Login IST with valid credentials

2021-01-21 15:32:24 - [TEST_STEP][PASSED] - Login Success: Login Success

2021-01-21 15:32:24 - [MESSAGE][INFO] - Login Success

2021-01-21 15:32:24 - [MESSAGE][PASSED] - Current window maximized

2021-01-21 15:32:25 - [MESSAGE][PASSED] - Object 'Object Repository/Page_/h1_Welcome to IT Supporting Tools' is present

2021-01-21 15:32:25 - [MESSAGE][PASSED] - Login Success

2021-01-21 15:32:25 - [TEST_STEP][PASSED] - Select Arrow Menu "Real Time Disbursement": Select Arrow Menu "Real Time Disbursement"

2021-01-21 15:32:25 - [MESSAGE][PASSED] - Object: '' is clicked on

2021-01-21 15:32:25 - [MESSAGE][PASSED] - Select Arrow Menu "Real Time Disbursement"

2021-01-21 15:32:25 - [TEST_STEP][PASSED] - Select Menu "Hold Payment Configuration": Select Menu "Hold Payment Configuration"

2021-01-21 15:32:25 - [MESSAGE][PASSED] - Taking screenshot successfully
[[ATTACHMENT|/Users/chaidir.pratama01/Documents/Docs/Katalon Studio/Screenshot/test-Hold Payment Configuration.png]]

2021-01-21 15:32:25 - [MESSAGE][PASSED] - Object '' is present

2021-01-21 15:32:25 - [MESSAGE][PASSED] - Object: '' is clicked on

2021-01-21 15:32:25 - [MESSAGE][PASSED] - Wait for page load successfully

2021-01-21 15:32:25 - [MESSAGE][PASSED] - Select Menu "Hold Payment Configuration"

2021-01-21 15:32:25 - [TEST_STEP][PASSED] - Click button "Release" and Verify data: Click button "Release" and Verify data

2021-01-21 15:32:28 - [MESSAGE][PASSED] - Delayed 3 second(s)

2021-01-21 15:32:29 - [MESSAGE][PASSED] - Click button "Release" and Verify data

2021-01-21 15:32:29 - [TEST_STEP][PASSED] - Get text from pop up "Confirm" with text "Are you sure want to release this param?": Get text from pop up "Confirm" with text "Are you sure want to release this param?"

2021-01-21 15:32:29 - [MESSAGE][PASSED] - Taking screenshot successfully
[[ATTACHMENT|/Users/chaidir.pratama01/Documents/Docs/Katalon Studio/Screenshot/errorpopup.png]]

2021-01-21 15:32:29 - [MESSAGE][PASSED] - Object '' is present

2021-01-21 15:32:29 - [MESSAGE][PASSED] - Wait for page load successfully

2021-01-21 15:32:29 - [MESSAGE][PASSED] - Wait for page load successfully

2021-01-21 15:32:29 - [MESSAGE][PASSED] - Get text from pop up "Confirm" with text "Are you sure want to release this param?"

2021-01-21 15:32:29 - [TEST_STEP][PASSED] - Click button "Yes": Click button "Yes"

2021-01-21 15:32:29 - [MESSAGE][INFO] - >>>>>//Button[contains(text(),'Yes')]

2021-01-21 15:32:32 - [MESSAGE][PASSED] - Object '' is present

2021-01-21 15:32:32 - [MESSAGE][PASSED] - Object: '' is clicked on

2021-01-21 15:32:32 - [MESSAGE][PASSED] - Switched to window with index: '0'

2021-01-21 15:32:32 - [MESSAGE][PASSED] - Click button "Yes"

2021-01-21 15:32:32 - [TEST_STEP][PASSED] - Verify Data dont Exist: Verify Data dont Exist

2021-01-21 15:32:35 - [MESSAGE][PASSED] - Delayed 3 second(s)

2021-01-21 15:32:35 - [MESSAGE][PASSED] - Web element with id: '' located by 'By.xpath: //tbody/tr/td/div/button[text()='Release']/../../preceding-sibling::td[4]/div/span[text()='25-01-2021']' is not present after '3' second(s)

2021-01-21 15:32:35 - [MESSAGE][PASSED] - Web element with id: '' located by 'By.xpath: //tbody/tr/td/div/button[text()='Release']/../../preceding-sibling::td[3]/div/span[text()='27-01-2021']' is not present after '3' second(s)

2021-01-21 15:32:35 - [MESSAGE][PASSED] - Verify Data dont Exist

2021-01-21 15:32:35 - [MESSAGE][PASSED] - Feature file: 'Include/features/IST_Real/RTD/Hold Payment Configuration/Release_Schedule.feature' was passed]]></system-out>
         <system-err><![CDATA[]]></system-err>
      </testcase>
      <testcase name="Test Cases/RTD/Hold Payment Configuration/TC_Add_New_Schedule" time="22.463" classname="Test Cases/RTD/Hold Payment Configuration/TC_Add_New_Schedule" status="PASSED">
         <system-out><![CDATA[2021-01-21 15:32:35 - [TEST_CASE][PASSED] - Test Cases/RTD/Hold Payment Configuration/TC_Add_New_Schedule: Test Cases/RTD/Hold Payment Configuration/TC_Add_New_Schedule

2021-01-21 15:32:35 - [TEST_STEP][PASSED] - runFeatureFile("Include/features/IST_Real/RTD/Hold Payment Configuration/Add_New_Schedule.feature"): Feature file: 'Include/features/IST_Real/RTD/Hold Payment Configuration/Add_New_Schedule.feature' was passed

2021-01-21 15:32:35 - [MESSAGE][INFO] - Starting run keyword runFeatureFile: 'Include/features/IST_Real/RTD/Hold Payment Configuration/Add_New_Schedule.feature' and extract report to folder: '/Users/chaidir.pratama01/Katalon Studio/IST_Automation_Git/Reports/20210121_153213/RTD/TS_Hold_Payment_Configuration/20210121_153213/cucumber_report/1611217955942'...

2021-01-21 15:32:36 - [TEST_CASE][PASSED] - Start Test Case : SCENARIO Set Schedule for Hold Payment: SCENARIO Set Schedule for Hold Payment

2021-01-21 15:32:36 - [TEST_STEP][PASSED] - Go to ISTools: Go to ISTools

2021-01-21 15:32:36 - [MESSAGE][WARNING] - A browser is already opened. Closing browser and opening a new one

2021-01-21 15:32:36 - [MESSAGE][INFO] - Starting 'Chrome (headless)' driver

2021-01-21 15:32:36 - [MESSAGE][INFO] - User set preference: ['args', '[--start-maximized, --disable-gpu, --no-proxy-server, –-no-sandbox, --allow-running-insecure-content, --ignore-certificate-errors, window-size=1680,814, force-device-scale-factor=2, --lang=en-GB]']

2021-01-21 15:32:36 - [MESSAGE][INFO] - User set preference: ['prefs', '{download.default_directory=/Users/chaidir.pratama01/Katalon Studio/IST_Automation_Git/Download}']

2021-01-21 15:32:36 - [MESSAGE][INFO] - Action delay is set to 0 milliseconds

2021-01-21 15:32:36 - [MESSAGE][PASSED] - Browser is opened with url: ''

2021-01-21 15:32:37 - [MESSAGE][PASSED] - Navigate to 'https://dev-istools.homecredit.id/foundation/' successfully

2021-01-21 15:32:37 - [MESSAGE][PASSED] - Go to ISTools

2021-01-21 15:32:37 - [TEST_STEP][PASSED] - Login IST with valid credentials: Login IST with valid credentials

2021-01-21 15:32:37 - [MESSAGE][PASSED] - Text 'mobile.test' is set on object 'Object Repository/Page_/input_Username_j_username'

2021-01-21 15:32:37 - [MESSAGE][PASSED] - Text ****** has been set on object 'Object Repository/Page_/input_Password_j_password'

2021-01-21 15:32:37 - [MESSAGE][PASSED] - Object: 'Object Repository/Page_/button_Login' is clicked on

2021-01-21 15:32:37 - [MESSAGE][PASSED] - Login IST with valid credentials

2021-01-21 15:32:37 - [TEST_STEP][PASSED] - Login Success: Login Success

2021-01-21 15:32:37 - [MESSAGE][INFO] - Login Success

2021-01-21 15:32:37 - [MESSAGE][PASSED] - Current window maximized

2021-01-21 15:32:37 - [MESSAGE][PASSED] - Object 'Object Repository/Page_/h1_Welcome to IT Supporting Tools' is present

2021-01-21 15:32:37 - [MESSAGE][PASSED] - Login Success

2021-01-21 15:32:37 - [TEST_STEP][PASSED] - Select Arrow Menu "Real Time Disbursement": Select Arrow Menu "Real Time Disbursement"

2021-01-21 15:32:38 - [MESSAGE][PASSED] - Object: '' is clicked on

2021-01-21 15:32:38 - [MESSAGE][PASSED] - Select Arrow Menu "Real Time Disbursement"

2021-01-21 15:32:38 - [TEST_STEP][PASSED] - Select Menu "Hold Payment Configuration": Select Menu "Hold Payment Configuration"

2021-01-21 15:32:38 - [MESSAGE][PASSED] - Taking screenshot successfully
[[ATTACHMENT|/Users/chaidir.pratama01/Documents/Docs/Katalon Studio/Screenshot/test-Hold Payment Configuration.png]]

2021-01-21 15:32:38 - [MESSAGE][PASSED] - Object '' is present

2021-01-21 15:32:38 - [MESSAGE][PASSED] - Object: '' is clicked on

2021-01-21 15:32:38 - [MESSAGE][PASSED] - Wait for page load successfully

2021-01-21 15:32:38 - [MESSAGE][PASSED] - Select Menu "Hold Payment Configuration"

2021-01-21 15:32:38 - [TEST_STEP][PASSED] - Input "Start Date Hold Payment" with value "25-01-2021": Input "Start Date Hold Payment" with value "25-01-2021"

2021-01-21 15:32:41 - [MESSAGE][PASSED] - Delayed 3 second(s)

2021-01-21 15:32:41 - [MESSAGE][PASSED] - Input "Start Date Hold Payment" with value "25-01-2021"

2021-01-21 15:32:41 - [TEST_STEP][PASSED] - Input "Release Date" with value "30-01-2021": Input "Release Date" with value "30-01-2021"

2021-01-21 15:32:44 - [MESSAGE][PASSED] - Delayed 3 second(s)

2021-01-21 15:32:44 - [MESSAGE][PASSED] - Input "Release Date" with value "30-01-2021"

2021-01-21 15:32:44 - [TEST_STEP][PASSED] - Click button "Add": Click button "Add"

2021-01-21 15:32:44 - [MESSAGE][INFO] - >>>>>//Button[contains(text(),'Add')]

2021-01-21 15:32:47 - [MESSAGE][PASSED] - Object '' is present

2021-01-21 15:32:47 - [MESSAGE][PASSED] - Object: '' is clicked on

2021-01-21 15:32:47 - [MESSAGE][PASSED] - Switched to window with index: '0'

2021-01-21 15:32:47 - [MESSAGE][PASSED] - Click button "Add"

2021-01-21 15:32:47 - [TEST_STEP][PASSED] - Get text from pop up "Confirm" with text "Add new hold payment config?": Get text from pop up "Confirm" with text "Add new hold payment config?"

2021-01-21 15:32:48 - [MESSAGE][PASSED] - Taking screenshot successfully
[[ATTACHMENT|/Users/chaidir.pratama01/Documents/Docs/Katalon Studio/Screenshot/errorpopup.png]]

2021-01-21 15:32:48 - [MESSAGE][PASSED] - Object '' is present

2021-01-21 15:32:48 - [MESSAGE][PASSED] - Wait for page load successfully

2021-01-21 15:32:48 - [MESSAGE][PASSED] - Wait for page load successfully

2021-01-21 15:32:48 - [MESSAGE][PASSED] - Get text from pop up "Confirm" with text "Add new hold payment config?"

2021-01-21 15:32:48 - [TEST_STEP][PASSED] - Click button "Yes": Click button "Yes"

2021-01-21 15:32:48 - [MESSAGE][INFO] - >>>>>//Button[contains(text(),'Yes')]

2021-01-21 15:32:51 - [MESSAGE][PASSED] - Object '' is present

2021-01-21 15:32:51 - [MESSAGE][PASSED] - Object: '' is clicked on

2021-01-21 15:32:51 - [MESSAGE][PASSED] - Switched to window with index: '0'

2021-01-21 15:32:51 - [MESSAGE][PASSED] - Click button "Yes"

2021-01-21 15:32:51 - [TEST_STEP][PASSED] - Verify Result: Verify Result

2021-01-21 15:32:54 - [MESSAGE][PASSED] - Delayed 3 second(s)

2021-01-21 15:32:55 - [MESSAGE][PASSED] - Taking screenshot successfully
[[ATTACHMENT|/Users/chaidir.pratama01/Katalon Studio/IST_Automation_Git/Screenshot/result date.png]]

2021-01-21 15:32:55 - [MESSAGE][PASSED] - Verify Result

2021-01-21 15:32:55 - [TEST_STEP][PASSED] - Click button "Logout": Click button "Logout"

2021-01-21 15:32:55 - [MESSAGE][INFO] - >>>>>//Button[contains(text(),'Logout')]

2021-01-21 15:32:58 - [MESSAGE][PASSED] - Object '' is present

2021-01-21 15:32:58 - [MESSAGE][PASSED] - Object: '' is clicked on

2021-01-21 15:32:58 - [MESSAGE][PASSED] - Switched to window with index: '0'

2021-01-21 15:32:58 - [MESSAGE][PASSED] - Click button "Logout"

2021-01-21 15:32:58 - [TEST_STEP][PASSED] - Close browser: Close browser

2021-01-21 15:32:58 - [MESSAGE][PASSED] - Browser is closed

2021-01-21 15:32:58 - [MESSAGE][PASSED] - Close browser

2021-01-21 15:32:58 - [MESSAGE][PASSED] - Feature file: 'Include/features/IST_Real/RTD/Hold Payment Configuration/Add_New_Schedule.feature' was passed]]></system-out>
         <system-err><![CDATA[]]></system-err>
      </testcase>
      <testcase name="Test Cases/RTD/Hold Payment Configuration/TC_Date_is_NULL" time="37.558" classname="Test Cases/RTD/Hold Payment Configuration/TC_Date_is_NULL" status="PASSED">
         <system-out><![CDATA[2021-01-21 15:32:58 - [TEST_CASE][PASSED] - Test Cases/RTD/Hold Payment Configuration/TC_Date_is_NULL: Test Cases/RTD/Hold Payment Configuration/TC_Date_is_NULL

2021-01-21 15:32:58 - [TEST_STEP][PASSED] - runFeatureFile("Include/features/IST_Real/RTD/Hold Payment Configuration/Date_is_NULL.feature"): Feature file: 'Include/features/IST_Real/RTD/Hold Payment Configuration/Date_is_NULL.feature' was passed

2021-01-21 15:32:58 - [MESSAGE][INFO] - Starting run keyword runFeatureFile: 'Include/features/IST_Real/RTD/Hold Payment Configuration/Date_is_NULL.feature' and extract report to folder: '/Users/chaidir.pratama01/Katalon Studio/IST_Automation_Git/Reports/20210121_153213/RTD/TS_Hold_Payment_Configuration/20210121_153213/cucumber_report/1611217978408'...

2021-01-21 15:32:58 - [TEST_CASE][PASSED] - Start Test Case : SCENARIO Start Date is Null: SCENARIO Start Date is Null

2021-01-21 15:32:58 - [TEST_STEP][PASSED] - Go to ISTools: Go to ISTools

2021-01-21 15:32:58 - [MESSAGE][INFO] - Starting 'Chrome (headless)' driver

2021-01-21 15:32:58 - [MESSAGE][INFO] - User set preference: ['args', '[--start-maximized, --disable-gpu, --no-proxy-server, –-no-sandbox, --allow-running-insecure-content, --ignore-certificate-errors, window-size=1680,814, force-device-scale-factor=2, --lang=en-GB]']

2021-01-21 15:32:58 - [MESSAGE][INFO] - User set preference: ['prefs', '{download.default_directory=/Users/chaidir.pratama01/Katalon Studio/IST_Automation_Git/Download}']

2021-01-21 15:32:58 - [MESSAGE][INFO] - Action delay is set to 0 milliseconds

2021-01-21 15:32:58 - [MESSAGE][PASSED] - Browser is opened with url: ''

2021-01-21 15:32:59 - [MESSAGE][PASSED] - Navigate to 'https://dev-istools.homecredit.id/foundation/' successfully

2021-01-21 15:32:59 - [MESSAGE][PASSED] - Go to ISTools

2021-01-21 15:32:59 - [TEST_STEP][PASSED] - Login IST with valid credentials: Login IST with valid credentials

2021-01-21 15:32:59 - [MESSAGE][PASSED] - Text 'mobile.test' is set on object 'Object Repository/Page_/input_Username_j_username'

2021-01-21 15:32:59 - [MESSAGE][PASSED] - Text ****** has been set on object 'Object Repository/Page_/input_Password_j_password'

2021-01-21 15:33:00 - [MESSAGE][PASSED] - Object: 'Object Repository/Page_/button_Login' is clicked on

2021-01-21 15:33:00 - [MESSAGE][PASSED] - Login IST with valid credentials

2021-01-21 15:33:00 - [TEST_STEP][PASSED] - Login Success: Login Success

2021-01-21 15:33:00 - [MESSAGE][INFO] - Login Success

2021-01-21 15:33:00 - [MESSAGE][PASSED] - Current window maximized

2021-01-21 15:33:00 - [MESSAGE][PASSED] - Object 'Object Repository/Page_/h1_Welcome to IT Supporting Tools' is present

2021-01-21 15:33:00 - [MESSAGE][PASSED] - Login Success

2021-01-21 15:33:00 - [TEST_STEP][PASSED] - Select Arrow Menu "Real Time Disbursement": Select Arrow Menu "Real Time Disbursement"

2021-01-21 15:33:00 - [MESSAGE][PASSED] - Object: '' is clicked on

2021-01-21 15:33:00 - [MESSAGE][PASSED] - Select Arrow Menu "Real Time Disbursement"

2021-01-21 15:33:00 - [TEST_STEP][PASSED] - Select Menu "Hold Payment Configuration": Select Menu "Hold Payment Configuration"

2021-01-21 15:33:00 - [MESSAGE][PASSED] - Taking screenshot successfully
[[ATTACHMENT|/Users/chaidir.pratama01/Documents/Docs/Katalon Studio/Screenshot/test-Hold Payment Configuration.png]]

2021-01-21 15:33:00 - [MESSAGE][PASSED] - Object '' is present

2021-01-21 15:33:01 - [MESSAGE][PASSED] - Object: '' is clicked on

2021-01-21 15:33:01 - [MESSAGE][PASSED] - Wait for page load successfully

2021-01-21 15:33:01 - [MESSAGE][PASSED] - Select Menu "Hold Payment Configuration"

2021-01-21 15:33:01 - [TEST_STEP][PASSED] - Input "Start Date Hold Payment" with value "": Input "Start Date Hold Payment" with value ""

2021-01-21 15:33:04 - [MESSAGE][PASSED] - Delayed 3 second(s)

2021-01-21 15:33:04 - [MESSAGE][PASSED] - Input "Start Date Hold Payment" with value ""

2021-01-21 15:33:04 - [TEST_STEP][PASSED] - Input "Release Date" with value "30-01-2021": Input "Release Date" with value "30-01-2021"

2021-01-21 15:33:07 - [MESSAGE][PASSED] - Delayed 3 second(s)

2021-01-21 15:33:07 - [MESSAGE][PASSED] - Input "Release Date" with value "30-01-2021"

2021-01-21 15:33:07 - [TEST_STEP][PASSED] - Click button "Add": Click button "Add"

2021-01-21 15:33:07 - [MESSAGE][INFO] - >>>>>//Button[contains(text(),'Add')]

2021-01-21 15:33:10 - [MESSAGE][PASSED] - Object '' is present

2021-01-21 15:33:10 - [MESSAGE][PASSED] - Object: '' is clicked on

2021-01-21 15:33:10 - [MESSAGE][PASSED] - Switched to window with index: '0'

2021-01-21 15:33:10 - [MESSAGE][PASSED] - Click button "Add"

2021-01-21 15:33:10 - [TEST_STEP][PASSED] - Get text from pop up "IT Supporting Tools" with text "Start date & end date cannot be empty": Get text from pop up "IT Supporting Tools" with text "Start date & end date cannot be empty"

2021-01-21 15:33:10 - [MESSAGE][PASSED] - Taking screenshot successfully
[[ATTACHMENT|/Users/chaidir.pratama01/Documents/Docs/Katalon Studio/Screenshot/errorpopup.png]]

2021-01-21 15:33:10 - [MESSAGE][PASSED] - Object '' is present

2021-01-21 15:33:10 - [MESSAGE][PASSED] - Wait for page load successfully

2021-01-21 15:33:10 - [MESSAGE][PASSED] - Wait for page load successfully

2021-01-21 15:33:10 - [MESSAGE][PASSED] - Get text from pop up "IT Supporting Tools" with text "Start date & end date cannot be empty"

2021-01-21 15:33:10 - [TEST_STEP][PASSED] - Click button "OK": Click button "OK"

2021-01-21 15:33:10 - [MESSAGE][INFO] - >>>>>//Button[contains(text(),'OK')]

2021-01-21 15:33:13 - [MESSAGE][PASSED] - Object '' is present

2021-01-21 15:33:13 - [MESSAGE][PASSED] - Object: '' is clicked on

2021-01-21 15:33:13 - [MESSAGE][PASSED] - Switched to window with index: '0'

2021-01-21 15:33:13 - [MESSAGE][PASSED] - Click button "OK"

2021-01-21 15:33:13 - [TEST_STEP][PASSED] - Click button "Logout": Click button "Logout"

2021-01-21 15:33:13 - [MESSAGE][INFO] - >>>>>//Button[contains(text(),'Logout')]

2021-01-21 15:33:16 - [MESSAGE][PASSED] - Object '' is present

2021-01-21 15:33:17 - [MESSAGE][PASSED] - Object: '' is clicked on

2021-01-21 15:33:17 - [MESSAGE][PASSED] - Switched to window with index: '0'

2021-01-21 15:33:17 - [MESSAGE][PASSED] - Click button "Logout"

2021-01-21 15:33:17 - [TEST_STEP][PASSED] - Close browser: Close browser

2021-01-21 15:33:17 - [MESSAGE][PASSED] - Browser is closed

2021-01-21 15:33:17 - [MESSAGE][PASSED] - Close browser

2021-01-21 15:33:17 - [TEST_CASE][PASSED] - Start Test Case : SCENARIO End Date is Null: SCENARIO End Date is Null

2021-01-21 15:33:17 - [TEST_STEP][PASSED] - Go to ISTools: Go to ISTools

2021-01-21 15:33:17 - [MESSAGE][INFO] - Starting 'Chrome (headless)' driver

2021-01-21 15:33:17 - [MESSAGE][INFO] - User set preference: ['args', '[--start-maximized, --disable-gpu, --no-proxy-server, –-no-sandbox, --allow-running-insecure-content, --ignore-certificate-errors, window-size=1680,814, force-device-scale-factor=2, --lang=en-GB]']

2021-01-21 15:33:17 - [MESSAGE][INFO] - User set preference: ['prefs', '{download.default_directory=/Users/chaidir.pratama01/Katalon Studio/IST_Automation_Git/Download}']

2021-01-21 15:33:17 - [MESSAGE][INFO] - Action delay is set to 0 milliseconds

2021-01-21 15:33:17 - [MESSAGE][PASSED] - Browser is opened with url: ''

2021-01-21 15:33:18 - [MESSAGE][PASSED] - Navigate to 'https://dev-istools.homecredit.id/foundation/' successfully

2021-01-21 15:33:18 - [MESSAGE][PASSED] - Go to ISTools

2021-01-21 15:33:18 - [TEST_STEP][PASSED] - Login IST with valid credentials: Login IST with valid credentials

2021-01-21 15:33:18 - [MESSAGE][PASSED] - Text 'mobile.test' is set on object 'Object Repository/Page_/input_Username_j_username'

2021-01-21 15:33:18 - [MESSAGE][PASSED] - Text ****** has been set on object 'Object Repository/Page_/input_Password_j_password'

2021-01-21 15:33:18 - [MESSAGE][PASSED] - Object: 'Object Repository/Page_/button_Login' is clicked on

2021-01-21 15:33:18 - [MESSAGE][PASSED] - Login IST with valid credentials

2021-01-21 15:33:18 - [TEST_STEP][PASSED] - Login Success: Login Success

2021-01-21 15:33:18 - [MESSAGE][INFO] - Login Success

2021-01-21 15:33:19 - [MESSAGE][PASSED] - Current window maximized

2021-01-21 15:33:19 - [MESSAGE][PASSED] - Object 'Object Repository/Page_/h1_Welcome to IT Supporting Tools' is present

2021-01-21 15:33:19 - [MESSAGE][PASSED] - Login Success

2021-01-21 15:33:19 - [TEST_STEP][PASSED] - Select Arrow Menu "Real Time Disbursement": Select Arrow Menu "Real Time Disbursement"

2021-01-21 15:33:19 - [MESSAGE][PASSED] - Object: '' is clicked on

2021-01-21 15:33:19 - [MESSAGE][PASSED] - Select Arrow Menu "Real Time Disbursement"

2021-01-21 15:33:19 - [TEST_STEP][PASSED] - Select Menu "Hold Payment Configuration": Select Menu "Hold Payment Configuration"

2021-01-21 15:33:19 - [MESSAGE][PASSED] - Taking screenshot successfully
[[ATTACHMENT|/Users/chaidir.pratama01/Documents/Docs/Katalon Studio/Screenshot/test-Hold Payment Configuration.png]]

2021-01-21 15:33:19 - [MESSAGE][PASSED] - Object '' is present

2021-01-21 15:33:19 - [MESSAGE][PASSED] - Object: '' is clicked on

2021-01-21 15:33:19 - [MESSAGE][PASSED] - Wait for page load successfully

2021-01-21 15:33:19 - [MESSAGE][PASSED] - Select Menu "Hold Payment Configuration"

2021-01-21 15:33:19 - [TEST_STEP][PASSED] - Input "Start Date Hold Payment" with value "25-01-2021": Input "Start Date Hold Payment" with value "25-01-2021"

2021-01-21 15:33:22 - [MESSAGE][PASSED] - Delayed 3 second(s)

2021-01-21 15:33:22 - [MESSAGE][PASSED] - Input "Start Date Hold Payment" with value "25-01-2021"

2021-01-21 15:33:22 - [TEST_STEP][PASSED] - Input "Release Date" with value "": Input "Release Date" with value ""

2021-01-21 15:33:25 - [MESSAGE][PASSED] - Delayed 3 second(s)

2021-01-21 15:33:25 - [MESSAGE][PASSED] - Input "Release Date" with value ""

2021-01-21 15:33:25 - [TEST_STEP][PASSED] - Click button "Add": Click button "Add"

2021-01-21 15:33:25 - [MESSAGE][INFO] - >>>>>//Button[contains(text(),'Add')]

2021-01-21 15:33:28 - [MESSAGE][PASSED] - Object '' is present

2021-01-21 15:33:28 - [MESSAGE][PASSED] - Object: '' is clicked on

2021-01-21 15:33:28 - [MESSAGE][PASSED] - Switched to window with index: '0'

2021-01-21 15:33:28 - [MESSAGE][PASSED] - Click button "Add"

2021-01-21 15:33:28 - [TEST_STEP][PASSED] - Get text from pop up "IT Supporting Tools" with text "Start date & end date cannot be empty": Get text from pop up "IT Supporting Tools" with text "Start date & end date cannot be empty"

2021-01-21 15:33:29 - [MESSAGE][PASSED] - Taking screenshot successfully
[[ATTACHMENT|/Users/chaidir.pratama01/Documents/Docs/Katalon Studio/Screenshot/errorpopup.png]]

2021-01-21 15:33:29 - [MESSAGE][PASSED] - Object '' is present

2021-01-21 15:33:29 - [MESSAGE][PASSED] - Wait for page load successfully

2021-01-21 15:33:29 - [MESSAGE][PASSED] - Wait for page load successfully

2021-01-21 15:33:29 - [MESSAGE][PASSED] - Get text from pop up "IT Supporting Tools" with text "Start date & end date cannot be empty"

2021-01-21 15:33:29 - [TEST_STEP][PASSED] - Click button "OK": Click button "OK"

2021-01-21 15:33:29 - [MESSAGE][INFO] - >>>>>//Button[contains(text(),'OK')]

2021-01-21 15:33:32 - [MESSAGE][PASSED] - Object '' is present

2021-01-21 15:33:32 - [MESSAGE][PASSED] - Object: '' is clicked on

2021-01-21 15:33:32 - [MESSAGE][PASSED] - Switched to window with index: '0'

2021-01-21 15:33:32 - [MESSAGE][PASSED] - Click button "OK"

2021-01-21 15:33:32 - [TEST_STEP][PASSED] - Click button "Logout": Click button "Logout"

2021-01-21 15:33:32 - [MESSAGE][INFO] - >>>>>//Button[contains(text(),'Logout')]

2021-01-21 15:33:35 - [MESSAGE][PASSED] - Object '' is present

2021-01-21 15:33:35 - [MESSAGE][PASSED] - Object: '' is clicked on

2021-01-21 15:33:35 - [MESSAGE][PASSED] - Switched to window with index: '0'

2021-01-21 15:33:35 - [MESSAGE][PASSED] - Click button "Logout"

2021-01-21 15:33:35 - [TEST_STEP][PASSED] - Close browser: Close browser

2021-01-21 15:33:35 - [MESSAGE][PASSED] - Browser is closed

2021-01-21 15:33:35 - [MESSAGE][PASSED] - Close browser

2021-01-21 15:33:35 - [MESSAGE][PASSED] - Feature file: 'Include/features/IST_Real/RTD/Hold Payment Configuration/Date_is_NULL.feature' was passed]]></system-out>
         <system-err><![CDATA[]]></system-err>
      </testcase>
      <testcase name="Test Cases/RTD/Hold Payment Configuration/TC_Start_Date_Greater_than_Release_Date" time="18.978" classname="Test Cases/RTD/Hold Payment Configuration/TC_Start_Date_Greater_than_Release_Date" status="PASSED">
         <system-out><![CDATA[2021-01-21 15:33:35 - [TEST_CASE][PASSED] - Test Cases/RTD/Hold Payment Configuration/TC_Start_Date_Greater_than_Release_Date: Test Cases/RTD/Hold Payment Configuration/TC_Start_Date_Greater_than_Release_Date

2021-01-21 15:33:35 - [TEST_STEP][PASSED] - runFeatureFile("Include/features/IST_Real/RTD/Hold Payment Configuration/Start_Date_Greater_than_Release_Date.feature"): Feature file: 'Include/features/IST_Real/RTD/Hold Payment Configuration/Start_Date_Greater_than_Release_Date.feature' was passed

2021-01-21 15:33:35 - [MESSAGE][INFO] - Starting run keyword runFeatureFile: 'Include/features/IST_Real/RTD/Hold Payment Configuration/Start_Date_Greater_than_Release_Date.feature' and extract report to folder: '/Users/chaidir.pratama01/Katalon Studio/IST_Automation_Git/Reports/20210121_153213/RTD/TS_Hold_Payment_Configuration/20210121_153213/cucumber_report/1611218015965'...

2021-01-21 15:33:36 - [TEST_CASE][PASSED] - Start Test Case : SCENARIO Start date is greater than end date: SCENARIO Start date is greater than end date

2021-01-21 15:33:36 - [TEST_STEP][PASSED] - Go to ISTools: Go to ISTools

2021-01-21 15:33:36 - [MESSAGE][INFO] - Starting 'Chrome (headless)' driver

2021-01-21 15:33:36 - [MESSAGE][INFO] - User set preference: ['args', '[--start-maximized, --disable-gpu, --no-proxy-server, –-no-sandbox, --allow-running-insecure-content, --ignore-certificate-errors, window-size=1680,814, force-device-scale-factor=2, --lang=en-GB]']

2021-01-21 15:33:36 - [MESSAGE][INFO] - User set preference: ['prefs', '{download.default_directory=/Users/chaidir.pratama01/Katalon Studio/IST_Automation_Git/Download}']

2021-01-21 15:33:36 - [MESSAGE][INFO] - Action delay is set to 0 milliseconds

2021-01-21 15:33:36 - [MESSAGE][PASSED] - Browser is opened with url: ''

2021-01-21 15:33:37 - [MESSAGE][PASSED] - Navigate to 'https://dev-istools.homecredit.id/foundation/' successfully

2021-01-21 15:33:37 - [MESSAGE][PASSED] - Go to ISTools

2021-01-21 15:33:37 - [TEST_STEP][PASSED] - Login IST with valid credentials: Login IST with valid credentials

2021-01-21 15:33:37 - [MESSAGE][PASSED] - Text 'mobile.test' is set on object 'Object Repository/Page_/input_Username_j_username'

2021-01-21 15:33:37 - [MESSAGE][PASSED] - Text ****** has been set on object 'Object Repository/Page_/input_Password_j_password'

2021-01-21 15:33:37 - [MESSAGE][PASSED] - Object: 'Object Repository/Page_/button_Login' is clicked on

2021-01-21 15:33:37 - [MESSAGE][PASSED] - Login IST with valid credentials

2021-01-21 15:33:37 - [TEST_STEP][PASSED] - Login Success: Login Success

2021-01-21 15:33:37 - [MESSAGE][INFO] - Login Success

2021-01-21 15:33:37 - [MESSAGE][PASSED] - Current window maximized

2021-01-21 15:33:37 - [MESSAGE][PASSED] - Object 'Object Repository/Page_/h1_Welcome to IT Supporting Tools' is present

2021-01-21 15:33:37 - [MESSAGE][PASSED] - Login Success

2021-01-21 15:33:37 - [TEST_STEP][PASSED] - Select Arrow Menu "Real Time Disbursement": Select Arrow Menu "Real Time Disbursement"

2021-01-21 15:33:38 - [MESSAGE][PASSED] - Object: '' is clicked on

2021-01-21 15:33:38 - [MESSAGE][PASSED] - Select Arrow Menu "Real Time Disbursement"

2021-01-21 15:33:38 - [TEST_STEP][PASSED] - Select Menu "Hold Payment Configuration": Select Menu "Hold Payment Configuration"

2021-01-21 15:33:38 - [MESSAGE][PASSED] - Taking screenshot successfully
[[ATTACHMENT|/Users/chaidir.pratama01/Documents/Docs/Katalon Studio/Screenshot/test-Hold Payment Configuration.png]]

2021-01-21 15:33:38 - [MESSAGE][PASSED] - Object '' is present

2021-01-21 15:33:38 - [MESSAGE][PASSED] - Object: '' is clicked on

2021-01-21 15:33:38 - [MESSAGE][PASSED] - Wait for page load successfully

2021-01-21 15:33:38 - [MESSAGE][PASSED] - Select Menu "Hold Payment Configuration"

2021-01-21 15:33:38 - [TEST_STEP][PASSED] - Input "Start Date Hold Payment" with value "30-01-2021": Input "Start Date Hold Payment" with value "30-01-2021"

2021-01-21 15:33:41 - [MESSAGE][PASSED] - Delayed 3 second(s)

2021-01-21 15:33:41 - [MESSAGE][PASSED] - Input "Start Date Hold Payment" with value "30-01-2021"

2021-01-21 15:33:41 - [TEST_STEP][PASSED] - Input "Release Date" with value "25-01-2021": Input "Release Date" with value "25-01-2021"

2021-01-21 15:33:44 - [MESSAGE][PASSED] - Delayed 3 second(s)

2021-01-21 15:33:44 - [MESSAGE][PASSED] - Input "Release Date" with value "25-01-2021"

2021-01-21 15:33:44 - [TEST_STEP][PASSED] - Click button "Add": Click button "Add"

2021-01-21 15:33:44 - [MESSAGE][INFO] - >>>>>//Button[contains(text(),'Add')]

2021-01-21 15:33:47 - [MESSAGE][PASSED] - Object '' is present

2021-01-21 15:33:47 - [MESSAGE][PASSED] - Object: '' is clicked on

2021-01-21 15:33:47 - [MESSAGE][PASSED] - Switched to window with index: '0'

2021-01-21 15:33:47 - [MESSAGE][PASSED] - Click button "Add"

2021-01-21 15:33:47 - [TEST_STEP][PASSED] - Get text from pop up "IT Supporting Tools" with text "Release date must be after start date": Get text from pop up "IT Supporting Tools" with text "Release date must be after start date"

2021-01-21 15:33:48 - [MESSAGE][PASSED] - Taking screenshot successfully
[[ATTACHMENT|/Users/chaidir.pratama01/Documents/Docs/Katalon Studio/Screenshot/errorpopup.png]]

2021-01-21 15:33:48 - [MESSAGE][PASSED] - Object '' is present

2021-01-21 15:33:48 - [MESSAGE][PASSED] - Wait for page load successfully

2021-01-21 15:33:48 - [MESSAGE][PASSED] - Wait for page load successfully

2021-01-21 15:33:48 - [MESSAGE][PASSED] - Get text from pop up "IT Supporting Tools" with text "Release date must be after start date"

2021-01-21 15:33:48 - [TEST_STEP][PASSED] - Click button "OK": Click button "OK"

2021-01-21 15:33:48 - [MESSAGE][INFO] - >>>>>//Button[contains(text(),'OK')]

2021-01-21 15:33:51 - [MESSAGE][PASSED] - Object '' is present

2021-01-21 15:33:51 - [MESSAGE][PASSED] - Object: '' is clicked on

2021-01-21 15:33:51 - [MESSAGE][PASSED] - Switched to window with index: '0'

2021-01-21 15:33:51 - [MESSAGE][PASSED] - Click button "OK"

2021-01-21 15:33:51 - [TEST_STEP][PASSED] - Click button "Logout": Click button "Logout"

2021-01-21 15:33:51 - [MESSAGE][INFO] - >>>>>//Button[contains(text(),'Logout')]

2021-01-21 15:33:54 - [MESSAGE][PASSED] - Object '' is present

2021-01-21 15:33:54 - [MESSAGE][PASSED] - Object: '' is clicked on

2021-01-21 15:33:54 - [MESSAGE][PASSED] - Switched to window with index: '0'

2021-01-21 15:33:54 - [MESSAGE][PASSED] - Click button "Logout"

2021-01-21 15:33:54 - [TEST_STEP][PASSED] - Close browser: Close browser

2021-01-21 15:33:54 - [MESSAGE][PASSED] - Browser is closed

2021-01-21 15:33:54 - [MESSAGE][PASSED] - Close browser

2021-01-21 15:33:54 - [MESSAGE][PASSED] - Feature file: 'Include/features/IST_Real/RTD/Hold Payment Configuration/Start_Date_Greater_than_Release_Date.feature' was passed]]></system-out>
         <system-err><![CDATA[]]></system-err>
      </testcase>
      <system-out><![CDATA[2021-01-21 15:32:19 - [TEST_SUITE][PASSED] - TS_Hold_Payment_Configuration: Test Cases/RTD/Hold Payment Configuration/TC_Start_Date_Greater_than_Release_Date]]></system-out>
      <system-err><![CDATA[]]></system-err>
   </testsuite>
</testsuites>
