<?xml version="1.0" encoding="UTF-8"?>
<testsuites name="TS_SLIK_Gateway_Non_Customer" time="762.295" tests="18" failures="2" errors="0">
   <testsuite name="TS_SLIK_Gateway_Non_Customer" tests="18" failures="2" errors="0" time="762.295" timestamp="2020-10-27 15:55:06" hostname="chaidir.pratama01 - 192.168.1.3" id="Test Suites/SLIK/TS_SLIK_Gateway_Non_Customer">
      <properties>
         <property name="deviceName" value=""/>
         <property name="devicePlatform" value=""/>
         <property name="logFolder" value="/Users/chaidir.pratama01/Katalon Studio/IST_Automation_Git/Reports/20201027_155459/SLIK/TS_SLIK_Gateway_Non_Customer/20201027_155459"/>
         <property name="logFiles" value="/Users/chaidir.pratama01/Katalon Studio/IST_Automation_Git/Reports/20201027_155459/SLIK/TS_SLIK_Gateway_Non_Customer/20201027_155459/execution0.log"/>
         <property name="attachments" value="/Users/chaidir.pratama01/Documents/Docs/Katalon Studio/Screenshot/test-SLIK Gateway Non Customer.png, /Users/chaidir.pratama01/Documents/Docs/Katalon Studio/Screenshot/slik.png, /Users/chaidir.pratama01/Documents/Docs/Katalon Studio/Screenshot/slik.png, /Users/chaidir.pratama01/Documents/Docs/Katalon Studio/Screenshot/slik.png, /Users/chaidir.pratama01/Documents/Docs/Katalon Studio/Screenshot/errorpopup.png, /Users/chaidir.pratama01/Katalon Studio/IST_Automation_Git/img/View_detail_NonCutomer.png, /Users/chaidir.pratama01/Documents/Docs/Katalon Studio/Screenshot/test-SLIK Gateway Approval Non Customer.png, /Users/chaidir.pratama01/Documents/Docs/Katalon Studio/Screenshot/errorpopup.png, /Users/chaidir.pratama01/Documents/Docs/Katalon Studio/Screenshot/errorpopup.png, /Users/chaidir.pratama01/Katalon Studio/IST_Automation_Git/Reports/20201027_155459/SLIK/TS_SLIK_Gateway_Non_Customer/20201027_155459/1603789208755.png, /Users/chaidir.pratama01/Katalon Studio/IST_Automation_Git/Reports/20201027_155459/SLIK/TS_SLIK_Gateway_Non_Customer/20201027_155459/1603789209862.png, /Users/chaidir.pratama01/Katalon Studio/IST_Automation_Git/Reports/20201027_155459/SLIK/TS_SLIK_Gateway_Non_Customer/20201027_155459/1603789239819.png, /Users/chaidir.pratama01/Katalon Studio/IST_Automation_Git/Reports/20201027_155459/SLIK/TS_SLIK_Gateway_Non_Customer/20201027_155459/1603789240902.png, /Users/chaidir.pratama01/Katalon Studio/IST_Automation_Git/Reports/20201027_155459/SLIK/TS_SLIK_Gateway_Non_Customer/20201027_155459/1603789245837.png, /Users/chaidir.pratama01/Katalon Studio/IST_Automation_Git/Reports/20201027_155459/SLIK/TS_SLIK_Gateway_Non_Customer/20201027_155459/1603789246402.png, /Users/chaidir.pratama01/Documents/Docs/Katalon Studio/Screenshot/slik.png, /Users/chaidir.pratama01/Documents/Docs/Katalon Studio/Screenshot/slik.png, /Users/chaidir.pratama01/Documents/Docs/Katalon Studio/Screenshot/slik.png, /Users/chaidir.pratama01/Documents/Docs/Katalon Studio/Screenshot/errorpopup.png, /Users/chaidir.pratama01/Documents/Docs/Katalon Studio/Screenshot/test-SLIK Gateway Approval Non Customer.png, /Users/chaidir.pratama01/Documents/Docs/Katalon Studio/Screenshot/errorpopup.png, /Users/chaidir.pratama01/Documents/Docs/Katalon Studio/Screenshot/errorpopup.png, /Users/chaidir.pratama01/Katalon Studio/IST_Automation_Git/img/View_detail_NonCutomer.png, /Users/chaidir.pratama01/Katalon Studio/IST_Automation_Git/Reports/20201027_155459/SLIK/TS_SLIK_Gateway_Non_Customer/20201027_155459/1603789557583.png, /Users/chaidir.pratama01/Katalon Studio/IST_Automation_Git/Reports/20201027_155459/SLIK/TS_SLIK_Gateway_Non_Customer/20201027_155459/1603789558207.png, /Users/chaidir.pratama01/Documents/Docs/Katalon Studio/Screenshot/errorpopup.png, /Users/chaidir.pratama01/Documents/Docs/Katalon Studio/Screenshot/errorpopup.png, /Users/chaidir.pratama01/Katalon Studio/IST_Automation_Git/Reports/20201027_155459/SLIK/TS_SLIK_Gateway_Non_Customer/20201027_155459/1603789649162.png, /Users/chaidir.pratama01/Katalon Studio/IST_Automation_Git/img/View_detail_NonCutomer.png"/>
         <property name="hostName" value="chaidir.pratama01 - 192.168.1.3"/>
         <property name="os" value="Mac OS X 64bit"/>
         <property name="katalonVersion" value="7.6.0.${buildNumber}"/>
         <property name="browser" value="Chrome 86.0.4240.111"/>
         <property name="hostAddress" value="192.168.1.3"/>
         <property name="sessionId" value="357e35773eeb99d7a9a293ebd168a19e"/>
         <property name="seleniumVersion" value="3.141.59"/>
         <property name="proxyInformation" value="ProxyInformation { proxyOption=NO_PROXY, proxyServerType=HTTP, username=, password=********, proxyServerAddress=, proxyServerPort=0, executionList=\&quot;\&quot;, isApplyToDesiredCapabilities=true }"/>
         <property name="platform" value="Mac OS X"/>
      </properties>
      <testcase name="Test Cases/IST_Real/SLIK/SLIK_Gateway_Non_Customer/Open Menu SLIK Gateway Non Customer" time="47.43" classname="Test Cases/IST_Real/SLIK/SLIK_Gateway_Non_Customer/Open Menu SLIK Gateway Non Customer" status="PASSED">
         <system-out><![CDATA[2020-10-27 15:55:06 - [TEST_CASE][PASSED] - Test Cases/IST_Real/SLIK/SLIK_Gateway_Non_Customer/Open Menu SLIK Gateway Non Customer: Test Cases/IST_Real/SLIK/SLIK_Gateway_Non_Customer/Open Menu SLIK Gateway Non Customer

2020-10-27 15:55:07 - [TEST_STEP][PASSED] - runFeatureFile("Include/features/IST_Real/SLIK/SLIK Gateway Non Customer/Open_Menu_SLIK_Gateway_Non_Customer.feature"): Feature file: 'Include/features/IST_Real/SLIK/SLIK Gateway Non Customer/Open_Menu_SLIK_Gateway_Non_Customer.feature' was passed

2020-10-27 15:55:07 - [MESSAGE][INFO] - Starting run keyword runFeatureFile: 'Include/features/IST_Real/SLIK/SLIK Gateway Non Customer/Open_Menu_SLIK_Gateway_Non_Customer.feature' and extract report to folder: '/Users/chaidir.pratama01/Katalon Studio/IST_Automation_Git/Reports/20201027_155459/SLIK/TS_SLIK_Gateway_Non_Customer/20201027_155459/cucumber_report/1603788907067'...

2020-10-27 15:55:07 - [TEST_CASE][PASSED] - Start Test Case : SCENARIO Menu SLIK Gateway Non Customer in IST and Verify Element Needed Exist: SCENARIO Menu SLIK Gateway Non Customer in IST and Verify Element Needed Exist

2020-10-27 15:55:07 - [TEST_STEP][PASSED] - Go to ISTools: Go to ISTools

2020-10-27 15:55:07 - [MESSAGE][INFO] - Starting 'Chrome' driver

2020-10-27 15:55:08 - [MESSAGE][INFO] - User set preference: ['AcceptInsecureCerts', 'true']

2020-10-27 15:55:08 - [MESSAGE][INFO] - User set preference: ['args', '[ignore-certificate-errors]']

2020-10-27 15:55:08 - [MESSAGE][INFO] - Action delay is set to 0 milliseconds

2020-10-27 15:55:10 - [MESSAGE][PASSED] - Browser is opened with url: ''

2020-10-27 15:55:13 - [MESSAGE][PASSED] - Navigate to 'https://id-ist01preprod.id.nonprod/ist/' successfully

2020-10-27 15:55:13 - [MESSAGE][PASSED] - Go to ISTools

2020-10-27 15:55:13 - [TEST_STEP][PASSED] - Login IST with valid credentials: Login IST with valid credentials

2020-10-27 15:55:14 - [MESSAGE][PASSED] - Text 'mobile.test' is set on object 'Object Repository/Page_/input_Username_j_username'

2020-10-27 15:55:15 - [MESSAGE][PASSED] - Text ****** has been set on object 'Object Repository/Page_/input_Password_j_password'

2020-10-27 15:55:15 - [MESSAGE][PASSED] - Object: 'Object Repository/Page_/button_Login' is clicked on

2020-10-27 15:55:15 - [MESSAGE][PASSED] - Login IST with valid credentials

2020-10-27 15:55:15 - [TEST_STEP][PASSED] - Login Success for contract dispatcher: Login Success for contract dispatcher

2020-10-27 15:55:15 - [MESSAGE][INFO] - Login Success

2020-10-27 15:55:16 - [MESSAGE][PASSED] - Current window maximized

2020-10-27 15:55:16 - [MESSAGE][PASSED] - Object 'Object Repository/Page_/h1_Welcome to IT Supporting Tools' is present

2020-10-27 15:55:16 - [MESSAGE][PASSED] - Login Success for contract dispatcher

2020-10-27 15:55:16 - [TEST_STEP][PASSED] - Select Menu "SLIK Gateway Non Customer": Select Menu "SLIK Gateway Non Customer"

2020-10-27 15:55:17 - [MESSAGE][PASSED] - Taking screenshot successfully
[[ATTACHMENT|/Users/chaidir.pratama01/Documents/Docs/Katalon Studio/Screenshot/test-SLIK Gateway Non Customer.png]]

2020-10-27 15:55:17 - [MESSAGE][PASSED] - Object '' is present

2020-10-27 15:55:18 - [MESSAGE][PASSED] - Object: '' is clicked on

2020-10-27 15:55:18 - [MESSAGE][PASSED] - Wait for page load successfully

2020-10-27 15:55:18 - [MESSAGE][PASSED] - Select Menu "SLIK Gateway Non Customer"

2020-10-27 15:55:18 - [TEST_STEP][PASSED] - Verify Title "SLIK Gateway Non Customer" Exists: Verify Title "SLIK Gateway Non Customer" Exists

2020-10-27 15:55:18 - [MESSAGE][PASSED] - Object '' is present

2020-10-27 15:55:19 - [MESSAGE][PASSED] - Object: '' is focused

2020-10-27 15:55:19 - [MESSAGE][PASSED] - Verify Title "SLIK Gateway Non Customer" Exists

2020-10-27 15:55:19 - [TEST_STEP][PASSED] - Verify Title "Check SLIK" Exists: Verify Title "Check SLIK" Exists

2020-10-27 15:55:19 - [MESSAGE][PASSED] - Object '' is present

2020-10-27 15:55:20 - [MESSAGE][PASSED] - Object: '' is focused

2020-10-27 15:55:20 - [MESSAGE][PASSED] - Verify Title "Check SLIK" Exists

2020-10-27 15:55:20 - [TEST_STEP][PASSED] - Verify Contents of Check SLIK Label in SLIK Gateway Non Customer Menu Exist: Verify Contents of Check SLIK Label in SLIK Gateway Non Customer Menu Exist

2020-10-27 15:55:20 - [MESSAGE][PASSED] - Object '' is present

2020-10-27 15:55:21 - [MESSAGE][PASSED] - Object: '' is focused

2020-10-27 15:55:21 - [MESSAGE][PASSED] - Object '' is present

2020-10-27 15:55:21 - [MESSAGE][PASSED] - Object: '' is focused

2020-10-27 15:55:22 - [MESSAGE][PASSED] - Object '' is present

2020-10-27 15:55:22 - [MESSAGE][PASSED] - Object: '' is focused

2020-10-27 15:55:22 - [MESSAGE][PASSED] - Object '' is present

2020-10-27 15:55:23 - [MESSAGE][PASSED] - Object: '' is focused

2020-10-27 15:55:23 - [MESSAGE][PASSED] - Object '' is present

2020-10-27 15:55:24 - [MESSAGE][PASSED] - Object: '' is focused

2020-10-27 15:55:24 - [MESSAGE][PASSED] - Object '' is present

2020-10-27 15:55:25 - [MESSAGE][PASSED] - Object: '' is focused

2020-10-27 15:55:25 - [MESSAGE][PASSED] - Object '' is present

2020-10-27 15:55:26 - [MESSAGE][PASSED] - Object: '' is focused

2020-10-27 15:55:26 - [MESSAGE][PASSED] - Object '' is present

2020-10-27 15:55:27 - [MESSAGE][PASSED] - Object: '' is focused

2020-10-27 15:55:27 - [MESSAGE][PASSED] - Object '' is present

2020-10-27 15:55:27 - [MESSAGE][PASSED] - Object: '' is focused

2020-10-27 15:55:28 - [MESSAGE][PASSED] - Object '' is present

2020-10-27 15:55:28 - [MESSAGE][PASSED] - Object: '' is focused

2020-10-27 15:55:28 - [MESSAGE][PASSED] - Object '' is present

2020-10-27 15:55:29 - [MESSAGE][PASSED] - Object: '' is focused

2020-10-27 15:55:29 - [MESSAGE][PASSED] - Object '' is present

2020-10-27 15:55:30 - [MESSAGE][PASSED] - Object: '' is focused

2020-10-27 15:55:30 - [MESSAGE][PASSED] - Object '' is present

2020-10-27 15:55:30 - [MESSAGE][PASSED] - Object: '' is focused

2020-10-27 15:55:30 - [MESSAGE][PASSED] - Object '' is present

2020-10-27 15:55:31 - [MESSAGE][PASSED] - Object: '' is focused

2020-10-27 15:55:31 - [MESSAGE][PASSED] - Object '' is present

2020-10-27 15:55:31 - [MESSAGE][PASSED] - Object: '' is focused

2020-10-27 15:55:32 - [MESSAGE][PASSED] - Object '' is present

2020-10-27 15:55:32 - [MESSAGE][PASSED] - Object: '' is focused

2020-10-27 15:55:32 - [MESSAGE][PASSED] - Object '' is present

2020-10-27 15:55:33 - [MESSAGE][PASSED] - Object: '' is focused

2020-10-27 15:55:33 - [MESSAGE][PASSED] - Object '' is present

2020-10-27 15:55:34 - [MESSAGE][PASSED] - Object: '' is focused

2020-10-27 15:55:34 - [MESSAGE][PASSED] - Object '' is present

2020-10-27 15:55:37 - [MESSAGE][PASSED] - Delayed 3 second(s)

2020-10-27 15:55:37 - [MESSAGE][PASSED] - Object: '' is focused

2020-10-27 15:55:40 - [MESSAGE][PASSED] - Delayed 3 second(s)

2020-10-27 15:55:41 - [MESSAGE][PASSED] - Object '' is present

2020-10-27 15:55:41 - [MESSAGE][PASSED] - Object: '' is focused

2020-10-27 15:55:42 - [MESSAGE][PASSED] - Object '' is present

2020-10-27 15:55:42 - [MESSAGE][PASSED] - Object: '' is focused

2020-10-27 15:55:42 - [MESSAGE][PASSED] - Object '' is present

2020-10-27 15:55:43 - [MESSAGE][PASSED] - Object: '' is focused

2020-10-27 15:55:43 - [MESSAGE][PASSED] - Verify Contents of Check SLIK Label in SLIK Gateway Non Customer Menu Exist

2020-10-27 15:55:43 - [TEST_STEP][PASSED] - Verify Title "Search Result" Exists: Verify Title "Search Result" Exists

2020-10-27 15:55:43 - [MESSAGE][PASSED] - Object '' is present

2020-10-27 15:55:44 - [MESSAGE][PASSED] - Object: '' is focused

2020-10-27 15:55:44 - [MESSAGE][PASSED] - Verify Title "Search Result" Exists

2020-10-27 15:55:44 - [TEST_STEP][PASSED] - Verify Contents of Search Result: Verify Contents of Search Result

2020-10-27 15:55:44 - [MESSAGE][PASSED] - Object '' is present

2020-10-27 15:55:44 - [MESSAGE][PASSED] - Object: '' is focused

2020-10-27 15:55:45 - [MESSAGE][PASSED] - Object '' is present

2020-10-27 15:55:45 - [MESSAGE][PASSED] - Object: '' is focused

2020-10-27 15:55:45 - [MESSAGE][PASSED] - Object '' is present

2020-10-27 15:55:46 - [MESSAGE][PASSED] - Object: '' is focused

2020-10-27 15:55:46 - [MESSAGE][PASSED] - Object '' is present

2020-10-27 15:55:46 - [MESSAGE][PASSED] - Object: '' is focused

2020-10-27 15:55:47 - [MESSAGE][PASSED] - Object '' is present

2020-10-27 15:55:47 - [MESSAGE][PASSED] - Object: '' is focused

2020-10-27 15:55:47 - [MESSAGE][PASSED] - Object '' is present

2020-10-27 15:55:48 - [MESSAGE][PASSED] - Object: '' is focused

2020-10-27 15:55:48 - [MESSAGE][PASSED] - Object '' is present

2020-10-27 15:55:48 - [MESSAGE][PASSED] - Object: '' is focused

2020-10-27 15:55:49 - [MESSAGE][PASSED] - Object '' is present

2020-10-27 15:55:49 - [MESSAGE][PASSED] - Object: '' is focused

2020-10-27 15:55:49 - [MESSAGE][PASSED] - Object '' is present

2020-10-27 15:55:50 - [MESSAGE][PASSED] - Object: '' is focused

2020-10-27 15:55:50 - [MESSAGE][PASSED] - Verify Contents of Search Result

2020-10-27 15:55:50 - [TEST_STEP][PASSED] - Click button "Logout": Click button "Logout"

2020-10-27 15:55:50 - [MESSAGE][INFO] - >>>>>//Button[contains(text(),'Logout')]

2020-10-27 15:55:54 - [MESSAGE][PASSED] - Object: '' is clicked on

2020-10-27 15:55:54 - [MESSAGE][PASSED] - Click button "Logout"

2020-10-27 15:55:54 - [TEST_STEP][PASSED] - Close browser: Close browser

2020-10-27 15:55:54 - [MESSAGE][PASSED] - Browser is closed

2020-10-27 15:55:54 - [MESSAGE][PASSED] - Close browser

2020-10-27 15:55:54 - [MESSAGE][PASSED] - Feature file: 'Include/features/IST_Real/SLIK/SLIK Gateway Non Customer/Open_Menu_SLIK_Gateway_Non_Customer.feature' was passed]]></system-out>
         <system-err><![CDATA[]]></system-err>
      </testcase>
      <testcase name="Test Cases/IST_Real/SLIK/SLIK_Gateway_Non_Customer/SLIK Gateway Non Customer Checking" time="87.451" classname="Test Cases/IST_Real/SLIK/SLIK_Gateway_Non_Customer/SLIK Gateway Non Customer Checking" status="PASSED">
         <system-out><![CDATA[2020-10-27 15:55:54 - [TEST_CASE][PASSED] - Test Cases/IST_Real/SLIK/SLIK_Gateway_Non_Customer/SLIK Gateway Non Customer Checking: Test Cases/IST_Real/SLIK/SLIK_Gateway_Non_Customer/SLIK Gateway Non Customer Checking

2020-10-27 15:55:54 - [TEST_STEP][PASSED] - runFeatureFile("Include/features/IST_Real/SLIK/SLIK Gateway Non Customer/SLIK Gateway Non Customer Checking.feature"): Feature file: 'Include/features/IST_Real/SLIK/SLIK Gateway Non Customer/SLIK Gateway Non Customer Checking.feature' was passed

2020-10-27 15:55:54 - [MESSAGE][INFO] - Starting run keyword runFeatureFile: 'Include/features/IST_Real/SLIK/SLIK Gateway Non Customer/SLIK Gateway Non Customer Checking.feature' and extract report to folder: '/Users/chaidir.pratama01/Katalon Studio/IST_Automation_Git/Reports/20201027_155459/SLIK/TS_SLIK_Gateway_Non_Customer/20201027_155459/cucumber_report/1603788954419'...

2020-10-27 15:55:54 - [TEST_CASE][PASSED] - Start Test Case : SCENARIO SLIK Gateway Non Customer Checking: SCENARIO SLIK Gateway Non Customer Checking

2020-10-27 15:55:54 - [TEST_STEP][PASSED] - Go to ISTools: Go to ISTools

2020-10-27 15:55:54 - [MESSAGE][INFO] - Starting 'Chrome' driver

2020-10-27 15:55:54 - [MESSAGE][INFO] - User set preference: ['AcceptInsecureCerts', 'true']

2020-10-27 15:55:54 - [MESSAGE][INFO] - User set preference: ['args', '[ignore-certificate-errors]']

2020-10-27 15:55:54 - [MESSAGE][INFO] - Action delay is set to 0 milliseconds

2020-10-27 15:55:55 - [MESSAGE][PASSED] - Browser is opened with url: ''

2020-10-27 15:55:58 - [MESSAGE][PASSED] - Navigate to 'https://id-ist01preprod.id.nonprod/ist/' successfully

2020-10-27 15:55:58 - [MESSAGE][PASSED] - Go to ISTools

2020-10-27 15:55:58 - [TEST_STEP][PASSED] - Login IST with valid credentials: Login IST with valid credentials

2020-10-27 15:55:58 - [MESSAGE][PASSED] - Text 'mobile.test' is set on object 'Object Repository/Page_/input_Username_j_username'

2020-10-27 15:55:59 - [MESSAGE][PASSED] - Text ****** has been set on object 'Object Repository/Page_/input_Password_j_password'

2020-10-27 15:56:04 - [MESSAGE][PASSED] - Object: 'Object Repository/Page_/button_Login' is clicked on

2020-10-27 15:56:04 - [MESSAGE][PASSED] - Login IST with valid credentials

2020-10-27 15:56:04 - [TEST_STEP][PASSED] - Login Success for contract dispatcher: Login Success for contract dispatcher

2020-10-27 15:56:04 - [MESSAGE][INFO] - Login Success

2020-10-27 15:56:04 - [MESSAGE][PASSED] - Current window maximized

2020-10-27 15:56:04 - [MESSAGE][PASSED] - Object 'Object Repository/Page_/h1_Welcome to IT Supporting Tools' is present

2020-10-27 15:56:04 - [MESSAGE][PASSED] - Login Success for contract dispatcher

2020-10-27 15:56:04 - [TEST_STEP][PASSED] - Select Menu SLIK Gateway NonCustomer: Select Menu SLIK Gateway NonCustomer

2020-10-27 15:56:05 - [MESSAGE][PASSED] - Object '' is present

2020-10-27 15:56:05 - [MESSAGE][PASSED] - Object: '' is clicked on

2020-10-27 15:56:05 - [MESSAGE][PASSED] - Wait for page load successfully

2020-10-27 15:56:05 - [MESSAGE][PASSED] - Select Menu SLIK Gateway NonCustomer

2020-10-27 15:56:05 - [TEST_STEP][PASSED] - Input Data KTP Number: Input Data KTP Number

2020-10-27 15:56:12 - [MESSAGE][PASSED] - Text '8888888888888888' is set on object ''

2020-10-27 15:56:12 - [MESSAGE][PASSED] - Input Data KTP Number

2020-10-27 15:56:12 - [TEST_STEP][PASSED] - Input Data "Name *" with value "OPEX TestingAuto" for Check SLIK: Input Data "Name *" with value "OPEX TestingAuto" for Check SLIK

2020-10-27 15:56:13 - [MESSAGE][PASSED] - Taking screenshot successfully
[[ATTACHMENT|/Users/chaidir.pratama01/Documents/Docs/Katalon Studio/Screenshot/slik.png]]

2020-10-27 15:56:13 - [MESSAGE][PASSED] - Object '' is visible

2020-10-27 15:56:14 - [MESSAGE][PASSED] - Object: '' is focused

2020-10-27 15:56:14 - [MESSAGE][PASSED] - Text 'OPEX TestingAuto' is set on object ''

2020-10-27 15:56:14 - [MESSAGE][PASSED] - Input Data "Name *" with value "OPEX TestingAuto" for Check SLIK

2020-10-27 15:56:14 - [TEST_STEP][PASSED] - Input Date of Birth "20-02-1990": Input Date of Birth "20-02-1990"

2020-10-27 15:56:15 - [MESSAGE][PASSED] - Text '20-02-1990' is set on object ''

2020-10-27 15:56:18 - [MESSAGE][PASSED] - Delayed 3 second(s)

2020-10-27 15:56:18 - [MESSAGE][PASSED] - Input Date of Birth "20-02-1990"

2020-10-27 15:56:18 - [TEST_STEP][PASSED] - Select Gender "Laki-laki": Select Gender "Laki-laki"

2020-10-27 15:56:18 - [MESSAGE][PASSED] - Object: '' is clicked on

2020-10-27 15:56:18 - [MESSAGE][PASSED] - Select Gender "Laki-laki"

2020-10-27 15:56:18 - [TEST_STEP][PASSED] - Select Purpose is "Penilaian Calon Kemitraan": Select Purpose is "Penilaian Calon Kemitraan"

2020-10-27 15:56:19 - [MESSAGE][PASSED] - All options with value 'Penilaian Calon Kemitraan' are selected in object ''  using regular expression

2020-10-27 15:56:19 - [MESSAGE][PASSED] - Select Purpose is "Penilaian Calon Kemitraan"

2020-10-27 15:56:19 - [TEST_STEP][PASSED] - Input Data "Place of Birth" with value "Jakarta" for Check SLIK: Input Data "Place of Birth" with value "Jakarta" for Check SLIK

2020-10-27 15:56:20 - [MESSAGE][PASSED] - Taking screenshot successfully
[[ATTACHMENT|/Users/chaidir.pratama01/Documents/Docs/Katalon Studio/Screenshot/slik.png]]

2020-10-27 15:56:21 - [MESSAGE][PASSED] - Object '' is visible

2020-10-27 15:56:21 - [MESSAGE][PASSED] - Object: '' is focused

2020-10-27 15:56:22 - [MESSAGE][PASSED] - Text 'Jakarta' is set on object ''

2020-10-27 15:56:22 - [MESSAGE][PASSED] - Input Data "Place of Birth" with value "Jakarta" for Check SLIK

2020-10-27 15:56:22 - [TEST_STEP][PASSED] - Input Data "Mother Maternity Name" with value "Tester Auto" for Check SLIK: Input Data "Mother Maternity Name" with value "Tester Auto" for Check SLIK

2020-10-27 15:56:23 - [MESSAGE][PASSED] - Taking screenshot successfully
[[ATTACHMENT|/Users/chaidir.pratama01/Documents/Docs/Katalon Studio/Screenshot/slik.png]]

2020-10-27 15:56:23 - [MESSAGE][PASSED] - Object '' is visible

2020-10-27 15:56:23 - [MESSAGE][PASSED] - Object: '' is focused

2020-10-27 15:56:24 - [MESSAGE][PASSED] - Text 'Tester Auto' is set on object ''

2020-10-27 15:56:24 - [MESSAGE][PASSED] - Input Data "Mother Maternity Name" with value "Tester Auto" for Check SLIK

2020-10-27 15:56:24 - [TEST_STEP][PASSED] - Input KTP Address "TESTING AUTO JAKARTA": Input KTP Address "TESTING AUTO JAKARTA"

2020-10-27 15:56:25 - [MESSAGE][PASSED] - Text 'TESTING AUTO JAKARTA' is set on object ''

2020-10-27 15:56:25 - [MESSAGE][PASSED] - Input KTP Address "TESTING AUTO JAKARTA"

2020-10-27 15:56:25 - [TEST_STEP][PASSED] - Click button "Upload": Click button "Upload"

2020-10-27 15:56:25 - [MESSAGE][INFO] - >>>>>//Button[contains(text(),'Upload')]

2020-10-27 15:56:28 - [MESSAGE][PASSED] - Object: '' is clicked on

2020-10-27 15:56:28 - [MESSAGE][PASSED] - Click button "Upload"

2020-10-27 15:56:28 - [TEST_STEP][PASSED] - Upload file "new_captcha1500.png": Upload file "new_captcha1500.png"

2020-10-27 15:56:30 - [MESSAGE][PASSED] - Switched to window with index: '0'

2020-10-27 15:56:44 - [MESSAGE][PASSED] - Upload file "new_captcha1500.png"

2020-10-27 15:56:44 - [TEST_STEP][PASSED] - Click button "Check SLIK": Click button "Check SLIK"

2020-10-27 15:56:44 - [MESSAGE][INFO] - >>>>>//Button[contains(text(),'Check SLIK')]

2020-10-27 15:56:47 - [MESSAGE][PASSED] - Object: '' is clicked on

2020-10-27 15:56:47 - [MESSAGE][PASSED] - Click button "Check SLIK"

2020-10-27 15:56:47 - [TEST_STEP][PASSED] - Get text from pop up "Confirmation Submit Request" with text "Are you sure to submit this data ?": Get text from pop up "Confirmation Submit Request" with text "Are you sure to submit this data ?"

2020-10-27 15:56:49 - [MESSAGE][PASSED] - Taking screenshot successfully
[[ATTACHMENT|/Users/chaidir.pratama01/Documents/Docs/Katalon Studio/Screenshot/errorpopup.png]]

2020-10-27 15:56:49 - [MESSAGE][PASSED] - Object '' is present

2020-10-27 15:56:49 - [MESSAGE][PASSED] - Wait for page load successfully

2020-10-27 15:56:49 - [MESSAGE][PASSED] - Wait for page load successfully

2020-10-27 15:56:49 - [MESSAGE][PASSED] - Get text from pop up "Confirmation Submit Request" with text "Are you sure to submit this data ?"

2020-10-27 15:56:49 - [TEST_STEP][PASSED] - Click button "Yes": Click button "Yes"

2020-10-27 15:56:49 - [MESSAGE][INFO] - >>>>>//Button[contains(text(),'Yes')]

2020-10-27 15:56:52 - [MESSAGE][PASSED] - Object: '' is clicked on

2020-10-27 15:56:52 - [MESSAGE][PASSED] - Click button "Yes"

2020-10-27 15:56:52 - [TEST_STEP][PASSED] - Verify KTP Number Request Success: Verify KTP Number Request Success

2020-10-27 15:57:13 - [MESSAGE][PASSED] - Object '' is present

2020-10-27 15:57:13 - [MESSAGE][PASSED] - Verify KTP Number Request Success

2020-10-27 15:57:13 - [TEST_STEP][PASSED] - Click button "OK": Click button "OK"

2020-10-27 15:57:13 - [MESSAGE][INFO] - >>>>>//Button[contains(text(),'OK')]

2020-10-27 15:57:16 - [MESSAGE][PASSED] - Object: '' is clicked on

2020-10-27 15:57:16 - [MESSAGE][PASSED] - Click button "OK"

2020-10-27 15:57:16 - [TEST_STEP][PASSED] - Click button "Logout": Click button "Logout"

2020-10-27 15:57:16 - [MESSAGE][INFO] - >>>>>//Button[contains(text(),'Logout')]

2020-10-27 15:57:21 - [MESSAGE][PASSED] - Object: '' is clicked on

2020-10-27 15:57:21 - [MESSAGE][PASSED] - Click button "Logout"

2020-10-27 15:57:21 - [TEST_STEP][PASSED] - Close browser: Close browser

2020-10-27 15:57:21 - [MESSAGE][PASSED] - Browser is closed

2020-10-27 15:57:21 - [MESSAGE][PASSED] - Close browser

2020-10-27 15:57:21 - [MESSAGE][PASSED] - Feature file: 'Include/features/IST_Real/SLIK/SLIK Gateway Non Customer/SLIK Gateway Non Customer Checking.feature' was passed]]></system-out>
         <system-err><![CDATA[]]></system-err>
      </testcase>
      <testcase name="Test Cases/IST_Real/SLIK/SLIK_Gateway_Non_Customer/SELECT KTP NUMBER NON CUSTOMER from DB" time="3.331" classname="Test Cases/IST_Real/SLIK/SLIK_Gateway_Non_Customer/SELECT KTP NUMBER NON CUSTOMER from DB" status="PASSED">
         <system-out><![CDATA[2020-10-27 15:57:21 - [TEST_CASE][PASSED] - Test Cases/IST_Real/SLIK/SLIK_Gateway_Non_Customer/SELECT KTP NUMBER NON CUSTOMER from DB: Test Cases/IST_Real/SLIK/SLIK_Gateway_Non_Customer/SELECT KTP NUMBER NON CUSTOMER from DB

2020-10-27 15:57:21 - [TEST_STEP][PASSED] - runFeatureFile("Include/features/IST_Real/SLIK/SLIK Gateway Non Customer/SELECT_KTP_NUMBER_NON_CUSTOMER_from_DB.feature"): Feature file: 'Include/features/IST_Real/SLIK/SLIK Gateway Non Customer/SELECT_KTP_NUMBER_NON_CUSTOMER_from_DB.feature' was passed

2020-10-27 15:57:21 - [MESSAGE][INFO] - Starting run keyword runFeatureFile: 'Include/features/IST_Real/SLIK/SLIK Gateway Non Customer/SELECT_KTP_NUMBER_NON_CUSTOMER_from_DB.feature' and extract report to folder: '/Users/chaidir.pratama01/Katalon Studio/IST_Automation_Git/Reports/20201027_155459/SLIK/TS_SLIK_Gateway_Non_Customer/20201027_155459/cucumber_report/1603789041832'...

2020-10-27 15:57:22 - [TEST_CASE][PASSED] - Start Test Case : SCENARIO SELECT KTP Number Non Customer From Table SLIK_DATA_CUSTOMER: SCENARIO SELECT KTP Number Non Customer From Table SLIK_DATA_CUSTOMER

2020-10-27 15:57:22 - [TEST_STEP][PASSED] - Connect to Database: Connect to Database

2020-10-27 15:57:23 - [MESSAGE][PASSED] - Connect to Database

2020-10-27 15:57:23 - [TEST_STEP][PASSED] - Check KTP Number Non Customer in DB: Check KTP Number Non Customer in DB

2020-10-27 15:57:25 - [MESSAGE][PASSED] - Check KTP Number Non Customer in DB

2020-10-27 15:57:25 - [MESSAGE][PASSED] - Feature file: 'Include/features/IST_Real/SLIK/SLIK Gateway Non Customer/SELECT_KTP_NUMBER_NON_CUSTOMER_from_DB.feature' was passed]]></system-out>
         <system-err><![CDATA[]]></system-err>
      </testcase>
      <testcase name="Test Cases/IST_Real/SLIK/SLIK_Gateway_Non_Customer/SLIK Gateway Non Customer Search By KTP" time="45.259" classname="Test Cases/IST_Real/SLIK/SLIK_Gateway_Non_Customer/SLIK Gateway Non Customer Search By KTP" status="PASSED">
         <system-out><![CDATA[2020-10-27 15:57:25 - [TEST_CASE][PASSED] - Test Cases/IST_Real/SLIK/SLIK_Gateway_Non_Customer/SLIK Gateway Non Customer Search By KTP: Test Cases/IST_Real/SLIK/SLIK_Gateway_Non_Customer/SLIK Gateway Non Customer Search By KTP

2020-10-27 15:57:25 - [TEST_STEP][PASSED] - runFeatureFile("Include/features/IST_Real/SLIK/SLIK Gateway Non Customer/SLIK_Gateaway_Non_Customer_Search_By_KTP.feature"): Feature file: 'Include/features/IST_Real/SLIK/SLIK Gateway Non Customer/SLIK_Gateaway_Non_Customer_Search_By_KTP.feature' was passed

2020-10-27 15:57:25 - [MESSAGE][INFO] - Starting run keyword runFeatureFile: 'Include/features/IST_Real/SLIK/SLIK Gateway Non Customer/SLIK_Gateaway_Non_Customer_Search_By_KTP.feature' and extract report to folder: '/Users/chaidir.pratama01/Katalon Studio/IST_Automation_Git/Reports/20201027_155459/SLIK/TS_SLIK_Gateway_Non_Customer/20201027_155459/cucumber_report/1603789045154'...

2020-10-27 15:57:25 - [TEST_CASE][PASSED] - Start Test Case : SCENARIO SLIK Gateway Non Customer Search Result: SCENARIO SLIK Gateway Non Customer Search Result

2020-10-27 15:57:25 - [TEST_STEP][PASSED] - Go to ISTools: Go to ISTools

2020-10-27 15:57:25 - [MESSAGE][INFO] - Starting 'Chrome' driver

2020-10-27 15:57:25 - [MESSAGE][INFO] - User set preference: ['AcceptInsecureCerts', 'true']

2020-10-27 15:57:25 - [MESSAGE][INFO] - User set preference: ['args', '[ignore-certificate-errors]']

2020-10-27 15:57:25 - [MESSAGE][INFO] - Action delay is set to 0 milliseconds

2020-10-27 15:57:27 - [MESSAGE][PASSED] - Browser is opened with url: ''

2020-10-27 15:57:43 - [MESSAGE][PASSED] - Navigate to 'https://id-ist01preprod.id.nonprod/ist/' successfully

2020-10-27 15:57:43 - [MESSAGE][PASSED] - Go to ISTools

2020-10-27 15:57:43 - [TEST_STEP][PASSED] - Login IST with valid credentials: Login IST with valid credentials

2020-10-27 15:57:43 - [MESSAGE][PASSED] - Text 'mobile.test' is set on object 'Object Repository/Page_/input_Username_j_username'

2020-10-27 15:57:44 - [MESSAGE][PASSED] - Text ****** has been set on object 'Object Repository/Page_/input_Password_j_password'

2020-10-27 15:57:49 - [MESSAGE][PASSED] - Object: 'Object Repository/Page_/button_Login' is clicked on

2020-10-27 15:57:49 - [MESSAGE][PASSED] - Login IST with valid credentials

2020-10-27 15:57:49 - [TEST_STEP][PASSED] - Login Success for contract dispatcher: Login Success for contract dispatcher

2020-10-27 15:57:49 - [MESSAGE][INFO] - Login Success

2020-10-27 15:57:49 - [MESSAGE][PASSED] - Current window maximized

2020-10-27 15:57:50 - [MESSAGE][PASSED] - Object 'Object Repository/Page_/h1_Welcome to IT Supporting Tools' is present

2020-10-27 15:57:50 - [MESSAGE][PASSED] - Login Success for contract dispatcher

2020-10-27 15:57:50 - [TEST_STEP][PASSED] - Select Menu SLIK Gateway NonCustomer: Select Menu SLIK Gateway NonCustomer

2020-10-27 15:57:50 - [MESSAGE][PASSED] - Object '' is present

2020-10-27 15:57:50 - [MESSAGE][PASSED] - Object: '' is clicked on

2020-10-27 15:57:50 - [MESSAGE][PASSED] - Wait for page load successfully

2020-10-27 15:57:50 - [MESSAGE][PASSED] - Select Menu SLIK Gateway NonCustomer

2020-10-27 15:57:50 - [TEST_STEP][PASSED] - Input Data KTP Number for Search Result: Input Data KTP Number for Search Result

2020-10-27 15:58:00 - [MESSAGE][PASSED] - Scroll to object '' successfully

2020-10-27 15:58:01 - [MESSAGE][PASSED] - Text '8888888888888888' is set on object ''

2020-10-27 15:58:01 - [MESSAGE][PASSED] - Input Data KTP Number for Search Result

2020-10-27 15:58:01 - [TEST_STEP][PASSED] - Click button "Search": Click button "Search"

2020-10-27 15:58:01 - [MESSAGE][INFO] - >>>>>//Button[contains(text(),'Search')]

2020-10-27 15:58:04 - [MESSAGE][PASSED] - Object: '' is clicked on

2020-10-27 15:58:04 - [MESSAGE][PASSED] - Click button "Search"

2020-10-27 15:58:04 - [TEST_STEP][PASSED] - Verify Search Result with KTP Number: Verify Search Result with KTP Number

2020-10-27 15:58:05 - [MESSAGE][PASSED] - Object '' is present

2020-10-27 15:58:05 - [MESSAGE][PASSED] - Verify Search Result with KTP Number

2020-10-27 15:58:05 - [TEST_STEP][PASSED] - Verify Search Result data: Verify Search Result data

2020-10-27 15:58:05 - [MESSAGE][PASSED] - Scroll to object '' successfully

2020-10-27 15:58:05 - [MESSAGE][PASSED] - Object '' is present

2020-10-27 15:58:05 - [MESSAGE][PASSED] - Verify Search Result data

2020-10-27 15:58:05 - [TEST_STEP][PASSED] - Click button "Logout": Click button "Logout"

2020-10-27 15:58:05 - [MESSAGE][INFO] - >>>>>//Button[contains(text(),'Logout')]

2020-10-27 15:58:10 - [MESSAGE][PASSED] - Object: '' is clicked on

2020-10-27 15:58:10 - [MESSAGE][PASSED] - Click button "Logout"

2020-10-27 15:58:10 - [TEST_STEP][PASSED] - Close browser: Close browser

2020-10-27 15:58:10 - [MESSAGE][PASSED] - Browser is closed

2020-10-27 15:58:10 - [MESSAGE][PASSED] - Close browser

2020-10-27 15:58:10 - [MESSAGE][PASSED] - Feature file: 'Include/features/IST_Real/SLIK/SLIK Gateway Non Customer/SLIK_Gateaway_Non_Customer_Search_By_KTP.feature' was passed]]></system-out>
         <system-err><![CDATA[]]></system-err>
      </testcase>
      <testcase name="Test Cases/IST_Real/SLIK/SLIK_Gateway_Non_Customer/SLIK Gateway Non Customer Search By Status REQUESTED" time="30.757" classname="Test Cases/IST_Real/SLIK/SLIK_Gateway_Non_Customer/SLIK Gateway Non Customer Search By Status REQUESTED" status="PASSED">
         <system-out><![CDATA[2020-10-27 15:58:10 - [TEST_CASE][PASSED] - Test Cases/IST_Real/SLIK/SLIK_Gateway_Non_Customer/SLIK Gateway Non Customer Search By Status REQUESTED: Test Cases/IST_Real/SLIK/SLIK_Gateway_Non_Customer/SLIK Gateway Non Customer Search By Status REQUESTED

2020-10-27 15:58:10 - [TEST_STEP][PASSED] - runFeatureFile("Include/features/IST_Real/SLIK/SLIK Gateway Non Customer/SLIK_Gateway_Non_Customer_Search_By_Status_REQUESTED.feature"): Feature file: 'Include/features/IST_Real/SLIK/SLIK Gateway Non Customer/SLIK_Gateway_Non_Customer_Search_By_Status_REQUESTED.feature' was passed

2020-10-27 15:58:10 - [MESSAGE][INFO] - Starting run keyword runFeatureFile: 'Include/features/IST_Real/SLIK/SLIK Gateway Non Customer/SLIK_Gateway_Non_Customer_Search_By_Status_REQUESTED.feature' and extract report to folder: '/Users/chaidir.pratama01/Katalon Studio/IST_Automation_Git/Reports/20201027_155459/SLIK/TS_SLIK_Gateway_Non_Customer/20201027_155459/cucumber_report/1603789090447'...

2020-10-27 15:58:10 - [TEST_CASE][PASSED] - Start Test Case : SCENARIO Search Result by Status: SCENARIO Search Result by Status

2020-10-27 15:58:10 - [TEST_STEP][PASSED] - Go to ISTools: Go to ISTools

2020-10-27 15:58:10 - [MESSAGE][INFO] - Starting 'Chrome' driver

2020-10-27 15:58:10 - [MESSAGE][INFO] - User set preference: ['AcceptInsecureCerts', 'true']

2020-10-27 15:58:10 - [MESSAGE][INFO] - User set preference: ['args', '[ignore-certificate-errors]']

2020-10-27 15:58:10 - [MESSAGE][INFO] - Action delay is set to 0 milliseconds

2020-10-27 15:58:11 - [MESSAGE][PASSED] - Browser is opened with url: ''

2020-10-27 15:58:25 - [MESSAGE][PASSED] - Navigate to 'https://id-ist01preprod.id.nonprod/ist/' successfully

2020-10-27 15:58:25 - [MESSAGE][PASSED] - Go to ISTools

2020-10-27 15:58:25 - [TEST_STEP][PASSED] - Login IST with valid credentials: Login IST with valid credentials

2020-10-27 15:58:26 - [MESSAGE][PASSED] - Text 'mobile.test' is set on object 'Object Repository/Page_/input_Username_j_username'

2020-10-27 15:58:26 - [MESSAGE][PASSED] - Text ****** has been set on object 'Object Repository/Page_/input_Password_j_password'

2020-10-27 15:58:28 - [MESSAGE][PASSED] - Object: 'Object Repository/Page_/button_Login' is clicked on

2020-10-27 15:58:28 - [MESSAGE][PASSED] - Login IST with valid credentials

2020-10-27 15:58:28 - [TEST_STEP][PASSED] - Login Success for contract dispatcher: Login Success for contract dispatcher

2020-10-27 15:58:28 - [MESSAGE][INFO] - Login Success

2020-10-27 15:58:28 - [MESSAGE][PASSED] - Current window maximized

2020-10-27 15:58:28 - [MESSAGE][PASSED] - Object 'Object Repository/Page_/h1_Welcome to IT Supporting Tools' is present

2020-10-27 15:58:28 - [MESSAGE][PASSED] - Login Success for contract dispatcher

2020-10-27 15:58:28 - [TEST_STEP][PASSED] - Select Menu SLIK Gateway NonCustomer: Select Menu SLIK Gateway NonCustomer

2020-10-27 15:58:28 - [MESSAGE][PASSED] - Object '' is present

2020-10-27 15:58:29 - [MESSAGE][PASSED] - Object: '' is clicked on

2020-10-27 15:58:29 - [MESSAGE][PASSED] - Wait for page load successfully

2020-10-27 15:58:29 - [MESSAGE][PASSED] - Select Menu SLIK Gateway NonCustomer

2020-10-27 15:58:29 - [TEST_STEP][PASSED] - Select Status is "REQUESTED": Select Status is "REQUESTED"

2020-10-27 15:58:31 - [MESSAGE][PASSED] - All options with value 'REQUESTED' are selected in object ''  using regular expression

2020-10-27 15:58:31 - [MESSAGE][PASSED] - Select Status is "REQUESTED"

2020-10-27 15:58:31 - [TEST_STEP][PASSED] - Click button "Search": Click button "Search"

2020-10-27 15:58:31 - [MESSAGE][INFO] - >>>>>//Button[contains(text(),'Search')]

2020-10-27 15:58:34 - [MESSAGE][PASSED] - Object: '' is clicked on

2020-10-27 15:58:34 - [MESSAGE][PASSED] - Click button "Search"

2020-10-27 15:58:34 - [TEST_STEP][PASSED] - Verify Search Result Based on Result Status: Verify Search Result Based on Result Status

2020-10-27 15:58:35 - [MESSAGE][PASSED] - Scroll to object '' successfully

2020-10-27 15:58:36 - [MESSAGE][PASSED] - Actual text and expected text of test object '' are matched.

2020-10-27 15:58:36 - [MESSAGE][PASSED] - Text of object '' is: 'REQUESTED -'

2020-10-27 15:58:36 - [MESSAGE][PASSED] - Text of object '' is: '8888888888888888'

2020-10-27 15:58:36 - [MESSAGE][PASSED] - Verify Search Result Based on Result Status

2020-10-27 15:58:36 - [TEST_STEP][PASSED] - Click button "Logout": Click button "Logout"

2020-10-27 15:58:36 - [MESSAGE][INFO] - >>>>>//Button[contains(text(),'Logout')]

2020-10-27 15:58:40 - [MESSAGE][PASSED] - Object: '' is clicked on

2020-10-27 15:58:40 - [MESSAGE][PASSED] - Click button "Logout"

2020-10-27 15:58:40 - [TEST_STEP][PASSED] - Close browser: Close browser

2020-10-27 15:58:41 - [MESSAGE][PASSED] - Browser is closed

2020-10-27 15:58:41 - [MESSAGE][PASSED] - Close browser

2020-10-27 15:58:41 - [MESSAGE][PASSED] - Feature file: 'Include/features/IST_Real/SLIK/SLIK Gateway Non Customer/SLIK_Gateway_Non_Customer_Search_By_Status_REQUESTED.feature' was passed]]></system-out>
         <system-err><![CDATA[]]></system-err>
      </testcase>
      <testcase name="Test Cases/IST_Real/SLIK/SLIK_Gateway_Non_Customer/SLIK Gateway Non Customer View Detail when Status REQUESTED" time="26.19" classname="Test Cases/IST_Real/SLIK/SLIK_Gateway_Non_Customer/SLIK Gateway Non Customer View Detail when Status REQUESTED" status="PASSED">
         <system-out><![CDATA[2020-10-27 15:58:41 - [TEST_CASE][PASSED] - Test Cases/IST_Real/SLIK/SLIK_Gateway_Non_Customer/SLIK Gateway Non Customer View Detail when Status REQUESTED: Test Cases/IST_Real/SLIK/SLIK_Gateway_Non_Customer/SLIK Gateway Non Customer View Detail when Status REQUESTED

2020-10-27 15:58:41 - [TEST_STEP][PASSED] - runFeatureFile("Include/features/IST_Real/SLIK/SLIK Gateway Non Customer/SLIK_Gateway_Non_Customer_View_Detail_when_Status_REQUESTED.feature"): Feature file: 'Include/features/IST_Real/SLIK/SLIK Gateway Non Customer/SLIK_Gateway_Non_Customer_View_Detail_when_Status_REQUESTED.feature' was passed

2020-10-27 15:58:41 - [MESSAGE][INFO] - Starting run keyword runFeatureFile: 'Include/features/IST_Real/SLIK/SLIK Gateway Non Customer/SLIK_Gateway_Non_Customer_View_Detail_when_Status_REQUESTED.feature' and extract report to folder: '/Users/chaidir.pratama01/Katalon Studio/IST_Automation_Git/Reports/20201027_155459/SLIK/TS_SLIK_Gateway_Non_Customer/20201027_155459/cucumber_report/1603789121179'...

2020-10-27 15:58:41 - [TEST_CASE][PASSED] - Start Test Case : SCENARIO SLIK Gateway Non Customer View Detail Link: SCENARIO SLIK Gateway Non Customer View Detail Link

2020-10-27 15:58:41 - [TEST_STEP][PASSED] - Go to ISTools: Go to ISTools

2020-10-27 15:58:41 - [MESSAGE][INFO] - Starting 'Chrome' driver

2020-10-27 15:58:41 - [MESSAGE][INFO] - User set preference: ['AcceptInsecureCerts', 'true']

2020-10-27 15:58:41 - [MESSAGE][INFO] - User set preference: ['args', '[ignore-certificate-errors]']

2020-10-27 15:58:41 - [MESSAGE][INFO] - Action delay is set to 0 milliseconds

2020-10-27 15:58:42 - [MESSAGE][PASSED] - Browser is opened with url: ''

2020-10-27 15:58:48 - [MESSAGE][PASSED] - Navigate to 'https://id-ist01preprod.id.nonprod/ist/' successfully

2020-10-27 15:58:48 - [MESSAGE][PASSED] - Go to ISTools

2020-10-27 15:58:48 - [TEST_STEP][PASSED] - Login IST with valid credentials: Login IST with valid credentials

2020-10-27 15:58:49 - [MESSAGE][PASSED] - Text 'mobile.test' is set on object 'Object Repository/Page_/input_Username_j_username'

2020-10-27 15:58:50 - [MESSAGE][PASSED] - Text ****** has been set on object 'Object Repository/Page_/input_Password_j_password'

2020-10-27 15:58:52 - [MESSAGE][PASSED] - Object: 'Object Repository/Page_/button_Login' is clicked on

2020-10-27 15:58:52 - [MESSAGE][PASSED] - Login IST with valid credentials

2020-10-27 15:58:52 - [TEST_STEP][PASSED] - Login Success for contract dispatcher: Login Success for contract dispatcher

2020-10-27 15:58:52 - [MESSAGE][INFO] - Login Success

2020-10-27 15:58:52 - [MESSAGE][PASSED] - Current window maximized

2020-10-27 15:58:52 - [MESSAGE][PASSED] - Object 'Object Repository/Page_/h1_Welcome to IT Supporting Tools' is present

2020-10-27 15:58:52 - [MESSAGE][PASSED] - Login Success for contract dispatcher

2020-10-27 15:58:52 - [TEST_STEP][PASSED] - Select Menu SLIK Gateway NonCustomer: Select Menu SLIK Gateway NonCustomer

2020-10-27 15:58:53 - [MESSAGE][PASSED] - Object '' is present

2020-10-27 15:58:53 - [MESSAGE][PASSED] - Object: '' is clicked on

2020-10-27 15:58:53 - [MESSAGE][PASSED] - Wait for page load successfully

2020-10-27 15:58:53 - [MESSAGE][PASSED] - Select Menu SLIK Gateway NonCustomer

2020-10-27 15:58:53 - [TEST_STEP][PASSED] - Select Status is "REQUESTED": Select Status is "REQUESTED"

2020-10-27 15:58:55 - [MESSAGE][PASSED] - All options with value 'REQUESTED' are selected in object ''  using regular expression

2020-10-27 15:58:55 - [MESSAGE][PASSED] - Select Status is "REQUESTED"

2020-10-27 15:58:55 - [TEST_STEP][PASSED] - Click button "Search": Click button "Search"

2020-10-27 15:58:55 - [MESSAGE][INFO] - >>>>>//Button[contains(text(),'Search')]

2020-10-27 15:58:58 - [MESSAGE][PASSED] - Object: '' is clicked on

2020-10-27 15:58:58 - [MESSAGE][PASSED] - Click button "Search"

2020-10-27 15:58:58 - [TEST_STEP][PASSED] - Verify Search Result Based on Result Status: Verify Search Result Based on Result Status

2020-10-27 15:58:59 - [MESSAGE][PASSED] - Scroll to object '' successfully

2020-10-27 15:58:59 - [MESSAGE][PASSED] - Actual text and expected text of test object '' are matched.

2020-10-27 15:59:00 - [MESSAGE][PASSED] - Text of object '' is: 'REQUESTED -'

2020-10-27 15:59:00 - [MESSAGE][PASSED] - Text of object '' is: '8888888888888888'

2020-10-27 15:59:00 - [MESSAGE][PASSED] - Verify Search Result Based on Result Status

2020-10-27 15:59:00 - [TEST_STEP][PASSED] - Click View Detail Link: Click View Detail Link

2020-10-27 15:59:00 - [MESSAGE][PASSED] - Web element with id: '' located by 'By.xpath: //span[text()='Search Result']/../../../following-sibling::div[@class='z-groupbox-content']/div[@class='z-grid']/div[@class='z-grid-body']/table/tbody/tr/td[7]/div/div/span' is not present after '3' second(s)

2020-10-27 15:59:00 - [MESSAGE][PASSED] - Click View Detail Link

2020-10-27 15:59:00 - [TEST_STEP][PASSED] - Take Screenshot "View_detail_NonCutomer.png": Take Screenshot "View_detail_NonCutomer.png"

2020-10-27 15:59:01 - [MESSAGE][PASSED] - Taking screenshot successfully
[[ATTACHMENT|/Users/chaidir.pratama01/Katalon Studio/IST_Automation_Git/img/View_detail_NonCutomer.png]]

2020-10-27 15:59:01 - [MESSAGE][PASSED] - Take Screenshot "View_detail_NonCutomer.png"

2020-10-27 15:59:01 - [TEST_STEP][PASSED] - Verify Slik Result Detail Link: Verify Slik Result Detail Link

2020-10-27 15:59:01 - [MESSAGE][PASSED] - Verify Slik Result Detail Link

2020-10-27 15:59:01 - [TEST_STEP][PASSED] - Click button "Logout": Click button "Logout"

2020-10-27 15:59:01 - [MESSAGE][INFO] - >>>>>//Button[contains(text(),'Logout')]

2020-10-27 15:59:07 - [MESSAGE][PASSED] - Object: '' is clicked on

2020-10-27 15:59:07 - [MESSAGE][PASSED] - Click button "Logout"

2020-10-27 15:59:07 - [TEST_STEP][PASSED] - Close browser: Close browser

2020-10-27 15:59:07 - [MESSAGE][PASSED] - Browser is closed

2020-10-27 15:59:07 - [MESSAGE][PASSED] - Close browser

2020-10-27 15:59:07 - [MESSAGE][PASSED] - Feature file: 'Include/features/IST_Real/SLIK/SLIK Gateway Non Customer/SLIK_Gateway_Non_Customer_View_Detail_when_Status_REQUESTED.feature' was passed]]></system-out>
         <system-err><![CDATA[]]></system-err>
      </testcase>
      <testcase name="Test Cases/IST_Real/SLIK/SLIK_Gateway_Approval_Non_Customer/Approve KTP Number" time="42.571" classname="Test Cases/IST_Real/SLIK/SLIK_Gateway_Approval_Non_Customer/Approve KTP Number" status="PASSED">
         <system-out><![CDATA[2020-10-27 15:59:07 - [TEST_CASE][PASSED] - Test Cases/IST_Real/SLIK/SLIK_Gateway_Approval_Non_Customer/Approve KTP Number: Test Cases/IST_Real/SLIK/SLIK_Gateway_Approval_Non_Customer/Approve KTP Number

2020-10-27 15:59:07 - [TEST_STEP][PASSED] - runFeatureFile("Include/features/IST_Real/SLIK/SLIK Gateway Approval Non Customer/Approve_KTP_Number.feature"): Feature file: 'Include/features/IST_Real/SLIK/SLIK Gateway Approval Non Customer/Approve_KTP_Number.feature' was passed

2020-10-27 15:59:07 - [MESSAGE][INFO] - Starting run keyword runFeatureFile: 'Include/features/IST_Real/SLIK/SLIK Gateway Approval Non Customer/Approve_KTP_Number.feature' and extract report to folder: '/Users/chaidir.pratama01/Katalon Studio/IST_Automation_Git/Reports/20201027_155459/SLIK/TS_SLIK_Gateway_Non_Customer/20201027_155459/cucumber_report/1603789147385'...

2020-10-27 15:59:07 - [TEST_CASE][PASSED] - Start Test Case : SCENARIO Approve KTP Number by Checker: SCENARIO Approve KTP Number by Checker

2020-10-27 15:59:07 - [TEST_STEP][PASSED] - Go to ISTools: Go to ISTools

2020-10-27 15:59:07 - [MESSAGE][INFO] - Starting 'Chrome' driver

2020-10-27 15:59:07 - [MESSAGE][INFO] - User set preference: ['AcceptInsecureCerts', 'true']

2020-10-27 15:59:07 - [MESSAGE][INFO] - User set preference: ['args', '[ignore-certificate-errors]']

2020-10-27 15:59:07 - [MESSAGE][INFO] - Action delay is set to 0 milliseconds

2020-10-27 15:59:08 - [MESSAGE][PASSED] - Browser is opened with url: ''

2020-10-27 15:59:17 - [MESSAGE][PASSED] - Navigate to 'https://id-ist01preprod.id.nonprod/ist/' successfully

2020-10-27 15:59:17 - [MESSAGE][PASSED] - Go to ISTools

2020-10-27 15:59:17 - [TEST_STEP][PASSED] - Login IST with valid credentials: Login IST with valid credentials

2020-10-27 15:59:18 - [MESSAGE][PASSED] - Text 'mobile.test' is set on object 'Object Repository/Page_/input_Username_j_username'

2020-10-27 15:59:18 - [MESSAGE][PASSED] - Text ****** has been set on object 'Object Repository/Page_/input_Password_j_password'

2020-10-27 15:59:19 - [MESSAGE][PASSED] - Object: 'Object Repository/Page_/button_Login' is clicked on

2020-10-27 15:59:19 - [MESSAGE][PASSED] - Login IST with valid credentials

2020-10-27 15:59:19 - [TEST_STEP][PASSED] - Login Success for contract dispatcher: Login Success for contract dispatcher

2020-10-27 15:59:19 - [MESSAGE][INFO] - Login Success

2020-10-27 15:59:19 - [MESSAGE][PASSED] - Current window maximized

2020-10-27 15:59:20 - [MESSAGE][PASSED] - Object 'Object Repository/Page_/h1_Welcome to IT Supporting Tools' is present

2020-10-27 15:59:20 - [MESSAGE][PASSED] - Login Success for contract dispatcher

2020-10-27 15:59:20 - [TEST_STEP][PASSED] - Select Menu "SLIK Gateway Approval Non Customer": Select Menu "SLIK Gateway Approval Non Customer"

2020-10-27 15:59:21 - [MESSAGE][PASSED] - Taking screenshot successfully
[[ATTACHMENT|/Users/chaidir.pratama01/Documents/Docs/Katalon Studio/Screenshot/test-SLIK Gateway Approval Non Customer.png]]

2020-10-27 15:59:21 - [MESSAGE][PASSED] - Object '' is present

2020-10-27 15:59:21 - [MESSAGE][PASSED] - Object: '' is clicked on

2020-10-27 15:59:21 - [MESSAGE][PASSED] - Wait for page load successfully

2020-10-27 15:59:21 - [MESSAGE][PASSED] - Select Menu "SLIK Gateway Approval Non Customer"

2020-10-27 15:59:21 - [TEST_STEP][PASSED] - Verify Table Result Exist: Verify Table Result Exist

2020-10-27 15:59:23 - [MESSAGE][PASSED] - Object '' is present

2020-10-27 15:59:23 - [MESSAGE][PASSED] - Verify Table Result Exist

2020-10-27 15:59:23 - [TEST_STEP][PASSED] - Get Data From Table: Get Data From Table

2020-10-27 15:59:24 - [MESSAGE][PASSED] - Object '' is present

2020-10-27 15:59:25 - [MESSAGE][PASSED] - Text of object '' is: '1'

2020-10-27 15:59:25 - [MESSAGE][PASSED] - Text of object '' is: '8888888888888888'

2020-10-27 15:59:25 - [MESSAGE][PASSED] - Text of object '' is: 'OPEX TestingAuto'

2020-10-27 15:59:26 - [MESSAGE][PASSED] - Text of object '' is: 'View Document'

2020-10-27 15:59:26 - [MESSAGE][PASSED] - Text of object '' is: ''

2020-10-27 15:59:26 - [MESSAGE][PASSED] - Get Data From Table

2020-10-27 15:59:26 - [TEST_STEP][PASSED] - Click Checkbox Validate: Click Checkbox Validate

2020-10-27 15:59:27 - [MESSAGE][PASSED] - Text of object '' is: '8888888888888888'

2020-10-27 15:59:27 - [MESSAGE][PASSED] - Object: '' is clicked on

2020-10-27 15:59:27 - [MESSAGE][PASSED] - Click Checkbox Validate

2020-10-27 15:59:27 - [TEST_STEP][PASSED] - Click button "Continue": Click button "Continue"

2020-10-27 15:59:27 - [MESSAGE][INFO] - >>>>>//Button[contains(text(),'Continue')]

2020-10-27 15:59:30 - [MESSAGE][PASSED] - Object: '' is clicked on

2020-10-27 15:59:30 - [MESSAGE][PASSED] - Click button "Continue"

2020-10-27 15:59:30 - [TEST_STEP][PASSED] - Click Checkbox Saya Setuju: Click Checkbox Saya Setuju

2020-10-27 15:59:31 - [MESSAGE][PASSED] - Object '' is present

2020-10-27 15:59:31 - [MESSAGE][PASSED] - Object: '' is clicked on

2020-10-27 15:59:31 - [MESSAGE][PASSED] - Click Checkbox Saya Setuju

2020-10-27 15:59:31 - [TEST_STEP][PASSED] - Click button "Check SLIK": Click button "Check SLIK"

2020-10-27 15:59:31 - [MESSAGE][INFO] - >>>>>//Button[contains(text(),'Check SLIK')]

2020-10-27 15:59:35 - [MESSAGE][PASSED] - Object: '' is clicked on

2020-10-27 15:59:35 - [MESSAGE][PASSED] - Click button "Check SLIK"

2020-10-27 15:59:35 - [TEST_STEP][PASSED] - Get text from pop up "Confirmation Approve Data" with text "Are you sure to SUBMIT this data ?": Get text from pop up "Confirmation Approve Data" with text "Are you sure to SUBMIT this data ?"

2020-10-27 15:59:36 - [MESSAGE][PASSED] - Taking screenshot successfully
[[ATTACHMENT|/Users/chaidir.pratama01/Documents/Docs/Katalon Studio/Screenshot/errorpopup.png]]

2020-10-27 15:59:36 - [MESSAGE][PASSED] - Object '' is present

2020-10-27 15:59:36 - [MESSAGE][PASSED] - Wait for page load successfully

2020-10-27 15:59:36 - [MESSAGE][PASSED] - Wait for page load successfully

2020-10-27 15:59:36 - [MESSAGE][PASSED] - Get text from pop up "Confirmation Approve Data" with text "Are you sure to SUBMIT this data ?"

2020-10-27 15:59:36 - [TEST_STEP][PASSED] - Click button "Yes": Click button "Yes"

2020-10-27 15:59:36 - [MESSAGE][INFO] - >>>>>//Button[contains(text(),'Yes')]

2020-10-27 15:59:40 - [MESSAGE][PASSED] - Object: '' is clicked on

2020-10-27 15:59:40 - [MESSAGE][PASSED] - Click button "Yes"

2020-10-27 15:59:40 - [TEST_STEP][PASSED] - Get text from pop up "IT Supporting Tools" with text "Data is processed": Get text from pop up "IT Supporting Tools" with text "Data is processed"

2020-10-27 15:59:41 - [MESSAGE][PASSED] - Taking screenshot successfully
[[ATTACHMENT|/Users/chaidir.pratama01/Documents/Docs/Katalon Studio/Screenshot/errorpopup.png]]

2020-10-27 15:59:42 - [MESSAGE][PASSED] - Object '' is present

2020-10-27 15:59:42 - [MESSAGE][PASSED] - Wait for page load successfully

2020-10-27 15:59:42 - [MESSAGE][PASSED] - Wait for page load successfully

2020-10-27 15:59:42 - [MESSAGE][PASSED] - Get text from pop up "IT Supporting Tools" with text "Data is processed"

2020-10-27 15:59:42 - [TEST_STEP][PASSED] - Click button "OK": Click button "OK"

2020-10-27 15:59:42 - [MESSAGE][INFO] - >>>>>//Button[contains(text(),'OK')]

2020-10-27 15:59:45 - [MESSAGE][PASSED] - Object: '' is clicked on

2020-10-27 15:59:45 - [MESSAGE][PASSED] - Click button "OK"

2020-10-27 15:59:45 - [TEST_STEP][PASSED] - Click button "Logout": Click button "Logout"

2020-10-27 15:59:45 - [MESSAGE][INFO] - >>>>>//Button[contains(text(),'Logout')]

2020-10-27 15:59:49 - [MESSAGE][PASSED] - Object: '' is clicked on

2020-10-27 15:59:49 - [MESSAGE][PASSED] - Click button "Logout"

2020-10-27 15:59:49 - [TEST_STEP][PASSED] - Close browser: Close browser

2020-10-27 15:59:49 - [MESSAGE][PASSED] - Browser is closed

2020-10-27 15:59:49 - [MESSAGE][PASSED] - Close browser

2020-10-27 15:59:49 - [MESSAGE][PASSED] - Feature file: 'Include/features/IST_Real/SLIK/SLIK Gateway Approval Non Customer/Approve_KTP_Number.feature' was passed]]></system-out>
         <system-err><![CDATA[]]></system-err>
      </testcase>
      <testcase name="Test Cases/IST_Real/SLIK/SLIK_Gateway_Non_Customer/SLIK Gateway Non Customer Search By Status APPROVED" time="25.732" classname="Test Cases/IST_Real/SLIK/SLIK_Gateway_Non_Customer/SLIK Gateway Non Customer Search By Status APPROVED" status="PASSED">
         <system-out><![CDATA[2020-10-27 15:59:49 - [TEST_CASE][PASSED] - Test Cases/IST_Real/SLIK/SLIK_Gateway_Non_Customer/SLIK Gateway Non Customer Search By Status APPROVED: Test Cases/IST_Real/SLIK/SLIK_Gateway_Non_Customer/SLIK Gateway Non Customer Search By Status APPROVED

2020-10-27 15:59:49 - [TEST_STEP][PASSED] - runFeatureFile("Include/features/IST_Real/SLIK/SLIK Gateway Non Customer/SLIK_Gateway_Non_Customer_Search_By_Status_APPROVED.feature"): Feature file: 'Include/features/IST_Real/SLIK/SLIK Gateway Non Customer/SLIK_Gateway_Non_Customer_Search_By_Status_APPROVED.feature' was passed

2020-10-27 15:59:49 - [MESSAGE][INFO] - Starting run keyword runFeatureFile: 'Include/features/IST_Real/SLIK/SLIK Gateway Non Customer/SLIK_Gateway_Non_Customer_Search_By_Status_APPROVED.feature' and extract report to folder: '/Users/chaidir.pratama01/Katalon Studio/IST_Automation_Git/Reports/20201027_155459/SLIK/TS_SLIK_Gateway_Non_Customer/20201027_155459/cucumber_report/1603789189958'...

2020-10-27 15:59:50 - [TEST_CASE][PASSED] - Start Test Case : SCENARIO Search Result by Status: SCENARIO Search Result by Status

2020-10-27 15:59:50 - [TEST_STEP][PASSED] - Go to ISTools: Go to ISTools

2020-10-27 15:59:50 - [MESSAGE][INFO] - Starting 'Chrome' driver

2020-10-27 15:59:50 - [MESSAGE][INFO] - User set preference: ['AcceptInsecureCerts', 'true']

2020-10-27 15:59:50 - [MESSAGE][INFO] - User set preference: ['args', '[ignore-certificate-errors]']

2020-10-27 15:59:50 - [MESSAGE][INFO] - Action delay is set to 0 milliseconds

2020-10-27 15:59:51 - [MESSAGE][PASSED] - Browser is opened with url: ''

2020-10-27 15:59:56 - [MESSAGE][PASSED] - Navigate to 'https://id-ist01preprod.id.nonprod/ist/' successfully

2020-10-27 15:59:56 - [MESSAGE][PASSED] - Go to ISTools

2020-10-27 15:59:56 - [TEST_STEP][PASSED] - Login IST with valid credentials: Login IST with valid credentials

2020-10-27 15:59:57 - [MESSAGE][PASSED] - Text 'mobile.test' is set on object 'Object Repository/Page_/input_Username_j_username'

2020-10-27 15:59:58 - [MESSAGE][PASSED] - Text ****** has been set on object 'Object Repository/Page_/input_Password_j_password'

2020-10-27 15:59:59 - [MESSAGE][PASSED] - Object: 'Object Repository/Page_/button_Login' is clicked on

2020-10-27 15:59:59 - [MESSAGE][PASSED] - Login IST with valid credentials

2020-10-27 15:59:59 - [TEST_STEP][PASSED] - Login Success for contract dispatcher: Login Success for contract dispatcher

2020-10-27 15:59:59 - [MESSAGE][INFO] - Login Success

2020-10-27 15:59:59 - [MESSAGE][PASSED] - Current window maximized

2020-10-27 16:00:00 - [MESSAGE][PASSED] - Object 'Object Repository/Page_/h1_Welcome to IT Supporting Tools' is present

2020-10-27 16:00:00 - [MESSAGE][PASSED] - Login Success for contract dispatcher

2020-10-27 16:00:00 - [TEST_STEP][PASSED] - Select Menu SLIK Gateway NonCustomer: Select Menu SLIK Gateway NonCustomer

2020-10-27 16:00:00 - [MESSAGE][PASSED] - Object '' is present

2020-10-27 16:00:00 - [MESSAGE][PASSED] - Object: '' is clicked on

2020-10-27 16:00:00 - [MESSAGE][PASSED] - Wait for page load successfully

2020-10-27 16:00:00 - [MESSAGE][PASSED] - Select Menu SLIK Gateway NonCustomer

2020-10-27 16:00:00 - [TEST_STEP][PASSED] - Select Status is "APPROVED": Select Status is "APPROVED"

2020-10-27 16:00:04 - [MESSAGE][PASSED] - All options with value 'APPROVED' are selected in object ''  using regular expression

2020-10-27 16:00:04 - [MESSAGE][PASSED] - Select Status is "APPROVED"

2020-10-27 16:00:04 - [TEST_STEP][PASSED] - Click button "Search": Click button "Search"

2020-10-27 16:00:04 - [MESSAGE][INFO] - >>>>>//Button[contains(text(),'Search')]

2020-10-27 16:00:07 - [MESSAGE][PASSED] - Object: '' is clicked on

2020-10-27 16:00:07 - [MESSAGE][PASSED] - Click button "Search"

2020-10-27 16:00:07 - [TEST_STEP][PASSED] - Verify Search Result Based on Result Status: Verify Search Result Based on Result Status

2020-10-27 16:00:08 - [MESSAGE][PASSED] - Scroll to object '' successfully

2020-10-27 16:00:09 - [MESSAGE][WARNING] - Actual text 'APPROVED -' and expected text 'APPROVED - FAILED' of test object '' are NOT matched. (Root cause: com.kms.katalon.core.exception.StepFailedException: Actual text 'APPROVED -' and expected text 'APPROVED - FAILED' of test object '' are NOT matched.
	at com.kms.katalon.core.webui.keyword.internal.WebUIKeywordMain.stepFailed(WebUIKeywordMain.groovy:64)
	at com.kms.katalon.core.webui.keyword.builtin.VerifyElementTextKeyword$_verifyElementText_closure1.doCall(VerifyElementTextKeyword.groovy:57)
	at com.kms.katalon.core.webui.keyword.builtin.VerifyElementTextKeyword$_verifyElementText_closure1.call(VerifyElementTextKeyword.groovy)
	at com.kms.katalon.core.webui.keyword.internal.WebUIKeywordMain.runKeyword(WebUIKeywordMain.groovy:20)
	at com.kms.katalon.core.webui.keyword.builtin.VerifyElementTextKeyword.verifyElementText(VerifyElementTextKeyword.groovy:72)
	at com.kms.katalon.core.webui.keyword.builtin.VerifyElementTextKeyword.execute(VerifyElementTextKeyword.groovy:40)
	at com.kms.katalon.core.keyword.internal.KeywordExecutor.executeKeywordForPlatform(KeywordExecutor.groovy:73)
	at com.kms.katalon.core.webui.keyword.WebUiBuiltInKeywords.verifyElementText(WebUiBuiltInKeywords.groovy:3673)
	at com.kms.katalon.core.webui.keyword.WebUiBuiltInKeywords$verifyElementText$21.call(Unknown Source)
	at Slik_Script.Verify_Result_Status(Slik_Script.groovy:369)
	at cucumber.runtime.Utils$1.call(Utils.java:26)
	at cucumber.runtime.Timeout.timeout(Timeout.java:16)
	at cucumber.runtime.Utils.invoke(Utils.java:20)
	at cucumber.runtime.java.JavaStepDefinition.execute(JavaStepDefinition.java:48)
	at cucumber.runtime.PickleStepDefinitionMatch.runStep(PickleStepDefinitionMatch.java:50)
	at cucumber.runner.TestStep.executeStep(TestStep.java:55)
	at cucumber.runner.TestStep.run(TestStep.java:42)
	at cucumber.runner.PickleStepTestStep.run(PickleStepTestStep.java:53)
	at cucumber.runner.TestCase.run(TestCase.java:47)
	at cucumber.runner.Runner.runPickle(Runner.java:44)
	at cucumber.runtime.Runtime.runFeature(Runtime.java:120)
	at cucumber.runtime.Runtime.run(Runtime.java:106)
	at cucumber.api.cli.Main.run(Main.java:35)
	at cucumber.api.cli.Main$run.call(Unknown Source)
	at com.kms.katalon.core.cucumber.keyword.CucumberBuiltinKeywords$_runFeatureFile_closure1.doCall(CucumberBuiltinKeywords.groovy:76)
	at com.kms.katalon.core.cucumber.keyword.CucumberBuiltinKeywords$_runFeatureFile_closure1.doCall(CucumberBuiltinKeywords.groovy)
	at com.kms.katalon.core.keyword.internal.KeywordMain.runKeyword(KeywordMain.groovy:68)
	at com.kms.katalon.core.keyword.internal.KeywordMain$runKeyword.call(Unknown Source)
	at com.kms.katalon.core.cucumber.keyword.CucumberBuiltinKeywords.runFeatureFile(CucumberBuiltinKeywords.groovy:46)
	at com.kms.katalon.core.cucumber.keyword.CucumberBuiltinKeywords$runFeatureFile$0.callStatic(Unknown Source)
	at com.kms.katalon.core.cucumber.keyword.CucumberBuiltinKeywords.runFeatureFile(CucumberBuiltinKeywords.groovy:169)
	at com.kms.katalon.core.cucumber.keyword.CucumberBuiltinKeywords$runFeatureFile.call(Unknown Source)
	at SLIK Gateway Non Customer Search By Status APPROVED.run(SLIK Gateway Non Customer Search By Status APPROVED:18)
	at com.kms.katalon.core.main.ScriptEngine.run(ScriptEngine.java:194)
	at com.kms.katalon.core.main.ScriptEngine.runScriptAsRawText(ScriptEngine.java:119)
	at com.kms.katalon.core.main.TestCaseExecutor.runScript(TestCaseExecutor.java:339)
	at com.kms.katalon.core.main.TestCaseExecutor.doExecute(TestCaseExecutor.java:330)
	at com.kms.katalon.core.main.TestCaseExecutor.processExecutionPhase(TestCaseExecutor.java:309)
	at com.kms.katalon.core.main.TestCaseExecutor.accessMainPhase(TestCaseExecutor.java:301)
	at com.kms.katalon.core.main.TestCaseExecutor.execute(TestCaseExecutor.java:235)
	at com.kms.katalon.core.main.TestSuiteExecutor.accessTestCaseMainPhase(TestSuiteExecutor.java:191)
	at com.kms.katalon.core.main.TestSuiteExecutor.accessTestSuiteMainPhase(TestSuiteExecutor.java:141)
	at com.kms.katalon.core.main.TestSuiteExecutor.execute(TestSuiteExecutor.java:90)
	at com.kms.katalon.core.main.TestCaseMain.startTestSuite(TestCaseMain.java:157)
	at com.kms.katalon.core.main.TestCaseMain$startTestSuite$0.call(Unknown Source)
	at TempTestSuite1603788899090.run(TempTestSuite1603788899090.groovy:39)
)
[[ATTACHMENT|/Users/chaidir.pratama01/Katalon Studio/IST_Automation_Git/Reports/20201027_155459/SLIK/TS_SLIK_Gateway_Non_Customer/20201027_155459/1603789208755.png]]

2020-10-27 16:00:10 - [MESSAGE][WARNING] - Actual text 'APPROVED -' and expected text 'APPROVED - SUCCESS' of test object '' are NOT matched. (Root cause: com.kms.katalon.core.exception.StepFailedException: Actual text 'APPROVED -' and expected text 'APPROVED - SUCCESS' of test object '' are NOT matched.
	at com.kms.katalon.core.webui.keyword.internal.WebUIKeywordMain.stepFailed(WebUIKeywordMain.groovy:64)
	at com.kms.katalon.core.webui.keyword.builtin.VerifyElementTextKeyword$_verifyElementText_closure1.doCall(VerifyElementTextKeyword.groovy:57)
	at com.kms.katalon.core.webui.keyword.builtin.VerifyElementTextKeyword$_verifyElementText_closure1.call(VerifyElementTextKeyword.groovy)
	at com.kms.katalon.core.webui.keyword.internal.WebUIKeywordMain.runKeyword(WebUIKeywordMain.groovy:20)
	at com.kms.katalon.core.webui.keyword.builtin.VerifyElementTextKeyword.verifyElementText(VerifyElementTextKeyword.groovy:72)
	at com.kms.katalon.core.webui.keyword.builtin.VerifyElementTextKeyword.execute(VerifyElementTextKeyword.groovy:40)
	at com.kms.katalon.core.keyword.internal.KeywordExecutor.executeKeywordForPlatform(KeywordExecutor.groovy:73)
	at com.kms.katalon.core.webui.keyword.WebUiBuiltInKeywords.verifyElementText(WebUiBuiltInKeywords.groovy:3673)
	at com.kms.katalon.core.webui.keyword.WebUiBuiltInKeywords$verifyElementText$21.call(Unknown Source)
	at Slik_Script.Verify_Result_Status(Slik_Script.groovy:369)
	at cucumber.runtime.Utils$1.call(Utils.java:26)
	at cucumber.runtime.Timeout.timeout(Timeout.java:16)
	at cucumber.runtime.Utils.invoke(Utils.java:20)
	at cucumber.runtime.java.JavaStepDefinition.execute(JavaStepDefinition.java:48)
	at cucumber.runtime.PickleStepDefinitionMatch.runStep(PickleStepDefinitionMatch.java:50)
	at cucumber.runner.TestStep.executeStep(TestStep.java:55)
	at cucumber.runner.TestStep.run(TestStep.java:42)
	at cucumber.runner.PickleStepTestStep.run(PickleStepTestStep.java:53)
	at cucumber.runner.TestCase.run(TestCase.java:47)
	at cucumber.runner.Runner.runPickle(Runner.java:44)
	at cucumber.runtime.Runtime.runFeature(Runtime.java:120)
	at cucumber.runtime.Runtime.run(Runtime.java:106)
	at cucumber.api.cli.Main.run(Main.java:35)
	at cucumber.api.cli.Main$run.call(Unknown Source)
	at com.kms.katalon.core.cucumber.keyword.CucumberBuiltinKeywords$_runFeatureFile_closure1.doCall(CucumberBuiltinKeywords.groovy:76)
	at com.kms.katalon.core.cucumber.keyword.CucumberBuiltinKeywords$_runFeatureFile_closure1.doCall(CucumberBuiltinKeywords.groovy)
	at com.kms.katalon.core.keyword.internal.KeywordMain.runKeyword(KeywordMain.groovy:68)
	at com.kms.katalon.core.keyword.internal.KeywordMain$runKeyword.call(Unknown Source)
	at com.kms.katalon.core.cucumber.keyword.CucumberBuiltinKeywords.runFeatureFile(CucumberBuiltinKeywords.groovy:46)
	at com.kms.katalon.core.cucumber.keyword.CucumberBuiltinKeywords$runFeatureFile$0.callStatic(Unknown Source)
	at com.kms.katalon.core.cucumber.keyword.CucumberBuiltinKeywords.runFeatureFile(CucumberBuiltinKeywords.groovy:169)
	at com.kms.katalon.core.cucumber.keyword.CucumberBuiltinKeywords$runFeatureFile.call(Unknown Source)
	at SLIK Gateway Non Customer Search By Status APPROVED.run(SLIK Gateway Non Customer Search By Status APPROVED:18)
	at com.kms.katalon.core.main.ScriptEngine.run(ScriptEngine.java:194)
	at com.kms.katalon.core.main.ScriptEngine.runScriptAsRawText(ScriptEngine.java:119)
	at com.kms.katalon.core.main.TestCaseExecutor.runScript(TestCaseExecutor.java:339)
	at com.kms.katalon.core.main.TestCaseExecutor.doExecute(TestCaseExecutor.java:330)
	at com.kms.katalon.core.main.TestCaseExecutor.processExecutionPhase(TestCaseExecutor.java:309)
	at com.kms.katalon.core.main.TestCaseExecutor.accessMainPhase(TestCaseExecutor.java:301)
	at com.kms.katalon.core.main.TestCaseExecutor.execute(TestCaseExecutor.java:235)
	at com.kms.katalon.core.main.TestSuiteExecutor.accessTestCaseMainPhase(TestSuiteExecutor.java:191)
	at com.kms.katalon.core.main.TestSuiteExecutor.accessTestSuiteMainPhase(TestSuiteExecutor.java:141)
	at com.kms.katalon.core.main.TestSuiteExecutor.execute(TestSuiteExecutor.java:90)
	at com.kms.katalon.core.main.TestCaseMain.startTestSuite(TestCaseMain.java:157)
	at com.kms.katalon.core.main.TestCaseMain$startTestSuite$0.call(Unknown Source)
	at TempTestSuite1603788899090.run(TempTestSuite1603788899090.groovy:39)
)
[[ATTACHMENT|/Users/chaidir.pratama01/Katalon Studio/IST_Automation_Git/Reports/20201027_155459/SLIK/TS_SLIK_Gateway_Non_Customer/20201027_155459/1603789209862.png]]

2020-10-27 16:00:10 - [MESSAGE][PASSED] - Actual text and expected text of test object '' are matched.

2020-10-27 16:00:11 - [MESSAGE][PASSED] - Text of object '' is: 'APPROVED -'

2020-10-27 16:00:11 - [MESSAGE][PASSED] - Text of object '' is: '8888888888888888'

2020-10-27 16:00:11 - [MESSAGE][PASSED] - Verify Search Result Based on Result Status

2020-10-27 16:00:11 - [TEST_STEP][PASSED] - Click button "Logout": Click button "Logout"

2020-10-27 16:00:11 - [MESSAGE][INFO] - >>>>>//Button[contains(text(),'Logout')]

2020-10-27 16:00:15 - [MESSAGE][PASSED] - Object: '' is clicked on

2020-10-27 16:00:15 - [MESSAGE][PASSED] - Click button "Logout"

2020-10-27 16:00:15 - [TEST_STEP][PASSED] - Close browser: Close browser

2020-10-27 16:00:15 - [MESSAGE][PASSED] - Browser is closed

2020-10-27 16:00:15 - [MESSAGE][PASSED] - Close browser

2020-10-27 16:00:15 - [MESSAGE][PASSED] - Feature file: 'Include/features/IST_Real/SLIK/SLIK Gateway Non Customer/SLIK_Gateway_Non_Customer_Search_By_Status_APPROVED.feature' was passed]]></system-out>
         <system-err><![CDATA[]]></system-err>
      </testcase>
      <testcase name="Test Cases/IST_Real/SLIK/SLIK_Gateway_Non_Customer/SLIK Gateway Non Customer View Detail when Status APPROVED" time="31.392" classname="Test Cases/IST_Real/SLIK/SLIK_Gateway_Non_Customer/SLIK Gateway Non Customer View Detail when Status APPROVED" status="FAILED">
         <failure type="FAILED" message="Test Cases/IST_Real/SLIK/SLIK_Gateway_Non_Customer/SLIK Gateway Non Customer View Detail when Status APPROVED FAILED.
Reason:
com.kms.katalon.core.exception.StepFailedException: Feature file 'Include/features/IST_Real/SLIK/SLIK Gateway Non Customer/SLIK_Gateway_Non_Customer_View_Detail_when_Status_APPROVED.feature' was failed
	at com.kms.katalon.core.keyword.internal.KeywordMain.stepFailed(KeywordMain.groovy:50)
	at com.kms.katalon.core.keyword.internal.KeywordMain.stepFailed(KeywordMain.groovy)
	at com.kms.katalon.core.keyword.internal.KeywordMain.stepFailed(KeywordMain.groovy:23)
	at com.kms.katalon.core.keyword.internal.KeywordMain$stepFailed$0.call(Unknown Source)
	at com.kms.katalon.core.cucumber.keyword.CucumberBuiltinKeywords$_runFeatureFile_closure1.doCall(CucumberBuiltinKeywords.groovy:82)
	at com.kms.katalon.core.cucumber.keyword.CucumberBuiltinKeywords$_runFeatureFile_closure1.doCall(CucumberBuiltinKeywords.groovy)
	at com.kms.katalon.core.keyword.internal.KeywordMain.runKeyword(KeywordMain.groovy:68)
	at com.kms.katalon.core.keyword.internal.KeywordMain$runKeyword.call(Unknown Source)
	at com.kms.katalon.core.cucumber.keyword.CucumberBuiltinKeywords.runFeatureFile(CucumberBuiltinKeywords.groovy:46)
	at com.kms.katalon.core.cucumber.keyword.CucumberBuiltinKeywords$runFeatureFile$0.callStatic(Unknown Source)
	at com.kms.katalon.core.cucumber.keyword.CucumberBuiltinKeywords.runFeatureFile(CucumberBuiltinKeywords.groovy:169)
	at com.kms.katalon.core.cucumber.keyword.CucumberBuiltinKeywords$runFeatureFile.call(Unknown Source)
	at SLIK Gateway Non Customer View Detail when Status APPROVED.run(SLIK Gateway Non Customer View Detail when Status APPROVED:18)
	at com.kms.katalon.core.main.ScriptEngine.run(ScriptEngine.java:194)
	at com.kms.katalon.core.main.ScriptEngine.runScriptAsRawText(ScriptEngine.java:119)
	at com.kms.katalon.core.main.TestCaseExecutor.runScript(TestCaseExecutor.java:339)
	at com.kms.katalon.core.main.TestCaseExecutor.doExecute(TestCaseExecutor.java:330)
	at com.kms.katalon.core.main.TestCaseExecutor.processExecutionPhase(TestCaseExecutor.java:309)
	at com.kms.katalon.core.main.TestCaseExecutor.accessMainPhase(TestCaseExecutor.java:301)
	at com.kms.katalon.core.main.TestCaseExecutor.execute(TestCaseExecutor.java:235)
	at com.kms.katalon.core.main.TestSuiteExecutor.accessTestCaseMainPhase(TestSuiteExecutor.java:191)
	at com.kms.katalon.core.main.TestSuiteExecutor.accessTestSuiteMainPhase(TestSuiteExecutor.java:141)
	at com.kms.katalon.core.main.TestSuiteExecutor.execute(TestSuiteExecutor.java:90)
	at com.kms.katalon.core.main.TestCaseMain.startTestSuite(TestCaseMain.java:157)
	at com.kms.katalon.core.main.TestCaseMain$startTestSuite$0.call(Unknown Source)
	at TempTestSuite1603788899090.run(TempTestSuite1603788899090.groovy:39)
"/>
         <system-out><![CDATA[2020-10-27 16:00:15 - [TEST_CASE][FAILED] - Test Cases/IST_Real/SLIK/SLIK_Gateway_Non_Customer/SLIK Gateway Non Customer View Detail when Status APPROVED: Test Cases/IST_Real/SLIK/SLIK_Gateway_Non_Customer/SLIK Gateway Non Customer View Detail when Status APPROVED FAILED.
Reason:
com.kms.katalon.core.exception.StepFailedException: Feature file 'Include/features/IST_Real/SLIK/SLIK Gateway Non Customer/SLIK_Gateway_Non_Customer_View_Detail_when_Status_APPROVED.feature' was failed
	at com.kms.katalon.core.keyword.internal.KeywordMain.stepFailed(KeywordMain.groovy:50)
	at com.kms.katalon.core.keyword.internal.KeywordMain.stepFailed(KeywordMain.groovy)
	at com.kms.katalon.core.keyword.internal.KeywordMain.stepFailed(KeywordMain.groovy:23)
	at com.kms.katalon.core.keyword.internal.KeywordMain$stepFailed$0.call(Unknown Source)
	at com.kms.katalon.core.cucumber.keyword.CucumberBuiltinKeywords$_runFeatureFile_closure1.doCall(CucumberBuiltinKeywords.groovy:82)
	at com.kms.katalon.core.cucumber.keyword.CucumberBuiltinKeywords$_runFeatureFile_closure1.doCall(CucumberBuiltinKeywords.groovy)
	at com.kms.katalon.core.keyword.internal.KeywordMain.runKeyword(KeywordMain.groovy:68)
	at com.kms.katalon.core.keyword.internal.KeywordMain$runKeyword.call(Unknown Source)
	at com.kms.katalon.core.cucumber.keyword.CucumberBuiltinKeywords.runFeatureFile(CucumberBuiltinKeywords.groovy:46)
	at com.kms.katalon.core.cucumber.keyword.CucumberBuiltinKeywords$runFeatureFile$0.callStatic(Unknown Source)
	at com.kms.katalon.core.cucumber.keyword.CucumberBuiltinKeywords.runFeatureFile(CucumberBuiltinKeywords.groovy:169)
	at com.kms.katalon.core.cucumber.keyword.CucumberBuiltinKeywords$runFeatureFile.call(Unknown Source)
	at SLIK Gateway Non Customer View Detail when Status APPROVED.run(SLIK Gateway Non Customer View Detail when Status APPROVED:18)
	at com.kms.katalon.core.main.ScriptEngine.run(ScriptEngine.java:194)
	at com.kms.katalon.core.main.ScriptEngine.runScriptAsRawText(ScriptEngine.java:119)
	at com.kms.katalon.core.main.TestCaseExecutor.runScript(TestCaseExecutor.java:339)
	at com.kms.katalon.core.main.TestCaseExecutor.doExecute(TestCaseExecutor.java:330)
	at com.kms.katalon.core.main.TestCaseExecutor.processExecutionPhase(TestCaseExecutor.java:309)
	at com.kms.katalon.core.main.TestCaseExecutor.accessMainPhase(TestCaseExecutor.java:301)
	at com.kms.katalon.core.main.TestCaseExecutor.execute(TestCaseExecutor.java:235)
	at com.kms.katalon.core.main.TestSuiteExecutor.accessTestCaseMainPhase(TestSuiteExecutor.java:191)
	at com.kms.katalon.core.main.TestSuiteExecutor.accessTestSuiteMainPhase(TestSuiteExecutor.java:141)
	at com.kms.katalon.core.main.TestSuiteExecutor.execute(TestSuiteExecutor.java:90)
	at com.kms.katalon.core.main.TestCaseMain.startTestSuite(TestCaseMain.java:157)
	at com.kms.katalon.core.main.TestCaseMain$startTestSuite$0.call(Unknown Source)
	at TempTestSuite1603788899090.run(TempTestSuite1603788899090.groovy:39)


2020-10-27 16:00:15 - [TEST_STEP][FAILED] - runFeatureFile("Include/features/IST_Real/SLIK/SLIK Gateway Non Customer/SLIK_Gateway_Non_Customer_View_Detail_when_Status_APPROVED.feature"): Keyword runFeatureFile was failed (Root cause: com.kms.katalon.core.exception.StepFailedException: Feature file 'Include/features/IST_Real/SLIK/SLIK Gateway Non Customer/SLIK_Gateway_Non_Customer_View_Detail_when_Status_APPROVED.feature' was failed
	at com.kms.katalon.core.keyword.internal.KeywordMain.stepFailed(KeywordMain.groovy:50)
	at com.kms.katalon.core.keyword.internal.KeywordMain.stepFailed(KeywordMain.groovy)
	at com.kms.katalon.core.keyword.internal.KeywordMain.stepFailed(KeywordMain.groovy:23)
	at com.kms.katalon.core.keyword.internal.KeywordMain$stepFailed$0.call(Unknown Source)
	at com.kms.katalon.core.cucumber.keyword.CucumberBuiltinKeywords$_runFeatureFile_closure1.doCall(CucumberBuiltinKeywords.groovy:82)
	at com.kms.katalon.core.cucumber.keyword.CucumberBuiltinKeywords$_runFeatureFile_closure1.doCall(CucumberBuiltinKeywords.groovy)
	at com.kms.katalon.core.keyword.internal.KeywordMain.runKeyword(KeywordMain.groovy:68)
	at com.kms.katalon.core.keyword.internal.KeywordMain$runKeyword.call(Unknown Source)
	at com.kms.katalon.core.cucumber.keyword.CucumberBuiltinKeywords.runFeatureFile(CucumberBuiltinKeywords.groovy:46)
	at com.kms.katalon.core.cucumber.keyword.CucumberBuiltinKeywords$runFeatureFile$0.callStatic(Unknown Source)
	at com.kms.katalon.core.cucumber.keyword.CucumberBuiltinKeywords.runFeatureFile(CucumberBuiltinKeywords.groovy:169)
	at com.kms.katalon.core.cucumber.keyword.CucumberBuiltinKeywords$runFeatureFile.call(Unknown Source)
	at SLIK Gateway Non Customer View Detail when Status APPROVED.run(SLIK Gateway Non Customer View Detail when Status APPROVED:18)
	at com.kms.katalon.core.main.ScriptEngine.run(ScriptEngine.java:194)
	at com.kms.katalon.core.main.ScriptEngine.runScriptAsRawText(ScriptEngine.java:119)
	at com.kms.katalon.core.main.TestCaseExecutor.runScript(TestCaseExecutor.java:339)
	at com.kms.katalon.core.main.TestCaseExecutor.doExecute(TestCaseExecutor.java:330)
	at com.kms.katalon.core.main.TestCaseExecutor.processExecutionPhase(TestCaseExecutor.java:309)
	at com.kms.katalon.core.main.TestCaseExecutor.accessMainPhase(TestCaseExecutor.java:301)
	at com.kms.katalon.core.main.TestCaseExecutor.execute(TestCaseExecutor.java:235)
	at com.kms.katalon.core.main.TestSuiteExecutor.accessTestCaseMainPhase(TestSuiteExecutor.java:191)
	at com.kms.katalon.core.main.TestSuiteExecutor.accessTestSuiteMainPhase(TestSuiteExecutor.java:141)
	at com.kms.katalon.core.main.TestSuiteExecutor.execute(TestSuiteExecutor.java:90)
	at com.kms.katalon.core.main.TestCaseMain.startTestSuite(TestCaseMain.java:157)
	at com.kms.katalon.core.main.TestCaseMain$startTestSuite$0.call(Unknown Source)
	at TempTestSuite1603788899090.run(TempTestSuite1603788899090.groovy:39)
)

2020-10-27 16:00:15 - [MESSAGE][INFO] - Starting run keyword runFeatureFile: 'Include/features/IST_Real/SLIK/SLIK Gateway Non Customer/SLIK_Gateway_Non_Customer_View_Detail_when_Status_APPROVED.feature' and extract report to folder: '/Users/chaidir.pratama01/Katalon Studio/IST_Automation_Git/Reports/20201027_155459/SLIK/TS_SLIK_Gateway_Non_Customer/20201027_155459/cucumber_report/1603789215684'...

2020-10-27 16:00:15 - [TEST_CASE][FAILED] - Start Test Case : SCENARIO SLIK Gateway Non Customer View Detail Link: SCENARIO SLIK Gateway Non Customer View Detail Link FAILED.
Reason:
com.kms.katalon.core.exception.StepFailedException: Unable to verify object '' is not present
	at com.kms.katalon.core.webui.keyword.internal.WebUIKeywordMain.stepFailed(WebUIKeywordMain.groovy:64)
	at com.kms.katalon.core.webui.keyword.internal.WebUIKeywordMain.runKeyword(WebUIKeywordMain.groovy:26)
	at com.kms.katalon.core.webui.keyword.internal.WebUIKeywordMain$runKeyword.call(Unknown Source)
	at com.kms.katalon.core.webui.keyword.builtin.VerifyElementNotPresentKeyword.verifyElementNotPresent(VerifyElementNotPresentKeyword.groovy:117)
	at com.kms.katalon.core.webui.keyword.builtin.VerifyElementNotPresentKeyword.execute(VerifyElementNotPresentKeyword.groovy:68)
	at com.kms.katalon.core.keyword.internal.KeywordExecutor.executeKeywordForPlatform(KeywordExecutor.groovy:73)
	at com.kms.katalon.core.webui.keyword.WebUiBuiltInKeywords.verifyElementNotPresent(WebUiBuiltInKeywords.groovy:1493)
	at com.kms.katalon.core.webui.keyword.WebUiBuiltInKeywords$verifyElementNotPresent$19.call(Unknown Source)
	at Slik_Script.Slik_Verify_Detail(Slik_Script.groovy:468)
	at .Click View Detail Link(/Users/chaidir.pratama01/Katalon Studio/IST_Automation_Git/Include/features/IST_Real/SLIK/SLIK Gateway Non Customer/SLIK_Gateway_Non_Customer_View_Detail_when_Status_APPROVED.feature:37)
Caused by: com.kms.katalon.core.exception.StepFailedException: Web element with id: '' located by 'By.xpath: //span[text()='Search Result']/../../../following-sibling::div[@class='z-groupbox-content']/div[@class='z-grid']/div[@class='z-grid-body']/table/tbody/tr/td[7]/div/div/span' is present after '3' second(s)
	at com.kms.katalon.core.webui.keyword.internal.WebUIKeywordMain.stepFailed(WebUIKeywordMain.groovy:64)
	at com.kms.katalon.core.webui.keyword.internal.WebUIKeywordMain$stepFailed$0.call(Unknown Source)
	at com.kms.katalon.core.webui.keyword.builtin.VerifyElementNotPresentKeyword$_verifyElementNotPresent_closure1.doCall(VerifyElementNotPresentKeyword.groovy:106)
	at com.kms.katalon.core.webui.keyword.builtin.VerifyElementNotPresentKeyword$_verifyElementNotPresent_closure1.doCall(VerifyElementNotPresentKeyword.groovy)
	at com.kms.katalon.core.webui.keyword.internal.WebUIKeywordMain.runKeyword(WebUIKeywordMain.groovy:20)
	at com.kms.katalon.core.webui.keyword.internal.WebUIKeywordMain$runKeyword.call(Unknown Source)
	at com.kms.katalon.core.webui.keyword.builtin.VerifyElementNotPresentKeyword.verifyElementNotPresent(VerifyElementNotPresentKeyword.groovy:117)
	at com.kms.katalon.core.webui.keyword.builtin.VerifyElementNotPresentKeyword.execute(VerifyElementNotPresentKeyword.groovy:68)
	at com.kms.katalon.core.keyword.internal.KeywordExecutor.executeKeywordForPlatform(KeywordExecutor.groovy:73)
	at com.kms.katalon.core.webui.keyword.WebUiBuiltInKeywords.verifyElementNotPresent(WebUiBuiltInKeywords.groovy:1493)
	at com.kms.katalon.core.webui.keyword.WebUiBuiltInKeywords$verifyElementNotPresent$19.call(Unknown Source)
	at Slik_Script.Slik_Verify_Detail(Slik_Script.groovy:468)
	at cucumber.runtime.Utils$1.call(Utils.java:26)
	at cucumber.runtime.Timeout.timeout(Timeout.java:16)
	at cucumber.runtime.Utils.invoke(Utils.java:20)
	at cucumber.runtime.java.JavaStepDefinition.execute(JavaStepDefinition.java:48)
	at cucumber.runtime.PickleStepDefinitionMatch.runStep(PickleStepDefinitionMatch.java:50)
	at cucumber.runner.TestStep.executeStep(TestStep.java:55)
	at cucumber.runner.TestStep.run(TestStep.java:42)
	at cucumber.runner.PickleStepTestStep.run(PickleStepTestStep.java:53)
	at cucumber.runner.TestCase.run(TestCase.java:47)
	at cucumber.runner.Runner.runPickle(Runner.java:44)
	at cucumber.runtime.Runtime.runFeature(Runtime.java:120)
	at cucumber.runtime.Runtime.run(Runtime.java:106)
	at cucumber.api.cli.Main.run(Main.java:35)
	at cucumber.api.cli.Main$run.call(Unknown Source)
	at com.kms.katalon.core.cucumber.keyword.CucumberBuiltinKeywords$_runFeatureFile_closure1.doCall(CucumberBuiltinKeywords.groovy:76)
	at com.kms.katalon.core.cucumber.keyword.CucumberBuiltinKeywords$_runFeatureFile_closure1.doCall(CucumberBuiltinKeywords.groovy)
	at com.kms.katalon.core.keyword.internal.KeywordMain.runKeyword(KeywordMain.groovy:68)
	at com.kms.katalon.core.keyword.internal.KeywordMain$runKeyword.call(Unknown Source)
	at com.kms.katalon.core.cucumber.keyword.CucumberBuiltinKeywords.runFeatureFile(CucumberBuiltinKeywords.groovy:46)
	at com.kms.katalon.core.cucumber.keyword.CucumberBuiltinKeywords$runFeatureFile$0.callStatic(Unknown Source)
	at com.kms.katalon.core.cucumber.keyword.CucumberBuiltinKeywords.runFeatureFile(CucumberBuiltinKeywords.groovy:169)
	at com.kms.katalon.core.cucumber.keyword.CucumberBuiltinKeywords$runFeatureFile.call(Unknown Source)
	at SLIK Gateway Non Customer View Detail when Status APPROVED.run(SLIK Gateway Non Customer View Detail when Status APPROVED:18)
	at com.kms.katalon.core.main.ScriptEngine.run(ScriptEngine.java:194)
	at com.kms.katalon.core.main.ScriptEngine.runScriptAsRawText(ScriptEngine.java:119)
	at com.kms.katalon.core.main.TestCaseExecutor.runScript(TestCaseExecutor.java:339)
	at com.kms.katalon.core.main.TestCaseExecutor.doExecute(TestCaseExecutor.java:330)
	at com.kms.katalon.core.main.TestCaseExecutor.processExecutionPhase(TestCaseExecutor.java:309)
	at com.kms.katalon.core.main.TestCaseExecutor.accessMainPhase(TestCaseExecutor.java:301)
	at com.kms.katalon.core.main.TestCaseExecutor.execute(TestCaseExecutor.java:235)
	at com.kms.katalon.core.main.TestSuiteExecutor.accessTestCaseMainPhase(TestSuiteExecutor.java:191)
	at com.kms.katalon.core.main.TestSuiteExecutor.accessTestSuiteMainPhase(TestSuiteExecutor.java:141)
	at com.kms.katalon.core.main.TestSuiteExecutor.execute(TestSuiteExecutor.java:90)
	at com.kms.katalon.core.main.TestCaseMain.startTestSuite(TestCaseMain.java:157)
	at com.kms.katalon.core.main.TestCaseMain$startTestSuite$0.call(Unknown Source)
	at TempTestSuite1603788899090.run(TempTestSuite1603788899090.groovy:39)


2020-10-27 16:00:15 - [TEST_STEP][PASSED] - Go to ISTools: Go to ISTools

2020-10-27 16:00:15 - [MESSAGE][INFO] - Starting 'Chrome' driver

2020-10-27 16:00:15 - [MESSAGE][INFO] - User set preference: ['AcceptInsecureCerts', 'true']

2020-10-27 16:00:15 - [MESSAGE][INFO] - User set preference: ['args', '[ignore-certificate-errors]']

2020-10-27 16:00:15 - [MESSAGE][INFO] - Action delay is set to 0 milliseconds

2020-10-27 16:00:17 - [MESSAGE][PASSED] - Browser is opened with url: ''

2020-10-27 16:00:23 - [MESSAGE][PASSED] - Navigate to 'https://id-ist01preprod.id.nonprod/ist/' successfully

2020-10-27 16:00:23 - [MESSAGE][PASSED] - Go to ISTools

2020-10-27 16:00:23 - [TEST_STEP][PASSED] - Login IST with valid credentials: Login IST with valid credentials

2020-10-27 16:00:24 - [MESSAGE][PASSED] - Text 'mobile.test' is set on object 'Object Repository/Page_/input_Username_j_username'

2020-10-27 16:00:25 - [MESSAGE][PASSED] - Text ****** has been set on object 'Object Repository/Page_/input_Password_j_password'

2020-10-27 16:00:27 - [MESSAGE][PASSED] - Object: 'Object Repository/Page_/button_Login' is clicked on

2020-10-27 16:00:27 - [MESSAGE][PASSED] - Login IST with valid credentials

2020-10-27 16:00:27 - [TEST_STEP][PASSED] - Login Success for contract dispatcher: Login Success for contract dispatcher

2020-10-27 16:00:27 - [MESSAGE][INFO] - Login Success

2020-10-27 16:00:27 - [MESSAGE][PASSED] - Current window maximized

2020-10-27 16:00:28 - [MESSAGE][PASSED] - Object 'Object Repository/Page_/h1_Welcome to IT Supporting Tools' is present

2020-10-27 16:00:28 - [MESSAGE][PASSED] - Login Success for contract dispatcher

2020-10-27 16:00:28 - [TEST_STEP][PASSED] - Select Menu SLIK Gateway NonCustomer: Select Menu SLIK Gateway NonCustomer

2020-10-27 16:00:28 - [MESSAGE][PASSED] - Object '' is present

2020-10-27 16:00:28 - [MESSAGE][PASSED] - Object: '' is clicked on

2020-10-27 16:00:28 - [MESSAGE][PASSED] - Wait for page load successfully

2020-10-27 16:00:28 - [MESSAGE][PASSED] - Select Menu SLIK Gateway NonCustomer

2020-10-27 16:00:28 - [TEST_STEP][PASSED] - Select Status is "APPROVED": Select Status is "APPROVED"

2020-10-27 16:00:35 - [MESSAGE][PASSED] - All options with value 'APPROVED' are selected in object ''  using regular expression

2020-10-27 16:00:35 - [MESSAGE][PASSED] - Select Status is "APPROVED"

2020-10-27 16:00:35 - [TEST_STEP][PASSED] - Click button "Search": Click button "Search"

2020-10-27 16:00:35 - [MESSAGE][INFO] - >>>>>//Button[contains(text(),'Search')]

2020-10-27 16:00:38 - [MESSAGE][PASSED] - Object: '' is clicked on

2020-10-27 16:00:38 - [MESSAGE][PASSED] - Click button "Search"

2020-10-27 16:00:38 - [TEST_STEP][PASSED] - Verify Search Result Based on Result Status: Verify Search Result Based on Result Status

2020-10-27 16:00:39 - [MESSAGE][PASSED] - Scroll to object '' successfully

2020-10-27 16:00:40 - [MESSAGE][WARNING] - Actual text 'APPROVED -' and expected text 'APPROVED - FAILED' of test object '' are NOT matched. (Root cause: com.kms.katalon.core.exception.StepFailedException: Actual text 'APPROVED -' and expected text 'APPROVED - FAILED' of test object '' are NOT matched.
	at com.kms.katalon.core.webui.keyword.internal.WebUIKeywordMain.stepFailed(WebUIKeywordMain.groovy:64)
	at com.kms.katalon.core.webui.keyword.builtin.VerifyElementTextKeyword$_verifyElementText_closure1.doCall(VerifyElementTextKeyword.groovy:57)
	at com.kms.katalon.core.webui.keyword.builtin.VerifyElementTextKeyword$_verifyElementText_closure1.call(VerifyElementTextKeyword.groovy)
	at com.kms.katalon.core.webui.keyword.internal.WebUIKeywordMain.runKeyword(WebUIKeywordMain.groovy:20)
	at com.kms.katalon.core.webui.keyword.builtin.VerifyElementTextKeyword.verifyElementText(VerifyElementTextKeyword.groovy:72)
	at com.kms.katalon.core.webui.keyword.builtin.VerifyElementTextKeyword.execute(VerifyElementTextKeyword.groovy:40)
	at com.kms.katalon.core.keyword.internal.KeywordExecutor.executeKeywordForPlatform(KeywordExecutor.groovy:73)
	at com.kms.katalon.core.webui.keyword.WebUiBuiltInKeywords.verifyElementText(WebUiBuiltInKeywords.groovy:3673)
	at com.kms.katalon.core.webui.keyword.WebUiBuiltInKeywords$verifyElementText$21.call(Unknown Source)
	at Slik_Script.Verify_Result_Status(Slik_Script.groovy:369)
	at cucumber.runtime.Utils$1.call(Utils.java:26)
	at cucumber.runtime.Timeout.timeout(Timeout.java:16)
	at cucumber.runtime.Utils.invoke(Utils.java:20)
	at cucumber.runtime.java.JavaStepDefinition.execute(JavaStepDefinition.java:48)
	at cucumber.runtime.PickleStepDefinitionMatch.runStep(PickleStepDefinitionMatch.java:50)
	at cucumber.runner.TestStep.executeStep(TestStep.java:55)
	at cucumber.runner.TestStep.run(TestStep.java:42)
	at cucumber.runner.PickleStepTestStep.run(PickleStepTestStep.java:53)
	at cucumber.runner.TestCase.run(TestCase.java:47)
	at cucumber.runner.Runner.runPickle(Runner.java:44)
	at cucumber.runtime.Runtime.runFeature(Runtime.java:120)
	at cucumber.runtime.Runtime.run(Runtime.java:106)
	at cucumber.api.cli.Main.run(Main.java:35)
	at cucumber.api.cli.Main$run.call(Unknown Source)
	at com.kms.katalon.core.cucumber.keyword.CucumberBuiltinKeywords$_runFeatureFile_closure1.doCall(CucumberBuiltinKeywords.groovy:76)
	at com.kms.katalon.core.cucumber.keyword.CucumberBuiltinKeywords$_runFeatureFile_closure1.doCall(CucumberBuiltinKeywords.groovy)
	at com.kms.katalon.core.keyword.internal.KeywordMain.runKeyword(KeywordMain.groovy:68)
	at com.kms.katalon.core.keyword.internal.KeywordMain$runKeyword.call(Unknown Source)
	at com.kms.katalon.core.cucumber.keyword.CucumberBuiltinKeywords.runFeatureFile(CucumberBuiltinKeywords.groovy:46)
	at com.kms.katalon.core.cucumber.keyword.CucumberBuiltinKeywords$runFeatureFile$0.callStatic(Unknown Source)
	at com.kms.katalon.core.cucumber.keyword.CucumberBuiltinKeywords.runFeatureFile(CucumberBuiltinKeywords.groovy:169)
	at com.kms.katalon.core.cucumber.keyword.CucumberBuiltinKeywords$runFeatureFile.call(Unknown Source)
	at SLIK Gateway Non Customer View Detail when Status APPROVED.run(SLIK Gateway Non Customer View Detail when Status APPROVED:18)
	at com.kms.katalon.core.main.ScriptEngine.run(ScriptEngine.java:194)
	at com.kms.katalon.core.main.ScriptEngine.runScriptAsRawText(ScriptEngine.java:119)
	at com.kms.katalon.core.main.TestCaseExecutor.runScript(TestCaseExecutor.java:339)
	at com.kms.katalon.core.main.TestCaseExecutor.doExecute(TestCaseExecutor.java:330)
	at com.kms.katalon.core.main.TestCaseExecutor.processExecutionPhase(TestCaseExecutor.java:309)
	at com.kms.katalon.core.main.TestCaseExecutor.accessMainPhase(TestCaseExecutor.java:301)
	at com.kms.katalon.core.main.TestCaseExecutor.execute(TestCaseExecutor.java:235)
	at com.kms.katalon.core.main.TestSuiteExecutor.accessTestCaseMainPhase(TestSuiteExecutor.java:191)
	at com.kms.katalon.core.main.TestSuiteExecutor.accessTestSuiteMainPhase(TestSuiteExecutor.java:141)
	at com.kms.katalon.core.main.TestSuiteExecutor.execute(TestSuiteExecutor.java:90)
	at com.kms.katalon.core.main.TestCaseMain.startTestSuite(TestCaseMain.java:157)
	at com.kms.katalon.core.main.TestCaseMain$startTestSuite$0.call(Unknown Source)
	at TempTestSuite1603788899090.run(TempTestSuite1603788899090.groovy:39)
)
[[ATTACHMENT|/Users/chaidir.pratama01/Katalon Studio/IST_Automation_Git/Reports/20201027_155459/SLIK/TS_SLIK_Gateway_Non_Customer/20201027_155459/1603789239819.png]]

2020-10-27 16:00:41 - [MESSAGE][WARNING] - Actual text 'APPROVED -' and expected text 'APPROVED - SUCCESS' of test object '' are NOT matched. (Root cause: com.kms.katalon.core.exception.StepFailedException: Actual text 'APPROVED -' and expected text 'APPROVED - SUCCESS' of test object '' are NOT matched.
	at com.kms.katalon.core.webui.keyword.internal.WebUIKeywordMain.stepFailed(WebUIKeywordMain.groovy:64)
	at com.kms.katalon.core.webui.keyword.builtin.VerifyElementTextKeyword$_verifyElementText_closure1.doCall(VerifyElementTextKeyword.groovy:57)
	at com.kms.katalon.core.webui.keyword.builtin.VerifyElementTextKeyword$_verifyElementText_closure1.call(VerifyElementTextKeyword.groovy)
	at com.kms.katalon.core.webui.keyword.internal.WebUIKeywordMain.runKeyword(WebUIKeywordMain.groovy:20)
	at com.kms.katalon.core.webui.keyword.builtin.VerifyElementTextKeyword.verifyElementText(VerifyElementTextKeyword.groovy:72)
	at com.kms.katalon.core.webui.keyword.builtin.VerifyElementTextKeyword.execute(VerifyElementTextKeyword.groovy:40)
	at com.kms.katalon.core.keyword.internal.KeywordExecutor.executeKeywordForPlatform(KeywordExecutor.groovy:73)
	at com.kms.katalon.core.webui.keyword.WebUiBuiltInKeywords.verifyElementText(WebUiBuiltInKeywords.groovy:3673)
	at com.kms.katalon.core.webui.keyword.WebUiBuiltInKeywords$verifyElementText$21.call(Unknown Source)
	at Slik_Script.Verify_Result_Status(Slik_Script.groovy:369)
	at cucumber.runtime.Utils$1.call(Utils.java:26)
	at cucumber.runtime.Timeout.timeout(Timeout.java:16)
	at cucumber.runtime.Utils.invoke(Utils.java:20)
	at cucumber.runtime.java.JavaStepDefinition.execute(JavaStepDefinition.java:48)
	at cucumber.runtime.PickleStepDefinitionMatch.runStep(PickleStepDefinitionMatch.java:50)
	at cucumber.runner.TestStep.executeStep(TestStep.java:55)
	at cucumber.runner.TestStep.run(TestStep.java:42)
	at cucumber.runner.PickleStepTestStep.run(PickleStepTestStep.java:53)
	at cucumber.runner.TestCase.run(TestCase.java:47)
	at cucumber.runner.Runner.runPickle(Runner.java:44)
	at cucumber.runtime.Runtime.runFeature(Runtime.java:120)
	at cucumber.runtime.Runtime.run(Runtime.java:106)
	at cucumber.api.cli.Main.run(Main.java:35)
	at cucumber.api.cli.Main$run.call(Unknown Source)
	at com.kms.katalon.core.cucumber.keyword.CucumberBuiltinKeywords$_runFeatureFile_closure1.doCall(CucumberBuiltinKeywords.groovy:76)
	at com.kms.katalon.core.cucumber.keyword.CucumberBuiltinKeywords$_runFeatureFile_closure1.doCall(CucumberBuiltinKeywords.groovy)
	at com.kms.katalon.core.keyword.internal.KeywordMain.runKeyword(KeywordMain.groovy:68)
	at com.kms.katalon.core.keyword.internal.KeywordMain$runKeyword.call(Unknown Source)
	at com.kms.katalon.core.cucumber.keyword.CucumberBuiltinKeywords.runFeatureFile(CucumberBuiltinKeywords.groovy:46)
	at com.kms.katalon.core.cucumber.keyword.CucumberBuiltinKeywords$runFeatureFile$0.callStatic(Unknown Source)
	at com.kms.katalon.core.cucumber.keyword.CucumberBuiltinKeywords.runFeatureFile(CucumberBuiltinKeywords.groovy:169)
	at com.kms.katalon.core.cucumber.keyword.CucumberBuiltinKeywords$runFeatureFile.call(Unknown Source)
	at SLIK Gateway Non Customer View Detail when Status APPROVED.run(SLIK Gateway Non Customer View Detail when Status APPROVED:18)
	at com.kms.katalon.core.main.ScriptEngine.run(ScriptEngine.java:194)
	at com.kms.katalon.core.main.ScriptEngine.runScriptAsRawText(ScriptEngine.java:119)
	at com.kms.katalon.core.main.TestCaseExecutor.runScript(TestCaseExecutor.java:339)
	at com.kms.katalon.core.main.TestCaseExecutor.doExecute(TestCaseExecutor.java:330)
	at com.kms.katalon.core.main.TestCaseExecutor.processExecutionPhase(TestCaseExecutor.java:309)
	at com.kms.katalon.core.main.TestCaseExecutor.accessMainPhase(TestCaseExecutor.java:301)
	at com.kms.katalon.core.main.TestCaseExecutor.execute(TestCaseExecutor.java:235)
	at com.kms.katalon.core.main.TestSuiteExecutor.accessTestCaseMainPhase(TestSuiteExecutor.java:191)
	at com.kms.katalon.core.main.TestSuiteExecutor.accessTestSuiteMainPhase(TestSuiteExecutor.java:141)
	at com.kms.katalon.core.main.TestSuiteExecutor.execute(TestSuiteExecutor.java:90)
	at com.kms.katalon.core.main.TestCaseMain.startTestSuite(TestCaseMain.java:157)
	at com.kms.katalon.core.main.TestCaseMain$startTestSuite$0.call(Unknown Source)
	at TempTestSuite1603788899090.run(TempTestSuite1603788899090.groovy:39)
)
[[ATTACHMENT|/Users/chaidir.pratama01/Katalon Studio/IST_Automation_Git/Reports/20201027_155459/SLIK/TS_SLIK_Gateway_Non_Customer/20201027_155459/1603789240902.png]]

2020-10-27 16:00:41 - [MESSAGE][PASSED] - Actual text and expected text of test object '' are matched.

2020-10-27 16:00:42 - [MESSAGE][PASSED] - Text of object '' is: 'APPROVED -'

2020-10-27 16:00:42 - [MESSAGE][PASSED] - Text of object '' is: '8888888888888888'

2020-10-27 16:00:42 - [MESSAGE][PASSED] - Verify Search Result Based on Result Status

2020-10-27 16:00:42 - [TEST_STEP][FAILED] - Click View Detail Link: Click View Detail Link FAILED.
Reason:
com.kms.katalon.core.exception.StepFailedException: Unable to verify object '' is not present
	at com.kms.katalon.core.webui.keyword.internal.WebUIKeywordMain.stepFailed(WebUIKeywordMain.groovy:64)
	at com.kms.katalon.core.webui.keyword.internal.WebUIKeywordMain.runKeyword(WebUIKeywordMain.groovy:26)
	at com.kms.katalon.core.webui.keyword.internal.WebUIKeywordMain$runKeyword.call(Unknown Source)
	at com.kms.katalon.core.webui.keyword.builtin.VerifyElementNotPresentKeyword.verifyElementNotPresent(VerifyElementNotPresentKeyword.groovy:117)
	at com.kms.katalon.core.webui.keyword.builtin.VerifyElementNotPresentKeyword.execute(VerifyElementNotPresentKeyword.groovy:68)
	at com.kms.katalon.core.keyword.internal.KeywordExecutor.executeKeywordForPlatform(KeywordExecutor.groovy:73)
	at com.kms.katalon.core.webui.keyword.WebUiBuiltInKeywords.verifyElementNotPresent(WebUiBuiltInKeywords.groovy:1493)
	at com.kms.katalon.core.webui.keyword.WebUiBuiltInKeywords$verifyElementNotPresent$19.call(Unknown Source)
	at Slik_Script.Slik_Verify_Detail(Slik_Script.groovy:468)
	at .Click View Detail Link(/Users/chaidir.pratama01/Katalon Studio/IST_Automation_Git/Include/features/IST_Real/SLIK/SLIK Gateway Non Customer/SLIK_Gateway_Non_Customer_View_Detail_when_Status_APPROVED.feature:37)
Caused by: com.kms.katalon.core.exception.StepFailedException: Web element with id: '' located by 'By.xpath: //span[text()='Search Result']/../../../following-sibling::div[@class='z-groupbox-content']/div[@class='z-grid']/div[@class='z-grid-body']/table/tbody/tr/td[7]/div/div/span' is present after '3' second(s)
	at com.kms.katalon.core.webui.keyword.internal.WebUIKeywordMain.stepFailed(WebUIKeywordMain.groovy:64)
	at com.kms.katalon.core.webui.keyword.internal.WebUIKeywordMain$stepFailed$0.call(Unknown Source)
	at com.kms.katalon.core.webui.keyword.builtin.VerifyElementNotPresentKeyword$_verifyElementNotPresent_closure1.doCall(VerifyElementNotPresentKeyword.groovy:106)
	at com.kms.katalon.core.webui.keyword.builtin.VerifyElementNotPresentKeyword$_verifyElementNotPresent_closure1.doCall(VerifyElementNotPresentKeyword.groovy)
	at com.kms.katalon.core.webui.keyword.internal.WebUIKeywordMain.runKeyword(WebUIKeywordMain.groovy:20)
	at com.kms.katalon.core.webui.keyword.internal.WebUIKeywordMain$runKeyword.call(Unknown Source)
	at com.kms.katalon.core.webui.keyword.builtin.VerifyElementNotPresentKeyword.verifyElementNotPresent(VerifyElementNotPresentKeyword.groovy:117)
	at com.kms.katalon.core.webui.keyword.builtin.VerifyElementNotPresentKeyword.execute(VerifyElementNotPresentKeyword.groovy:68)
	at com.kms.katalon.core.keyword.internal.KeywordExecutor.executeKeywordForPlatform(KeywordExecutor.groovy:73)
	at com.kms.katalon.core.webui.keyword.WebUiBuiltInKeywords.verifyElementNotPresent(WebUiBuiltInKeywords.groovy:1493)
	at com.kms.katalon.core.webui.keyword.WebUiBuiltInKeywords$verifyElementNotPresent$19.call(Unknown Source)
	at Slik_Script.Slik_Verify_Detail(Slik_Script.groovy:468)
	at cucumber.runtime.Utils$1.call(Utils.java:26)
	at cucumber.runtime.Timeout.timeout(Timeout.java:16)
	at cucumber.runtime.Utils.invoke(Utils.java:20)
	at cucumber.runtime.java.JavaStepDefinition.execute(JavaStepDefinition.java:48)
	at cucumber.runtime.PickleStepDefinitionMatch.runStep(PickleStepDefinitionMatch.java:50)
	at cucumber.runner.TestStep.executeStep(TestStep.java:55)
	at cucumber.runner.TestStep.run(TestStep.java:42)
	at cucumber.runner.PickleStepTestStep.run(PickleStepTestStep.java:53)
	at cucumber.runner.TestCase.run(TestCase.java:47)
	at cucumber.runner.Runner.runPickle(Runner.java:44)
	at cucumber.runtime.Runtime.runFeature(Runtime.java:120)
	at cucumber.runtime.Runtime.run(Runtime.java:106)
	at cucumber.api.cli.Main.run(Main.java:35)
	at cucumber.api.cli.Main$run.call(Unknown Source)
	at com.kms.katalon.core.cucumber.keyword.CucumberBuiltinKeywords$_runFeatureFile_closure1.doCall(CucumberBuiltinKeywords.groovy:76)
	at com.kms.katalon.core.cucumber.keyword.CucumberBuiltinKeywords$_runFeatureFile_closure1.doCall(CucumberBuiltinKeywords.groovy)
	at com.kms.katalon.core.keyword.internal.KeywordMain.runKeyword(KeywordMain.groovy:68)
	at com.kms.katalon.core.keyword.internal.KeywordMain$runKeyword.call(Unknown Source)
	at com.kms.katalon.core.cucumber.keyword.CucumberBuiltinKeywords.runFeatureFile(CucumberBuiltinKeywords.groovy:46)
	at com.kms.katalon.core.cucumber.keyword.CucumberBuiltinKeywords$runFeatureFile$0.callStatic(Unknown Source)
	at com.kms.katalon.core.cucumber.keyword.CucumberBuiltinKeywords.runFeatureFile(CucumberBuiltinKeywords.groovy:169)
	at com.kms.katalon.core.cucumber.keyword.CucumberBuiltinKeywords$runFeatureFile.call(Unknown Source)
	at SLIK Gateway Non Customer View Detail when Status APPROVED.run(SLIK Gateway Non Customer View Detail when Status APPROVED:18)
	at com.kms.katalon.core.main.ScriptEngine.run(ScriptEngine.java:194)
	at com.kms.katalon.core.main.ScriptEngine.runScriptAsRawText(ScriptEngine.java:119)
	at com.kms.katalon.core.main.TestCaseExecutor.runScript(TestCaseExecutor.java:339)
	at com.kms.katalon.core.main.TestCaseExecutor.doExecute(TestCaseExecutor.java:330)
	at com.kms.katalon.core.main.TestCaseExecutor.processExecutionPhase(TestCaseExecutor.java:309)
	at com.kms.katalon.core.main.TestCaseExecutor.accessMainPhase(TestCaseExecutor.java:301)
	at com.kms.katalon.core.main.TestCaseExecutor.execute(TestCaseExecutor.java:235)
	at com.kms.katalon.core.main.TestSuiteExecutor.accessTestCaseMainPhase(TestSuiteExecutor.java:191)
	at com.kms.katalon.core.main.TestSuiteExecutor.accessTestSuiteMainPhase(TestSuiteExecutor.java:141)
	at com.kms.katalon.core.main.TestSuiteExecutor.execute(TestSuiteExecutor.java:90)
	at com.kms.katalon.core.main.TestCaseMain.startTestSuite(TestCaseMain.java:157)
	at com.kms.katalon.core.main.TestCaseMain$startTestSuite$0.call(Unknown Source)
	at TempTestSuite1603788899090.run(TempTestSuite1603788899090.groovy:39)


2020-10-27 16:00:46 - [MESSAGE][FAILED] - Web element with id: '' located by 'By.xpath: //span[text()='Search Result']/../../../following-sibling::div[@class='z-groupbox-content']/div[@class='z-grid']/div[@class='z-grid-body']/table/tbody/tr/td[7]/div/div/span' is present after '3' second(s) (Root cause: com.kms.katalon.core.exception.StepFailedException: Web element with id: '' located by 'By.xpath: //span[text()='Search Result']/../../../following-sibling::div[@class='z-groupbox-content']/div[@class='z-grid']/div[@class='z-grid-body']/table/tbody/tr/td[7]/div/div/span' is present after '3' second(s)
	at com.kms.katalon.core.webui.keyword.internal.WebUIKeywordMain.stepFailed(WebUIKeywordMain.groovy:64)
	at com.kms.katalon.core.webui.keyword.internal.WebUIKeywordMain$stepFailed$0.call(Unknown Source)
	at com.kms.katalon.core.webui.keyword.builtin.VerifyElementNotPresentKeyword$_verifyElementNotPresent_closure1.doCall(VerifyElementNotPresentKeyword.groovy:106)
	at com.kms.katalon.core.webui.keyword.builtin.VerifyElementNotPresentKeyword$_verifyElementNotPresent_closure1.doCall(VerifyElementNotPresentKeyword.groovy)
	at com.kms.katalon.core.webui.keyword.internal.WebUIKeywordMain.runKeyword(WebUIKeywordMain.groovy:20)
	at com.kms.katalon.core.webui.keyword.internal.WebUIKeywordMain$runKeyword.call(Unknown Source)
	at com.kms.katalon.core.webui.keyword.builtin.VerifyElementNotPresentKeyword.verifyElementNotPresent(VerifyElementNotPresentKeyword.groovy:117)
	at com.kms.katalon.core.webui.keyword.builtin.VerifyElementNotPresentKeyword.execute(VerifyElementNotPresentKeyword.groovy:68)
	at com.kms.katalon.core.keyword.internal.KeywordExecutor.executeKeywordForPlatform(KeywordExecutor.groovy:73)
	at com.kms.katalon.core.webui.keyword.WebUiBuiltInKeywords.verifyElementNotPresent(WebUiBuiltInKeywords.groovy:1493)
	at com.kms.katalon.core.webui.keyword.WebUiBuiltInKeywords$verifyElementNotPresent$19.call(Unknown Source)
	at Slik_Script.Slik_Verify_Detail(Slik_Script.groovy:468)
	at cucumber.runtime.Utils$1.call(Utils.java:26)
	at cucumber.runtime.Timeout.timeout(Timeout.java:16)
	at cucumber.runtime.Utils.invoke(Utils.java:20)
	at cucumber.runtime.java.JavaStepDefinition.execute(JavaStepDefinition.java:48)
	at cucumber.runtime.PickleStepDefinitionMatch.runStep(PickleStepDefinitionMatch.java:50)
	at cucumber.runner.TestStep.executeStep(TestStep.java:55)
	at cucumber.runner.TestStep.run(TestStep.java:42)
	at cucumber.runner.PickleStepTestStep.run(PickleStepTestStep.java:53)
	at cucumber.runner.TestCase.run(TestCase.java:47)
	at cucumber.runner.Runner.runPickle(Runner.java:44)
	at cucumber.runtime.Runtime.runFeature(Runtime.java:120)
	at cucumber.runtime.Runtime.run(Runtime.java:106)
	at cucumber.api.cli.Main.run(Main.java:35)
	at cucumber.api.cli.Main$run.call(Unknown Source)
	at com.kms.katalon.core.cucumber.keyword.CucumberBuiltinKeywords$_runFeatureFile_closure1.doCall(CucumberBuiltinKeywords.groovy:76)
	at com.kms.katalon.core.cucumber.keyword.CucumberBuiltinKeywords$_runFeatureFile_closure1.doCall(CucumberBuiltinKeywords.groovy)
	at com.kms.katalon.core.keyword.internal.KeywordMain.runKeyword(KeywordMain.groovy:68)
	at com.kms.katalon.core.keyword.internal.KeywordMain$runKeyword.call(Unknown Source)
	at com.kms.katalon.core.cucumber.keyword.CucumberBuiltinKeywords.runFeatureFile(CucumberBuiltinKeywords.groovy:46)
	at com.kms.katalon.core.cucumber.keyword.CucumberBuiltinKeywords$runFeatureFile$0.callStatic(Unknown Source)
	at com.kms.katalon.core.cucumber.keyword.CucumberBuiltinKeywords.runFeatureFile(CucumberBuiltinKeywords.groovy:169)
	at com.kms.katalon.core.cucumber.keyword.CucumberBuiltinKeywords$runFeatureFile.call(Unknown Source)
	at SLIK Gateway Non Customer View Detail when Status APPROVED.run(SLIK Gateway Non Customer View Detail when Status APPROVED:18)
	at com.kms.katalon.core.main.ScriptEngine.run(ScriptEngine.java:194)
	at com.kms.katalon.core.main.ScriptEngine.runScriptAsRawText(ScriptEngine.java:119)
	at com.kms.katalon.core.main.TestCaseExecutor.runScript(TestCaseExecutor.java:339)
	at com.kms.katalon.core.main.TestCaseExecutor.doExecute(TestCaseExecutor.java:330)
	at com.kms.katalon.core.main.TestCaseExecutor.processExecutionPhase(TestCaseExecutor.java:309)
	at com.kms.katalon.core.main.TestCaseExecutor.accessMainPhase(TestCaseExecutor.java:301)
	at com.kms.katalon.core.main.TestCaseExecutor.execute(TestCaseExecutor.java:235)
	at com.kms.katalon.core.main.TestSuiteExecutor.accessTestCaseMainPhase(TestSuiteExecutor.java:191)
	at com.kms.katalon.core.main.TestSuiteExecutor.accessTestSuiteMainPhase(TestSuiteExecutor.java:141)
	at com.kms.katalon.core.main.TestSuiteExecutor.execute(TestSuiteExecutor.java:90)
	at com.kms.katalon.core.main.TestCaseMain.startTestSuite(TestCaseMain.java:157)
	at com.kms.katalon.core.main.TestCaseMain$startTestSuite$0.call(Unknown Source)
	at TempTestSuite1603788899090.run(TempTestSuite1603788899090.groovy:39)
)
[[ATTACHMENT|/Users/chaidir.pratama01/Katalon Studio/IST_Automation_Git/Reports/20201027_155459/SLIK/TS_SLIK_Gateway_Non_Customer/20201027_155459/1603789245837.png]]

2020-10-27 16:00:46 - [MESSAGE][FAILED] - Unable to verify object '' is not present (Root cause: com.kms.katalon.core.exception.StepFailedException: Unable to verify object '' is not present
	at com.kms.katalon.core.webui.keyword.internal.WebUIKeywordMain.stepFailed(WebUIKeywordMain.groovy:64)
	at com.kms.katalon.core.webui.keyword.internal.WebUIKeywordMain.runKeyword(WebUIKeywordMain.groovy:26)
	at com.kms.katalon.core.webui.keyword.internal.WebUIKeywordMain$runKeyword.call(Unknown Source)
	at com.kms.katalon.core.webui.keyword.builtin.VerifyElementNotPresentKeyword.verifyElementNotPresent(VerifyElementNotPresentKeyword.groovy:117)
	at com.kms.katalon.core.webui.keyword.builtin.VerifyElementNotPresentKeyword.execute(VerifyElementNotPresentKeyword.groovy:68)
	at com.kms.katalon.core.keyword.internal.KeywordExecutor.executeKeywordForPlatform(KeywordExecutor.groovy:73)
	at com.kms.katalon.core.webui.keyword.WebUiBuiltInKeywords.verifyElementNotPresent(WebUiBuiltInKeywords.groovy:1493)
	at com.kms.katalon.core.webui.keyword.WebUiBuiltInKeywords$verifyElementNotPresent$19.call(Unknown Source)
	at Slik_Script.Slik_Verify_Detail(Slik_Script.groovy:468)
	at cucumber.runtime.Utils$1.call(Utils.java:26)
	at cucumber.runtime.Timeout.timeout(Timeout.java:16)
	at cucumber.runtime.Utils.invoke(Utils.java:20)
	at cucumber.runtime.java.JavaStepDefinition.execute(JavaStepDefinition.java:48)
	at cucumber.runtime.PickleStepDefinitionMatch.runStep(PickleStepDefinitionMatch.java:50)
	at cucumber.runner.TestStep.executeStep(TestStep.java:55)
	at cucumber.runner.TestStep.run(TestStep.java:42)
	at cucumber.runner.PickleStepTestStep.run(PickleStepTestStep.java:53)
	at cucumber.runner.TestCase.run(TestCase.java:47)
	at cucumber.runner.Runner.runPickle(Runner.java:44)
	at cucumber.runtime.Runtime.runFeature(Runtime.java:120)
	at cucumber.runtime.Runtime.run(Runtime.java:106)
	at cucumber.api.cli.Main.run(Main.java:35)
	at cucumber.api.cli.Main$run.call(Unknown Source)
	at com.kms.katalon.core.cucumber.keyword.CucumberBuiltinKeywords$_runFeatureFile_closure1.doCall(CucumberBuiltinKeywords.groovy:76)
	at com.kms.katalon.core.cucumber.keyword.CucumberBuiltinKeywords$_runFeatureFile_closure1.doCall(CucumberBuiltinKeywords.groovy)
	at com.kms.katalon.core.keyword.internal.KeywordMain.runKeyword(KeywordMain.groovy:68)
	at com.kms.katalon.core.keyword.internal.KeywordMain$runKeyword.call(Unknown Source)
	at com.kms.katalon.core.cucumber.keyword.CucumberBuiltinKeywords.runFeatureFile(CucumberBuiltinKeywords.groovy:46)
	at com.kms.katalon.core.cucumber.keyword.CucumberBuiltinKeywords$runFeatureFile$0.callStatic(Unknown Source)
	at com.kms.katalon.core.cucumber.keyword.CucumberBuiltinKeywords.runFeatureFile(CucumberBuiltinKeywords.groovy:169)
	at com.kms.katalon.core.cucumber.keyword.CucumberBuiltinKeywords$runFeatureFile.call(Unknown Source)
	at SLIK Gateway Non Customer View Detail when Status APPROVED.run(SLIK Gateway Non Customer View Detail when Status APPROVED:18)
	at com.kms.katalon.core.main.ScriptEngine.run(ScriptEngine.java:194)
	at com.kms.katalon.core.main.ScriptEngine.runScriptAsRawText(ScriptEngine.java:119)
	at com.kms.katalon.core.main.TestCaseExecutor.runScript(TestCaseExecutor.java:339)
	at com.kms.katalon.core.main.TestCaseExecutor.doExecute(TestCaseExecutor.java:330)
	at com.kms.katalon.core.main.TestCaseExecutor.processExecutionPhase(TestCaseExecutor.java:309)
	at com.kms.katalon.core.main.TestCaseExecutor.accessMainPhase(TestCaseExecutor.java:301)
	at com.kms.katalon.core.main.TestCaseExecutor.execute(TestCaseExecutor.java:235)
	at com.kms.katalon.core.main.TestSuiteExecutor.accessTestCaseMainPhase(TestSuiteExecutor.java:191)
	at com.kms.katalon.core.main.TestSuiteExecutor.accessTestSuiteMainPhase(TestSuiteExecutor.java:141)
	at com.kms.katalon.core.main.TestSuiteExecutor.execute(TestSuiteExecutor.java:90)
	at com.kms.katalon.core.main.TestCaseMain.startTestSuite(TestCaseMain.java:157)
	at com.kms.katalon.core.main.TestCaseMain$startTestSuite$0.call(Unknown Source)
	at TempTestSuite1603788899090.run(TempTestSuite1603788899090.groovy:39)
Caused by: com.kms.katalon.core.exception.StepFailedException: Web element with id: '' located by 'By.xpath: //span[text()='Search Result']/../../../following-sibling::div[@class='z-groupbox-content']/div[@class='z-grid']/div[@class='z-grid-body']/table/tbody/tr/td[7]/div/div/span' is present after '3' second(s)
	at com.kms.katalon.core.webui.keyword.internal.WebUIKeywordMain.stepFailed(WebUIKeywordMain.groovy:64)
	at com.kms.katalon.core.webui.keyword.internal.WebUIKeywordMain$stepFailed$0.call(Unknown Source)
	at com.kms.katalon.core.webui.keyword.builtin.VerifyElementNotPresentKeyword$_verifyElementNotPresent_closure1.doCall(VerifyElementNotPresentKeyword.groovy:106)
	at com.kms.katalon.core.webui.keyword.builtin.VerifyElementNotPresentKeyword$_verifyElementNotPresent_closure1.doCall(VerifyElementNotPresentKeyword.groovy)
	at com.kms.katalon.core.webui.keyword.internal.WebUIKeywordMain.runKeyword(WebUIKeywordMain.groovy:20)
	... 43 more
)
[[ATTACHMENT|/Users/chaidir.pratama01/Katalon Studio/IST_Automation_Git/Reports/20201027_155459/SLIK/TS_SLIK_Gateway_Non_Customer/20201027_155459/1603789246402.png]]

2020-10-27 16:00:46 - [MESSAGE][FAILED] - Click View Detail Link FAILED.
Reason:
com.kms.katalon.core.exception.StepFailedException: Unable to verify object '' is not present
	at com.kms.katalon.core.webui.keyword.internal.WebUIKeywordMain.stepFailed(WebUIKeywordMain.groovy:64)
	at com.kms.katalon.core.webui.keyword.internal.WebUIKeywordMain.runKeyword(WebUIKeywordMain.groovy:26)
	at com.kms.katalon.core.webui.keyword.internal.WebUIKeywordMain$runKeyword.call(Unknown Source)
	at com.kms.katalon.core.webui.keyword.builtin.VerifyElementNotPresentKeyword.verifyElementNotPresent(VerifyElementNotPresentKeyword.groovy:117)
	at com.kms.katalon.core.webui.keyword.builtin.VerifyElementNotPresentKeyword.execute(VerifyElementNotPresentKeyword.groovy:68)
	at com.kms.katalon.core.keyword.internal.KeywordExecutor.executeKeywordForPlatform(KeywordExecutor.groovy:73)
	at com.kms.katalon.core.webui.keyword.WebUiBuiltInKeywords.verifyElementNotPresent(WebUiBuiltInKeywords.groovy:1493)
	at com.kms.katalon.core.webui.keyword.WebUiBuiltInKeywords$verifyElementNotPresent$19.call(Unknown Source)
	at Slik_Script.Slik_Verify_Detail(Slik_Script.groovy:468)
	at .Click View Detail Link(/Users/chaidir.pratama01/Katalon Studio/IST_Automation_Git/Include/features/IST_Real/SLIK/SLIK Gateway Non Customer/SLIK_Gateway_Non_Customer_View_Detail_when_Status_APPROVED.feature:37)
Caused by: com.kms.katalon.core.exception.StepFailedException: Web element with id: '' located by 'By.xpath: //span[text()='Search Result']/../../../following-sibling::div[@class='z-groupbox-content']/div[@class='z-grid']/div[@class='z-grid-body']/table/tbody/tr/td[7]/div/div/span' is present after '3' second(s)
	at com.kms.katalon.core.webui.keyword.internal.WebUIKeywordMain.stepFailed(WebUIKeywordMain.groovy:64)
	at com.kms.katalon.core.webui.keyword.internal.WebUIKeywordMain$stepFailed$0.call(Unknown Source)
	at com.kms.katalon.core.webui.keyword.builtin.VerifyElementNotPresentKeyword$_verifyElementNotPresent_closure1.doCall(VerifyElementNotPresentKeyword.groovy:106)
	at com.kms.katalon.core.webui.keyword.builtin.VerifyElementNotPresentKeyword$_verifyElementNotPresent_closure1.doCall(VerifyElementNotPresentKeyword.groovy)
	at com.kms.katalon.core.webui.keyword.internal.WebUIKeywordMain.runKeyword(WebUIKeywordMain.groovy:20)
	at com.kms.katalon.core.webui.keyword.internal.WebUIKeywordMain$runKeyword.call(Unknown Source)
	at com.kms.katalon.core.webui.keyword.builtin.VerifyElementNotPresentKeyword.verifyElementNotPresent(VerifyElementNotPresentKeyword.groovy:117)
	at com.kms.katalon.core.webui.keyword.builtin.VerifyElementNotPresentKeyword.execute(VerifyElementNotPresentKeyword.groovy:68)
	at com.kms.katalon.core.keyword.internal.KeywordExecutor.executeKeywordForPlatform(KeywordExecutor.groovy:73)
	at com.kms.katalon.core.webui.keyword.WebUiBuiltInKeywords.verifyElementNotPresent(WebUiBuiltInKeywords.groovy:1493)
	at com.kms.katalon.core.webui.keyword.WebUiBuiltInKeywords$verifyElementNotPresent$19.call(Unknown Source)
	at Slik_Script.Slik_Verify_Detail(Slik_Script.groovy:468)
	at cucumber.runtime.Utils$1.call(Utils.java:26)
	at cucumber.runtime.Timeout.timeout(Timeout.java:16)
	at cucumber.runtime.Utils.invoke(Utils.java:20)
	at cucumber.runtime.java.JavaStepDefinition.execute(JavaStepDefinition.java:48)
	at cucumber.runtime.PickleStepDefinitionMatch.runStep(PickleStepDefinitionMatch.java:50)
	at cucumber.runner.TestStep.executeStep(TestStep.java:55)
	at cucumber.runner.TestStep.run(TestStep.java:42)
	at cucumber.runner.PickleStepTestStep.run(PickleStepTestStep.java:53)
	at cucumber.runner.TestCase.run(TestCase.java:47)
	at cucumber.runner.Runner.runPickle(Runner.java:44)
	at cucumber.runtime.Runtime.runFeature(Runtime.java:120)
	at cucumber.runtime.Runtime.run(Runtime.java:106)
	at cucumber.api.cli.Main.run(Main.java:35)
	at cucumber.api.cli.Main$run.call(Unknown Source)
	at com.kms.katalon.core.cucumber.keyword.CucumberBuiltinKeywords$_runFeatureFile_closure1.doCall(CucumberBuiltinKeywords.groovy:76)
	at com.kms.katalon.core.cucumber.keyword.CucumberBuiltinKeywords$_runFeatureFile_closure1.doCall(CucumberBuiltinKeywords.groovy)
	at com.kms.katalon.core.keyword.internal.KeywordMain.runKeyword(KeywordMain.groovy:68)
	at com.kms.katalon.core.keyword.internal.KeywordMain$runKeyword.call(Unknown Source)
	at com.kms.katalon.core.cucumber.keyword.CucumberBuiltinKeywords.runFeatureFile(CucumberBuiltinKeywords.groovy:46)
	at com.kms.katalon.core.cucumber.keyword.CucumberBuiltinKeywords$runFeatureFile$0.callStatic(Unknown Source)
	at com.kms.katalon.core.cucumber.keyword.CucumberBuiltinKeywords.runFeatureFile(CucumberBuiltinKeywords.groovy:169)
	at com.kms.katalon.core.cucumber.keyword.CucumberBuiltinKeywords$runFeatureFile.call(Unknown Source)
	at SLIK Gateway Non Customer View Detail when Status APPROVED.run(SLIK Gateway Non Customer View Detail when Status APPROVED:18)
	at com.kms.katalon.core.main.ScriptEngine.run(ScriptEngine.java:194)
	at com.kms.katalon.core.main.ScriptEngine.runScriptAsRawText(ScriptEngine.java:119)
	at com.kms.katalon.core.main.TestCaseExecutor.runScript(TestCaseExecutor.java:339)
	at com.kms.katalon.core.main.TestCaseExecutor.doExecute(TestCaseExecutor.java:330)
	at com.kms.katalon.core.main.TestCaseExecutor.processExecutionPhase(TestCaseExecutor.java:309)
	at com.kms.katalon.core.main.TestCaseExecutor.accessMainPhase(TestCaseExecutor.java:301)
	at com.kms.katalon.core.main.TestCaseExecutor.execute(TestCaseExecutor.java:235)
	at com.kms.katalon.core.main.TestSuiteExecutor.accessTestCaseMainPhase(TestSuiteExecutor.java:191)
	at com.kms.katalon.core.main.TestSuiteExecutor.accessTestSuiteMainPhase(TestSuiteExecutor.java:141)
	at com.kms.katalon.core.main.TestSuiteExecutor.execute(TestSuiteExecutor.java:90)
	at com.kms.katalon.core.main.TestCaseMain.startTestSuite(TestCaseMain.java:157)
	at com.kms.katalon.core.main.TestCaseMain$startTestSuite$0.call(Unknown Source)
	at TempTestSuite1603788899090.run(TempTestSuite1603788899090.groovy:39)


2020-10-27 16:00:46 - [TEST_STEP][NOT_RUN] - Take Screenshot "View_detail_NonCutomer.png": Take Screenshot "View_detail_NonCutomer.png"

2020-10-27 16:00:46 - [MESSAGE][NOT_RUN] - Take Screenshot "View_detail_NonCutomer.png"

2020-10-27 16:00:46 - [TEST_STEP][NOT_RUN] - Verify Slik Result Detail Link: Verify Slik Result Detail Link

2020-10-27 16:00:46 - [MESSAGE][NOT_RUN] - Verify Slik Result Detail Link

2020-10-27 16:00:46 - [TEST_STEP][NOT_RUN] - Click button "Logout": Click button "Logout"

2020-10-27 16:00:46 - [MESSAGE][NOT_RUN] - Click button "Logout"

2020-10-27 16:00:46 - [TEST_STEP][NOT_RUN] - Close browser: Close browser

2020-10-27 16:00:46 - [MESSAGE][NOT_RUN] - Close browser

2020-10-27 16:00:46 - [MESSAGE][FAILED] - Feature file 'Include/features/IST_Real/SLIK/SLIK Gateway Non Customer/SLIK_Gateway_Non_Customer_View_Detail_when_Status_APPROVED.feature' was failed

2020-10-27 16:00:46 - [MESSAGE][FAILED] - Keyword runFeatureFile was failed (Root cause: com.kms.katalon.core.exception.StepFailedException: Feature file 'Include/features/IST_Real/SLIK/SLIK Gateway Non Customer/SLIK_Gateway_Non_Customer_View_Detail_when_Status_APPROVED.feature' was failed
	at com.kms.katalon.core.keyword.internal.KeywordMain.stepFailed(KeywordMain.groovy:50)
	at com.kms.katalon.core.keyword.internal.KeywordMain.stepFailed(KeywordMain.groovy)
	at com.kms.katalon.core.keyword.internal.KeywordMain.stepFailed(KeywordMain.groovy:23)
	at com.kms.katalon.core.keyword.internal.KeywordMain$stepFailed$0.call(Unknown Source)
	at com.kms.katalon.core.cucumber.keyword.CucumberBuiltinKeywords$_runFeatureFile_closure1.doCall(CucumberBuiltinKeywords.groovy:82)
	at com.kms.katalon.core.cucumber.keyword.CucumberBuiltinKeywords$_runFeatureFile_closure1.doCall(CucumberBuiltinKeywords.groovy)
	at com.kms.katalon.core.keyword.internal.KeywordMain.runKeyword(KeywordMain.groovy:68)
	at com.kms.katalon.core.keyword.internal.KeywordMain$runKeyword.call(Unknown Source)
	at com.kms.katalon.core.cucumber.keyword.CucumberBuiltinKeywords.runFeatureFile(CucumberBuiltinKeywords.groovy:46)
	at com.kms.katalon.core.cucumber.keyword.CucumberBuiltinKeywords$runFeatureFile$0.callStatic(Unknown Source)
	at com.kms.katalon.core.cucumber.keyword.CucumberBuiltinKeywords.runFeatureFile(CucumberBuiltinKeywords.groovy:169)
	at com.kms.katalon.core.cucumber.keyword.CucumberBuiltinKeywords$runFeatureFile.call(Unknown Source)
	at SLIK Gateway Non Customer View Detail when Status APPROVED.run(SLIK Gateway Non Customer View Detail when Status APPROVED:18)
	at com.kms.katalon.core.main.ScriptEngine.run(ScriptEngine.java:194)
	at com.kms.katalon.core.main.ScriptEngine.runScriptAsRawText(ScriptEngine.java:119)
	at com.kms.katalon.core.main.TestCaseExecutor.runScript(TestCaseExecutor.java:339)
	at com.kms.katalon.core.main.TestCaseExecutor.doExecute(TestCaseExecutor.java:330)
	at com.kms.katalon.core.main.TestCaseExecutor.processExecutionPhase(TestCaseExecutor.java:309)
	at com.kms.katalon.core.main.TestCaseExecutor.accessMainPhase(TestCaseExecutor.java:301)
	at com.kms.katalon.core.main.TestCaseExecutor.execute(TestCaseExecutor.java:235)
	at com.kms.katalon.core.main.TestSuiteExecutor.accessTestCaseMainPhase(TestSuiteExecutor.java:191)
	at com.kms.katalon.core.main.TestSuiteExecutor.accessTestSuiteMainPhase(TestSuiteExecutor.java:141)
	at com.kms.katalon.core.main.TestSuiteExecutor.execute(TestSuiteExecutor.java:90)
	at com.kms.katalon.core.main.TestCaseMain.startTestSuite(TestCaseMain.java:157)
	at com.kms.katalon.core.main.TestCaseMain$startTestSuite$0.call(Unknown Source)
	at TempTestSuite1603788899090.run(TempTestSuite1603788899090.groovy:39)
)]]></system-out>
         <system-err><![CDATA[2020-10-27 16:00:15 - [TEST_CASE][FAILED] - Test Cases/IST_Real/SLIK/SLIK_Gateway_Non_Customer/SLIK Gateway Non Customer View Detail when Status APPROVED: Test Cases/IST_Real/SLIK/SLIK_Gateway_Non_Customer/SLIK Gateway Non Customer View Detail when Status APPROVED FAILED.
Reason:
com.kms.katalon.core.exception.StepFailedException: Feature file 'Include/features/IST_Real/SLIK/SLIK Gateway Non Customer/SLIK_Gateway_Non_Customer_View_Detail_when_Status_APPROVED.feature' was failed
	at com.kms.katalon.core.keyword.internal.KeywordMain.stepFailed(KeywordMain.groovy:50)
	at com.kms.katalon.core.keyword.internal.KeywordMain.stepFailed(KeywordMain.groovy)
	at com.kms.katalon.core.keyword.internal.KeywordMain.stepFailed(KeywordMain.groovy:23)
	at com.kms.katalon.core.keyword.internal.KeywordMain$stepFailed$0.call(Unknown Source)
	at com.kms.katalon.core.cucumber.keyword.CucumberBuiltinKeywords$_runFeatureFile_closure1.doCall(CucumberBuiltinKeywords.groovy:82)
	at com.kms.katalon.core.cucumber.keyword.CucumberBuiltinKeywords$_runFeatureFile_closure1.doCall(CucumberBuiltinKeywords.groovy)
	at com.kms.katalon.core.keyword.internal.KeywordMain.runKeyword(KeywordMain.groovy:68)
	at com.kms.katalon.core.keyword.internal.KeywordMain$runKeyword.call(Unknown Source)
	at com.kms.katalon.core.cucumber.keyword.CucumberBuiltinKeywords.runFeatureFile(CucumberBuiltinKeywords.groovy:46)
	at com.kms.katalon.core.cucumber.keyword.CucumberBuiltinKeywords$runFeatureFile$0.callStatic(Unknown Source)
	at com.kms.katalon.core.cucumber.keyword.CucumberBuiltinKeywords.runFeatureFile(CucumberBuiltinKeywords.groovy:169)
	at com.kms.katalon.core.cucumber.keyword.CucumberBuiltinKeywords$runFeatureFile.call(Unknown Source)
	at SLIK Gateway Non Customer View Detail when Status APPROVED.run(SLIK Gateway Non Customer View Detail when Status APPROVED:18)
	at com.kms.katalon.core.main.ScriptEngine.run(ScriptEngine.java:194)
	at com.kms.katalon.core.main.ScriptEngine.runScriptAsRawText(ScriptEngine.java:119)
	at com.kms.katalon.core.main.TestCaseExecutor.runScript(TestCaseExecutor.java:339)
	at com.kms.katalon.core.main.TestCaseExecutor.doExecute(TestCaseExecutor.java:330)
	at com.kms.katalon.core.main.TestCaseExecutor.processExecutionPhase(TestCaseExecutor.java:309)
	at com.kms.katalon.core.main.TestCaseExecutor.accessMainPhase(TestCaseExecutor.java:301)
	at com.kms.katalon.core.main.TestCaseExecutor.execute(TestCaseExecutor.java:235)
	at com.kms.katalon.core.main.TestSuiteExecutor.accessTestCaseMainPhase(TestSuiteExecutor.java:191)
	at com.kms.katalon.core.main.TestSuiteExecutor.accessTestSuiteMainPhase(TestSuiteExecutor.java:141)
	at com.kms.katalon.core.main.TestSuiteExecutor.execute(TestSuiteExecutor.java:90)
	at com.kms.katalon.core.main.TestCaseMain.startTestSuite(TestCaseMain.java:157)
	at com.kms.katalon.core.main.TestCaseMain$startTestSuite$0.call(Unknown Source)
	at TempTestSuite1603788899090.run(TempTestSuite1603788899090.groovy:39)]]></system-err>
      </testcase>
      <testcase name="Test Cases/IST_Real/SLIK/SLIK_Gateway_Non_Customer/Delete KTPNumber From DB" time="1.853" classname="Test Cases/IST_Real/SLIK/SLIK_Gateway_Non_Customer/Delete KTPNumber From DB" status="PASSED">
         <system-out><![CDATA[2020-10-27 16:00:46 - [TEST_CASE][PASSED] - Test Cases/IST_Real/SLIK/SLIK_Gateway_Non_Customer/Delete KTPNumber From DB: Test Cases/IST_Real/SLIK/SLIK_Gateway_Non_Customer/Delete KTPNumber From DB

2020-10-27 16:00:47 - [TEST_STEP][PASSED] - runFeatureFile("Include/features/IST_Real/SLIK/SLIK Gateway Non Customer/Delete_KTPNumber_From_DB.feature"): Feature file: 'Include/features/IST_Real/SLIK/SLIK Gateway Non Customer/Delete_KTPNumber_From_DB.feature' was passed

2020-10-27 16:00:47 - [MESSAGE][INFO] - Starting run keyword runFeatureFile: 'Include/features/IST_Real/SLIK/SLIK Gateway Non Customer/Delete_KTPNumber_From_DB.feature' and extract report to folder: '/Users/chaidir.pratama01/Katalon Studio/IST_Automation_Git/Reports/20201027_155459/SLIK/TS_SLIK_Gateway_Non_Customer/20201027_155459/cucumber_report/1603789247069'...

2020-10-27 16:00:47 - [TEST_CASE][PASSED] - Start Test Case : SCENARIO Delete_KTPNumber_From_DB: SCENARIO Delete_KTPNumber_From_DB

2020-10-27 16:00:47 - [TEST_STEP][PASSED] - Connect to Database: Connect to Database

2020-10-27 16:00:48 - [MESSAGE][PASSED] - Connect to Database

2020-10-27 16:00:48 - [TEST_STEP][PASSED] - Delete Contract From SLIK_DATA_NonCUSTOMER: Delete Contract From SLIK_DATA_NonCUSTOMER

2020-10-27 16:00:48 - [MESSAGE][PASSED] - Delete Contract From SLIK_DATA_NonCUSTOMER

2020-10-27 16:00:48 - [MESSAGE][PASSED] - Feature file: 'Include/features/IST_Real/SLIK/SLIK Gateway Non Customer/Delete_KTPNumber_From_DB.feature' was passed]]></system-out>
         <system-err><![CDATA[]]></system-err>
      </testcase>
      <testcase name="Test Cases/IST_Real/SLIK/SLIK_Gateway_Non_Customer/SLIK Gateway Non Customer Checking" time="84.225" classname="Test Cases/IST_Real/SLIK/SLIK_Gateway_Non_Customer/SLIK Gateway Non Customer Checking" status="PASSED">
         <system-out><![CDATA[2020-10-27 16:00:48 - [TEST_CASE][PASSED] - Test Cases/IST_Real/SLIK/SLIK_Gateway_Non_Customer/SLIK Gateway Non Customer Checking: Test Cases/IST_Real/SLIK/SLIK_Gateway_Non_Customer/SLIK Gateway Non Customer Checking

2020-10-27 16:00:48 - [TEST_STEP][PASSED] - runFeatureFile("Include/features/IST_Real/SLIK/SLIK Gateway Non Customer/SLIK Gateway Non Customer Checking.feature"): Feature file: 'Include/features/IST_Real/SLIK/SLIK Gateway Non Customer/SLIK Gateway Non Customer Checking.feature' was passed

2020-10-27 16:00:48 - [MESSAGE][INFO] - Starting run keyword runFeatureFile: 'Include/features/IST_Real/SLIK/SLIK Gateway Non Customer/SLIK Gateway Non Customer Checking.feature' and extract report to folder: '/Users/chaidir.pratama01/Katalon Studio/IST_Automation_Git/Reports/20201027_155459/SLIK/TS_SLIK_Gateway_Non_Customer/20201027_155459/cucumber_report/1603789248843'...

2020-10-27 16:00:49 - [TEST_CASE][PASSED] - Start Test Case : SCENARIO SLIK Gateway Non Customer Checking: SCENARIO SLIK Gateway Non Customer Checking

2020-10-27 16:00:49 - [TEST_STEP][PASSED] - Go to ISTools: Go to ISTools

2020-10-27 16:00:49 - [MESSAGE][WARNING] - A browser is already opened. Closing browser and opening a new one

2020-10-27 16:00:49 - [MESSAGE][INFO] - Starting 'Chrome' driver

2020-10-27 16:00:49 - [MESSAGE][INFO] - User set preference: ['AcceptInsecureCerts', 'true']

2020-10-27 16:00:49 - [MESSAGE][INFO] - User set preference: ['args', '[ignore-certificate-errors]']

2020-10-27 16:00:49 - [MESSAGE][INFO] - Action delay is set to 0 milliseconds

2020-10-27 16:00:50 - [MESSAGE][PASSED] - Browser is opened with url: ''

2020-10-27 16:00:56 - [MESSAGE][PASSED] - Navigate to 'https://id-ist01preprod.id.nonprod/ist/' successfully

2020-10-27 16:00:56 - [MESSAGE][PASSED] - Go to ISTools

2020-10-27 16:00:56 - [TEST_STEP][PASSED] - Login IST with valid credentials: Login IST with valid credentials

2020-10-27 16:00:57 - [MESSAGE][PASSED] - Text 'mobile.test' is set on object 'Object Repository/Page_/input_Username_j_username'

2020-10-27 16:00:57 - [MESSAGE][PASSED] - Text ****** has been set on object 'Object Repository/Page_/input_Password_j_password'

2020-10-27 16:00:59 - [MESSAGE][PASSED] - Object: 'Object Repository/Page_/button_Login' is clicked on

2020-10-27 16:00:59 - [MESSAGE][PASSED] - Login IST with valid credentials

2020-10-27 16:00:59 - [TEST_STEP][PASSED] - Login Success for contract dispatcher: Login Success for contract dispatcher

2020-10-27 16:00:59 - [MESSAGE][INFO] - Login Success

2020-10-27 16:00:59 - [MESSAGE][PASSED] - Current window maximized

2020-10-27 16:01:00 - [MESSAGE][PASSED] - Object 'Object Repository/Page_/h1_Welcome to IT Supporting Tools' is present

2020-10-27 16:01:00 - [MESSAGE][PASSED] - Login Success for contract dispatcher

2020-10-27 16:01:00 - [TEST_STEP][PASSED] - Select Menu SLIK Gateway NonCustomer: Select Menu SLIK Gateway NonCustomer

2020-10-27 16:01:00 - [MESSAGE][PASSED] - Object '' is present

2020-10-27 16:01:00 - [MESSAGE][PASSED] - Object: '' is clicked on

2020-10-27 16:01:00 - [MESSAGE][PASSED] - Wait for page load successfully

2020-10-27 16:01:00 - [MESSAGE][PASSED] - Select Menu SLIK Gateway NonCustomer

2020-10-27 16:01:00 - [TEST_STEP][PASSED] - Input Data KTP Number: Input Data KTP Number

2020-10-27 16:01:04 - [MESSAGE][PASSED] - Text '8888888888888888' is set on object ''

2020-10-27 16:01:04 - [MESSAGE][PASSED] - Input Data KTP Number

2020-10-27 16:01:04 - [TEST_STEP][PASSED] - Input Data "Name *" with value "OPEX TestingAuto" for Check SLIK: Input Data "Name *" with value "OPEX TestingAuto" for Check SLIK

2020-10-27 16:01:05 - [MESSAGE][PASSED] - Taking screenshot successfully
[[ATTACHMENT|/Users/chaidir.pratama01/Documents/Docs/Katalon Studio/Screenshot/slik.png]]

2020-10-27 16:01:05 - [MESSAGE][PASSED] - Object '' is visible

2020-10-27 16:01:06 - [MESSAGE][PASSED] - Object: '' is focused

2020-10-27 16:01:06 - [MESSAGE][PASSED] - Text 'OPEX TestingAuto' is set on object ''

2020-10-27 16:01:06 - [MESSAGE][PASSED] - Input Data "Name *" with value "OPEX TestingAuto" for Check SLIK

2020-10-27 16:01:06 - [TEST_STEP][PASSED] - Input Date of Birth "20-02-1990": Input Date of Birth "20-02-1990"

2020-10-27 16:01:07 - [MESSAGE][PASSED] - Text '20-02-1990' is set on object ''

2020-10-27 16:01:10 - [MESSAGE][PASSED] - Delayed 3 second(s)

2020-10-27 16:01:10 - [MESSAGE][PASSED] - Input Date of Birth "20-02-1990"

2020-10-27 16:01:10 - [TEST_STEP][PASSED] - Select Gender "Laki-laki": Select Gender "Laki-laki"

2020-10-27 16:01:11 - [MESSAGE][PASSED] - Object: '' is clicked on

2020-10-27 16:01:11 - [MESSAGE][PASSED] - Select Gender "Laki-laki"

2020-10-27 16:01:11 - [TEST_STEP][PASSED] - Select Purpose is "Penilaian Calon Kemitraan": Select Purpose is "Penilaian Calon Kemitraan"

2020-10-27 16:01:12 - [MESSAGE][PASSED] - All options with value 'Penilaian Calon Kemitraan' are selected in object ''  using regular expression

2020-10-27 16:01:12 - [MESSAGE][PASSED] - Select Purpose is "Penilaian Calon Kemitraan"

2020-10-27 16:01:12 - [TEST_STEP][PASSED] - Input Data "Place of Birth" with value "Jakarta" for Check SLIK: Input Data "Place of Birth" with value "Jakarta" for Check SLIK

2020-10-27 16:01:13 - [MESSAGE][PASSED] - Taking screenshot successfully
[[ATTACHMENT|/Users/chaidir.pratama01/Documents/Docs/Katalon Studio/Screenshot/slik.png]]

2020-10-27 16:01:13 - [MESSAGE][PASSED] - Object '' is visible

2020-10-27 16:01:13 - [MESSAGE][PASSED] - Object: '' is focused

2020-10-27 16:01:14 - [MESSAGE][PASSED] - Text 'Jakarta' is set on object ''

2020-10-27 16:01:14 - [MESSAGE][PASSED] - Input Data "Place of Birth" with value "Jakarta" for Check SLIK

2020-10-27 16:01:14 - [TEST_STEP][PASSED] - Input Data "Mother Maternity Name" with value "Tester Auto" for Check SLIK: Input Data "Mother Maternity Name" with value "Tester Auto" for Check SLIK

2020-10-27 16:01:15 - [MESSAGE][PASSED] - Taking screenshot successfully
[[ATTACHMENT|/Users/chaidir.pratama01/Documents/Docs/Katalon Studio/Screenshot/slik.png]]

2020-10-27 16:01:16 - [MESSAGE][PASSED] - Object '' is visible

2020-10-27 16:01:16 - [MESSAGE][PASSED] - Object: '' is focused

2020-10-27 16:01:17 - [MESSAGE][PASSED] - Text 'Tester Auto' is set on object ''

2020-10-27 16:01:17 - [MESSAGE][PASSED] - Input Data "Mother Maternity Name" with value "Tester Auto" for Check SLIK

2020-10-27 16:01:17 - [TEST_STEP][PASSED] - Input KTP Address "TESTING AUTO JAKARTA": Input KTP Address "TESTING AUTO JAKARTA"

2020-10-27 16:01:18 - [MESSAGE][PASSED] - Text 'TESTING AUTO JAKARTA' is set on object ''

2020-10-27 16:01:18 - [MESSAGE][PASSED] - Input KTP Address "TESTING AUTO JAKARTA"

2020-10-27 16:01:18 - [TEST_STEP][PASSED] - Click button "Upload": Click button "Upload"

2020-10-27 16:01:18 - [MESSAGE][INFO] - >>>>>//Button[contains(text(),'Upload')]

2020-10-27 16:01:21 - [MESSAGE][PASSED] - Object: '' is clicked on

2020-10-27 16:01:21 - [MESSAGE][PASSED] - Click button "Upload"

2020-10-27 16:01:21 - [TEST_STEP][PASSED] - Upload file "new_captcha1500.png": Upload file "new_captcha1500.png"

2020-10-27 16:01:22 - [MESSAGE][PASSED] - Switched to window with index: '0'

2020-10-27 16:01:36 - [MESSAGE][PASSED] - Upload file "new_captcha1500.png"

2020-10-27 16:01:36 - [TEST_STEP][PASSED] - Click button "Check SLIK": Click button "Check SLIK"

2020-10-27 16:01:36 - [MESSAGE][INFO] - >>>>>//Button[contains(text(),'Check SLIK')]

2020-10-27 16:01:40 - [MESSAGE][PASSED] - Object: '' is clicked on

2020-10-27 16:01:40 - [MESSAGE][PASSED] - Click button "Check SLIK"

2020-10-27 16:01:40 - [TEST_STEP][PASSED] - Get text from pop up "Confirmation Submit Request" with text "Are you sure to submit this data ?": Get text from pop up "Confirmation Submit Request" with text "Are you sure to submit this data ?"

2020-10-27 16:01:41 - [MESSAGE][PASSED] - Taking screenshot successfully
[[ATTACHMENT|/Users/chaidir.pratama01/Documents/Docs/Katalon Studio/Screenshot/errorpopup.png]]

2020-10-27 16:01:42 - [MESSAGE][PASSED] - Object '' is present

2020-10-27 16:01:42 - [MESSAGE][PASSED] - Wait for page load successfully

2020-10-27 16:01:42 - [MESSAGE][PASSED] - Wait for page load successfully

2020-10-27 16:01:42 - [MESSAGE][PASSED] - Get text from pop up "Confirmation Submit Request" with text "Are you sure to submit this data ?"

2020-10-27 16:01:42 - [TEST_STEP][PASSED] - Click button "Yes": Click button "Yes"

2020-10-27 16:01:42 - [MESSAGE][INFO] - >>>>>//Button[contains(text(),'Yes')]

2020-10-27 16:01:45 - [MESSAGE][PASSED] - Object: '' is clicked on

2020-10-27 16:01:45 - [MESSAGE][PASSED] - Click button "Yes"

2020-10-27 16:01:45 - [TEST_STEP][PASSED] - Verify KTP Number Request Success: Verify KTP Number Request Success

2020-10-27 16:02:05 - [MESSAGE][PASSED] - Object '' is present

2020-10-27 16:02:05 - [MESSAGE][PASSED] - Verify KTP Number Request Success

2020-10-27 16:02:05 - [TEST_STEP][PASSED] - Click button "OK": Click button "OK"

2020-10-27 16:02:05 - [MESSAGE][INFO] - >>>>>//Button[contains(text(),'OK')]

2020-10-27 16:02:09 - [MESSAGE][PASSED] - Object: '' is clicked on

2020-10-27 16:02:09 - [MESSAGE][PASSED] - Click button "OK"

2020-10-27 16:02:09 - [TEST_STEP][PASSED] - Click button "Logout": Click button "Logout"

2020-10-27 16:02:09 - [MESSAGE][INFO] - >>>>>//Button[contains(text(),'Logout')]

2020-10-27 16:02:12 - [MESSAGE][PASSED] - Object: '' is clicked on

2020-10-27 16:02:12 - [MESSAGE][PASSED] - Click button "Logout"

2020-10-27 16:02:12 - [TEST_STEP][PASSED] - Close browser: Close browser

2020-10-27 16:02:13 - [MESSAGE][PASSED] - Browser is closed

2020-10-27 16:02:13 - [MESSAGE][PASSED] - Close browser

2020-10-27 16:02:13 - [MESSAGE][PASSED] - Feature file: 'Include/features/IST_Real/SLIK/SLIK Gateway Non Customer/SLIK Gateway Non Customer Checking.feature' was passed]]></system-out>
         <system-err><![CDATA[]]></system-err>
      </testcase>
      <testcase name="Test Cases/IST_Real/SLIK/SLIK_Gateway_Approval_Non_Customer/Reject KTP Number" time="38.617" classname="Test Cases/IST_Real/SLIK/SLIK_Gateway_Approval_Non_Customer/Reject KTP Number" status="PASSED">
         <system-out><![CDATA[2020-10-27 16:02:13 - [TEST_CASE][PASSED] - Test Cases/IST_Real/SLIK/SLIK_Gateway_Approval_Non_Customer/Reject KTP Number: Test Cases/IST_Real/SLIK/SLIK_Gateway_Approval_Non_Customer/Reject KTP Number

2020-10-27 16:02:13 - [TEST_STEP][PASSED] - runFeatureFile("Include/features/IST_Real/SLIK/SLIK Gateway Approval Non Customer/Reject_KTP_Number.feature"): Feature file: 'Include/features/IST_Real/SLIK/SLIK Gateway Approval Non Customer/Reject_KTP_Number.feature' was passed

2020-10-27 16:02:13 - [MESSAGE][INFO] - Starting run keyword runFeatureFile: 'Include/features/IST_Real/SLIK/SLIK Gateway Approval Non Customer/Reject_KTP_Number.feature' and extract report to folder: '/Users/chaidir.pratama01/Katalon Studio/IST_Automation_Git/Reports/20201027_155459/SLIK/TS_SLIK_Gateway_Non_Customer/20201027_155459/cucumber_report/1603789333182'...

2020-10-27 16:02:13 - [TEST_CASE][PASSED] - Start Test Case : SCENARIO Reject KTP Number by Checker: SCENARIO Reject KTP Number by Checker

2020-10-27 16:02:13 - [TEST_STEP][PASSED] - Go to ISTools: Go to ISTools

2020-10-27 16:02:13 - [MESSAGE][INFO] - Starting 'Chrome' driver

2020-10-27 16:02:13 - [MESSAGE][INFO] - User set preference: ['AcceptInsecureCerts', 'true']

2020-10-27 16:02:13 - [MESSAGE][INFO] - User set preference: ['args', '[ignore-certificate-errors]']

2020-10-27 16:02:13 - [MESSAGE][INFO] - Action delay is set to 0 milliseconds

2020-10-27 16:02:14 - [MESSAGE][PASSED] - Browser is opened with url: ''

2020-10-27 16:02:26 - [MESSAGE][PASSED] - Navigate to 'https://id-ist01preprod.id.nonprod/ist/' successfully

2020-10-27 16:02:26 - [MESSAGE][PASSED] - Go to ISTools

2020-10-27 16:02:26 - [TEST_STEP][PASSED] - Login IST with valid credentials: Login IST with valid credentials

2020-10-27 16:02:26 - [MESSAGE][PASSED] - Text 'mobile.test' is set on object 'Object Repository/Page_/input_Username_j_username'

2020-10-27 16:02:27 - [MESSAGE][PASSED] - Text ****** has been set on object 'Object Repository/Page_/input_Password_j_password'

2020-10-27 16:02:29 - [MESSAGE][PASSED] - Object: 'Object Repository/Page_/button_Login' is clicked on

2020-10-27 16:02:29 - [MESSAGE][PASSED] - Login IST with valid credentials

2020-10-27 16:02:29 - [TEST_STEP][PASSED] - Login Success for contract dispatcher: Login Success for contract dispatcher

2020-10-27 16:02:29 - [MESSAGE][INFO] - Login Success

2020-10-27 16:02:29 - [MESSAGE][PASSED] - Current window maximized

2020-10-27 16:02:29 - [MESSAGE][PASSED] - Object 'Object Repository/Page_/h1_Welcome to IT Supporting Tools' is present

2020-10-27 16:02:29 - [MESSAGE][PASSED] - Login Success for contract dispatcher

2020-10-27 16:02:29 - [TEST_STEP][PASSED] - Select Menu "SLIK Gateway Approval Non Customer": Select Menu "SLIK Gateway Approval Non Customer"

2020-10-27 16:02:30 - [MESSAGE][PASSED] - Taking screenshot successfully
[[ATTACHMENT|/Users/chaidir.pratama01/Documents/Docs/Katalon Studio/Screenshot/test-SLIK Gateway Approval Non Customer.png]]

2020-10-27 16:02:31 - [MESSAGE][PASSED] - Object '' is present

2020-10-27 16:02:31 - [MESSAGE][PASSED] - Object: '' is clicked on

2020-10-27 16:02:31 - [MESSAGE][PASSED] - Wait for page load successfully

2020-10-27 16:02:31 - [MESSAGE][PASSED] - Select Menu "SLIK Gateway Approval Non Customer"

2020-10-27 16:02:31 - [TEST_STEP][PASSED] - Verify Table Result Exist: Verify Table Result Exist

2020-10-27 16:02:33 - [MESSAGE][PASSED] - Object '' is present

2020-10-27 16:02:33 - [MESSAGE][PASSED] - Verify Table Result Exist

2020-10-27 16:02:33 - [TEST_STEP][PASSED] - Get Data From Table: Get Data From Table

2020-10-27 16:02:34 - [MESSAGE][PASSED] - Object '' is present

2020-10-27 16:02:35 - [MESSAGE][PASSED] - Text of object '' is: '1'

2020-10-27 16:02:35 - [MESSAGE][PASSED] - Text of object '' is: '8888888888888888'

2020-10-27 16:02:35 - [MESSAGE][PASSED] - Text of object '' is: 'OPEX TestingAuto'

2020-10-27 16:02:36 - [MESSAGE][PASSED] - Text of object '' is: 'View Document'

2020-10-27 16:02:36 - [MESSAGE][PASSED] - Text of object '' is: ''

2020-10-27 16:02:36 - [MESSAGE][PASSED] - Get Data From Table

2020-10-27 16:02:36 - [TEST_STEP][PASSED] - Click Checkbox Validate: Click Checkbox Validate

2020-10-27 16:02:36 - [MESSAGE][PASSED] - Text of object '' is: '8888888888888888'

2020-10-27 16:02:37 - [MESSAGE][PASSED] - Object: '' is clicked on

2020-10-27 16:02:37 - [MESSAGE][PASSED] - Click Checkbox Validate

2020-10-27 16:02:37 - [TEST_STEP][PASSED] - Click button "Reject": Click button "Reject"

2020-10-27 16:02:37 - [MESSAGE][INFO] - >>>>>//Button[contains(text(),'Reject')]

2020-10-27 16:02:40 - [MESSAGE][PASSED] - Object: '' is clicked on

2020-10-27 16:02:40 - [MESSAGE][PASSED] - Click button "Reject"

2020-10-27 16:02:40 - [TEST_STEP][PASSED] - Get text from pop up "Confirmation Submit Request" with text "Are you sure to Reject this data ?": Get text from pop up "Confirmation Submit Request" with text "Are you sure to Reject this data ?"

2020-10-27 16:02:41 - [MESSAGE][PASSED] - Taking screenshot successfully
[[ATTACHMENT|/Users/chaidir.pratama01/Documents/Docs/Katalon Studio/Screenshot/errorpopup.png]]

2020-10-27 16:02:41 - [MESSAGE][PASSED] - Object '' is present

2020-10-27 16:02:41 - [MESSAGE][PASSED] - Wait for page load successfully

2020-10-27 16:02:41 - [MESSAGE][PASSED] - Wait for page load successfully

2020-10-27 16:02:41 - [MESSAGE][PASSED] - Get text from pop up "Confirmation Submit Request" with text "Are you sure to Reject this data ?"

2020-10-27 16:02:41 - [TEST_STEP][PASSED] - Click button "Yes": Click button "Yes"

2020-10-27 16:02:41 - [MESSAGE][INFO] - >>>>>//Button[contains(text(),'Yes')]

2020-10-27 16:02:45 - [MESSAGE][PASSED] - Object: '' is clicked on

2020-10-27 16:02:45 - [MESSAGE][PASSED] - Click button "Yes"

2020-10-27 16:02:45 - [TEST_STEP][PASSED] - Get text from pop up "IT Supporting Tools" with text "1 data successfully rejected": Get text from pop up "IT Supporting Tools" with text "1 data successfully rejected"

2020-10-27 16:02:47 - [MESSAGE][PASSED] - Taking screenshot successfully
[[ATTACHMENT|/Users/chaidir.pratama01/Documents/Docs/Katalon Studio/Screenshot/errorpopup.png]]

2020-10-27 16:02:48 - [MESSAGE][PASSED] - Object '' is present

2020-10-27 16:02:48 - [MESSAGE][PASSED] - Wait for page load successfully

2020-10-27 16:02:48 - [MESSAGE][PASSED] - Wait for page load successfully

2020-10-27 16:02:48 - [MESSAGE][PASSED] - Get text from pop up "IT Supporting Tools" with text "1 data successfully rejected"

2020-10-27 16:02:48 - [TEST_STEP][PASSED] - Click button "OK": Click button "OK"

2020-10-27 16:02:48 - [MESSAGE][INFO] - >>>>>//Button[contains(text(),'OK')]

2020-10-27 16:02:51 - [MESSAGE][PASSED] - Object: '' is clicked on

2020-10-27 16:02:51 - [MESSAGE][PASSED] - Click button "OK"

2020-10-27 16:02:51 - [TEST_STEP][PASSED] - Close browser: Close browser

2020-10-27 16:02:51 - [MESSAGE][PASSED] - Browser is closed

2020-10-27 16:02:51 - [MESSAGE][PASSED] - Close browser

2020-10-27 16:02:51 - [MESSAGE][PASSED] - Feature file: 'Include/features/IST_Real/SLIK/SLIK Gateway Approval Non Customer/Reject_KTP_Number.feature' was passed]]></system-out>
         <system-err><![CDATA[]]></system-err>
      </testcase>
      <testcase name="Test Cases/IST_Real/SLIK/SLIK_Gateway_Non_Customer/SLIK Gateway Non Customer Search By Status NOT_APPROVED" time="117.833" classname="Test Cases/IST_Real/SLIK/SLIK_Gateway_Non_Customer/SLIK Gateway Non Customer Search By Status NOT_APPROVED" status="PASSED">
         <system-out><![CDATA[2020-10-27 16:02:51 - [TEST_CASE][PASSED] - Test Cases/IST_Real/SLIK/SLIK_Gateway_Non_Customer/SLIK Gateway Non Customer Search By Status NOT_APPROVED: Test Cases/IST_Real/SLIK/SLIK_Gateway_Non_Customer/SLIK Gateway Non Customer Search By Status NOT_APPROVED

2020-10-27 16:02:51 - [TEST_STEP][PASSED] - runFeatureFile("Include/features/IST_Real/SLIK/SLIK Gateway Non Customer/SLIK_Gateway_Non_Customer_Search_By_Status_NOT_APPROVED.feature"): Feature file: 'Include/features/IST_Real/SLIK/SLIK Gateway Non Customer/SLIK_Gateway_Non_Customer_Search_By_Status_NOT_APPROVED.feature' was passed

2020-10-27 16:02:51 - [MESSAGE][INFO] - Starting run keyword runFeatureFile: 'Include/features/IST_Real/SLIK/SLIK Gateway Non Customer/SLIK_Gateway_Non_Customer_Search_By_Status_NOT_APPROVED.feature' and extract report to folder: '/Users/chaidir.pratama01/Katalon Studio/IST_Automation_Git/Reports/20201027_155459/SLIK/TS_SLIK_Gateway_Non_Customer/20201027_155459/cucumber_report/1603789371796'...

2020-10-27 16:02:51 - [TEST_CASE][PASSED] - Start Test Case : SCENARIO Search Result by Status: SCENARIO Search Result by Status

2020-10-27 16:02:51 - [TEST_STEP][PASSED] - Go to ISTools: Go to ISTools

2020-10-27 16:02:51 - [MESSAGE][INFO] - Starting 'Chrome' driver

2020-10-27 16:02:51 - [MESSAGE][INFO] - User set preference: ['AcceptInsecureCerts', 'true']

2020-10-27 16:02:51 - [MESSAGE][INFO] - User set preference: ['args', '[ignore-certificate-errors]']

2020-10-27 16:02:51 - [MESSAGE][INFO] - Action delay is set to 0 milliseconds

2020-10-27 16:02:53 - [MESSAGE][PASSED] - Browser is opened with url: ''

2020-10-27 16:03:07 - [MESSAGE][PASSED] - Navigate to 'https://id-ist01preprod.id.nonprod/ist/' successfully

2020-10-27 16:03:07 - [MESSAGE][PASSED] - Go to ISTools

2020-10-27 16:03:07 - [TEST_STEP][PASSED] - Login IST with valid credentials: Login IST with valid credentials

2020-10-27 16:03:08 - [MESSAGE][PASSED] - Text 'mobile.test' is set on object 'Object Repository/Page_/input_Username_j_username'

2020-10-27 16:03:08 - [MESSAGE][PASSED] - Text ****** has been set on object 'Object Repository/Page_/input_Password_j_password'

2020-10-27 16:04:35 - [MESSAGE][PASSED] - Object: 'Object Repository/Page_/button_Login' is clicked on

2020-10-27 16:04:35 - [MESSAGE][PASSED] - Login IST with valid credentials

2020-10-27 16:04:35 - [TEST_STEP][PASSED] - Login Success for contract dispatcher: Login Success for contract dispatcher

2020-10-27 16:04:35 - [MESSAGE][INFO] - Login Success

2020-10-27 16:04:36 - [MESSAGE][PASSED] - Current window maximized

2020-10-27 16:04:36 - [MESSAGE][PASSED] - Object 'Object Repository/Page_/h1_Welcome to IT Supporting Tools' is present

2020-10-27 16:04:36 - [MESSAGE][PASSED] - Login Success for contract dispatcher

2020-10-27 16:04:36 - [TEST_STEP][PASSED] - Select Menu SLIK Gateway NonCustomer: Select Menu SLIK Gateway NonCustomer

2020-10-27 16:04:36 - [MESSAGE][PASSED] - Object '' is present

2020-10-27 16:04:37 - [MESSAGE][PASSED] - Object: '' is clicked on

2020-10-27 16:04:37 - [MESSAGE][PASSED] - Wait for page load successfully

2020-10-27 16:04:37 - [MESSAGE][PASSED] - Select Menu SLIK Gateway NonCustomer

2020-10-27 16:04:37 - [TEST_STEP][PASSED] - Select Status is "NOT_APPROVED": Select Status is "NOT_APPROVED"

2020-10-27 16:04:40 - [MESSAGE][PASSED] - All options with value 'NOT_APPROVED' are selected in object ''  using regular expression

2020-10-27 16:04:40 - [MESSAGE][PASSED] - Select Status is "NOT_APPROVED"

2020-10-27 16:04:40 - [TEST_STEP][PASSED] - Click button "Search": Click button "Search"

2020-10-27 16:04:40 - [MESSAGE][INFO] - >>>>>//Button[contains(text(),'Search')]

2020-10-27 16:04:43 - [MESSAGE][PASSED] - Object: '' is clicked on

2020-10-27 16:04:43 - [MESSAGE][PASSED] - Click button "Search"

2020-10-27 16:04:43 - [TEST_STEP][PASSED] - Verify Search Result Based on Result Status: Verify Search Result Based on Result Status

2020-10-27 16:04:44 - [MESSAGE][PASSED] - Scroll to object '' successfully

2020-10-27 16:04:44 - [MESSAGE][PASSED] - Actual text and expected text of test object '' are matched.

2020-10-27 16:04:44 - [MESSAGE][PASSED] - Text of object '' is: 'NOT_APPROVED -'

2020-10-27 16:04:45 - [MESSAGE][PASSED] - Text of object '' is: '8888888888888888'

2020-10-27 16:04:45 - [MESSAGE][PASSED] - Verify Search Result Based on Result Status

2020-10-27 16:04:45 - [TEST_STEP][PASSED] - Click button "Logout": Click button "Logout"

2020-10-27 16:04:45 - [MESSAGE][INFO] - >>>>>//Button[contains(text(),'Logout')]

2020-10-27 16:04:49 - [MESSAGE][PASSED] - Object: '' is clicked on

2020-10-27 16:04:49 - [MESSAGE][PASSED] - Click button "Logout"

2020-10-27 16:04:49 - [TEST_STEP][PASSED] - Close browser: Close browser

2020-10-27 16:04:49 - [MESSAGE][PASSED] - Browser is closed

2020-10-27 16:04:49 - [MESSAGE][PASSED] - Close browser

2020-10-27 16:04:49 - [MESSAGE][PASSED] - Feature file: 'Include/features/IST_Real/SLIK/SLIK Gateway Non Customer/SLIK_Gateway_Non_Customer_Search_By_Status_NOT_APPROVED.feature' was passed]]></system-out>
         <system-err><![CDATA[]]></system-err>
      </testcase>
      <testcase name="Test Cases/IST_Real/SLIK/SLIK_Gateway_Non_Customer/SLIK Gateway Non Customer View Detail when Status NOT_APPROVED" time="30.749" classname="Test Cases/IST_Real/SLIK/SLIK_Gateway_Non_Customer/SLIK Gateway Non Customer View Detail when Status NOT_APPROVED" status="PASSED">
         <system-out><![CDATA[2020-10-27 16:04:49 - [TEST_CASE][PASSED] - Test Cases/IST_Real/SLIK/SLIK_Gateway_Non_Customer/SLIK Gateway Non Customer View Detail when Status NOT_APPROVED: Test Cases/IST_Real/SLIK/SLIK_Gateway_Non_Customer/SLIK Gateway Non Customer View Detail when Status NOT_APPROVED

2020-10-27 16:04:49 - [TEST_STEP][PASSED] - runFeatureFile("Include/features/IST_Real/SLIK/SLIK Gateway Non Customer/SLIK_Gateway_Non_Customer_View_Detail_when_Status_NOT_APPROVED.feature"): Feature file: 'Include/features/IST_Real/SLIK/SLIK Gateway Non Customer/SLIK_Gateway_Non_Customer_View_Detail_when_Status_NOT_APPROVED.feature' was passed

2020-10-27 16:04:49 - [MESSAGE][INFO] - Starting run keyword runFeatureFile: 'Include/features/IST_Real/SLIK/SLIK Gateway Non Customer/SLIK_Gateway_Non_Customer_View_Detail_when_Status_NOT_APPROVED.feature' and extract report to folder: '/Users/chaidir.pratama01/Katalon Studio/IST_Automation_Git/Reports/20201027_155459/SLIK/TS_SLIK_Gateway_Non_Customer/20201027_155459/cucumber_report/1603789489621'...

2020-10-27 16:04:49 - [TEST_CASE][PASSED] - Start Test Case : SCENARIO SLIK Gateway Non Customer View Detail Link: SCENARIO SLIK Gateway Non Customer View Detail Link

2020-10-27 16:04:49 - [TEST_STEP][PASSED] - Go to ISTools: Go to ISTools

2020-10-27 16:04:49 - [MESSAGE][INFO] - Starting 'Chrome' driver

2020-10-27 16:04:49 - [MESSAGE][INFO] - User set preference: ['AcceptInsecureCerts', 'true']

2020-10-27 16:04:49 - [MESSAGE][INFO] - User set preference: ['args', '[ignore-certificate-errors]']

2020-10-27 16:04:49 - [MESSAGE][INFO] - Action delay is set to 0 milliseconds

2020-10-27 16:04:51 - [MESSAGE][PASSED] - Browser is opened with url: ''

2020-10-27 16:05:01 - [MESSAGE][PASSED] - Navigate to 'https://id-ist01preprod.id.nonprod/ist/' successfully

2020-10-27 16:05:01 - [MESSAGE][PASSED] - Go to ISTools

2020-10-27 16:05:01 - [TEST_STEP][PASSED] - Login IST with valid credentials: Login IST with valid credentials

2020-10-27 16:05:02 - [MESSAGE][PASSED] - Text 'mobile.test' is set on object 'Object Repository/Page_/input_Username_j_username'

2020-10-27 16:05:02 - [MESSAGE][PASSED] - Text ****** has been set on object 'Object Repository/Page_/input_Password_j_password'

2020-10-27 16:05:05 - [MESSAGE][PASSED] - Object: 'Object Repository/Page_/button_Login' is clicked on

2020-10-27 16:05:05 - [MESSAGE][PASSED] - Login IST with valid credentials

2020-10-27 16:05:05 - [TEST_STEP][PASSED] - Login Success for contract dispatcher: Login Success for contract dispatcher

2020-10-27 16:05:05 - [MESSAGE][INFO] - Login Success

2020-10-27 16:05:06 - [MESSAGE][PASSED] - Current window maximized

2020-10-27 16:05:06 - [MESSAGE][PASSED] - Object 'Object Repository/Page_/h1_Welcome to IT Supporting Tools' is present

2020-10-27 16:05:06 - [MESSAGE][PASSED] - Login Success for contract dispatcher

2020-10-27 16:05:06 - [TEST_STEP][PASSED] - Select Menu SLIK Gateway NonCustomer: Select Menu SLIK Gateway NonCustomer

2020-10-27 16:05:06 - [MESSAGE][PASSED] - Object '' is present

2020-10-27 16:05:07 - [MESSAGE][PASSED] - Object: '' is clicked on

2020-10-27 16:05:07 - [MESSAGE][PASSED] - Wait for page load successfully

2020-10-27 16:05:07 - [MESSAGE][PASSED] - Select Menu SLIK Gateway NonCustomer

2020-10-27 16:05:07 - [TEST_STEP][PASSED] - Select Status is "NOT_APPROVED": Select Status is "NOT_APPROVED"

2020-10-27 16:05:09 - [MESSAGE][PASSED] - All options with value 'NOT_APPROVED' are selected in object ''  using regular expression

2020-10-27 16:05:09 - [MESSAGE][PASSED] - Select Status is "NOT_APPROVED"

2020-10-27 16:05:09 - [TEST_STEP][PASSED] - Click button "Search": Click button "Search"

2020-10-27 16:05:09 - [MESSAGE][INFO] - >>>>>//Button[contains(text(),'Search')]

2020-10-27 16:05:12 - [MESSAGE][PASSED] - Object: '' is clicked on

2020-10-27 16:05:12 - [MESSAGE][PASSED] - Click button "Search"

2020-10-27 16:05:12 - [TEST_STEP][PASSED] - Verify Search Result Based on Result Status: Verify Search Result Based on Result Status

2020-10-27 16:05:13 - [MESSAGE][PASSED] - Scroll to object '' successfully

2020-10-27 16:05:13 - [MESSAGE][PASSED] - Actual text and expected text of test object '' are matched.

2020-10-27 16:05:14 - [MESSAGE][PASSED] - Text of object '' is: 'NOT_APPROVED -'

2020-10-27 16:05:14 - [MESSAGE][PASSED] - Text of object '' is: '8888888888888888'

2020-10-27 16:05:14 - [MESSAGE][PASSED] - Verify Search Result Based on Result Status

2020-10-27 16:05:14 - [TEST_STEP][PASSED] - Click View Detail Link: Click View Detail Link

2020-10-27 16:05:14 - [MESSAGE][PASSED] - Web element with id: '' located by 'By.xpath: //span[text()='Search Result']/../../../following-sibling::div[@class='z-groupbox-content']/div[@class='z-grid']/div[@class='z-grid-body']/table/tbody/tr/td[7]/div/div/span' is not present after '3' second(s)

2020-10-27 16:05:14 - [MESSAGE][PASSED] - Click View Detail Link

2020-10-27 16:05:14 - [TEST_STEP][PASSED] - Take Screenshot "View_detail_NonCutomer.png": Take Screenshot "View_detail_NonCutomer.png"

2020-10-27 16:05:15 - [MESSAGE][PASSED] - Taking screenshot successfully
[[ATTACHMENT|/Users/chaidir.pratama01/Katalon Studio/IST_Automation_Git/img/View_detail_NonCutomer.png]]

2020-10-27 16:05:15 - [MESSAGE][PASSED] - Take Screenshot "View_detail_NonCutomer.png"

2020-10-27 16:05:15 - [TEST_STEP][PASSED] - Verify Slik Result Detail Link: Verify Slik Result Detail Link

2020-10-27 16:05:15 - [MESSAGE][PASSED] - Verify Slik Result Detail Link

2020-10-27 16:05:15 - [TEST_STEP][PASSED] - Click button "Logout": Click button "Logout"

2020-10-27 16:05:15 - [MESSAGE][INFO] - >>>>>//Button[contains(text(),'Logout')]

2020-10-27 16:05:20 - [MESSAGE][PASSED] - Object: '' is clicked on

2020-10-27 16:05:20 - [MESSAGE][PASSED] - Click button "Logout"

2020-10-27 16:05:20 - [TEST_STEP][PASSED] - Close browser: Close browser

2020-10-27 16:05:20 - [MESSAGE][PASSED] - Browser is closed

2020-10-27 16:05:20 - [MESSAGE][PASSED] - Close browser

2020-10-27 16:05:20 - [MESSAGE][PASSED] - Feature file: 'Include/features/IST_Real/SLIK/SLIK Gateway Non Customer/SLIK_Gateway_Non_Customer_View_Detail_when_Status_NOT_APPROVED.feature' was passed]]></system-out>
         <system-err><![CDATA[]]></system-err>
      </testcase>
      <testcase name="Test Cases/IST_Real/SLIK/SLIK_Gateway_Non_Customer/SLIK Gateway Non Customer Search By DateStart DateEnd" time="38.499" classname="Test Cases/IST_Real/SLIK/SLIK_Gateway_Non_Customer/SLIK Gateway Non Customer Search By DateStart DateEnd" status="FAILED">
         <failure type="FAILED" message="Test Cases/IST_Real/SLIK/SLIK_Gateway_Non_Customer/SLIK Gateway Non Customer Search By DateStart DateEnd FAILED.
Reason:
com.kms.katalon.core.exception.StepFailedException: Feature file 'Include/features/IST_Real/SLIK/SLIK Gateway Non Customer/SLIK_Gateway_Non_Customer_Search_By_DateStart_DateEnd.feature' was failed
	at com.kms.katalon.core.keyword.internal.KeywordMain.stepFailed(KeywordMain.groovy:50)
	at com.kms.katalon.core.keyword.internal.KeywordMain.stepFailed(KeywordMain.groovy)
	at com.kms.katalon.core.keyword.internal.KeywordMain.stepFailed(KeywordMain.groovy:23)
	at com.kms.katalon.core.keyword.internal.KeywordMain$stepFailed$0.call(Unknown Source)
	at com.kms.katalon.core.cucumber.keyword.CucumberBuiltinKeywords$_runFeatureFile_closure1.doCall(CucumberBuiltinKeywords.groovy:82)
	at com.kms.katalon.core.cucumber.keyword.CucumberBuiltinKeywords$_runFeatureFile_closure1.doCall(CucumberBuiltinKeywords.groovy)
	at com.kms.katalon.core.keyword.internal.KeywordMain.runKeyword(KeywordMain.groovy:68)
	at com.kms.katalon.core.keyword.internal.KeywordMain$runKeyword.call(Unknown Source)
	at com.kms.katalon.core.cucumber.keyword.CucumberBuiltinKeywords.runFeatureFile(CucumberBuiltinKeywords.groovy:46)
	at com.kms.katalon.core.cucumber.keyword.CucumberBuiltinKeywords$runFeatureFile$0.callStatic(Unknown Source)
	at com.kms.katalon.core.cucumber.keyword.CucumberBuiltinKeywords.runFeatureFile(CucumberBuiltinKeywords.groovy:169)
	at com.kms.katalon.core.cucumber.keyword.CucumberBuiltinKeywords$runFeatureFile.call(Unknown Source)
	at SLIK Gateway Non Customer Search By DateStart DateEnd.run(SLIK Gateway Non Customer Search By DateStart DateEnd:18)
	at com.kms.katalon.core.main.ScriptEngine.run(ScriptEngine.java:194)
	at com.kms.katalon.core.main.ScriptEngine.runScriptAsRawText(ScriptEngine.java:119)
	at com.kms.katalon.core.main.TestCaseExecutor.runScript(TestCaseExecutor.java:339)
	at com.kms.katalon.core.main.TestCaseExecutor.doExecute(TestCaseExecutor.java:330)
	at com.kms.katalon.core.main.TestCaseExecutor.processExecutionPhase(TestCaseExecutor.java:309)
	at com.kms.katalon.core.main.TestCaseExecutor.accessMainPhase(TestCaseExecutor.java:301)
	at com.kms.katalon.core.main.TestCaseExecutor.execute(TestCaseExecutor.java:235)
	at com.kms.katalon.core.main.TestSuiteExecutor.accessTestCaseMainPhase(TestSuiteExecutor.java:191)
	at com.kms.katalon.core.main.TestSuiteExecutor.accessTestSuiteMainPhase(TestSuiteExecutor.java:141)
	at com.kms.katalon.core.main.TestSuiteExecutor.execute(TestSuiteExecutor.java:90)
	at com.kms.katalon.core.main.TestCaseMain.startTestSuite(TestCaseMain.java:157)
	at com.kms.katalon.core.main.TestCaseMain$startTestSuite$0.call(Unknown Source)
	at TempTestSuite1603788899090.run(TempTestSuite1603788899090.groovy:39)
"/>
         <system-out><![CDATA[2020-10-27 16:05:20 - [TEST_CASE][FAILED] - Test Cases/IST_Real/SLIK/SLIK_Gateway_Non_Customer/SLIK Gateway Non Customer Search By DateStart DateEnd: Test Cases/IST_Real/SLIK/SLIK_Gateway_Non_Customer/SLIK Gateway Non Customer Search By DateStart DateEnd FAILED.
Reason:
com.kms.katalon.core.exception.StepFailedException: Feature file 'Include/features/IST_Real/SLIK/SLIK Gateway Non Customer/SLIK_Gateway_Non_Customer_Search_By_DateStart_DateEnd.feature' was failed
	at com.kms.katalon.core.keyword.internal.KeywordMain.stepFailed(KeywordMain.groovy:50)
	at com.kms.katalon.core.keyword.internal.KeywordMain.stepFailed(KeywordMain.groovy)
	at com.kms.katalon.core.keyword.internal.KeywordMain.stepFailed(KeywordMain.groovy:23)
	at com.kms.katalon.core.keyword.internal.KeywordMain$stepFailed$0.call(Unknown Source)
	at com.kms.katalon.core.cucumber.keyword.CucumberBuiltinKeywords$_runFeatureFile_closure1.doCall(CucumberBuiltinKeywords.groovy:82)
	at com.kms.katalon.core.cucumber.keyword.CucumberBuiltinKeywords$_runFeatureFile_closure1.doCall(CucumberBuiltinKeywords.groovy)
	at com.kms.katalon.core.keyword.internal.KeywordMain.runKeyword(KeywordMain.groovy:68)
	at com.kms.katalon.core.keyword.internal.KeywordMain$runKeyword.call(Unknown Source)
	at com.kms.katalon.core.cucumber.keyword.CucumberBuiltinKeywords.runFeatureFile(CucumberBuiltinKeywords.groovy:46)
	at com.kms.katalon.core.cucumber.keyword.CucumberBuiltinKeywords$runFeatureFile$0.callStatic(Unknown Source)
	at com.kms.katalon.core.cucumber.keyword.CucumberBuiltinKeywords.runFeatureFile(CucumberBuiltinKeywords.groovy:169)
	at com.kms.katalon.core.cucumber.keyword.CucumberBuiltinKeywords$runFeatureFile.call(Unknown Source)
	at SLIK Gateway Non Customer Search By DateStart DateEnd.run(SLIK Gateway Non Customer Search By DateStart DateEnd:18)
	at com.kms.katalon.core.main.ScriptEngine.run(ScriptEngine.java:194)
	at com.kms.katalon.core.main.ScriptEngine.runScriptAsRawText(ScriptEngine.java:119)
	at com.kms.katalon.core.main.TestCaseExecutor.runScript(TestCaseExecutor.java:339)
	at com.kms.katalon.core.main.TestCaseExecutor.doExecute(TestCaseExecutor.java:330)
	at com.kms.katalon.core.main.TestCaseExecutor.processExecutionPhase(TestCaseExecutor.java:309)
	at com.kms.katalon.core.main.TestCaseExecutor.accessMainPhase(TestCaseExecutor.java:301)
	at com.kms.katalon.core.main.TestCaseExecutor.execute(TestCaseExecutor.java:235)
	at com.kms.katalon.core.main.TestSuiteExecutor.accessTestCaseMainPhase(TestSuiteExecutor.java:191)
	at com.kms.katalon.core.main.TestSuiteExecutor.accessTestSuiteMainPhase(TestSuiteExecutor.java:141)
	at com.kms.katalon.core.main.TestSuiteExecutor.execute(TestSuiteExecutor.java:90)
	at com.kms.katalon.core.main.TestCaseMain.startTestSuite(TestCaseMain.java:157)
	at com.kms.katalon.core.main.TestCaseMain$startTestSuite$0.call(Unknown Source)
	at TempTestSuite1603788899090.run(TempTestSuite1603788899090.groovy:39)


2020-10-27 16:05:20 - [TEST_STEP][FAILED] - runFeatureFile("Include/features/IST_Real/SLIK/SLIK Gateway Non Customer/SLIK_Gateway_Non_Customer_Search_By_DateStart_DateEnd.feature"): Keyword runFeatureFile was failed (Root cause: com.kms.katalon.core.exception.StepFailedException: Feature file 'Include/features/IST_Real/SLIK/SLIK Gateway Non Customer/SLIK_Gateway_Non_Customer_Search_By_DateStart_DateEnd.feature' was failed
	at com.kms.katalon.core.keyword.internal.KeywordMain.stepFailed(KeywordMain.groovy:50)
	at com.kms.katalon.core.keyword.internal.KeywordMain.stepFailed(KeywordMain.groovy)
	at com.kms.katalon.core.keyword.internal.KeywordMain.stepFailed(KeywordMain.groovy:23)
	at com.kms.katalon.core.keyword.internal.KeywordMain$stepFailed$0.call(Unknown Source)
	at com.kms.katalon.core.cucumber.keyword.CucumberBuiltinKeywords$_runFeatureFile_closure1.doCall(CucumberBuiltinKeywords.groovy:82)
	at com.kms.katalon.core.cucumber.keyword.CucumberBuiltinKeywords$_runFeatureFile_closure1.doCall(CucumberBuiltinKeywords.groovy)
	at com.kms.katalon.core.keyword.internal.KeywordMain.runKeyword(KeywordMain.groovy:68)
	at com.kms.katalon.core.keyword.internal.KeywordMain$runKeyword.call(Unknown Source)
	at com.kms.katalon.core.cucumber.keyword.CucumberBuiltinKeywords.runFeatureFile(CucumberBuiltinKeywords.groovy:46)
	at com.kms.katalon.core.cucumber.keyword.CucumberBuiltinKeywords$runFeatureFile$0.callStatic(Unknown Source)
	at com.kms.katalon.core.cucumber.keyword.CucumberBuiltinKeywords.runFeatureFile(CucumberBuiltinKeywords.groovy:169)
	at com.kms.katalon.core.cucumber.keyword.CucumberBuiltinKeywords$runFeatureFile.call(Unknown Source)
	at SLIK Gateway Non Customer Search By DateStart DateEnd.run(SLIK Gateway Non Customer Search By DateStart DateEnd:18)
	at com.kms.katalon.core.main.ScriptEngine.run(ScriptEngine.java:194)
	at com.kms.katalon.core.main.ScriptEngine.runScriptAsRawText(ScriptEngine.java:119)
	at com.kms.katalon.core.main.TestCaseExecutor.runScript(TestCaseExecutor.java:339)
	at com.kms.katalon.core.main.TestCaseExecutor.doExecute(TestCaseExecutor.java:330)
	at com.kms.katalon.core.main.TestCaseExecutor.processExecutionPhase(TestCaseExecutor.java:309)
	at com.kms.katalon.core.main.TestCaseExecutor.accessMainPhase(TestCaseExecutor.java:301)
	at com.kms.katalon.core.main.TestCaseExecutor.execute(TestCaseExecutor.java:235)
	at com.kms.katalon.core.main.TestSuiteExecutor.accessTestCaseMainPhase(TestSuiteExecutor.java:191)
	at com.kms.katalon.core.main.TestSuiteExecutor.accessTestSuiteMainPhase(TestSuiteExecutor.java:141)
	at com.kms.katalon.core.main.TestSuiteExecutor.execute(TestSuiteExecutor.java:90)
	at com.kms.katalon.core.main.TestCaseMain.startTestSuite(TestCaseMain.java:157)
	at com.kms.katalon.core.main.TestCaseMain$startTestSuite$0.call(Unknown Source)
	at TempTestSuite1603788899090.run(TempTestSuite1603788899090.groovy:39)
)

2020-10-27 16:05:20 - [MESSAGE][INFO] - Starting run keyword runFeatureFile: 'Include/features/IST_Real/SLIK/SLIK Gateway Non Customer/SLIK_Gateway_Non_Customer_Search_By_DateStart_DateEnd.feature' and extract report to folder: '/Users/chaidir.pratama01/Katalon Studio/IST_Automation_Git/Reports/20201027_155459/SLIK/TS_SLIK_Gateway_Non_Customer/20201027_155459/cucumber_report/1603789520373'...

2020-10-27 16:05:20 - [TEST_CASE][FAILED] - Start Test Case : SCENARIO Search Result by Date Start and Date End: SCENARIO Search Result by Date Start and Date End FAILED.
Reason:
com.kms.katalon.core.exception.StepFailedException: Unable to verify object '' is present
	at com.kms.katalon.core.webui.keyword.internal.WebUIKeywordMain.stepFailed(WebUIKeywordMain.groovy:64)
	at com.kms.katalon.core.webui.keyword.internal.WebUIKeywordMain.runKeyword(WebUIKeywordMain.groovy:26)
	at com.kms.katalon.core.webui.keyword.builtin.VerifyElementPresentKeyword.verifyElementPresent(VerifyElementPresentKeyword.groovy:92)
	at com.kms.katalon.core.webui.keyword.builtin.VerifyElementPresentKeyword.execute(VerifyElementPresentKeyword.groovy:68)
	at com.kms.katalon.core.keyword.internal.KeywordExecutor.executeKeywordForPlatform(KeywordExecutor.groovy:73)
	at com.kms.katalon.core.webui.keyword.WebUiBuiltInKeywords.verifyElementPresent(WebUiBuiltInKeywords.groovy:1444)
	at com.kms.katalon.core.webui.keyword.WebUiBuiltInKeywords$verifyElementPresent$9.call(Unknown Source)
	at Slik_Script.Verify_date(Slik_Script.groovy:405)
	at .Verify Search Result Based on Created Date(/Users/chaidir.pratama01/Katalon Studio/IST_Automation_Git/Include/features/IST_Real/SLIK/SLIK Gateway Non Customer/SLIK_Gateway_Non_Customer_Search_By_DateStart_DateEnd.feature:33)
Caused by: com.kms.katalon.core.exception.StepFailedException: com.kms.katalon.core.webui.exception.WebElementNotFoundException: Web element with id: '' located by '//span[text()='Search Result']/../../../following-sibling::div[@class='z-groupbox-content']/div[@class='z-grid']/div[@class='z-grid-body']/table/tbody/tr/td[4]/div/span' not found
	at com.kms.katalon.core.webui.keyword.internal.WebUIKeywordMain.stepFailed(WebUIKeywordMain.groovy:64)
	at com.kms.katalon.core.webui.keyword.builtin.VerifyElementPresentKeyword$_verifyElementPresent_closure1.doCall(VerifyElementPresentKeyword.groovy:85)
	at com.kms.katalon.core.webui.keyword.builtin.VerifyElementPresentKeyword$_verifyElementPresent_closure1.call(VerifyElementPresentKeyword.groovy)
	at com.kms.katalon.core.webui.keyword.internal.WebUIKeywordMain.runKeyword(WebUIKeywordMain.groovy:20)
	at com.kms.katalon.core.webui.keyword.builtin.VerifyElementPresentKeyword.verifyElementPresent(VerifyElementPresentKeyword.groovy:92)
	at com.kms.katalon.core.webui.keyword.builtin.VerifyElementPresentKeyword.execute(VerifyElementPresentKeyword.groovy:68)
	at com.kms.katalon.core.keyword.internal.KeywordExecutor.executeKeywordForPlatform(KeywordExecutor.groovy:73)
	at com.kms.katalon.core.webui.keyword.WebUiBuiltInKeywords.verifyElementPresent(WebUiBuiltInKeywords.groovy:1444)
	at com.kms.katalon.core.webui.keyword.WebUiBuiltInKeywords$verifyElementPresent$9.call(Unknown Source)
	at Slik_Script.Verify_date(Slik_Script.groovy:405)
	at cucumber.runtime.Utils$1.call(Utils.java:26)
	at cucumber.runtime.Timeout.timeout(Timeout.java:16)
	at cucumber.runtime.Utils.invoke(Utils.java:20)
	at cucumber.runtime.java.JavaStepDefinition.execute(JavaStepDefinition.java:48)
	at cucumber.runtime.PickleStepDefinitionMatch.runStep(PickleStepDefinitionMatch.java:50)
	at cucumber.runner.TestStep.executeStep(TestStep.java:55)
	at cucumber.runner.TestStep.run(TestStep.java:42)
	at cucumber.runner.PickleStepTestStep.run(PickleStepTestStep.java:53)
	at cucumber.runner.TestCase.run(TestCase.java:47)
	at cucumber.runner.Runner.runPickle(Runner.java:44)
	at cucumber.runtime.Runtime.runFeature(Runtime.java:120)
	at cucumber.runtime.Runtime.run(Runtime.java:106)
	at cucumber.api.cli.Main.run(Main.java:35)
	at cucumber.api.cli.Main$run.call(Unknown Source)
	at com.kms.katalon.core.cucumber.keyword.CucumberBuiltinKeywords$_runFeatureFile_closure1.doCall(CucumberBuiltinKeywords.groovy:76)
	at com.kms.katalon.core.cucumber.keyword.CucumberBuiltinKeywords$_runFeatureFile_closure1.doCall(CucumberBuiltinKeywords.groovy)
	at com.kms.katalon.core.keyword.internal.KeywordMain.runKeyword(KeywordMain.groovy:68)
	at com.kms.katalon.core.keyword.internal.KeywordMain$runKeyword.call(Unknown Source)
	at com.kms.katalon.core.cucumber.keyword.CucumberBuiltinKeywords.runFeatureFile(CucumberBuiltinKeywords.groovy:46)
	at com.kms.katalon.core.cucumber.keyword.CucumberBuiltinKeywords$runFeatureFile$0.callStatic(Unknown Source)
	at com.kms.katalon.core.cucumber.keyword.CucumberBuiltinKeywords.runFeatureFile(CucumberBuiltinKeywords.groovy:169)
	at com.kms.katalon.core.cucumber.keyword.CucumberBuiltinKeywords$runFeatureFile.call(Unknown Source)
	at SLIK Gateway Non Customer Search By DateStart DateEnd.run(SLIK Gateway Non Customer Search By DateStart DateEnd:18)
	at com.kms.katalon.core.main.ScriptEngine.run(ScriptEngine.java:194)
	at com.kms.katalon.core.main.ScriptEngine.runScriptAsRawText(ScriptEngine.java:119)
	at com.kms.katalon.core.main.TestCaseExecutor.runScript(TestCaseExecutor.java:339)
	at com.kms.katalon.core.main.TestCaseExecutor.doExecute(TestCaseExecutor.java:330)
	at com.kms.katalon.core.main.TestCaseExecutor.processExecutionPhase(TestCaseExecutor.java:309)
	at com.kms.katalon.core.main.TestCaseExecutor.accessMainPhase(TestCaseExecutor.java:301)
	at com.kms.katalon.core.main.TestCaseExecutor.execute(TestCaseExecutor.java:235)
	at com.kms.katalon.core.main.TestSuiteExecutor.accessTestCaseMainPhase(TestSuiteExecutor.java:191)
	at com.kms.katalon.core.main.TestSuiteExecutor.accessTestSuiteMainPhase(TestSuiteExecutor.java:141)
	at com.kms.katalon.core.main.TestSuiteExecutor.execute(TestSuiteExecutor.java:90)
	at com.kms.katalon.core.main.TestCaseMain.startTestSuite(TestCaseMain.java:157)
	at com.kms.katalon.core.main.TestCaseMain$startTestSuite$0.call(Unknown Source)
	at TempTestSuite1603788899090.run(TempTestSuite1603788899090.groovy:39)


2020-10-27 16:05:20 - [TEST_STEP][PASSED] - Go to ISTools: Go to ISTools

2020-10-27 16:05:20 - [MESSAGE][INFO] - Starting 'Chrome' driver

2020-10-27 16:05:20 - [MESSAGE][INFO] - User set preference: ['AcceptInsecureCerts', 'true']

2020-10-27 16:05:20 - [MESSAGE][INFO] - User set preference: ['args', '[ignore-certificate-errors]']

2020-10-27 16:05:20 - [MESSAGE][INFO] - Action delay is set to 0 milliseconds

2020-10-27 16:05:21 - [MESSAGE][PASSED] - Browser is opened with url: ''

2020-10-27 16:05:37 - [MESSAGE][PASSED] - Navigate to 'https://id-ist01preprod.id.nonprod/ist/' successfully

2020-10-27 16:05:37 - [MESSAGE][PASSED] - Go to ISTools

2020-10-27 16:05:37 - [TEST_STEP][PASSED] - Login IST with valid credentials: Login IST with valid credentials

2020-10-27 16:05:38 - [MESSAGE][PASSED] - Text 'mobile.test' is set on object 'Object Repository/Page_/input_Username_j_username'

2020-10-27 16:05:39 - [MESSAGE][PASSED] - Text ****** has been set on object 'Object Repository/Page_/input_Password_j_password'

2020-10-27 16:05:43 - [MESSAGE][PASSED] - Object: 'Object Repository/Page_/button_Login' is clicked on

2020-10-27 16:05:43 - [MESSAGE][PASSED] - Login IST with valid credentials

2020-10-27 16:05:43 - [TEST_STEP][PASSED] - Login Success for contract dispatcher: Login Success for contract dispatcher

2020-10-27 16:05:43 - [MESSAGE][INFO] - Login Success

2020-10-27 16:05:43 - [MESSAGE][PASSED] - Current window maximized

2020-10-27 16:05:43 - [MESSAGE][PASSED] - Object 'Object Repository/Page_/h1_Welcome to IT Supporting Tools' is present

2020-10-27 16:05:43 - [MESSAGE][PASSED] - Login Success for contract dispatcher

2020-10-27 16:05:43 - [TEST_STEP][PASSED] - Select Menu SLIK Gateway NonCustomer: Select Menu SLIK Gateway NonCustomer

2020-10-27 16:05:44 - [MESSAGE][PASSED] - Object '' is present

2020-10-27 16:05:44 - [MESSAGE][PASSED] - Object: '' is clicked on

2020-10-27 16:05:44 - [MESSAGE][PASSED] - Wait for page load successfully

2020-10-27 16:05:44 - [MESSAGE][PASSED] - Select Menu SLIK Gateway NonCustomer

2020-10-27 16:05:44 - [TEST_STEP][PASSED] - Set Start Date with value "01-10-2020" and End Date with value "24-10-2020": Set Start Date with value "01-10-2020" and End Date with value "24-10-2020"

2020-10-27 16:05:45 - [MESSAGE][PASSED] - Scroll to object '' successfully

2020-10-27 16:05:46 - [MESSAGE][PASSED] - Object '' is present

2020-10-27 16:05:47 - [MESSAGE][PASSED] - Text '01-10-2020' is set on object ''

2020-10-27 16:05:47 - [MESSAGE][PASSED] - Object '' is present

2020-10-27 16:05:48 - [MESSAGE][PASSED] - Text '24-10-2020' is set on object ''

2020-10-27 16:05:48 - [MESSAGE][PASSED] - Set Start Date with value "01-10-2020" and End Date with value "24-10-2020"

2020-10-27 16:05:48 - [TEST_STEP][PASSED] - Click button "Search": Click button "Search"

2020-10-27 16:05:48 - [MESSAGE][INFO] - >>>>>//Button[contains(text(),'Search')]

2020-10-27 16:05:51 - [MESSAGE][PASSED] - Object: '' is clicked on

2020-10-27 16:05:51 - [MESSAGE][PASSED] - Click button "Search"

2020-10-27 16:05:51 - [TEST_STEP][FAILED] - Verify Search Result Based on Created Date: Verify Search Result Based on Created Date FAILED.
Reason:
com.kms.katalon.core.exception.StepFailedException: Unable to verify object '' is present
	at com.kms.katalon.core.webui.keyword.internal.WebUIKeywordMain.stepFailed(WebUIKeywordMain.groovy:64)
	at com.kms.katalon.core.webui.keyword.internal.WebUIKeywordMain.runKeyword(WebUIKeywordMain.groovy:26)
	at com.kms.katalon.core.webui.keyword.builtin.VerifyElementPresentKeyword.verifyElementPresent(VerifyElementPresentKeyword.groovy:92)
	at com.kms.katalon.core.webui.keyword.builtin.VerifyElementPresentKeyword.execute(VerifyElementPresentKeyword.groovy:68)
	at com.kms.katalon.core.keyword.internal.KeywordExecutor.executeKeywordForPlatform(KeywordExecutor.groovy:73)
	at com.kms.katalon.core.webui.keyword.WebUiBuiltInKeywords.verifyElementPresent(WebUiBuiltInKeywords.groovy:1444)
	at com.kms.katalon.core.webui.keyword.WebUiBuiltInKeywords$verifyElementPresent$9.call(Unknown Source)
	at Slik_Script.Verify_date(Slik_Script.groovy:405)
	at .Verify Search Result Based on Created Date(/Users/chaidir.pratama01/Katalon Studio/IST_Automation_Git/Include/features/IST_Real/SLIK/SLIK Gateway Non Customer/SLIK_Gateway_Non_Customer_Search_By_DateStart_DateEnd.feature:33)
Caused by: com.kms.katalon.core.exception.StepFailedException: com.kms.katalon.core.webui.exception.WebElementNotFoundException: Web element with id: '' located by '//span[text()='Search Result']/../../../following-sibling::div[@class='z-groupbox-content']/div[@class='z-grid']/div[@class='z-grid-body']/table/tbody/tr/td[4]/div/span' not found
	at com.kms.katalon.core.webui.keyword.internal.WebUIKeywordMain.stepFailed(WebUIKeywordMain.groovy:64)
	at com.kms.katalon.core.webui.keyword.builtin.VerifyElementPresentKeyword$_verifyElementPresent_closure1.doCall(VerifyElementPresentKeyword.groovy:85)
	at com.kms.katalon.core.webui.keyword.builtin.VerifyElementPresentKeyword$_verifyElementPresent_closure1.call(VerifyElementPresentKeyword.groovy)
	at com.kms.katalon.core.webui.keyword.internal.WebUIKeywordMain.runKeyword(WebUIKeywordMain.groovy:20)
	at com.kms.katalon.core.webui.keyword.builtin.VerifyElementPresentKeyword.verifyElementPresent(VerifyElementPresentKeyword.groovy:92)
	at com.kms.katalon.core.webui.keyword.builtin.VerifyElementPresentKeyword.execute(VerifyElementPresentKeyword.groovy:68)
	at com.kms.katalon.core.keyword.internal.KeywordExecutor.executeKeywordForPlatform(KeywordExecutor.groovy:73)
	at com.kms.katalon.core.webui.keyword.WebUiBuiltInKeywords.verifyElementPresent(WebUiBuiltInKeywords.groovy:1444)
	at com.kms.katalon.core.webui.keyword.WebUiBuiltInKeywords$verifyElementPresent$9.call(Unknown Source)
	at Slik_Script.Verify_date(Slik_Script.groovy:405)
	at cucumber.runtime.Utils$1.call(Utils.java:26)
	at cucumber.runtime.Timeout.timeout(Timeout.java:16)
	at cucumber.runtime.Utils.invoke(Utils.java:20)
	at cucumber.runtime.java.JavaStepDefinition.execute(JavaStepDefinition.java:48)
	at cucumber.runtime.PickleStepDefinitionMatch.runStep(PickleStepDefinitionMatch.java:50)
	at cucumber.runner.TestStep.executeStep(TestStep.java:55)
	at cucumber.runner.TestStep.run(TestStep.java:42)
	at cucumber.runner.PickleStepTestStep.run(PickleStepTestStep.java:53)
	at cucumber.runner.TestCase.run(TestCase.java:47)
	at cucumber.runner.Runner.runPickle(Runner.java:44)
	at cucumber.runtime.Runtime.runFeature(Runtime.java:120)
	at cucumber.runtime.Runtime.run(Runtime.java:106)
	at cucumber.api.cli.Main.run(Main.java:35)
	at cucumber.api.cli.Main$run.call(Unknown Source)
	at com.kms.katalon.core.cucumber.keyword.CucumberBuiltinKeywords$_runFeatureFile_closure1.doCall(CucumberBuiltinKeywords.groovy:76)
	at com.kms.katalon.core.cucumber.keyword.CucumberBuiltinKeywords$_runFeatureFile_closure1.doCall(CucumberBuiltinKeywords.groovy)
	at com.kms.katalon.core.keyword.internal.KeywordMain.runKeyword(KeywordMain.groovy:68)
	at com.kms.katalon.core.keyword.internal.KeywordMain$runKeyword.call(Unknown Source)
	at com.kms.katalon.core.cucumber.keyword.CucumberBuiltinKeywords.runFeatureFile(CucumberBuiltinKeywords.groovy:46)
	at com.kms.katalon.core.cucumber.keyword.CucumberBuiltinKeywords$runFeatureFile$0.callStatic(Unknown Source)
	at com.kms.katalon.core.cucumber.keyword.CucumberBuiltinKeywords.runFeatureFile(CucumberBuiltinKeywords.groovy:169)
	at com.kms.katalon.core.cucumber.keyword.CucumberBuiltinKeywords$runFeatureFile.call(Unknown Source)
	at SLIK Gateway Non Customer Search By DateStart DateEnd.run(SLIK Gateway Non Customer Search By DateStart DateEnd:18)
	at com.kms.katalon.core.main.ScriptEngine.run(ScriptEngine.java:194)
	at com.kms.katalon.core.main.ScriptEngine.runScriptAsRawText(ScriptEngine.java:119)
	at com.kms.katalon.core.main.TestCaseExecutor.runScript(TestCaseExecutor.java:339)
	at com.kms.katalon.core.main.TestCaseExecutor.doExecute(TestCaseExecutor.java:330)
	at com.kms.katalon.core.main.TestCaseExecutor.processExecutionPhase(TestCaseExecutor.java:309)
	at com.kms.katalon.core.main.TestCaseExecutor.accessMainPhase(TestCaseExecutor.java:301)
	at com.kms.katalon.core.main.TestCaseExecutor.execute(TestCaseExecutor.java:235)
	at com.kms.katalon.core.main.TestSuiteExecutor.accessTestCaseMainPhase(TestSuiteExecutor.java:191)
	at com.kms.katalon.core.main.TestSuiteExecutor.accessTestSuiteMainPhase(TestSuiteExecutor.java:141)
	at com.kms.katalon.core.main.TestSuiteExecutor.execute(TestSuiteExecutor.java:90)
	at com.kms.katalon.core.main.TestCaseMain.startTestSuite(TestCaseMain.java:157)
	at com.kms.katalon.core.main.TestCaseMain$startTestSuite$0.call(Unknown Source)
	at TempTestSuite1603788899090.run(TempTestSuite1603788899090.groovy:39)


2020-10-27 16:05:57 - [MESSAGE][INFO] - Unable to find the element located by 'By.xpath: //span[text()='Search Result']/../../../following-sibling::div[@class='z-groupbox-content']/div[@class='z-grid']/div[@class='z-grid-body']/table/tbody/tr/td[4]/div/span'. Please recheck the objects properties to make sure the desired element is located. 

2020-10-27 16:05:58 - [MESSAGE][FAILED] - com.kms.katalon.core.webui.exception.WebElementNotFoundException: Web element with id: '' located by '//span[text()='Search Result']/../../../following-sibling::div[@class='z-groupbox-content']/div[@class='z-grid']/div[@class='z-grid-body']/table/tbody/tr/td[4]/div/span' not found (Root cause: com.kms.katalon.core.exception.StepFailedException: com.kms.katalon.core.webui.exception.WebElementNotFoundException: Web element with id: '' located by '//span[text()='Search Result']/../../../following-sibling::div[@class='z-groupbox-content']/div[@class='z-grid']/div[@class='z-grid-body']/table/tbody/tr/td[4]/div/span' not found
	at com.kms.katalon.core.webui.keyword.internal.WebUIKeywordMain.stepFailed(WebUIKeywordMain.groovy:64)
	at com.kms.katalon.core.webui.keyword.builtin.VerifyElementPresentKeyword$_verifyElementPresent_closure1.doCall(VerifyElementPresentKeyword.groovy:85)
	at com.kms.katalon.core.webui.keyword.builtin.VerifyElementPresentKeyword$_verifyElementPresent_closure1.call(VerifyElementPresentKeyword.groovy)
	at com.kms.katalon.core.webui.keyword.internal.WebUIKeywordMain.runKeyword(WebUIKeywordMain.groovy:20)
	at com.kms.katalon.core.webui.keyword.builtin.VerifyElementPresentKeyword.verifyElementPresent(VerifyElementPresentKeyword.groovy:92)
	at com.kms.katalon.core.webui.keyword.builtin.VerifyElementPresentKeyword.execute(VerifyElementPresentKeyword.groovy:68)
	at com.kms.katalon.core.keyword.internal.KeywordExecutor.executeKeywordForPlatform(KeywordExecutor.groovy:73)
	at com.kms.katalon.core.webui.keyword.WebUiBuiltInKeywords.verifyElementPresent(WebUiBuiltInKeywords.groovy:1444)
	at com.kms.katalon.core.webui.keyword.WebUiBuiltInKeywords$verifyElementPresent$9.call(Unknown Source)
	at Slik_Script.Verify_date(Slik_Script.groovy:405)
	at cucumber.runtime.Utils$1.call(Utils.java:26)
	at cucumber.runtime.Timeout.timeout(Timeout.java:16)
	at cucumber.runtime.Utils.invoke(Utils.java:20)
	at cucumber.runtime.java.JavaStepDefinition.execute(JavaStepDefinition.java:48)
	at cucumber.runtime.PickleStepDefinitionMatch.runStep(PickleStepDefinitionMatch.java:50)
	at cucumber.runner.TestStep.executeStep(TestStep.java:55)
	at cucumber.runner.TestStep.run(TestStep.java:42)
	at cucumber.runner.PickleStepTestStep.run(PickleStepTestStep.java:53)
	at cucumber.runner.TestCase.run(TestCase.java:47)
	at cucumber.runner.Runner.runPickle(Runner.java:44)
	at cucumber.runtime.Runtime.runFeature(Runtime.java:120)
	at cucumber.runtime.Runtime.run(Runtime.java:106)
	at cucumber.api.cli.Main.run(Main.java:35)
	at cucumber.api.cli.Main$run.call(Unknown Source)
	at com.kms.katalon.core.cucumber.keyword.CucumberBuiltinKeywords$_runFeatureFile_closure1.doCall(CucumberBuiltinKeywords.groovy:76)
	at com.kms.katalon.core.cucumber.keyword.CucumberBuiltinKeywords$_runFeatureFile_closure1.doCall(CucumberBuiltinKeywords.groovy)
	at com.kms.katalon.core.keyword.internal.KeywordMain.runKeyword(KeywordMain.groovy:68)
	at com.kms.katalon.core.keyword.internal.KeywordMain$runKeyword.call(Unknown Source)
	at com.kms.katalon.core.cucumber.keyword.CucumberBuiltinKeywords.runFeatureFile(CucumberBuiltinKeywords.groovy:46)
	at com.kms.katalon.core.cucumber.keyword.CucumberBuiltinKeywords$runFeatureFile$0.callStatic(Unknown Source)
	at com.kms.katalon.core.cucumber.keyword.CucumberBuiltinKeywords.runFeatureFile(CucumberBuiltinKeywords.groovy:169)
	at com.kms.katalon.core.cucumber.keyword.CucumberBuiltinKeywords$runFeatureFile.call(Unknown Source)
	at SLIK Gateway Non Customer Search By DateStart DateEnd.run(SLIK Gateway Non Customer Search By DateStart DateEnd:18)
	at com.kms.katalon.core.main.ScriptEngine.run(ScriptEngine.java:194)
	at com.kms.katalon.core.main.ScriptEngine.runScriptAsRawText(ScriptEngine.java:119)
	at com.kms.katalon.core.main.TestCaseExecutor.runScript(TestCaseExecutor.java:339)
	at com.kms.katalon.core.main.TestCaseExecutor.doExecute(TestCaseExecutor.java:330)
	at com.kms.katalon.core.main.TestCaseExecutor.processExecutionPhase(TestCaseExecutor.java:309)
	at com.kms.katalon.core.main.TestCaseExecutor.accessMainPhase(TestCaseExecutor.java:301)
	at com.kms.katalon.core.main.TestCaseExecutor.execute(TestCaseExecutor.java:235)
	at com.kms.katalon.core.main.TestSuiteExecutor.accessTestCaseMainPhase(TestSuiteExecutor.java:191)
	at com.kms.katalon.core.main.TestSuiteExecutor.accessTestSuiteMainPhase(TestSuiteExecutor.java:141)
	at com.kms.katalon.core.main.TestSuiteExecutor.execute(TestSuiteExecutor.java:90)
	at com.kms.katalon.core.main.TestCaseMain.startTestSuite(TestCaseMain.java:157)
	at com.kms.katalon.core.main.TestCaseMain$startTestSuite$0.call(Unknown Source)
	at TempTestSuite1603788899090.run(TempTestSuite1603788899090.groovy:39)
)
[[ATTACHMENT|/Users/chaidir.pratama01/Katalon Studio/IST_Automation_Git/Reports/20201027_155459/SLIK/TS_SLIK_Gateway_Non_Customer/20201027_155459/1603789557583.png]]

2020-10-27 16:05:58 - [MESSAGE][FAILED] - Unable to verify object '' is present (Root cause: com.kms.katalon.core.exception.StepFailedException: Unable to verify object '' is present
	at com.kms.katalon.core.webui.keyword.internal.WebUIKeywordMain.stepFailed(WebUIKeywordMain.groovy:64)
	at com.kms.katalon.core.webui.keyword.internal.WebUIKeywordMain.runKeyword(WebUIKeywordMain.groovy:26)
	at com.kms.katalon.core.webui.keyword.builtin.VerifyElementPresentKeyword.verifyElementPresent(VerifyElementPresentKeyword.groovy:92)
	at com.kms.katalon.core.webui.keyword.builtin.VerifyElementPresentKeyword.execute(VerifyElementPresentKeyword.groovy:68)
	at com.kms.katalon.core.keyword.internal.KeywordExecutor.executeKeywordForPlatform(KeywordExecutor.groovy:73)
	at com.kms.katalon.core.webui.keyword.WebUiBuiltInKeywords.verifyElementPresent(WebUiBuiltInKeywords.groovy:1444)
	at com.kms.katalon.core.webui.keyword.WebUiBuiltInKeywords$verifyElementPresent$9.call(Unknown Source)
	at Slik_Script.Verify_date(Slik_Script.groovy:405)
	at cucumber.runtime.Utils$1.call(Utils.java:26)
	at cucumber.runtime.Timeout.timeout(Timeout.java:16)
	at cucumber.runtime.Utils.invoke(Utils.java:20)
	at cucumber.runtime.java.JavaStepDefinition.execute(JavaStepDefinition.java:48)
	at cucumber.runtime.PickleStepDefinitionMatch.runStep(PickleStepDefinitionMatch.java:50)
	at cucumber.runner.TestStep.executeStep(TestStep.java:55)
	at cucumber.runner.TestStep.run(TestStep.java:42)
	at cucumber.runner.PickleStepTestStep.run(PickleStepTestStep.java:53)
	at cucumber.runner.TestCase.run(TestCase.java:47)
	at cucumber.runner.Runner.runPickle(Runner.java:44)
	at cucumber.runtime.Runtime.runFeature(Runtime.java:120)
	at cucumber.runtime.Runtime.run(Runtime.java:106)
	at cucumber.api.cli.Main.run(Main.java:35)
	at cucumber.api.cli.Main$run.call(Unknown Source)
	at com.kms.katalon.core.cucumber.keyword.CucumberBuiltinKeywords$_runFeatureFile_closure1.doCall(CucumberBuiltinKeywords.groovy:76)
	at com.kms.katalon.core.cucumber.keyword.CucumberBuiltinKeywords$_runFeatureFile_closure1.doCall(CucumberBuiltinKeywords.groovy)
	at com.kms.katalon.core.keyword.internal.KeywordMain.runKeyword(KeywordMain.groovy:68)
	at com.kms.katalon.core.keyword.internal.KeywordMain$runKeyword.call(Unknown Source)
	at com.kms.katalon.core.cucumber.keyword.CucumberBuiltinKeywords.runFeatureFile(CucumberBuiltinKeywords.groovy:46)
	at com.kms.katalon.core.cucumber.keyword.CucumberBuiltinKeywords$runFeatureFile$0.callStatic(Unknown Source)
	at com.kms.katalon.core.cucumber.keyword.CucumberBuiltinKeywords.runFeatureFile(CucumberBuiltinKeywords.groovy:169)
	at com.kms.katalon.core.cucumber.keyword.CucumberBuiltinKeywords$runFeatureFile.call(Unknown Source)
	at SLIK Gateway Non Customer Search By DateStart DateEnd.run(SLIK Gateway Non Customer Search By DateStart DateEnd:18)
	at com.kms.katalon.core.main.ScriptEngine.run(ScriptEngine.java:194)
	at com.kms.katalon.core.main.ScriptEngine.runScriptAsRawText(ScriptEngine.java:119)
	at com.kms.katalon.core.main.TestCaseExecutor.runScript(TestCaseExecutor.java:339)
	at com.kms.katalon.core.main.TestCaseExecutor.doExecute(TestCaseExecutor.java:330)
	at com.kms.katalon.core.main.TestCaseExecutor.processExecutionPhase(TestCaseExecutor.java:309)
	at com.kms.katalon.core.main.TestCaseExecutor.accessMainPhase(TestCaseExecutor.java:301)
	at com.kms.katalon.core.main.TestCaseExecutor.execute(TestCaseExecutor.java:235)
	at com.kms.katalon.core.main.TestSuiteExecutor.accessTestCaseMainPhase(TestSuiteExecutor.java:191)
	at com.kms.katalon.core.main.TestSuiteExecutor.accessTestSuiteMainPhase(TestSuiteExecutor.java:141)
	at com.kms.katalon.core.main.TestSuiteExecutor.execute(TestSuiteExecutor.java:90)
	at com.kms.katalon.core.main.TestCaseMain.startTestSuite(TestCaseMain.java:157)
	at com.kms.katalon.core.main.TestCaseMain$startTestSuite$0.call(Unknown Source)
	at TempTestSuite1603788899090.run(TempTestSuite1603788899090.groovy:39)
Caused by: com.kms.katalon.core.exception.StepFailedException: com.kms.katalon.core.webui.exception.WebElementNotFoundException: Web element with id: '' located by '//span[text()='Search Result']/../../../following-sibling::div[@class='z-groupbox-content']/div[@class='z-grid']/div[@class='z-grid-body']/table/tbody/tr/td[4]/div/span' not found
	at com.kms.katalon.core.webui.keyword.internal.WebUIKeywordMain.stepFailed(WebUIKeywordMain.groovy:64)
	at com.kms.katalon.core.webui.keyword.builtin.VerifyElementPresentKeyword$_verifyElementPresent_closure1.doCall(VerifyElementPresentKeyword.groovy:85)
	at com.kms.katalon.core.webui.keyword.builtin.VerifyElementPresentKeyword$_verifyElementPresent_closure1.call(VerifyElementPresentKeyword.groovy)
	at com.kms.katalon.core.webui.keyword.internal.WebUIKeywordMain.runKeyword(WebUIKeywordMain.groovy:20)
	... 42 more
)
[[ATTACHMENT|/Users/chaidir.pratama01/Katalon Studio/IST_Automation_Git/Reports/20201027_155459/SLIK/TS_SLIK_Gateway_Non_Customer/20201027_155459/1603789558207.png]]

2020-10-27 16:05:58 - [MESSAGE][FAILED] - Verify Search Result Based on Created Date FAILED.
Reason:
com.kms.katalon.core.exception.StepFailedException: Unable to verify object '' is present
	at com.kms.katalon.core.webui.keyword.internal.WebUIKeywordMain.stepFailed(WebUIKeywordMain.groovy:64)
	at com.kms.katalon.core.webui.keyword.internal.WebUIKeywordMain.runKeyword(WebUIKeywordMain.groovy:26)
	at com.kms.katalon.core.webui.keyword.builtin.VerifyElementPresentKeyword.verifyElementPresent(VerifyElementPresentKeyword.groovy:92)
	at com.kms.katalon.core.webui.keyword.builtin.VerifyElementPresentKeyword.execute(VerifyElementPresentKeyword.groovy:68)
	at com.kms.katalon.core.keyword.internal.KeywordExecutor.executeKeywordForPlatform(KeywordExecutor.groovy:73)
	at com.kms.katalon.core.webui.keyword.WebUiBuiltInKeywords.verifyElementPresent(WebUiBuiltInKeywords.groovy:1444)
	at com.kms.katalon.core.webui.keyword.WebUiBuiltInKeywords$verifyElementPresent$9.call(Unknown Source)
	at Slik_Script.Verify_date(Slik_Script.groovy:405)
	at .Verify Search Result Based on Created Date(/Users/chaidir.pratama01/Katalon Studio/IST_Automation_Git/Include/features/IST_Real/SLIK/SLIK Gateway Non Customer/SLIK_Gateway_Non_Customer_Search_By_DateStart_DateEnd.feature:33)
Caused by: com.kms.katalon.core.exception.StepFailedException: com.kms.katalon.core.webui.exception.WebElementNotFoundException: Web element with id: '' located by '//span[text()='Search Result']/../../../following-sibling::div[@class='z-groupbox-content']/div[@class='z-grid']/div[@class='z-grid-body']/table/tbody/tr/td[4]/div/span' not found
	at com.kms.katalon.core.webui.keyword.internal.WebUIKeywordMain.stepFailed(WebUIKeywordMain.groovy:64)
	at com.kms.katalon.core.webui.keyword.builtin.VerifyElementPresentKeyword$_verifyElementPresent_closure1.doCall(VerifyElementPresentKeyword.groovy:85)
	at com.kms.katalon.core.webui.keyword.builtin.VerifyElementPresentKeyword$_verifyElementPresent_closure1.call(VerifyElementPresentKeyword.groovy)
	at com.kms.katalon.core.webui.keyword.internal.WebUIKeywordMain.runKeyword(WebUIKeywordMain.groovy:20)
	at com.kms.katalon.core.webui.keyword.builtin.VerifyElementPresentKeyword.verifyElementPresent(VerifyElementPresentKeyword.groovy:92)
	at com.kms.katalon.core.webui.keyword.builtin.VerifyElementPresentKeyword.execute(VerifyElementPresentKeyword.groovy:68)
	at com.kms.katalon.core.keyword.internal.KeywordExecutor.executeKeywordForPlatform(KeywordExecutor.groovy:73)
	at com.kms.katalon.core.webui.keyword.WebUiBuiltInKeywords.verifyElementPresent(WebUiBuiltInKeywords.groovy:1444)
	at com.kms.katalon.core.webui.keyword.WebUiBuiltInKeywords$verifyElementPresent$9.call(Unknown Source)
	at Slik_Script.Verify_date(Slik_Script.groovy:405)
	at cucumber.runtime.Utils$1.call(Utils.java:26)
	at cucumber.runtime.Timeout.timeout(Timeout.java:16)
	at cucumber.runtime.Utils.invoke(Utils.java:20)
	at cucumber.runtime.java.JavaStepDefinition.execute(JavaStepDefinition.java:48)
	at cucumber.runtime.PickleStepDefinitionMatch.runStep(PickleStepDefinitionMatch.java:50)
	at cucumber.runner.TestStep.executeStep(TestStep.java:55)
	at cucumber.runner.TestStep.run(TestStep.java:42)
	at cucumber.runner.PickleStepTestStep.run(PickleStepTestStep.java:53)
	at cucumber.runner.TestCase.run(TestCase.java:47)
	at cucumber.runner.Runner.runPickle(Runner.java:44)
	at cucumber.runtime.Runtime.runFeature(Runtime.java:120)
	at cucumber.runtime.Runtime.run(Runtime.java:106)
	at cucumber.api.cli.Main.run(Main.java:35)
	at cucumber.api.cli.Main$run.call(Unknown Source)
	at com.kms.katalon.core.cucumber.keyword.CucumberBuiltinKeywords$_runFeatureFile_closure1.doCall(CucumberBuiltinKeywords.groovy:76)
	at com.kms.katalon.core.cucumber.keyword.CucumberBuiltinKeywords$_runFeatureFile_closure1.doCall(CucumberBuiltinKeywords.groovy)
	at com.kms.katalon.core.keyword.internal.KeywordMain.runKeyword(KeywordMain.groovy:68)
	at com.kms.katalon.core.keyword.internal.KeywordMain$runKeyword.call(Unknown Source)
	at com.kms.katalon.core.cucumber.keyword.CucumberBuiltinKeywords.runFeatureFile(CucumberBuiltinKeywords.groovy:46)
	at com.kms.katalon.core.cucumber.keyword.CucumberBuiltinKeywords$runFeatureFile$0.callStatic(Unknown Source)
	at com.kms.katalon.core.cucumber.keyword.CucumberBuiltinKeywords.runFeatureFile(CucumberBuiltinKeywords.groovy:169)
	at com.kms.katalon.core.cucumber.keyword.CucumberBuiltinKeywords$runFeatureFile.call(Unknown Source)
	at SLIK Gateway Non Customer Search By DateStart DateEnd.run(SLIK Gateway Non Customer Search By DateStart DateEnd:18)
	at com.kms.katalon.core.main.ScriptEngine.run(ScriptEngine.java:194)
	at com.kms.katalon.core.main.ScriptEngine.runScriptAsRawText(ScriptEngine.java:119)
	at com.kms.katalon.core.main.TestCaseExecutor.runScript(TestCaseExecutor.java:339)
	at com.kms.katalon.core.main.TestCaseExecutor.doExecute(TestCaseExecutor.java:330)
	at com.kms.katalon.core.main.TestCaseExecutor.processExecutionPhase(TestCaseExecutor.java:309)
	at com.kms.katalon.core.main.TestCaseExecutor.accessMainPhase(TestCaseExecutor.java:301)
	at com.kms.katalon.core.main.TestCaseExecutor.execute(TestCaseExecutor.java:235)
	at com.kms.katalon.core.main.TestSuiteExecutor.accessTestCaseMainPhase(TestSuiteExecutor.java:191)
	at com.kms.katalon.core.main.TestSuiteExecutor.accessTestSuiteMainPhase(TestSuiteExecutor.java:141)
	at com.kms.katalon.core.main.TestSuiteExecutor.execute(TestSuiteExecutor.java:90)
	at com.kms.katalon.core.main.TestCaseMain.startTestSuite(TestCaseMain.java:157)
	at com.kms.katalon.core.main.TestCaseMain$startTestSuite$0.call(Unknown Source)
	at TempTestSuite1603788899090.run(TempTestSuite1603788899090.groovy:39)


2020-10-27 16:05:58 - [TEST_STEP][NOT_RUN] - Verify Search Result Based on Result Status: Verify Search Result Based on Result Status

2020-10-27 16:05:58 - [MESSAGE][NOT_RUN] - Verify Search Result Based on Result Status

2020-10-27 16:05:58 - [TEST_STEP][NOT_RUN] - Click button "Logout": Click button "Logout"

2020-10-27 16:05:58 - [MESSAGE][NOT_RUN] - Click button "Logout"

2020-10-27 16:05:58 - [TEST_STEP][NOT_RUN] - Close browser: Close browser

2020-10-27 16:05:58 - [MESSAGE][NOT_RUN] - Close browser

2020-10-27 16:05:58 - [MESSAGE][FAILED] - Feature file 'Include/features/IST_Real/SLIK/SLIK Gateway Non Customer/SLIK_Gateway_Non_Customer_Search_By_DateStart_DateEnd.feature' was failed

2020-10-27 16:05:58 - [MESSAGE][FAILED] - Keyword runFeatureFile was failed (Root cause: com.kms.katalon.core.exception.StepFailedException: Feature file 'Include/features/IST_Real/SLIK/SLIK Gateway Non Customer/SLIK_Gateway_Non_Customer_Search_By_DateStart_DateEnd.feature' was failed
	at com.kms.katalon.core.keyword.internal.KeywordMain.stepFailed(KeywordMain.groovy:50)
	at com.kms.katalon.core.keyword.internal.KeywordMain.stepFailed(KeywordMain.groovy)
	at com.kms.katalon.core.keyword.internal.KeywordMain.stepFailed(KeywordMain.groovy:23)
	at com.kms.katalon.core.keyword.internal.KeywordMain$stepFailed$0.call(Unknown Source)
	at com.kms.katalon.core.cucumber.keyword.CucumberBuiltinKeywords$_runFeatureFile_closure1.doCall(CucumberBuiltinKeywords.groovy:82)
	at com.kms.katalon.core.cucumber.keyword.CucumberBuiltinKeywords$_runFeatureFile_closure1.doCall(CucumberBuiltinKeywords.groovy)
	at com.kms.katalon.core.keyword.internal.KeywordMain.runKeyword(KeywordMain.groovy:68)
	at com.kms.katalon.core.keyword.internal.KeywordMain$runKeyword.call(Unknown Source)
	at com.kms.katalon.core.cucumber.keyword.CucumberBuiltinKeywords.runFeatureFile(CucumberBuiltinKeywords.groovy:46)
	at com.kms.katalon.core.cucumber.keyword.CucumberBuiltinKeywords$runFeatureFile$0.callStatic(Unknown Source)
	at com.kms.katalon.core.cucumber.keyword.CucumberBuiltinKeywords.runFeatureFile(CucumberBuiltinKeywords.groovy:169)
	at com.kms.katalon.core.cucumber.keyword.CucumberBuiltinKeywords$runFeatureFile.call(Unknown Source)
	at SLIK Gateway Non Customer Search By DateStart DateEnd.run(SLIK Gateway Non Customer Search By DateStart DateEnd:18)
	at com.kms.katalon.core.main.ScriptEngine.run(ScriptEngine.java:194)
	at com.kms.katalon.core.main.ScriptEngine.runScriptAsRawText(ScriptEngine.java:119)
	at com.kms.katalon.core.main.TestCaseExecutor.runScript(TestCaseExecutor.java:339)
	at com.kms.katalon.core.main.TestCaseExecutor.doExecute(TestCaseExecutor.java:330)
	at com.kms.katalon.core.main.TestCaseExecutor.processExecutionPhase(TestCaseExecutor.java:309)
	at com.kms.katalon.core.main.TestCaseExecutor.accessMainPhase(TestCaseExecutor.java:301)
	at com.kms.katalon.core.main.TestCaseExecutor.execute(TestCaseExecutor.java:235)
	at com.kms.katalon.core.main.TestSuiteExecutor.accessTestCaseMainPhase(TestSuiteExecutor.java:191)
	at com.kms.katalon.core.main.TestSuiteExecutor.accessTestSuiteMainPhase(TestSuiteExecutor.java:141)
	at com.kms.katalon.core.main.TestSuiteExecutor.execute(TestSuiteExecutor.java:90)
	at com.kms.katalon.core.main.TestCaseMain.startTestSuite(TestCaseMain.java:157)
	at com.kms.katalon.core.main.TestCaseMain$startTestSuite$0.call(Unknown Source)
	at TempTestSuite1603788899090.run(TempTestSuite1603788899090.groovy:39)
)]]></system-out>
         <system-err><![CDATA[2020-10-27 16:05:20 - [TEST_CASE][FAILED] - Test Cases/IST_Real/SLIK/SLIK_Gateway_Non_Customer/SLIK Gateway Non Customer Search By DateStart DateEnd: Test Cases/IST_Real/SLIK/SLIK_Gateway_Non_Customer/SLIK Gateway Non Customer Search By DateStart DateEnd FAILED.
Reason:
com.kms.katalon.core.exception.StepFailedException: Feature file 'Include/features/IST_Real/SLIK/SLIK Gateway Non Customer/SLIK_Gateway_Non_Customer_Search_By_DateStart_DateEnd.feature' was failed
	at com.kms.katalon.core.keyword.internal.KeywordMain.stepFailed(KeywordMain.groovy:50)
	at com.kms.katalon.core.keyword.internal.KeywordMain.stepFailed(KeywordMain.groovy)
	at com.kms.katalon.core.keyword.internal.KeywordMain.stepFailed(KeywordMain.groovy:23)
	at com.kms.katalon.core.keyword.internal.KeywordMain$stepFailed$0.call(Unknown Source)
	at com.kms.katalon.core.cucumber.keyword.CucumberBuiltinKeywords$_runFeatureFile_closure1.doCall(CucumberBuiltinKeywords.groovy:82)
	at com.kms.katalon.core.cucumber.keyword.CucumberBuiltinKeywords$_runFeatureFile_closure1.doCall(CucumberBuiltinKeywords.groovy)
	at com.kms.katalon.core.keyword.internal.KeywordMain.runKeyword(KeywordMain.groovy:68)
	at com.kms.katalon.core.keyword.internal.KeywordMain$runKeyword.call(Unknown Source)
	at com.kms.katalon.core.cucumber.keyword.CucumberBuiltinKeywords.runFeatureFile(CucumberBuiltinKeywords.groovy:46)
	at com.kms.katalon.core.cucumber.keyword.CucumberBuiltinKeywords$runFeatureFile$0.callStatic(Unknown Source)
	at com.kms.katalon.core.cucumber.keyword.CucumberBuiltinKeywords.runFeatureFile(CucumberBuiltinKeywords.groovy:169)
	at com.kms.katalon.core.cucumber.keyword.CucumberBuiltinKeywords$runFeatureFile.call(Unknown Source)
	at SLIK Gateway Non Customer Search By DateStart DateEnd.run(SLIK Gateway Non Customer Search By DateStart DateEnd:18)
	at com.kms.katalon.core.main.ScriptEngine.run(ScriptEngine.java:194)
	at com.kms.katalon.core.main.ScriptEngine.runScriptAsRawText(ScriptEngine.java:119)
	at com.kms.katalon.core.main.TestCaseExecutor.runScript(TestCaseExecutor.java:339)
	at com.kms.katalon.core.main.TestCaseExecutor.doExecute(TestCaseExecutor.java:330)
	at com.kms.katalon.core.main.TestCaseExecutor.processExecutionPhase(TestCaseExecutor.java:309)
	at com.kms.katalon.core.main.TestCaseExecutor.accessMainPhase(TestCaseExecutor.java:301)
	at com.kms.katalon.core.main.TestCaseExecutor.execute(TestCaseExecutor.java:235)
	at com.kms.katalon.core.main.TestSuiteExecutor.accessTestCaseMainPhase(TestSuiteExecutor.java:191)
	at com.kms.katalon.core.main.TestSuiteExecutor.accessTestSuiteMainPhase(TestSuiteExecutor.java:141)
	at com.kms.katalon.core.main.TestSuiteExecutor.execute(TestSuiteExecutor.java:90)
	at com.kms.katalon.core.main.TestCaseMain.startTestSuite(TestCaseMain.java:157)
	at com.kms.katalon.core.main.TestCaseMain$startTestSuite$0.call(Unknown Source)
	at TempTestSuite1603788899090.run(TempTestSuite1603788899090.groovy:39)]]></system-err>
      </testcase>
      <testcase name="Test Cases/IST_Real/SLIK/SLIK_Gateway_Non_Customer/SLIK Gateway Non Customer Search By DateStart ONLY" time="36.806" classname="Test Cases/IST_Real/SLIK/SLIK_Gateway_Non_Customer/SLIK Gateway Non Customer Search By DateStart ONLY" status="PASSED">
         <system-out><![CDATA[2020-10-27 16:05:58 - [TEST_CASE][PASSED] - Test Cases/IST_Real/SLIK/SLIK_Gateway_Non_Customer/SLIK Gateway Non Customer Search By DateStart ONLY: Test Cases/IST_Real/SLIK/SLIK_Gateway_Non_Customer/SLIK Gateway Non Customer Search By DateStart ONLY

2020-10-27 16:05:58 - [TEST_STEP][PASSED] - runFeatureFile("Include/features/IST_Real/SLIK/SLIK Gateway Non Customer/SLIK_Gateway_Non_Customer_Search_By_DateStart_ONLY.feature"): Feature file: 'Include/features/IST_Real/SLIK/SLIK Gateway Non Customer/SLIK_Gateway_Non_Customer_Search_By_DateStart_ONLY.feature' was passed

2020-10-27 16:05:58 - [MESSAGE][INFO] - Starting run keyword runFeatureFile: 'Include/features/IST_Real/SLIK/SLIK Gateway Non Customer/SLIK_Gateway_Non_Customer_Search_By_DateStart_ONLY.feature' and extract report to folder: '/Users/chaidir.pratama01/Katalon Studio/IST_Automation_Git/Reports/20201027_155459/SLIK/TS_SLIK_Gateway_Non_Customer/20201027_155459/cucumber_report/1603789558854'...

2020-10-27 16:05:59 - [TEST_CASE][PASSED] - Start Test Case : SCENARIO Search Result by Date Start ONLY: SCENARIO Search Result by Date Start ONLY

2020-10-27 16:05:59 - [TEST_STEP][PASSED] - Go to ISTools: Go to ISTools

2020-10-27 16:05:59 - [MESSAGE][WARNING] - A browser is already opened. Closing browser and opening a new one

2020-10-27 16:05:59 - [MESSAGE][INFO] - Starting 'Chrome' driver

2020-10-27 16:05:59 - [MESSAGE][INFO] - User set preference: ['AcceptInsecureCerts', 'true']

2020-10-27 16:05:59 - [MESSAGE][INFO] - User set preference: ['args', '[ignore-certificate-errors]']

2020-10-27 16:05:59 - [MESSAGE][INFO] - Action delay is set to 0 milliseconds

2020-10-27 16:06:00 - [MESSAGE][PASSED] - Browser is opened with url: ''

2020-10-27 16:06:10 - [MESSAGE][PASSED] - Navigate to 'https://id-ist01preprod.id.nonprod/ist/' successfully

2020-10-27 16:06:10 - [MESSAGE][PASSED] - Go to ISTools

2020-10-27 16:06:10 - [TEST_STEP][PASSED] - Login IST with valid credentials: Login IST with valid credentials

2020-10-27 16:06:11 - [MESSAGE][PASSED] - Text 'mobile.test' is set on object 'Object Repository/Page_/input_Username_j_username'

2020-10-27 16:06:12 - [MESSAGE][PASSED] - Text ****** has been set on object 'Object Repository/Page_/input_Password_j_password'

2020-10-27 16:06:17 - [MESSAGE][PASSED] - Object: 'Object Repository/Page_/button_Login' is clicked on

2020-10-27 16:06:17 - [MESSAGE][PASSED] - Login IST with valid credentials

2020-10-27 16:06:17 - [TEST_STEP][PASSED] - Login Success for contract dispatcher: Login Success for contract dispatcher

2020-10-27 16:06:17 - [MESSAGE][INFO] - Login Success

2020-10-27 16:06:17 - [MESSAGE][PASSED] - Current window maximized

2020-10-27 16:06:17 - [MESSAGE][PASSED] - Object 'Object Repository/Page_/h1_Welcome to IT Supporting Tools' is present

2020-10-27 16:06:17 - [MESSAGE][PASSED] - Login Success for contract dispatcher

2020-10-27 16:06:17 - [TEST_STEP][PASSED] - Select Menu SLIK Gateway NonCustomer: Select Menu SLIK Gateway NonCustomer

2020-10-27 16:06:17 - [MESSAGE][PASSED] - Object '' is present

2020-10-27 16:06:18 - [MESSAGE][PASSED] - Object: '' is clicked on

2020-10-27 16:06:18 - [MESSAGE][PASSED] - Wait for page load successfully

2020-10-27 16:06:18 - [MESSAGE][PASSED] - Select Menu SLIK Gateway NonCustomer

2020-10-27 16:06:18 - [TEST_STEP][PASSED] - Set Start Date with value "01-10-2020" and End Date with value "": Set Start Date with value "01-10-2020" and End Date with value ""

2020-10-27 16:06:19 - [MESSAGE][PASSED] - Scroll to object '' successfully

2020-10-27 16:06:20 - [MESSAGE][PASSED] - Object '' is present

2020-10-27 16:06:20 - [MESSAGE][PASSED] - Text '01-10-2020' is set on object ''

2020-10-27 16:06:21 - [MESSAGE][PASSED] - Object '' is present

2020-10-27 16:06:21 - [MESSAGE][PASSED] - Text '' is set on object ''

2020-10-27 16:06:21 - [MESSAGE][PASSED] - Set Start Date with value "01-10-2020" and End Date with value ""

2020-10-27 16:06:21 - [TEST_STEP][PASSED] - Click button "Search": Click button "Search"

2020-10-27 16:06:21 - [MESSAGE][INFO] - >>>>>//Button[contains(text(),'Search')]

2020-10-27 16:06:25 - [MESSAGE][PASSED] - Object: '' is clicked on

2020-10-27 16:06:25 - [MESSAGE][PASSED] - Click button "Search"

2020-10-27 16:06:25 - [TEST_STEP][PASSED] - Get text from pop up "Error Message" with text "Error : End Date is mandatory !": Get text from pop up "Error Message" with text "Error : End Date is mandatory !"

2020-10-27 16:06:26 - [MESSAGE][PASSED] - Taking screenshot successfully
[[ATTACHMENT|/Users/chaidir.pratama01/Documents/Docs/Katalon Studio/Screenshot/errorpopup.png]]

2020-10-27 16:06:26 - [MESSAGE][PASSED] - Object '' is present

2020-10-27 16:06:26 - [MESSAGE][PASSED] - Wait for page load successfully

2020-10-27 16:06:26 - [MESSAGE][PASSED] - Wait for page load successfully

2020-10-27 16:06:26 - [MESSAGE][PASSED] - Get text from pop up "Error Message" with text "Error : End Date is mandatory !"

2020-10-27 16:06:26 - [TEST_STEP][PASSED] - Click button "OK": Click button "OK"

2020-10-27 16:06:26 - [MESSAGE][INFO] - >>>>>//Button[contains(text(),'OK')]

2020-10-27 16:06:30 - [MESSAGE][PASSED] - Object: '' is clicked on

2020-10-27 16:06:30 - [MESSAGE][PASSED] - Click button "OK"

2020-10-27 16:06:30 - [TEST_STEP][PASSED] - Get Error Notification "Error : End Date is mandatory !": Get Error Notification "Error : End Date is mandatory !"

2020-10-27 16:06:31 - [MESSAGE][PASSED] - Object '' is present

2020-10-27 16:06:31 - [MESSAGE][PASSED] - Get Error Notification "Error : End Date is mandatory !"

2020-10-27 16:06:31 - [TEST_STEP][PASSED] - Click button "Logout": Click button "Logout"

2020-10-27 16:06:31 - [MESSAGE][INFO] - >>>>>//Button[contains(text(),'Logout')]

2020-10-27 16:06:35 - [MESSAGE][PASSED] - Object: '' is clicked on

2020-10-27 16:06:35 - [MESSAGE][PASSED] - Click button "Logout"

2020-10-27 16:06:35 - [TEST_STEP][PASSED] - Close browser: Close browser

2020-10-27 16:06:35 - [MESSAGE][PASSED] - Browser is closed

2020-10-27 16:06:35 - [MESSAGE][PASSED] - Close browser

2020-10-27 16:06:35 - [MESSAGE][PASSED] - Feature file: 'Include/features/IST_Real/SLIK/SLIK Gateway Non Customer/SLIK_Gateway_Non_Customer_Search_By_DateStart_ONLY.feature' was passed]]></system-out>
         <system-err><![CDATA[]]></system-err>
      </testcase>
      <testcase name="Test Cases/IST_Real/SLIK/SLIK_Gateway_Non_Customer/SLIK Gateway Non Customer Search by DateEnd ONLY" time="36.538" classname="Test Cases/IST_Real/SLIK/SLIK_Gateway_Non_Customer/SLIK Gateway Non Customer Search by DateEnd ONLY" status="PASSED">
         <system-out><![CDATA[2020-10-27 16:06:35 - [TEST_CASE][PASSED] - Test Cases/IST_Real/SLIK/SLIK_Gateway_Non_Customer/SLIK Gateway Non Customer Search by DateEnd ONLY: Test Cases/IST_Real/SLIK/SLIK_Gateway_Non_Customer/SLIK Gateway Non Customer Search by DateEnd ONLY

2020-10-27 16:06:35 - [TEST_STEP][PASSED] - runFeatureFile("Include/features/IST_Real/SLIK/SLIK Gateway Non Customer/SLIK_Gateway_Non_Customer_Search_By_DateEnd_ONLY.feature"): Feature file: 'Include/features/IST_Real/SLIK/SLIK Gateway Non Customer/SLIK_Gateway_Non_Customer_Search_By_DateEnd_ONLY.feature' was passed

2020-10-27 16:06:35 - [MESSAGE][INFO] - Starting run keyword runFeatureFile: 'Include/features/IST_Real/SLIK/SLIK Gateway Non Customer/SLIK_Gateway_Non_Customer_Search_By_DateEnd_ONLY.feature' and extract report to folder: '/Users/chaidir.pratama01/Katalon Studio/IST_Automation_Git/Reports/20201027_155459/SLIK/TS_SLIK_Gateway_Non_Customer/20201027_155459/cucumber_report/1603789595709'...

2020-10-27 16:06:35 - [TEST_CASE][PASSED] - Start Test Case : SCENARIO Search Result by Date End ONLY: SCENARIO Search Result by Date End ONLY

2020-10-27 16:06:35 - [TEST_STEP][PASSED] - Go to ISTools: Go to ISTools

2020-10-27 16:06:35 - [MESSAGE][INFO] - Starting 'Chrome' driver

2020-10-27 16:06:35 - [MESSAGE][INFO] - User set preference: ['AcceptInsecureCerts', 'true']

2020-10-27 16:06:35 - [MESSAGE][INFO] - User set preference: ['args', '[ignore-certificate-errors]']

2020-10-27 16:06:35 - [MESSAGE][INFO] - Action delay is set to 0 milliseconds

2020-10-27 16:06:37 - [MESSAGE][PASSED] - Browser is opened with url: ''

2020-10-27 16:06:45 - [MESSAGE][PASSED] - Navigate to 'https://id-ist01preprod.id.nonprod/ist/' successfully

2020-10-27 16:06:45 - [MESSAGE][PASSED] - Go to ISTools

2020-10-27 16:06:45 - [TEST_STEP][PASSED] - Login IST with valid credentials: Login IST with valid credentials

2020-10-27 16:06:46 - [MESSAGE][PASSED] - Text 'mobile.test' is set on object 'Object Repository/Page_/input_Username_j_username'

2020-10-27 16:06:46 - [MESSAGE][PASSED] - Text ****** has been set on object 'Object Repository/Page_/input_Password_j_password'

2020-10-27 16:06:52 - [MESSAGE][PASSED] - Object: 'Object Repository/Page_/button_Login' is clicked on

2020-10-27 16:06:52 - [MESSAGE][PASSED] - Login IST with valid credentials

2020-10-27 16:06:52 - [TEST_STEP][PASSED] - Login Success for contract dispatcher: Login Success for contract dispatcher

2020-10-27 16:06:52 - [MESSAGE][INFO] - Login Success

2020-10-27 16:06:52 - [MESSAGE][PASSED] - Current window maximized

2020-10-27 16:06:53 - [MESSAGE][PASSED] - Object 'Object Repository/Page_/h1_Welcome to IT Supporting Tools' is present

2020-10-27 16:06:53 - [MESSAGE][PASSED] - Login Success for contract dispatcher

2020-10-27 16:06:53 - [TEST_STEP][PASSED] - Select Menu SLIK Gateway NonCustomer: Select Menu SLIK Gateway NonCustomer

2020-10-27 16:06:53 - [MESSAGE][PASSED] - Object '' is present

2020-10-27 16:06:53 - [MESSAGE][PASSED] - Object: '' is clicked on

2020-10-27 16:06:53 - [MESSAGE][PASSED] - Wait for page load successfully

2020-10-27 16:06:53 - [MESSAGE][PASSED] - Select Menu SLIK Gateway NonCustomer

2020-10-27 16:06:53 - [TEST_STEP][PASSED] - Set Start Date with value "" and End Date with value "24-10-2020": Set Start Date with value "" and End Date with value "24-10-2020"

2020-10-27 16:06:56 - [MESSAGE][PASSED] - Scroll to object '' successfully

2020-10-27 16:06:56 - [MESSAGE][PASSED] - Object '' is present

2020-10-27 16:06:56 - [MESSAGE][PASSED] - Text '' is set on object ''

2020-10-27 16:06:57 - [MESSAGE][PASSED] - Object '' is present

2020-10-27 16:06:57 - [MESSAGE][PASSED] - Text '24-10-2020' is set on object ''

2020-10-27 16:06:57 - [MESSAGE][PASSED] - Set Start Date with value "" and End Date with value "24-10-2020"

2020-10-27 16:06:57 - [TEST_STEP][PASSED] - Click button "Search": Click button "Search"

2020-10-27 16:06:57 - [MESSAGE][INFO] - >>>>>//Button[contains(text(),'Search')]

2020-10-27 16:07:01 - [MESSAGE][PASSED] - Object: '' is clicked on

2020-10-27 16:07:01 - [MESSAGE][PASSED] - Click button "Search"

2020-10-27 16:07:01 - [TEST_STEP][PASSED] - Get text from pop up "Error Message" with text "Error : Start Date is mandatory !": Get text from pop up "Error Message" with text "Error : Start Date is mandatory !"

2020-10-27 16:07:03 - [MESSAGE][PASSED] - Taking screenshot successfully
[[ATTACHMENT|/Users/chaidir.pratama01/Documents/Docs/Katalon Studio/Screenshot/errorpopup.png]]

2020-10-27 16:07:03 - [MESSAGE][PASSED] - Object '' is present

2020-10-27 16:07:03 - [MESSAGE][PASSED] - Wait for page load successfully

2020-10-27 16:07:03 - [MESSAGE][PASSED] - Wait for page load successfully

2020-10-27 16:07:03 - [MESSAGE][PASSED] - Get text from pop up "Error Message" with text "Error : Start Date is mandatory !"

2020-10-27 16:07:03 - [TEST_STEP][PASSED] - Click button "OK": Click button "OK"

2020-10-27 16:07:03 - [MESSAGE][INFO] - >>>>>//Button[contains(text(),'OK')]

2020-10-27 16:07:07 - [MESSAGE][PASSED] - Object: '' is clicked on

2020-10-27 16:07:07 - [MESSAGE][PASSED] - Click button "OK"

2020-10-27 16:07:07 - [TEST_STEP][PASSED] - Get Error Notification "Error : Start Date is mandatory !": Get Error Notification "Error : Start Date is mandatory !"

2020-10-27 16:07:08 - [MESSAGE][PASSED] - Object '' is present

2020-10-27 16:07:08 - [MESSAGE][PASSED] - Get Error Notification "Error : Start Date is mandatory !"

2020-10-27 16:07:08 - [TEST_STEP][PASSED] - Click button "Logout": Click button "Logout"

2020-10-27 16:07:08 - [MESSAGE][INFO] - >>>>>//Button[contains(text(),'Logout')]

2020-10-27 16:07:12 - [MESSAGE][PASSED] - Object: '' is clicked on

2020-10-27 16:07:12 - [MESSAGE][PASSED] - Click button "Logout"

2020-10-27 16:07:12 - [TEST_STEP][PASSED] - Close browser: Close browser

2020-10-27 16:07:12 - [MESSAGE][PASSED] - Browser is closed

2020-10-27 16:07:12 - [MESSAGE][PASSED] - Close browser

2020-10-27 16:07:12 - [MESSAGE][PASSED] - Feature file: 'Include/features/IST_Real/SLIK/SLIK Gateway Non Customer/SLIK_Gateway_Non_Customer_Search_By_DateEnd_ONLY.feature' was passed]]></system-out>
         <system-err><![CDATA[]]></system-err>
      </testcase>
      <testcase name="Test Cases/IST_Real/SLIK/SLIK_Gateway_Non_Customer/SLIK Gateway Non Customer View Detal when Status APPROVED-SUCCESS" time="32.344" classname="Test Cases/IST_Real/SLIK/SLIK_Gateway_Non_Customer/SLIK Gateway Non Customer View Detal when Status APPROVED-SUCCESS" status="PASSED">
         <system-out><![CDATA[2020-10-27 16:07:12 - [TEST_CASE][PASSED] - Test Cases/IST_Real/SLIK/SLIK_Gateway_Non_Customer/SLIK Gateway Non Customer View Detal when Status APPROVED-SUCCESS: Test Cases/IST_Real/SLIK/SLIK_Gateway_Non_Customer/SLIK Gateway Non Customer View Detal when Status APPROVED-SUCCESS

2020-10-27 16:07:12 - [TEST_STEP][PASSED] - runFeatureFile("Include/features/IST_Real/SLIK/SLIK Gateway Non Customer/SLIK_Gateway_Non_Customer_View_Detail_when_Status_APPROVED-SUCCESS.feature"): Feature file: 'Include/features/IST_Real/SLIK/SLIK Gateway Non Customer/SLIK_Gateway_Non_Customer_View_Detail_when_Status_APPROVED-SUCCESS.feature' was passed

2020-10-27 16:07:12 - [MESSAGE][INFO] - Starting run keyword runFeatureFile: 'Include/features/IST_Real/SLIK/SLIK Gateway Non Customer/SLIK_Gateway_Non_Customer_View_Detail_when_Status_APPROVED-SUCCESS.feature' and extract report to folder: '/Users/chaidir.pratama01/Katalon Studio/IST_Automation_Git/Reports/20201027_155459/SLIK/TS_SLIK_Gateway_Non_Customer/20201027_155459/cucumber_report/1603789632237'...

2020-10-27 16:07:12 - [TEST_CASE][PASSED] - Start Test Case : SCENARIO SLIK Gateway Non Customer View Detail Link: SCENARIO SLIK Gateway Non Customer View Detail Link

2020-10-27 16:07:12 - [TEST_STEP][PASSED] - Go to ISTools: Go to ISTools

2020-10-27 16:07:12 - [MESSAGE][INFO] - Starting 'Chrome' driver

2020-10-27 16:07:12 - [MESSAGE][INFO] - User set preference: ['AcceptInsecureCerts', 'true']

2020-10-27 16:07:12 - [MESSAGE][INFO] - User set preference: ['args', '[ignore-certificate-errors]']

2020-10-27 16:07:12 - [MESSAGE][INFO] - Action delay is set to 0 milliseconds

2020-10-27 16:07:13 - [MESSAGE][PASSED] - Browser is opened with url: ''

2020-10-27 16:07:19 - [MESSAGE][PASSED] - Navigate to 'https://id-ist01preprod.id.nonprod/ist/' successfully

2020-10-27 16:07:19 - [MESSAGE][PASSED] - Go to ISTools

2020-10-27 16:07:19 - [TEST_STEP][PASSED] - Login IST with valid credentials: Login IST with valid credentials

2020-10-27 16:07:20 - [MESSAGE][PASSED] - Text 'mobile.test' is set on object 'Object Repository/Page_/input_Username_j_username'

2020-10-27 16:07:20 - [MESSAGE][PASSED] - Text ****** has been set on object 'Object Repository/Page_/input_Password_j_password'

2020-10-27 16:07:21 - [MESSAGE][PASSED] - Object: 'Object Repository/Page_/button_Login' is clicked on

2020-10-27 16:07:21 - [MESSAGE][PASSED] - Login IST with valid credentials

2020-10-27 16:07:21 - [TEST_STEP][PASSED] - Login Success for contract dispatcher: Login Success for contract dispatcher

2020-10-27 16:07:21 - [MESSAGE][INFO] - Login Success

2020-10-27 16:07:21 - [MESSAGE][PASSED] - Current window maximized

2020-10-27 16:07:21 - [MESSAGE][PASSED] - Object 'Object Repository/Page_/h1_Welcome to IT Supporting Tools' is present

2020-10-27 16:07:21 - [MESSAGE][PASSED] - Login Success for contract dispatcher

2020-10-27 16:07:21 - [TEST_STEP][PASSED] - Select Menu SLIK Gateway NonCustomer: Select Menu SLIK Gateway NonCustomer

2020-10-27 16:07:22 - [MESSAGE][PASSED] - Object '' is present

2020-10-27 16:07:22 - [MESSAGE][PASSED] - Object: '' is clicked on

2020-10-27 16:07:22 - [MESSAGE][PASSED] - Wait for page load successfully

2020-10-27 16:07:22 - [MESSAGE][PASSED] - Select Menu SLIK Gateway NonCustomer

2020-10-27 16:07:22 - [TEST_STEP][PASSED] - Select Status is "APPROVED": Select Status is "APPROVED"

2020-10-27 16:07:24 - [MESSAGE][PASSED] - All options with value 'APPROVED' are selected in object ''  using regular expression

2020-10-27 16:07:24 - [MESSAGE][PASSED] - Select Status is "APPROVED"

2020-10-27 16:07:24 - [TEST_STEP][PASSED] - Click button "Search": Click button "Search"

2020-10-27 16:07:24 - [MESSAGE][INFO] - >>>>>//Button[contains(text(),'Search')]

2020-10-27 16:07:28 - [MESSAGE][PASSED] - Object: '' is clicked on

2020-10-27 16:07:28 - [MESSAGE][PASSED] - Click button "Search"

2020-10-27 16:07:28 - [TEST_STEP][PASSED] - Verify Search Result Based on Result Status: Verify Search Result Based on Result Status

2020-10-27 16:07:28 - [MESSAGE][PASSED] - Scroll to object '' successfully

2020-10-27 16:07:29 - [MESSAGE][WARNING] - Actual text 'APPROVED - SUCCESS' and expected text 'APPROVED - FAILED' of test object '' are NOT matched. (Root cause: com.kms.katalon.core.exception.StepFailedException: Actual text 'APPROVED - SUCCESS' and expected text 'APPROVED - FAILED' of test object '' are NOT matched.
	at com.kms.katalon.core.webui.keyword.internal.WebUIKeywordMain.stepFailed(WebUIKeywordMain.groovy:64)
	at com.kms.katalon.core.webui.keyword.builtin.VerifyElementTextKeyword$_verifyElementText_closure1.doCall(VerifyElementTextKeyword.groovy:57)
	at com.kms.katalon.core.webui.keyword.builtin.VerifyElementTextKeyword$_verifyElementText_closure1.call(VerifyElementTextKeyword.groovy)
	at com.kms.katalon.core.webui.keyword.internal.WebUIKeywordMain.runKeyword(WebUIKeywordMain.groovy:20)
	at com.kms.katalon.core.webui.keyword.builtin.VerifyElementTextKeyword.verifyElementText(VerifyElementTextKeyword.groovy:72)
	at com.kms.katalon.core.webui.keyword.builtin.VerifyElementTextKeyword.execute(VerifyElementTextKeyword.groovy:40)
	at com.kms.katalon.core.keyword.internal.KeywordExecutor.executeKeywordForPlatform(KeywordExecutor.groovy:73)
	at com.kms.katalon.core.webui.keyword.WebUiBuiltInKeywords.verifyElementText(WebUiBuiltInKeywords.groovy:3673)
	at com.kms.katalon.core.webui.keyword.WebUiBuiltInKeywords$verifyElementText$21.call(Unknown Source)
	at Slik_Script.Verify_Result_Status(Slik_Script.groovy:369)
	at cucumber.runtime.Utils$1.call(Utils.java:26)
	at cucumber.runtime.Timeout.timeout(Timeout.java:16)
	at cucumber.runtime.Utils.invoke(Utils.java:20)
	at cucumber.runtime.java.JavaStepDefinition.execute(JavaStepDefinition.java:48)
	at cucumber.runtime.PickleStepDefinitionMatch.runStep(PickleStepDefinitionMatch.java:50)
	at cucumber.runner.TestStep.executeStep(TestStep.java:55)
	at cucumber.runner.TestStep.run(TestStep.java:42)
	at cucumber.runner.PickleStepTestStep.run(PickleStepTestStep.java:53)
	at cucumber.runner.TestCase.run(TestCase.java:47)
	at cucumber.runner.Runner.runPickle(Runner.java:44)
	at cucumber.runtime.Runtime.runFeature(Runtime.java:120)
	at cucumber.runtime.Runtime.run(Runtime.java:106)
	at cucumber.api.cli.Main.run(Main.java:35)
	at cucumber.api.cli.Main$run.call(Unknown Source)
	at com.kms.katalon.core.cucumber.keyword.CucumberBuiltinKeywords$_runFeatureFile_closure1.doCall(CucumberBuiltinKeywords.groovy:76)
	at com.kms.katalon.core.cucumber.keyword.CucumberBuiltinKeywords$_runFeatureFile_closure1.doCall(CucumberBuiltinKeywords.groovy)
	at com.kms.katalon.core.keyword.internal.KeywordMain.runKeyword(KeywordMain.groovy:68)
	at com.kms.katalon.core.keyword.internal.KeywordMain$runKeyword.call(Unknown Source)
	at com.kms.katalon.core.cucumber.keyword.CucumberBuiltinKeywords.runFeatureFile(CucumberBuiltinKeywords.groovy:46)
	at com.kms.katalon.core.cucumber.keyword.CucumberBuiltinKeywords$runFeatureFile$0.callStatic(Unknown Source)
	at com.kms.katalon.core.cucumber.keyword.CucumberBuiltinKeywords.runFeatureFile(CucumberBuiltinKeywords.groovy:169)
	at com.kms.katalon.core.cucumber.keyword.CucumberBuiltinKeywords$runFeatureFile.call(Unknown Source)
	at SLIK Gateway Non Customer View Detal when Status APPROVED-SUCCESS.run(SLIK Gateway Non Customer View Detal when Status APPROVED-SUCCESS:18)
	at com.kms.katalon.core.main.ScriptEngine.run(ScriptEngine.java:194)
	at com.kms.katalon.core.main.ScriptEngine.runScriptAsRawText(ScriptEngine.java:119)
	at com.kms.katalon.core.main.TestCaseExecutor.runScript(TestCaseExecutor.java:339)
	at com.kms.katalon.core.main.TestCaseExecutor.doExecute(TestCaseExecutor.java:330)
	at com.kms.katalon.core.main.TestCaseExecutor.processExecutionPhase(TestCaseExecutor.java:309)
	at com.kms.katalon.core.main.TestCaseExecutor.accessMainPhase(TestCaseExecutor.java:301)
	at com.kms.katalon.core.main.TestCaseExecutor.execute(TestCaseExecutor.java:235)
	at com.kms.katalon.core.main.TestSuiteExecutor.accessTestCaseMainPhase(TestSuiteExecutor.java:191)
	at com.kms.katalon.core.main.TestSuiteExecutor.accessTestSuiteMainPhase(TestSuiteExecutor.java:141)
	at com.kms.katalon.core.main.TestSuiteExecutor.execute(TestSuiteExecutor.java:90)
	at com.kms.katalon.core.main.TestCaseMain.startTestSuite(TestCaseMain.java:157)
	at com.kms.katalon.core.main.TestCaseMain$startTestSuite$0.call(Unknown Source)
	at TempTestSuite1603788899090.run(TempTestSuite1603788899090.groovy:39)
)
[[ATTACHMENT|/Users/chaidir.pratama01/Katalon Studio/IST_Automation_Git/Reports/20201027_155459/SLIK/TS_SLIK_Gateway_Non_Customer/20201027_155459/1603789649162.png]]

2020-10-27 16:07:30 - [MESSAGE][PASSED] - Actual text and expected text of test object '' are matched.

2020-10-27 16:07:30 - [MESSAGE][PASSED] - Text of object '' is: 'APPROVED - SUCCESS'

2020-10-27 16:07:31 - [MESSAGE][PASSED] - Text of object '' is: '3200000000000003'

2020-10-27 16:07:31 - [MESSAGE][PASSED] - Verify Search Result Based on Result Status

2020-10-27 16:07:31 - [TEST_STEP][PASSED] - Click View Detail Link: Click View Detail Link

2020-10-27 16:07:31 - [MESSAGE][PASSED] - Object '' is present

2020-10-27 16:07:31 - [MESSAGE][PASSED] - Object: '' is clicked on

2020-10-27 16:07:31 - [MESSAGE][PASSED] - Click View Detail Link

2020-10-27 16:07:31 - [TEST_STEP][PASSED] - Take Screenshot "View_detail_NonCutomer.png": Take Screenshot "View_detail_NonCutomer.png"

2020-10-27 16:07:37 - [MESSAGE][PASSED] - Taking screenshot successfully
[[ATTACHMENT|/Users/chaidir.pratama01/Katalon Studio/IST_Automation_Git/img/View_detail_NonCutomer.png]]

2020-10-27 16:07:37 - [MESSAGE][PASSED] - Take Screenshot "View_detail_NonCutomer.png"

2020-10-27 16:07:37 - [TEST_STEP][PASSED] - Verify Slik Result Detail Link: Verify Slik Result Detail Link

2020-10-27 16:07:37 - [MESSAGE][PASSED] - Scroll to object '' successfully

2020-10-27 16:07:38 - [MESSAGE][PASSED] - Object '' is present

2020-10-27 16:07:38 - [MESSAGE][PASSED] - Scroll to object '' successfully

2020-10-27 16:07:38 - [MESSAGE][PASSED] - Object '' is present

2020-10-27 16:07:39 - [MESSAGE][PASSED] - Scroll to object '' successfully

2020-10-27 16:07:39 - [MESSAGE][PASSED] - Object '' is present

2020-10-27 16:07:39 - [MESSAGE][PASSED] - Scroll to object '' successfully

2020-10-27 16:07:40 - [MESSAGE][PASSED] - Object '' is present

2020-10-27 16:07:40 - [MESSAGE][PASSED] - Scroll to object '' successfully

2020-10-27 16:07:40 - [MESSAGE][PASSED] - Object '' is present

2020-10-27 16:07:40 - [MESSAGE][PASSED] - Verify Slik Result Detail Link

2020-10-27 16:07:40 - [TEST_STEP][PASSED] - Click button "Logout": Click button "Logout"

2020-10-27 16:07:40 - [MESSAGE][INFO] - >>>>>//Button[contains(text(),'Logout')]

2020-10-27 16:07:44 - [MESSAGE][PASSED] - Object: '' is clicked on

2020-10-27 16:07:44 - [MESSAGE][PASSED] - Click button "Logout"

2020-10-27 16:07:44 - [TEST_STEP][PASSED] - Close browser: Close browser

2020-10-27 16:07:44 - [MESSAGE][PASSED] - Browser is closed

2020-10-27 16:07:44 - [MESSAGE][PASSED] - Close browser

2020-10-27 16:07:44 - [MESSAGE][PASSED] - Feature file: 'Include/features/IST_Real/SLIK/SLIK Gateway Non Customer/SLIK_Gateway_Non_Customer_View_Detail_when_Status_APPROVED-SUCCESS.feature' was passed]]></system-out>
         <system-err><![CDATA[]]></system-err>
      </testcase>
      <system-out><![CDATA[2020-10-27 15:55:06 - [TEST_SUITE][FAILED] - TS_SLIK_Gateway_Non_Customer: Test Cases/IST_Real/SLIK/SLIK_Gateway_Non_Customer/SLIK Gateway Non Customer View Detail when Status APPROVED FAILED.
Reason:
com.kms.katalon.core.exception.StepFailedException: Feature file 'Include/features/IST_Real/SLIK/SLIK Gateway Non Customer/SLIK_Gateway_Non_Customer_View_Detail_when_Status_APPROVED.feature' was failed
	at com.kms.katalon.core.keyword.internal.KeywordMain.stepFailed(KeywordMain.groovy:50)
	at com.kms.katalon.core.keyword.internal.KeywordMain.stepFailed(KeywordMain.groovy)
	at com.kms.katalon.core.keyword.internal.KeywordMain.stepFailed(KeywordMain.groovy:23)
	at com.kms.katalon.core.keyword.internal.KeywordMain$stepFailed$0.call(Unknown Source)
	at com.kms.katalon.core.cucumber.keyword.CucumberBuiltinKeywords$_runFeatureFile_closure1.doCall(CucumberBuiltinKeywords.groovy:82)
	at com.kms.katalon.core.cucumber.keyword.CucumberBuiltinKeywords$_runFeatureFile_closure1.doCall(CucumberBuiltinKeywords.groovy)
	at com.kms.katalon.core.keyword.internal.KeywordMain.runKeyword(KeywordMain.groovy:68)
	at com.kms.katalon.core.keyword.internal.KeywordMain$runKeyword.call(Unknown Source)
	at com.kms.katalon.core.cucumber.keyword.CucumberBuiltinKeywords.runFeatureFile(CucumberBuiltinKeywords.groovy:46)
	at com.kms.katalon.core.cucumber.keyword.CucumberBuiltinKeywords$runFeatureFile$0.callStatic(Unknown Source)
	at com.kms.katalon.core.cucumber.keyword.CucumberBuiltinKeywords.runFeatureFile(CucumberBuiltinKeywords.groovy:169)
	at com.kms.katalon.core.cucumber.keyword.CucumberBuiltinKeywords$runFeatureFile.call(Unknown Source)
	at SLIK Gateway Non Customer View Detail when Status APPROVED.run(SLIK Gateway Non Customer View Detail when Status APPROVED:18)
	at com.kms.katalon.core.main.ScriptEngine.run(ScriptEngine.java:194)
	at com.kms.katalon.core.main.ScriptEngine.runScriptAsRawText(ScriptEngine.java:119)
	at com.kms.katalon.core.main.TestCaseExecutor.runScript(TestCaseExecutor.java:339)
	at com.kms.katalon.core.main.TestCaseExecutor.doExecute(TestCaseExecutor.java:330)
	at com.kms.katalon.core.main.TestCaseExecutor.processExecutionPhase(TestCaseExecutor.java:309)
	at com.kms.katalon.core.main.TestCaseExecutor.accessMainPhase(TestCaseExecutor.java:301)
	at com.kms.katalon.core.main.TestCaseExecutor.execute(TestCaseExecutor.java:235)
	at com.kms.katalon.core.main.TestSuiteExecutor.accessTestCaseMainPhase(TestSuiteExecutor.java:191)
	at com.kms.katalon.core.main.TestSuiteExecutor.accessTestSuiteMainPhase(TestSuiteExecutor.java:141)
	at com.kms.katalon.core.main.TestSuiteExecutor.execute(TestSuiteExecutor.java:90)
	at com.kms.katalon.core.main.TestCaseMain.startTestSuite(TestCaseMain.java:157)
	at com.kms.katalon.core.main.TestCaseMain$startTestSuite$0.call(Unknown Source)
	at TempTestSuite1603788899090.run(TempTestSuite1603788899090.groovy:39)]]></system-out>
      <system-err><![CDATA[2020-10-27 15:55:06 - [TEST_SUITE][FAILED] - TS_SLIK_Gateway_Non_Customer: Test Cases/IST_Real/SLIK/SLIK_Gateway_Non_Customer/SLIK Gateway Non Customer View Detail when Status APPROVED FAILED.
Reason:
com.kms.katalon.core.exception.StepFailedException: Feature file 'Include/features/IST_Real/SLIK/SLIK Gateway Non Customer/SLIK_Gateway_Non_Customer_View_Detail_when_Status_APPROVED.feature' was failed
	at com.kms.katalon.core.keyword.internal.KeywordMain.stepFailed(KeywordMain.groovy:50)
	at com.kms.katalon.core.keyword.internal.KeywordMain.stepFailed(KeywordMain.groovy)
	at com.kms.katalon.core.keyword.internal.KeywordMain.stepFailed(KeywordMain.groovy:23)
	at com.kms.katalon.core.keyword.internal.KeywordMain$stepFailed$0.call(Unknown Source)
	at com.kms.katalon.core.cucumber.keyword.CucumberBuiltinKeywords$_runFeatureFile_closure1.doCall(CucumberBuiltinKeywords.groovy:82)
	at com.kms.katalon.core.cucumber.keyword.CucumberBuiltinKeywords$_runFeatureFile_closure1.doCall(CucumberBuiltinKeywords.groovy)
	at com.kms.katalon.core.keyword.internal.KeywordMain.runKeyword(KeywordMain.groovy:68)
	at com.kms.katalon.core.keyword.internal.KeywordMain$runKeyword.call(Unknown Source)
	at com.kms.katalon.core.cucumber.keyword.CucumberBuiltinKeywords.runFeatureFile(CucumberBuiltinKeywords.groovy:46)
	at com.kms.katalon.core.cucumber.keyword.CucumberBuiltinKeywords$runFeatureFile$0.callStatic(Unknown Source)
	at com.kms.katalon.core.cucumber.keyword.CucumberBuiltinKeywords.runFeatureFile(CucumberBuiltinKeywords.groovy:169)
	at com.kms.katalon.core.cucumber.keyword.CucumberBuiltinKeywords$runFeatureFile.call(Unknown Source)
	at SLIK Gateway Non Customer View Detail when Status APPROVED.run(SLIK Gateway Non Customer View Detail when Status APPROVED:18)
	at com.kms.katalon.core.main.ScriptEngine.run(ScriptEngine.java:194)
	at com.kms.katalon.core.main.ScriptEngine.runScriptAsRawText(ScriptEngine.java:119)
	at com.kms.katalon.core.main.TestCaseExecutor.runScript(TestCaseExecutor.java:339)
	at com.kms.katalon.core.main.TestCaseExecutor.doExecute(TestCaseExecutor.java:330)
	at com.kms.katalon.core.main.TestCaseExecutor.processExecutionPhase(TestCaseExecutor.java:309)
	at com.kms.katalon.core.main.TestCaseExecutor.accessMainPhase(TestCaseExecutor.java:301)
	at com.kms.katalon.core.main.TestCaseExecutor.execute(TestCaseExecutor.java:235)
	at com.kms.katalon.core.main.TestSuiteExecutor.accessTestCaseMainPhase(TestSuiteExecutor.java:191)
	at com.kms.katalon.core.main.TestSuiteExecutor.accessTestSuiteMainPhase(TestSuiteExecutor.java:141)
	at com.kms.katalon.core.main.TestSuiteExecutor.execute(TestSuiteExecutor.java:90)
	at com.kms.katalon.core.main.TestCaseMain.startTestSuite(TestCaseMain.java:157)
	at com.kms.katalon.core.main.TestCaseMain$startTestSuite$0.call(Unknown Source)
	at TempTestSuite1603788899090.run(TempTestSuite1603788899090.groovy:39)]]></system-err>
   </testsuite>
</testsuites>
