<?xml version="1.0" encoding="UTF-8"?>
<testsuites name="TS_Disbursement_Dashboard" time="224.843" tests="4" failures="0" errors="0">
   <testsuite name="TS_Disbursement_Dashboard" tests="4" failures="0" errors="0" time="224.843" timestamp="2021-01-22 11:39:54" hostname="chaidir.pratama01 - localhost" id="Test Suites/RTD/TS_Disbursement_Dashboard">
      <properties>
[...]
</properties>
      <testcase name="Test Cases/RTD/Disbursement Dashboard/TC_View_Detail_Disbursement_Dashboard" time="45.061" classname="Test Cases/RTD/Disbursement Dashboard/TC_View_Detail_Disbursement_Dashboard" status="PASSED">
         <system-out><![CDATA[2021-01-22 11:39:54 - [TEST_CASE][PASSED] - Test Cases/RTD/Disbursement Dashboard/TC_View_Detail_Disbursement_Dashboard: Test Cases/RTD/Disbursement Dashboard/TC_View_Detail_Disbursement_Dashboard

2021-01-22 11:39:54 - [TEST_STEP][PASSED] - runFeatureFile("Include/features/IST_Real/RTD/Disbursement_Dashboard/View_Detail_Disbursement_Dashboard.feature"): Feature file: 'Include/features/IST_Real/RTD/Disbursement_Dashboard/View_Detail_Disbursement_Dashboard.feature' was passed

2021-01-22 11:39:54 - [MESSAGE][INFO] - Starting run keyword runFeatureFile: 'Include/features/IST_Real/RTD/Disbursement_Dashboard/View_Detail_Disbursement_Dashboard.feature' and extract report to folder: '/Users/chaidir.pratama01/Katalon Studio/IST_Automation_Git/Reports/20210122_113940/RTD/TS_Disbursement_Dashboard/20210122_113940/cucumber_report/1611290394700'...

2021-01-22 11:39:55 - [TEST_CASE][PASSED] - Start Test Case : SCENARIO Search by STATUS Success to Disburse and then View Detail of it: SCENARIO Search by STATUS Success to Disburse and then View Detail of it

2021-01-22 11:39:55 - [TEST_STEP][PASSED] - Go to ISTools: Go to ISTools

2021-01-22 11:39:55 - [MESSAGE][INFO] - Starting 'Chrome (headless)' driver

2021-01-22 11:39:55 - [MESSAGE][INFO] - User set preference: ['args', '[--start-maximized, --disable-gpu, --no-proxy-server, –-no-sandbox, --allow-running-insecure-content, --ignore-certificate-errors, window-size=1680,814, force-device-scale-factor=2, --lang=en-GB]']

2021-01-22 11:39:55 - [MESSAGE][INFO] - User set preference: ['prefs', '{download.default_directory=/Users/chaidir.pratama01/Katalon Studio/IST_Automation_Git/Download}']

2021-01-22 11:39:55 - [MESSAGE][INFO] - Action delay is set to 0 milliseconds

2021-01-22 11:39:57 - [MESSAGE][PASSED] - Browser is opened with url: ''

2021-01-22 11:39:58 - [MESSAGE][PASSED] - Navigate to 'https://dev-istools.homecredit.id/foundation/' successfully

2021-01-22 11:39:58 - [MESSAGE][PASSED] - Go to ISTools

2021-01-22 11:39:58 - [TEST_STEP][PASSED] - Login IST with valid credentials: Login IST with valid credentials

2021-01-22 11:39:59 - [MESSAGE][PASSED] - Text 'mobile.test' is set on object 'Object Repository/Page_/input_Username_j_username'

2021-01-22 11:39:59 - [MESSAGE][PASSED] - Text ****** has been set on object 'Object Repository/Page_/input_Password_j_password'

2021-01-22 11:39:59 - [MESSAGE][PASSED] - Object: 'Object Repository/Page_/button_Login' is clicked on

2021-01-22 11:39:59 - [MESSAGE][PASSED] - Login IST with valid credentials

2021-01-22 11:39:59 - [TEST_STEP][PASSED] - Login Success: Login Success

2021-01-22 11:39:59 - [MESSAGE][INFO] - Login Success

2021-01-22 11:39:59 - [MESSAGE][PASSED] - Current window maximized

2021-01-22 11:40:00 - [MESSAGE][PASSED] - Object 'Object Repository/Page_/h1_Welcome to IT Supporting Tools' is present

2021-01-22 11:40:00 - [MESSAGE][PASSED] - Login Success

2021-01-22 11:40:00 - [TEST_STEP][PASSED] - Select Arrow Menu "Real Time Disbursement": Select Arrow Menu "Real Time Disbursement"

2021-01-22 11:40:00 - [MESSAGE][PASSED] - Object: '' is clicked on

2021-01-22 11:40:00 - [MESSAGE][PASSED] - Select Arrow Menu "Real Time Disbursement"

2021-01-22 11:40:00 - [TEST_STEP][PASSED] - Select Menu "Dashboard for CCC/OCS": Select Menu "Dashboard for CCC/OCS"

2021-01-22 11:40:00 - [MESSAGE][PASSED] - Taking screenshot successfully
[[ATTACHMENT|/Users/chaidir.pratama01/Documents/Docs/Katalon Studio/Screenshot/test-Dashboard for CCC/OCS.png]]

2021-01-22 11:40:00 - [MESSAGE][PASSED] - Object '' is present

2021-01-22 11:40:00 - [MESSAGE][PASSED] - Object: '' is clicked on

2021-01-22 11:40:00 - [MESSAGE][PASSED] - Wait for page load successfully

2021-01-22 11:40:00 - [MESSAGE][PASSED] - Select Menu "Dashboard for CCC/OCS"

2021-01-22 11:40:00 - [TEST_STEP][PASSED] - Select STATUS "Success to Disburse": Select STATUS "Success to Disburse"

2021-01-22 11:40:01 - [MESSAGE][PASSED] - All options with value 'Success to Disburse' are selected in object ''  using regular expression

2021-01-22 11:40:01 - [MESSAGE][PASSED] - Select STATUS "Success to Disburse"

2021-01-22 11:40:01 - [TEST_STEP][PASSED] - Click button "Search": Click button "Search"

2021-01-22 11:40:01 - [MESSAGE][INFO] - >>>>>//Button[contains(text(),'Search')]

2021-01-22 11:40:04 - [MESSAGE][PASSED] - Object '' is present

2021-01-22 11:40:04 - [MESSAGE][PASSED] - Object: '' is clicked on

2021-01-22 11:40:04 - [MESSAGE][PASSED] - Switched to window with index: '0'

2021-01-22 11:40:04 - [MESSAGE][PASSED] - Click button "Search"

2021-01-22 11:40:04 - [TEST_STEP][PASSED] - Verify Search Result Presents: Verify Search Result Presents

2021-01-22 11:40:04 - [MESSAGE][PASSED] - Object '' is present

2021-01-22 11:40:05 - [MESSAGE][PASSED] - Verify Search Result Presents

2021-01-22 11:40:05 - [TEST_STEP][PASSED] - Click View Detail: Click View Detail

2021-01-22 11:40:05 - [MESSAGE][PASSED] - Object '' is present

2021-01-22 11:40:05 - [MESSAGE][PASSED] - Object: '' is clicked on

2021-01-22 11:40:05 - [MESSAGE][PASSED] - Click View Detail

2021-01-22 11:40:05 - [TEST_STEP][PASSED] - Verify Information in View Detail: Verify Information in View Detail

2021-01-22 11:40:08 - [MESSAGE][PASSED] - Delayed 3 second(s)

2021-01-22 11:40:08 - [MESSAGE][PASSED] - Attribute 'value' of object '' is: '3900014152'

2021-01-22 11:40:11 - [MESSAGE][PASSED] - Delayed 3 second(s)

2021-01-22 11:40:11 - [MESSAGE][PASSED] - Attribute 'value' of object '' is: 'IDITXLeks TESTERbIvIvO'

2021-01-22 11:40:14 - [MESSAGE][PASSED] - Delayed 3 second(s)

2021-01-22 11:40:14 - [MESSAGE][PASSED] - Attribute 'value' of object '' is: 'Success to Disburse'

2021-01-22 11:40:17 - [MESSAGE][PASSED] - Delayed 3 second(s)

2021-01-22 11:40:17 - [MESSAGE][PASSED] - Attribute 'value' of object '' is: 'Rp 7,000,000'

2021-01-22 11:40:20 - [MESSAGE][PASSED] - Delayed 3 second(s)

2021-01-22 11:40:20 - [MESSAGE][PASSED] - Attribute 'value' of object '' is: 'KESEJAHTERAAN EKONOMI'

2021-01-22 11:40:23 - [MESSAGE][PASSED] - Delayed 3 second(s)

2021-01-22 11:40:23 - [MESSAGE][PASSED] - Attribute 'value' of object '' is: '1'

2021-01-22 11:40:26 - [MESSAGE][PASSED] - Delayed 3 second(s)

2021-01-22 11:40:26 - [MESSAGE][PASSED] - Attribute 'value' of object '' is: 'NAMA ADA DISINI'

2021-01-22 11:40:29 - [MESSAGE][PASSED] - Delayed 3 second(s)

2021-01-22 11:40:29 - [MESSAGE][PASSED] - Attribute 'value' of object '' is: 'KESEJAHTERAAN EKONOMI'

2021-01-22 11:40:32 - [MESSAGE][PASSED] - Delayed 3 second(s)

2021-01-22 11:40:32 - [MESSAGE][PASSED] - Attribute 'value' of object '' is: ''

2021-01-22 11:40:35 - [MESSAGE][PASSED] - Delayed 3 second(s)

2021-01-22 11:40:35 - [MESSAGE][PASSED] - Attribute 'value' of object '' is: ''

2021-01-22 11:40:35 - [MESSAGE][PASSED] - Text of object '' is: 'Date'

2021-01-22 11:40:35 - [MESSAGE][PASSED] - Text of object '' is: 'Status'

2021-01-22 11:40:35 - [MESSAGE][PASSED] - Text of object '' is: 'Updated Information'

2021-01-22 11:40:35 - [MESSAGE][PASSED] - Text of object '' is: 'Last Update By'

2021-01-22 11:40:35 - [MESSAGE][PASSED] - Text of object '' is: 'Department'

2021-01-22 11:40:36 - [MESSAGE][PASSED] - Verify Information in View Detail

2021-01-22 11:40:36 - [TEST_STEP][PASSED] - Click button "Logout": Click button "Logout"

2021-01-22 11:40:36 - [MESSAGE][INFO] - >>>>>//Button[contains(text(),'Logout')]

2021-01-22 11:40:39 - [MESSAGE][PASSED] - Object '' is present

2021-01-22 11:40:39 - [MESSAGE][PASSED] - Object: '' is clicked on

2021-01-22 11:40:39 - [MESSAGE][PASSED] - Switched to window with index: '0'

2021-01-22 11:40:39 - [MESSAGE][PASSED] - Click button "Logout"

2021-01-22 11:40:39 - [TEST_STEP][PASSED] - Close browser: Close browser

2021-01-22 11:40:39 - [MESSAGE][PASSED] - Browser is closed

2021-01-22 11:40:39 - [MESSAGE][PASSED] - Close browser

2021-01-22 11:40:39 - [MESSAGE][PASSED] - Feature file: 'Include/features/IST_Real/RTD/Disbursement_Dashboard/View_Detail_Disbursement_Dashboard.feature' was passed]]></system-out>
         <system-err><![CDATA[]]></system-err>
      </testcase>
      <testcase name="Test Cases/RTD/Disbursement Dashboard/TC_Search_by_Contract_Number_Disbursement_Dashboard" time="7.1" classname="Test Cases/RTD/Disbursement Dashboard/TC_Search_by_Contract_Number_Disbursement_Dashboard" status="PASSED">
         <system-out><![CDATA[2021-01-22 11:40:39 - [TEST_CASE][PASSED] - Test Cases/RTD/Disbursement Dashboard/TC_Search_by_Contract_Number_Disbursement_Dashboard: Test Cases/RTD/Disbursement Dashboard/TC_Search_by_Contract_Number_Disbursement_Dashboard

2021-01-22 11:40:39 - [TEST_STEP][PASSED] - runFeatureFile("Include/features/IST_Real/RTD/Disbursement_Dashboard/Search_by_Contract_Number_Disbursement_Dashboard.feature"): Feature file: 'Include/features/IST_Real/RTD/Disbursement_Dashboard/Search_by_Contract_Number_Disbursement_Dashboard.feature' was passed

2021-01-22 11:40:39 - [MESSAGE][INFO] - Starting run keyword runFeatureFile: 'Include/features/IST_Real/RTD/Disbursement_Dashboard/Search_by_Contract_Number_Disbursement_Dashboard.feature' and extract report to folder: '/Users/chaidir.pratama01/Katalon Studio/IST_Automation_Git/Reports/20210122_113940/RTD/TS_Disbursement_Dashboard/20210122_113940/cucumber_report/1611290439617'...

2021-01-22 11:40:39 - [TEST_CASE][PASSED] - Start Test Case : SCENARIO Search by Contract Number and it found on Dashboard: SCENARIO Search by Contract Number and it found on Dashboard

2021-01-22 11:40:39 - [TEST_STEP][PASSED] - Go to ISTools: Go to ISTools

2021-01-22 11:40:39 - [MESSAGE][INFO] - Starting 'Chrome (headless)' driver

2021-01-22 11:40:39 - [MESSAGE][INFO] - User set preference: ['args', '[--start-maximized, --disable-gpu, --no-proxy-server, –-no-sandbox, --allow-running-insecure-content, --ignore-certificate-errors, window-size=1680,814, force-device-scale-factor=2, --lang=en-GB]']

2021-01-22 11:40:39 - [MESSAGE][INFO] - User set preference: ['prefs', '{download.default_directory=/Users/chaidir.pratama01/Katalon Studio/IST_Automation_Git/Download}']

2021-01-22 11:40:39 - [MESSAGE][INFO] - Action delay is set to 0 milliseconds

2021-01-22 11:40:40 - [MESSAGE][PASSED] - Browser is opened with url: ''

2021-01-22 11:40:40 - [MESSAGE][PASSED] - Navigate to 'https://dev-istools.homecredit.id/foundation/' successfully

2021-01-22 11:40:40 - [MESSAGE][PASSED] - Go to ISTools

2021-01-22 11:40:40 - [TEST_STEP][PASSED] - Login IST with valid credentials: Login IST with valid credentials

2021-01-22 11:40:41 - [MESSAGE][PASSED] - Text 'mobile.test' is set on object 'Object Repository/Page_/input_Username_j_username'

2021-01-22 11:40:41 - [MESSAGE][PASSED] - Text ****** has been set on object 'Object Repository/Page_/input_Password_j_password'

2021-01-22 11:40:41 - [MESSAGE][PASSED] - Object: 'Object Repository/Page_/button_Login' is clicked on

2021-01-22 11:40:41 - [MESSAGE][PASSED] - Login IST with valid credentials

2021-01-22 11:40:41 - [TEST_STEP][PASSED] - Login Success: Login Success

2021-01-22 11:40:41 - [MESSAGE][INFO] - Login Success

2021-01-22 11:40:41 - [MESSAGE][PASSED] - Current window maximized

2021-01-22 11:40:41 - [MESSAGE][PASSED] - Object 'Object Repository/Page_/h1_Welcome to IT Supporting Tools' is present

2021-01-22 11:40:41 - [MESSAGE][PASSED] - Login Success

2021-01-22 11:40:41 - [TEST_STEP][PASSED] - Select Arrow Menu "Real Time Disbursement": Select Arrow Menu "Real Time Disbursement"

2021-01-22 11:40:41 - [MESSAGE][PASSED] - Object: '' is clicked on

2021-01-22 11:40:41 - [MESSAGE][PASSED] - Select Arrow Menu "Real Time Disbursement"

2021-01-22 11:40:41 - [TEST_STEP][PASSED] - Select Menu "Disbursement Dashboard": Select Menu "Disbursement Dashboard"

2021-01-22 11:40:42 - [MESSAGE][PASSED] - Taking screenshot successfully
[[ATTACHMENT|/Users/chaidir.pratama01/Documents/Docs/Katalon Studio/Screenshot/test-Disbursement Dashboard.png]]

2021-01-22 11:40:42 - [MESSAGE][PASSED] - Object '' is present

2021-01-22 11:40:42 - [MESSAGE][PASSED] - Object: '' is clicked on

2021-01-22 11:40:42 - [MESSAGE][PASSED] - Wait for page load successfully

2021-01-22 11:40:42 - [MESSAGE][PASSED] - Select Menu "Disbursement Dashboard"

2021-01-22 11:40:42 - [TEST_STEP][PASSED] - Input Contract RTD in Contract Number label: Input Contract RTD in Contract Number label

2021-01-22 11:40:42 - [MESSAGE][PASSED] - Text '4000014162' is set on object ''

2021-01-22 11:40:42 - [MESSAGE][PASSED] - Input Contract RTD in Contract Number label

2021-01-22 11:40:42 - [TEST_STEP][PASSED] - Click button "Search": Click button "Search"

2021-01-22 11:40:42 - [MESSAGE][INFO] - >>>>>//Button[contains(text(),'Search')]

2021-01-22 11:40:45 - [MESSAGE][PASSED] - Object '' is present

2021-01-22 11:40:45 - [MESSAGE][PASSED] - Object: '' is clicked on

2021-01-22 11:40:45 - [MESSAGE][PASSED] - Switched to window with index: '0'

2021-01-22 11:40:45 - [MESSAGE][PASSED] - Click button "Search"

2021-01-22 11:40:45 - [TEST_STEP][PASSED] - Verify Search Result Presents: Verify Search Result Presents

2021-01-22 11:40:45 - [MESSAGE][PASSED] - Object '' is present

2021-01-22 11:40:46 - [MESSAGE][PASSED] - Verify Search Result Presents

2021-01-22 11:40:46 - [MESSAGE][PASSED] - Feature file: 'Include/features/IST_Real/RTD/Disbursement_Dashboard/Search_by_Contract_Number_Disbursement_Dashboard.feature' was passed]]></system-out>
         <system-err><![CDATA[]]></system-err>
      </testcase>
      <testcase name="Test Cases/RTD/Disbursement Dashboard/TC_Search_by_STATUS_Disbursement_Dashboard" time="158.3" classname="Test Cases/RTD/Disbursement Dashboard/TC_Search_by_STATUS_Disbursement_Dashboard" status="PASSED">
         <system-out><![CDATA[2021-01-22 11:40:46 - [TEST_CASE][PASSED] - Test Cases/RTD/Disbursement Dashboard/TC_Search_by_STATUS_Disbursement_Dashboard: Test Cases/RTD/Disbursement Dashboard/TC_Search_by_STATUS_Disbursement_Dashboard

2021-01-22 11:40:46 - [TEST_STEP][PASSED] - runFeatureFile("Include/features/IST_Real/RTD/Disbursement_Dashboard/Search_by_STATUS_Disbursement_Dashboard.feature"): Feature file: 'Include/features/IST_Real/RTD/Disbursement_Dashboard/Search_by_STATUS_Disbursement_Dashboard.feature' was passed

2021-01-22 11:40:46 - [MESSAGE][INFO] - Starting run keyword runFeatureFile: 'Include/features/IST_Real/RTD/Disbursement_Dashboard/Search_by_STATUS_Disbursement_Dashboard.feature' and extract report to folder: '/Users/chaidir.pratama01/Katalon Studio/IST_Automation_Git/Reports/20210122_113940/RTD/TS_Disbursement_Dashboard/20210122_113940/cucumber_report/1611290446684'...

2021-01-22 11:40:46 - [TEST_CASE][PASSED] - Start Test Case : SCENARIO Search by STATUS Eligible to Disburse: SCENARIO Search by STATUS Eligible to Disburse

2021-01-22 11:40:46 - [TEST_STEP][PASSED] - Go to ISTools: Go to ISTools

2021-01-22 11:40:46 - [MESSAGE][WARNING] - A browser is already opened. Closing browser and opening a new one

2021-01-22 11:40:46 - [MESSAGE][INFO] - Starting 'Chrome (headless)' driver

2021-01-22 11:40:46 - [MESSAGE][INFO] - User set preference: ['args', '[--start-maximized, --disable-gpu, --no-proxy-server, –-no-sandbox, --allow-running-insecure-content, --ignore-certificate-errors, window-size=1680,814, force-device-scale-factor=2, --lang=en-GB]']

2021-01-22 11:40:46 - [MESSAGE][INFO] - User set preference: ['prefs', '{download.default_directory=/Users/chaidir.pratama01/Katalon Studio/IST_Automation_Git/Download}']

2021-01-22 11:40:46 - [MESSAGE][INFO] - Action delay is set to 0 milliseconds

2021-01-22 11:40:47 - [MESSAGE][PASSED] - Browser is opened with url: ''

2021-01-22 11:40:47 - [MESSAGE][PASSED] - Navigate to 'https://dev-istools.homecredit.id/foundation/' successfully

2021-01-22 11:40:47 - [MESSAGE][PASSED] - Go to ISTools

2021-01-22 11:40:47 - [TEST_STEP][PASSED] - Login IST with valid credentials: Login IST with valid credentials

2021-01-22 11:40:48 - [MESSAGE][PASSED] - Text 'mobile.test' is set on object 'Object Repository/Page_/input_Username_j_username'

2021-01-22 11:40:48 - [MESSAGE][PASSED] - Text ****** has been set on object 'Object Repository/Page_/input_Password_j_password'

2021-01-22 11:40:48 - [MESSAGE][PASSED] - Object: 'Object Repository/Page_/button_Login' is clicked on

2021-01-22 11:40:48 - [MESSAGE][PASSED] - Login IST with valid credentials

2021-01-22 11:40:48 - [TEST_STEP][PASSED] - Login Success: Login Success

2021-01-22 11:40:48 - [MESSAGE][INFO] - Login Success

2021-01-22 11:40:48 - [MESSAGE][PASSED] - Current window maximized

2021-01-22 11:40:48 - [MESSAGE][PASSED] - Object 'Object Repository/Page_/h1_Welcome to IT Supporting Tools' is present

2021-01-22 11:40:48 - [MESSAGE][PASSED] - Login Success

2021-01-22 11:40:48 - [TEST_STEP][PASSED] - Select Arrow Menu "Real Time Disbursement": Select Arrow Menu "Real Time Disbursement"

2021-01-22 11:40:48 - [MESSAGE][PASSED] - Object: '' is clicked on

2021-01-22 11:40:48 - [MESSAGE][PASSED] - Select Arrow Menu "Real Time Disbursement"

2021-01-22 11:40:48 - [TEST_STEP][PASSED] - Select Menu "Disbursement Dashboard": Select Menu "Disbursement Dashboard"

2021-01-22 11:40:49 - [MESSAGE][PASSED] - Taking screenshot successfully
[[ATTACHMENT|/Users/chaidir.pratama01/Documents/Docs/Katalon Studio/Screenshot/test-Disbursement Dashboard.png]]

2021-01-22 11:40:49 - [MESSAGE][PASSED] - Object '' is present

2021-01-22 11:40:49 - [MESSAGE][PASSED] - Object: '' is clicked on

2021-01-22 11:40:49 - [MESSAGE][PASSED] - Wait for page load successfully

2021-01-22 11:40:49 - [MESSAGE][PASSED] - Select Menu "Disbursement Dashboard"

2021-01-22 11:40:49 - [TEST_STEP][PASSED] - Select STATUS "Eligible to disburse": Select STATUS "Eligible to disburse"

2021-01-22 11:40:49 - [MESSAGE][PASSED] - All options with value 'Eligible to disburse' are selected in object ''  using regular expression

2021-01-22 11:40:49 - [MESSAGE][PASSED] - Select STATUS "Eligible to disburse"

2021-01-22 11:40:49 - [TEST_STEP][PASSED] - Click button "Search": Click button "Search"

2021-01-22 11:40:49 - [MESSAGE][INFO] - >>>>>//Button[contains(text(),'Search')]

2021-01-22 11:40:52 - [MESSAGE][PASSED] - Object '' is present

2021-01-22 11:40:52 - [MESSAGE][PASSED] - Object: '' is clicked on

2021-01-22 11:40:52 - [MESSAGE][PASSED] - Switched to window with index: '0'

2021-01-22 11:40:52 - [MESSAGE][PASSED] - Click button "Search"

2021-01-22 11:40:52 - [TEST_STEP][PASSED] - Verify Search Result Presents: Verify Search Result Presents

2021-01-22 11:40:52 - [MESSAGE][PASSED] - Object '' is present

2021-01-22 11:40:59 - [MESSAGE][PASSED] - Verify Search Result Presents

2021-01-22 11:40:59 - [TEST_STEP][PASSED] - Click button "Logout": Click button "Logout"

2021-01-22 11:40:59 - [MESSAGE][INFO] - >>>>>//Button[contains(text(),'Logout')]

2021-01-22 11:41:02 - [MESSAGE][PASSED] - Object '' is present

2021-01-22 11:41:02 - [MESSAGE][PASSED] - Object: '' is clicked on

2021-01-22 11:41:02 - [MESSAGE][PASSED] - Switched to window with index: '0'

2021-01-22 11:41:02 - [MESSAGE][PASSED] - Click button "Logout"

2021-01-22 11:41:02 - [TEST_STEP][PASSED] - Close browser: Close browser

2021-01-22 11:41:02 - [MESSAGE][PASSED] - Browser is closed

2021-01-22 11:41:02 - [MESSAGE][PASSED] - Close browser

2021-01-22 11:41:02 - [TEST_CASE][PASSED] - Start Test Case : SCENARIO Search by STATUS Waiting approval from Risk: SCENARIO Search by STATUS Waiting approval from Risk

2021-01-22 11:41:02 - [TEST_STEP][PASSED] - Go to ISTools: Go to ISTools

2021-01-22 11:41:02 - [MESSAGE][INFO] - Starting 'Chrome (headless)' driver

2021-01-22 11:41:02 - [MESSAGE][INFO] - User set preference: ['args', '[--start-maximized, --disable-gpu, --no-proxy-server, –-no-sandbox, --allow-running-insecure-content, --ignore-certificate-errors, window-size=1680,814, force-device-scale-factor=2, --lang=en-GB]']

2021-01-22 11:41:02 - [MESSAGE][INFO] - User set preference: ['prefs', '{download.default_directory=/Users/chaidir.pratama01/Katalon Studio/IST_Automation_Git/Download}']

2021-01-22 11:41:02 - [MESSAGE][INFO] - Action delay is set to 0 milliseconds

2021-01-22 11:41:03 - [MESSAGE][PASSED] - Browser is opened with url: ''

2021-01-22 11:41:03 - [MESSAGE][PASSED] - Navigate to 'https://dev-istools.homecredit.id/foundation/' successfully

2021-01-22 11:41:03 - [MESSAGE][PASSED] - Go to ISTools

2021-01-22 11:41:03 - [TEST_STEP][PASSED] - Login IST with valid credentials: Login IST with valid credentials

2021-01-22 11:41:03 - [MESSAGE][PASSED] - Text 'mobile.test' is set on object 'Object Repository/Page_/input_Username_j_username'

2021-01-22 11:41:04 - [MESSAGE][PASSED] - Text ****** has been set on object 'Object Repository/Page_/input_Password_j_password'

2021-01-22 11:41:04 - [MESSAGE][PASSED] - Object: 'Object Repository/Page_/button_Login' is clicked on

2021-01-22 11:41:04 - [MESSAGE][PASSED] - Login IST with valid credentials

2021-01-22 11:41:04 - [TEST_STEP][PASSED] - Login Success: Login Success

2021-01-22 11:41:04 - [MESSAGE][INFO] - Login Success

2021-01-22 11:41:04 - [MESSAGE][PASSED] - Current window maximized

2021-01-22 11:41:04 - [MESSAGE][PASSED] - Object 'Object Repository/Page_/h1_Welcome to IT Supporting Tools' is present

2021-01-22 11:41:04 - [MESSAGE][PASSED] - Login Success

2021-01-22 11:41:04 - [TEST_STEP][PASSED] - Select Arrow Menu "Real Time Disbursement": Select Arrow Menu "Real Time Disbursement"

2021-01-22 11:41:04 - [MESSAGE][PASSED] - Object: '' is clicked on

2021-01-22 11:41:04 - [MESSAGE][PASSED] - Select Arrow Menu "Real Time Disbursement"

2021-01-22 11:41:04 - [TEST_STEP][PASSED] - Select Menu "Disbursement Dashboard": Select Menu "Disbursement Dashboard"

2021-01-22 11:41:05 - [MESSAGE][PASSED] - Taking screenshot successfully
[[ATTACHMENT|/Users/chaidir.pratama01/Documents/Docs/Katalon Studio/Screenshot/test-Disbursement Dashboard.png]]

2021-01-22 11:41:05 - [MESSAGE][PASSED] - Object '' is present

2021-01-22 11:41:05 - [MESSAGE][PASSED] - Object: '' is clicked on

2021-01-22 11:41:05 - [MESSAGE][PASSED] - Wait for page load successfully

2021-01-22 11:41:05 - [MESSAGE][PASSED] - Select Menu "Disbursement Dashboard"

2021-01-22 11:41:05 - [TEST_STEP][PASSED] - Select STATUS "Waiting approval from Risk": Select STATUS "Waiting approval from Risk"

2021-01-22 11:41:05 - [MESSAGE][PASSED] - All options with value 'Waiting approval from Risk' are selected in object ''  using regular expression

2021-01-22 11:41:05 - [MESSAGE][PASSED] - Select STATUS "Waiting approval from Risk"

2021-01-22 11:41:05 - [TEST_STEP][PASSED] - Click button "Search": Click button "Search"

2021-01-22 11:41:05 - [MESSAGE][INFO] - >>>>>//Button[contains(text(),'Search')]

2021-01-22 11:41:08 - [MESSAGE][PASSED] - Object '' is present

2021-01-22 11:41:08 - [MESSAGE][PASSED] - Object: '' is clicked on

2021-01-22 11:41:08 - [MESSAGE][PASSED] - Switched to window with index: '0'

2021-01-22 11:41:08 - [MESSAGE][PASSED] - Click button "Search"

2021-01-22 11:41:08 - [TEST_STEP][PASSED] - Verify Search Result Presents: Verify Search Result Presents

2021-01-22 11:41:08 - [MESSAGE][PASSED] - Object '' is present

2021-01-22 11:41:11 - [MESSAGE][PASSED] - Verify Search Result Presents

2021-01-22 11:41:11 - [TEST_STEP][PASSED] - Click button "Logout": Click button "Logout"

2021-01-22 11:41:11 - [MESSAGE][INFO] - >>>>>//Button[contains(text(),'Logout')]

2021-01-22 11:41:14 - [MESSAGE][PASSED] - Object '' is present

2021-01-22 11:41:14 - [MESSAGE][PASSED] - Object: '' is clicked on

2021-01-22 11:41:14 - [MESSAGE][PASSED] - Switched to window with index: '0'

2021-01-22 11:41:14 - [MESSAGE][PASSED] - Click button "Logout"

2021-01-22 11:41:14 - [TEST_STEP][PASSED] - Close browser: Close browser

2021-01-22 11:41:14 - [MESSAGE][PASSED] - Browser is closed

2021-01-22 11:41:14 - [MESSAGE][PASSED] - Close browser

2021-01-22 11:41:14 - [TEST_CASE][PASSED] - Start Test Case : SCENARIO Search by STATUS Waiting for approval from In Payment: SCENARIO Search by STATUS Waiting for approval from In Payment

2021-01-22 11:41:14 - [TEST_STEP][PASSED] - Go to ISTools: Go to ISTools

2021-01-22 11:41:14 - [MESSAGE][INFO] - Starting 'Chrome (headless)' driver

2021-01-22 11:41:14 - [MESSAGE][INFO] - User set preference: ['args', '[--start-maximized, --disable-gpu, --no-proxy-server, –-no-sandbox, --allow-running-insecure-content, --ignore-certificate-errors, window-size=1680,814, force-device-scale-factor=2, --lang=en-GB]']

2021-01-22 11:41:14 - [MESSAGE][INFO] - User set preference: ['prefs', '{download.default_directory=/Users/chaidir.pratama01/Katalon Studio/IST_Automation_Git/Download}']

2021-01-22 11:41:14 - [MESSAGE][INFO] - Action delay is set to 0 milliseconds

2021-01-22 11:41:14 - [MESSAGE][PASSED] - Browser is opened with url: ''

2021-01-22 11:41:15 - [MESSAGE][PASSED] - Navigate to 'https://dev-istools.homecredit.id/foundation/' successfully

2021-01-22 11:41:15 - [MESSAGE][PASSED] - Go to ISTools

2021-01-22 11:41:15 - [TEST_STEP][PASSED] - Login IST with valid credentials: Login IST with valid credentials

2021-01-22 11:41:15 - [MESSAGE][PASSED] - Text 'mobile.test' is set on object 'Object Repository/Page_/input_Username_j_username'

2021-01-22 11:41:15 - [MESSAGE][PASSED] - Text ****** has been set on object 'Object Repository/Page_/input_Password_j_password'

2021-01-22 11:41:16 - [MESSAGE][PASSED] - Object: 'Object Repository/Page_/button_Login' is clicked on

2021-01-22 11:41:16 - [MESSAGE][PASSED] - Login IST with valid credentials

2021-01-22 11:41:16 - [TEST_STEP][PASSED] - Login Success: Login Success

2021-01-22 11:41:16 - [MESSAGE][INFO] - Login Success

2021-01-22 11:41:16 - [MESSAGE][PASSED] - Current window maximized

2021-01-22 11:41:16 - [MESSAGE][PASSED] - Object 'Object Repository/Page_/h1_Welcome to IT Supporting Tools' is present

2021-01-22 11:41:16 - [MESSAGE][PASSED] - Login Success

2021-01-22 11:41:16 - [TEST_STEP][PASSED] - Select Arrow Menu "Real Time Disbursement": Select Arrow Menu "Real Time Disbursement"

2021-01-22 11:41:16 - [MESSAGE][PASSED] - Object: '' is clicked on

2021-01-22 11:41:16 - [MESSAGE][PASSED] - Select Arrow Menu "Real Time Disbursement"

2021-01-22 11:41:16 - [TEST_STEP][PASSED] - Select Menu "Disbursement Dashboard": Select Menu "Disbursement Dashboard"

2021-01-22 11:41:17 - [MESSAGE][PASSED] - Taking screenshot successfully
[[ATTACHMENT|/Users/chaidir.pratama01/Documents/Docs/Katalon Studio/Screenshot/test-Disbursement Dashboard.png]]

2021-01-22 11:41:17 - [MESSAGE][PASSED] - Object '' is present

2021-01-22 11:41:17 - [MESSAGE][PASSED] - Object: '' is clicked on

2021-01-22 11:41:17 - [MESSAGE][PASSED] - Wait for page load successfully

2021-01-22 11:41:17 - [MESSAGE][PASSED] - Select Menu "Disbursement Dashboard"

2021-01-22 11:41:17 - [TEST_STEP][PASSED] - Select STATUS "Waiting for approval from In Payment": Select STATUS "Waiting for approval from In Payment"

2021-01-22 11:41:17 - [MESSAGE][PASSED] - All options with value 'Waiting for approval from In Payment' are selected in object ''  using regular expression

2021-01-22 11:41:17 - [MESSAGE][PASSED] - Select STATUS "Waiting for approval from In Payment"

2021-01-22 11:41:17 - [TEST_STEP][PASSED] - Click button "Search": Click button "Search"

2021-01-22 11:41:17 - [MESSAGE][INFO] - >>>>>//Button[contains(text(),'Search')]

2021-01-22 11:41:20 - [MESSAGE][PASSED] - Object '' is present

2021-01-22 11:41:20 - [MESSAGE][PASSED] - Object: '' is clicked on

2021-01-22 11:41:20 - [MESSAGE][PASSED] - Switched to window with index: '0'

2021-01-22 11:41:20 - [MESSAGE][PASSED] - Click button "Search"

2021-01-22 11:41:20 - [TEST_STEP][PASSED] - Verify Search Result Presents: Verify Search Result Presents

2021-01-22 11:41:20 - [MESSAGE][PASSED] - Object '' is present

2021-01-22 11:41:21 - [MESSAGE][PASSED] - Verify Search Result Presents

2021-01-22 11:41:21 - [TEST_STEP][PASSED] - Click button "Logout": Click button "Logout"

2021-01-22 11:41:21 - [MESSAGE][INFO] - >>>>>//Button[contains(text(),'Logout')]

2021-01-22 11:41:24 - [MESSAGE][PASSED] - Object '' is present

2021-01-22 11:41:24 - [MESSAGE][PASSED] - Object: '' is clicked on

2021-01-22 11:41:24 - [MESSAGE][PASSED] - Switched to window with index: '0'

2021-01-22 11:41:24 - [MESSAGE][PASSED] - Click button "Logout"

2021-01-22 11:41:24 - [TEST_STEP][PASSED] - Close browser: Close browser

2021-01-22 11:41:24 - [MESSAGE][PASSED] - Browser is closed

2021-01-22 11:41:24 - [MESSAGE][PASSED] - Close browser

2021-01-22 11:41:24 - [TEST_CASE][PASSED] - Start Test Case : SCENARIO Search by STATUS Not eligible to disburse: SCENARIO Search by STATUS Not eligible to disburse

2021-01-22 11:41:24 - [TEST_STEP][PASSED] - Go to ISTools: Go to ISTools

2021-01-22 11:41:24 - [MESSAGE][INFO] - Starting 'Chrome (headless)' driver

2021-01-22 11:41:24 - [MESSAGE][INFO] - User set preference: ['args', '[--start-maximized, --disable-gpu, --no-proxy-server, –-no-sandbox, --allow-running-insecure-content, --ignore-certificate-errors, window-size=1680,814, force-device-scale-factor=2, --lang=en-GB]']

2021-01-22 11:41:24 - [MESSAGE][INFO] - User set preference: ['prefs', '{download.default_directory=/Users/chaidir.pratama01/Katalon Studio/IST_Automation_Git/Download}']

2021-01-22 11:41:24 - [MESSAGE][INFO] - Action delay is set to 0 milliseconds

2021-01-22 11:41:24 - [MESSAGE][PASSED] - Browser is opened with url: ''

2021-01-22 11:41:25 - [MESSAGE][PASSED] - Navigate to 'https://dev-istools.homecredit.id/foundation/' successfully

2021-01-22 11:41:25 - [MESSAGE][PASSED] - Go to ISTools

2021-01-22 11:41:25 - [TEST_STEP][PASSED] - Login IST with valid credentials: Login IST with valid credentials

2021-01-22 11:41:25 - [MESSAGE][PASSED] - Text 'mobile.test' is set on object 'Object Repository/Page_/input_Username_j_username'

2021-01-22 11:41:25 - [MESSAGE][PASSED] - Text ****** has been set on object 'Object Repository/Page_/input_Password_j_password'

2021-01-22 11:41:26 - [MESSAGE][PASSED] - Object: 'Object Repository/Page_/button_Login' is clicked on

2021-01-22 11:41:26 - [MESSAGE][PASSED] - Login IST with valid credentials

2021-01-22 11:41:26 - [TEST_STEP][PASSED] - Login Success: Login Success

2021-01-22 11:41:26 - [MESSAGE][INFO] - Login Success

2021-01-22 11:41:26 - [MESSAGE][PASSED] - Current window maximized

2021-01-22 11:41:26 - [MESSAGE][PASSED] - Object 'Object Repository/Page_/h1_Welcome to IT Supporting Tools' is present

2021-01-22 11:41:26 - [MESSAGE][PASSED] - Login Success

2021-01-22 11:41:26 - [TEST_STEP][PASSED] - Select Arrow Menu "Real Time Disbursement": Select Arrow Menu "Real Time Disbursement"

2021-01-22 11:41:26 - [MESSAGE][PASSED] - Object: '' is clicked on

2021-01-22 11:41:26 - [MESSAGE][PASSED] - Select Arrow Menu "Real Time Disbursement"

2021-01-22 11:41:26 - [TEST_STEP][PASSED] - Select Menu "Disbursement Dashboard": Select Menu "Disbursement Dashboard"

2021-01-22 11:41:26 - [MESSAGE][PASSED] - Taking screenshot successfully
[[ATTACHMENT|/Users/chaidir.pratama01/Documents/Docs/Katalon Studio/Screenshot/test-Disbursement Dashboard.png]]

2021-01-22 11:41:27 - [MESSAGE][PASSED] - Object '' is present

2021-01-22 11:41:27 - [MESSAGE][PASSED] - Object: '' is clicked on

2021-01-22 11:41:27 - [MESSAGE][PASSED] - Wait for page load successfully

2021-01-22 11:41:27 - [MESSAGE][PASSED] - Select Menu "Disbursement Dashboard"

2021-01-22 11:41:27 - [TEST_STEP][PASSED] - Select STATUS "Not eligible to disburse": Select STATUS "Not eligible to disburse"

2021-01-22 11:41:27 - [MESSAGE][PASSED] - All options with value 'Not eligible to disburse' are selected in object ''  using regular expression

2021-01-22 11:41:27 - [MESSAGE][PASSED] - Select STATUS "Not eligible to disburse"

2021-01-22 11:41:27 - [TEST_STEP][PASSED] - Click button "Search": Click button "Search"

2021-01-22 11:41:27 - [MESSAGE][INFO] - >>>>>//Button[contains(text(),'Search')]

2021-01-22 11:41:30 - [MESSAGE][PASSED] - Object '' is present

2021-01-22 11:41:30 - [MESSAGE][PASSED] - Object: '' is clicked on

2021-01-22 11:41:30 - [MESSAGE][PASSED] - Switched to window with index: '0'

2021-01-22 11:41:30 - [MESSAGE][PASSED] - Click button "Search"

2021-01-22 11:41:30 - [TEST_STEP][PASSED] - Verify Search Result Presents: Verify Search Result Presents

2021-01-22 11:41:30 - [MESSAGE][PASSED] - Object '' is present

2021-01-22 11:41:37 - [MESSAGE][PASSED] - Verify Search Result Presents

2021-01-22 11:41:37 - [TEST_STEP][PASSED] - Click button "Logout": Click button "Logout"

2021-01-22 11:41:37 - [MESSAGE][INFO] - >>>>>//Button[contains(text(),'Logout')]

2021-01-22 11:41:40 - [MESSAGE][PASSED] - Object '' is present

2021-01-22 11:41:40 - [MESSAGE][PASSED] - Object: '' is clicked on

2021-01-22 11:41:40 - [MESSAGE][PASSED] - Switched to window with index: '0'

2021-01-22 11:41:40 - [MESSAGE][PASSED] - Click button "Logout"

2021-01-22 11:41:40 - [TEST_STEP][PASSED] - Close browser: Close browser

2021-01-22 11:41:40 - [MESSAGE][PASSED] - Browser is closed

2021-01-22 11:41:40 - [MESSAGE][PASSED] - Close browser

2021-01-22 11:41:40 - [TEST_CASE][PASSED] - Start Test Case : SCENARIO Search by STATUS Ready to disburse: SCENARIO Search by STATUS Ready to disburse

2021-01-22 11:41:40 - [TEST_STEP][PASSED] - Go to ISTools: Go to ISTools

2021-01-22 11:41:40 - [MESSAGE][INFO] - Starting 'Chrome (headless)' driver

2021-01-22 11:41:40 - [MESSAGE][INFO] - User set preference: ['args', '[--start-maximized, --disable-gpu, --no-proxy-server, –-no-sandbox, --allow-running-insecure-content, --ignore-certificate-errors, window-size=1680,814, force-device-scale-factor=2, --lang=en-GB]']

2021-01-22 11:41:40 - [MESSAGE][INFO] - User set preference: ['prefs', '{download.default_directory=/Users/chaidir.pratama01/Katalon Studio/IST_Automation_Git/Download}']

2021-01-22 11:41:40 - [MESSAGE][INFO] - Action delay is set to 0 milliseconds

2021-01-22 11:41:40 - [MESSAGE][PASSED] - Browser is opened with url: ''

2021-01-22 11:41:41 - [MESSAGE][PASSED] - Navigate to 'https://dev-istools.homecredit.id/foundation/' successfully

2021-01-22 11:41:41 - [MESSAGE][PASSED] - Go to ISTools

2021-01-22 11:41:41 - [TEST_STEP][PASSED] - Login IST with valid credentials: Login IST with valid credentials

2021-01-22 11:41:41 - [MESSAGE][PASSED] - Text 'mobile.test' is set on object 'Object Repository/Page_/input_Username_j_username'

2021-01-22 11:41:41 - [MESSAGE][PASSED] - Text ****** has been set on object 'Object Repository/Page_/input_Password_j_password'

2021-01-22 11:41:42 - [MESSAGE][PASSED] - Object: 'Object Repository/Page_/button_Login' is clicked on

2021-01-22 11:41:42 - [MESSAGE][PASSED] - Login IST with valid credentials

2021-01-22 11:41:42 - [TEST_STEP][PASSED] - Login Success: Login Success

2021-01-22 11:41:42 - [MESSAGE][INFO] - Login Success

2021-01-22 11:41:42 - [MESSAGE][PASSED] - Current window maximized

2021-01-22 11:41:42 - [MESSAGE][PASSED] - Object 'Object Repository/Page_/h1_Welcome to IT Supporting Tools' is present

2021-01-22 11:41:42 - [MESSAGE][PASSED] - Login Success

2021-01-22 11:41:42 - [TEST_STEP][PASSED] - Select Arrow Menu "Real Time Disbursement": Select Arrow Menu "Real Time Disbursement"

2021-01-22 11:41:42 - [MESSAGE][PASSED] - Object: '' is clicked on

2021-01-22 11:41:42 - [MESSAGE][PASSED] - Select Arrow Menu "Real Time Disbursement"

2021-01-22 11:41:42 - [TEST_STEP][PASSED] - Select Menu "Disbursement Dashboard": Select Menu "Disbursement Dashboard"

2021-01-22 11:41:42 - [MESSAGE][PASSED] - Taking screenshot successfully
[[ATTACHMENT|/Users/chaidir.pratama01/Documents/Docs/Katalon Studio/Screenshot/test-Disbursement Dashboard.png]]

2021-01-22 11:41:42 - [MESSAGE][PASSED] - Object '' is present

2021-01-22 11:41:43 - [MESSAGE][PASSED] - Object: '' is clicked on

2021-01-22 11:41:43 - [MESSAGE][PASSED] - Wait for page load successfully

2021-01-22 11:41:43 - [MESSAGE][PASSED] - Select Menu "Disbursement Dashboard"

2021-01-22 11:41:43 - [TEST_STEP][PASSED] - Select STATUS "Ready to disburse": Select STATUS "Ready to disburse"

2021-01-22 11:41:43 - [MESSAGE][PASSED] - All options with value 'Ready to disburse' are selected in object ''  using regular expression

2021-01-22 11:41:43 - [MESSAGE][PASSED] - Select STATUS "Ready to disburse"

2021-01-22 11:41:43 - [TEST_STEP][PASSED] - Click button "Search": Click button "Search"

2021-01-22 11:41:43 - [MESSAGE][INFO] - >>>>>//Button[contains(text(),'Search')]

2021-01-22 11:41:46 - [MESSAGE][PASSED] - Object '' is present

2021-01-22 11:41:46 - [MESSAGE][PASSED] - Object: '' is clicked on

2021-01-22 11:41:46 - [MESSAGE][PASSED] - Switched to window with index: '0'

2021-01-22 11:41:46 - [MESSAGE][PASSED] - Click button "Search"

2021-01-22 11:41:46 - [TEST_STEP][PASSED] - Verify Search Result Presents: Verify Search Result Presents

2021-01-22 11:41:46 - [MESSAGE][PASSED] - Object '' is present

2021-01-22 11:41:48 - [MESSAGE][PASSED] - Verify Search Result Presents

2021-01-22 11:41:48 - [TEST_STEP][PASSED] - Click button "Logout": Click button "Logout"

2021-01-22 11:41:48 - [MESSAGE][INFO] - >>>>>//Button[contains(text(),'Logout')]

2021-01-22 11:41:51 - [MESSAGE][PASSED] - Object '' is present

2021-01-22 11:41:52 - [MESSAGE][PASSED] - Object: '' is clicked on

2021-01-22 11:41:52 - [MESSAGE][PASSED] - Switched to window with index: '0'

2021-01-22 11:41:52 - [MESSAGE][PASSED] - Click button "Logout"

2021-01-22 11:41:52 - [TEST_STEP][PASSED] - Close browser: Close browser

2021-01-22 11:41:52 - [MESSAGE][PASSED] - Browser is closed

2021-01-22 11:41:52 - [MESSAGE][PASSED] - Close browser

2021-01-22 11:41:52 - [TEST_CASE][PASSED] - Start Test Case : SCENARIO Search by STATUS Failed due to invalid bank account: SCENARIO Search by STATUS Failed due to invalid bank account

2021-01-22 11:41:52 - [TEST_STEP][PASSED] - Go to ISTools: Go to ISTools

2021-01-22 11:41:52 - [MESSAGE][INFO] - Starting 'Chrome (headless)' driver

2021-01-22 11:41:52 - [MESSAGE][INFO] - User set preference: ['args', '[--start-maximized, --disable-gpu, --no-proxy-server, –-no-sandbox, --allow-running-insecure-content, --ignore-certificate-errors, window-size=1680,814, force-device-scale-factor=2, --lang=en-GB]']

2021-01-22 11:41:52 - [MESSAGE][INFO] - User set preference: ['prefs', '{download.default_directory=/Users/chaidir.pratama01/Katalon Studio/IST_Automation_Git/Download}']

2021-01-22 11:41:52 - [MESSAGE][INFO] - Action delay is set to 0 milliseconds

2021-01-22 11:41:52 - [MESSAGE][PASSED] - Browser is opened with url: ''

2021-01-22 11:41:53 - [MESSAGE][PASSED] - Navigate to 'https://dev-istools.homecredit.id/foundation/' successfully

2021-01-22 11:41:53 - [MESSAGE][PASSED] - Go to ISTools

2021-01-22 11:41:53 - [TEST_STEP][PASSED] - Login IST with valid credentials: Login IST with valid credentials

2021-01-22 11:41:53 - [MESSAGE][PASSED] - Text 'mobile.test' is set on object 'Object Repository/Page_/input_Username_j_username'

2021-01-22 11:41:53 - [MESSAGE][PASSED] - Text ****** has been set on object 'Object Repository/Page_/input_Password_j_password'

2021-01-22 11:41:53 - [MESSAGE][PASSED] - Object: 'Object Repository/Page_/button_Login' is clicked on

2021-01-22 11:41:53 - [MESSAGE][PASSED] - Login IST with valid credentials

2021-01-22 11:41:53 - [TEST_STEP][PASSED] - Login Success: Login Success

2021-01-22 11:41:53 - [MESSAGE][INFO] - Login Success

2021-01-22 11:41:54 - [MESSAGE][PASSED] - Current window maximized

2021-01-22 11:41:54 - [MESSAGE][PASSED] - Object 'Object Repository/Page_/h1_Welcome to IT Supporting Tools' is present

2021-01-22 11:41:54 - [MESSAGE][PASSED] - Login Success

2021-01-22 11:41:54 - [TEST_STEP][PASSED] - Select Arrow Menu "Real Time Disbursement": Select Arrow Menu "Real Time Disbursement"

2021-01-22 11:41:54 - [MESSAGE][PASSED] - Object: '' is clicked on

2021-01-22 11:41:54 - [MESSAGE][PASSED] - Select Arrow Menu "Real Time Disbursement"

2021-01-22 11:41:54 - [TEST_STEP][PASSED] - Select Menu "Disbursement Dashboard": Select Menu "Disbursement Dashboard"

2021-01-22 11:41:54 - [MESSAGE][PASSED] - Taking screenshot successfully
[[ATTACHMENT|/Users/chaidir.pratama01/Documents/Docs/Katalon Studio/Screenshot/test-Disbursement Dashboard.png]]

2021-01-22 11:41:54 - [MESSAGE][PASSED] - Object '' is present

2021-01-22 11:41:54 - [MESSAGE][PASSED] - Object: '' is clicked on

2021-01-22 11:41:54 - [MESSAGE][PASSED] - Wait for page load successfully

2021-01-22 11:41:54 - [MESSAGE][PASSED] - Select Menu "Disbursement Dashboard"

2021-01-22 11:41:54 - [TEST_STEP][PASSED] - Select STATUS "Failed due to invalid bank account": Select STATUS "Failed due to invalid bank account"

2021-01-22 11:41:55 - [MESSAGE][PASSED] - All options with value 'Failed due to invalid bank account' are selected in object ''  using regular expression

2021-01-22 11:41:55 - [MESSAGE][PASSED] - Select STATUS "Failed due to invalid bank account"

2021-01-22 11:41:55 - [TEST_STEP][PASSED] - Click button "Search": Click button "Search"

2021-01-22 11:41:55 - [MESSAGE][INFO] - >>>>>//Button[contains(text(),'Search')]

2021-01-22 11:41:58 - [MESSAGE][PASSED] - Object '' is present

2021-01-22 11:41:58 - [MESSAGE][PASSED] - Object: '' is clicked on

2021-01-22 11:41:58 - [MESSAGE][PASSED] - Switched to window with index: '0'

2021-01-22 11:41:58 - [MESSAGE][PASSED] - Click button "Search"

2021-01-22 11:41:58 - [TEST_STEP][PASSED] - Verify Search Result Presents: Verify Search Result Presents

2021-01-22 11:41:58 - [MESSAGE][PASSED] - Object '' is present

2021-01-22 11:41:59 - [MESSAGE][PASSED] - Verify Search Result Presents

2021-01-22 11:41:59 - [TEST_STEP][PASSED] - Click button "Logout": Click button "Logout"

2021-01-22 11:41:59 - [MESSAGE][INFO] - >>>>>//Button[contains(text(),'Logout')]

2021-01-22 11:42:02 - [MESSAGE][PASSED] - Object '' is present

2021-01-22 11:42:02 - [MESSAGE][PASSED] - Object: '' is clicked on

2021-01-22 11:42:02 - [MESSAGE][PASSED] - Switched to window with index: '0'

2021-01-22 11:42:02 - [MESSAGE][PASSED] - Click button "Logout"

2021-01-22 11:42:02 - [TEST_STEP][PASSED] - Close browser: Close browser

2021-01-22 11:42:03 - [MESSAGE][PASSED] - Browser is closed

2021-01-22 11:42:03 - [MESSAGE][PASSED] - Close browser

2021-01-22 11:42:03 - [TEST_CASE][PASSED] - Start Test Case : SCENARIO Search by STATUS Failed due to system error: SCENARIO Search by STATUS Failed due to system error

2021-01-22 11:42:03 - [TEST_STEP][PASSED] - Go to ISTools: Go to ISTools

2021-01-22 11:42:03 - [MESSAGE][INFO] - Starting 'Chrome (headless)' driver

2021-01-22 11:42:03 - [MESSAGE][INFO] - User set preference: ['args', '[--start-maximized, --disable-gpu, --no-proxy-server, –-no-sandbox, --allow-running-insecure-content, --ignore-certificate-errors, window-size=1680,814, force-device-scale-factor=2, --lang=en-GB]']

2021-01-22 11:42:03 - [MESSAGE][INFO] - User set preference: ['prefs', '{download.default_directory=/Users/chaidir.pratama01/Katalon Studio/IST_Automation_Git/Download}']

2021-01-22 11:42:03 - [MESSAGE][INFO] - Action delay is set to 0 milliseconds

2021-01-22 11:42:03 - [MESSAGE][PASSED] - Browser is opened with url: ''

2021-01-22 11:42:04 - [MESSAGE][PASSED] - Navigate to 'https://dev-istools.homecredit.id/foundation/' successfully

2021-01-22 11:42:04 - [MESSAGE][PASSED] - Go to ISTools

2021-01-22 11:42:04 - [TEST_STEP][PASSED] - Login IST with valid credentials: Login IST with valid credentials

2021-01-22 11:42:04 - [MESSAGE][PASSED] - Text 'mobile.test' is set on object 'Object Repository/Page_/input_Username_j_username'

2021-01-22 11:42:04 - [MESSAGE][PASSED] - Text ****** has been set on object 'Object Repository/Page_/input_Password_j_password'

2021-01-22 11:42:04 - [MESSAGE][PASSED] - Object: 'Object Repository/Page_/button_Login' is clicked on

2021-01-22 11:42:04 - [MESSAGE][PASSED] - Login IST with valid credentials

2021-01-22 11:42:04 - [TEST_STEP][PASSED] - Login Success: Login Success

2021-01-22 11:42:04 - [MESSAGE][INFO] - Login Success

2021-01-22 11:42:04 - [MESSAGE][PASSED] - Current window maximized

2021-01-22 11:42:05 - [MESSAGE][PASSED] - Object 'Object Repository/Page_/h1_Welcome to IT Supporting Tools' is present

2021-01-22 11:42:05 - [MESSAGE][PASSED] - Login Success

2021-01-22 11:42:05 - [TEST_STEP][PASSED] - Select Arrow Menu "Real Time Disbursement": Select Arrow Menu "Real Time Disbursement"

2021-01-22 11:42:05 - [MESSAGE][PASSED] - Object: '' is clicked on

2021-01-22 11:42:05 - [MESSAGE][PASSED] - Select Arrow Menu "Real Time Disbursement"

2021-01-22 11:42:05 - [TEST_STEP][PASSED] - Select Menu "Disbursement Dashboard": Select Menu "Disbursement Dashboard"

2021-01-22 11:42:05 - [MESSAGE][PASSED] - Taking screenshot successfully
[[ATTACHMENT|/Users/chaidir.pratama01/Documents/Docs/Katalon Studio/Screenshot/test-Disbursement Dashboard.png]]

2021-01-22 11:42:05 - [MESSAGE][PASSED] - Object '' is present

2021-01-22 11:42:05 - [MESSAGE][PASSED] - Object: '' is clicked on

2021-01-22 11:42:05 - [MESSAGE][PASSED] - Wait for page load successfully

2021-01-22 11:42:05 - [MESSAGE][PASSED] - Select Menu "Disbursement Dashboard"

2021-01-22 11:42:05 - [TEST_STEP][PASSED] - Select STATUS "Failed due to system error": Select STATUS "Failed due to system error"

2021-01-22 11:42:06 - [MESSAGE][PASSED] - All options with value 'Failed due to system error' are selected in object ''  using regular expression

2021-01-22 11:42:06 - [MESSAGE][PASSED] - Select STATUS "Failed due to system error"

2021-01-22 11:42:06 - [TEST_STEP][PASSED] - Click button "Search": Click button "Search"

2021-01-22 11:42:06 - [MESSAGE][INFO] - >>>>>//Button[contains(text(),'Search')]

2021-01-22 11:42:09 - [MESSAGE][PASSED] - Object '' is present

2021-01-22 11:42:09 - [MESSAGE][PASSED] - Object: '' is clicked on

2021-01-22 11:42:09 - [MESSAGE][PASSED] - Switched to window with index: '0'

2021-01-22 11:42:09 - [MESSAGE][PASSED] - Click button "Search"

2021-01-22 11:42:09 - [TEST_STEP][PASSED] - Verify Search Result Presents: Verify Search Result Presents

2021-01-22 11:42:09 - [MESSAGE][PASSED] - Object '' is present

2021-01-22 11:42:12 - [MESSAGE][PASSED] - Verify Search Result Presents

2021-01-22 11:42:12 - [TEST_STEP][PASSED] - Click button "Logout": Click button "Logout"

2021-01-22 11:42:12 - [MESSAGE][INFO] - >>>>>//Button[contains(text(),'Logout')]

2021-01-22 11:42:15 - [MESSAGE][PASSED] - Object '' is present

2021-01-22 11:42:15 - [MESSAGE][PASSED] - Object: '' is clicked on

2021-01-22 11:42:15 - [MESSAGE][PASSED] - Switched to window with index: '0'

2021-01-22 11:42:15 - [MESSAGE][PASSED] - Click button "Logout"

2021-01-22 11:42:15 - [TEST_STEP][PASSED] - Close browser: Close browser

2021-01-22 11:42:15 - [MESSAGE][PASSED] - Browser is closed

2021-01-22 11:42:15 - [MESSAGE][PASSED] - Close browser

2021-01-22 11:42:15 - [TEST_CASE][PASSED] - Start Test Case : SCENARIO Search by STATUS Failed due to insufficient fund: SCENARIO Search by STATUS Failed due to insufficient fund

2021-01-22 11:42:15 - [TEST_STEP][PASSED] - Go to ISTools: Go to ISTools

2021-01-22 11:42:15 - [MESSAGE][INFO] - Starting 'Chrome (headless)' driver

2021-01-22 11:42:15 - [MESSAGE][INFO] - User set preference: ['args', '[--start-maximized, --disable-gpu, --no-proxy-server, –-no-sandbox, --allow-running-insecure-content, --ignore-certificate-errors, window-size=1680,814, force-device-scale-factor=2, --lang=en-GB]']

2021-01-22 11:42:15 - [MESSAGE][INFO] - User set preference: ['prefs', '{download.default_directory=/Users/chaidir.pratama01/Katalon Studio/IST_Automation_Git/Download}']

2021-01-22 11:42:15 - [MESSAGE][INFO] - Action delay is set to 0 milliseconds

2021-01-22 11:42:16 - [MESSAGE][PASSED] - Browser is opened with url: ''

2021-01-22 11:42:16 - [MESSAGE][PASSED] - Navigate to 'https://dev-istools.homecredit.id/foundation/' successfully

2021-01-22 11:42:16 - [MESSAGE][PASSED] - Go to ISTools

2021-01-22 11:42:16 - [TEST_STEP][PASSED] - Login IST with valid credentials: Login IST with valid credentials

2021-01-22 11:42:17 - [MESSAGE][PASSED] - Text 'mobile.test' is set on object 'Object Repository/Page_/input_Username_j_username'

2021-01-22 11:42:17 - [MESSAGE][PASSED] - Text ****** has been set on object 'Object Repository/Page_/input_Password_j_password'

2021-01-22 11:42:17 - [MESSAGE][PASSED] - Object: 'Object Repository/Page_/button_Login' is clicked on

2021-01-22 11:42:17 - [MESSAGE][PASSED] - Login IST with valid credentials

2021-01-22 11:42:17 - [TEST_STEP][PASSED] - Login Success: Login Success

2021-01-22 11:42:17 - [MESSAGE][INFO] - Login Success

2021-01-22 11:42:17 - [MESSAGE][PASSED] - Current window maximized

2021-01-22 11:42:17 - [MESSAGE][PASSED] - Object 'Object Repository/Page_/h1_Welcome to IT Supporting Tools' is present

2021-01-22 11:42:17 - [MESSAGE][PASSED] - Login Success

2021-01-22 11:42:17 - [TEST_STEP][PASSED] - Select Arrow Menu "Real Time Disbursement": Select Arrow Menu "Real Time Disbursement"

2021-01-22 11:42:17 - [MESSAGE][PASSED] - Object: '' is clicked on

2021-01-22 11:42:17 - [MESSAGE][PASSED] - Select Arrow Menu "Real Time Disbursement"

2021-01-22 11:42:17 - [TEST_STEP][PASSED] - Select Menu "Disbursement Dashboard": Select Menu "Disbursement Dashboard"

2021-01-22 11:42:18 - [MESSAGE][PASSED] - Taking screenshot successfully
[[ATTACHMENT|/Users/chaidir.pratama01/Documents/Docs/Katalon Studio/Screenshot/test-Disbursement Dashboard.png]]

2021-01-22 11:42:18 - [MESSAGE][PASSED] - Object '' is present

2021-01-22 11:42:18 - [MESSAGE][PASSED] - Object: '' is clicked on

2021-01-22 11:42:18 - [MESSAGE][PASSED] - Wait for page load successfully

2021-01-22 11:42:18 - [MESSAGE][PASSED] - Select Menu "Disbursement Dashboard"

2021-01-22 11:42:18 - [TEST_STEP][PASSED] - Select STATUS "Failed due to insufficient fund": Select STATUS "Failed due to insufficient fund"

2021-01-22 11:42:18 - [MESSAGE][PASSED] - All options with value 'Failed due to insufficient fund' are selected in object ''  using regular expression

2021-01-22 11:42:18 - [MESSAGE][PASSED] - Select STATUS "Failed due to insufficient fund"

2021-01-22 11:42:18 - [TEST_STEP][PASSED] - Click button "Search": Click button "Search"

2021-01-22 11:42:18 - [MESSAGE][INFO] - >>>>>//Button[contains(text(),'Search')]

2021-01-22 11:42:21 - [MESSAGE][PASSED] - Object '' is present

2021-01-22 11:42:21 - [MESSAGE][PASSED] - Object: '' is clicked on

2021-01-22 11:42:21 - [MESSAGE][PASSED] - Switched to window with index: '0'

2021-01-22 11:42:21 - [MESSAGE][PASSED] - Click button "Search"

2021-01-22 11:42:21 - [TEST_STEP][PASSED] - Verify Search Result Presents: Verify Search Result Presents

2021-01-22 11:42:25 - [MESSAGE][INFO] - Unable to find the element located by 'By.xpath: //td[@style='display:none' and contains(text(),'-Empty-')]'. Please recheck the objects properties to make sure the desired element is located. 

2021-01-22 11:42:26 - [MESSAGE][WARNING] - com.kms.katalon.core.webui.exception.WebElementNotFoundException: Web element with id: '' located by '//td[@style='display:none' and contains(text(),'-Empty-')]' not found (Root cause: com.kms.katalon.core.exception.StepFailedException: com.kms.katalon.core.webui.exception.WebElementNotFoundException: Web element with id: '' located by '//td[@style='display:none' and contains(text(),'-Empty-')]' not found
	at com.kms.katalon.core.webui.keyword.internal.WebUIKeywordMain.stepFailed(WebUIKeywordMain.groovy:64)
	at com.kms.katalon.core.webui.keyword.builtin.VerifyElementPresentKeyword$_verifyElementPresent_closure1.doCall(VerifyElementPresentKeyword.groovy:85)
	at com.kms.katalon.core.webui.keyword.builtin.VerifyElementPresentKeyword$_verifyElementPresent_closure1.call(VerifyElementPresentKeyword.groovy)
	at com.kms.katalon.core.webui.keyword.internal.WebUIKeywordMain.runKeyword(WebUIKeywordMain.groovy:20)
	at com.kms.katalon.core.webui.keyword.builtin.VerifyElementPresentKeyword.verifyElementPresent(VerifyElementPresentKeyword.groovy:92)
	at com.kms.katalon.core.webui.keyword.builtin.VerifyElementPresentKeyword.execute(VerifyElementPresentKeyword.groovy:68)
	at com.kms.katalon.core.keyword.internal.KeywordExecutor.executeKeywordForPlatform(KeywordExecutor.groovy:73)
	at com.kms.katalon.core.webui.keyword.WebUiBuiltInKeywords.verifyElementPresent(WebUiBuiltInKeywords.groovy:1444)
	at com.kms.katalon.core.webui.keyword.WebUiBuiltInKeywords$verifyElementPresent$11.call(Unknown Source)
	at ist_real.Contract_Dispatcher.VerifyTblFilled(Contract_Dispatcher.groovy:1313)
	at ist_real.Contract_Dispatcher$VerifyTblFilled$0.call(Unknown Source)
	at RTD.Search_Result_Presents(RTD.groovy:191)
	at cucumber.runtime.Utils$1.call(Utils.java:26)
	at cucumber.runtime.Timeout.timeout(Timeout.java:16)
	at cucumber.runtime.Utils.invoke(Utils.java:20)
	at cucumber.runtime.java.JavaStepDefinition.execute(JavaStepDefinition.java:48)
	at cucumber.runtime.PickleStepDefinitionMatch.runStep(PickleStepDefinitionMatch.java:50)
	at cucumber.runner.TestStep.executeStep(TestStep.java:55)
	at cucumber.runner.TestStep.run(TestStep.java:42)
	at cucumber.runner.PickleStepTestStep.run(PickleStepTestStep.java:53)
	at cucumber.runner.TestCase.run(TestCase.java:47)
	at cucumber.runner.Runner.runPickle(Runner.java:44)
	at cucumber.runtime.Runtime.runFeature(Runtime.java:120)
	at cucumber.runtime.Runtime.run(Runtime.java:106)
	at cucumber.api.cli.Main.run(Main.java:35)
	at cucumber.api.cli.Main$run.call(Unknown Source)
	at com.kms.katalon.core.cucumber.keyword.CucumberBuiltinKeywords$_runFeatureFile_closure1.doCall(CucumberBuiltinKeywords.groovy:76)
	at com.kms.katalon.core.cucumber.keyword.CucumberBuiltinKeywords$_runFeatureFile_closure1.doCall(CucumberBuiltinKeywords.groovy)
	at com.kms.katalon.core.keyword.internal.KeywordMain.runKeyword(KeywordMain.groovy:68)
	at com.kms.katalon.core.keyword.internal.KeywordMain$runKeyword.call(Unknown Source)
	at com.kms.katalon.core.cucumber.keyword.CucumberBuiltinKeywords.runFeatureFile(CucumberBuiltinKeywords.groovy:46)
	at com.kms.katalon.core.cucumber.keyword.CucumberBuiltinKeywords$runFeatureFile$0.callStatic(Unknown Source)
	at com.kms.katalon.core.cucumber.keyword.CucumberBuiltinKeywords.runFeatureFile(CucumberBuiltinKeywords.groovy:169)
	at com.kms.katalon.core.cucumber.keyword.CucumberBuiltinKeywords$runFeatureFile.call(Unknown Source)
	at TC_Search_by_STATUS_Disbursement_Dashboard.run(TC_Search_by_STATUS_Disbursement_Dashboard:18)
	at com.kms.katalon.core.main.ScriptEngine.run(ScriptEngine.java:194)
	at com.kms.katalon.core.main.ScriptEngine.runScriptAsRawText(ScriptEngine.java:119)
	at com.kms.katalon.core.main.TestCaseExecutor.runScript(TestCaseExecutor.java:339)
	at com.kms.katalon.core.main.TestCaseExecutor.doExecute(TestCaseExecutor.java:330)
	at com.kms.katalon.core.main.TestCaseExecutor.processExecutionPhase(TestCaseExecutor.java:309)
	at com.kms.katalon.core.main.TestCaseExecutor.accessMainPhase(TestCaseExecutor.java:301)
	at com.kms.katalon.core.main.TestCaseExecutor.execute(TestCaseExecutor.java:235)
	at com.kms.katalon.core.main.TestSuiteExecutor.accessTestCaseMainPhase(TestSuiteExecutor.java:191)
	at com.kms.katalon.core.main.TestSuiteExecutor.accessTestSuiteMainPhase(TestSuiteExecutor.java:141)
	at com.kms.katalon.core.main.TestSuiteExecutor.execute(TestSuiteExecutor.java:90)
	at com.kms.katalon.core.main.TestCaseMain.startTestSuite(TestCaseMain.java:157)
	at com.kms.katalon.core.main.TestCaseMain$startTestSuite$0.call(Unknown Source)
	at TempTestSuite1611290380097.run(TempTestSuite1611290380097.groovy:39)
)
[[ATTACHMENT|/Users/chaidir.pratama01/Katalon Studio/IST_Automation_Git/Reports/20210122_113940/RTD/TS_Disbursement_Dashboard/20210122_113940/1611290545845.png]]

2021-01-22 11:42:26 - [MESSAGE][PASSED] - Verify Search Result Presents

2021-01-22 11:42:26 - [TEST_STEP][PASSED] - Click button "Logout": Click button "Logout"

2021-01-22 11:42:26 - [MESSAGE][INFO] - >>>>>//Button[contains(text(),'Logout')]

2021-01-22 11:42:29 - [MESSAGE][PASSED] - Object '' is present

2021-01-22 11:42:29 - [MESSAGE][PASSED] - Object: '' is clicked on

2021-01-22 11:42:29 - [MESSAGE][PASSED] - Switched to window with index: '0'

2021-01-22 11:42:29 - [MESSAGE][PASSED] - Click button "Logout"

2021-01-22 11:42:29 - [TEST_STEP][PASSED] - Close browser: Close browser

2021-01-22 11:42:29 - [MESSAGE][PASSED] - Browser is closed

2021-01-22 11:42:29 - [MESSAGE][PASSED] - Close browser

2021-01-22 11:42:29 - [TEST_CASE][PASSED] - Start Test Case : SCENARIO Search by STATUS Manual Disbursement: SCENARIO Search by STATUS Manual Disbursement

2021-01-22 11:42:29 - [TEST_STEP][PASSED] - Go to ISTools: Go to ISTools

2021-01-22 11:42:29 - [MESSAGE][INFO] - Starting 'Chrome (headless)' driver

2021-01-22 11:42:29 - [MESSAGE][INFO] - User set preference: ['args', '[--start-maximized, --disable-gpu, --no-proxy-server, –-no-sandbox, --allow-running-insecure-content, --ignore-certificate-errors, window-size=1680,814, force-device-scale-factor=2, --lang=en-GB]']

2021-01-22 11:42:29 - [MESSAGE][INFO] - User set preference: ['prefs', '{download.default_directory=/Users/chaidir.pratama01/Katalon Studio/IST_Automation_Git/Download}']

2021-01-22 11:42:29 - [MESSAGE][INFO] - Action delay is set to 0 milliseconds

2021-01-22 11:42:30 - [MESSAGE][PASSED] - Browser is opened with url: ''

2021-01-22 11:42:31 - [MESSAGE][PASSED] - Navigate to 'https://dev-istools.homecredit.id/foundation/' successfully

2021-01-22 11:42:31 - [MESSAGE][PASSED] - Go to ISTools

2021-01-22 11:42:31 - [TEST_STEP][PASSED] - Login IST with valid credentials: Login IST with valid credentials

2021-01-22 11:42:31 - [MESSAGE][PASSED] - Text 'mobile.test' is set on object 'Object Repository/Page_/input_Username_j_username'

2021-01-22 11:42:31 - [MESSAGE][PASSED] - Text ****** has been set on object 'Object Repository/Page_/input_Password_j_password'

2021-01-22 11:42:31 - [MESSAGE][PASSED] - Object: 'Object Repository/Page_/button_Login' is clicked on

2021-01-22 11:42:31 - [MESSAGE][PASSED] - Login IST with valid credentials

2021-01-22 11:42:31 - [TEST_STEP][PASSED] - Login Success: Login Success

2021-01-22 11:42:31 - [MESSAGE][INFO] - Login Success

2021-01-22 11:42:31 - [MESSAGE][PASSED] - Current window maximized

2021-01-22 11:42:31 - [MESSAGE][PASSED] - Object 'Object Repository/Page_/h1_Welcome to IT Supporting Tools' is present

2021-01-22 11:42:31 - [MESSAGE][PASSED] - Login Success

2021-01-22 11:42:31 - [TEST_STEP][PASSED] - Select Arrow Menu "Real Time Disbursement": Select Arrow Menu "Real Time Disbursement"

2021-01-22 11:42:31 - [MESSAGE][PASSED] - Object: '' is clicked on

2021-01-22 11:42:31 - [MESSAGE][PASSED] - Select Arrow Menu "Real Time Disbursement"

2021-01-22 11:42:31 - [TEST_STEP][PASSED] - Select Menu "Disbursement Dashboard": Select Menu "Disbursement Dashboard"

2021-01-22 11:42:32 - [MESSAGE][PASSED] - Taking screenshot successfully
[[ATTACHMENT|/Users/chaidir.pratama01/Documents/Docs/Katalon Studio/Screenshot/test-Disbursement Dashboard.png]]

2021-01-22 11:42:32 - [MESSAGE][PASSED] - Object '' is present

2021-01-22 11:42:32 - [MESSAGE][PASSED] - Object: '' is clicked on

2021-01-22 11:42:32 - [MESSAGE][PASSED] - Wait for page load successfully

2021-01-22 11:42:32 - [MESSAGE][PASSED] - Select Menu "Disbursement Dashboard"

2021-01-22 11:42:32 - [TEST_STEP][PASSED] - Select STATUS "Manual Disbursement": Select STATUS "Manual Disbursement"

2021-01-22 11:42:32 - [MESSAGE][PASSED] - All options with value 'Manual Disbursement' are selected in object ''  using regular expression

2021-01-22 11:42:32 - [MESSAGE][PASSED] - Select STATUS "Manual Disbursement"

2021-01-22 11:42:32 - [TEST_STEP][PASSED] - Click button "Search": Click button "Search"

2021-01-22 11:42:32 - [MESSAGE][INFO] - >>>>>//Button[contains(text(),'Search')]

2021-01-22 11:42:35 - [MESSAGE][PASSED] - Object '' is present

2021-01-22 11:42:35 - [MESSAGE][PASSED] - Object: '' is clicked on

2021-01-22 11:42:35 - [MESSAGE][PASSED] - Switched to window with index: '0'

2021-01-22 11:42:35 - [MESSAGE][PASSED] - Click button "Search"

2021-01-22 11:42:35 - [TEST_STEP][PASSED] - Verify Search Result Presents: Verify Search Result Presents

2021-01-22 11:42:36 - [MESSAGE][PASSED] - Object '' is present

2021-01-22 11:42:42 - [MESSAGE][PASSED] - Verify Search Result Presents

2021-01-22 11:42:42 - [TEST_STEP][PASSED] - Click button "Logout": Click button "Logout"

2021-01-22 11:42:42 - [MESSAGE][INFO] - >>>>>//Button[contains(text(),'Logout')]

2021-01-22 11:42:45 - [MESSAGE][PASSED] - Object '' is present

2021-01-22 11:42:45 - [MESSAGE][PASSED] - Object: '' is clicked on

2021-01-22 11:42:45 - [MESSAGE][PASSED] - Switched to window with index: '0'

2021-01-22 11:42:45 - [MESSAGE][PASSED] - Click button "Logout"

2021-01-22 11:42:45 - [TEST_STEP][PASSED] - Close browser: Close browser

2021-01-22 11:42:45 - [MESSAGE][PASSED] - Browser is closed

2021-01-22 11:42:45 - [MESSAGE][PASSED] - Close browser

2021-01-22 11:42:45 - [TEST_CASE][PASSED] - Start Test Case : SCENARIO Search by STATUS DONE: SCENARIO Search by STATUS DONE

2021-01-22 11:42:45 - [TEST_STEP][PASSED] - Go to ISTools: Go to ISTools

2021-01-22 11:42:45 - [MESSAGE][INFO] - Starting 'Chrome (headless)' driver

2021-01-22 11:42:45 - [MESSAGE][INFO] - User set preference: ['args', '[--start-maximized, --disable-gpu, --no-proxy-server, –-no-sandbox, --allow-running-insecure-content, --ignore-certificate-errors, window-size=1680,814, force-device-scale-factor=2, --lang=en-GB]']

2021-01-22 11:42:45 - [MESSAGE][INFO] - User set preference: ['prefs', '{download.default_directory=/Users/chaidir.pratama01/Katalon Studio/IST_Automation_Git/Download}']

2021-01-22 11:42:45 - [MESSAGE][INFO] - Action delay is set to 0 milliseconds

2021-01-22 11:42:46 - [MESSAGE][PASSED] - Browser is opened with url: ''

2021-01-22 11:42:46 - [MESSAGE][PASSED] - Navigate to 'https://dev-istools.homecredit.id/foundation/' successfully

2021-01-22 11:42:46 - [MESSAGE][PASSED] - Go to ISTools

2021-01-22 11:42:46 - [TEST_STEP][PASSED] - Login IST with valid credentials: Login IST with valid credentials

2021-01-22 11:42:47 - [MESSAGE][PASSED] - Text 'mobile.test' is set on object 'Object Repository/Page_/input_Username_j_username'

2021-01-22 11:42:47 - [MESSAGE][PASSED] - Text ****** has been set on object 'Object Repository/Page_/input_Password_j_password'

2021-01-22 11:42:47 - [MESSAGE][PASSED] - Object: 'Object Repository/Page_/button_Login' is clicked on

2021-01-22 11:42:47 - [MESSAGE][PASSED] - Login IST with valid credentials

2021-01-22 11:42:47 - [TEST_STEP][PASSED] - Login Success: Login Success

2021-01-22 11:42:47 - [MESSAGE][INFO] - Login Success

2021-01-22 11:42:47 - [MESSAGE][PASSED] - Current window maximized

2021-01-22 11:42:47 - [MESSAGE][PASSED] - Object 'Object Repository/Page_/h1_Welcome to IT Supporting Tools' is present

2021-01-22 11:42:47 - [MESSAGE][PASSED] - Login Success

2021-01-22 11:42:47 - [TEST_STEP][PASSED] - Select Arrow Menu "Real Time Disbursement": Select Arrow Menu "Real Time Disbursement"

2021-01-22 11:42:47 - [MESSAGE][PASSED] - Object: '' is clicked on

2021-01-22 11:42:47 - [MESSAGE][PASSED] - Select Arrow Menu "Real Time Disbursement"

2021-01-22 11:42:47 - [TEST_STEP][PASSED] - Select Menu "Disbursement Dashboard": Select Menu "Disbursement Dashboard"

2021-01-22 11:42:48 - [MESSAGE][PASSED] - Taking screenshot successfully
[[ATTACHMENT|/Users/chaidir.pratama01/Documents/Docs/Katalon Studio/Screenshot/test-Disbursement Dashboard.png]]

2021-01-22 11:42:48 - [MESSAGE][PASSED] - Object '' is present

2021-01-22 11:42:48 - [MESSAGE][PASSED] - Object: '' is clicked on

2021-01-22 11:42:48 - [MESSAGE][PASSED] - Wait for page load successfully

2021-01-22 11:42:48 - [MESSAGE][PASSED] - Select Menu "Disbursement Dashboard"

2021-01-22 11:42:48 - [TEST_STEP][PASSED] - Select STATUS "DONE": Select STATUS "DONE"

2021-01-22 11:42:48 - [MESSAGE][PASSED] - All options with value 'DONE' are selected in object ''  using regular expression

2021-01-22 11:42:48 - [MESSAGE][PASSED] - Select STATUS "DONE"

2021-01-22 11:42:48 - [TEST_STEP][PASSED] - Click button "Search": Click button "Search"

2021-01-22 11:42:48 - [MESSAGE][INFO] - >>>>>//Button[contains(text(),'Search')]

2021-01-22 11:42:51 - [MESSAGE][PASSED] - Object '' is present

2021-01-22 11:42:51 - [MESSAGE][PASSED] - Object: '' is clicked on

2021-01-22 11:42:51 - [MESSAGE][PASSED] - Switched to window with index: '0'

2021-01-22 11:42:51 - [MESSAGE][PASSED] - Click button "Search"

2021-01-22 11:42:51 - [TEST_STEP][PASSED] - Verify Search Result Presents: Verify Search Result Presents

2021-01-22 11:42:52 - [MESSAGE][PASSED] - Object '' is present

2021-01-22 11:42:58 - [MESSAGE][PASSED] - Verify Search Result Presents

2021-01-22 11:42:58 - [TEST_STEP][PASSED] - Click button "Logout": Click button "Logout"

2021-01-22 11:42:58 - [MESSAGE][INFO] - >>>>>//Button[contains(text(),'Logout')]

2021-01-22 11:43:01 - [MESSAGE][PASSED] - Object '' is present

2021-01-22 11:43:01 - [MESSAGE][PASSED] - Object: '' is clicked on

2021-01-22 11:43:01 - [MESSAGE][PASSED] - Switched to window with index: '0'

2021-01-22 11:43:01 - [MESSAGE][PASSED] - Click button "Logout"

2021-01-22 11:43:01 - [TEST_STEP][PASSED] - Close browser: Close browser

2021-01-22 11:43:01 - [MESSAGE][PASSED] - Browser is closed

2021-01-22 11:43:01 - [MESSAGE][PASSED] - Close browser

2021-01-22 11:43:01 - [TEST_CASE][PASSED] - Start Test Case : SCENARIO Search by STATUS Waiting Partner Confirmation: SCENARIO Search by STATUS Waiting Partner Confirmation

2021-01-22 11:43:01 - [TEST_STEP][PASSED] - Go to ISTools: Go to ISTools

2021-01-22 11:43:01 - [MESSAGE][INFO] - Starting 'Chrome (headless)' driver

2021-01-22 11:43:01 - [MESSAGE][INFO] - User set preference: ['args', '[--start-maximized, --disable-gpu, --no-proxy-server, –-no-sandbox, --allow-running-insecure-content, --ignore-certificate-errors, window-size=1680,814, force-device-scale-factor=2, --lang=en-GB]']

2021-01-22 11:43:01 - [MESSAGE][INFO] - User set preference: ['prefs', '{download.default_directory=/Users/chaidir.pratama01/Katalon Studio/IST_Automation_Git/Download}']

2021-01-22 11:43:01 - [MESSAGE][INFO] - Action delay is set to 0 milliseconds

2021-01-22 11:43:01 - [MESSAGE][PASSED] - Browser is opened with url: ''

2021-01-22 11:43:02 - [MESSAGE][PASSED] - Navigate to 'https://dev-istools.homecredit.id/foundation/' successfully

2021-01-22 11:43:02 - [MESSAGE][PASSED] - Go to ISTools

2021-01-22 11:43:02 - [TEST_STEP][PASSED] - Login IST with valid credentials: Login IST with valid credentials

2021-01-22 11:43:02 - [MESSAGE][PASSED] - Text 'mobile.test' is set on object 'Object Repository/Page_/input_Username_j_username'

2021-01-22 11:43:02 - [MESSAGE][PASSED] - Text ****** has been set on object 'Object Repository/Page_/input_Password_j_password'

2021-01-22 11:43:03 - [MESSAGE][PASSED] - Object: 'Object Repository/Page_/button_Login' is clicked on

2021-01-22 11:43:03 - [MESSAGE][PASSED] - Login IST with valid credentials

2021-01-22 11:43:03 - [TEST_STEP][PASSED] - Login Success: Login Success

2021-01-22 11:43:03 - [MESSAGE][INFO] - Login Success

2021-01-22 11:43:03 - [MESSAGE][PASSED] - Current window maximized

2021-01-22 11:43:03 - [MESSAGE][PASSED] - Object 'Object Repository/Page_/h1_Welcome to IT Supporting Tools' is present

2021-01-22 11:43:03 - [MESSAGE][PASSED] - Login Success

2021-01-22 11:43:03 - [TEST_STEP][PASSED] - Select Arrow Menu "Real Time Disbursement": Select Arrow Menu "Real Time Disbursement"

2021-01-22 11:43:03 - [MESSAGE][PASSED] - Object: '' is clicked on

2021-01-22 11:43:03 - [MESSAGE][PASSED] - Select Arrow Menu "Real Time Disbursement"

2021-01-22 11:43:03 - [TEST_STEP][PASSED] - Select Menu "Disbursement Dashboard": Select Menu "Disbursement Dashboard"

2021-01-22 11:43:03 - [MESSAGE][PASSED] - Taking screenshot successfully
[[ATTACHMENT|/Users/chaidir.pratama01/Documents/Docs/Katalon Studio/Screenshot/test-Disbursement Dashboard.png]]

2021-01-22 11:43:03 - [MESSAGE][PASSED] - Object '' is present

2021-01-22 11:43:03 - [MESSAGE][PASSED] - Object: '' is clicked on

2021-01-22 11:43:03 - [MESSAGE][PASSED] - Wait for page load successfully

2021-01-22 11:43:03 - [MESSAGE][PASSED] - Select Menu "Disbursement Dashboard"

2021-01-22 11:43:03 - [TEST_STEP][PASSED] - Select STATUS "Waiting Partner Confirmation": Select STATUS "Waiting Partner Confirmation"

2021-01-22 11:43:04 - [MESSAGE][PASSED] - All options with value 'Waiting Partner Confirmation' are selected in object ''  using regular expression

2021-01-22 11:43:04 - [MESSAGE][PASSED] - Select STATUS "Waiting Partner Confirmation"

2021-01-22 11:43:04 - [TEST_STEP][PASSED] - Click button "Search": Click button "Search"

2021-01-22 11:43:04 - [MESSAGE][INFO] - >>>>>//Button[contains(text(),'Search')]

2021-01-22 11:43:07 - [MESSAGE][PASSED] - Object '' is present

2021-01-22 11:43:07 - [MESSAGE][PASSED] - Object: '' is clicked on

2021-01-22 11:43:07 - [MESSAGE][PASSED] - Switched to window with index: '0'

2021-01-22 11:43:07 - [MESSAGE][PASSED] - Click button "Search"

2021-01-22 11:43:07 - [TEST_STEP][PASSED] - Verify Search Result Presents: Verify Search Result Presents

2021-01-22 11:43:07 - [MESSAGE][PASSED] - Object '' is present

2021-01-22 11:43:11 - [MESSAGE][PASSED] - Verify Search Result Presents

2021-01-22 11:43:11 - [TEST_STEP][PASSED] - Click button "Logout": Click button "Logout"

2021-01-22 11:43:11 - [MESSAGE][INFO] - >>>>>//Button[contains(text(),'Logout')]

2021-01-22 11:43:14 - [MESSAGE][PASSED] - Object '' is present

2021-01-22 11:43:14 - [MESSAGE][PASSED] - Object: '' is clicked on

2021-01-22 11:43:14 - [MESSAGE][PASSED] - Switched to window with index: '0'

2021-01-22 11:43:14 - [MESSAGE][PASSED] - Click button "Logout"

2021-01-22 11:43:14 - [TEST_STEP][PASSED] - Close browser: Close browser

2021-01-22 11:43:14 - [MESSAGE][PASSED] - Browser is closed

2021-01-22 11:43:14 - [MESSAGE][PASSED] - Close browser

2021-01-22 11:43:14 - [TEST_CASE][PASSED] - Start Test Case : SCENARIO Search by STATUS Success to Disburse: SCENARIO Search by STATUS Success to Disburse

2021-01-22 11:43:14 - [TEST_STEP][PASSED] - Go to ISTools: Go to ISTools

2021-01-22 11:43:14 - [MESSAGE][INFO] - Starting 'Chrome (headless)' driver

2021-01-22 11:43:14 - [MESSAGE][INFO] - User set preference: ['args', '[--start-maximized, --disable-gpu, --no-proxy-server, –-no-sandbox, --allow-running-insecure-content, --ignore-certificate-errors, window-size=1680,814, force-device-scale-factor=2, --lang=en-GB]']

2021-01-22 11:43:14 - [MESSAGE][INFO] - User set preference: ['prefs', '{download.default_directory=/Users/chaidir.pratama01/Katalon Studio/IST_Automation_Git/Download}']

2021-01-22 11:43:14 - [MESSAGE][INFO] - Action delay is set to 0 milliseconds

2021-01-22 11:43:15 - [MESSAGE][PASSED] - Browser is opened with url: ''

2021-01-22 11:43:16 - [MESSAGE][PASSED] - Navigate to 'https://dev-istools.homecredit.id/foundation/' successfully

2021-01-22 11:43:16 - [MESSAGE][PASSED] - Go to ISTools

2021-01-22 11:43:16 - [TEST_STEP][PASSED] - Login IST with valid credentials: Login IST with valid credentials

2021-01-22 11:43:16 - [MESSAGE][PASSED] - Text 'mobile.test' is set on object 'Object Repository/Page_/input_Username_j_username'

2021-01-22 11:43:16 - [MESSAGE][PASSED] - Text ****** has been set on object 'Object Repository/Page_/input_Password_j_password'

2021-01-22 11:43:16 - [MESSAGE][PASSED] - Object: 'Object Repository/Page_/button_Login' is clicked on

2021-01-22 11:43:16 - [MESSAGE][PASSED] - Login IST with valid credentials

2021-01-22 11:43:16 - [TEST_STEP][PASSED] - Login Success: Login Success

2021-01-22 11:43:16 - [MESSAGE][INFO] - Login Success

2021-01-22 11:43:16 - [MESSAGE][PASSED] - Current window maximized

2021-01-22 11:43:16 - [MESSAGE][PASSED] - Object 'Object Repository/Page_/h1_Welcome to IT Supporting Tools' is present

2021-01-22 11:43:16 - [MESSAGE][PASSED] - Login Success

2021-01-22 11:43:16 - [TEST_STEP][PASSED] - Select Arrow Menu "Real Time Disbursement": Select Arrow Menu "Real Time Disbursement"

2021-01-22 11:43:16 - [MESSAGE][PASSED] - Object: '' is clicked on

2021-01-22 11:43:16 - [MESSAGE][PASSED] - Select Arrow Menu "Real Time Disbursement"

2021-01-22 11:43:16 - [TEST_STEP][PASSED] - Select Menu "Disbursement Dashboard": Select Menu "Disbursement Dashboard"

2021-01-22 11:43:17 - [MESSAGE][PASSED] - Taking screenshot successfully
[[ATTACHMENT|/Users/chaidir.pratama01/Documents/Docs/Katalon Studio/Screenshot/test-Disbursement Dashboard.png]]

2021-01-22 11:43:17 - [MESSAGE][PASSED] - Object '' is present

2021-01-22 11:43:17 - [MESSAGE][PASSED] - Object: '' is clicked on

2021-01-22 11:43:17 - [MESSAGE][PASSED] - Wait for page load successfully

2021-01-22 11:43:17 - [MESSAGE][PASSED] - Select Menu "Disbursement Dashboard"

2021-01-22 11:43:17 - [TEST_STEP][PASSED] - Select STATUS "Success to Disburse": Select STATUS "Success to Disburse"

2021-01-22 11:43:17 - [MESSAGE][PASSED] - All options with value 'Success to Disburse' are selected in object ''  using regular expression

2021-01-22 11:43:17 - [MESSAGE][PASSED] - Select STATUS "Success to Disburse"

2021-01-22 11:43:17 - [TEST_STEP][PASSED] - Click button "Search": Click button "Search"

2021-01-22 11:43:17 - [MESSAGE][INFO] - >>>>>//Button[contains(text(),'Search')]

2021-01-22 11:43:20 - [MESSAGE][PASSED] - Object '' is present

2021-01-22 11:43:20 - [MESSAGE][PASSED] - Object: '' is clicked on

2021-01-22 11:43:20 - [MESSAGE][PASSED] - Switched to window with index: '0'

2021-01-22 11:43:20 - [MESSAGE][PASSED] - Click button "Search"

2021-01-22 11:43:20 - [TEST_STEP][PASSED] - Verify Search Result Presents: Verify Search Result Presents

2021-01-22 11:43:21 - [MESSAGE][PASSED] - Object '' is present

2021-01-22 11:43:21 - [MESSAGE][PASSED] - Verify Search Result Presents

2021-01-22 11:43:21 - [TEST_STEP][PASSED] - Click button "Logout": Click button "Logout"

2021-01-22 11:43:21 - [MESSAGE][INFO] - >>>>>//Button[contains(text(),'Logout')]

2021-01-22 11:43:24 - [MESSAGE][PASSED] - Object '' is present

2021-01-22 11:43:24 - [MESSAGE][PASSED] - Object: '' is clicked on

2021-01-22 11:43:24 - [MESSAGE][PASSED] - Switched to window with index: '0'

2021-01-22 11:43:24 - [MESSAGE][PASSED] - Click button "Logout"

2021-01-22 11:43:24 - [TEST_STEP][PASSED] - Close browser: Close browser

2021-01-22 11:43:24 - [MESSAGE][PASSED] - Browser is closed

2021-01-22 11:43:24 - [MESSAGE][PASSED] - Close browser

2021-01-22 11:43:24 - [MESSAGE][PASSED] - Feature file: 'Include/features/IST_Real/RTD/Disbursement_Dashboard/Search_by_STATUS_Disbursement_Dashboard.feature' was passed]]></system-out>
         <system-err><![CDATA[]]></system-err>
      </testcase>
      <testcase name="Test Cases/RTD/Disbursement Dashboard/TC_Export_Data_Disbursement_Dashboard" time="9.623" classname="Test Cases/RTD/Disbursement Dashboard/TC_Export_Data_Disbursement_Dashboard" status="PASSED">
         <system-out><![CDATA[2021-01-22 11:43:24 - [TEST_CASE][PASSED] - Test Cases/RTD/Disbursement Dashboard/TC_Export_Data_Disbursement_Dashboard: Test Cases/RTD/Disbursement Dashboard/TC_Export_Data_Disbursement_Dashboard

2021-01-22 11:43:24 - [TEST_STEP][PASSED] - runFeatureFile("Include/features/IST_Real/RTD/Disbursement_Dashboard/Export_Data_Disbursement_Dashboard.feature"): Feature file: 'Include/features/IST_Real/RTD/Disbursement_Dashboard/Export_Data_Disbursement_Dashboard.feature' was passed

2021-01-22 11:43:24 - [MESSAGE][INFO] - Starting run keyword runFeatureFile: 'Include/features/IST_Real/RTD/Disbursement_Dashboard/Export_Data_Disbursement_Dashboard.feature' and extract report to folder: '/Users/chaidir.pratama01/Katalon Studio/IST_Automation_Git/Reports/20210122_113940/RTD/TS_Disbursement_Dashboard/20210122_113940/cucumber_report/1611290604983'...

2021-01-22 11:43:25 - [TEST_CASE][PASSED] - Start Test Case : SCENARIO Export Data: SCENARIO Export Data

2021-01-22 11:43:25 - [TEST_STEP][PASSED] - Go to ISTools: Go to ISTools

2021-01-22 11:43:25 - [MESSAGE][INFO] - Starting 'Chrome (headless)' driver

2021-01-22 11:43:25 - [MESSAGE][INFO] - User set preference: ['args', '[--start-maximized, --disable-gpu, --no-proxy-server, –-no-sandbox, --allow-running-insecure-content, --ignore-certificate-errors, window-size=1680,814, force-device-scale-factor=2, --lang=en-GB]']

2021-01-22 11:43:25 - [MESSAGE][INFO] - User set preference: ['prefs', '{download.default_directory=/Users/chaidir.pratama01/Katalon Studio/IST_Automation_Git/Download}']

2021-01-22 11:43:25 - [MESSAGE][INFO] - Action delay is set to 0 milliseconds

2021-01-22 11:43:25 - [MESSAGE][PASSED] - Browser is opened with url: ''

2021-01-22 11:43:26 - [MESSAGE][PASSED] - Navigate to 'https://dev-istools.homecredit.id/foundation/' successfully

2021-01-22 11:43:26 - [MESSAGE][PASSED] - Go to ISTools

2021-01-22 11:43:26 - [TEST_STEP][PASSED] - Login IST with valid credentials: Login IST with valid credentials

2021-01-22 11:43:26 - [MESSAGE][PASSED] - Text 'mobile.test' is set on object 'Object Repository/Page_/input_Username_j_username'

2021-01-22 11:43:26 - [MESSAGE][PASSED] - Text ****** has been set on object 'Object Repository/Page_/input_Password_j_password'

2021-01-22 11:43:26 - [MESSAGE][PASSED] - Object: 'Object Repository/Page_/button_Login' is clicked on

2021-01-22 11:43:26 - [MESSAGE][PASSED] - Login IST with valid credentials

2021-01-22 11:43:26 - [TEST_STEP][PASSED] - Login Success: Login Success

2021-01-22 11:43:26 - [MESSAGE][INFO] - Login Success

2021-01-22 11:43:26 - [MESSAGE][PASSED] - Current window maximized

2021-01-22 11:43:26 - [MESSAGE][PASSED] - Object 'Object Repository/Page_/h1_Welcome to IT Supporting Tools' is present

2021-01-22 11:43:26 - [MESSAGE][PASSED] - Login Success

2021-01-22 11:43:26 - [TEST_STEP][PASSED] - Select Arrow Menu "Real Time Disbursement": Select Arrow Menu "Real Time Disbursement"

2021-01-22 11:43:26 - [MESSAGE][PASSED] - Object: '' is clicked on

2021-01-22 11:43:26 - [MESSAGE][PASSED] - Select Arrow Menu "Real Time Disbursement"

2021-01-22 11:43:26 - [TEST_STEP][PASSED] - Select Menu "Disbursement Dashboard": Select Menu "Disbursement Dashboard"

2021-01-22 11:43:27 - [MESSAGE][PASSED] - Taking screenshot successfully
[[ATTACHMENT|/Users/chaidir.pratama01/Documents/Docs/Katalon Studio/Screenshot/test-Disbursement Dashboard.png]]

2021-01-22 11:43:27 - [MESSAGE][PASSED] - Object '' is present

2021-01-22 11:43:27 - [MESSAGE][PASSED] - Object: '' is clicked on

2021-01-22 11:43:27 - [MESSAGE][PASSED] - Wait for page load successfully

2021-01-22 11:43:27 - [MESSAGE][PASSED] - Select Menu "Disbursement Dashboard"

2021-01-22 11:43:27 - [TEST_STEP][PASSED] - Input Contract RTD in Contract Number label: Input Contract RTD in Contract Number label

2021-01-22 11:43:27 - [MESSAGE][PASSED] - Text '4000014162' is set on object ''

2021-01-22 11:43:27 - [MESSAGE][PASSED] - Input Contract RTD in Contract Number label

2021-01-22 11:43:27 - [TEST_STEP][PASSED] - Click button "Search": Click button "Search"

2021-01-22 11:43:27 - [MESSAGE][INFO] - >>>>>//Button[contains(text(),'Search')]

2021-01-22 11:43:30 - [MESSAGE][PASSED] - Object '' is present

2021-01-22 11:43:30 - [MESSAGE][PASSED] - Object: '' is clicked on

2021-01-22 11:43:30 - [MESSAGE][PASSED] - Switched to window with index: '0'

2021-01-22 11:43:30 - [MESSAGE][PASSED] - Click button "Search"

2021-01-22 11:43:30 - [TEST_STEP][PASSED] - Verify Table Filled: Verify Table Filled

2021-01-22 11:43:30 - [MESSAGE][PASSED] - Object '' is present

2021-01-22 11:43:30 - [MESSAGE][PASSED] - Verify Table Filled

2021-01-22 11:43:30 - [TEST_STEP][PASSED] - Click button "Export Data": Click button "Export Data"

2021-01-22 11:43:30 - [MESSAGE][INFO] - >>>>>//Button[contains(text(),'Export Data')]

2021-01-22 11:43:34 - [MESSAGE][PASSED] - Object: '' is clicked on

2021-01-22 11:43:34 - [MESSAGE][PASSED] - Taking screenshot successfully
[[ATTACHMENT|/Users/chaidir.pratama01/Documents/Docs/Katalon Studio/Screenshot/Download_data.png]]

2021-01-22 11:43:34 - [MESSAGE][PASSED] - Click button "Export Data"

2021-01-22 11:43:34 - [MESSAGE][PASSED] - Feature file: 'Include/features/IST_Real/RTD/Disbursement_Dashboard/Export_Data_Disbursement_Dashboard.feature' was passed]]></system-out>
         <system-err><![CDATA[]]></system-err>
      </testcase>
      <system-out><![CDATA[2021-01-22 11:39:54 - [TEST_SUITE][PASSED] - TS_Disbursement_Dashboard: Test Cases/RTD/Disbursement Dashboard/TC_Export_Data_Disbursement_Dashboard]]></system-out>
      <system-err><![CDATA[]]></system-err>
   </testsuite>
</testsuites>
