<?xml version="1.0" encoding="UTF-8"?>
<testsuites name="TS_SLIK_Gateway_Customer" time="343.295" tests="11" failures="5" errors="0">
   <testsuite name="TS_SLIK_Gateway_Customer" tests="11" failures="5" errors="0" time="343.295" timestamp="2020-10-15 16:32:13" hostname="chaidir.pratama01 - localhost" id="Test Suites/SLIK/TS_SLIK_Gateway_Customer">
      <properties>
[...]
</properties>
      <testcase name="Test Cases/IST_Real/SLIK/SLIK_Gateway_Customer/Open Menu SLIK Gateway Customer" time="41.784" classname="Test Cases/IST_Real/SLIK/SLIK_Gateway_Customer/Open Menu SLIK Gateway Customer" status="PASSED">
         <system-out><![CDATA[2020-10-15 16:32:13 - [TEST_CASE][PASSED] - Test Cases/IST_Real/SLIK/SLIK_Gateway_Customer/Open Menu SLIK Gateway Customer: Test Cases/IST_Real/SLIK/SLIK_Gateway_Customer/Open Menu SLIK Gateway Customer

2020-10-15 16:32:13 - [TEST_STEP][PASSED] - runFeatureFile("Include/features/IST_Real/SLIK/SLIK Gateway Customer/Open_Menu_SLIK_Gateway_Customer.feature"): Feature file: 'Include/features/IST_Real/SLIK/SLIK Gateway Customer/Open_Menu_SLIK_Gateway_Customer.feature' was passed

2020-10-15 16:32:13 - [MESSAGE][INFO] - Starting run keyword runFeatureFile: 'Include/features/IST_Real/SLIK/SLIK Gateway Customer/Open_Menu_SLIK_Gateway_Customer.feature' and extract report to folder: '/Users/chaidir.pratama01/Katalon Studio/IST_Automation_Git/Reports/20201015_163206/SLIK/TS_SLIK_Gateway_Customer/20201015_163206/cucumber_report/1602754333569'...

2020-10-15 16:32:14 - [TEST_CASE][PASSED] - Start Test Case : SCENARIO Menu SLIK Gateway Customer in IST and Verify Element Needed Exist: SCENARIO Menu SLIK Gateway Customer in IST and Verify Element Needed Exist

2020-10-15 16:32:14 - [TEST_STEP][PASSED] - Go to ISTools: Go to ISTools

2020-10-15 16:32:14 - [MESSAGE][INFO] - Starting 'Chrome' driver

2020-10-15 16:32:14 - [MESSAGE][INFO] - User set preference: ['AcceptInsecureCerts', 'true']

2020-10-15 16:32:14 - [MESSAGE][INFO] - User set preference: ['args', '[ignore-certificate-errors]']

2020-10-15 16:32:14 - [MESSAGE][INFO] - Action delay is set to 0 milliseconds

2020-10-15 16:32:16 - [MESSAGE][PASSED] - Browser is opened with url: ''

2020-10-15 16:32:18 - [MESSAGE][PASSED] - Navigate to 'https://dev-istools.homecredit.id/foundation/' successfully

2020-10-15 16:32:18 - [MESSAGE][PASSED] - Go to ISTools

2020-10-15 16:32:18 - [TEST_STEP][PASSED] - Login IST with valid credentials: Login IST with valid credentials

2020-10-15 16:32:19 - [MESSAGE][PASSED] - Text 'mobile.test' is set on object 'Object Repository/Page_/input_Username_j_username'

2020-10-15 16:32:19 - [MESSAGE][PASSED] - Text ****** has been set on object 'Object Repository/Page_/input_Password_j_password'

2020-10-15 16:32:20 - [MESSAGE][PASSED] - Object: 'Object Repository/Page_/button_Login' is clicked on

2020-10-15 16:32:20 - [MESSAGE][PASSED] - Login IST with valid credentials

2020-10-15 16:32:20 - [TEST_STEP][PASSED] - Login Success for contract dispatcher: Login Success for contract dispatcher

2020-10-15 16:32:20 - [MESSAGE][INFO] - Login Success

2020-10-15 16:32:20 - [MESSAGE][PASSED] - Current window maximized

2020-10-15 16:32:21 - [MESSAGE][PASSED] - Object 'Object Repository/Page_/h1_Welcome to IT Supporting Tools' is present

2020-10-15 16:32:21 - [MESSAGE][PASSED] - Login Success for contract dispatcher

2020-10-15 16:32:21 - [TEST_STEP][PASSED] - Select Menu "SLIK Gateway Customer": Select Menu "SLIK Gateway Customer"

2020-10-15 16:32:22 - [MESSAGE][PASSED] - Taking screenshot successfully
[[ATTACHMENT|/Users/chaidir.pratama01/Documents/Docs/Katalon Studio/Screenshot/test-SLIK Gateway Customer.png]]

2020-10-15 16:32:22 - [MESSAGE][PASSED] - Object '' is present

2020-10-15 16:32:22 - [MESSAGE][PASSED] - Object: '' is clicked on

2020-10-15 16:32:22 - [MESSAGE][PASSED] - Wait for page load successfully

2020-10-15 16:32:22 - [MESSAGE][PASSED] - Select Menu "SLIK Gateway Customer"

2020-10-15 16:32:22 - [TEST_STEP][PASSED] - Verify Title "SLIK Gateway Customer" Exists: Verify Title "SLIK Gateway Customer" Exists

2020-10-15 16:32:23 - [MESSAGE][PASSED] - Object '' is present

2020-10-15 16:32:23 - [MESSAGE][PASSED] - Object: '' is focused

2020-10-15 16:32:23 - [MESSAGE][PASSED] - Verify Title "SLIK Gateway Customer" Exists

2020-10-15 16:32:23 - [TEST_STEP][PASSED] - Verify Title "Check SLIK" Exists: Verify Title "Check SLIK" Exists

2020-10-15 16:32:24 - [MESSAGE][PASSED] - Object '' is present

2020-10-15 16:32:24 - [MESSAGE][PASSED] - Object: '' is focused

2020-10-15 16:32:24 - [MESSAGE][PASSED] - Verify Title "Check SLIK" Exists

2020-10-15 16:32:24 - [TEST_STEP][PASSED] - Verify Contents of Check SLIK Label in SLIK Gateway Customer Menu Exist: Verify Contents of Check SLIK Label in SLIK Gateway Customer Menu Exist

2020-10-15 16:32:25 - [MESSAGE][PASSED] - Object '' is present

2020-10-15 16:32:25 - [MESSAGE][PASSED] - Object: '' is focused

2020-10-15 16:32:25 - [MESSAGE][PASSED] - Object '' is present

2020-10-15 16:32:26 - [MESSAGE][PASSED] - Object: '' is focused

2020-10-15 16:32:26 - [MESSAGE][PASSED] - Object '' is present

2020-10-15 16:32:26 - [MESSAGE][PASSED] - Object: '' is focused

2020-10-15 16:32:27 - [MESSAGE][PASSED] - Object '' is present

2020-10-15 16:32:27 - [MESSAGE][PASSED] - Object: '' is focused

2020-10-15 16:32:27 - [MESSAGE][PASSED] - Object '' is present

2020-10-15 16:32:28 - [MESSAGE][PASSED] - Object: '' is focused

2020-10-15 16:32:28 - [MESSAGE][PASSED] - Object '' is present

2020-10-15 16:32:28 - [MESSAGE][PASSED] - Object: '' is focused

2020-10-15 16:32:29 - [MESSAGE][PASSED] - Object '' is present

2020-10-15 16:32:29 - [MESSAGE][PASSED] - Object: '' is focused

2020-10-15 16:32:30 - [MESSAGE][PASSED] - Object '' is present

2020-10-15 16:32:30 - [MESSAGE][PASSED] - Object: '' is focused

2020-10-15 16:32:30 - [MESSAGE][PASSED] - Object '' is present

2020-10-15 16:32:31 - [MESSAGE][PASSED] - Object: '' is focused

2020-10-15 16:32:31 - [MESSAGE][PASSED] - Object '' is present

2020-10-15 16:32:31 - [MESSAGE][PASSED] - Object: '' is focused

2020-10-15 16:32:32 - [MESSAGE][PASSED] - Object '' is present

2020-10-15 16:32:32 - [MESSAGE][PASSED] - Object: '' is focused

2020-10-15 16:32:32 - [MESSAGE][PASSED] - Object '' is present

2020-10-15 16:32:33 - [MESSAGE][PASSED] - Object: '' is focused

2020-10-15 16:32:33 - [MESSAGE][PASSED] - Object '' is present

2020-10-15 16:32:33 - [MESSAGE][PASSED] - Object: '' is focused

2020-10-15 16:32:34 - [MESSAGE][PASSED] - Object '' is present

2020-10-15 16:32:34 - [MESSAGE][PASSED] - Object: '' is focused

2020-10-15 16:32:34 - [MESSAGE][PASSED] - Object '' is present

2020-10-15 16:32:35 - [MESSAGE][PASSED] - Object: '' is focused

2020-10-15 16:32:35 - [MESSAGE][PASSED] - Object '' is present

2020-10-15 16:32:35 - [MESSAGE][PASSED] - Object: '' is focused

2020-10-15 16:32:36 - [MESSAGE][PASSED] - Object '' is present

2020-10-15 16:32:39 - [MESSAGE][PASSED] - Delayed 3 second(s)

2020-10-15 16:32:39 - [MESSAGE][PASSED] - Object: '' is focused

2020-10-15 16:32:42 - [MESSAGE][PASSED] - Delayed 3 second(s)

2020-10-15 16:32:42 - [MESSAGE][PASSED] - Object '' is present

2020-10-15 16:32:43 - [MESSAGE][PASSED] - Object: '' is focused

2020-10-15 16:32:43 - [MESSAGE][PASSED] - Object '' is present

2020-10-15 16:32:43 - [MESSAGE][PASSED] - Object: '' is focused

2020-10-15 16:32:43 - [MESSAGE][PASSED] - Verify Contents of Check SLIK Label in SLIK Gateway Customer Menu Exist

2020-10-15 16:32:43 - [TEST_STEP][PASSED] - Verify Title "Search Result" Exists: Verify Title "Search Result" Exists

2020-10-15 16:32:44 - [MESSAGE][PASSED] - Object '' is present

2020-10-15 16:32:44 - [MESSAGE][PASSED] - Object: '' is focused

2020-10-15 16:32:44 - [MESSAGE][PASSED] - Verify Title "Search Result" Exists

2020-10-15 16:32:44 - [TEST_STEP][PASSED] - Verify Contents of Search Result: Verify Contents of Search Result

2020-10-15 16:32:45 - [MESSAGE][PASSED] - Object '' is present

2020-10-15 16:32:45 - [MESSAGE][PASSED] - Object: '' is focused

2020-10-15 16:32:45 - [MESSAGE][PASSED] - Object '' is present

2020-10-15 16:32:46 - [MESSAGE][PASSED] - Object: '' is focused

2020-10-15 16:32:46 - [MESSAGE][PASSED] - Object '' is present

2020-10-15 16:32:46 - [MESSAGE][PASSED] - Object: '' is focused

2020-10-15 16:32:47 - [MESSAGE][PASSED] - Object '' is present

2020-10-15 16:32:47 - [MESSAGE][PASSED] - Object: '' is focused

2020-10-15 16:32:48 - [MESSAGE][PASSED] - Object '' is present

2020-10-15 16:32:48 - [MESSAGE][PASSED] - Object: '' is focused

2020-10-15 16:32:48 - [MESSAGE][PASSED] - Object '' is present

2020-10-15 16:32:49 - [MESSAGE][PASSED] - Object: '' is focused

2020-10-15 16:32:49 - [MESSAGE][PASSED] - Object '' is present

2020-10-15 16:32:50 - [MESSAGE][PASSED] - Object: '' is focused

2020-10-15 16:32:50 - [MESSAGE][PASSED] - Object '' is present

2020-10-15 16:32:50 - [MESSAGE][PASSED] - Object: '' is focused

2020-10-15 16:32:51 - [MESSAGE][PASSED] - Object '' is present

2020-10-15 16:32:51 - [MESSAGE][PASSED] - Object: '' is focused

2020-10-15 16:32:51 - [MESSAGE][PASSED] - Verify Contents of Search Result

2020-10-15 16:32:51 - [TEST_STEP][PASSED] - Click button "Logout": Click button "Logout"

2020-10-15 16:32:51 - [MESSAGE][INFO] - >>>>>//Button[contains(text(),'Logout')]

2020-10-15 16:32:54 - [MESSAGE][PASSED] - Object: '' is clicked on

2020-10-15 16:32:54 - [MESSAGE][PASSED] - Click button "Logout"

2020-10-15 16:32:54 - [TEST_STEP][PASSED] - Close browser: Close browser

2020-10-15 16:32:55 - [MESSAGE][PASSED] - Browser is closed

2020-10-15 16:32:55 - [MESSAGE][PASSED] - Close browser

2020-10-15 16:32:55 - [MESSAGE][PASSED] - Feature file: 'Include/features/IST_Real/SLIK/SLIK Gateway Customer/Open_Menu_SLIK_Gateway_Customer.feature' was passed]]></system-out>
         <system-err><![CDATA[]]></system-err>
      </testcase>
      <testcase name="Test Cases/IST_Real/SLIK/SLIK_Gateway_Customer/SLIK Gateway Customer Checking" time="54.872" classname="Test Cases/IST_Real/SLIK/SLIK_Gateway_Customer/SLIK Gateway Customer Checking" status="PASSED">
         <system-out><![CDATA[2020-10-15 16:32:55 - [TEST_CASE][PASSED] - Test Cases/IST_Real/SLIK/SLIK_Gateway_Customer/SLIK Gateway Customer Checking: Test Cases/IST_Real/SLIK/SLIK_Gateway_Customer/SLIK Gateway Customer Checking

2020-10-15 16:32:55 - [TEST_STEP][PASSED] - runFeatureFile("Include/features/IST_Real/SLIK/SLIK Gateway Customer/SLIK Gateway Customer Checking.feature"): Feature file: 'Include/features/IST_Real/SLIK/SLIK Gateway Customer/SLIK Gateway Customer Checking.feature' was passed

2020-10-15 16:32:55 - [MESSAGE][INFO] - Starting run keyword runFeatureFile: 'Include/features/IST_Real/SLIK/SLIK Gateway Customer/SLIK Gateway Customer Checking.feature' and extract report to folder: '/Users/chaidir.pratama01/Katalon Studio/IST_Automation_Git/Reports/20201015_163206/SLIK/TS_SLIK_Gateway_Customer/20201015_163206/cucumber_report/1602754375203'...

2020-10-15 16:32:55 - [TEST_CASE][PASSED] - Start Test Case : SCENARIO SLIK Gateway Customer Checking: SCENARIO SLIK Gateway Customer Checking

2020-10-15 16:32:55 - [TEST_STEP][PASSED] - Go to ISTools: Go to ISTools

2020-10-15 16:32:55 - [MESSAGE][INFO] - Starting 'Chrome' driver

2020-10-15 16:32:55 - [MESSAGE][INFO] - User set preference: ['AcceptInsecureCerts', 'true']

2020-10-15 16:32:55 - [MESSAGE][INFO] - User set preference: ['args', '[ignore-certificate-errors]']

2020-10-15 16:32:55 - [MESSAGE][INFO] - Action delay is set to 0 milliseconds

2020-10-15 16:32:56 - [MESSAGE][PASSED] - Browser is opened with url: ''

2020-10-15 16:32:57 - [MESSAGE][PASSED] - Navigate to 'https://dev-istools.homecredit.id/foundation/' successfully

2020-10-15 16:32:57 - [MESSAGE][PASSED] - Go to ISTools

2020-10-15 16:32:57 - [TEST_STEP][PASSED] - Login IST with valid credentials: Login IST with valid credentials

2020-10-15 16:32:58 - [MESSAGE][PASSED] - Text 'mobile.test' is set on object 'Object Repository/Page_/input_Username_j_username'

2020-10-15 16:32:58 - [MESSAGE][PASSED] - Text ****** has been set on object 'Object Repository/Page_/input_Password_j_password'

2020-10-15 16:32:59 - [MESSAGE][PASSED] - Object: 'Object Repository/Page_/button_Login' is clicked on

2020-10-15 16:32:59 - [MESSAGE][PASSED] - Login IST with valid credentials

2020-10-15 16:32:59 - [TEST_STEP][PASSED] - Login Success for contract dispatcher: Login Success for contract dispatcher

2020-10-15 16:32:59 - [MESSAGE][INFO] - Login Success

2020-10-15 16:32:59 - [MESSAGE][PASSED] - Current window maximized

2020-10-15 16:32:59 - [MESSAGE][PASSED] - Object 'Object Repository/Page_/h1_Welcome to IT Supporting Tools' is present

2020-10-15 16:32:59 - [MESSAGE][PASSED] - Login Success for contract dispatcher

2020-10-15 16:32:59 - [TEST_STEP][PASSED] - Select Menu SLIK Gateway Customer: Select Menu SLIK Gateway Customer

2020-10-15 16:33:00 - [MESSAGE][PASSED] - Object '' is present

2020-10-15 16:33:00 - [MESSAGE][PASSED] - Object: '' is clicked on

2020-10-15 16:33:00 - [MESSAGE][PASSED] - Wait for page load successfully

2020-10-15 16:33:00 - [MESSAGE][PASSED] - Select Menu SLIK Gateway Customer

2020-10-15 16:33:00 - [TEST_STEP][PASSED] - Input Data KTP Number: Input Data KTP Number

2020-10-15 16:33:01 - [MESSAGE][PASSED] - Text '9999999999999999' is set on object ''

2020-10-15 16:33:01 - [MESSAGE][PASSED] - Input Data KTP Number

2020-10-15 16:33:01 - [TEST_STEP][PASSED] - Input Data "Name *" with value "OPEX TestingAuto" for Check SLIK: Input Data "Name *" with value "OPEX TestingAuto" for Check SLIK

2020-10-15 16:33:02 - [MESSAGE][PASSED] - Taking screenshot successfully
[[ATTACHMENT|/Users/chaidir.pratama01/Documents/Docs/Katalon Studio/Screenshot/slik.png]]

2020-10-15 16:33:02 - [MESSAGE][PASSED] - Object '' is visible

2020-10-15 16:33:02 - [MESSAGE][PASSED] - Object: '' is focused

2020-10-15 16:33:03 - [MESSAGE][PASSED] - Text 'OPEX TestingAuto' is set on object ''

2020-10-15 16:33:03 - [MESSAGE][PASSED] - Input Data "Name *" with value "OPEX TestingAuto" for Check SLIK

2020-10-15 16:33:03 - [TEST_STEP][PASSED] - Input Date of Birth "20-Feb-1990": Input Date of Birth "20-Feb-1990"

2020-10-15 16:33:04 - [MESSAGE][PASSED] - Text '20-Feb-1990' is set on object ''

2020-10-15 16:33:07 - [MESSAGE][PASSED] - Delayed 3 second(s)

2020-10-15 16:33:07 - [MESSAGE][PASSED] - Input Date of Birth "20-Feb-1990"

2020-10-15 16:33:07 - [TEST_STEP][PASSED] - Select Gender "Laki-laki": Select Gender "Laki-laki"

2020-10-15 16:33:07 - [MESSAGE][PASSED] - Object: '' is clicked on

2020-10-15 16:33:07 - [MESSAGE][PASSED] - Select Gender "Laki-laki"

2020-10-15 16:33:07 - [TEST_STEP][PASSED] - Select Purpose is "Penilaian Calon Kemitraan": Select Purpose is "Penilaian Calon Kemitraan"

2020-10-15 16:33:09 - [MESSAGE][PASSED] - All options with value 'Penilaian Calon Kemitraan' are selected in object ''  using regular expression

2020-10-15 16:33:09 - [MESSAGE][PASSED] - Select Purpose is "Penilaian Calon Kemitraan"

2020-10-15 16:33:09 - [TEST_STEP][PASSED] - Input Data "Place of Birth" with value "Jakarta" for Check SLIK: Input Data "Place of Birth" with value "Jakarta" for Check SLIK

2020-10-15 16:33:09 - [MESSAGE][PASSED] - Taking screenshot successfully
[[ATTACHMENT|/Users/chaidir.pratama01/Documents/Docs/Katalon Studio/Screenshot/slik.png]]

2020-10-15 16:33:10 - [MESSAGE][PASSED] - Object '' is visible

2020-10-15 16:33:10 - [MESSAGE][PASSED] - Object: '' is focused

2020-10-15 16:33:11 - [MESSAGE][PASSED] - Text 'Jakarta' is set on object ''

2020-10-15 16:33:11 - [MESSAGE][PASSED] - Input Data "Place of Birth" with value "Jakarta" for Check SLIK

2020-10-15 16:33:11 - [TEST_STEP][PASSED] - Input Data "Mother Maternity Name" with value "Tester Auto" for Check SLIK: Input Data "Mother Maternity Name" with value "Tester Auto" for Check SLIK

2020-10-15 16:33:12 - [MESSAGE][PASSED] - Taking screenshot successfully
[[ATTACHMENT|/Users/chaidir.pratama01/Documents/Docs/Katalon Studio/Screenshot/slik.png]]

2020-10-15 16:33:12 - [MESSAGE][PASSED] - Object '' is visible

2020-10-15 16:33:13 - [MESSAGE][PASSED] - Object: '' is focused

2020-10-15 16:33:13 - [MESSAGE][PASSED] - Text 'Tester Auto' is set on object ''

2020-10-15 16:33:13 - [MESSAGE][PASSED] - Input Data "Mother Maternity Name" with value "Tester Auto" for Check SLIK

2020-10-15 16:33:13 - [TEST_STEP][PASSED] - Input KTP Address "TESTING AUTO JAKARTA": Input KTP Address "TESTING AUTO JAKARTA"

2020-10-15 16:33:14 - [MESSAGE][PASSED] - Text 'TESTING AUTO JAKARTA' is set on object ''

2020-10-15 16:33:14 - [MESSAGE][PASSED] - Input KTP Address "TESTING AUTO JAKARTA"

2020-10-15 16:33:14 - [TEST_STEP][PASSED] - Click button "Check SLIK": Click button "Check SLIK"

2020-10-15 16:33:14 - [MESSAGE][INFO] - >>>>>//Button[contains(text(),'Check SLIK')]

2020-10-15 16:33:17 - [MESSAGE][PASSED] - Object: '' is clicked on

2020-10-15 16:33:17 - [MESSAGE][PASSED] - Click button "Check SLIK"

2020-10-15 16:33:17 - [TEST_STEP][PASSED] - Get text from pop up "Confirmation Submit Request" with text "Are you sure to submit this data ?": Get text from pop up "Confirmation Submit Request" with text "Are you sure to submit this data ?"

2020-10-15 16:33:18 - [MESSAGE][PASSED] - Taking screenshot successfully
[[ATTACHMENT|/Users/chaidir.pratama01/Documents/Docs/Katalon Studio/Screenshot/errorpopup.png]]

2020-10-15 16:33:19 - [MESSAGE][PASSED] - Object '' is present

2020-10-15 16:33:19 - [MESSAGE][PASSED] - Wait for page load successfully

2020-10-15 16:33:19 - [MESSAGE][PASSED] - Wait for page load successfully

2020-10-15 16:33:19 - [MESSAGE][PASSED] - Get text from pop up "Confirmation Submit Request" with text "Are you sure to submit this data ?"

2020-10-15 16:33:19 - [TEST_STEP][PASSED] - Click button "Yes": Click button "Yes"

2020-10-15 16:33:19 - [MESSAGE][INFO] - >>>>>//Button[contains(text(),'Yes')]

2020-10-15 16:33:22 - [MESSAGE][PASSED] - Object: '' is clicked on

2020-10-15 16:33:22 - [MESSAGE][PASSED] - Click button "Yes"

2020-10-15 16:33:22 - [TEST_STEP][PASSED] - Verify KTP Number Request Success: Verify KTP Number Request Success

2020-10-15 16:33:43 - [MESSAGE][PASSED] - Object '' is present

2020-10-15 16:33:43 - [MESSAGE][PASSED] - Verify KTP Number Request Success

2020-10-15 16:33:43 - [TEST_STEP][PASSED] - Click button "OK": Click button "OK"

2020-10-15 16:33:43 - [MESSAGE][INFO] - >>>>>//Button[contains(text(),'OK')]

2020-10-15 16:33:46 - [MESSAGE][PASSED] - Object: '' is clicked on

2020-10-15 16:33:46 - [MESSAGE][PASSED] - Click button "OK"

2020-10-15 16:33:46 - [TEST_STEP][PASSED] - Click button "Logout": Click button "Logout"

2020-10-15 16:33:46 - [MESSAGE][INFO] - >>>>>//Button[contains(text(),'Logout')]

2020-10-15 16:33:49 - [MESSAGE][PASSED] - Object: '' is clicked on

2020-10-15 16:33:49 - [MESSAGE][PASSED] - Click button "Logout"

2020-10-15 16:33:49 - [TEST_STEP][PASSED] - Close browser: Close browser

2020-10-15 16:33:49 - [MESSAGE][PASSED] - Browser is closed

2020-10-15 16:33:49 - [MESSAGE][PASSED] - Close browser

2020-10-15 16:33:49 - [MESSAGE][PASSED] - Feature file: 'Include/features/IST_Real/SLIK/SLIK Gateway Customer/SLIK Gateway Customer Checking.feature' was passed]]></system-out>
         <system-err><![CDATA[]]></system-err>
      </testcase>
      <testcase name="Test Cases/IST_Real/SLIK/SLIK_Gateway_Customer/SELECT KTP NUMBER CUSTOMER from DB" time="1.104" classname="Test Cases/IST_Real/SLIK/SLIK_Gateway_Customer/SELECT KTP NUMBER CUSTOMER from DB" status="PASSED">
         <system-out><![CDATA[2020-10-15 16:33:49 - [TEST_CASE][PASSED] - Test Cases/IST_Real/SLIK/SLIK_Gateway_Customer/SELECT KTP NUMBER CUSTOMER from DB: Test Cases/IST_Real/SLIK/SLIK_Gateway_Customer/SELECT KTP NUMBER CUSTOMER from DB

2020-10-15 16:33:50 - [TEST_STEP][PASSED] - runFeatureFile("Include/features/IST_Real/SLIK/SLIK Gateway Customer/SELECT_KTP_NUMBER_CUSTOMER_from_DB.feature"): Feature file: 'Include/features/IST_Real/SLIK/SLIK Gateway Customer/SELECT_KTP_NUMBER_CUSTOMER_from_DB.feature' was passed

2020-10-15 16:33:50 - [MESSAGE][INFO] - Starting run keyword runFeatureFile: 'Include/features/IST_Real/SLIK/SLIK Gateway Customer/SELECT_KTP_NUMBER_CUSTOMER_from_DB.feature' and extract report to folder: '/Users/chaidir.pratama01/Katalon Studio/IST_Automation_Git/Reports/20201015_163206/SLIK/TS_SLIK_Gateway_Customer/20201015_163206/cucumber_report/1602754430065'...

2020-10-15 16:33:50 - [TEST_CASE][PASSED] - Start Test Case : SCENARIO SELECT KTP Number Customer From Table SLIK_DATA_CUSTOMER: SCENARIO SELECT KTP Number Customer From Table SLIK_DATA_CUSTOMER

2020-10-15 16:33:50 - [TEST_STEP][PASSED] - Connect to Database: Connect to Database

2020-10-15 16:33:50 - [MESSAGE][PASSED] - Connect to Database

2020-10-15 16:33:50 - [TEST_STEP][PASSED] - Check KTP Number Customer in DB: Check KTP Number Customer in DB

2020-10-15 16:33:51 - [MESSAGE][PASSED] - Check KTP Number Customer in DB

2020-10-15 16:33:51 - [MESSAGE][PASSED] - Feature file: 'Include/features/IST_Real/SLIK/SLIK Gateway Customer/SELECT_KTP_NUMBER_CUSTOMER_from_DB.feature' was passed]]></system-out>
         <system-err><![CDATA[]]></system-err>
      </testcase>
      <testcase name="Test Cases/IST_Real/SLIK/SLIK_Gateway_Customer/SLIK Gateaway Customer Search By KTP" time="14.749" classname="Test Cases/IST_Real/SLIK/SLIK_Gateway_Customer/SLIK Gateaway Customer Search By KTP" status="PASSED">
         <system-out><![CDATA[2020-10-15 16:33:51 - [TEST_CASE][PASSED] - Test Cases/IST_Real/SLIK/SLIK_Gateway_Customer/SLIK Gateaway Customer Search By KTP: Test Cases/IST_Real/SLIK/SLIK_Gateway_Customer/SLIK Gateaway Customer Search By KTP

2020-10-15 16:33:51 - [TEST_STEP][PASSED] - runFeatureFile("Include/features/IST_Real/SLIK/SLIK Gateway Customer/SLIK_Gateaway_Customer_Search_By_KTP.feature"): Feature file: 'Include/features/IST_Real/SLIK/SLIK Gateway Customer/SLIK_Gateaway_Customer_Search_By_KTP.feature' was passed

2020-10-15 16:33:51 - [MESSAGE][INFO] - Starting run keyword runFeatureFile: 'Include/features/IST_Real/SLIK/SLIK Gateway Customer/SLIK_Gateaway_Customer_Search_By_KTP.feature' and extract report to folder: '/Users/chaidir.pratama01/Katalon Studio/IST_Automation_Git/Reports/20201015_163206/SLIK/TS_SLIK_Gateway_Customer/20201015_163206/cucumber_report/1602754431159'...

2020-10-15 16:33:51 - [TEST_CASE][PASSED] - Start Test Case : SCENARIO SLIK Gateway Customer Search Result: SCENARIO SLIK Gateway Customer Search Result

2020-10-15 16:33:51 - [TEST_STEP][PASSED] - Go to ISTools: Go to ISTools

2020-10-15 16:33:51 - [MESSAGE][INFO] - Starting 'Chrome' driver

2020-10-15 16:33:51 - [MESSAGE][INFO] - User set preference: ['AcceptInsecureCerts', 'true']

2020-10-15 16:33:51 - [MESSAGE][INFO] - User set preference: ['args', '[ignore-certificate-errors]']

2020-10-15 16:33:51 - [MESSAGE][INFO] - Action delay is set to 0 milliseconds

2020-10-15 16:33:52 - [MESSAGE][PASSED] - Browser is opened with url: ''

2020-10-15 16:33:53 - [MESSAGE][PASSED] - Navigate to 'https://dev-istools.homecredit.id/foundation/' successfully

2020-10-15 16:33:53 - [MESSAGE][PASSED] - Go to ISTools

2020-10-15 16:33:53 - [TEST_STEP][PASSED] - Login IST with valid credentials: Login IST with valid credentials

2020-10-15 16:33:53 - [MESSAGE][PASSED] - Text 'mobile.test' is set on object 'Object Repository/Page_/input_Username_j_username'

2020-10-15 16:33:54 - [MESSAGE][PASSED] - Text ****** has been set on object 'Object Repository/Page_/input_Password_j_password'

2020-10-15 16:33:54 - [MESSAGE][PASSED] - Object: 'Object Repository/Page_/button_Login' is clicked on

2020-10-15 16:33:54 - [MESSAGE][PASSED] - Login IST with valid credentials

2020-10-15 16:33:54 - [TEST_STEP][PASSED] - Login Success for contract dispatcher: Login Success for contract dispatcher

2020-10-15 16:33:54 - [MESSAGE][INFO] - Login Success

2020-10-15 16:33:55 - [MESSAGE][PASSED] - Current window maximized

2020-10-15 16:33:55 - [MESSAGE][PASSED] - Object 'Object Repository/Page_/h1_Welcome to IT Supporting Tools' is present

2020-10-15 16:33:55 - [MESSAGE][PASSED] - Login Success for contract dispatcher

2020-10-15 16:33:55 - [TEST_STEP][PASSED] - Select Menu SLIK Gateway Customer: Select Menu SLIK Gateway Customer

2020-10-15 16:33:55 - [MESSAGE][PASSED] - Object '' is present

2020-10-15 16:33:56 - [MESSAGE][PASSED] - Object: '' is clicked on

2020-10-15 16:33:56 - [MESSAGE][PASSED] - Wait for page load successfully

2020-10-15 16:33:56 - [MESSAGE][PASSED] - Select Menu SLIK Gateway Customer

2020-10-15 16:33:56 - [TEST_STEP][PASSED] - Input Data KTP Number for Search Result: Input Data KTP Number for Search Result

2020-10-15 16:33:56 - [MESSAGE][PASSED] - Scroll to object '' successfully

2020-10-15 16:33:57 - [MESSAGE][PASSED] - Text '9999999999999999' is set on object ''

2020-10-15 16:33:57 - [MESSAGE][PASSED] - Input Data KTP Number for Search Result

2020-10-15 16:33:57 - [TEST_STEP][PASSED] - Click button "Search": Click button "Search"

2020-10-15 16:33:57 - [MESSAGE][INFO] - >>>>>//Button[contains(text(),'Search')]

2020-10-15 16:34:00 - [MESSAGE][PASSED] - Object: '' is clicked on

2020-10-15 16:34:00 - [MESSAGE][PASSED] - Click button "Search"

2020-10-15 16:34:00 - [TEST_STEP][PASSED] - Verify Search Result with KTP Number: Verify Search Result with KTP Number

2020-10-15 16:34:01 - [MESSAGE][PASSED] - Object '' is present

2020-10-15 16:34:01 - [MESSAGE][PASSED] - Verify Search Result with KTP Number

2020-10-15 16:34:01 - [TEST_STEP][PASSED] - Verify Search Result data: Verify Search Result data

2020-10-15 16:34:01 - [MESSAGE][PASSED] - Scroll to object '' successfully

2020-10-15 16:34:02 - [MESSAGE][PASSED] - Object '' is present

2020-10-15 16:34:02 - [MESSAGE][PASSED] - Verify Search Result data

2020-10-15 16:34:02 - [TEST_STEP][PASSED] - Click button "Logout": Click button "Logout"

2020-10-15 16:34:02 - [MESSAGE][INFO] - >>>>>//Button[contains(text(),'Logout')]

2020-10-15 16:34:05 - [MESSAGE][PASSED] - Object: '' is clicked on

2020-10-15 16:34:05 - [MESSAGE][PASSED] - Click button "Logout"

2020-10-15 16:34:05 - [TEST_STEP][PASSED] - Close browser: Close browser

2020-10-15 16:34:05 - [MESSAGE][PASSED] - Browser is closed

2020-10-15 16:34:05 - [MESSAGE][PASSED] - Close browser

2020-10-15 16:34:05 - [MESSAGE][PASSED] - Feature file: 'Include/features/IST_Real/SLIK/SLIK Gateway Customer/SLIK_Gateaway_Customer_Search_By_KTP.feature' was passed]]></system-out>
         <system-err><![CDATA[]]></system-err>
      </testcase>
      <testcase name="Test Cases/IST_Real/SLIK/SLIK_Gateway_Customer/SLIK Gateway Customer Search By Status SUCCESS" time="41.555" classname="Test Cases/IST_Real/SLIK/SLIK_Gateway_Customer/SLIK Gateway Customer Search By Status SUCCESS" status="FAILED">
         <failure type="FAILED" message="Test Cases/IST_Real/SLIK/SLIK_Gateway_Customer/SLIK Gateway Customer Search By Status SUCCESS FAILED.
Reason:
com.kms.katalon.core.exception.StepFailedException: Feature file 'Include/features/IST_Real/SLIK/SLIK Gateway Customer/SLIK_Gateway_Customer_Search_By_Status_SUCCESS.feature' was failed
	at com.kms.katalon.core.keyword.internal.KeywordMain.stepFailed(KeywordMain.groovy:50)
	at com.kms.katalon.core.keyword.internal.KeywordMain.stepFailed(KeywordMain.groovy)
	at com.kms.katalon.core.keyword.internal.KeywordMain.stepFailed(KeywordMain.groovy:23)
	at com.kms.katalon.core.keyword.internal.KeywordMain$stepFailed$0.call(Unknown Source)
	at com.kms.katalon.core.cucumber.keyword.CucumberBuiltinKeywords$_runFeatureFile_closure1.doCall(CucumberBuiltinKeywords.groovy:82)
	at com.kms.katalon.core.cucumber.keyword.CucumberBuiltinKeywords$_runFeatureFile_closure1.doCall(CucumberBuiltinKeywords.groovy)
	at com.kms.katalon.core.keyword.internal.KeywordMain.runKeyword(KeywordMain.groovy:68)
	at com.kms.katalon.core.keyword.internal.KeywordMain$runKeyword.call(Unknown Source)
	at com.kms.katalon.core.cucumber.keyword.CucumberBuiltinKeywords.runFeatureFile(CucumberBuiltinKeywords.groovy:46)
	at com.kms.katalon.core.cucumber.keyword.CucumberBuiltinKeywords$runFeatureFile$0.callStatic(Unknown Source)
	at com.kms.katalon.core.cucumber.keyword.CucumberBuiltinKeywords.runFeatureFile(CucumberBuiltinKeywords.groovy:169)
	at com.kms.katalon.core.cucumber.keyword.CucumberBuiltinKeywords$runFeatureFile.call(Unknown Source)
	at SLIK Gateway Customer Search By Status SUCCESS.run(SLIK Gateway Customer Search By Status SUCCESS:18)
	at com.kms.katalon.core.main.ScriptEngine.run(ScriptEngine.java:194)
	at com.kms.katalon.core.main.ScriptEngine.runScriptAsRawText(ScriptEngine.java:119)
	at com.kms.katalon.core.main.TestCaseExecutor.runScript(TestCaseExecutor.java:339)
	at com.kms.katalon.core.main.TestCaseExecutor.doExecute(TestCaseExecutor.java:330)
	at com.kms.katalon.core.main.TestCaseExecutor.processExecutionPhase(TestCaseExecutor.java:309)
	at com.kms.katalon.core.main.TestCaseExecutor.accessMainPhase(TestCaseExecutor.java:301)
	at com.kms.katalon.core.main.TestCaseExecutor.execute(TestCaseExecutor.java:235)
	at com.kms.katalon.core.main.TestSuiteExecutor.accessTestCaseMainPhase(TestSuiteExecutor.java:191)
	at com.kms.katalon.core.main.TestSuiteExecutor.accessTestSuiteMainPhase(TestSuiteExecutor.java:141)
	at com.kms.katalon.core.main.TestSuiteExecutor.execute(TestSuiteExecutor.java:90)
	at com.kms.katalon.core.main.TestCaseMain.startTestSuite(TestCaseMain.java:157)
	at com.kms.katalon.core.main.TestCaseMain$startTestSuite$0.call(Unknown Source)
	at TempTestSuite1602754326150.run(TempTestSuite1602754326150.groovy:39)
"/>
         <system-out><![CDATA[2020-10-15 16:34:05 - [TEST_CASE][FAILED] - Test Cases/IST_Real/SLIK/SLIK_Gateway_Customer/SLIK Gateway Customer Search By Status SUCCESS: Test Cases/IST_Real/SLIK/SLIK_Gateway_Customer/SLIK Gateway Customer Search By Status SUCCESS FAILED.
Reason:
com.kms.katalon.core.exception.StepFailedException: Feature file 'Include/features/IST_Real/SLIK/SLIK Gateway Customer/SLIK_Gateway_Customer_Search_By_Status_SUCCESS.feature' was failed
	at com.kms.katalon.core.keyword.internal.KeywordMain.stepFailed(KeywordMain.groovy:50)
	at com.kms.katalon.core.keyword.internal.KeywordMain.stepFailed(KeywordMain.groovy)
	at com.kms.katalon.core.keyword.internal.KeywordMain.stepFailed(KeywordMain.groovy:23)
	at com.kms.katalon.core.keyword.internal.KeywordMain$stepFailed$0.call(Unknown Source)
	at com.kms.katalon.core.cucumber.keyword.CucumberBuiltinKeywords$_runFeatureFile_closure1.doCall(CucumberBuiltinKeywords.groovy:82)
	at com.kms.katalon.core.cucumber.keyword.CucumberBuiltinKeywords$_runFeatureFile_closure1.doCall(CucumberBuiltinKeywords.groovy)
	at com.kms.katalon.core.keyword.internal.KeywordMain.runKeyword(KeywordMain.groovy:68)
	at com.kms.katalon.core.keyword.internal.KeywordMain$runKeyword.call(Unknown Source)
	at com.kms.katalon.core.cucumber.keyword.CucumberBuiltinKeywords.runFeatureFile(CucumberBuiltinKeywords.groovy:46)
	at com.kms.katalon.core.cucumber.keyword.CucumberBuiltinKeywords$runFeatureFile$0.callStatic(Unknown Source)
	at com.kms.katalon.core.cucumber.keyword.CucumberBuiltinKeywords.runFeatureFile(CucumberBuiltinKeywords.groovy:169)
	at com.kms.katalon.core.cucumber.keyword.CucumberBuiltinKeywords$runFeatureFile.call(Unknown Source)
	at SLIK Gateway Customer Search By Status SUCCESS.run(SLIK Gateway Customer Search By Status SUCCESS:18)
	at com.kms.katalon.core.main.ScriptEngine.run(ScriptEngine.java:194)
	at com.kms.katalon.core.main.ScriptEngine.runScriptAsRawText(ScriptEngine.java:119)
	at com.kms.katalon.core.main.TestCaseExecutor.runScript(TestCaseExecutor.java:339)
	at com.kms.katalon.core.main.TestCaseExecutor.doExecute(TestCaseExecutor.java:330)
	at com.kms.katalon.core.main.TestCaseExecutor.processExecutionPhase(TestCaseExecutor.java:309)
	at com.kms.katalon.core.main.TestCaseExecutor.accessMainPhase(TestCaseExecutor.java:301)
	at com.kms.katalon.core.main.TestCaseExecutor.execute(TestCaseExecutor.java:235)
	at com.kms.katalon.core.main.TestSuiteExecutor.accessTestCaseMainPhase(TestSuiteExecutor.java:191)
	at com.kms.katalon.core.main.TestSuiteExecutor.accessTestSuiteMainPhase(TestSuiteExecutor.java:141)
	at com.kms.katalon.core.main.TestSuiteExecutor.execute(TestSuiteExecutor.java:90)
	at com.kms.katalon.core.main.TestCaseMain.startTestSuite(TestCaseMain.java:157)
	at com.kms.katalon.core.main.TestCaseMain$startTestSuite$0.call(Unknown Source)
	at TempTestSuite1602754326150.run(TempTestSuite1602754326150.groovy:39)


2020-10-15 16:34:05 - [TEST_STEP][FAILED] - runFeatureFile("Include/features/IST_Real/SLIK/SLIK Gateway Customer/SLIK_Gateway_Customer_Search_By_Status_SUCCESS.feature"): Keyword runFeatureFile was failed (Root cause: com.kms.katalon.core.exception.StepFailedException: Feature file 'Include/features/IST_Real/SLIK/SLIK Gateway Customer/SLIK_Gateway_Customer_Search_By_Status_SUCCESS.feature' was failed
	at com.kms.katalon.core.keyword.internal.KeywordMain.stepFailed(KeywordMain.groovy:50)
	at com.kms.katalon.core.keyword.internal.KeywordMain.stepFailed(KeywordMain.groovy)
	at com.kms.katalon.core.keyword.internal.KeywordMain.stepFailed(KeywordMain.groovy:23)
	at com.kms.katalon.core.keyword.internal.KeywordMain$stepFailed$0.call(Unknown Source)
	at com.kms.katalon.core.cucumber.keyword.CucumberBuiltinKeywords$_runFeatureFile_closure1.doCall(CucumberBuiltinKeywords.groovy:82)
	at com.kms.katalon.core.cucumber.keyword.CucumberBuiltinKeywords$_runFeatureFile_closure1.doCall(CucumberBuiltinKeywords.groovy)
	at com.kms.katalon.core.keyword.internal.KeywordMain.runKeyword(KeywordMain.groovy:68)
	at com.kms.katalon.core.keyword.internal.KeywordMain$runKeyword.call(Unknown Source)
	at com.kms.katalon.core.cucumber.keyword.CucumberBuiltinKeywords.runFeatureFile(CucumberBuiltinKeywords.groovy:46)
	at com.kms.katalon.core.cucumber.keyword.CucumberBuiltinKeywords$runFeatureFile$0.callStatic(Unknown Source)
	at com.kms.katalon.core.cucumber.keyword.CucumberBuiltinKeywords.runFeatureFile(CucumberBuiltinKeywords.groovy:169)
	at com.kms.katalon.core.cucumber.keyword.CucumberBuiltinKeywords$runFeatureFile.call(Unknown Source)
	at SLIK Gateway Customer Search By Status SUCCESS.run(SLIK Gateway Customer Search By Status SUCCESS:18)
	at com.kms.katalon.core.main.ScriptEngine.run(ScriptEngine.java:194)
	at com.kms.katalon.core.main.ScriptEngine.runScriptAsRawText(ScriptEngine.java:119)
	at com.kms.katalon.core.main.TestCaseExecutor.runScript(TestCaseExecutor.java:339)
	at com.kms.katalon.core.main.TestCaseExecutor.doExecute(TestCaseExecutor.java:330)
	at com.kms.katalon.core.main.TestCaseExecutor.processExecutionPhase(TestCaseExecutor.java:309)
	at com.kms.katalon.core.main.TestCaseExecutor.accessMainPhase(TestCaseExecutor.java:301)
	at com.kms.katalon.core.main.TestCaseExecutor.execute(TestCaseExecutor.java:235)
	at com.kms.katalon.core.main.TestSuiteExecutor.accessTestCaseMainPhase(TestSuiteExecutor.java:191)
	at com.kms.katalon.core.main.TestSuiteExecutor.accessTestSuiteMainPhase(TestSuiteExecutor.java:141)
	at com.kms.katalon.core.main.TestSuiteExecutor.execute(TestSuiteExecutor.java:90)
	at com.kms.katalon.core.main.TestCaseMain.startTestSuite(TestCaseMain.java:157)
	at com.kms.katalon.core.main.TestCaseMain$startTestSuite$0.call(Unknown Source)
	at TempTestSuite1602754326150.run(TempTestSuite1602754326150.groovy:39)
)

2020-10-15 16:34:05 - [MESSAGE][INFO] - Starting run keyword runFeatureFile: 'Include/features/IST_Real/SLIK/SLIK Gateway Customer/SLIK_Gateway_Customer_Search_By_Status_SUCCESS.feature' and extract report to folder: '/Users/chaidir.pratama01/Katalon Studio/IST_Automation_Git/Reports/20201015_163206/SLIK/TS_SLIK_Gateway_Customer/20201015_163206/cucumber_report/1602754445934'...

2020-10-15 16:34:06 - [TEST_CASE][FAILED] - Start Test Case : SCENARIO Search Result by Status: SCENARIO Search Result by Status FAILED.
Reason:
com.kms.katalon.core.exception.StepFailedException: Unable to scroll to object ''
	at com.kms.katalon.core.webui.keyword.internal.WebUIKeywordMain.stepFailed(WebUIKeywordMain.groovy:64)
	at com.kms.katalon.core.webui.keyword.internal.WebUIKeywordMain.runKeyword(WebUIKeywordMain.groovy:26)
	at com.kms.katalon.core.webui.keyword.builtin.ScrollToElementKeyword.scrollToElement(ScrollToElementKeyword.groovy:88)
	at com.kms.katalon.core.webui.keyword.builtin.ScrollToElementKeyword.execute(ScrollToElementKeyword.groovy:68)
	at com.kms.katalon.core.keyword.internal.KeywordExecutor.executeKeywordForPlatform(KeywordExecutor.groovy:73)
	at com.kms.katalon.core.webui.keyword.WebUiBuiltInKeywords.scrollToElement(WebUiBuiltInKeywords.groovy:3001)
	at com.kms.katalon.core.webui.keyword.WebUiBuiltInKeywords$scrollToElement$15.call(Unknown Source)
	at Slik_Script.Verify_Result_Status(Slik_Script.groovy:363)
	at ✽.Verify Search Result Based on Result Status(/Users/chaidir.pratama01/Katalon Studio/IST_Automation_Git/Include/features/IST_Real/SLIK/SLIK Gateway Customer/SLIK_Gateway_Customer_Search_By_Status_SUCCESS.feature:33)
Caused by: java.lang.IndexOutOfBoundsException: Index: 0, Size: 0
	at com.kms.katalon.core.webui.common.WebUiCommonHelper.buildLocator(WebUiCommonHelper.java:519)
	at com.kms.katalon.core.webui.common.WebUiCommonHelper.findElementByNormalMethods(WebUiCommonHelper.java:985)
	at com.kms.katalon.core.webui.common.WebUiCommonHelper.findElementsBySelectedMethod(WebUiCommonHelper.java:894)
	at com.kms.katalon.core.webui.common.WebUiCommonHelper.findElementsWithSelfHealing(WebUiCommonHelper.java:791)
	at com.kms.katalon.core.webui.common.WebUiCommonHelper.findWebElements(WebUiCommonHelper.java:717)
	at com.kms.katalon.core.webui.common.WebUiCommonHelper.findWebElement(WebUiCommonHelper.java:1349)
	at com.kms.katalon.core.webui.keyword.internal.WebUIAbstractKeyword.findWebElement(WebUIAbstractKeyword.groovy:27)
	at com.kms.katalon.core.webui.keyword.internal.WebUIAbstractKeyword.findWebElement(WebUIAbstractKeyword.groovy:26)
	at com.kms.katalon.core.webui.keyword.builtin.ScrollToElementKeyword$_scrollToElement_closure1.doCall(ScrollToElementKeyword.groovy:79)
	at com.kms.katalon.core.webui.keyword.builtin.ScrollToElementKeyword$_scrollToElement_closure1.call(ScrollToElementKeyword.groovy)
	at com.kms.katalon.core.webui.keyword.internal.WebUIKeywordMain.runKeyword(WebUIKeywordMain.groovy:20)
	at com.kms.katalon.core.webui.keyword.builtin.ScrollToElementKeyword.scrollToElement(ScrollToElementKeyword.groovy:88)
	at com.kms.katalon.core.webui.keyword.builtin.ScrollToElementKeyword.execute(ScrollToElementKeyword.groovy:68)
	at com.kms.katalon.core.keyword.internal.KeywordExecutor.executeKeywordForPlatform(KeywordExecutor.groovy:73)
	at com.kms.katalon.core.webui.keyword.WebUiBuiltInKeywords.scrollToElement(WebUiBuiltInKeywords.groovy:3001)
	at com.kms.katalon.core.webui.keyword.WebUiBuiltInKeywords$scrollToElement$15.call(Unknown Source)
	at Slik_Script.Verify_Result_Status(Slik_Script.groovy:363)
	at cucumber.runtime.Utils$1.call(Utils.java:26)
	at cucumber.runtime.Timeout.timeout(Timeout.java:16)
	at cucumber.runtime.Utils.invoke(Utils.java:20)
	at cucumber.runtime.java.JavaStepDefinition.execute(JavaStepDefinition.java:48)
	at cucumber.runtime.PickleStepDefinitionMatch.runStep(PickleStepDefinitionMatch.java:50)
	at cucumber.runner.TestStep.executeStep(TestStep.java:55)
	at cucumber.runner.TestStep.run(TestStep.java:42)
	at cucumber.runner.PickleStepTestStep.run(PickleStepTestStep.java:53)
	at cucumber.runner.TestCase.run(TestCase.java:47)
	at cucumber.runner.Runner.runPickle(Runner.java:44)
	at cucumber.runtime.Runtime.runFeature(Runtime.java:120)
	at cucumber.runtime.Runtime.run(Runtime.java:106)
	at cucumber.api.cli.Main.run(Main.java:35)
	at cucumber.api.cli.Main$run.call(Unknown Source)
	at com.kms.katalon.core.cucumber.keyword.CucumberBuiltinKeywords$_runFeatureFile_closure1.doCall(CucumberBuiltinKeywords.groovy:76)
	at com.kms.katalon.core.cucumber.keyword.CucumberBuiltinKeywords$_runFeatureFile_closure1.doCall(CucumberBuiltinKeywords.groovy)
	at com.kms.katalon.core.keyword.internal.KeywordMain.runKeyword(KeywordMain.groovy:68)
	at com.kms.katalon.core.keyword.internal.KeywordMain$runKeyword.call(Unknown Source)
	at com.kms.katalon.core.cucumber.keyword.CucumberBuiltinKeywords.runFeatureFile(CucumberBuiltinKeywords.groovy:46)
	at com.kms.katalon.core.cucumber.keyword.CucumberBuiltinKeywords$runFeatureFile$0.callStatic(Unknown Source)
	at com.kms.katalon.core.cucumber.keyword.CucumberBuiltinKeywords.runFeatureFile(CucumberBuiltinKeywords.groovy:169)
	at com.kms.katalon.core.cucumber.keyword.CucumberBuiltinKeywords$runFeatureFile.call(Unknown Source)
	at SLIK Gateway Customer Search By Status SUCCESS.run(SLIK Gateway Customer Search By Status SUCCESS:18)
	at com.kms.katalon.core.main.ScriptEngine.run(ScriptEngine.java:194)
	at com.kms.katalon.core.main.ScriptEngine.runScriptAsRawText(ScriptEngine.java:119)
	at com.kms.katalon.core.main.TestCaseExecutor.runScript(TestCaseExecutor.java:339)
	at com.kms.katalon.core.main.TestCaseExecutor.doExecute(TestCaseExecutor.java:330)
	at com.kms.katalon.core.main.TestCaseExecutor.processExecutionPhase(TestCaseExecutor.java:309)
	at com.kms.katalon.core.main.TestCaseExecutor.accessMainPhase(TestCaseExecutor.java:301)
	at com.kms.katalon.core.main.TestCaseExecutor.execute(TestCaseExecutor.java:235)
	at com.kms.katalon.core.main.TestSuiteExecutor.accessTestCaseMainPhase(TestSuiteExecutor.java:191)
	at com.kms.katalon.core.main.TestSuiteExecutor.accessTestSuiteMainPhase(TestSuiteExecutor.java:141)
	at com.kms.katalon.core.main.TestSuiteExecutor.execute(TestSuiteExecutor.java:90)
	at com.kms.katalon.core.main.TestCaseMain.startTestSuite(TestCaseMain.java:157)
	at com.kms.katalon.core.main.TestCaseMain$startTestSuite$0.call(Unknown Source)
	at TempTestSuite1602754326150.run(TempTestSuite1602754326150.groovy:39)


2020-10-15 16:34:06 - [TEST_STEP][PASSED] - Go to ISTools: Go to ISTools

2020-10-15 16:34:06 - [MESSAGE][INFO] - Starting 'Chrome' driver

2020-10-15 16:34:06 - [MESSAGE][INFO] - User set preference: ['AcceptInsecureCerts', 'true']

2020-10-15 16:34:06 - [MESSAGE][INFO] - User set preference: ['args', '[ignore-certificate-errors]']

2020-10-15 16:34:06 - [MESSAGE][INFO] - Action delay is set to 0 milliseconds

2020-10-15 16:34:07 - [MESSAGE][PASSED] - Browser is opened with url: ''

2020-10-15 16:34:07 - [MESSAGE][PASSED] - Navigate to 'https://dev-istools.homecredit.id/foundation/' successfully

2020-10-15 16:34:07 - [MESSAGE][PASSED] - Go to ISTools

2020-10-15 16:34:07 - [TEST_STEP][PASSED] - Login IST with valid credentials: Login IST with valid credentials

2020-10-15 16:34:08 - [MESSAGE][PASSED] - Text 'mobile.test' is set on object 'Object Repository/Page_/input_Username_j_username'

2020-10-15 16:34:09 - [MESSAGE][PASSED] - Text ****** has been set on object 'Object Repository/Page_/input_Password_j_password'

2020-10-15 16:34:09 - [MESSAGE][PASSED] - Object: 'Object Repository/Page_/button_Login' is clicked on

2020-10-15 16:34:09 - [MESSAGE][PASSED] - Login IST with valid credentials

2020-10-15 16:34:09 - [TEST_STEP][PASSED] - Login Success for contract dispatcher: Login Success for contract dispatcher

2020-10-15 16:34:09 - [MESSAGE][INFO] - Login Success

2020-10-15 16:34:09 - [MESSAGE][PASSED] - Current window maximized

2020-10-15 16:34:10 - [MESSAGE][PASSED] - Object 'Object Repository/Page_/h1_Welcome to IT Supporting Tools' is present

2020-10-15 16:34:10 - [MESSAGE][PASSED] - Login Success for contract dispatcher

2020-10-15 16:34:10 - [TEST_STEP][PASSED] - Select Menu SLIK Gateway Customer: Select Menu SLIK Gateway Customer

2020-10-15 16:34:10 - [MESSAGE][PASSED] - Object '' is present

2020-10-15 16:34:10 - [MESSAGE][PASSED] - Object: '' is clicked on

2020-10-15 16:34:10 - [MESSAGE][PASSED] - Wait for page load successfully

2020-10-15 16:34:10 - [MESSAGE][PASSED] - Select Menu SLIK Gateway Customer

2020-10-15 16:34:10 - [TEST_STEP][PASSED] - Select Status is "SUCCESS": Select Status is "SUCCESS"

2020-10-15 16:34:11 - [MESSAGE][PASSED] - All options with value 'SUCCESS' are selected in object ''  using regular expression

2020-10-15 16:34:11 - [MESSAGE][PASSED] - Select Status is "SUCCESS"

2020-10-15 16:34:11 - [TEST_STEP][PASSED] - Click button "Search": Click button "Search"

2020-10-15 16:34:11 - [MESSAGE][INFO] - >>>>>//Button[contains(text(),'Search')]

2020-10-15 16:34:15 - [MESSAGE][PASSED] - Object: '' is clicked on

2020-10-15 16:34:15 - [MESSAGE][PASSED] - Click button "Search"

2020-10-15 16:34:15 - [TEST_STEP][FAILED] - Verify Search Result Based on Result Status: Verify Search Result Based on Result Status FAILED.
Reason:
com.kms.katalon.core.exception.StepFailedException: Unable to scroll to object ''
	at com.kms.katalon.core.webui.keyword.internal.WebUIKeywordMain.stepFailed(WebUIKeywordMain.groovy:64)
	at com.kms.katalon.core.webui.keyword.internal.WebUIKeywordMain.runKeyword(WebUIKeywordMain.groovy:26)
	at com.kms.katalon.core.webui.keyword.builtin.ScrollToElementKeyword.scrollToElement(ScrollToElementKeyword.groovy:88)
	at com.kms.katalon.core.webui.keyword.builtin.ScrollToElementKeyword.execute(ScrollToElementKeyword.groovy:68)
	at com.kms.katalon.core.keyword.internal.KeywordExecutor.executeKeywordForPlatform(KeywordExecutor.groovy:73)
	at com.kms.katalon.core.webui.keyword.WebUiBuiltInKeywords.scrollToElement(WebUiBuiltInKeywords.groovy:3001)
	at com.kms.katalon.core.webui.keyword.WebUiBuiltInKeywords$scrollToElement$15.call(Unknown Source)
	at Slik_Script.Verify_Result_Status(Slik_Script.groovy:363)
	at ✽.Verify Search Result Based on Result Status(/Users/chaidir.pratama01/Katalon Studio/IST_Automation_Git/Include/features/IST_Real/SLIK/SLIK Gateway Customer/SLIK_Gateway_Customer_Search_By_Status_SUCCESS.feature:33)
Caused by: java.lang.IndexOutOfBoundsException: Index: 0, Size: 0
	at com.kms.katalon.core.webui.common.WebUiCommonHelper.buildLocator(WebUiCommonHelper.java:519)
	at com.kms.katalon.core.webui.common.WebUiCommonHelper.findElementByNormalMethods(WebUiCommonHelper.java:985)
	at com.kms.katalon.core.webui.common.WebUiCommonHelper.findElementsBySelectedMethod(WebUiCommonHelper.java:894)
	at com.kms.katalon.core.webui.common.WebUiCommonHelper.findElementsWithSelfHealing(WebUiCommonHelper.java:791)
	at com.kms.katalon.core.webui.common.WebUiCommonHelper.findWebElements(WebUiCommonHelper.java:717)
	at com.kms.katalon.core.webui.common.WebUiCommonHelper.findWebElement(WebUiCommonHelper.java:1349)
	at com.kms.katalon.core.webui.keyword.internal.WebUIAbstractKeyword.findWebElement(WebUIAbstractKeyword.groovy:27)
	at com.kms.katalon.core.webui.keyword.internal.WebUIAbstractKeyword.findWebElement(WebUIAbstractKeyword.groovy:26)
	at com.kms.katalon.core.webui.keyword.builtin.ScrollToElementKeyword$_scrollToElement_closure1.doCall(ScrollToElementKeyword.groovy:79)
	at com.kms.katalon.core.webui.keyword.builtin.ScrollToElementKeyword$_scrollToElement_closure1.call(ScrollToElementKeyword.groovy)
	at com.kms.katalon.core.webui.keyword.internal.WebUIKeywordMain.runKeyword(WebUIKeywordMain.groovy:20)
	at com.kms.katalon.core.webui.keyword.builtin.ScrollToElementKeyword.scrollToElement(ScrollToElementKeyword.groovy:88)
	at com.kms.katalon.core.webui.keyword.builtin.ScrollToElementKeyword.execute(ScrollToElementKeyword.groovy:68)
	at com.kms.katalon.core.keyword.internal.KeywordExecutor.executeKeywordForPlatform(KeywordExecutor.groovy:73)
	at com.kms.katalon.core.webui.keyword.WebUiBuiltInKeywords.scrollToElement(WebUiBuiltInKeywords.groovy:3001)
	at com.kms.katalon.core.webui.keyword.WebUiBuiltInKeywords$scrollToElement$15.call(Unknown Source)
	at Slik_Script.Verify_Result_Status(Slik_Script.groovy:363)
	at cucumber.runtime.Utils$1.call(Utils.java:26)
	at cucumber.runtime.Timeout.timeout(Timeout.java:16)
	at cucumber.runtime.Utils.invoke(Utils.java:20)
	at cucumber.runtime.java.JavaStepDefinition.execute(JavaStepDefinition.java:48)
	at cucumber.runtime.PickleStepDefinitionMatch.runStep(PickleStepDefinitionMatch.java:50)
	at cucumber.runner.TestStep.executeStep(TestStep.java:55)
	at cucumber.runner.TestStep.run(TestStep.java:42)
	at cucumber.runner.PickleStepTestStep.run(PickleStepTestStep.java:53)
	at cucumber.runner.TestCase.run(TestCase.java:47)
	at cucumber.runner.Runner.runPickle(Runner.java:44)
	at cucumber.runtime.Runtime.runFeature(Runtime.java:120)
	at cucumber.runtime.Runtime.run(Runtime.java:106)
	at cucumber.api.cli.Main.run(Main.java:35)
	at cucumber.api.cli.Main$run.call(Unknown Source)
	at com.kms.katalon.core.cucumber.keyword.CucumberBuiltinKeywords$_runFeatureFile_closure1.doCall(CucumberBuiltinKeywords.groovy:76)
	at com.kms.katalon.core.cucumber.keyword.CucumberBuiltinKeywords$_runFeatureFile_closure1.doCall(CucumberBuiltinKeywords.groovy)
	at com.kms.katalon.core.keyword.internal.KeywordMain.runKeyword(KeywordMain.groovy:68)
	at com.kms.katalon.core.keyword.internal.KeywordMain$runKeyword.call(Unknown Source)
	at com.kms.katalon.core.cucumber.keyword.CucumberBuiltinKeywords.runFeatureFile(CucumberBuiltinKeywords.groovy:46)
	at com.kms.katalon.core.cucumber.keyword.CucumberBuiltinKeywords$runFeatureFile$0.callStatic(Unknown Source)
	at com.kms.katalon.core.cucumber.keyword.CucumberBuiltinKeywords.runFeatureFile(CucumberBuiltinKeywords.groovy:169)
	at com.kms.katalon.core.cucumber.keyword.CucumberBuiltinKeywords$runFeatureFile.call(Unknown Source)
	at SLIK Gateway Customer Search By Status SUCCESS.run(SLIK Gateway Customer Search By Status SUCCESS:18)
	at com.kms.katalon.core.main.ScriptEngine.run(ScriptEngine.java:194)
	at com.kms.katalon.core.main.ScriptEngine.runScriptAsRawText(ScriptEngine.java:119)
	at com.kms.katalon.core.main.TestCaseExecutor.runScript(TestCaseExecutor.java:339)
	at com.kms.katalon.core.main.TestCaseExecutor.doExecute(TestCaseExecutor.java:330)
	at com.kms.katalon.core.main.TestCaseExecutor.processExecutionPhase(TestCaseExecutor.java:309)
	at com.kms.katalon.core.main.TestCaseExecutor.accessMainPhase(TestCaseExecutor.java:301)
	at com.kms.katalon.core.main.TestCaseExecutor.execute(TestCaseExecutor.java:235)
	at com.kms.katalon.core.main.TestSuiteExecutor.accessTestCaseMainPhase(TestSuiteExecutor.java:191)
	at com.kms.katalon.core.main.TestSuiteExecutor.accessTestSuiteMainPhase(TestSuiteExecutor.java:141)
	at com.kms.katalon.core.main.TestSuiteExecutor.execute(TestSuiteExecutor.java:90)
	at com.kms.katalon.core.main.TestCaseMain.startTestSuite(TestCaseMain.java:157)
	at com.kms.katalon.core.main.TestCaseMain$startTestSuite$0.call(Unknown Source)
	at TempTestSuite1602754326150.run(TempTestSuite1602754326150.groovy:39)


2020-10-15 16:34:46 - [MESSAGE][INFO] - Unable to find the element located by 'By.xpath: //span[text()='Search Result']/../../../following-sibling::div[@class='z-groupbox-content']/div[@class='z-grid']/div[@class='z-grid-body']/table/tbody/tr/td[5]/div/span'. Please recheck the objects properties to make sure the desired element is located. 

2020-10-15 16:34:46 - [MESSAGE][WARNING] - [SELF-HEALING] Failed to find element with id ''. Try using Self-healing.

2020-10-15 16:34:47 - [MESSAGE][FAILED] - Unable to scroll to object '' (Root cause: com.kms.katalon.core.exception.StepFailedException: Unable to scroll to object ''
	at com.kms.katalon.core.webui.keyword.internal.WebUIKeywordMain.stepFailed(WebUIKeywordMain.groovy:64)
	at com.kms.katalon.core.webui.keyword.internal.WebUIKeywordMain.runKeyword(WebUIKeywordMain.groovy:26)
	at com.kms.katalon.core.webui.keyword.builtin.ScrollToElementKeyword.scrollToElement(ScrollToElementKeyword.groovy:88)
	at com.kms.katalon.core.webui.keyword.builtin.ScrollToElementKeyword.execute(ScrollToElementKeyword.groovy:68)
	at com.kms.katalon.core.keyword.internal.KeywordExecutor.executeKeywordForPlatform(KeywordExecutor.groovy:73)
	at com.kms.katalon.core.webui.keyword.WebUiBuiltInKeywords.scrollToElement(WebUiBuiltInKeywords.groovy:3001)
	at com.kms.katalon.core.webui.keyword.WebUiBuiltInKeywords$scrollToElement$15.call(Unknown Source)
	at Slik_Script.Verify_Result_Status(Slik_Script.groovy:363)
	at cucumber.runtime.Utils$1.call(Utils.java:26)
	at cucumber.runtime.Timeout.timeout(Timeout.java:16)
	at cucumber.runtime.Utils.invoke(Utils.java:20)
	at cucumber.runtime.java.JavaStepDefinition.execute(JavaStepDefinition.java:48)
	at cucumber.runtime.PickleStepDefinitionMatch.runStep(PickleStepDefinitionMatch.java:50)
	at cucumber.runner.TestStep.executeStep(TestStep.java:55)
	at cucumber.runner.TestStep.run(TestStep.java:42)
	at cucumber.runner.PickleStepTestStep.run(PickleStepTestStep.java:53)
	at cucumber.runner.TestCase.run(TestCase.java:47)
	at cucumber.runner.Runner.runPickle(Runner.java:44)
	at cucumber.runtime.Runtime.runFeature(Runtime.java:120)
	at cucumber.runtime.Runtime.run(Runtime.java:106)
	at cucumber.api.cli.Main.run(Main.java:35)
	at cucumber.api.cli.Main$run.call(Unknown Source)
	at com.kms.katalon.core.cucumber.keyword.CucumberBuiltinKeywords$_runFeatureFile_closure1.doCall(CucumberBuiltinKeywords.groovy:76)
	at com.kms.katalon.core.cucumber.keyword.CucumberBuiltinKeywords$_runFeatureFile_closure1.doCall(CucumberBuiltinKeywords.groovy)
	at com.kms.katalon.core.keyword.internal.KeywordMain.runKeyword(KeywordMain.groovy:68)
	at com.kms.katalon.core.keyword.internal.KeywordMain$runKeyword.call(Unknown Source)
	at com.kms.katalon.core.cucumber.keyword.CucumberBuiltinKeywords.runFeatureFile(CucumberBuiltinKeywords.groovy:46)
	at com.kms.katalon.core.cucumber.keyword.CucumberBuiltinKeywords$runFeatureFile$0.callStatic(Unknown Source)
	at com.kms.katalon.core.cucumber.keyword.CucumberBuiltinKeywords.runFeatureFile(CucumberBuiltinKeywords.groovy:169)
	at com.kms.katalon.core.cucumber.keyword.CucumberBuiltinKeywords$runFeatureFile.call(Unknown Source)
	at SLIK Gateway Customer Search By Status SUCCESS.run(SLIK Gateway Customer Search By Status SUCCESS:18)
	at com.kms.katalon.core.main.ScriptEngine.run(ScriptEngine.java:194)
	at com.kms.katalon.core.main.ScriptEngine.runScriptAsRawText(ScriptEngine.java:119)
	at com.kms.katalon.core.main.TestCaseExecutor.runScript(TestCaseExecutor.java:339)
	at com.kms.katalon.core.main.TestCaseExecutor.doExecute(TestCaseExecutor.java:330)
	at com.kms.katalon.core.main.TestCaseExecutor.processExecutionPhase(TestCaseExecutor.java:309)
	at com.kms.katalon.core.main.TestCaseExecutor.accessMainPhase(TestCaseExecutor.java:301)
	at com.kms.katalon.core.main.TestCaseExecutor.execute(TestCaseExecutor.java:235)
	at com.kms.katalon.core.main.TestSuiteExecutor.accessTestCaseMainPhase(TestSuiteExecutor.java:191)
	at com.kms.katalon.core.main.TestSuiteExecutor.accessTestSuiteMainPhase(TestSuiteExecutor.java:141)
	at com.kms.katalon.core.main.TestSuiteExecutor.execute(TestSuiteExecutor.java:90)
	at com.kms.katalon.core.main.TestCaseMain.startTestSuite(TestCaseMain.java:157)
	at com.kms.katalon.core.main.TestCaseMain$startTestSuite$0.call(Unknown Source)
	at TempTestSuite1602754326150.run(TempTestSuite1602754326150.groovy:39)
Caused by: java.lang.IndexOutOfBoundsException: Index: 0, Size: 0
	at com.kms.katalon.core.webui.common.WebUiCommonHelper.buildLocator(WebUiCommonHelper.java:519)
	at com.kms.katalon.core.webui.common.WebUiCommonHelper.findElementByNormalMethods(WebUiCommonHelper.java:985)
	at com.kms.katalon.core.webui.common.WebUiCommonHelper.findElementsBySelectedMethod(WebUiCommonHelper.java:894)
	at com.kms.katalon.core.webui.common.WebUiCommonHelper.findElementsWithSelfHealing(WebUiCommonHelper.java:791)
	at com.kms.katalon.core.webui.common.WebUiCommonHelper.findWebElements(WebUiCommonHelper.java:717)
	at com.kms.katalon.core.webui.common.WebUiCommonHelper.findWebElement(WebUiCommonHelper.java:1349)
	at com.kms.katalon.core.webui.keyword.internal.WebUIAbstractKeyword.findWebElement(WebUIAbstractKeyword.groovy:27)
	at com.kms.katalon.core.webui.keyword.internal.WebUIAbstractKeyword.findWebElement(WebUIAbstractKeyword.groovy:26)
	at com.kms.katalon.core.webui.keyword.builtin.ScrollToElementKeyword$_scrollToElement_closure1.doCall(ScrollToElementKeyword.groovy:79)
	at com.kms.katalon.core.webui.keyword.builtin.ScrollToElementKeyword$_scrollToElement_closure1.call(ScrollToElementKeyword.groovy)
	at com.kms.katalon.core.webui.keyword.internal.WebUIKeywordMain.runKeyword(WebUIKeywordMain.groovy:20)
	at com.kms.katalon.core.webui.keyword.builtin.ScrollToElementKeyword.scrollToElement(ScrollToElementKeyword.groovy:88)
	at com.kms.katalon.core.webui.keyword.builtin.ScrollToElementKeyword.execute(ScrollToElementKeyword.groovy:68)
	at com.kms.katalon.core.keyword.internal.KeywordExecutor.executeKeywordForPlatform(KeywordExecutor.groovy:73)
	at com.kms.katalon.core.webui.keyword.WebUiBuiltInKeywords.scrollToElement(WebUiBuiltInKeywords.groovy:3001)
	at com.kms.katalon.core.webui.keyword.WebUiBuiltInKeywords$scrollToElement$15.call(Unknown Source)
	at Slik_Script.Verify_Result_Status(Slik_Script.groovy:363)
	at cucumber.runtime.Utils$1.call(Utils.java:26)
	at cucumber.runtime.Timeout.timeout(Timeout.java:16)
	at cucumber.runtime.Utils.invoke(Utils.java:20)
	at cucumber.runtime.java.JavaStepDefinition.execute(JavaStepDefinition.java:48)
	at cucumber.runtime.PickleStepDefinitionMatch.runStep(PickleStepDefinitionMatch.java:50)
	at cucumber.runner.TestStep.executeStep(TestStep.java:55)
	at cucumber.runner.TestStep.run(TestStep.java:42)
	at cucumber.runner.PickleStepTestStep.run(PickleStepTestStep.java:53)
	at cucumber.runner.TestCase.run(TestCase.java:47)
	at cucumber.runner.Runner.runPickle(Runner.java:44)
	at cucumber.runtime.Runtime.runFeature(Runtime.java:120)
	at cucumber.runtime.Runtime.run(Runtime.java:106)
	at cucumber.api.cli.Main.run(Main.java:35)
	at cucumber.api.cli.Main$run.call(Unknown Source)
	at com.kms.katalon.core.cucumber.keyword.CucumberBuiltinKeywords$_runFeatureFile_closure1.doCall(CucumberBuiltinKeywords.groovy:76)
	at com.kms.katalon.core.cucumber.keyword.CucumberBuiltinKeywords$_runFeatureFile_closure1.doCall(CucumberBuiltinKeywords.groovy)
	at com.kms.katalon.core.keyword.internal.KeywordMain.runKeyword(KeywordMain.groovy:68)
	at com.kms.katalon.core.keyword.internal.KeywordMain$runKeyword.call(Unknown Source)
	at com.kms.katalon.core.cucumber.keyword.CucumberBuiltinKeywords.runFeatureFile(CucumberBuiltinKeywords.groovy:46)
	at com.kms.katalon.core.cucumber.keyword.CucumberBuiltinKeywords$runFeatureFile$0.callStatic(Unknown Source)
	at com.kms.katalon.core.cucumber.keyword.CucumberBuiltinKeywords.runFeatureFile(CucumberBuiltinKeywords.groovy:169)
	at com.kms.katalon.core.cucumber.keyword.CucumberBuiltinKeywords$runFeatureFile.call(Unknown Source)
	at Script1600852348012.run(Script1600852348012.groovy:18)
	... 13 more
)
[[ATTACHMENT|/Users/chaidir.pratama01/Katalon Studio/IST_Automation_Git/Reports/20201015_163206/SLIK/TS_SLIK_Gateway_Customer/20201015_163206/1602754486777.png]]

2020-10-15 16:34:47 - [MESSAGE][FAILED] - Verify Search Result Based on Result Status FAILED.
Reason:
com.kms.katalon.core.exception.StepFailedException: Unable to scroll to object ''
	at com.kms.katalon.core.webui.keyword.internal.WebUIKeywordMain.stepFailed(WebUIKeywordMain.groovy:64)
	at com.kms.katalon.core.webui.keyword.internal.WebUIKeywordMain.runKeyword(WebUIKeywordMain.groovy:26)
	at com.kms.katalon.core.webui.keyword.builtin.ScrollToElementKeyword.scrollToElement(ScrollToElementKeyword.groovy:88)
	at com.kms.katalon.core.webui.keyword.builtin.ScrollToElementKeyword.execute(ScrollToElementKeyword.groovy:68)
	at com.kms.katalon.core.keyword.internal.KeywordExecutor.executeKeywordForPlatform(KeywordExecutor.groovy:73)
	at com.kms.katalon.core.webui.keyword.WebUiBuiltInKeywords.scrollToElement(WebUiBuiltInKeywords.groovy:3001)
	at com.kms.katalon.core.webui.keyword.WebUiBuiltInKeywords$scrollToElement$15.call(Unknown Source)
	at Slik_Script.Verify_Result_Status(Slik_Script.groovy:363)
	at ✽.Verify Search Result Based on Result Status(/Users/chaidir.pratama01/Katalon Studio/IST_Automation_Git/Include/features/IST_Real/SLIK/SLIK Gateway Customer/SLIK_Gateway_Customer_Search_By_Status_SUCCESS.feature:33)
Caused by: java.lang.IndexOutOfBoundsException: Index: 0, Size: 0
	at com.kms.katalon.core.webui.common.WebUiCommonHelper.buildLocator(WebUiCommonHelper.java:519)
	at com.kms.katalon.core.webui.common.WebUiCommonHelper.findElementByNormalMethods(WebUiCommonHelper.java:985)
	at com.kms.katalon.core.webui.common.WebUiCommonHelper.findElementsBySelectedMethod(WebUiCommonHelper.java:894)
	at com.kms.katalon.core.webui.common.WebUiCommonHelper.findElementsWithSelfHealing(WebUiCommonHelper.java:791)
	at com.kms.katalon.core.webui.common.WebUiCommonHelper.findWebElements(WebUiCommonHelper.java:717)
	at com.kms.katalon.core.webui.common.WebUiCommonHelper.findWebElement(WebUiCommonHelper.java:1349)
	at com.kms.katalon.core.webui.keyword.internal.WebUIAbstractKeyword.findWebElement(WebUIAbstractKeyword.groovy:27)
	at com.kms.katalon.core.webui.keyword.internal.WebUIAbstractKeyword.findWebElement(WebUIAbstractKeyword.groovy:26)
	at com.kms.katalon.core.webui.keyword.builtin.ScrollToElementKeyword$_scrollToElement_closure1.doCall(ScrollToElementKeyword.groovy:79)
	at com.kms.katalon.core.webui.keyword.builtin.ScrollToElementKeyword$_scrollToElement_closure1.call(ScrollToElementKeyword.groovy)
	at com.kms.katalon.core.webui.keyword.internal.WebUIKeywordMain.runKeyword(WebUIKeywordMain.groovy:20)
	at com.kms.katalon.core.webui.keyword.builtin.ScrollToElementKeyword.scrollToElement(ScrollToElementKeyword.groovy:88)
	at com.kms.katalon.core.webui.keyword.builtin.ScrollToElementKeyword.execute(ScrollToElementKeyword.groovy:68)
	at com.kms.katalon.core.keyword.internal.KeywordExecutor.executeKeywordForPlatform(KeywordExecutor.groovy:73)
	at com.kms.katalon.core.webui.keyword.WebUiBuiltInKeywords.scrollToElement(WebUiBuiltInKeywords.groovy:3001)
	at com.kms.katalon.core.webui.keyword.WebUiBuiltInKeywords$scrollToElement$15.call(Unknown Source)
	at Slik_Script.Verify_Result_Status(Slik_Script.groovy:363)
	at cucumber.runtime.Utils$1.call(Utils.java:26)
	at cucumber.runtime.Timeout.timeout(Timeout.java:16)
	at cucumber.runtime.Utils.invoke(Utils.java:20)
	at cucumber.runtime.java.JavaStepDefinition.execute(JavaStepDefinition.java:48)
	at cucumber.runtime.PickleStepDefinitionMatch.runStep(PickleStepDefinitionMatch.java:50)
	at cucumber.runner.TestStep.executeStep(TestStep.java:55)
	at cucumber.runner.TestStep.run(TestStep.java:42)
	at cucumber.runner.PickleStepTestStep.run(PickleStepTestStep.java:53)
	at cucumber.runner.TestCase.run(TestCase.java:47)
	at cucumber.runner.Runner.runPickle(Runner.java:44)
	at cucumber.runtime.Runtime.runFeature(Runtime.java:120)
	at cucumber.runtime.Runtime.run(Runtime.java:106)
	at cucumber.api.cli.Main.run(Main.java:35)
	at cucumber.api.cli.Main$run.call(Unknown Source)
	at com.kms.katalon.core.cucumber.keyword.CucumberBuiltinKeywords$_runFeatureFile_closure1.doCall(CucumberBuiltinKeywords.groovy:76)
	at com.kms.katalon.core.cucumber.keyword.CucumberBuiltinKeywords$_runFeatureFile_closure1.doCall(CucumberBuiltinKeywords.groovy)
	at com.kms.katalon.core.keyword.internal.KeywordMain.runKeyword(KeywordMain.groovy:68)
	at com.kms.katalon.core.keyword.internal.KeywordMain$runKeyword.call(Unknown Source)
	at com.kms.katalon.core.cucumber.keyword.CucumberBuiltinKeywords.runFeatureFile(CucumberBuiltinKeywords.groovy:46)
	at com.kms.katalon.core.cucumber.keyword.CucumberBuiltinKeywords$runFeatureFile$0.callStatic(Unknown Source)
	at com.kms.katalon.core.cucumber.keyword.CucumberBuiltinKeywords.runFeatureFile(CucumberBuiltinKeywords.groovy:169)
	at com.kms.katalon.core.cucumber.keyword.CucumberBuiltinKeywords$runFeatureFile.call(Unknown Source)
	at SLIK Gateway Customer Search By Status SUCCESS.run(SLIK Gateway Customer Search By Status SUCCESS:18)
	at com.kms.katalon.core.main.ScriptEngine.run(ScriptEngine.java:194)
	at com.kms.katalon.core.main.ScriptEngine.runScriptAsRawText(ScriptEngine.java:119)
	at com.kms.katalon.core.main.TestCaseExecutor.runScript(TestCaseExecutor.java:339)
	at com.kms.katalon.core.main.TestCaseExecutor.doExecute(TestCaseExecutor.java:330)
	at com.kms.katalon.core.main.TestCaseExecutor.processExecutionPhase(TestCaseExecutor.java:309)
	at com.kms.katalon.core.main.TestCaseExecutor.accessMainPhase(TestCaseExecutor.java:301)
	at com.kms.katalon.core.main.TestCaseExecutor.execute(TestCaseExecutor.java:235)
	at com.kms.katalon.core.main.TestSuiteExecutor.accessTestCaseMainPhase(TestSuiteExecutor.java:191)
	at com.kms.katalon.core.main.TestSuiteExecutor.accessTestSuiteMainPhase(TestSuiteExecutor.java:141)
	at com.kms.katalon.core.main.TestSuiteExecutor.execute(TestSuiteExecutor.java:90)
	at com.kms.katalon.core.main.TestCaseMain.startTestSuite(TestCaseMain.java:157)
	at com.kms.katalon.core.main.TestCaseMain$startTestSuite$0.call(Unknown Source)
	at TempTestSuite1602754326150.run(TempTestSuite1602754326150.groovy:39)


2020-10-15 16:34:47 - [TEST_STEP][NOT_RUN] - Click button "Logout": Click button "Logout"

2020-10-15 16:34:47 - [MESSAGE][NOT_RUN] - Click button "Logout"

2020-10-15 16:34:47 - [TEST_STEP][NOT_RUN] - Close browser: Close browser

2020-10-15 16:34:47 - [MESSAGE][NOT_RUN] - Close browser

2020-10-15 16:34:47 - [MESSAGE][FAILED] - Feature file 'Include/features/IST_Real/SLIK/SLIK Gateway Customer/SLIK_Gateway_Customer_Search_By_Status_SUCCESS.feature' was failed

2020-10-15 16:34:47 - [MESSAGE][FAILED] - Keyword runFeatureFile was failed (Root cause: com.kms.katalon.core.exception.StepFailedException: Feature file 'Include/features/IST_Real/SLIK/SLIK Gateway Customer/SLIK_Gateway_Customer_Search_By_Status_SUCCESS.feature' was failed
	at com.kms.katalon.core.keyword.internal.KeywordMain.stepFailed(KeywordMain.groovy:50)
	at com.kms.katalon.core.keyword.internal.KeywordMain.stepFailed(KeywordMain.groovy)
	at com.kms.katalon.core.keyword.internal.KeywordMain.stepFailed(KeywordMain.groovy:23)
	at com.kms.katalon.core.keyword.internal.KeywordMain$stepFailed$0.call(Unknown Source)
	at com.kms.katalon.core.cucumber.keyword.CucumberBuiltinKeywords$_runFeatureFile_closure1.doCall(CucumberBuiltinKeywords.groovy:82)
	at com.kms.katalon.core.cucumber.keyword.CucumberBuiltinKeywords$_runFeatureFile_closure1.doCall(CucumberBuiltinKeywords.groovy)
	at com.kms.katalon.core.keyword.internal.KeywordMain.runKeyword(KeywordMain.groovy:68)
	at com.kms.katalon.core.keyword.internal.KeywordMain$runKeyword.call(Unknown Source)
	at com.kms.katalon.core.cucumber.keyword.CucumberBuiltinKeywords.runFeatureFile(CucumberBuiltinKeywords.groovy:46)
	at com.kms.katalon.core.cucumber.keyword.CucumberBuiltinKeywords$runFeatureFile$0.callStatic(Unknown Source)
	at com.kms.katalon.core.cucumber.keyword.CucumberBuiltinKeywords.runFeatureFile(CucumberBuiltinKeywords.groovy:169)
	at com.kms.katalon.core.cucumber.keyword.CucumberBuiltinKeywords$runFeatureFile.call(Unknown Source)
	at SLIK Gateway Customer Search By Status SUCCESS.run(SLIK Gateway Customer Search By Status SUCCESS:18)
	at com.kms.katalon.core.main.ScriptEngine.run(ScriptEngine.java:194)
	at com.kms.katalon.core.main.ScriptEngine.runScriptAsRawText(ScriptEngine.java:119)
	at com.kms.katalon.core.main.TestCaseExecutor.runScript(TestCaseExecutor.java:339)
	at com.kms.katalon.core.main.TestCaseExecutor.doExecute(TestCaseExecutor.java:330)
	at com.kms.katalon.core.main.TestCaseExecutor.processExecutionPhase(TestCaseExecutor.java:309)
	at com.kms.katalon.core.main.TestCaseExecutor.accessMainPhase(TestCaseExecutor.java:301)
	at com.kms.katalon.core.main.TestCaseExecutor.execute(TestCaseExecutor.java:235)
	at com.kms.katalon.core.main.TestSuiteExecutor.accessTestCaseMainPhase(TestSuiteExecutor.java:191)
	at com.kms.katalon.core.main.TestSuiteExecutor.accessTestSuiteMainPhase(TestSuiteExecutor.java:141)
	at com.kms.katalon.core.main.TestSuiteExecutor.execute(TestSuiteExecutor.java:90)
	at com.kms.katalon.core.main.TestCaseMain.startTestSuite(TestCaseMain.java:157)
	at com.kms.katalon.core.main.TestCaseMain$startTestSuite$0.call(Unknown Source)
	at TempTestSuite1602754326150.run(TempTestSuite1602754326150.groovy:39)
)]]></system-out>
         <system-err><![CDATA[2020-10-15 16:34:05 - [TEST_CASE][FAILED] - Test Cases/IST_Real/SLIK/SLIK_Gateway_Customer/SLIK Gateway Customer Search By Status SUCCESS: Test Cases/IST_Real/SLIK/SLIK_Gateway_Customer/SLIK Gateway Customer Search By Status SUCCESS FAILED.
Reason:
com.kms.katalon.core.exception.StepFailedException: Feature file 'Include/features/IST_Real/SLIK/SLIK Gateway Customer/SLIK_Gateway_Customer_Search_By_Status_SUCCESS.feature' was failed
	at com.kms.katalon.core.keyword.internal.KeywordMain.stepFailed(KeywordMain.groovy:50)
	at com.kms.katalon.core.keyword.internal.KeywordMain.stepFailed(KeywordMain.groovy)
	at com.kms.katalon.core.keyword.internal.KeywordMain.stepFailed(KeywordMain.groovy:23)
	at com.kms.katalon.core.keyword.internal.KeywordMain$stepFailed$0.call(Unknown Source)
	at com.kms.katalon.core.cucumber.keyword.CucumberBuiltinKeywords$_runFeatureFile_closure1.doCall(CucumberBuiltinKeywords.groovy:82)
	at com.kms.katalon.core.cucumber.keyword.CucumberBuiltinKeywords$_runFeatureFile_closure1.doCall(CucumberBuiltinKeywords.groovy)
	at com.kms.katalon.core.keyword.internal.KeywordMain.runKeyword(KeywordMain.groovy:68)
	at com.kms.katalon.core.keyword.internal.KeywordMain$runKeyword.call(Unknown Source)
	at com.kms.katalon.core.cucumber.keyword.CucumberBuiltinKeywords.runFeatureFile(CucumberBuiltinKeywords.groovy:46)
	at com.kms.katalon.core.cucumber.keyword.CucumberBuiltinKeywords$runFeatureFile$0.callStatic(Unknown Source)
	at com.kms.katalon.core.cucumber.keyword.CucumberBuiltinKeywords.runFeatureFile(CucumberBuiltinKeywords.groovy:169)
	at com.kms.katalon.core.cucumber.keyword.CucumberBuiltinKeywords$runFeatureFile.call(Unknown Source)
	at SLIK Gateway Customer Search By Status SUCCESS.run(SLIK Gateway Customer Search By Status SUCCESS:18)
	at com.kms.katalon.core.main.ScriptEngine.run(ScriptEngine.java:194)
	at com.kms.katalon.core.main.ScriptEngine.runScriptAsRawText(ScriptEngine.java:119)
	at com.kms.katalon.core.main.TestCaseExecutor.runScript(TestCaseExecutor.java:339)
	at com.kms.katalon.core.main.TestCaseExecutor.doExecute(TestCaseExecutor.java:330)
	at com.kms.katalon.core.main.TestCaseExecutor.processExecutionPhase(TestCaseExecutor.java:309)
	at com.kms.katalon.core.main.TestCaseExecutor.accessMainPhase(TestCaseExecutor.java:301)
	at com.kms.katalon.core.main.TestCaseExecutor.execute(TestCaseExecutor.java:235)
	at com.kms.katalon.core.main.TestSuiteExecutor.accessTestCaseMainPhase(TestSuiteExecutor.java:191)
	at com.kms.katalon.core.main.TestSuiteExecutor.accessTestSuiteMainPhase(TestSuiteExecutor.java:141)
	at com.kms.katalon.core.main.TestSuiteExecutor.execute(TestSuiteExecutor.java:90)
	at com.kms.katalon.core.main.TestCaseMain.startTestSuite(TestCaseMain.java:157)
	at com.kms.katalon.core.main.TestCaseMain$startTestSuite$0.call(Unknown Source)
	at TempTestSuite1602754326150.run(TempTestSuite1602754326150.groovy:39)]]></system-err>
      </testcase>
      <testcase name="Test Cases/IST_Real/SLIK/SLIK_Gateway_Customer/SLIK Gateway Customer Search By Status FAILED" time="42.045" classname="Test Cases/IST_Real/SLIK/SLIK_Gateway_Customer/SLIK Gateway Customer Search By Status FAILED" status="FAILED">
         <failure type="FAILED" message="Test Cases/IST_Real/SLIK/SLIK_Gateway_Customer/SLIK Gateway Customer Search By Status FAILED FAILED.
Reason:
com.kms.katalon.core.exception.StepFailedException: Feature file 'Include/features/IST_Real/SLIK/SLIK Gateway Customer/SLIK_Gateway_Customer_Search_By_Status_FAILED.feature' was failed
	at com.kms.katalon.core.keyword.internal.KeywordMain.stepFailed(KeywordMain.groovy:50)
	at com.kms.katalon.core.keyword.internal.KeywordMain.stepFailed(KeywordMain.groovy)
	at com.kms.katalon.core.keyword.internal.KeywordMain.stepFailed(KeywordMain.groovy:23)
	at com.kms.katalon.core.keyword.internal.KeywordMain$stepFailed$0.call(Unknown Source)
	at com.kms.katalon.core.cucumber.keyword.CucumberBuiltinKeywords$_runFeatureFile_closure1.doCall(CucumberBuiltinKeywords.groovy:82)
	at com.kms.katalon.core.cucumber.keyword.CucumberBuiltinKeywords$_runFeatureFile_closure1.doCall(CucumberBuiltinKeywords.groovy)
	at com.kms.katalon.core.keyword.internal.KeywordMain.runKeyword(KeywordMain.groovy:68)
	at com.kms.katalon.core.keyword.internal.KeywordMain$runKeyword.call(Unknown Source)
	at com.kms.katalon.core.cucumber.keyword.CucumberBuiltinKeywords.runFeatureFile(CucumberBuiltinKeywords.groovy:46)
	at com.kms.katalon.core.cucumber.keyword.CucumberBuiltinKeywords$runFeatureFile$0.callStatic(Unknown Source)
	at com.kms.katalon.core.cucumber.keyword.CucumberBuiltinKeywords.runFeatureFile(CucumberBuiltinKeywords.groovy:169)
	at com.kms.katalon.core.cucumber.keyword.CucumberBuiltinKeywords$runFeatureFile.call(Unknown Source)
	at SLIK Gateway Customer Search By Status FAILED.run(SLIK Gateway Customer Search By Status FAILED:18)
	at com.kms.katalon.core.main.ScriptEngine.run(ScriptEngine.java:194)
	at com.kms.katalon.core.main.ScriptEngine.runScriptAsRawText(ScriptEngine.java:119)
	at com.kms.katalon.core.main.TestCaseExecutor.runScript(TestCaseExecutor.java:339)
	at com.kms.katalon.core.main.TestCaseExecutor.doExecute(TestCaseExecutor.java:330)
	at com.kms.katalon.core.main.TestCaseExecutor.processExecutionPhase(TestCaseExecutor.java:309)
	at com.kms.katalon.core.main.TestCaseExecutor.accessMainPhase(TestCaseExecutor.java:301)
	at com.kms.katalon.core.main.TestCaseExecutor.execute(TestCaseExecutor.java:235)
	at com.kms.katalon.core.main.TestSuiteExecutor.accessTestCaseMainPhase(TestSuiteExecutor.java:191)
	at com.kms.katalon.core.main.TestSuiteExecutor.accessTestSuiteMainPhase(TestSuiteExecutor.java:141)
	at com.kms.katalon.core.main.TestSuiteExecutor.execute(TestSuiteExecutor.java:90)
	at com.kms.katalon.core.main.TestCaseMain.startTestSuite(TestCaseMain.java:157)
	at com.kms.katalon.core.main.TestCaseMain$startTestSuite$0.call(Unknown Source)
	at TempTestSuite1602754326150.run(TempTestSuite1602754326150.groovy:39)
"/>
         <system-out><![CDATA[2020-10-15 16:34:47 - [TEST_CASE][FAILED] - Test Cases/IST_Real/SLIK/SLIK_Gateway_Customer/SLIK Gateway Customer Search By Status FAILED: Test Cases/IST_Real/SLIK/SLIK_Gateway_Customer/SLIK Gateway Customer Search By Status FAILED FAILED.
Reason:
com.kms.katalon.core.exception.StepFailedException: Feature file 'Include/features/IST_Real/SLIK/SLIK Gateway Customer/SLIK_Gateway_Customer_Search_By_Status_FAILED.feature' was failed
	at com.kms.katalon.core.keyword.internal.KeywordMain.stepFailed(KeywordMain.groovy:50)
	at com.kms.katalon.core.keyword.internal.KeywordMain.stepFailed(KeywordMain.groovy)
	at com.kms.katalon.core.keyword.internal.KeywordMain.stepFailed(KeywordMain.groovy:23)
	at com.kms.katalon.core.keyword.internal.KeywordMain$stepFailed$0.call(Unknown Source)
	at com.kms.katalon.core.cucumber.keyword.CucumberBuiltinKeywords$_runFeatureFile_closure1.doCall(CucumberBuiltinKeywords.groovy:82)
	at com.kms.katalon.core.cucumber.keyword.CucumberBuiltinKeywords$_runFeatureFile_closure1.doCall(CucumberBuiltinKeywords.groovy)
	at com.kms.katalon.core.keyword.internal.KeywordMain.runKeyword(KeywordMain.groovy:68)
	at com.kms.katalon.core.keyword.internal.KeywordMain$runKeyword.call(Unknown Source)
	at com.kms.katalon.core.cucumber.keyword.CucumberBuiltinKeywords.runFeatureFile(CucumberBuiltinKeywords.groovy:46)
	at com.kms.katalon.core.cucumber.keyword.CucumberBuiltinKeywords$runFeatureFile$0.callStatic(Unknown Source)
	at com.kms.katalon.core.cucumber.keyword.CucumberBuiltinKeywords.runFeatureFile(CucumberBuiltinKeywords.groovy:169)
	at com.kms.katalon.core.cucumber.keyword.CucumberBuiltinKeywords$runFeatureFile.call(Unknown Source)
	at SLIK Gateway Customer Search By Status FAILED.run(SLIK Gateway Customer Search By Status FAILED:18)
	at com.kms.katalon.core.main.ScriptEngine.run(ScriptEngine.java:194)
	at com.kms.katalon.core.main.ScriptEngine.runScriptAsRawText(ScriptEngine.java:119)
	at com.kms.katalon.core.main.TestCaseExecutor.runScript(TestCaseExecutor.java:339)
	at com.kms.katalon.core.main.TestCaseExecutor.doExecute(TestCaseExecutor.java:330)
	at com.kms.katalon.core.main.TestCaseExecutor.processExecutionPhase(TestCaseExecutor.java:309)
	at com.kms.katalon.core.main.TestCaseExecutor.accessMainPhase(TestCaseExecutor.java:301)
	at com.kms.katalon.core.main.TestCaseExecutor.execute(TestCaseExecutor.java:235)
	at com.kms.katalon.core.main.TestSuiteExecutor.accessTestCaseMainPhase(TestSuiteExecutor.java:191)
	at com.kms.katalon.core.main.TestSuiteExecutor.accessTestSuiteMainPhase(TestSuiteExecutor.java:141)
	at com.kms.katalon.core.main.TestSuiteExecutor.execute(TestSuiteExecutor.java:90)
	at com.kms.katalon.core.main.TestCaseMain.startTestSuite(TestCaseMain.java:157)
	at com.kms.katalon.core.main.TestCaseMain$startTestSuite$0.call(Unknown Source)
	at TempTestSuite1602754326150.run(TempTestSuite1602754326150.groovy:39)


2020-10-15 16:34:47 - [TEST_STEP][FAILED] - runFeatureFile("Include/features/IST_Real/SLIK/SLIK Gateway Customer/SLIK_Gateway_Customer_Search_By_Status_FAILED.feature"): Keyword runFeatureFile was failed (Root cause: com.kms.katalon.core.exception.StepFailedException: Feature file 'Include/features/IST_Real/SLIK/SLIK Gateway Customer/SLIK_Gateway_Customer_Search_By_Status_FAILED.feature' was failed
	at com.kms.katalon.core.keyword.internal.KeywordMain.stepFailed(KeywordMain.groovy:50)
	at com.kms.katalon.core.keyword.internal.KeywordMain.stepFailed(KeywordMain.groovy)
	at com.kms.katalon.core.keyword.internal.KeywordMain.stepFailed(KeywordMain.groovy:23)
	at com.kms.katalon.core.keyword.internal.KeywordMain$stepFailed$0.call(Unknown Source)
	at com.kms.katalon.core.cucumber.keyword.CucumberBuiltinKeywords$_runFeatureFile_closure1.doCall(CucumberBuiltinKeywords.groovy:82)
	at com.kms.katalon.core.cucumber.keyword.CucumberBuiltinKeywords$_runFeatureFile_closure1.doCall(CucumberBuiltinKeywords.groovy)
	at com.kms.katalon.core.keyword.internal.KeywordMain.runKeyword(KeywordMain.groovy:68)
	at com.kms.katalon.core.keyword.internal.KeywordMain$runKeyword.call(Unknown Source)
	at com.kms.katalon.core.cucumber.keyword.CucumberBuiltinKeywords.runFeatureFile(CucumberBuiltinKeywords.groovy:46)
	at com.kms.katalon.core.cucumber.keyword.CucumberBuiltinKeywords$runFeatureFile$0.callStatic(Unknown Source)
	at com.kms.katalon.core.cucumber.keyword.CucumberBuiltinKeywords.runFeatureFile(CucumberBuiltinKeywords.groovy:169)
	at com.kms.katalon.core.cucumber.keyword.CucumberBuiltinKeywords$runFeatureFile.call(Unknown Source)
	at SLIK Gateway Customer Search By Status FAILED.run(SLIK Gateway Customer Search By Status FAILED:18)
	at com.kms.katalon.core.main.ScriptEngine.run(ScriptEngine.java:194)
	at com.kms.katalon.core.main.ScriptEngine.runScriptAsRawText(ScriptEngine.java:119)
	at com.kms.katalon.core.main.TestCaseExecutor.runScript(TestCaseExecutor.java:339)
	at com.kms.katalon.core.main.TestCaseExecutor.doExecute(TestCaseExecutor.java:330)
	at com.kms.katalon.core.main.TestCaseExecutor.processExecutionPhase(TestCaseExecutor.java:309)
	at com.kms.katalon.core.main.TestCaseExecutor.accessMainPhase(TestCaseExecutor.java:301)
	at com.kms.katalon.core.main.TestCaseExecutor.execute(TestCaseExecutor.java:235)
	at com.kms.katalon.core.main.TestSuiteExecutor.accessTestCaseMainPhase(TestSuiteExecutor.java:191)
	at com.kms.katalon.core.main.TestSuiteExecutor.accessTestSuiteMainPhase(TestSuiteExecutor.java:141)
	at com.kms.katalon.core.main.TestSuiteExecutor.execute(TestSuiteExecutor.java:90)
	at com.kms.katalon.core.main.TestCaseMain.startTestSuite(TestCaseMain.java:157)
	at com.kms.katalon.core.main.TestCaseMain$startTestSuite$0.call(Unknown Source)
	at TempTestSuite1602754326150.run(TempTestSuite1602754326150.groovy:39)
)

[...]
	at cucumber.runner.TestStep.executeStep(TestStep.java:55)
	at cucumber.runner.TestStep.run(TestStep.java:42)
	at cucumber.runner.PickleStepTestStep.run(PickleStepTestStep.java:53)
	at cucumber.runner.TestCase.run(TestCase.java:47)
	at cucumber.runner.Runner.runPickle(Runner.java:44)
	at cucumber.runtime.Runtime.runFeature(Runtime.java:120)
	at cucumber.runtime.Runtime.run(Runtime.java:106)
	at cucumber.api.cli.Main.run(Main.java:35)
	at cucumber.api.cli.Main$run.call(Unknown Source)
	at com.kms.katalon.core.cucumber.keyword.CucumberBuiltinKeywords$_runFeatureFile_closure1.doCall(CucumberBuiltinKeywords.groovy:76)
	at com.kms.katalon.core.cucumber.keyword.CucumberBuiltinKeywords$_runFeatureFile_closure1.doCall(CucumberBuiltinKeywords.groovy)
	at com.kms.katalon.core.keyword.internal.KeywordMain.runKeyword(KeywordMain.groovy:68)
	at com.kms.katalon.core.keyword.internal.KeywordMain$runKeyword.call(Unknown Source)
	at com.kms.katalon.core.cucumber.keyword.CucumberBuiltinKeywords.runFeatureFile(CucumberBuiltinKeywords.groovy:46)
	at com.kms.katalon.core.cucumber.keyword.CucumberBuiltinKeywords$runFeatureFile$0.callStatic(Unknown Source)
	at com.kms.katalon.core.cucumber.keyword.CucumberBuiltinKeywords.runFeatureFile(CucumberBuiltinKeywords.groovy:169)
	at com.kms.katalon.core.cucumber.keyword.CucumberBuiltinKeywords$runFeatureFile.call(Unknown Source)
	at Script1601313460374.run(Script1601313460374.groovy:18)
	... 13 more
)
[[ATTACHMENT|/Users/chaidir.pratama01/Katalon Studio/IST_Automation_Git/Reports/20201015_163206/SLIK/TS_SLIK_Gateway_Customer/20201015_163206/1602754670741.png]]

2020-10-15 16:37:51 - [MESSAGE][FAILED] - Verify Search Result Based on Result Status FAILED.
Reason:
com.kms.katalon.core.exception.StepFailedException: Unable to scroll to object ''
	at com.kms.katalon.core.webui.keyword.internal.WebUIKeywordMain.stepFailed(WebUIKeywordMain.groovy:64)
	at com.kms.katalon.core.webui.keyword.internal.WebUIKeywordMain.runKeyword(WebUIKeywordMain.groovy:26)
	at com.kms.katalon.core.webui.keyword.builtin.ScrollToElementKeyword.scrollToElement(ScrollToElementKeyword.groovy:88)
	at com.kms.katalon.core.webui.keyword.builtin.ScrollToElementKeyword.execute(ScrollToElementKeyword.groovy:68)
	at com.kms.katalon.core.keyword.internal.KeywordExecutor.executeKeywordForPlatform(KeywordExecutor.groovy:73)
	at com.kms.katalon.core.webui.keyword.WebUiBuiltInKeywords.scrollToElement(WebUiBuiltInKeywords.groovy:3001)
	at com.kms.katalon.core.webui.keyword.WebUiBuiltInKeywords$scrollToElement$15.call(Unknown Source)
	at Slik_Script.Verify_Result_Status(Slik_Script.groovy:363)
	at ✽.Verify Search Result Based on Result Status(/Users/chaidir.pratama01/Katalon Studio/IST_Automation_Git/Include/features/IST_Real/SLIK/SLIK Gateway Customer/SLIK_Gateway_Customer_View_Detail_when_Status_FAILED.feature:36)
Caused by: java.lang.IndexOutOfBoundsException: Index: 0, Size: 0
	at com.kms.katalon.core.webui.common.WebUiCommonHelper.buildLocator(WebUiCommonHelper.java:519)
	at com.kms.katalon.core.webui.common.WebUiCommonHelper.findElementByNormalMethods(WebUiCommonHelper.java:985)
	at com.kms.katalon.core.webui.common.WebUiCommonHelper.findElementsBySelectedMethod(WebUiCommonHelper.java:894)
	at com.kms.katalon.core.webui.common.WebUiCommonHelper.findElementsWithSelfHealing(WebUiCommonHelper.java:791)
	at com.kms.katalon.core.webui.common.WebUiCommonHelper.findWebElements(WebUiCommonHelper.java:717)
	at com.kms.katalon.core.webui.common.WebUiCommonHelper.findWebElement(WebUiCommonHelper.java:1349)
	at com.kms.katalon.core.webui.keyword.internal.WebUIAbstractKeyword.findWebElement(WebUIAbstractKeyword.groovy:27)
	at com.kms.katalon.core.webui.keyword.internal.WebUIAbstractKeyword.findWebElement(WebUIAbstractKeyword.groovy:26)
	at com.kms.katalon.core.webui.keyword.builtin.ScrollToElementKeyword$_scrollToElement_closure1.doCall(ScrollToElementKeyword.groovy:79)
	at com.kms.katalon.core.webui.keyword.builtin.ScrollToElementKeyword$_scrollToElement_closure1.call(ScrollToElementKeyword.groovy)
	at com.kms.katalon.core.webui.keyword.internal.WebUIKeywordMain.runKeyword(WebUIKeywordMain.groovy:20)
	at com.kms.katalon.core.webui.keyword.builtin.ScrollToElementKeyword.scrollToElement(ScrollToElementKeyword.groovy:88)
	at com.kms.katalon.core.webui.keyword.builtin.ScrollToElementKeyword.execute(ScrollToElementKeyword.groovy:68)
	at com.kms.katalon.core.keyword.internal.KeywordExecutor.executeKeywordForPlatform(KeywordExecutor.groovy:73)
	at com.kms.katalon.core.webui.keyword.WebUiBuiltInKeywords.scrollToElement(WebUiBuiltInKeywords.groovy:3001)
	at com.kms.katalon.core.webui.keyword.WebUiBuiltInKeywords$scrollToElement$15.call(Unknown Source)
	at Slik_Script.Verify_Result_Status(Slik_Script.groovy:363)
	at cucumber.runtime.Utils$1.call(Utils.java:26)
	at cucumber.runtime.Timeout.timeout(Timeout.java:16)
	at cucumber.runtime.Utils.invoke(Utils.java:20)
	at cucumber.runtime.java.JavaStepDefinition.execute(JavaStepDefinition.java:48)
	at cucumber.runtime.PickleStepDefinitionMatch.runStep(PickleStepDefinitionMatch.java:50)
	at cucumber.runner.TestStep.executeStep(TestStep.java:55)
	at cucumber.runner.TestStep.run(TestStep.java:42)
	at cucumber.runner.PickleStepTestStep.run(PickleStepTestStep.java:53)
	at cucumber.runner.TestCase.run(TestCase.java:47)
	at cucumber.runner.Runner.runPickle(Runner.java:44)
	at cucumber.runtime.Runtime.runFeature(Runtime.java:120)
	at cucumber.runtime.Runtime.run(Runtime.java:106)
	at cucumber.api.cli.Main.run(Main.java:35)
	at cucumber.api.cli.Main$run.call(Unknown Source)
	at com.kms.katalon.core.cucumber.keyword.CucumberBuiltinKeywords$_runFeatureFile_closure1.doCall(CucumberBuiltinKeywords.groovy:76)
	at com.kms.katalon.core.cucumber.keyword.CucumberBuiltinKeywords$_runFeatureFile_closure1.doCall(CucumberBuiltinKeywords.groovy)
	at com.kms.katalon.core.keyword.internal.KeywordMain.runKeyword(KeywordMain.groovy:68)
	at com.kms.katalon.core.keyword.internal.KeywordMain$runKeyword.call(Unknown Source)
	at com.kms.katalon.core.cucumber.keyword.CucumberBuiltinKeywords.runFeatureFile(CucumberBuiltinKeywords.groovy:46)
	at com.kms.katalon.core.cucumber.keyword.CucumberBuiltinKeywords$runFeatureFile$0.callStatic(Unknown Source)
	at com.kms.katalon.core.cucumber.keyword.CucumberBuiltinKeywords.runFeatureFile(CucumberBuiltinKeywords.groovy:169)
	at com.kms.katalon.core.cucumber.keyword.CucumberBuiltinKeywords$runFeatureFile.call(Unknown Source)
	at SLIK Gateway Customer View Detail when Status FAILED.run(SLIK Gateway Customer View Detail when Status FAILED:18)
	at com.kms.katalon.core.main.ScriptEngine.run(ScriptEngine.java:194)
	at com.kms.katalon.core.main.ScriptEngine.runScriptAsRawText(ScriptEngine.java:119)
	at com.kms.katalon.core.main.TestCaseExecutor.runScript(TestCaseExecutor.java:339)
	at com.kms.katalon.core.main.TestCaseExecutor.doExecute(TestCaseExecutor.java:330)
	at com.kms.katalon.core.main.TestCaseExecutor.processExecutionPhase(TestCaseExecutor.java:309)
	at com.kms.katalon.core.main.TestCaseExecutor.accessMainPhase(TestCaseExecutor.java:301)
	at com.kms.katalon.core.main.TestCaseExecutor.execute(TestCaseExecutor.java:235)
	at com.kms.katalon.core.main.TestSuiteExecutor.accessTestCaseMainPhase(TestSuiteExecutor.java:191)
	at com.kms.katalon.core.main.TestSuiteExecutor.accessTestSuiteMainPhase(TestSuiteExecutor.java:141)
	at com.kms.katalon.core.main.TestSuiteExecutor.execute(TestSuiteExecutor.java:90)
	at com.kms.katalon.core.main.TestCaseMain.startTestSuite(TestCaseMain.java:157)
	at com.kms.katalon.core.main.TestCaseMain$startTestSuite$0.call(Unknown Source)
	at TempTestSuite1602754326150.run(TempTestSuite1602754326150.groovy:39)


2020-10-15 16:37:51 - [TEST_STEP][NOT_RUN] - Click View Detail Link: Click View Detail Link

2020-10-15 16:37:51 - [MESSAGE][NOT_RUN] - Click View Detail Link

2020-10-15 16:37:51 - [TEST_STEP][NOT_RUN] - Verify Slik Result Detail Link: Verify Slik Result Detail Link

2020-10-15 16:37:51 - [MESSAGE][NOT_RUN] - Verify Slik Result Detail Link

2020-10-15 16:37:51 - [TEST_STEP][NOT_RUN] - Click button "Logout": Click button "Logout"

2020-10-15 16:37:51 - [MESSAGE][NOT_RUN] - Click button "Logout"

2020-10-15 16:37:51 - [TEST_STEP][NOT_RUN] - Close browser: Close browser

2020-10-15 16:37:51 - [MESSAGE][NOT_RUN] - Close browser

2020-10-15 16:37:51 - [MESSAGE][FAILED] - Feature file 'Include/features/IST_Real/SLIK/SLIK Gateway Customer/SLIK_Gateway_Customer_View_Detail_when_Status_FAILED.feature' was failed

2020-10-15 16:37:51 - [MESSAGE][FAILED] - Keyword runFeatureFile was failed (Root cause: com.kms.katalon.core.exception.StepFailedException: Feature file 'Include/features/IST_Real/SLIK/SLIK Gateway Customer/SLIK_Gateway_Customer_View_Detail_when_Status_FAILED.feature' was failed
	at com.kms.katalon.core.keyword.internal.KeywordMain.stepFailed(KeywordMain.groovy:50)
	at com.kms.katalon.core.keyword.internal.KeywordMain.stepFailed(KeywordMain.groovy)
	at com.kms.katalon.core.keyword.internal.KeywordMain.stepFailed(KeywordMain.groovy:23)
	at com.kms.katalon.core.keyword.internal.KeywordMain$stepFailed$0.call(Unknown Source)
	at com.kms.katalon.core.cucumber.keyword.CucumberBuiltinKeywords$_runFeatureFile_closure1.doCall(CucumberBuiltinKeywords.groovy:82)
	at com.kms.katalon.core.cucumber.keyword.CucumberBuiltinKeywords$_runFeatureFile_closure1.doCall(CucumberBuiltinKeywords.groovy)
	at com.kms.katalon.core.keyword.internal.KeywordMain.runKeyword(KeywordMain.groovy:68)
	at com.kms.katalon.core.keyword.internal.KeywordMain$runKeyword.call(Unknown Source)
	at com.kms.katalon.core.cucumber.keyword.CucumberBuiltinKeywords.runFeatureFile(CucumberBuiltinKeywords.groovy:46)
	at com.kms.katalon.core.cucumber.keyword.CucumberBuiltinKeywords$runFeatureFile$0.callStatic(Unknown Source)
	at com.kms.katalon.core.cucumber.keyword.CucumberBuiltinKeywords.runFeatureFile(CucumberBuiltinKeywords.groovy:169)
	at com.kms.katalon.core.cucumber.keyword.CucumberBuiltinKeywords$runFeatureFile.call(Unknown Source)
	at SLIK Gateway Customer View Detail when Status FAILED.run(SLIK Gateway Customer View Detail when Status FAILED:18)
	at com.kms.katalon.core.main.ScriptEngine.run(ScriptEngine.java:194)
	at com.kms.katalon.core.main.ScriptEngine.runScriptAsRawText(ScriptEngine.java:119)
	at com.kms.katalon.core.main.TestCaseExecutor.runScript(TestCaseExecutor.java:339)
	at com.kms.katalon.core.main.TestCaseExecutor.doExecute(TestCaseExecutor.java:330)
	at com.kms.katalon.core.main.TestCaseExecutor.processExecutionPhase(TestCaseExecutor.java:309)
	at com.kms.katalon.core.main.TestCaseExecutor.accessMainPhase(TestCaseExecutor.java:301)
	at com.kms.katalon.core.main.TestCaseExecutor.execute(TestCaseExecutor.java:235)
	at com.kms.katalon.core.main.TestSuiteExecutor.accessTestCaseMainPhase(TestSuiteExecutor.java:191)
	at com.kms.katalon.core.main.TestSuiteExecutor.accessTestSuiteMainPhase(TestSuiteExecutor.java:141)
	at com.kms.katalon.core.main.TestSuiteExecutor.execute(TestSuiteExecutor.java:90)
	at com.kms.katalon.core.main.TestCaseMain.startTestSuite(TestCaseMain.java:157)
	at com.kms.katalon.core.main.TestCaseMain$startTestSuite$0.call(Unknown Source)
	at TempTestSuite1602754326150.run(TempTestSuite1602754326150.groovy:39)
)]]></system-out>
         <system-err><![CDATA[2020-10-15 16:37:09 - [TEST_CASE][FAILED] - Test Cases/IST_Real/SLIK/SLIK_Gateway_Customer/SLIK Gateway Customer View Detail when Status FAILED: Test Cases/IST_Real/SLIK/SLIK_Gateway_Customer/SLIK Gateway Customer View Detail when Status FAILED FAILED.
Reason:
com.kms.katalon.core.exception.StepFailedException: Feature file 'Include/features/IST_Real/SLIK/SLIK Gateway Customer/SLIK_Gateway_Customer_View_Detail_when_Status_FAILED.feature' was failed
	at com.kms.katalon.core.keyword.internal.KeywordMain.stepFailed(KeywordMain.groovy:50)
	at com.kms.katalon.core.keyword.internal.KeywordMain.stepFailed(KeywordMain.groovy)
	at com.kms.katalon.core.keyword.internal.KeywordMain.stepFailed(KeywordMain.groovy:23)
	at com.kms.katalon.core.keyword.internal.KeywordMain$stepFailed$0.call(Unknown Source)
	at com.kms.katalon.core.cucumber.keyword.CucumberBuiltinKeywords$_runFeatureFile_closure1.doCall(CucumberBuiltinKeywords.groovy:82)
	at com.kms.katalon.core.cucumber.keyword.CucumberBuiltinKeywords$_runFeatureFile_closure1.doCall(CucumberBuiltinKeywords.groovy)
	at com.kms.katalon.core.keyword.internal.KeywordMain.runKeyword(KeywordMain.groovy:68)
	at com.kms.katalon.core.keyword.internal.KeywordMain$runKeyword.call(Unknown Source)
	at com.kms.katalon.core.cucumber.keyword.CucumberBuiltinKeywords.runFeatureFile(CucumberBuiltinKeywords.groovy:46)
	at com.kms.katalon.core.cucumber.keyword.CucumberBuiltinKeywords$runFeatureFile$0.callStatic(Unknown Source)
	at com.kms.katalon.core.cucumber.keyword.CucumberBuiltinKeywords.runFeatureFile(CucumberBuiltinKeywords.groovy:169)
	at com.kms.katalon.core.cucumber.keyword.CucumberBuiltinKeywords$runFeatureFile.call(Unknown Source)
	at SLIK Gateway Customer View Detail when Status FAILED.run(SLIK Gateway Customer View Detail when Status FAILED:18)
	at com.kms.katalon.core.main.ScriptEngine.run(ScriptEngine.java:194)
	at com.kms.katalon.core.main.ScriptEngine.runScriptAsRawText(ScriptEngine.java:119)
	at com.kms.katalon.core.main.TestCaseExecutor.runScript(TestCaseExecutor.java:339)
	at com.kms.katalon.core.main.TestCaseExecutor.doExecute(TestCaseExecutor.java:330)
	at com.kms.katalon.core.main.TestCaseExecutor.processExecutionPhase(TestCaseExecutor.java:309)
	at com.kms.katalon.core.main.TestCaseExecutor.accessMainPhase(TestCaseExecutor.java:301)
	at com.kms.katalon.core.main.TestCaseExecutor.execute(TestCaseExecutor.java:235)
	at com.kms.katalon.core.main.TestSuiteExecutor.accessTestCaseMainPhase(TestSuiteExecutor.java:191)
	at com.kms.katalon.core.main.TestSuiteExecutor.accessTestSuiteMainPhase(TestSuiteExecutor.java:141)
	at com.kms.katalon.core.main.TestSuiteExecutor.execute(TestSuiteExecutor.java:90)
	at com.kms.katalon.core.main.TestCaseMain.startTestSuite(TestCaseMain.java:157)
	at com.kms.katalon.core.main.TestCaseMain$startTestSuite$0.call(Unknown Source)
	at TempTestSuite1602754326150.run(TempTestSuite1602754326150.groovy:39)]]></system-err>
      </testcase>
      <system-out><![CDATA[2020-10-15 16:32:13 - [TEST_SUITE][FAILED] - TS_SLIK_Gateway_Customer: Test Cases/IST_Real/SLIK/SLIK_Gateway_Customer/SLIK Gateway Customer Search By Status SUCCESS FAILED.
Reason:
com.kms.katalon.core.exception.StepFailedException: Feature file 'Include/features/IST_Real/SLIK/SLIK Gateway Customer/SLIK_Gateway_Customer_Search_By_Status_SUCCESS.feature' was failed
	at com.kms.katalon.core.keyword.internal.KeywordMain.stepFailed(KeywordMain.groovy:50)
	at com.kms.katalon.core.keyword.internal.KeywordMain.stepFailed(KeywordMain.groovy)
	at com.kms.katalon.core.keyword.internal.KeywordMain.stepFailed(KeywordMain.groovy:23)
	at com.kms.katalon.core.keyword.internal.KeywordMain$stepFailed$0.call(Unknown Source)
	at com.kms.katalon.core.cucumber.keyword.CucumberBuiltinKeywords$_runFeatureFile_closure1.doCall(CucumberBuiltinKeywords.groovy:82)
	at com.kms.katalon.core.cucumber.keyword.CucumberBuiltinKeywords$_runFeatureFile_closure1.doCall(CucumberBuiltinKeywords.groovy)
	at com.kms.katalon.core.keyword.internal.KeywordMain.runKeyword(KeywordMain.groovy:68)
	at com.kms.katalon.core.keyword.internal.KeywordMain$runKeyword.call(Unknown Source)
	at com.kms.katalon.core.cucumber.keyword.CucumberBuiltinKeywords.runFeatureFile(CucumberBuiltinKeywords.groovy:46)
	at com.kms.katalon.core.cucumber.keyword.CucumberBuiltinKeywords$runFeatureFile$0.callStatic(Unknown Source)
	at com.kms.katalon.core.cucumber.keyword.CucumberBuiltinKeywords.runFeatureFile(CucumberBuiltinKeywords.groovy:169)
	at com.kms.katalon.core.cucumber.keyword.CucumberBuiltinKeywords$runFeatureFile.call(Unknown Source)
	at SLIK Gateway Customer Search By Status SUCCESS.run(SLIK Gateway Customer Search By Status SUCCESS:18)
	at com.kms.katalon.core.main.ScriptEngine.run(ScriptEngine.java:194)
	at com.kms.katalon.core.main.ScriptEngine.runScriptAsRawText(ScriptEngine.java:119)
	at com.kms.katalon.core.main.TestCaseExecutor.runScript(TestCaseExecutor.java:339)
	at com.kms.katalon.core.main.TestCaseExecutor.doExecute(TestCaseExecutor.java:330)
	at com.kms.katalon.core.main.TestCaseExecutor.processExecutionPhase(TestCaseExecutor.java:309)
	at com.kms.katalon.core.main.TestCaseExecutor.accessMainPhase(TestCaseExecutor.java:301)
	at com.kms.katalon.core.main.TestCaseExecutor.execute(TestCaseExecutor.java:235)
	at com.kms.katalon.core.main.TestSuiteExecutor.accessTestCaseMainPhase(TestSuiteExecutor.java:191)
	at com.kms.katalon.core.main.TestSuiteExecutor.accessTestSuiteMainPhase(TestSuiteExecutor.java:141)
	at com.kms.katalon.core.main.TestSuiteExecutor.execute(TestSuiteExecutor.java:90)
	at com.kms.katalon.core.main.TestCaseMain.startTestSuite(TestCaseMain.java:157)
	at com.kms.katalon.core.main.TestCaseMain$startTestSuite$0.call(Unknown Source)
	at TempTestSuite1602754326150.run(TempTestSuite1602754326150.groovy:39)]]></system-out>
      <system-err><![CDATA[2020-10-15 16:32:13 - [TEST_SUITE][FAILED] - TS_SLIK_Gateway_Customer: Test Cases/IST_Real/SLIK/SLIK_Gateway_Customer/SLIK Gateway Customer Search By Status SUCCESS FAILED.
Reason:
com.kms.katalon.core.exception.StepFailedException: Feature file 'Include/features/IST_Real/SLIK/SLIK Gateway Customer/SLIK_Gateway_Customer_Search_By_Status_SUCCESS.feature' was failed
	at com.kms.katalon.core.keyword.internal.KeywordMain.stepFailed(KeywordMain.groovy:50)
	at com.kms.katalon.core.keyword.internal.KeywordMain.stepFailed(KeywordMain.groovy)
	at com.kms.katalon.core.keyword.internal.KeywordMain.stepFailed(KeywordMain.groovy:23)
	at com.kms.katalon.core.keyword.internal.KeywordMain$stepFailed$0.call(Unknown Source)
	at com.kms.katalon.core.cucumber.keyword.CucumberBuiltinKeywords$_runFeatureFile_closure1.doCall(CucumberBuiltinKeywords.groovy:82)
	at com.kms.katalon.core.cucumber.keyword.CucumberBuiltinKeywords$_runFeatureFile_closure1.doCall(CucumberBuiltinKeywords.groovy)
	at com.kms.katalon.core.keyword.internal.KeywordMain.runKeyword(KeywordMain.groovy:68)
	at com.kms.katalon.core.keyword.internal.KeywordMain$runKeyword.call(Unknown Source)
	at com.kms.katalon.core.cucumber.keyword.CucumberBuiltinKeywords.runFeatureFile(CucumberBuiltinKeywords.groovy:46)
	at com.kms.katalon.core.cucumber.keyword.CucumberBuiltinKeywords$runFeatureFile$0.callStatic(Unknown Source)
	at com.kms.katalon.core.cucumber.keyword.CucumberBuiltinKeywords.runFeatureFile(CucumberBuiltinKeywords.groovy:169)
	at com.kms.katalon.core.cucumber.keyword.CucumberBuiltinKeywords$runFeatureFile.call(Unknown Source)
	at SLIK Gateway Customer Search By Status SUCCESS.run(SLIK Gateway Customer Search By Status SUCCESS:18)
	at com.kms.katalon.core.main.ScriptEngine.run(ScriptEngine.java:194)
	at com.kms.katalon.core.main.ScriptEngine.runScriptAsRawText(ScriptEngine.java:119)
	at com.kms.katalon.core.main.TestCaseExecutor.runScript(TestCaseExecutor.java:339)
	at com.kms.katalon.core.main.TestCaseExecutor.doExecute(TestCaseExecutor.java:330)
	at com.kms.katalon.core.main.TestCaseExecutor.processExecutionPhase(TestCaseExecutor.java:309)
	at com.kms.katalon.core.main.TestCaseExecutor.accessMainPhase(TestCaseExecutor.java:301)
	at com.kms.katalon.core.main.TestCaseExecutor.execute(TestCaseExecutor.java:235)
	at com.kms.katalon.core.main.TestSuiteExecutor.accessTestCaseMainPhase(TestSuiteExecutor.java:191)
	at com.kms.katalon.core.main.TestSuiteExecutor.accessTestSuiteMainPhase(TestSuiteExecutor.java:141)
	at com.kms.katalon.core.main.TestSuiteExecutor.execute(TestSuiteExecutor.java:90)
	at com.kms.katalon.core.main.TestCaseMain.startTestSuite(TestCaseMain.java:157)
	at com.kms.katalon.core.main.TestCaseMain$startTestSuite$0.call(Unknown Source)
	at TempTestSuite1602754326150.run(TempTestSuite1602754326150.groovy:39)]]></system-err>
   </testsuite>
</testsuites>
