<?xml version="1.0" encoding="UTF-8"?>
<testsuites name="TS_CONTRACT_DISPATCHER_BPKB" time="827.234" tests="15" failures="0" errors="0">
   <testsuite name="TS_CONTRACT_DISPATCHER_BPKB" tests="15" failures="0" errors="0" time="827.234" timestamp="2020-10-14 15:08:34" hostname="chaidir.pratama01 - localhost" id="Test Suites/CONTRACT_DISPATCHER_BPKB/TS_CONTRACT_DISPATCHER_BPKB">
      <properties>
[...]
</properties>
      <testcase name="Test Cases/IST_Real/CONTRACT_DISPATCHER_BPKB/Update_Tbl_CDS_CDC_TRKRegMistake" time="2.981" classname="Test Cases/IST_Real/CONTRACT_DISPATCHER_BPKB/Update_Tbl_CDS_CDC_TRKRegMistake" status="PASSED">
         <system-out><![CDATA[2020-10-14 15:08:34 - [TEST_CASE][PASSED] - Test Cases/IST_Real/CONTRACT_DISPATCHER_BPKB/Update_Tbl_CDS_CDC_TRKRegMistake: Test Cases/IST_Real/CONTRACT_DISPATCHER_BPKB/Update_Tbl_CDS_CDC_TRKRegMistake

2020-10-14 15:08:34 - [TEST_STEP][PASSED] - runFeatureFile("Include/features/IST_Real/CONTRACT_DISPATCHER_BPKB/Update_Tbl_CDS_CDC_TRKRegMistake.feature"): Feature file: 'Include/features/IST_Real/CONTRACT_DISPATCHER_BPKB/Update_Tbl_CDS_CDC_TRKRegMistake.feature' was passed

2020-10-14 15:08:34 - [MESSAGE][INFO] - Starting run keyword runFeatureFile: 'Include/features/IST_Real/CONTRACT_DISPATCHER_BPKB/Update_Tbl_CDS_CDC_TRKRegMistake.feature' and extract report to folder: '/Users/chaidir.pratama01/Katalon Studio/IST_Automation_Git/Reports/20201014_150827/CONTRACT_DISPATCHER_BPKB/TS_CONTRACT_DISPATCHER_BPKB/20201014_150827/cucumber_report/1602662914513'...

2020-10-14 15:08:35 - [TEST_CASE][PASSED] - Start Test Case : SCENARIO Update Table CONTRACT_DISPATCHER_SOURCE and CONTRACT_DISPTACHER_CLAIM: SCENARIO Update Table CONTRACT_DISPATCHER_SOURCE and CONTRACT_DISPTACHER_CLAIM

2020-10-14 15:08:35 - [TEST_STEP][PASSED] - Connect to Database: Connect to Database

2020-10-14 15:08:36 - [MESSAGE][PASSED] - Connect to Database

2020-10-14 15:08:36 - [TEST_STEP][PASSED] - Update Tbl CONTRACT DISPATCHER SRC BPKB To Change PROCESSED From Y to N For BPKB: Update Tbl CONTRACT DISPATCHER SRC BPKB To Change PROCESSED From Y to N For BPKB

2020-10-14 15:08:36 - [MESSAGE][PASSED] - Update Tbl CONTRACT DISPATCHER SRC BPKB To Change PROCESSED From Y to N For BPKB

2020-10-14 15:08:36 - [TEST_STEP][PASSED] - Update Tbl CONTRACT DISPATCHER CLAIM To Delete PROCESS From Column STATUS: Update Tbl CONTRACT DISPATCHER CLAIM To Delete PROCESS From Column STATUS

2020-10-14 15:08:37 - [MESSAGE][PASSED] - Update Tbl CONTRACT DISPATCHER CLAIM To Delete PROCESS From Column STATUS

2020-10-14 15:08:37 - [TEST_STEP][PASSED] - Delete Contract From TRK_REGISTRATION_MISTAKE: Delete Contract From TRK_REGISTRATION_MISTAKE

2020-10-14 15:08:37 - [MESSAGE][PASSED] - Delete Contract From TRK_REGISTRATION_MISTAKE

2020-10-14 15:08:37 - [MESSAGE][PASSED] - Feature file: 'Include/features/IST_Real/CONTRACT_DISPATCHER_BPKB/Update_Tbl_CDS_CDC_TRKRegMistake.feature' was passed]]></system-out>
         <system-err><![CDATA[]]></system-err>
      </testcase>
      <testcase name="Test Cases/IST_Real/CONTRACT_DISPATCHER_BPKB/Contract_Dispatcher_BPKB" time="29.195" classname="Test Cases/IST_Real/CONTRACT_DISPATCHER_BPKB/Contract_Dispatcher_BPKB" status="PASSED">
         <system-out><![CDATA[2020-10-14 15:08:37 - [TEST_CASE][PASSED] - Test Cases/IST_Real/CONTRACT_DISPATCHER_BPKB/Contract_Dispatcher_BPKB: Test Cases/IST_Real/CONTRACT_DISPATCHER_BPKB/Contract_Dispatcher_BPKB

2020-10-14 15:08:37 - [TEST_STEP][PASSED] - runFeatureFile("Include/features/IST_Real/CONTRACT_DISPATCHER_BPKB/Contract_Dispatcher_BPKB.feature"): Feature file: 'Include/features/IST_Real/CONTRACT_DISPATCHER_BPKB/Contract_Dispatcher_BPKB.feature' was passed

2020-10-14 15:08:37 - [MESSAGE][INFO] - Starting run keyword runFeatureFile: 'Include/features/IST_Real/CONTRACT_DISPATCHER_BPKB/Contract_Dispatcher_BPKB.feature' and extract report to folder: '/Users/chaidir.pratama01/Katalon Studio/IST_Automation_Git/Reports/20201014_150827/CONTRACT_DISPATCHER_BPKB/TS_CONTRACT_DISPATCHER_BPKB/20201014_150827/cucumber_report/1602662917452'...

2020-10-14 15:08:37 - [TEST_CASE][PASSED] - Start Test Case : SCENARIO Assign User to Contract BPKB: SCENARIO Assign User to Contract BPKB

2020-10-14 15:08:37 - [TEST_STEP][PASSED] - Go to IST: Go to IST

2020-10-14 15:08:37 - [MESSAGE][INFO] - Starting 'Chrome (headless)' driver

2020-10-14 15:08:37 - [MESSAGE][INFO] - User set preference: ['args', '[--start-maximized, --disable-gpu, --no-proxy-server, –no-sandbox, --allow-running-insecure-content, --ignore-certificate-errors]']

2020-10-14 15:08:37 - [MESSAGE][INFO] - Action delay is set to 0 milliseconds

2020-10-14 15:08:38 - [MESSAGE][PASSED] - Browser is opened with url: ''

2020-10-14 15:08:40 - [MESSAGE][PASSED] - Navigate to 'https://dev-ist.homecredit.id/ist_tracker/' successfully

2020-10-14 15:08:40 - [MESSAGE][PASSED] - Taking screenshot successfully
[[ATTACHMENT|/Users/chaidir.pratama01/Documents/Docs/Katalon Studio/Screenshot/IST_Page.png]]

2020-10-14 15:08:40 - [MESSAGE][PASSED] - Go to IST

2020-10-14 15:08:40 - [TEST_STEP][PASSED] - Login IST with valid credentials: Login IST with valid credentials

2020-10-14 15:08:40 - [MESSAGE][PASSED] - Text 'mobile.test' is set on object 'Object Repository/Page_/input_Username_j_username'

2020-10-14 15:08:40 - [MESSAGE][PASSED] - Text ****** has been set on object 'Object Repository/Page_/input_Password_j_password'

2020-10-14 15:08:41 - [MESSAGE][PASSED] - Object: 'Object Repository/Page_/button_Login' is clicked on

2020-10-14 15:08:41 - [MESSAGE][PASSED] - Login IST with valid credentials

2020-10-14 15:08:41 - [TEST_STEP][PASSED] - Login Success: Login Success

2020-10-14 15:08:41 - [MESSAGE][INFO] - Login Success

2020-10-14 15:08:41 - [MESSAGE][PASSED] - Current window maximized

2020-10-14 15:08:41 - [MESSAGE][PASSED] - Object 'Object Repository/Page_/h1_Welcome to IT Supporting Tools' is present

2020-10-14 15:08:41 - [MESSAGE][PASSED] - Login Success

2020-10-14 15:08:41 - [TEST_STEP][PASSED] - Select Arrow Menu "Contract Dispatcher Admin": Select Arrow Menu "Contract Dispatcher Admin"

2020-10-14 15:08:41 - [MESSAGE][PASSED] - Object: '' is clicked on

2020-10-14 15:08:41 - [MESSAGE][PASSED] - Select Arrow Menu "Contract Dispatcher Admin"

2020-10-14 15:08:41 - [TEST_STEP][PASSED] - Select Menu "Management Assignment": Select Menu "Management Assignment"

2020-10-14 15:08:41 - [MESSAGE][PASSED] - Taking screenshot successfully
[[ATTACHMENT|/Users/chaidir.pratama01/Documents/Docs/Katalon Studio/Screenshot/test-Management Assignment.png]]

2020-10-14 15:08:41 - [MESSAGE][PASSED] - Object '' is present

2020-10-14 15:08:41 - [MESSAGE][PASSED] - Object: '' is clicked on

2020-10-14 15:08:41 - [MESSAGE][PASSED] - Wait for page load successfully

2020-10-14 15:08:41 - [MESSAGE][PASSED] - Select Menu "Management Assignment"

2020-10-14 15:08:41 - [TEST_STEP][PASSED] - Select Username "mobile.test" of Management Assignment: Select Username "mobile.test" of Management Assignment

2020-10-14 15:08:42 - [MESSAGE][PASSED] - All options with value 'mobile.test' are selected in object 'Object Repository/Page_/dropdown_list_username_assignment'  using regular expression

2020-10-14 15:08:42 - [MESSAGE][PASSED] - Select Username "mobile.test" of Management Assignment

2020-10-14 15:08:42 - [TEST_STEP][PASSED] - Check for username if already assigned to "BPKB": Check for username if already assigned to "BPKB"

2020-10-14 15:08:45 - [MESSAGE][PASSED] - Scroll to object '' successfully

2020-10-14 15:08:45 - [MESSAGE][PASSED] - Object '' is present

2020-10-14 15:08:45 - [MESSAGE][PASSED] - Object '' is checked

2020-10-14 15:08:45 - [MESSAGE][INFO] - Element is already Checked

2020-10-14 15:08:45 - [MESSAGE][PASSED] - Check for username if already assigned to "BPKB"

2020-10-14 15:08:45 - [TEST_STEP][PASSED] - Wait page for load: Wait page for load

2020-10-14 15:08:45 - [MESSAGE][PASSED] - Wait for page load successfully

2020-10-14 15:08:45 - [MESSAGE][PASSED] - Wait page for load

2020-10-14 15:08:45 - [TEST_STEP][PASSED] - Click button "Logout": Click button "Logout"

2020-10-14 15:08:45 - [MESSAGE][INFO] - >>>>>//Button[contains(text(),'Logout')]

2020-10-14 15:08:49 - [MESSAGE][PASSED] - Object: '' is clicked on

2020-10-14 15:08:49 - [MESSAGE][PASSED] - Click button "Logout"

2020-10-14 15:08:49 - [TEST_STEP][PASSED] - Close browser: Close browser

2020-10-14 15:08:49 - [MESSAGE][PASSED] - Browser is closed

2020-10-14 15:08:49 - [MESSAGE][PASSED] - Close browser

2020-10-14 15:08:49 - [TEST_CASE][PASSED] - Start Test Case : SCENARIO Select Contract Dispatcher Menu based on type contract BPKB: SCENARIO Select Contract Dispatcher Menu based on type contract BPKB

2020-10-14 15:08:49 - [TEST_STEP][PASSED] - Go to IST: Go to IST

2020-10-14 15:08:49 - [MESSAGE][INFO] - Starting 'Chrome (headless)' driver

2020-10-14 15:08:49 - [MESSAGE][INFO] - User set preference: ['args', '[--start-maximized, --disable-gpu, --no-proxy-server, –no-sandbox, --allow-running-insecure-content, --ignore-certificate-errors]']

2020-10-14 15:08:49 - [MESSAGE][INFO] - Action delay is set to 0 milliseconds

2020-10-14 15:08:49 - [MESSAGE][PASSED] - Browser is opened with url: ''

2020-10-14 15:08:50 - [MESSAGE][PASSED] - Navigate to 'https://dev-ist.homecredit.id/ist_tracker/' successfully

2020-10-14 15:08:50 - [MESSAGE][PASSED] - Taking screenshot successfully
[[ATTACHMENT|/Users/chaidir.pratama01/Documents/Docs/Katalon Studio/Screenshot/IST_Page.png]]

2020-10-14 15:08:50 - [MESSAGE][PASSED] - Go to IST

2020-10-14 15:08:50 - [TEST_STEP][PASSED] - Login IST with valid credentials: Login IST with valid credentials

2020-10-14 15:08:51 - [MESSAGE][PASSED] - Text 'mobile.test' is set on object 'Object Repository/Page_/input_Username_j_username'

2020-10-14 15:08:51 - [MESSAGE][PASSED] - Text ****** has been set on object 'Object Repository/Page_/input_Password_j_password'

2020-10-14 15:08:51 - [MESSAGE][PASSED] - Object: 'Object Repository/Page_/button_Login' is clicked on

2020-10-14 15:08:51 - [MESSAGE][PASSED] - Login IST with valid credentials

2020-10-14 15:08:51 - [TEST_STEP][PASSED] - Login Success: Login Success

2020-10-14 15:08:51 - [MESSAGE][INFO] - Login Success

2020-10-14 15:08:51 - [MESSAGE][PASSED] - Current window maximized

2020-10-14 15:08:51 - [MESSAGE][PASSED] - Object 'Object Repository/Page_/h1_Welcome to IT Supporting Tools' is present

2020-10-14 15:08:51 - [MESSAGE][PASSED] - Login Success

2020-10-14 15:08:51 - [TEST_STEP][PASSED] - Select Menu "Contract Dispatcher": Select Menu "Contract Dispatcher"

2020-10-14 15:08:51 - [MESSAGE][PASSED] - Taking screenshot successfully
[[ATTACHMENT|/Users/chaidir.pratama01/Documents/Docs/Katalon Studio/Screenshot/test-Contract Dispatcher.png]]

2020-10-14 15:08:52 - [MESSAGE][PASSED] - Object '' is present

2020-10-14 15:08:52 - [MESSAGE][PASSED] - Object: '' is clicked on

2020-10-14 15:08:52 - [MESSAGE][PASSED] - Wait for page load successfully

2020-10-14 15:08:52 - [MESSAGE][PASSED] - Select Menu "Contract Dispatcher"

2020-10-14 15:08:52 - [TEST_STEP][PASSED] - Select Contract Number based on Type Contract "BPKB": Select Contract Number based on Type Contract "BPKB"

2020-10-14 15:08:52 - [MESSAGE][PASSED] - Object '' is present

2020-10-14 15:08:52 - [MESSAGE][PASSED] - Object '' is present

2020-10-14 15:08:52 - [MESSAGE][PASSED] - Object: '' is clicked on

2020-10-14 15:08:52 - [MESSAGE][PASSED] - Select Contract Number based on Type Contract "BPKB"

2020-10-14 15:08:52 - [TEST_STEP][PASSED] - Click button "Claim": Click button "Claim"

2020-10-14 15:08:52 - [MESSAGE][INFO] - >>>>>//Button[contains(text(),'Claim')]

2020-10-14 15:08:55 - [MESSAGE][PASSED] - Object: '' is clicked on

2020-10-14 15:08:55 - [MESSAGE][PASSED] - Click button "Claim"

2020-10-14 15:08:55 - [TEST_STEP][PASSED] - Varify the mistake detail already match with the matrix Base on Type Contract: Varify the mistake detail already match with the matrix Base on Type Contract

2020-10-14 15:08:55 - [MESSAGE][PASSED] - Object '' is present

2020-10-14 15:08:55 - [MESSAGE][PASSED] - Object: '' is clicked on

2020-10-14 15:08:55 - [MESSAGE][PASSED] - Object '' is present

2020-10-14 15:08:55 - [MESSAGE][PASSED] - Object '' is not checked

2020-10-14 15:08:55 - [MESSAGE][PASSED] - Object '' is present

2020-10-14 15:08:55 - [MESSAGE][PASSED] - Object '' is not checked

2020-10-14 15:08:55 - [MESSAGE][PASSED] - Object '' is present

2020-10-14 15:08:55 - [MESSAGE][PASSED] - Object '' is not checked

2020-10-14 15:08:55 - [MESSAGE][PASSED] - Object '' is present

2020-10-14 15:08:55 - [MESSAGE][PASSED] - Object '' is not checked

2020-10-14 15:08:55 - [MESSAGE][PASSED] - Object '' is present

2020-10-14 15:08:55 - [MESSAGE][PASSED] - Object: '' is clicked on

2020-10-14 15:08:56 - [MESSAGE][PASSED] - Object '' is present

2020-10-14 15:08:56 - [MESSAGE][PASSED] - Object '' is not checked

2020-10-14 15:08:56 - [MESSAGE][PASSED] - Object '' is present

2020-10-14 15:08:56 - [MESSAGE][PASSED] - Object '' is not checked

2020-10-14 15:08:56 - [MESSAGE][PASSED] - Object '' is present

2020-10-14 15:08:56 - [MESSAGE][PASSED] - Object '' is not checked

2020-10-14 15:08:56 - [MESSAGE][PASSED] - Object '' is present

2020-10-14 15:08:56 - [MESSAGE][PASSED] - Object '' is not checked

2020-10-14 15:08:56 - [MESSAGE][PASSED] - Object '' is present

2020-10-14 15:08:56 - [MESSAGE][PASSED] - Object '' is not checked

2020-10-14 15:08:56 - [MESSAGE][PASSED] - Varify the mistake detail already match with the matrix Base on Type Contract

2020-10-14 15:08:56 - [TEST_STEP][PASSED] - Checkbox General Mistake "01. BPKB bagian depan tidak ada": Checkbox General Mistake "01. BPKB bagian depan tidak ada"

2020-10-14 15:08:56 - [MESSAGE][PASSED] - Object: '' is clicked on

2020-10-14 15:08:56 - [MESSAGE][PASSED] - Wait for page load successfully

2020-10-14 15:08:56 - [MESSAGE][PASSED] - Checkbox General Mistake "01. BPKB bagian depan tidak ada"

2020-10-14 15:08:56 - [TEST_STEP][PASSED] - Choose Dropdown mistake type "Dokumen diunggah tidak ada" from mistake name "01. BPKB bagian depan tidak ada": Choose Dropdown mistake type "Dokumen diunggah tidak ada" from mistake name "01. BPKB bagian depan tidak ada"

2020-10-14 15:08:56 - [MESSAGE][PASSED] - All options with index in [1] are selected on object ''

2020-10-14 15:08:56 - [MESSAGE][PASSED] - Wait for page load successfully

2020-10-14 15:08:56 - [MESSAGE][PASSED] - Choose Dropdown mistake type "Dokumen diunggah tidak ada" from mistake name "01. BPKB bagian depan tidak ada"

2020-10-14 15:08:56 - [TEST_STEP][PASSED] - Type on textarea note before based on mistake name "01. BPKB bagian depan tidak ada" with value "TESTING": Type on textarea note before based on mistake name "01. BPKB bagian depan tidak ada" with value "TESTING"

2020-10-14 15:08:56 - [MESSAGE][PASSED] - Text 'TESTING' is set on object ''

2020-10-14 15:08:56 - [MESSAGE][PASSED] - Wait for page load successfully

2020-10-14 15:08:56 - [MESSAGE][PASSED] - Type on textarea note before based on mistake name "01. BPKB bagian depan tidak ada" with value "TESTING"

2020-10-14 15:08:56 - [TEST_STEP][PASSED] - Click button "Save": Click button "Save"

2020-10-14 15:08:56 - [MESSAGE][INFO] - >>>>>//Button[contains(text(),'Save')]

2020-10-14 15:08:59 - [MESSAGE][PASSED] - Object: '' is clicked on

2020-10-14 15:08:59 - [MESSAGE][PASSED] - Click button "Save"

2020-10-14 15:08:59 - [TEST_STEP][PASSED] - Get text from pop up "IT Supporting Tools" with text "Mistake has been saved": Get text from pop up "IT Supporting Tools" with text "Mistake has been saved"

2020-10-14 15:09:00 - [MESSAGE][PASSED] - Taking screenshot successfully
[[ATTACHMENT|/Users/chaidir.pratama01/Documents/Docs/Katalon Studio/Screenshot/errorpopup.png]]

2020-10-14 15:09:00 - [MESSAGE][PASSED] - Object '' is present

2020-10-14 15:09:00 - [MESSAGE][PASSED] - Wait for page load successfully

2020-10-14 15:09:00 - [MESSAGE][PASSED] - Wait for page load successfully

2020-10-14 15:09:00 - [MESSAGE][PASSED] - Get text from pop up "IT Supporting Tools" with text "Mistake has been saved"

2020-10-14 15:09:00 - [TEST_STEP][PASSED] - Click button "OK": Click button "OK"

2020-10-14 15:09:00 - [MESSAGE][INFO] - >>>>>//Button[contains(text(),'OK')]

2020-10-14 15:09:03 - [MESSAGE][PASSED] - Object: '' is clicked on

2020-10-14 15:09:03 - [MESSAGE][PASSED] - Click button "OK"

2020-10-14 15:09:03 - [TEST_STEP][PASSED] - Click button "Logout": Click button "Logout"

2020-10-14 15:09:03 - [MESSAGE][INFO] - >>>>>//Button[contains(text(),'Logout')]

2020-10-14 15:09:06 - [MESSAGE][PASSED] - Object: '' is clicked on

2020-10-14 15:09:06 - [MESSAGE][PASSED] - Click button "Logout"

2020-10-14 15:09:06 - [TEST_STEP][PASSED] - Close browser: Close browser

2020-10-14 15:09:06 - [MESSAGE][PASSED] - Browser is closed

2020-10-14 15:09:06 - [MESSAGE][PASSED] - Close browser

2020-10-14 15:09:06 - [MESSAGE][PASSED] - Feature file: 'Include/features/IST_Real/CONTRACT_DISPATCHER_BPKB/Contract_Dispatcher_BPKB.feature' was passed]]></system-out>
         <system-err><![CDATA[]]></system-err>
      </testcase>
      <testcase name="Test Cases/IST_Real/CONTRACT_DISPATCHER_BPKB/Update_Tbl_CDS_CDC_TRKRegMistake" time="0.96" classname="Test Cases/IST_Real/CONTRACT_DISPATCHER_BPKB/Update_Tbl_CDS_CDC_TRKRegMistake" status="PASSED">
         <system-out><![CDATA[2020-10-14 15:09:06 - [TEST_CASE][PASSED] - Test Cases/IST_Real/CONTRACT_DISPATCHER_BPKB/Update_Tbl_CDS_CDC_TRKRegMistake: Test Cases/IST_Real/CONTRACT_DISPATCHER_BPKB/Update_Tbl_CDS_CDC_TRKRegMistake

2020-10-14 15:09:06 - [TEST_STEP][PASSED] - runFeatureFile("Include/features/IST_Real/CONTRACT_DISPATCHER_BPKB/Update_Tbl_CDS_CDC_TRKRegMistake.feature"): Feature file: 'Include/features/IST_Real/CONTRACT_DISPATCHER_BPKB/Update_Tbl_CDS_CDC_TRKRegMistake.feature' was passed

2020-10-14 15:09:06 - [MESSAGE][INFO] - Starting run keyword runFeatureFile: 'Include/features/IST_Real/CONTRACT_DISPATCHER_BPKB/Update_Tbl_CDS_CDC_TRKRegMistake.feature' and extract report to folder: '/Users/chaidir.pratama01/Katalon Studio/IST_Automation_Git/Reports/20201014_150827/CONTRACT_DISPATCHER_BPKB/TS_CONTRACT_DISPATCHER_BPKB/20201014_150827/cucumber_report/1602662946448'...

2020-10-14 15:09:06 - [TEST_CASE][PASSED] - Start Test Case : SCENARIO Update Table CONTRACT_DISPATCHER_SOURCE and CONTRACT_DISPTACHER_CLAIM: SCENARIO Update Table CONTRACT_DISPATCHER_SOURCE and CONTRACT_DISPTACHER_CLAIM

2020-10-14 15:09:06 - [TEST_STEP][PASSED] - Connect to Database: Connect to Database

2020-10-14 15:09:06 - [MESSAGE][PASSED] - Connect to Database

2020-10-14 15:09:06 - [TEST_STEP][PASSED] - Update Tbl CONTRACT DISPATCHER SRC BPKB To Change PROCESSED From Y to N For BPKB: Update Tbl CONTRACT DISPATCHER SRC BPKB To Change PROCESSED From Y to N For BPKB

2020-10-14 15:09:07 - [MESSAGE][PASSED] - Update Tbl CONTRACT DISPATCHER SRC BPKB To Change PROCESSED From Y to N For BPKB

2020-10-14 15:09:07 - [TEST_STEP][PASSED] - Update Tbl CONTRACT DISPATCHER CLAIM To Delete PROCESS From Column STATUS: Update Tbl CONTRACT DISPATCHER CLAIM To Delete PROCESS From Column STATUS

2020-10-14 15:09:07 - [MESSAGE][PASSED] - Update Tbl CONTRACT DISPATCHER CLAIM To Delete PROCESS From Column STATUS

2020-10-14 15:09:07 - [TEST_STEP][PASSED] - Delete Contract From TRK_REGISTRATION_MISTAKE: Delete Contract From TRK_REGISTRATION_MISTAKE

2020-10-14 15:09:07 - [MESSAGE][PASSED] - Delete Contract From TRK_REGISTRATION_MISTAKE

2020-10-14 15:09:07 - [MESSAGE][PASSED] - Feature file: 'Include/features/IST_Real/CONTRACT_DISPATCHER_BPKB/Update_Tbl_CDS_CDC_TRKRegMistake.feature' was passed]]></system-out>
         <system-err><![CDATA[]]></system-err>
      </testcase>
      <testcase name="Test Cases/IST_Real/CONTRACT_DISPATCHER_BPKB/Claim_Contract_BPKB_then_Save_it_Without_Register_Any_Mistakes" time="30.628" classname="Test Cases/IST_Real/CONTRACT_DISPATCHER_BPKB/Claim_Contract_BPKB_then_Save_it_Without_Register_Any_Mistakes" status="PASSED">
         <system-out><![CDATA[2020-10-14 15:09:07 - [TEST_CASE][PASSED] - Test Cases/IST_Real/CONTRACT_DISPATCHER_BPKB/Claim_Contract_BPKB_then_Save_it_Without_Register_Any_Mistakes: Test Cases/IST_Real/CONTRACT_DISPATCHER_BPKB/Claim_Contract_BPKB_then_Save_it_Without_Register_Any_Mistakes

2020-10-14 15:09:07 - [TEST_STEP][PASSED] - runFeatureFile("Include/features/IST_Real/CONTRACT_DISPATCHER_BPKB/Claim_Contract_BPKB_then_Save_it_Without_Register_Any_Mistakes.feature"): Feature file: 'Include/features/IST_Real/CONTRACT_DISPATCHER_BPKB/Claim_Contract_BPKB_then_Save_it_Without_Register_Any_Mistakes.feature' was passed

2020-10-14 15:09:07 - [MESSAGE][INFO] - Starting run keyword runFeatureFile: 'Include/features/IST_Real/CONTRACT_DISPATCHER_BPKB/Claim_Contract_BPKB_then_Save_it_Without_Register_Any_Mistakes.feature' and extract report to folder: '/Users/chaidir.pratama01/Katalon Studio/IST_Automation_Git/Reports/20201014_150827/CONTRACT_DISPATCHER_BPKB/TS_CONTRACT_DISPATCHER_BPKB/20201014_150827/cucumber_report/1602662947482'...

2020-10-14 15:09:07 - [TEST_CASE][PASSED] - Start Test Case : SCENARIO Assign User to Contract BPKB: SCENARIO Assign User to Contract BPKB

2020-10-14 15:09:07 - [TEST_STEP][PASSED] - Go to IST: Go to IST

2020-10-14 15:09:07 - [MESSAGE][INFO] - Starting 'Chrome (headless)' driver

2020-10-14 15:09:07 - [MESSAGE][INFO] - User set preference: ['args', '[--start-maximized, --disable-gpu, --no-proxy-server, –no-sandbox, --allow-running-insecure-content, --ignore-certificate-errors]']

2020-10-14 15:09:07 - [MESSAGE][INFO] - Action delay is set to 0 milliseconds

2020-10-14 15:09:08 - [MESSAGE][PASSED] - Browser is opened with url: ''

2020-10-14 15:09:09 - [MESSAGE][PASSED] - Navigate to 'https://dev-ist.homecredit.id/ist_tracker/' successfully

2020-10-14 15:09:09 - [MESSAGE][PASSED] - Taking screenshot successfully
[[ATTACHMENT|/Users/chaidir.pratama01/Documents/Docs/Katalon Studio/Screenshot/IST_Page.png]]

2020-10-14 15:09:09 - [MESSAGE][PASSED] - Go to IST

2020-10-14 15:09:09 - [TEST_STEP][PASSED] - Login IST with valid credentials: Login IST with valid credentials

2020-10-14 15:09:09 - [MESSAGE][PASSED] - Text 'mobile.test' is set on object 'Object Repository/Page_/input_Username_j_username'

2020-10-14 15:09:09 - [MESSAGE][PASSED] - Text ****** has been set on object 'Object Repository/Page_/input_Password_j_password'

2020-10-14 15:09:09 - [MESSAGE][PASSED] - Object: 'Object Repository/Page_/button_Login' is clicked on

2020-10-14 15:09:09 - [MESSAGE][PASSED] - Login IST with valid credentials

2020-10-14 15:09:09 - [TEST_STEP][PASSED] - Login Success for contract dispatcher: Login Success for contract dispatcher

2020-10-14 15:09:09 - [MESSAGE][INFO] - Login Success

2020-10-14 15:09:10 - [MESSAGE][PASSED] - Current window maximized

2020-10-14 15:09:10 - [MESSAGE][PASSED] - Object 'Object Repository/Page_/h1_Welcome to IT Supporting Tools' is present

2020-10-14 15:09:10 - [MESSAGE][PASSED] - Login Success for contract dispatcher

2020-10-14 15:09:10 - [TEST_STEP][PASSED] - Select Arrow Menu "Contract Dispatcher Admin": Select Arrow Menu "Contract Dispatcher Admin"

2020-10-14 15:09:10 - [MESSAGE][PASSED] - Object: '' is clicked on

2020-10-14 15:09:10 - [MESSAGE][PASSED] - Select Arrow Menu "Contract Dispatcher Admin"

2020-10-14 15:09:10 - [TEST_STEP][PASSED] - Select Menu "Management Assignment": Select Menu "Management Assignment"

2020-10-14 15:09:10 - [MESSAGE][PASSED] - Taking screenshot successfully
[[ATTACHMENT|/Users/chaidir.pratama01/Documents/Docs/Katalon Studio/Screenshot/test-Management Assignment.png]]

2020-10-14 15:09:10 - [MESSAGE][PASSED] - Object '' is present

2020-10-14 15:09:10 - [MESSAGE][PASSED] - Object: '' is clicked on

2020-10-14 15:09:10 - [MESSAGE][PASSED] - Wait for page load successfully

2020-10-14 15:09:10 - [MESSAGE][PASSED] - Select Menu "Management Assignment"

2020-10-14 15:09:10 - [TEST_STEP][PASSED] - Select Username "mobile.test" of Management Assignment: Select Username "mobile.test" of Management Assignment

2020-10-14 15:09:11 - [MESSAGE][PASSED] - All options with value 'mobile.test' are selected in object 'Object Repository/Page_/dropdown_list_username_assignment'  using regular expression

2020-10-14 15:09:11 - [MESSAGE][PASSED] - Select Username "mobile.test" of Management Assignment

2020-10-14 15:09:11 - [TEST_STEP][PASSED] - Check for username if already assigned to "BPKB": Check for username if already assigned to "BPKB"

2020-10-14 15:09:14 - [MESSAGE][PASSED] - Scroll to object '' successfully

2020-10-14 15:09:14 - [MESSAGE][PASSED] - Object '' is present

2020-10-14 15:09:14 - [MESSAGE][PASSED] - Object '' is checked

2020-10-14 15:09:14 - [MESSAGE][INFO] - Element is already Checked

2020-10-14 15:09:14 - [MESSAGE][PASSED] - Check for username if already assigned to "BPKB"

2020-10-14 15:09:14 - [TEST_STEP][PASSED] - Wait page for load: Wait page for load

2020-10-14 15:09:14 - [MESSAGE][PASSED] - Wait for page load successfully

2020-10-14 15:09:14 - [MESSAGE][PASSED] - Wait page for load

2020-10-14 15:09:14 - [TEST_STEP][PASSED] - Click button "Logout": Click button "Logout"

2020-10-14 15:09:14 - [MESSAGE][INFO] - >>>>>//Button[contains(text(),'Logout')]

2020-10-14 15:09:17 - [MESSAGE][PASSED] - Object: '' is clicked on

2020-10-14 15:09:17 - [MESSAGE][PASSED] - Click button "Logout"

2020-10-14 15:09:17 - [TEST_STEP][PASSED] - Close browser: Close browser

2020-10-14 15:09:17 - [MESSAGE][PASSED] - Browser is closed

2020-10-14 15:09:17 - [MESSAGE][PASSED] - Close browser

2020-10-14 15:09:17 - [TEST_CASE][PASSED] - Start Test Case : SCENARIO Select Menu Contract Dispatcher and Select Contract based on type contract BPKB: SCENARIO Select Menu Contract Dispatcher and Select Contract based on type contract BPKB

2020-10-14 15:09:17 - [TEST_STEP][PASSED] - Go to IST: Go to IST

2020-10-14 15:09:17 - [MESSAGE][INFO] - Starting 'Chrome (headless)' driver

2020-10-14 15:09:17 - [MESSAGE][INFO] - User set preference: ['args', '[--start-maximized, --disable-gpu, --no-proxy-server, –no-sandbox, --allow-running-insecure-content, --ignore-certificate-errors]']

2020-10-14 15:09:17 - [MESSAGE][INFO] - Action delay is set to 0 milliseconds

2020-10-14 15:09:18 - [MESSAGE][PASSED] - Browser is opened with url: ''

2020-10-14 15:09:19 - [MESSAGE][PASSED] - Navigate to 'https://dev-ist.homecredit.id/ist_tracker/' successfully

2020-10-14 15:09:19 - [MESSAGE][PASSED] - Taking screenshot successfully
[[ATTACHMENT|/Users/chaidir.pratama01/Documents/Docs/Katalon Studio/Screenshot/IST_Page.png]]

2020-10-14 15:09:19 - [MESSAGE][PASSED] - Go to IST

2020-10-14 15:09:19 - [TEST_STEP][PASSED] - Login IST with valid credentials: Login IST with valid credentials

2020-10-14 15:09:19 - [MESSAGE][PASSED] - Text 'mobile.test' is set on object 'Object Repository/Page_/input_Username_j_username'

2020-10-14 15:09:19 - [MESSAGE][PASSED] - Text ****** has been set on object 'Object Repository/Page_/input_Password_j_password'

2020-10-14 15:09:20 - [MESSAGE][PASSED] - Object: 'Object Repository/Page_/button_Login' is clicked on

2020-10-14 15:09:20 - [MESSAGE][PASSED] - Login IST with valid credentials

2020-10-14 15:09:20 - [TEST_STEP][PASSED] - Login Success for contract dispatcher: Login Success for contract dispatcher

2020-10-14 15:09:20 - [MESSAGE][INFO] - Login Success

2020-10-14 15:09:20 - [MESSAGE][PASSED] - Current window maximized

2020-10-14 15:09:20 - [MESSAGE][PASSED] - Object 'Object Repository/Page_/h1_Welcome to IT Supporting Tools' is present

2020-10-14 15:09:20 - [MESSAGE][PASSED] - Login Success for contract dispatcher

2020-10-14 15:09:20 - [TEST_STEP][PASSED] - Select Menu "Contract Dispatcher": Select Menu "Contract Dispatcher"

2020-10-14 15:09:20 - [MESSAGE][PASSED] - Taking screenshot successfully
[[ATTACHMENT|/Users/chaidir.pratama01/Documents/Docs/Katalon Studio/Screenshot/test-Contract Dispatcher.png]]

2020-10-14 15:09:20 - [MESSAGE][PASSED] - Object '' is present

2020-10-14 15:09:20 - [MESSAGE][PASSED] - Object: '' is clicked on

2020-10-14 15:09:20 - [MESSAGE][PASSED] - Wait for page load successfully

2020-10-14 15:09:20 - [MESSAGE][PASSED] - Select Menu "Contract Dispatcher"

2020-10-14 15:09:20 - [TEST_STEP][PASSED] - Select Contract Number based on Type Contract "BPKB": Select Contract Number based on Type Contract "BPKB"

2020-10-14 15:09:20 - [MESSAGE][PASSED] - Object '' is present

2020-10-14 15:09:20 - [MESSAGE][PASSED] - Object '' is present

2020-10-14 15:09:20 - [MESSAGE][PASSED] - Object: '' is clicked on

2020-10-14 15:09:20 - [MESSAGE][PASSED] - Select Contract Number based on Type Contract "BPKB"

2020-10-14 15:09:20 - [TEST_STEP][PASSED] - Click button "Claim": Click button "Claim"

2020-10-14 15:09:20 - [MESSAGE][INFO] - >>>>>//Button[contains(text(),'Claim')]

2020-10-14 15:09:23 - [MESSAGE][PASSED] - Object: '' is clicked on

2020-10-14 15:09:23 - [MESSAGE][PASSED] - Click button "Claim"

2020-10-14 15:09:23 - [TEST_STEP][PASSED] - Varify the mistake detail already match with the matrix Base on Type Contract: Varify the mistake detail already match with the matrix Base on Type Contract

2020-10-14 15:09:24 - [MESSAGE][PASSED] - Object '' is present

2020-10-14 15:09:24 - [MESSAGE][PASSED] - Object: '' is clicked on

2020-10-14 15:09:24 - [MESSAGE][PASSED] - Object '' is present

2020-10-14 15:09:24 - [MESSAGE][PASSED] - Object '' is not checked

2020-10-14 15:09:24 - [MESSAGE][PASSED] - Object '' is present

2020-10-14 15:09:24 - [MESSAGE][PASSED] - Object '' is not checked

2020-10-14 15:09:24 - [MESSAGE][PASSED] - Object '' is present

2020-10-14 15:09:24 - [MESSAGE][PASSED] - Object '' is not checked

2020-10-14 15:09:24 - [MESSAGE][PASSED] - Object '' is present

2020-10-14 15:09:24 - [MESSAGE][PASSED] - Object '' is not checked

2020-10-14 15:09:24 - [MESSAGE][PASSED] - Object '' is present

2020-10-14 15:09:24 - [MESSAGE][PASSED] - Object: '' is clicked on

2020-10-14 15:09:24 - [MESSAGE][PASSED] - Object '' is present

2020-10-14 15:09:24 - [MESSAGE][PASSED] - Object '' is not checked

2020-10-14 15:09:24 - [MESSAGE][PASSED] - Object '' is present

2020-10-14 15:09:24 - [MESSAGE][PASSED] - Object '' is not checked

2020-10-14 15:09:24 - [MESSAGE][PASSED] - Object '' is present

2020-10-14 15:09:24 - [MESSAGE][PASSED] - Object '' is not checked

2020-10-14 15:09:24 - [MESSAGE][PASSED] - Object '' is present

2020-10-14 15:09:24 - [MESSAGE][PASSED] - Object '' is not checked

2020-10-14 15:09:24 - [MESSAGE][PASSED] - Object '' is present

2020-10-14 15:09:24 - [MESSAGE][PASSED] - Object '' is not checked

2020-10-14 15:09:24 - [MESSAGE][PASSED] - Varify the mistake detail already match with the matrix Base on Type Contract

2020-10-14 15:09:24 - [TEST_STEP][PASSED] - Click button "Save": Click button "Save"

2020-10-14 15:09:24 - [MESSAGE][INFO] - >>>>>//Button[contains(text(),'Save')]

2020-10-14 15:09:27 - [MESSAGE][PASSED] - Object: '' is clicked on

2020-10-14 15:09:27 - [MESSAGE][PASSED] - Click button "Save"

2020-10-14 15:09:27 - [TEST_STEP][PASSED] - Get text from pop up "Confirmation Stop" with text "Are you sure?": Get text from pop up "Confirmation Stop" with text "Are you sure?"

2020-10-14 15:09:28 - [MESSAGE][PASSED] - Taking screenshot successfully
[[ATTACHMENT|/Users/chaidir.pratama01/Documents/Docs/Katalon Studio/Screenshot/errorpopup.png]]

2020-10-14 15:09:28 - [MESSAGE][PASSED] - Object '' is present

2020-10-14 15:09:28 - [MESSAGE][PASSED] - Wait for page load successfully

2020-10-14 15:09:28 - [MESSAGE][PASSED] - Wait for page load successfully

2020-10-14 15:09:28 - [MESSAGE][PASSED] - Get text from pop up "Confirmation Stop" with text "Are you sure?"

2020-10-14 15:09:28 - [TEST_STEP][PASSED] - Click button "OK": Click button "OK"

2020-10-14 15:09:28 - [MESSAGE][INFO] - >>>>>//Button[contains(text(),'OK')]

2020-10-14 15:09:31 - [MESSAGE][PASSED] - Object: '' is clicked on

2020-10-14 15:09:31 - [MESSAGE][PASSED] - Click button "OK"

2020-10-14 15:09:31 - [TEST_STEP][PASSED] - Get text from pop up "IT Supporting Tools" with text "Successfully saved": Get text from pop up "IT Supporting Tools" with text "Successfully saved"

2020-10-14 15:09:31 - [MESSAGE][PASSED] - Taking screenshot successfully
[[ATTACHMENT|/Users/chaidir.pratama01/Documents/Docs/Katalon Studio/Screenshot/errorpopup.png]]

2020-10-14 15:09:31 - [MESSAGE][PASSED] - Object '' is present

2020-10-14 15:09:31 - [MESSAGE][PASSED] - Wait for page load successfully

2020-10-14 15:09:31 - [MESSAGE][PASSED] - Wait for page load successfully

2020-10-14 15:09:31 - [MESSAGE][PASSED] - Get text from pop up "IT Supporting Tools" with text "Successfully saved"

2020-10-14 15:09:31 - [TEST_STEP][PASSED] - Click button "OK": Click button "OK"

2020-10-14 15:09:31 - [MESSAGE][INFO] - >>>>>//Button[contains(text(),'OK')]

2020-10-14 15:09:34 - [MESSAGE][PASSED] - Object: '' is clicked on

2020-10-14 15:09:34 - [MESSAGE][PASSED] - Click button "OK"

2020-10-14 15:09:34 - [TEST_STEP][PASSED] - Click button "Logout": Click button "Logout"

2020-10-14 15:09:34 - [MESSAGE][INFO] - >>>>>//Button[contains(text(),'Logout')]

2020-10-14 15:09:37 - [MESSAGE][PASSED] - Object: '' is clicked on

2020-10-14 15:09:37 - [MESSAGE][PASSED] - Click button "Logout"

2020-10-14 15:09:37 - [TEST_STEP][PASSED] - Close browser: Close browser

2020-10-14 15:09:38 - [MESSAGE][PASSED] - Browser is closed

2020-10-14 15:09:38 - [MESSAGE][PASSED] - Close browser

2020-10-14 15:09:38 - [MESSAGE][PASSED] - Feature file: 'Include/features/IST_Real/CONTRACT_DISPATCHER_BPKB/Claim_Contract_BPKB_then_Save_it_Without_Register_Any_Mistakes.feature' was passed]]></system-out>
         <system-err><![CDATA[]]></system-err>
      </testcase>
      <testcase name="Test Cases/IST_Real/CONTRACT_DISPATCHER_BPKB/Update_Tbl_CDS_CDC_TRKRegMistake" time="0.791" classname="Test Cases/IST_Real/CONTRACT_DISPATCHER_BPKB/Update_Tbl_CDS_CDC_TRKRegMistake" status="PASSED">
         <system-out><![CDATA[2020-10-14 15:09:38 - [TEST_CASE][PASSED] - Test Cases/IST_Real/CONTRACT_DISPATCHER_BPKB/Update_Tbl_CDS_CDC_TRKRegMistake: Test Cases/IST_Real/CONTRACT_DISPATCHER_BPKB/Update_Tbl_CDS_CDC_TRKRegMistake

2020-10-14 15:09:38 - [TEST_STEP][PASSED] - runFeatureFile("Include/features/IST_Real/CONTRACT_DISPATCHER_BPKB/Update_Tbl_CDS_CDC_TRKRegMistake.feature"): Feature file: 'Include/features/IST_Real/CONTRACT_DISPATCHER_BPKB/Update_Tbl_CDS_CDC_TRKRegMistake.feature' was passed

2020-10-14 15:09:38 - [MESSAGE][INFO] - Starting run keyword runFeatureFile: 'Include/features/IST_Real/CONTRACT_DISPATCHER_BPKB/Update_Tbl_CDS_CDC_TRKRegMistake.feature' and extract report to folder: '/Users/chaidir.pratama01/Katalon Studio/IST_Automation_Git/Reports/20201014_150827/CONTRACT_DISPATCHER_BPKB/TS_CONTRACT_DISPATCHER_BPKB/20201014_150827/cucumber_report/1602662978042'...

2020-10-14 15:09:38 - [TEST_CASE][PASSED] - Start Test Case : SCENARIO Update Table CONTRACT_DISPATCHER_SOURCE and CONTRACT_DISPTACHER_CLAIM: SCENARIO Update Table CONTRACT_DISPATCHER_SOURCE and CONTRACT_DISPTACHER_CLAIM

2020-10-14 15:09:38 - [TEST_STEP][PASSED] - Connect to Database: Connect to Database

2020-10-14 15:09:38 - [MESSAGE][PASSED] - Connect to Database

2020-10-14 15:09:38 - [TEST_STEP][PASSED] - Update Tbl CONTRACT DISPATCHER SRC BPKB To Change PROCESSED From Y to N For BPKB: Update Tbl CONTRACT DISPATCHER SRC BPKB To Change PROCESSED From Y to N For BPKB

2020-10-14 15:09:38 - [MESSAGE][PASSED] - Update Tbl CONTRACT DISPATCHER SRC BPKB To Change PROCESSED From Y to N For BPKB

2020-10-14 15:09:38 - [TEST_STEP][PASSED] - Update Tbl CONTRACT DISPATCHER CLAIM To Delete PROCESS From Column STATUS: Update Tbl CONTRACT DISPATCHER CLAIM To Delete PROCESS From Column STATUS

2020-10-14 15:09:38 - [MESSAGE][PASSED] - Update Tbl CONTRACT DISPATCHER CLAIM To Delete PROCESS From Column STATUS

2020-10-14 15:09:38 - [TEST_STEP][PASSED] - Delete Contract From TRK_REGISTRATION_MISTAKE: Delete Contract From TRK_REGISTRATION_MISTAKE

2020-10-14 15:09:38 - [MESSAGE][PASSED] - Delete Contract From TRK_REGISTRATION_MISTAKE

2020-10-14 15:09:38 - [MESSAGE][PASSED] - Feature file: 'Include/features/IST_Real/CONTRACT_DISPATCHER_BPKB/Update_Tbl_CDS_CDC_TRKRegMistake.feature' was passed]]></system-out>
         <system-err><![CDATA[]]></system-err>
      </testcase>
      <testcase name="Test Cases/IST_Real/CONTRACT_DISPATCHER_BPKB/Pick_Mistake_Without_Choose_Dropdown_Mistake_Type" time="27.689" classname="Test Cases/IST_Real/CONTRACT_DISPATCHER_BPKB/Pick_Mistake_Without_Choose_Dropdown_Mistake_Type" status="PASSED">
         <system-out><![CDATA[2020-10-14 15:09:38 - [TEST_CASE][PASSED] - Test Cases/IST_Real/CONTRACT_DISPATCHER_BPKB/Pick_Mistake_Without_Choose_Dropdown_Mistake_Type: Test Cases/IST_Real/CONTRACT_DISPATCHER_BPKB/Pick_Mistake_Without_Choose_Dropdown_Mistake_Type

2020-10-14 15:09:38 - [TEST_STEP][PASSED] - runFeatureFile("Include/features/IST_Real/CONTRACT_DISPATCHER_BPKB/Pick_Mistake_Without_Choose_Dropdown_Mistake_Type.feature"): Feature file: 'Include/features/IST_Real/CONTRACT_DISPATCHER_BPKB/Pick_Mistake_Without_Choose_Dropdown_Mistake_Type.feature' was passed

2020-10-14 15:09:38 - [MESSAGE][INFO] - Starting run keyword runFeatureFile: 'Include/features/IST_Real/CONTRACT_DISPATCHER_BPKB/Pick_Mistake_Without_Choose_Dropdown_Mistake_Type.feature' and extract report to folder: '/Users/chaidir.pratama01/Katalon Studio/IST_Automation_Git/Reports/20201014_150827/CONTRACT_DISPATCHER_BPKB/TS_CONTRACT_DISPATCHER_BPKB/20201014_150827/cucumber_report/1602662978925'...

2020-10-14 15:09:39 - [TEST_CASE][PASSED] - Start Test Case : SCENARIO Assign User to Contract BPKB: SCENARIO Assign User to Contract BPKB

2020-10-14 15:09:39 - [TEST_STEP][PASSED] - Go to IST: Go to IST

2020-10-14 15:09:39 - [MESSAGE][INFO] - Starting 'Chrome (headless)' driver

2020-10-14 15:09:39 - [MESSAGE][INFO] - User set preference: ['args', '[--start-maximized, --disable-gpu, --no-proxy-server, –no-sandbox, --allow-running-insecure-content, --ignore-certificate-errors]']

2020-10-14 15:09:39 - [MESSAGE][INFO] - Action delay is set to 0 milliseconds

2020-10-14 15:09:39 - [MESSAGE][PASSED] - Browser is opened with url: ''

2020-10-14 15:09:40 - [MESSAGE][PASSED] - Navigate to 'https://dev-ist.homecredit.id/ist_tracker/' successfully

2020-10-14 15:09:40 - [MESSAGE][PASSED] - Taking screenshot successfully
[[ATTACHMENT|/Users/chaidir.pratama01/Documents/Docs/Katalon Studio/Screenshot/IST_Page.png]]

2020-10-14 15:09:40 - [MESSAGE][PASSED] - Go to IST

2020-10-14 15:09:40 - [TEST_STEP][PASSED] - Login IST with valid credentials: Login IST with valid credentials

2020-10-14 15:09:41 - [MESSAGE][PASSED] - Text 'mobile.test' is set on object 'Object Repository/Page_/input_Username_j_username'

2020-10-14 15:09:41 - [MESSAGE][PASSED] - Text ****** has been set on object 'Object Repository/Page_/input_Password_j_password'

2020-10-14 15:09:41 - [MESSAGE][PASSED] - Object: 'Object Repository/Page_/button_Login' is clicked on

2020-10-14 15:09:41 - [MESSAGE][PASSED] - Login IST with valid credentials

2020-10-14 15:09:41 - [TEST_STEP][PASSED] - Login Success for contract dispatcher: Login Success for contract dispatcher

2020-10-14 15:09:41 - [MESSAGE][INFO] - Login Success

2020-10-14 15:09:41 - [MESSAGE][PASSED] - Current window maximized

2020-10-14 15:09:41 - [MESSAGE][PASSED] - Object 'Object Repository/Page_/h1_Welcome to IT Supporting Tools' is present

2020-10-14 15:09:41 - [MESSAGE][PASSED] - Login Success for contract dispatcher

2020-10-14 15:09:41 - [TEST_STEP][PASSED] - Select Arrow Menu "Contract Dispatcher Admin": Select Arrow Menu "Contract Dispatcher Admin"

2020-10-14 15:09:41 - [MESSAGE][PASSED] - Object: '' is clicked on

2020-10-14 15:09:41 - [MESSAGE][PASSED] - Select Arrow Menu "Contract Dispatcher Admin"

2020-10-14 15:09:41 - [TEST_STEP][PASSED] - Select Menu "Management Assignment": Select Menu "Management Assignment"

2020-10-14 15:09:42 - [MESSAGE][PASSED] - Taking screenshot successfully
[[ATTACHMENT|/Users/chaidir.pratama01/Documents/Docs/Katalon Studio/Screenshot/test-Management Assignment.png]]

2020-10-14 15:09:42 - [MESSAGE][PASSED] - Object '' is present

2020-10-14 15:09:42 - [MESSAGE][PASSED] - Object: '' is clicked on

2020-10-14 15:09:42 - [MESSAGE][PASSED] - Wait for page load successfully

2020-10-14 15:09:42 - [MESSAGE][PASSED] - Select Menu "Management Assignment"

2020-10-14 15:09:42 - [TEST_STEP][PASSED] - Select Username "mobile.test" of Management Assignment: Select Username "mobile.test" of Management Assignment

2020-10-14 15:09:43 - [MESSAGE][PASSED] - All options with value 'mobile.test' are selected in object 'Object Repository/Page_/dropdown_list_username_assignment'  using regular expression

2020-10-14 15:09:43 - [MESSAGE][PASSED] - Select Username "mobile.test" of Management Assignment

2020-10-14 15:09:43 - [TEST_STEP][PASSED] - Check for username if already assigned to "BPKB": Check for username if already assigned to "BPKB"

2020-10-14 15:09:46 - [MESSAGE][PASSED] - Scroll to object '' successfully

2020-10-14 15:09:46 - [MESSAGE][PASSED] - Object '' is present

2020-10-14 15:09:46 - [MESSAGE][PASSED] - Object '' is checked

2020-10-14 15:09:46 - [MESSAGE][INFO] - Element is already Checked

2020-10-14 15:09:46 - [MESSAGE][PASSED] - Check for username if already assigned to "BPKB"

2020-10-14 15:09:46 - [TEST_STEP][PASSED] - Wait page for load: Wait page for load

2020-10-14 15:09:46 - [MESSAGE][PASSED] - Wait for page load successfully

2020-10-14 15:09:46 - [MESSAGE][PASSED] - Wait page for load

2020-10-14 15:09:46 - [TEST_STEP][PASSED] - Click button "Logout": Click button "Logout"

2020-10-14 15:09:46 - [MESSAGE][INFO] - >>>>>//Button[contains(text(),'Logout')]

2020-10-14 15:09:49 - [MESSAGE][PASSED] - Object: '' is clicked on

2020-10-14 15:09:49 - [MESSAGE][PASSED] - Click button "Logout"

2020-10-14 15:09:49 - [TEST_STEP][PASSED] - Close browser: Close browser

2020-10-14 15:09:49 - [MESSAGE][PASSED] - Browser is closed

2020-10-14 15:09:49 - [MESSAGE][PASSED] - Close browser

2020-10-14 15:09:49 - [TEST_CASE][PASSED] - Start Test Case : SCENARIO Select Menu Contract Dispatcher and Select Contract based on type contract BPKB: SCENARIO Select Menu Contract Dispatcher and Select Contract based on type contract BPKB

2020-10-14 15:09:49 - [TEST_STEP][PASSED] - Go to IST: Go to IST

2020-10-14 15:09:49 - [MESSAGE][INFO] - Starting 'Chrome (headless)' driver

2020-10-14 15:09:49 - [MESSAGE][INFO] - User set preference: ['args', '[--start-maximized, --disable-gpu, --no-proxy-server, –no-sandbox, --allow-running-insecure-content, --ignore-certificate-errors]']

2020-10-14 15:09:49 - [MESSAGE][INFO] - Action delay is set to 0 milliseconds

2020-10-14 15:09:49 - [MESSAGE][PASSED] - Browser is opened with url: ''

2020-10-14 15:09:50 - [MESSAGE][PASSED] - Navigate to 'https://dev-ist.homecredit.id/ist_tracker/' successfully

2020-10-14 15:09:51 - [MESSAGE][PASSED] - Taking screenshot successfully
[[ATTACHMENT|/Users/chaidir.pratama01/Documents/Docs/Katalon Studio/Screenshot/IST_Page.png]]

2020-10-14 15:09:51 - [MESSAGE][PASSED] - Go to IST

2020-10-14 15:09:51 - [TEST_STEP][PASSED] - Login IST with valid credentials: Login IST with valid credentials

2020-10-14 15:09:51 - [MESSAGE][PASSED] - Text 'mobile.test' is set on object 'Object Repository/Page_/input_Username_j_username'

2020-10-14 15:09:51 - [MESSAGE][PASSED] - Text ****** has been set on object 'Object Repository/Page_/input_Password_j_password'

2020-10-14 15:09:51 - [MESSAGE][PASSED] - Object: 'Object Repository/Page_/button_Login' is clicked on

2020-10-14 15:09:51 - [MESSAGE][PASSED] - Login IST with valid credentials

2020-10-14 15:09:51 - [TEST_STEP][PASSED] - Login Success for contract dispatcher: Login Success for contract dispatcher

2020-10-14 15:09:51 - [MESSAGE][INFO] - Login Success

2020-10-14 15:09:51 - [MESSAGE][PASSED] - Current window maximized

2020-10-14 15:09:51 - [MESSAGE][PASSED] - Object 'Object Repository/Page_/h1_Welcome to IT Supporting Tools' is present

2020-10-14 15:09:51 - [MESSAGE][PASSED] - Login Success for contract dispatcher

2020-10-14 15:09:51 - [TEST_STEP][PASSED] - Select Menu "Contract Dispatcher": Select Menu "Contract Dispatcher"

2020-10-14 15:09:52 - [MESSAGE][PASSED] - Taking screenshot successfully
[[ATTACHMENT|/Users/chaidir.pratama01/Documents/Docs/Katalon Studio/Screenshot/test-Contract Dispatcher.png]]

2020-10-14 15:09:52 - [MESSAGE][PASSED] - Object '' is present

2020-10-14 15:09:52 - [MESSAGE][PASSED] - Object: '' is clicked on

2020-10-14 15:09:52 - [MESSAGE][PASSED] - Wait for page load successfully

2020-10-14 15:09:52 - [MESSAGE][PASSED] - Select Menu "Contract Dispatcher"

2020-10-14 15:09:52 - [TEST_STEP][PASSED] - Select Contract Number based on Type Contract "BPKB": Select Contract Number based on Type Contract "BPKB"

2020-10-14 15:09:52 - [MESSAGE][PASSED] - Object '' is present

2020-10-14 15:09:52 - [MESSAGE][PASSED] - Object '' is present

2020-10-14 15:09:52 - [MESSAGE][PASSED] - Object: '' is clicked on

2020-10-14 15:09:52 - [MESSAGE][PASSED] - Select Contract Number based on Type Contract "BPKB"

2020-10-14 15:09:52 - [TEST_STEP][PASSED] - Click button "Claim": Click button "Claim"

2020-10-14 15:09:52 - [MESSAGE][INFO] - >>>>>//Button[contains(text(),'Claim')]

2020-10-14 15:09:55 - [MESSAGE][PASSED] - Object: '' is clicked on

2020-10-14 15:09:55 - [MESSAGE][PASSED] - Click button "Claim"

2020-10-14 15:09:55 - [TEST_STEP][PASSED] - Varify the mistake detail already match with the matrix Base on Type Contract: Varify the mistake detail already match with the matrix Base on Type Contract

2020-10-14 15:09:56 - [MESSAGE][PASSED] - Object '' is present

2020-10-14 15:09:56 - [MESSAGE][PASSED] - Object: '' is clicked on

2020-10-14 15:09:56 - [MESSAGE][PASSED] - Object '' is present

2020-10-14 15:09:56 - [MESSAGE][PASSED] - Object '' is not checked

2020-10-14 15:09:56 - [MESSAGE][PASSED] - Object '' is present

2020-10-14 15:09:56 - [MESSAGE][PASSED] - Object '' is not checked

2020-10-14 15:09:56 - [MESSAGE][PASSED] - Object '' is present

2020-10-14 15:09:56 - [MESSAGE][PASSED] - Object '' is not checked

2020-10-14 15:09:56 - [MESSAGE][PASSED] - Object '' is present

2020-10-14 15:09:56 - [MESSAGE][PASSED] - Object '' is not checked

2020-10-14 15:09:56 - [MESSAGE][PASSED] - Object '' is present

2020-10-14 15:09:56 - [MESSAGE][PASSED] - Object: '' is clicked on

2020-10-14 15:09:56 - [MESSAGE][PASSED] - Object '' is present

2020-10-14 15:09:56 - [MESSAGE][PASSED] - Object '' is not checked

2020-10-14 15:09:56 - [MESSAGE][PASSED] - Object '' is present

2020-10-14 15:09:56 - [MESSAGE][PASSED] - Object '' is not checked

2020-10-14 15:09:56 - [MESSAGE][PASSED] - Object '' is present

2020-10-14 15:09:56 - [MESSAGE][PASSED] - Object '' is not checked

2020-10-14 15:09:56 - [MESSAGE][PASSED] - Object '' is present

2020-10-14 15:09:56 - [MESSAGE][PASSED] - Object '' is not checked

2020-10-14 15:09:56 - [MESSAGE][PASSED] - Object '' is present

2020-10-14 15:09:56 - [MESSAGE][PASSED] - Object '' is not checked

2020-10-14 15:09:56 - [MESSAGE][PASSED] - Varify the mistake detail already match with the matrix Base on Type Contract

2020-10-14 15:09:56 - [TEST_STEP][PASSED] - Checkbox General Mistake "01. BPKB bagian depan tidak ada": Checkbox General Mistake "01. BPKB bagian depan tidak ada"

2020-10-14 15:09:56 - [MESSAGE][PASSED] - Object: '' is clicked on

2020-10-14 15:09:56 - [MESSAGE][PASSED] - Wait for page load successfully

2020-10-14 15:09:56 - [MESSAGE][PASSED] - Checkbox General Mistake "01. BPKB bagian depan tidak ada"

2020-10-14 15:09:56 - [TEST_STEP][PASSED] - Click button "Save": Click button "Save"

2020-10-14 15:09:56 - [MESSAGE][INFO] - >>>>>//Button[contains(text(),'Save')]

2020-10-14 15:09:59 - [MESSAGE][PASSED] - Object: '' is clicked on

2020-10-14 15:09:59 - [MESSAGE][PASSED] - Click button "Save"

2020-10-14 15:09:59 - [TEST_STEP][PASSED] - Get text from pop up "IT Supporting Tools" with text "Mistake Type cannot be empty": Get text from pop up "IT Supporting Tools" with text "Mistake Type cannot be empty"

2020-10-14 15:10:00 - [MESSAGE][PASSED] - Taking screenshot successfully
[[ATTACHMENT|/Users/chaidir.pratama01/Documents/Docs/Katalon Studio/Screenshot/errorpopup.png]]

2020-10-14 15:10:00 - [MESSAGE][PASSED] - Object '' is present

2020-10-14 15:10:00 - [MESSAGE][PASSED] - Wait for page load successfully

2020-10-14 15:10:00 - [MESSAGE][PASSED] - Wait for page load successfully

2020-10-14 15:10:00 - [MESSAGE][PASSED] - Get text from pop up "IT Supporting Tools" with text "Mistake Type cannot be empty"

2020-10-14 15:10:00 - [TEST_STEP][PASSED] - Click button "OK": Click button "OK"

2020-10-14 15:10:00 - [MESSAGE][INFO] - >>>>>//Button[contains(text(),'OK')]

2020-10-14 15:10:03 - [MESSAGE][PASSED] - Object: '' is clicked on

2020-10-14 15:10:03 - [MESSAGE][PASSED] - Click button "OK"

2020-10-14 15:10:03 - [TEST_STEP][PASSED] - Click button "Logout": Click button "Logout"

2020-10-14 15:10:03 - [MESSAGE][INFO] - >>>>>//Button[contains(text(),'Logout')]

2020-10-14 15:10:06 - [MESSAGE][PASSED] - Object: '' is clicked on

2020-10-14 15:10:06 - [MESSAGE][PASSED] - Click button "Logout"

2020-10-14 15:10:06 - [TEST_STEP][PASSED] - Comment "Register Mistake failed because Dropdown Mistake type didn't choose": Comment "Register Mistake failed because Dropdown Mistake type didn't choose"

2020-10-14 15:10:06 - [MESSAGE][INFO] - Register Mistake failed because Dropdown Mistake type didn't choose

2020-10-14 15:10:06 - [MESSAGE][PASSED] - Comment "Register Mistake failed because Dropdown Mistake type didn't choose"

2020-10-14 15:10:06 - [TEST_STEP][PASSED] - Close browser: Close browser

2020-10-14 15:10:06 - [MESSAGE][PASSED] - Browser is closed

2020-10-14 15:10:06 - [MESSAGE][PASSED] - Close browser

2020-10-14 15:10:06 - [MESSAGE][PASSED] - Feature file: 'Include/features/IST_Real/CONTRACT_DISPATCHER_BPKB/Pick_Mistake_Without_Choose_Dropdown_Mistake_Type.feature' was passed]]></system-out>
         <system-err><![CDATA[]]></system-err>
      </testcase>
      <testcase name="Test Cases/IST_Real/CONTRACT_DISPATCHER_BPKB/Update_Tbl_CDS_CDC_TRKRegMistake" time="0.835" classname="Test Cases/IST_Real/CONTRACT_DISPATCHER_BPKB/Update_Tbl_CDS_CDC_TRKRegMistake" status="PASSED">
         <system-out><![CDATA[2020-10-14 15:10:06 - [TEST_CASE][PASSED] - Test Cases/IST_Real/CONTRACT_DISPATCHER_BPKB/Update_Tbl_CDS_CDC_TRKRegMistake: Test Cases/IST_Real/CONTRACT_DISPATCHER_BPKB/Update_Tbl_CDS_CDC_TRKRegMistake

2020-10-14 15:10:06 - [TEST_STEP][PASSED] - runFeatureFile("Include/features/IST_Real/CONTRACT_DISPATCHER_BPKB/Update_Tbl_CDS_CDC_TRKRegMistake.feature"): Feature file: 'Include/features/IST_Real/CONTRACT_DISPATCHER_BPKB/Update_Tbl_CDS_CDC_TRKRegMistake.feature' was passed

2020-10-14 15:10:06 - [MESSAGE][INFO] - Starting run keyword runFeatureFile: 'Include/features/IST_Real/CONTRACT_DISPATCHER_BPKB/Update_Tbl_CDS_CDC_TRKRegMistake.feature' and extract report to folder: '/Users/chaidir.pratama01/Katalon Studio/IST_Automation_Git/Reports/20201014_150827/CONTRACT_DISPATCHER_BPKB/TS_CONTRACT_DISPATCHER_BPKB/20201014_150827/cucumber_report/1602663006527'...

2020-10-14 15:10:06 - [TEST_CASE][PASSED] - Start Test Case : SCENARIO Update Table CONTRACT_DISPATCHER_SOURCE and CONTRACT_DISPTACHER_CLAIM: SCENARIO Update Table CONTRACT_DISPATCHER_SOURCE and CONTRACT_DISPTACHER_CLAIM

2020-10-14 15:10:06 - [TEST_STEP][PASSED] - Connect to Database: Connect to Database

2020-10-14 15:10:06 - [MESSAGE][PASSED] - Connect to Database

2020-10-14 15:10:06 - [TEST_STEP][PASSED] - Update Tbl CONTRACT DISPATCHER SRC BPKB To Change PROCESSED From Y to N For BPKB: Update Tbl CONTRACT DISPATCHER SRC BPKB To Change PROCESSED From Y to N For BPKB

2020-10-14 15:10:06 - [MESSAGE][PASSED] - Update Tbl CONTRACT DISPATCHER SRC BPKB To Change PROCESSED From Y to N For BPKB

2020-10-14 15:10:06 - [TEST_STEP][PASSED] - Update Tbl CONTRACT DISPATCHER CLAIM To Delete PROCESS From Column STATUS: Update Tbl CONTRACT DISPATCHER CLAIM To Delete PROCESS From Column STATUS

2020-10-14 15:10:07 - [MESSAGE][PASSED] - Update Tbl CONTRACT DISPATCHER CLAIM To Delete PROCESS From Column STATUS

2020-10-14 15:10:07 - [TEST_STEP][PASSED] - Delete Contract From TRK_REGISTRATION_MISTAKE: Delete Contract From TRK_REGISTRATION_MISTAKE

2020-10-14 15:10:07 - [MESSAGE][PASSED] - Delete Contract From TRK_REGISTRATION_MISTAKE

2020-10-14 15:10:07 - [MESSAGE][PASSED] - Feature file: 'Include/features/IST_Real/CONTRACT_DISPATCHER_BPKB/Update_Tbl_CDS_CDC_TRKRegMistake.feature' was passed]]></system-out>
         <system-err><![CDATA[]]></system-err>
      </testcase>
      <testcase name="Test Cases/IST_Real/CONTRACT_DISPATCHER_BPKB/PIck_Mistake_Without_Write_Textarea_Note_Before" time="27.219" classname="Test Cases/IST_Real/CONTRACT_DISPATCHER_BPKB/PIck_Mistake_Without_Write_Textarea_Note_Before" status="PASSED">
         <system-out><![CDATA[2020-10-14 15:10:07 - [TEST_CASE][PASSED] - Test Cases/IST_Real/CONTRACT_DISPATCHER_BPKB/PIck_Mistake_Without_Write_Textarea_Note_Before: Test Cases/IST_Real/CONTRACT_DISPATCHER_BPKB/PIck_Mistake_Without_Write_Textarea_Note_Before

2020-10-14 15:10:07 - [TEST_STEP][PASSED] - runFeatureFile("Include/features/IST_Real/CONTRACT_DISPATCHER_BPKB/PIck_Mistake_Without_Write_Textarea_Note_Before.feature"): Feature file: 'Include/features/IST_Real/CONTRACT_DISPATCHER_BPKB/PIck_Mistake_Without_Write_Textarea_Note_Before.feature' was passed

2020-10-14 15:10:07 - [MESSAGE][INFO] - Starting run keyword runFeatureFile: 'Include/features/IST_Real/CONTRACT_DISPATCHER_BPKB/PIck_Mistake_Without_Write_Textarea_Note_Before.feature' and extract report to folder: '/Users/chaidir.pratama01/Katalon Studio/IST_Automation_Git/Reports/20201014_150827/CONTRACT_DISPATCHER_BPKB/TS_CONTRACT_DISPATCHER_BPKB/20201014_150827/cucumber_report/1602663007438'...

2020-10-14 15:10:07 - [TEST_CASE][PASSED] - Start Test Case : SCENARIO Assign User to Contract BPKB: SCENARIO Assign User to Contract BPKB

2020-10-14 15:10:07 - [TEST_STEP][PASSED] - Go to IST: Go to IST

2020-10-14 15:10:07 - [MESSAGE][INFO] - Starting 'Chrome (headless)' driver

2020-10-14 15:10:07 - [MESSAGE][INFO] - User set preference: ['args', '[--start-maximized, --disable-gpu, --no-proxy-server, –no-sandbox, --allow-running-insecure-content, --ignore-certificate-errors]']

2020-10-14 15:10:07 - [MESSAGE][INFO] - Action delay is set to 0 milliseconds

2020-10-14 15:10:07 - [MESSAGE][PASSED] - Browser is opened with url: ''

2020-10-14 15:10:08 - [MESSAGE][PASSED] - Navigate to 'https://dev-ist.homecredit.id/ist_tracker/' successfully

2020-10-14 15:10:09 - [MESSAGE][PASSED] - Taking screenshot successfully
[[ATTACHMENT|/Users/chaidir.pratama01/Documents/Docs/Katalon Studio/Screenshot/IST_Page.png]]

2020-10-14 15:10:09 - [MESSAGE][PASSED] - Go to IST

2020-10-14 15:10:09 - [TEST_STEP][PASSED] - Login IST with valid credentials: Login IST with valid credentials

2020-10-14 15:10:09 - [MESSAGE][PASSED] - Text 'mobile.test' is set on object 'Object Repository/Page_/input_Username_j_username'

2020-10-14 15:10:09 - [MESSAGE][PASSED] - Text ****** has been set on object 'Object Repository/Page_/input_Password_j_password'

2020-10-14 15:10:09 - [MESSAGE][PASSED] - Object: 'Object Repository/Page_/button_Login' is clicked on

2020-10-14 15:10:09 - [MESSAGE][PASSED] - Login IST with valid credentials

2020-10-14 15:10:09 - [TEST_STEP][PASSED] - Login Success for contract dispatcher: Login Success for contract dispatcher

2020-10-14 15:10:09 - [MESSAGE][INFO] - Login Success

2020-10-14 15:10:09 - [MESSAGE][PASSED] - Current window maximized

2020-10-14 15:10:09 - [MESSAGE][PASSED] - Object 'Object Repository/Page_/h1_Welcome to IT Supporting Tools' is present

2020-10-14 15:10:09 - [MESSAGE][PASSED] - Login Success for contract dispatcher

2020-10-14 15:10:09 - [TEST_STEP][PASSED] - Select Arrow Menu "Contract Dispatcher Admin": Select Arrow Menu "Contract Dispatcher Admin"

2020-10-14 15:10:09 - [MESSAGE][PASSED] - Object: '' is clicked on

2020-10-14 15:10:09 - [MESSAGE][PASSED] - Select Arrow Menu "Contract Dispatcher Admin"

2020-10-14 15:10:09 - [TEST_STEP][PASSED] - Select Menu "Management Assignment": Select Menu "Management Assignment"

2020-10-14 15:10:10 - [MESSAGE][PASSED] - Taking screenshot successfully
[[ATTACHMENT|/Users/chaidir.pratama01/Documents/Docs/Katalon Studio/Screenshot/test-Management Assignment.png]]

2020-10-14 15:10:10 - [MESSAGE][PASSED] - Object '' is present

2020-10-14 15:10:10 - [MESSAGE][PASSED] - Object: '' is clicked on

2020-10-14 15:10:10 - [MESSAGE][PASSED] - Wait for page load successfully

2020-10-14 15:10:10 - [MESSAGE][PASSED] - Select Menu "Management Assignment"

2020-10-14 15:10:10 - [TEST_STEP][PASSED] - Select Username "mobile.test" of Management Assignment: Select Username "mobile.test" of Management Assignment

2020-10-14 15:10:11 - [MESSAGE][PASSED] - All options with value 'mobile.test' are selected in object 'Object Repository/Page_/dropdown_list_username_assignment'  using regular expression

2020-10-14 15:10:11 - [MESSAGE][PASSED] - Select Username "mobile.test" of Management Assignment

2020-10-14 15:10:11 - [TEST_STEP][PASSED] - Check for username if already assigned to "BPKB": Check for username if already assigned to "BPKB"

2020-10-14 15:10:14 - [MESSAGE][PASSED] - Scroll to object '' successfully

2020-10-14 15:10:14 - [MESSAGE][PASSED] - Object '' is present

2020-10-14 15:10:14 - [MESSAGE][PASSED] - Object '' is checked

2020-10-14 15:10:14 - [MESSAGE][INFO] - Element is already Checked

2020-10-14 15:10:14 - [MESSAGE][PASSED] - Check for username if already assigned to "BPKB"

2020-10-14 15:10:14 - [TEST_STEP][PASSED] - Wait page for load: Wait page for load

2020-10-14 15:10:14 - [MESSAGE][PASSED] - Wait for page load successfully

2020-10-14 15:10:14 - [MESSAGE][PASSED] - Wait page for load

2020-10-14 15:10:14 - [TEST_STEP][PASSED] - Click button "Logout": Click button "Logout"

2020-10-14 15:10:14 - [MESSAGE][INFO] - >>>>>//Button[contains(text(),'Logout')]

2020-10-14 15:10:17 - [MESSAGE][PASSED] - Object: '' is clicked on

2020-10-14 15:10:17 - [MESSAGE][PASSED] - Click button "Logout"

2020-10-14 15:10:17 - [TEST_STEP][PASSED] - Close browser: Close browser

2020-10-14 15:10:17 - [MESSAGE][PASSED] - Browser is closed

2020-10-14 15:10:17 - [MESSAGE][PASSED] - Close browser

2020-10-14 15:10:17 - [TEST_CASE][PASSED] - Start Test Case : SCENARIO Select Menu Contract Dispatcher and Select Contract based on type contract BPKB: SCENARIO Select Menu Contract Dispatcher and Select Contract based on type contract BPKB

2020-10-14 15:10:17 - [TEST_STEP][PASSED] - Go to IST: Go to IST

2020-10-14 15:10:17 - [MESSAGE][INFO] - Starting 'Chrome (headless)' driver

2020-10-14 15:10:17 - [MESSAGE][INFO] - User set preference: ['args', '[--start-maximized, --disable-gpu, --no-proxy-server, –no-sandbox, --allow-running-insecure-content, --ignore-certificate-errors]']

2020-10-14 15:10:17 - [MESSAGE][INFO] - Action delay is set to 0 milliseconds

2020-10-14 15:10:18 - [MESSAGE][PASSED] - Browser is opened with url: ''

2020-10-14 15:10:18 - [MESSAGE][PASSED] - Navigate to 'https://dev-ist.homecredit.id/ist_tracker/' successfully

2020-10-14 15:10:19 - [MESSAGE][PASSED] - Taking screenshot successfully
[[ATTACHMENT|/Users/chaidir.pratama01/Documents/Docs/Katalon Studio/Screenshot/IST_Page.png]]

2020-10-14 15:10:19 - [MESSAGE][PASSED] - Go to IST

2020-10-14 15:10:19 - [TEST_STEP][PASSED] - Login IST with valid credentials: Login IST with valid credentials

2020-10-14 15:10:19 - [MESSAGE][PASSED] - Text 'mobile.test' is set on object 'Object Repository/Page_/input_Username_j_username'

2020-10-14 15:10:19 - [MESSAGE][PASSED] - Text ****** has been set on object 'Object Repository/Page_/input_Password_j_password'

2020-10-14 15:10:19 - [MESSAGE][PASSED] - Object: 'Object Repository/Page_/button_Login' is clicked on

2020-10-14 15:10:19 - [MESSAGE][PASSED] - Login IST with valid credentials

2020-10-14 15:10:19 - [TEST_STEP][PASSED] - Login Success for contract dispatcher: Login Success for contract dispatcher

2020-10-14 15:10:19 - [MESSAGE][INFO] - Login Success

2020-10-14 15:10:20 - [MESSAGE][PASSED] - Current window maximized

2020-10-14 15:10:20 - [MESSAGE][PASSED] - Object 'Object Repository/Page_/h1_Welcome to IT Supporting Tools' is present

2020-10-14 15:10:20 - [MESSAGE][PASSED] - Login Success for contract dispatcher

2020-10-14 15:10:20 - [TEST_STEP][PASSED] - Select Menu "Contract Dispatcher": Select Menu "Contract Dispatcher"

2020-10-14 15:10:20 - [MESSAGE][PASSED] - Taking screenshot successfully
[[ATTACHMENT|/Users/chaidir.pratama01/Documents/Docs/Katalon Studio/Screenshot/test-Contract Dispatcher.png]]

2020-10-14 15:10:20 - [MESSAGE][PASSED] - Object '' is present

2020-10-14 15:10:20 - [MESSAGE][PASSED] - Object: '' is clicked on

2020-10-14 15:10:20 - [MESSAGE][PASSED] - Wait for page load successfully

2020-10-14 15:10:20 - [MESSAGE][PASSED] - Select Menu "Contract Dispatcher"

2020-10-14 15:10:20 - [TEST_STEP][PASSED] - Select Contract Number based on Type Contract "BPKB": Select Contract Number based on Type Contract "BPKB"

2020-10-14 15:10:20 - [MESSAGE][PASSED] - Object '' is present

2020-10-14 15:10:20 - [MESSAGE][PASSED] - Object '' is present

2020-10-14 15:10:20 - [MESSAGE][PASSED] - Object: '' is clicked on

2020-10-14 15:10:20 - [MESSAGE][PASSED] - Select Contract Number based on Type Contract "BPKB"

2020-10-14 15:10:20 - [TEST_STEP][PASSED] - Click button "Claim": Click button "Claim"

2020-10-14 15:10:20 - [MESSAGE][INFO] - >>>>>//Button[contains(text(),'Claim')]

2020-10-14 15:10:23 - [MESSAGE][PASSED] - Object: '' is clicked on

2020-10-14 15:10:23 - [MESSAGE][PASSED] - Click button "Claim"

2020-10-14 15:10:23 - [TEST_STEP][PASSED] - Varify the mistake detail already match with the matrix Base on Type Contract: Varify the mistake detail already match with the matrix Base on Type Contract

2020-10-14 15:10:24 - [MESSAGE][PASSED] - Object '' is present

2020-10-14 15:10:24 - [MESSAGE][PASSED] - Object: '' is clicked on

2020-10-14 15:10:24 - [MESSAGE][PASSED] - Object '' is present

2020-10-14 15:10:24 - [MESSAGE][PASSED] - Object '' is not checked

2020-10-14 15:10:24 - [MESSAGE][PASSED] - Object '' is present

2020-10-14 15:10:24 - [MESSAGE][PASSED] - Object '' is not checked

2020-10-14 15:10:24 - [MESSAGE][PASSED] - Object '' is present

2020-10-14 15:10:24 - [MESSAGE][PASSED] - Object '' is not checked

2020-10-14 15:10:24 - [MESSAGE][PASSED] - Object '' is present

2020-10-14 15:10:24 - [MESSAGE][PASSED] - Object '' is not checked

2020-10-14 15:10:24 - [MESSAGE][PASSED] - Object '' is present

2020-10-14 15:10:24 - [MESSAGE][PASSED] - Object: '' is clicked on

2020-10-14 15:10:24 - [MESSAGE][PASSED] - Object '' is present

2020-10-14 15:10:24 - [MESSAGE][PASSED] - Object '' is not checked

2020-10-14 15:10:24 - [MESSAGE][PASSED] - Object '' is present

2020-10-14 15:10:24 - [MESSAGE][PASSED] - Object '' is not checked

2020-10-14 15:10:24 - [MESSAGE][PASSED] - Object '' is present

2020-10-14 15:10:24 - [MESSAGE][PASSED] - Object '' is not checked

2020-10-14 15:10:24 - [MESSAGE][PASSED] - Object '' is present

2020-10-14 15:10:24 - [MESSAGE][PASSED] - Object '' is not checked

2020-10-14 15:10:24 - [MESSAGE][PASSED] - Object '' is present

2020-10-14 15:10:24 - [MESSAGE][PASSED] - Object '' is not checked

2020-10-14 15:10:24 - [MESSAGE][PASSED] - Varify the mistake detail already match with the matrix Base on Type Contract

2020-10-14 15:10:24 - [TEST_STEP][PASSED] - Checkbox General Mistake "01. BPKB bagian depan tidak ada": Checkbox General Mistake "01. BPKB bagian depan tidak ada"

2020-10-14 15:10:24 - [MESSAGE][PASSED] - Object: '' is clicked on

2020-10-14 15:10:24 - [MESSAGE][PASSED] - Wait for page load successfully

2020-10-14 15:10:24 - [MESSAGE][PASSED] - Checkbox General Mistake "01. BPKB bagian depan tidak ada"

2020-10-14 15:10:24 - [TEST_STEP][PASSED] - Choose Dropdown mistake type "Dokumen diunggah tidak ada" from mistake name "BPKB bagian depan tidak ada": Choose Dropdown mistake type "Dokumen diunggah tidak ada" from mistake name "BPKB bagian depan tidak ada"

2020-10-14 15:10:24 - [MESSAGE][PASSED] - All options with index in [1] are selected on object ''

2020-10-14 15:10:24 - [MESSAGE][PASSED] - Wait for page load successfully

2020-10-14 15:10:24 - [MESSAGE][PASSED] - Choose Dropdown mistake type "Dokumen diunggah tidak ada" from mistake name "BPKB bagian depan tidak ada"

2020-10-14 15:10:24 - [TEST_STEP][PASSED] - Click button "Save": Click button "Save"

2020-10-14 15:10:24 - [MESSAGE][INFO] - >>>>>//Button[contains(text(),'Save')]

2020-10-14 15:10:27 - [MESSAGE][PASSED] - Object: '' is clicked on

2020-10-14 15:10:27 - [MESSAGE][PASSED] - Click button "Save"

2020-10-14 15:10:27 - [TEST_STEP][PASSED] - Get text from pop up "IT Supporting Tools" with text "Note-before cannot be empty": Get text from pop up "IT Supporting Tools" with text "Note-before cannot be empty"

2020-10-14 15:10:28 - [MESSAGE][PASSED] - Taking screenshot successfully
[[ATTACHMENT|/Users/chaidir.pratama01/Documents/Docs/Katalon Studio/Screenshot/errorpopup.png]]

2020-10-14 15:10:28 - [MESSAGE][PASSED] - Object '' is present

2020-10-14 15:10:28 - [MESSAGE][PASSED] - Wait for page load successfully

2020-10-14 15:10:28 - [MESSAGE][PASSED] - Wait for page load successfully

2020-10-14 15:10:28 - [MESSAGE][PASSED] - Get text from pop up "IT Supporting Tools" with text "Note-before cannot be empty"

2020-10-14 15:10:28 - [TEST_STEP][PASSED] - Click button "OK": Click button "OK"

2020-10-14 15:10:28 - [MESSAGE][INFO] - >>>>>//Button[contains(text(),'OK')]

2020-10-14 15:10:31 - [MESSAGE][PASSED] - Object: '' is clicked on

2020-10-14 15:10:31 - [MESSAGE][PASSED] - Click button "OK"

2020-10-14 15:10:31 - [TEST_STEP][PASSED] - Click button "Logout": Click button "Logout"

2020-10-14 15:10:31 - [MESSAGE][INFO] - >>>>>//Button[contains(text(),'Logout')]

2020-10-14 15:10:34 - [MESSAGE][PASSED] - Object: '' is clicked on

2020-10-14 15:10:34 - [MESSAGE][PASSED] - Click button "Logout"

2020-10-14 15:10:34 - [TEST_STEP][PASSED] - Comment "Register Mistake failed because Note-before empty": Comment "Register Mistake failed because Note-before empty"

2020-10-14 15:10:34 - [MESSAGE][INFO] - Register Mistake failed because Note-before empty

2020-10-14 15:10:34 - [MESSAGE][PASSED] - Comment "Register Mistake failed because Note-before empty"

2020-10-14 15:10:34 - [TEST_STEP][PASSED] - Close browser: Close browser

2020-10-14 15:10:34 - [MESSAGE][PASSED] - Browser is closed

2020-10-14 15:10:34 - [MESSAGE][PASSED] - Close browser

2020-10-14 15:10:34 - [MESSAGE][PASSED] - Feature file: 'Include/features/IST_Real/CONTRACT_DISPATCHER_BPKB/PIck_Mistake_Without_Write_Textarea_Note_Before.feature' was passed]]></system-out>
         <system-err><![CDATA[]]></system-err>
      </testcase>
      <testcase name="Test Cases/IST_Real/CONTRACT_DISPATCHER_BPKB/Update_Tbl_CDS_CDC_TRKRegMistake" time="1.016" classname="Test Cases/IST_Real/CONTRACT_DISPATCHER_BPKB/Update_Tbl_CDS_CDC_TRKRegMistake" status="PASSED">
         <system-out><![CDATA[2020-10-14 15:10:34 - [TEST_CASE][PASSED] - Test Cases/IST_Real/CONTRACT_DISPATCHER_BPKB/Update_Tbl_CDS_CDC_TRKRegMistake: Test Cases/IST_Real/CONTRACT_DISPATCHER_BPKB/Update_Tbl_CDS_CDC_TRKRegMistake

2020-10-14 15:10:34 - [TEST_STEP][PASSED] - runFeatureFile("Include/features/IST_Real/CONTRACT_DISPATCHER_BPKB/Update_Tbl_CDS_CDC_TRKRegMistake.feature"): Feature file: 'Include/features/IST_Real/CONTRACT_DISPATCHER_BPKB/Update_Tbl_CDS_CDC_TRKRegMistake.feature' was passed

2020-10-14 15:10:34 - [MESSAGE][INFO] - Starting run keyword runFeatureFile: 'Include/features/IST_Real/CONTRACT_DISPATCHER_BPKB/Update_Tbl_CDS_CDC_TRKRegMistake.feature' and extract report to folder: '/Users/chaidir.pratama01/Katalon Studio/IST_Automation_Git/Reports/20201014_150827/CONTRACT_DISPATCHER_BPKB/TS_CONTRACT_DISPATCHER_BPKB/20201014_150827/cucumber_report/1602663034585'...

2020-10-14 15:10:34 - [TEST_CASE][PASSED] - Start Test Case : SCENARIO Update Table CONTRACT_DISPATCHER_SOURCE and CONTRACT_DISPTACHER_CLAIM: SCENARIO Update Table CONTRACT_DISPATCHER_SOURCE and CONTRACT_DISPTACHER_CLAIM

2020-10-14 15:10:34 - [TEST_STEP][PASSED] - Connect to Database: Connect to Database

2020-10-14 15:10:35 - [MESSAGE][PASSED] - Connect to Database

2020-10-14 15:10:35 - [TEST_STEP][PASSED] - Update Tbl CONTRACT DISPATCHER SRC BPKB To Change PROCESSED From Y to N For BPKB: Update Tbl CONTRACT DISPATCHER SRC BPKB To Change PROCESSED From Y to N For BPKB

2020-10-14 15:10:35 - [MESSAGE][PASSED] - Update Tbl CONTRACT DISPATCHER SRC BPKB To Change PROCESSED From Y to N For BPKB

2020-10-14 15:10:35 - [TEST_STEP][PASSED] - Update Tbl CONTRACT DISPATCHER CLAIM To Delete PROCESS From Column STATUS: Update Tbl CONTRACT DISPATCHER CLAIM To Delete PROCESS From Column STATUS

2020-10-14 15:10:35 - [MESSAGE][PASSED] - Update Tbl CONTRACT DISPATCHER CLAIM To Delete PROCESS From Column STATUS

2020-10-14 15:10:35 - [TEST_STEP][PASSED] - Delete Contract From TRK_REGISTRATION_MISTAKE: Delete Contract From TRK_REGISTRATION_MISTAKE

2020-10-14 15:10:35 - [MESSAGE][PASSED] - Delete Contract From TRK_REGISTRATION_MISTAKE

2020-10-14 15:10:35 - [MESSAGE][PASSED] - Feature file: 'Include/features/IST_Real/CONTRACT_DISPATCHER_BPKB/Update_Tbl_CDS_CDC_TRKRegMistake.feature' was passed]]></system-out>
         <system-err><![CDATA[]]></system-err>
      </testcase>
      <testcase name="Test Cases/IST_Real/CONTRACT_DISPATCHER_BPKB/Pick_Mistake_Without_Write_Textarea_Note_After" time="27.214" classname="Test Cases/IST_Real/CONTRACT_DISPATCHER_BPKB/Pick_Mistake_Without_Write_Textarea_Note_After" status="PASSED">
         <system-out><![CDATA[2020-10-14 15:10:35 - [TEST_CASE][PASSED] - Test Cases/IST_Real/CONTRACT_DISPATCHER_BPKB/Pick_Mistake_Without_Write_Textarea_Note_After: Test Cases/IST_Real/CONTRACT_DISPATCHER_BPKB/Pick_Mistake_Without_Write_Textarea_Note_After

2020-10-14 15:10:35 - [TEST_STEP][PASSED] - runFeatureFile("Include/features/IST_Real/CONTRACT_DISPATCHER_BPKB/Pick_Mistake_Without_Write_Textarea_Note_After.feature"): Feature file: 'Include/features/IST_Real/CONTRACT_DISPATCHER_BPKB/Pick_Mistake_Without_Write_Textarea_Note_After.feature' was passed

2020-10-14 15:10:35 - [MESSAGE][INFO] - Starting run keyword runFeatureFile: 'Include/features/IST_Real/CONTRACT_DISPATCHER_BPKB/Pick_Mistake_Without_Write_Textarea_Note_After.feature' and extract report to folder: '/Users/chaidir.pratama01/Katalon Studio/IST_Automation_Git/Reports/20201014_150827/CONTRACT_DISPATCHER_BPKB/TS_CONTRACT_DISPATCHER_BPKB/20201014_150827/cucumber_report/1602663035679'...

2020-10-14 15:10:35 - [TEST_CASE][PASSED] - Start Test Case : SCENARIO Assign User to Contract BPKB: SCENARIO Assign User to Contract BPKB

2020-10-14 15:10:35 - [TEST_STEP][PASSED] - Go to IST: Go to IST

2020-10-14 15:10:35 - [MESSAGE][INFO] - Starting 'Chrome (headless)' driver

2020-10-14 15:10:35 - [MESSAGE][INFO] - User set preference: ['args', '[--start-maximized, --disable-gpu, --no-proxy-server, –no-sandbox, --allow-running-insecure-content, --ignore-certificate-errors]']

2020-10-14 15:10:35 - [MESSAGE][INFO] - Action delay is set to 0 milliseconds

2020-10-14 15:10:36 - [MESSAGE][PASSED] - Browser is opened with url: ''

2020-10-14 15:10:37 - [MESSAGE][PASSED] - Navigate to 'https://dev-ist.homecredit.id/ist_tracker/' successfully

2020-10-14 15:10:37 - [MESSAGE][PASSED] - Taking screenshot successfully
[[ATTACHMENT|/Users/chaidir.pratama01/Documents/Docs/Katalon Studio/Screenshot/IST_Page.png]]

2020-10-14 15:10:37 - [MESSAGE][PASSED] - Go to IST

2020-10-14 15:10:37 - [TEST_STEP][PASSED] - Login IST with valid credentials: Login IST with valid credentials

2020-10-14 15:10:37 - [MESSAGE][PASSED] - Text 'mobile.test' is set on object 'Object Repository/Page_/input_Username_j_username'

2020-10-14 15:10:37 - [MESSAGE][PASSED] - Text ****** has been set on object 'Object Repository/Page_/input_Password_j_password'

2020-10-14 15:10:37 - [MESSAGE][PASSED] - Object: 'Object Repository/Page_/button_Login' is clicked on

2020-10-14 15:10:37 - [MESSAGE][PASSED] - Login IST with valid credentials

2020-10-14 15:10:37 - [TEST_STEP][PASSED] - Login Success for contract dispatcher: Login Success for contract dispatcher

2020-10-14 15:10:37 - [MESSAGE][INFO] - Login Success

2020-10-14 15:10:38 - [MESSAGE][PASSED] - Current window maximized

2020-10-14 15:10:38 - [MESSAGE][PASSED] - Object 'Object Repository/Page_/h1_Welcome to IT Supporting Tools' is present

2020-10-14 15:10:38 - [MESSAGE][PASSED] - Login Success for contract dispatcher

2020-10-14 15:10:38 - [TEST_STEP][PASSED] - Select Arrow Menu "Contract Dispatcher Admin": Select Arrow Menu "Contract Dispatcher Admin"

2020-10-14 15:10:38 - [MESSAGE][PASSED] - Object: '' is clicked on

2020-10-14 15:10:38 - [MESSAGE][PASSED] - Select Arrow Menu "Contract Dispatcher Admin"

2020-10-14 15:10:38 - [TEST_STEP][PASSED] - Select Menu "Management Assignment": Select Menu "Management Assignment"

2020-10-14 15:10:38 - [MESSAGE][PASSED] - Taking screenshot successfully
[[ATTACHMENT|/Users/chaidir.pratama01/Documents/Docs/Katalon Studio/Screenshot/test-Management Assignment.png]]

2020-10-14 15:10:38 - [MESSAGE][PASSED] - Object '' is present

2020-10-14 15:10:38 - [MESSAGE][PASSED] - Object: '' is clicked on

2020-10-14 15:10:38 - [MESSAGE][PASSED] - Wait for page load successfully

2020-10-14 15:10:38 - [MESSAGE][PASSED] - Select Menu "Management Assignment"

2020-10-14 15:10:38 - [TEST_STEP][PASSED] - Select Username "mobile.test" of Management Assignment: Select Username "mobile.test" of Management Assignment

2020-10-14 15:10:39 - [MESSAGE][PASSED] - All options with value 'mobile.test' are selected in object 'Object Repository/Page_/dropdown_list_username_assignment'  using regular expression

2020-10-14 15:10:39 - [MESSAGE][PASSED] - Select Username "mobile.test" of Management Assignment

2020-10-14 15:10:39 - [TEST_STEP][PASSED] - Check for username if already assigned to "BPKB": Check for username if already assigned to "BPKB"

2020-10-14 15:10:42 - [MESSAGE][PASSED] - Scroll to object '' successfully

2020-10-14 15:10:42 - [MESSAGE][PASSED] - Object '' is present

2020-10-14 15:10:42 - [MESSAGE][PASSED] - Object '' is checked

2020-10-14 15:10:42 - [MESSAGE][INFO] - Element is already Checked

2020-10-14 15:10:42 - [MESSAGE][PASSED] - Check for username if already assigned to "BPKB"

2020-10-14 15:10:42 - [TEST_STEP][PASSED] - Wait page for load: Wait page for load

2020-10-14 15:10:42 - [MESSAGE][PASSED] - Wait for page load successfully

2020-10-14 15:10:42 - [MESSAGE][PASSED] - Wait page for load

2020-10-14 15:10:42 - [TEST_STEP][PASSED] - Click button "Logout": Click button "Logout"

2020-10-14 15:10:42 - [MESSAGE][INFO] - >>>>>//Button[contains(text(),'Logout')]

2020-10-14 15:10:45 - [MESSAGE][PASSED] - Object: '' is clicked on

2020-10-14 15:10:45 - [MESSAGE][PASSED] - Click button "Logout"

2020-10-14 15:10:45 - [TEST_STEP][PASSED] - Close browser: Close browser

2020-10-14 15:10:45 - [MESSAGE][PASSED] - Browser is closed

2020-10-14 15:10:45 - [MESSAGE][PASSED] - Close browser

2020-10-14 15:10:45 - [TEST_CASE][PASSED] - Start Test Case : SCENARIO Select Menu Contract Dispatcher and Select Contract based on type contract BPKB: SCENARIO Select Menu Contract Dispatcher and Select Contract based on type contract BPKB

2020-10-14 15:10:45 - [TEST_STEP][PASSED] - Go to IST: Go to IST

2020-10-14 15:10:45 - [MESSAGE][INFO] - Starting 'Chrome (headless)' driver

2020-10-14 15:10:45 - [MESSAGE][INFO] - User set preference: ['args', '[--start-maximized, --disable-gpu, --no-proxy-server, –no-sandbox, --allow-running-insecure-content, --ignore-certificate-errors]']

2020-10-14 15:10:45 - [MESSAGE][INFO] - Action delay is set to 0 milliseconds

2020-10-14 15:10:46 - [MESSAGE][PASSED] - Browser is opened with url: ''

2020-10-14 15:10:47 - [MESSAGE][PASSED] - Navigate to 'https://dev-ist.homecredit.id/ist_tracker/' successfully

2020-10-14 15:10:47 - [MESSAGE][PASSED] - Taking screenshot successfully
[[ATTACHMENT|/Users/chaidir.pratama01/Documents/Docs/Katalon Studio/Screenshot/IST_Page.png]]

2020-10-14 15:10:47 - [MESSAGE][PASSED] - Go to IST

2020-10-14 15:10:47 - [TEST_STEP][PASSED] - Login IST with valid credentials: Login IST with valid credentials

2020-10-14 15:10:47 - [MESSAGE][PASSED] - Text 'mobile.test' is set on object 'Object Repository/Page_/input_Username_j_username'

2020-10-14 15:10:47 - [MESSAGE][PASSED] - Text ****** has been set on object 'Object Repository/Page_/input_Password_j_password'

2020-10-14 15:10:48 - [MESSAGE][PASSED] - Object: 'Object Repository/Page_/button_Login' is clicked on

2020-10-14 15:10:48 - [MESSAGE][PASSED] - Login IST with valid credentials

2020-10-14 15:10:48 - [TEST_STEP][PASSED] - Login Success for contract dispatcher: Login Success for contract dispatcher

2020-10-14 15:10:48 - [MESSAGE][INFO] - Login Success

2020-10-14 15:10:48 - [MESSAGE][PASSED] - Current window maximized

2020-10-14 15:10:48 - [MESSAGE][PASSED] - Object 'Object Repository/Page_/h1_Welcome to IT Supporting Tools' is present

2020-10-14 15:10:48 - [MESSAGE][PASSED] - Login Success for contract dispatcher

2020-10-14 15:10:48 - [TEST_STEP][PASSED] - Select Menu "Contract Dispatcher": Select Menu "Contract Dispatcher"

2020-10-14 15:10:48 - [MESSAGE][PASSED] - Taking screenshot successfully
[[ATTACHMENT|/Users/chaidir.pratama01/Documents/Docs/Katalon Studio/Screenshot/test-Contract Dispatcher.png]]

2020-10-14 15:10:48 - [MESSAGE][PASSED] - Object '' is present

2020-10-14 15:10:48 - [MESSAGE][PASSED] - Object: '' is clicked on

2020-10-14 15:10:48 - [MESSAGE][PASSED] - Wait for page load successfully

2020-10-14 15:10:48 - [MESSAGE][PASSED] - Select Menu "Contract Dispatcher"

2020-10-14 15:10:48 - [TEST_STEP][PASSED] - Select Contract Number based on Type Contract "BPKB": Select Contract Number based on Type Contract "BPKB"

2020-10-14 15:10:48 - [MESSAGE][PASSED] - Object '' is present

2020-10-14 15:10:48 - [MESSAGE][PASSED] - Object '' is present

2020-10-14 15:10:48 - [MESSAGE][PASSED] - Object: '' is clicked on

2020-10-14 15:10:48 - [MESSAGE][PASSED] - Select Contract Number based on Type Contract "BPKB"

2020-10-14 15:10:48 - [TEST_STEP][PASSED] - Click button "Claim": Click button "Claim"

2020-10-14 15:10:48 - [MESSAGE][INFO] - >>>>>//Button[contains(text(),'Claim')]

2020-10-14 15:10:51 - [MESSAGE][PASSED] - Object: '' is clicked on

2020-10-14 15:10:51 - [MESSAGE][PASSED] - Click button "Claim"

2020-10-14 15:10:51 - [TEST_STEP][PASSED] - Varify the mistake detail already match with the matrix Base on Type Contract: Varify the mistake detail already match with the matrix Base on Type Contract

2020-10-14 15:10:52 - [MESSAGE][PASSED] - Object '' is present

2020-10-14 15:10:52 - [MESSAGE][PASSED] - Object: '' is clicked on

2020-10-14 15:10:52 - [MESSAGE][PASSED] - Object '' is present

2020-10-14 15:10:52 - [MESSAGE][PASSED] - Object '' is not checked

2020-10-14 15:10:52 - [MESSAGE][PASSED] - Object '' is present

2020-10-14 15:10:52 - [MESSAGE][PASSED] - Object '' is not checked

2020-10-14 15:10:52 - [MESSAGE][PASSED] - Object '' is present

2020-10-14 15:10:52 - [MESSAGE][PASSED] - Object '' is not checked

2020-10-14 15:10:52 - [MESSAGE][PASSED] - Object '' is present

2020-10-14 15:10:52 - [MESSAGE][PASSED] - Object '' is not checked

2020-10-14 15:10:52 - [MESSAGE][PASSED] - Object '' is present

2020-10-14 15:10:52 - [MESSAGE][PASSED] - Object: '' is clicked on

[...]

2020-10-14 15:21:24 - [MESSAGE][PASSED] - Object '' is present

2020-10-14 15:21:24 - [MESSAGE][PASSED] - Object: '' is clicked on

2020-10-14 15:21:24 - [MESSAGE][PASSED] - Wait for page load successfully

2020-10-14 15:21:24 - [MESSAGE][PASSED] - Select Menu "Management Assignment"

2020-10-14 15:21:24 - [TEST_STEP][PASSED] - Click button "Reset All User": Click button "Reset All User"

2020-10-14 15:21:24 - [MESSAGE][INFO] - >>>>>//Button[contains(text(),'Reset All User')]

2020-10-14 15:21:27 - [MESSAGE][PASSED] - Object: '' is clicked on

2020-10-14 15:21:27 - [MESSAGE][PASSED] - Click button "Reset All User"

2020-10-14 15:21:27 - [TEST_STEP][PASSED] - Get text from pop up "Confirmation Reset All" with text "Are you sure ?": Get text from pop up "Confirmation Reset All" with text "Are you sure ?"

2020-10-14 15:21:28 - [MESSAGE][PASSED] - Taking screenshot successfully
[[ATTACHMENT|/Users/chaidir.pratama01/Documents/Docs/Katalon Studio/Screenshot/errorpopup.png]]

2020-10-14 15:21:28 - [MESSAGE][PASSED] - Object '' is present

2020-10-14 15:21:28 - [MESSAGE][PASSED] - Wait for page load successfully

2020-10-14 15:21:28 - [MESSAGE][PASSED] - Wait for page load successfully

2020-10-14 15:21:28 - [MESSAGE][PASSED] - Get text from pop up "Confirmation Reset All" with text "Are you sure ?"

2020-10-14 15:21:28 - [TEST_STEP][PASSED] - Click button "OK": Click button "OK"

2020-10-14 15:21:28 - [MESSAGE][INFO] - >>>>>//Button[contains(text(),'OK')]

2020-10-14 15:21:31 - [MESSAGE][PASSED] - Object: '' is clicked on

2020-10-14 15:21:31 - [MESSAGE][PASSED] - Click button "OK"

2020-10-14 15:21:31 - [TEST_STEP][PASSED] - Wait page for load: Wait page for load

2020-10-14 15:21:31 - [MESSAGE][PASSED] - Wait for page load successfully

2020-10-14 15:21:31 - [MESSAGE][PASSED] - Wait page for load

2020-10-14 15:21:31 - [TEST_STEP][PASSED] - Notification "Reset All Success": Notification "Reset All Success"

2020-10-14 15:21:32 - [MESSAGE][PASSED] - Object '' is present

2020-10-14 15:21:32 - [MESSAGE][PASSED] - Notification "Reset All Success"

2020-10-14 15:21:32 - [TEST_STEP][PASSED] - Select Username "mobile.test" of Management Assignment: Select Username "mobile.test" of Management Assignment

2020-10-14 15:21:33 - [MESSAGE][PASSED] - All options with value 'mobile.test' are selected in object 'Object Repository/Page_/dropdown_list_username_assignment'  using regular expression

2020-10-14 15:21:33 - [MESSAGE][PASSED] - Select Username "mobile.test" of Management Assignment

2020-10-14 15:21:33 - [TEST_STEP][PASSED] - Check unchecked contract type POS: Check unchecked contract type POS

2020-10-14 15:21:33 - [MESSAGE][PASSED] - Object '' is present

2020-10-14 15:21:33 - [MESSAGE][PASSED] - Object '' is not checked

2020-10-14 15:21:33 - [MESSAGE][PASSED] - Object '' is present

2020-10-14 15:21:33 - [MESSAGE][PASSED] - Object '' is not checked

2020-10-14 15:21:33 - [MESSAGE][PASSED] - Object '' is present

2020-10-14 15:21:33 - [MESSAGE][PASSED] - Object '' is not checked

2020-10-14 15:21:33 - [MESSAGE][PASSED] - Object '' is present

2020-10-14 15:21:33 - [MESSAGE][PASSED] - Object '' is not checked

2020-10-14 15:21:33 - [MESSAGE][PASSED] - Object '' is present

2020-10-14 15:21:33 - [MESSAGE][PASSED] - Object '' is not checked

2020-10-14 15:21:33 - [MESSAGE][PASSED] - Object '' is present

2020-10-14 15:21:33 - [MESSAGE][PASSED] - Object '' is not checked

2020-10-14 15:21:33 - [MESSAGE][PASSED] - Object '' is present

2020-10-14 15:21:33 - [MESSAGE][PASSED] - Object '' is not checked

2020-10-14 15:21:33 - [MESSAGE][PASSED] - Object '' is present

2020-10-14 15:21:33 - [MESSAGE][PASSED] - Object '' is not checked

2020-10-14 15:21:33 - [MESSAGE][PASSED] - Object '' is present

2020-10-14 15:21:33 - [MESSAGE][PASSED] - Object '' is not checked

2020-10-14 15:21:33 - [MESSAGE][PASSED] - Object '' is present

2020-10-14 15:21:33 - [MESSAGE][PASSED] - Object '' is not checked

2020-10-14 15:21:33 - [MESSAGE][PASSED] - Object '' is present

2020-10-14 15:21:33 - [MESSAGE][PASSED] - Object '' is not checked

2020-10-14 15:21:33 - [MESSAGE][PASSED] - Object '' is present

2020-10-14 15:21:33 - [MESSAGE][PASSED] - Object '' is not checked

2020-10-14 15:21:33 - [MESSAGE][PASSED] - Object '' is present

2020-10-14 15:21:33 - [MESSAGE][PASSED] - Object '' is not checked

2020-10-14 15:21:33 - [MESSAGE][PASSED] - Object '' is present

2020-10-14 15:21:33 - [MESSAGE][PASSED] - Object '' is not checked

2020-10-14 15:21:33 - [MESSAGE][PASSED] - Object '' is present

2020-10-14 15:21:33 - [MESSAGE][PASSED] - Object '' is not checked

2020-10-14 15:21:33 - [MESSAGE][PASSED] - Object '' is present

2020-10-14 15:21:33 - [MESSAGE][PASSED] - Object '' is not checked

2020-10-14 15:21:33 - [MESSAGE][PASSED] - Object '' is present

2020-10-14 15:21:33 - [MESSAGE][PASSED] - Object '' is not checked

2020-10-14 15:21:33 - [MESSAGE][PASSED] - Object '' is present

2020-10-14 15:21:33 - [MESSAGE][PASSED] - Object '' is not checked

2020-10-14 15:21:33 - [MESSAGE][PASSED] - Object '' is present

2020-10-14 15:21:33 - [MESSAGE][PASSED] - Object '' is not checked

2020-10-14 15:21:33 - [MESSAGE][PASSED] - Object '' is present

2020-10-14 15:21:33 - [MESSAGE][PASSED] - Object '' is not checked

2020-10-14 15:21:33 - [MESSAGE][PASSED] - Object '' is present

2020-10-14 15:21:33 - [MESSAGE][PASSED] - Object '' is not checked

2020-10-14 15:21:33 - [MESSAGE][PASSED] - Object '' is present

2020-10-14 15:21:34 - [MESSAGE][PASSED] - Object '' is not checked

2020-10-14 15:21:34 - [MESSAGE][PASSED] - Object '' is present

2020-10-14 15:21:34 - [MESSAGE][PASSED] - Object '' is not checked

2020-10-14 15:21:34 - [MESSAGE][PASSED] - Object '' is present

2020-10-14 15:21:34 - [MESSAGE][PASSED] - Object '' is not checked

2020-10-14 15:21:34 - [MESSAGE][PASSED] - Check unchecked contract type POS

2020-10-14 15:21:34 - [TEST_STEP][PASSED] - Click button "Logout": Click button "Logout"

2020-10-14 15:21:34 - [MESSAGE][INFO] - >>>>>//Button[contains(text(),'Logout')]

2020-10-14 15:21:37 - [MESSAGE][PASSED] - Object: '' is clicked on

2020-10-14 15:21:37 - [MESSAGE][PASSED] - Click button "Logout"

2020-10-14 15:21:37 - [TEST_STEP][PASSED] - Close browser: Close browser

2020-10-14 15:21:37 - [MESSAGE][PASSED] - Browser is closed

2020-10-14 15:21:37 - [MESSAGE][PASSED] - Close browser

2020-10-14 15:21:37 - [MESSAGE][PASSED] - Feature file: 'Include/features/IST_Real/CONTRACT_DISPATCHER_ADMIN/MANAGEMENT_ASSIGNMENT/Reset_All_Users.feature' was passed]]></system-out>
         <system-err><![CDATA[]]></system-err>
      </testcase>
      <testcase name="Test Cases/IST_Real/CONTRACT_DISPATCHER_BPKB/BPKB_Does_Not_Exist_in_Contract_Dispatcher_Menu" time="38.061" classname="Test Cases/IST_Real/CONTRACT_DISPATCHER_BPKB/BPKB_Does_Not_Exist_in_Contract_Dispatcher_Menu" status="PASSED">
         <system-out><![CDATA[2020-10-14 15:21:37 - [TEST_CASE][PASSED] - Test Cases/IST_Real/CONTRACT_DISPATCHER_BPKB/BPKB_Does_Not_Exist_in_Contract_Dispatcher_Menu: Test Cases/IST_Real/CONTRACT_DISPATCHER_BPKB/BPKB_Does_Not_Exist_in_Contract_Dispatcher_Menu

2020-10-14 15:21:37 - [TEST_STEP][PASSED] - runFeatureFile("Include/features/IST_Real/CONTRACT_DISPATCHER_BPKB/BPKB_Does_Not_Exist_in_Contract_Dispatcher_Menu.feature"): Feature file: 'Include/features/IST_Real/CONTRACT_DISPATCHER_BPKB/BPKB_Does_Not_Exist_in_Contract_Dispatcher_Menu.feature' was passed

2020-10-14 15:21:37 - [MESSAGE][INFO] - Starting run keyword runFeatureFile: 'Include/features/IST_Real/CONTRACT_DISPATCHER_BPKB/BPKB_Does_Not_Exist_in_Contract_Dispatcher_Menu.feature' and extract report to folder: '/Users/chaidir.pratama01/Katalon Studio/IST_Automation_Git/Reports/20201014_150827/CONTRACT_DISPATCHER_BPKB/TS_CONTRACT_DISPATCHER_BPKB/20201014_150827/cucumber_report/1602663697757'...

2020-10-14 15:21:37 - [TEST_CASE][PASSED] - Start Test Case : SCENARIO Go to Menu Contract Dispatcher to select type contract BPKB but it doesn't exist: SCENARIO Go to Menu Contract Dispatcher to select type contract BPKB but it doesn't exist

2020-10-14 15:21:37 - [TEST_STEP][PASSED] - Go to IST: Go to IST

2020-10-14 15:21:37 - [MESSAGE][INFO] - Starting 'Chrome (headless)' driver

2020-10-14 15:21:37 - [MESSAGE][INFO] - User set preference: ['args', '[--start-maximized, --disable-gpu, --no-proxy-server, –no-sandbox, --allow-running-insecure-content, --ignore-certificate-errors]']

2020-10-14 15:21:37 - [MESSAGE][INFO] - Action delay is set to 0 milliseconds

2020-10-14 15:21:38 - [MESSAGE][PASSED] - Browser is opened with url: ''

2020-10-14 15:21:39 - [MESSAGE][PASSED] - Navigate to 'https://dev-ist.homecredit.id/ist_tracker/' successfully

2020-10-14 15:21:39 - [MESSAGE][PASSED] - Taking screenshot successfully
[[ATTACHMENT|/Users/chaidir.pratama01/Documents/Docs/Katalon Studio/Screenshot/IST_Page.png]]

2020-10-14 15:21:39 - [MESSAGE][PASSED] - Go to IST

2020-10-14 15:21:39 - [TEST_STEP][PASSED] - Login IST with valid credentials: Login IST with valid credentials

2020-10-14 15:21:39 - [MESSAGE][PASSED] - Text 'mobile.test' is set on object 'Object Repository/Page_/input_Username_j_username'

2020-10-14 15:21:39 - [MESSAGE][PASSED] - Text ****** has been set on object 'Object Repository/Page_/input_Password_j_password'

2020-10-14 15:21:40 - [MESSAGE][PASSED] - Object: 'Object Repository/Page_/button_Login' is clicked on

2020-10-14 15:21:40 - [MESSAGE][PASSED] - Login IST with valid credentials

2020-10-14 15:21:40 - [TEST_STEP][PASSED] - Login Success for contract dispatcher: Login Success for contract dispatcher

2020-10-14 15:21:40 - [MESSAGE][INFO] - Login Success

2020-10-14 15:21:40 - [MESSAGE][PASSED] - Current window maximized

2020-10-14 15:21:40 - [MESSAGE][PASSED] - Object 'Object Repository/Page_/h1_Welcome to IT Supporting Tools' is present

2020-10-14 15:21:40 - [MESSAGE][PASSED] - Login Success for contract dispatcher

2020-10-14 15:21:40 - [TEST_STEP][PASSED] - Select Menu "Contract Dispatcher": Select Menu "Contract Dispatcher"

2020-10-14 15:21:40 - [MESSAGE][PASSED] - Taking screenshot successfully
[[ATTACHMENT|/Users/chaidir.pratama01/Documents/Docs/Katalon Studio/Screenshot/test-Contract Dispatcher.png]]

2020-10-14 15:21:40 - [MESSAGE][PASSED] - Object '' is present

2020-10-14 15:21:40 - [MESSAGE][PASSED] - Object: '' is clicked on

2020-10-14 15:21:40 - [MESSAGE][PASSED] - Wait for page load successfully

2020-10-14 15:21:40 - [MESSAGE][PASSED] - Select Menu "Contract Dispatcher"

2020-10-14 15:21:40 - [TEST_STEP][PASSED] - Select Contract Number based on Type Contract "BPKB": Select Contract Number based on Type Contract "BPKB"

2020-10-14 15:21:40 - [MESSAGE][PASSED] - Object '' is present

2020-10-14 15:22:11 - [MESSAGE][INFO] - Unable to find the element located by 'By.xpath: //span[contains(text(),'333')]/../../following-sibling::td[1]/div/span[contains(text(),'BPKB')]'. Please recheck the objects properties to make sure the desired element is located. 

2020-10-14 15:22:12 - [MESSAGE][WARNING] - com.kms.katalon.core.webui.exception.WebElementNotFoundException: Web element with id: '' located by '//span[contains(text(),'333')]/../../following-sibling::td[1]/div/span[contains(text(),'BPKB')]' not found (Root cause: com.kms.katalon.core.exception.StepFailedException: com.kms.katalon.core.webui.exception.WebElementNotFoundException: Web element with id: '' located by '//span[contains(text(),'333')]/../../following-sibling::td[1]/div/span[contains(text(),'BPKB')]' not found
	at com.kms.katalon.core.webui.keyword.internal.WebUIKeywordMain.stepFailed(WebUIKeywordMain.groovy:64)
	at com.kms.katalon.core.webui.keyword.builtin.VerifyElementPresentKeyword$_verifyElementPresent_closure1.doCall(VerifyElementPresentKeyword.groovy:85)
	at com.kms.katalon.core.webui.keyword.builtin.VerifyElementPresentKeyword$_verifyElementPresent_closure1.call(VerifyElementPresentKeyword.groovy)
	at com.kms.katalon.core.webui.keyword.internal.WebUIKeywordMain.runKeyword(WebUIKeywordMain.groovy:20)
	at com.kms.katalon.core.webui.keyword.builtin.VerifyElementPresentKeyword.verifyElementPresent(VerifyElementPresentKeyword.groovy:92)
	at com.kms.katalon.core.webui.keyword.builtin.VerifyElementPresentKeyword.execute(VerifyElementPresentKeyword.groovy:68)
	at com.kms.katalon.core.keyword.internal.KeywordExecutor.executeKeywordForPlatform(KeywordExecutor.groovy:73)
	at com.kms.katalon.core.webui.keyword.WebUiBuiltInKeywords.verifyElementPresent(WebUiBuiltInKeywords.groovy:1444)
	at com.kms.katalon.core.webui.keyword.WebUiBuiltInKeywords$verifyElementPresent$14.call(Unknown Source)
	at ist_real.Contract_Dispatcher.Contract_Number_based_Type_Contract(Contract_Dispatcher.groovy:315)
	at cucumber.runtime.Utils$1.call(Utils.java:26)
	at cucumber.runtime.Timeout.timeout(Timeout.java:16)
	at cucumber.runtime.Utils.invoke(Utils.java:20)
	at cucumber.runtime.java.JavaStepDefinition.execute(JavaStepDefinition.java:48)
	at cucumber.runtime.PickleStepDefinitionMatch.runStep(PickleStepDefinitionMatch.java:50)
	at cucumber.runner.TestStep.executeStep(TestStep.java:55)
	at cucumber.runner.TestStep.run(TestStep.java:42)
	at cucumber.runner.PickleStepTestStep.run(PickleStepTestStep.java:53)
	at cucumber.runner.TestCase.run(TestCase.java:47)
	at cucumber.runner.Runner.runPickle(Runner.java:44)
	at cucumber.runtime.Runtime.runFeature(Runtime.java:120)
	at cucumber.runtime.Runtime.run(Runtime.java:106)
	at cucumber.api.cli.Main.run(Main.java:35)
	at cucumber.api.cli.Main$run.call(Unknown Source)
	at com.kms.katalon.core.cucumber.keyword.CucumberBuiltinKeywords$_runFeatureFile_closure1.doCall(CucumberBuiltinKeywords.groovy:76)
	at com.kms.katalon.core.cucumber.keyword.CucumberBuiltinKeywords$_runFeatureFile_closure1.doCall(CucumberBuiltinKeywords.groovy)
	at com.kms.katalon.core.keyword.internal.KeywordMain.runKeyword(KeywordMain.groovy:68)
	at com.kms.katalon.core.keyword.internal.KeywordMain$runKeyword.call(Unknown Source)
	at com.kms.katalon.core.cucumber.keyword.CucumberBuiltinKeywords.runFeatureFile(CucumberBuiltinKeywords.groovy:46)
	at com.kms.katalon.core.cucumber.keyword.CucumberBuiltinKeywords$runFeatureFile$0.callStatic(Unknown Source)
	at com.kms.katalon.core.cucumber.keyword.CucumberBuiltinKeywords.runFeatureFile(CucumberBuiltinKeywords.groovy:169)
	at com.kms.katalon.core.cucumber.keyword.CucumberBuiltinKeywords$runFeatureFile.call(Unknown Source)
	at BPKB_Does_Not_Exist_in_Contract_Dispatcher_Menu.run(BPKB_Does_Not_Exist_in_Contract_Dispatcher_Menu:16)
	at com.kms.katalon.core.main.ScriptEngine.run(ScriptEngine.java:194)
	at com.kms.katalon.core.main.ScriptEngine.runScriptAsRawText(ScriptEngine.java:119)
	at com.kms.katalon.core.main.TestCaseExecutor.runScript(TestCaseExecutor.java:339)
	at com.kms.katalon.core.main.TestCaseExecutor.doExecute(TestCaseExecutor.java:330)
	at com.kms.katalon.core.main.TestCaseExecutor.processExecutionPhase(TestCaseExecutor.java:309)
	at com.kms.katalon.core.main.TestCaseExecutor.accessMainPhase(TestCaseExecutor.java:301)
	at com.kms.katalon.core.main.TestCaseExecutor.execute(TestCaseExecutor.java:235)
	at com.kms.katalon.core.main.TestSuiteExecutor.accessTestCaseMainPhase(TestSuiteExecutor.java:191)
	at com.kms.katalon.core.main.TestSuiteExecutor.accessTestSuiteMainPhase(TestSuiteExecutor.java:141)
	at com.kms.katalon.core.main.TestSuiteExecutor.execute(TestSuiteExecutor.java:90)
	at com.kms.katalon.core.main.TestCaseMain.startTestSuite(TestCaseMain.java:157)
	at com.kms.katalon.core.main.TestCaseMain$startTestSuite$0.call(Unknown Source)
	at TempTestSuite1602662907132.run(TempTestSuite1602662907132.groovy:39)
)
[[ATTACHMENT|/Users/chaidir.pratama01/Katalon Studio/IST_Automation_Git/Reports/20201014_150827/CONTRACT_DISPATCHER_BPKB/TS_CONTRACT_DISPATCHER_BPKB/20201014_150827/1602663731843.png]]

2020-10-14 15:22:12 - [MESSAGE][INFO] - Contract number doesn't exist

2020-10-14 15:22:12 - [MESSAGE][PASSED] - Select Contract Number based on Type Contract "BPKB"

2020-10-14 15:22:12 - [TEST_STEP][PASSED] - Comment "Type Contract BPKB Does Not Exist": Comment "Type Contract BPKB Does Not Exist"

2020-10-14 15:22:12 - [MESSAGE][INFO] - Type Contract BPKB Does Not Exist

2020-10-14 15:22:12 - [MESSAGE][PASSED] - Comment "Type Contract BPKB Does Not Exist"

2020-10-14 15:22:12 - [TEST_STEP][PASSED] - Click button "Logout": Click button "Logout"

2020-10-14 15:22:12 - [MESSAGE][INFO] - >>>>>//Button[contains(text(),'Logout')]

2020-10-14 15:22:15 - [MESSAGE][PASSED] - Object: '' is clicked on

2020-10-14 15:22:15 - [MESSAGE][PASSED] - Click button "Logout"

2020-10-14 15:22:15 - [TEST_STEP][PASSED] - Close browser: Close browser

2020-10-14 15:22:15 - [MESSAGE][PASSED] - Browser is closed

2020-10-14 15:22:15 - [MESSAGE][PASSED] - Close browser

2020-10-14 15:22:15 - [MESSAGE][PASSED] - Feature file: 'Include/features/IST_Real/CONTRACT_DISPATCHER_BPKB/BPKB_Does_Not_Exist_in_Contract_Dispatcher_Menu.feature' was passed]]></system-out>
         <system-err><![CDATA[]]></system-err>
      </testcase>
      <testcase name="Test Cases/IST_Real/CONTRACT_DISPATCHER_BPKB/Update_Tbl_CDS_CDC_TRKRegMistake" time="1.686" classname="Test Cases/IST_Real/CONTRACT_DISPATCHER_BPKB/Update_Tbl_CDS_CDC_TRKRegMistake" status="PASSED">
         <system-out><![CDATA[2020-10-14 15:22:15 - [TEST_CASE][PASSED] - Test Cases/IST_Real/CONTRACT_DISPATCHER_BPKB/Update_Tbl_CDS_CDC_TRKRegMistake: Test Cases/IST_Real/CONTRACT_DISPATCHER_BPKB/Update_Tbl_CDS_CDC_TRKRegMistake

2020-10-14 15:22:15 - [TEST_STEP][PASSED] - runFeatureFile("Include/features/IST_Real/CONTRACT_DISPATCHER_BPKB/Update_Tbl_CDS_CDC_TRKRegMistake.feature"): Feature file: 'Include/features/IST_Real/CONTRACT_DISPATCHER_BPKB/Update_Tbl_CDS_CDC_TRKRegMistake.feature' was passed

2020-10-14 15:22:15 - [MESSAGE][INFO] - Starting run keyword runFeatureFile: 'Include/features/IST_Real/CONTRACT_DISPATCHER_BPKB/Update_Tbl_CDS_CDC_TRKRegMistake.feature' and extract report to folder: '/Users/chaidir.pratama01/Katalon Studio/IST_Automation_Git/Reports/20201014_150827/CONTRACT_DISPATCHER_BPKB/TS_CONTRACT_DISPATCHER_BPKB/20201014_150827/cucumber_report/1602663735753'...

2020-10-14 15:22:15 - [TEST_CASE][PASSED] - Start Test Case : SCENARIO Update Table CONTRACT_DISPATCHER_SOURCE and CONTRACT_DISPTACHER_CLAIM: SCENARIO Update Table CONTRACT_DISPATCHER_SOURCE and CONTRACT_DISPTACHER_CLAIM

2020-10-14 15:22:15 - [TEST_STEP][PASSED] - Connect to Database: Connect to Database

2020-10-14 15:22:16 - [MESSAGE][PASSED] - Connect to Database

2020-10-14 15:22:16 - [TEST_STEP][PASSED] - Update Tbl CONTRACT DISPATCHER SRC BPKB To Change PROCESSED From Y to N For BPKB: Update Tbl CONTRACT DISPATCHER SRC BPKB To Change PROCESSED From Y to N For BPKB

2020-10-14 15:22:16 - [MESSAGE][PASSED] - Update Tbl CONTRACT DISPATCHER SRC BPKB To Change PROCESSED From Y to N For BPKB

2020-10-14 15:22:16 - [TEST_STEP][PASSED] - Update Tbl CONTRACT DISPATCHER CLAIM To Delete PROCESS From Column STATUS: Update Tbl CONTRACT DISPATCHER CLAIM To Delete PROCESS From Column STATUS

2020-10-14 15:22:17 - [MESSAGE][PASSED] - Update Tbl CONTRACT DISPATCHER CLAIM To Delete PROCESS From Column STATUS

2020-10-14 15:22:17 - [TEST_STEP][PASSED] - Delete Contract From TRK_REGISTRATION_MISTAKE: Delete Contract From TRK_REGISTRATION_MISTAKE

2020-10-14 15:22:17 - [MESSAGE][PASSED] - Delete Contract From TRK_REGISTRATION_MISTAKE

2020-10-14 15:22:17 - [MESSAGE][PASSED] - Feature file: 'Include/features/IST_Real/CONTRACT_DISPATCHER_BPKB/Update_Tbl_CDS_CDC_TRKRegMistake.feature' was passed]]></system-out>
         <system-err><![CDATA[]]></system-err>
      </testcase>
      <system-out><![CDATA[2020-10-14 15:08:34 - [TEST_SUITE][PASSED] - TS_CONTRACT_DISPATCHER_BPKB: Test Cases/IST_Real/CONTRACT_DISPATCHER_BPKB/Update_Tbl_CDS_CDC_TRKRegMistake]]></system-out>
      <system-err><![CDATA[]]></system-err>
   </testsuite>
</testsuites>
