<?xml version="1.0" encoding="UTF-8"?>
<testsuites name="TS_Contract_Dispatcher_Two_Wheelers" time="434.592" tests="12" failures="4" errors="0">
   <testsuite name="TS_Contract_Dispatcher_Two_Wheelers" tests="12" failures="4" errors="0" time="434.592" timestamp="2020-07-22 15:13:39" hostname="chaidir.pratama01 - localhost" id="Test Suites/CONTRACT_DISPATCHER_TWO_WHEELERS/DEV/TS_Contract_Dispatcher_Two_Wheelers">
      <properties>
         <property name="deviceName" value=""/>
         <property name="devicePlatform" value=""/>
         <property name="logFolder" value="/Users/chaidir.pratama01/Katalon Studio/IST_Automation_Git/Reports/20200722_151330/CONTRACT_DISPATCHER_TWO_WHEELERS/DEV/TS_Contract_Dispatcher_Two_Wheelers/20200722_151330"/>
         <property name="logFiles" value="/Users/chaidir.pratama01/Katalon Studio/IST_Automation_Git/Reports/20200722_151330/CONTRACT_DISPATCHER_TWO_WHEELERS/DEV/TS_Contract_Dispatcher_Two_Wheelers/20200722_151330/execution0.log"/>
         <property name="attachments" value="/Users/chaidir.pratama01/Katalon Studio/IST_Automation_Git/Reports/20200722_151330/CONTRACT_DISPATCHER_TWO_WHEELERS/DEV/TS_Contract_Dispatcher_Two_Wheelers/20200722_151330/1595405838915.png, /Users/chaidir.pratama01/Katalon Studio/IST_Automation_Git/Reports/20200722_151330/CONTRACT_DISPATCHER_TWO_WHEELERS/DEV/TS_Contract_Dispatcher_Two_Wheelers/20200722_151330/1595405839517.png, /Users/chaidir.pratama01/Katalon Studio/IST_Automation_Git/Reports/20200722_151330/CONTRACT_DISPATCHER_TWO_WHEELERS/DEV/TS_Contract_Dispatcher_Two_Wheelers/20200722_151330/1595405971390.png"/>
         <property name="hostName" value="chaidir.pratama01 - localhost"/>
         <property name="os" value="Mac OS X 64bit"/>
         <property name="katalonVersion" value="7.6.0.${buildNumber}"/>
         <property name="browser" value="Chrome 84.0.4147.89"/>
         <property name="hostAddress" value="127.0.0.1"/>
         <property name="sessionId" value="617b3eac4ac64fa19f1feacabaa8c8c9"/>
         <property name="seleniumVersion" value="3.141.59"/>
         <property name="proxyInformation" value="ProxyInformation { proxyOption=NO_PROXY, proxyServerType=HTTP, username=, password=********, proxyServerAddress=, proxyServerPort=0, executionList=\&quot;\&quot;, isApplyToDesiredCapabilities=true }"/>
         <property name="platform" value="Mac OS X"/>
      </properties>
      <testcase name="Test Cases/IST_Real/CONTRACT_DISPATCHER_TWO_WHEELERS/DEV/Update_Tbl_CDS_CDC" time="1.863" classname="Test Cases/IST_Real/CONTRACT_DISPATCHER_TWO_WHEELERS/DEV/Update_Tbl_CDS_CDC" status="PASSED">
         <system-out><![CDATA[2020-07-22 15:13:39 - [TEST_CASE][PASSED] - Test Cases/IST_Real/CONTRACT_DISPATCHER_TWO_WHEELERS/DEV/Update_Tbl_CDS_CDC: Test Cases/IST_Real/CONTRACT_DISPATCHER_TWO_WHEELERS/DEV/Update_Tbl_CDS_CDC

2020-07-22 15:13:40 - [TEST_STEP][PASSED] - runFeatureFile("Include/features/IST_Real/CONTRACT_DISPATCHER_TWO_WHEELERS/DEV/Update_Tbl_CDS_CDC.feature"): Feature file: 'Include/features/IST_Real/CONTRACT_DISPATCHER_TWO_WHEELERS/DEV/Update_Tbl_CDS_CDC.feature' was passed

2020-07-22 15:13:40 - [MESSAGE][INFO] - Starting run keyword runFeatureFile: 'Include/features/IST_Real/CONTRACT_DISPATCHER_TWO_WHEELERS/DEV/Update_Tbl_CDS_CDC.feature' and extract report to folder: '/Users/chaidir.pratama01/Katalon Studio/IST_Automation_Git/Reports/20200722_151330/CONTRACT_DISPATCHER_TWO_WHEELERS/DEV/TS_Contract_Dispatcher_Two_Wheelers/20200722_151330/cucumber_report/1595405620105'...

2020-07-22 15:13:40 - [TEST_CASE][PASSED] - Start Test Case : SCENARIO Update Table CONTRACT_DISPATCHER_SOURCE and CONTRACT_DISPTACHER_CLAIM: SCENARIO Update Table CONTRACT_DISPATCHER_SOURCE and CONTRACT_DISPTACHER_CLAIM

2020-07-22 15:13:40 - [TEST_STEP][PASSED] - Connect to APP_ACCOUNT C1: Connect to APP_ACCOUNT C1

2020-07-22 15:13:41 - [MESSAGE][PASSED] - Connect to APP_ACCOUNT C1

2020-07-22 15:13:41 - [TEST_STEP][PASSED] - Update Tbl CONTRACT DISPATCHER SOURCE To Change PROCESSED From Y to N: Update Tbl CONTRACT DISPATCHER SOURCE To Change PROCESSED From Y to N

2020-07-22 15:13:41 - [MESSAGE][PASSED] - Update Tbl CONTRACT DISPATCHER SOURCE To Change PROCESSED From Y to N

2020-07-22 15:13:41 - [TEST_STEP][PASSED] - Update Tbl CONTRACT DISPATCHER CLAIM To Delete PROCESS From Column STATUS: Update Tbl CONTRACT DISPATCHER CLAIM To Delete PROCESS From Column STATUS

2020-07-22 15:13:41 - [MESSAGE][PASSED] - Update Tbl CONTRACT DISPATCHER CLAIM To Delete PROCESS From Column STATUS

2020-07-22 15:13:41 - [MESSAGE][PASSED] - Feature file: 'Include/features/IST_Real/CONTRACT_DISPATCHER_TWO_WHEELERS/DEV/Update_Tbl_CDS_CDC.feature' was passed]]></system-out>
         <system-err><![CDATA[]]></system-err>
      </testcase>
      <testcase name="Test Cases/IST_Real/CONTRACT_DISPATCHER_TWO_WHEELERS/DEV/Contract_Dispatcher_TW" time="103.685" classname="Test Cases/IST_Real/CONTRACT_DISPATCHER_TWO_WHEELERS/DEV/Contract_Dispatcher_TW" status="PASSED">
         <system-out><![CDATA[2020-07-22 15:13:41 - [TEST_CASE][PASSED] - Test Cases/IST_Real/CONTRACT_DISPATCHER_TWO_WHEELERS/DEV/Contract_Dispatcher_TW: Test Cases/IST_Real/CONTRACT_DISPATCHER_TWO_WHEELERS/DEV/Contract_Dispatcher_TW

2020-07-22 15:13:41 - [TEST_STEP][PASSED] - runFeatureFile("Include/features/IST_Real/CONTRACT_DISPATCHER_TWO_WHEELERS/DEV/Contract_Dispatcher_TW.feature"): Feature file: 'Include/features/IST_Real/CONTRACT_DISPATCHER_TWO_WHEELERS/DEV/Contract_Dispatcher_TW.feature' was passed

2020-07-22 15:13:41 - [MESSAGE][INFO] - Starting run keyword runFeatureFile: 'Include/features/IST_Real/CONTRACT_DISPATCHER_TWO_WHEELERS/DEV/Contract_Dispatcher_TW.feature' and extract report to folder: '/Users/chaidir.pratama01/Katalon Studio/IST_Automation_Git/Reports/20200722_151330/CONTRACT_DISPATCHER_TWO_WHEELERS/DEV/TS_Contract_Dispatcher_Two_Wheelers/20200722_151330/cucumber_report/1595405621816'...

2020-07-22 15:13:41 - [TEST_CASE][PASSED] - Start Test Case : SCENARIO Select Menu Contract Dispatcher and Select Contract based on type contract Two Wheelers: SCENARIO Select Menu Contract Dispatcher and Select Contract based on type contract Two Wheelers

2020-07-22 15:13:41 - [TEST_STEP][PASSED] - Go to IST: Go to IST

2020-07-22 15:13:42 - [MESSAGE][INFO] - Starting 'Chrome' driver

2020-07-22 15:13:42 - [MESSAGE][INFO] - Action delay is set to 0 milliseconds

2020-07-22 15:13:43 - [MESSAGE][PASSED] - Browser is opened with url: ''

2020-07-22 15:13:48 - [MESSAGE][PASSED] - Navigate to 'https://dev-istools.homecredit.id/foundation/login.zul' successfully

2020-07-22 15:13:48 - [MESSAGE][PASSED] - Go to IST

2020-07-22 15:13:48 - [TEST_STEP][PASSED] - Login IST with valid credentials: Login IST with valid credentials

2020-07-22 15:13:49 - [MESSAGE][PASSED] - Text 'mobile.test' is set on object 'Object Repository/Page_/input_Username_j_username'

2020-07-22 15:13:49 - [MESSAGE][PASSED] - Text ****** has been set on object 'Object Repository/Page_/input_Password_j_password'

2020-07-22 15:13:52 - [MESSAGE][PASSED] - Object: 'Object Repository/Page_/button_Login' is clicked on

2020-07-22 15:13:52 - [MESSAGE][PASSED] - Login IST with valid credentials

2020-07-22 15:13:52 - [TEST_STEP][PASSED] - Login Success for contract dispatcher: Login Success for contract dispatcher

2020-07-22 15:13:52 - [MESSAGE][INFO] - Login Success

2020-07-22 15:13:52 - [MESSAGE][PASSED] - Current window maximized

2020-07-22 15:13:53 - [MESSAGE][PASSED] - Object 'Object Repository/Page_/h1_Welcome to IT Supporting Tools' is present

2020-07-22 15:13:53 - [MESSAGE][PASSED] - Login Success for contract dispatcher

2020-07-22 15:13:53 - [TEST_STEP][PASSED] - Select Menu "Contract Dispatcher": Select Menu "Contract Dispatcher"

2020-07-22 15:13:53 - [MESSAGE][PASSED] - Object '' is present

2020-07-22 15:13:53 - [MESSAGE][PASSED] - Object: '' is clicked on

2020-07-22 15:13:53 - [MESSAGE][PASSED] - Wait for page load successfully

2020-07-22 15:13:53 - [MESSAGE][PASSED] - Select Menu "Contract Dispatcher"

2020-07-22 15:13:53 - [TEST_STEP][PASSED] - Select Contract Number based on Type Contract "TWO_WHEELERS": Select Contract Number based on Type Contract "TWO_WHEELERS"

2020-07-22 15:13:57 - [MESSAGE][PASSED] - Object '' is present

2020-07-22 15:13:57 - [MESSAGE][PASSED] - Object '' is present

2020-07-22 15:13:58 - [MESSAGE][PASSED] - Object: '' is clicked on

2020-07-22 15:13:58 - [MESSAGE][PASSED] - Object '' is checked

2020-07-22 15:13:58 - [MESSAGE][PASSED] - Select Contract Number based on Type Contract "TWO_WHEELERS"

2020-07-22 15:13:58 - [TEST_STEP][PASSED] - Click button "Claim": Click button "Claim"

2020-07-22 15:13:58 - [MESSAGE][INFO] - >>>>>//Button[contains(text(),'Claim')]

2020-07-22 15:14:02 - [MESSAGE][PASSED] - Object: '' is clicked on

2020-07-22 15:14:02 - [MESSAGE][PASSED] - Click button "Claim"

2020-07-22 15:14:02 - [TEST_STEP][PASSED] - Varify the mistake detail already match with the matrix Base on Type Contract: Varify the mistake detail already match with the matrix Base on Type Contract

2020-07-22 15:14:05 - [MESSAGE][PASSED] - Object '' is present

2020-07-22 15:14:05 - [MESSAGE][PASSED] - Object: '' is clicked on

2020-07-22 15:14:06 - [MESSAGE][PASSED] - Object '' is present

2020-07-22 15:14:06 - [MESSAGE][PASSED] - Object '' is not checked

2020-07-22 15:14:06 - [MESSAGE][PASSED] - Object '' is present

2020-07-22 15:14:07 - [MESSAGE][PASSED] - Object '' is not checked

2020-07-22 15:14:07 - [MESSAGE][PASSED] - Object '' is present

2020-07-22 15:14:07 - [MESSAGE][PASSED] - Object '' is not checked

2020-07-22 15:14:07 - [MESSAGE][PASSED] - Object '' is present

2020-07-22 15:14:08 - [MESSAGE][PASSED] - Object '' is not checked

2020-07-22 15:14:08 - [MESSAGE][PASSED] - Object '' is present

2020-07-22 15:14:08 - [MESSAGE][PASSED] - Object '' is not checked

2020-07-22 15:14:09 - [MESSAGE][PASSED] - Object '' is present

2020-07-22 15:14:09 - [MESSAGE][PASSED] - Object '' is not checked

2020-07-22 15:14:09 - [MESSAGE][PASSED] - Object '' is present

2020-07-22 15:14:10 - [MESSAGE][PASSED] - Object '' is not checked

2020-07-22 15:14:10 - [MESSAGE][PASSED] - Object '' is present

2020-07-22 15:14:10 - [MESSAGE][PASSED] - Object '' is not checked

2020-07-22 15:14:10 - [MESSAGE][PASSED] - Object '' is present

2020-07-22 15:14:11 - [MESSAGE][PASSED] - Object '' is not checked

2020-07-22 15:14:11 - [MESSAGE][PASSED] - Object '' is present

2020-07-22 15:14:11 - [MESSAGE][PASSED] - Object '' is not checked

2020-07-22 15:14:12 - [MESSAGE][PASSED] - Object '' is present

2020-07-22 15:14:12 - [MESSAGE][PASSED] - Object '' is not checked

2020-07-22 15:14:12 - [MESSAGE][PASSED] - Object '' is present

2020-07-22 15:14:13 - [MESSAGE][PASSED] - Object '' is not checked

2020-07-22 15:14:13 - [MESSAGE][PASSED] - Object '' is present

2020-07-22 15:14:13 - [MESSAGE][PASSED] - Object '' is not checked

2020-07-22 15:14:14 - [MESSAGE][PASSED] - Object '' is present

2020-07-22 15:14:14 - [MESSAGE][PASSED] - Object '' is not checked

2020-07-22 15:14:14 - [MESSAGE][PASSED] - Object '' is present

2020-07-22 15:14:15 - [MESSAGE][PASSED] - Object '' is not checked

2020-07-22 15:14:15 - [MESSAGE][PASSED] - Object '' is present

2020-07-22 15:14:15 - [MESSAGE][PASSED] - Object '' is not checked

2020-07-22 15:14:16 - [MESSAGE][PASSED] - Object '' is present

2020-07-22 15:14:16 - [MESSAGE][PASSED] - Object '' is not checked

2020-07-22 15:14:16 - [MESSAGE][PASSED] - Object '' is present

2020-07-22 15:14:16 - [MESSAGE][PASSED] - Object '' is not checked

2020-07-22 15:14:17 - [MESSAGE][PASSED] - Object '' is present

2020-07-22 15:14:17 - [MESSAGE][PASSED] - Object '' is not checked

2020-07-22 15:14:17 - [MESSAGE][PASSED] - Object '' is present

2020-07-22 15:14:18 - [MESSAGE][PASSED] - Object '' is not checked

2020-07-22 15:14:18 - [MESSAGE][PASSED] - Object '' is present

2020-07-22 15:14:19 - [MESSAGE][PASSED] - Object: '' is clicked on

2020-07-22 15:14:19 - [MESSAGE][PASSED] - Object '' is present

2020-07-22 15:14:19 - [MESSAGE][PASSED] - Object '' is not checked

2020-07-22 15:14:20 - [MESSAGE][PASSED] - Object '' is present

2020-07-22 15:14:20 - [MESSAGE][PASSED] - Object '' is not checked

2020-07-22 15:14:20 - [MESSAGE][PASSED] - Object '' is present

2020-07-22 15:14:20 - [MESSAGE][PASSED] - Object '' is not checked

2020-07-22 15:14:21 - [MESSAGE][PASSED] - Object '' is present

2020-07-22 15:14:21 - [MESSAGE][PASSED] - Object '' is not checked

2020-07-22 15:14:21 - [MESSAGE][PASSED] - Object '' is present

2020-07-22 15:14:22 - [MESSAGE][PASSED] - Object '' is not checked

2020-07-22 15:14:22 - [MESSAGE][PASSED] - Object '' is present

2020-07-22 15:14:22 - [MESSAGE][PASSED] - Object '' is not checked

2020-07-22 15:14:23 - [MESSAGE][PASSED] - Object '' is present

2020-07-22 15:14:23 - [MESSAGE][PASSED] - Object: '' is clicked on

2020-07-22 15:14:23 - [MESSAGE][PASSED] - Object '' is present

2020-07-22 15:14:24 - [MESSAGE][PASSED] - Object '' is not checked

2020-07-22 15:14:24 - [MESSAGE][PASSED] - Object '' is present

2020-07-22 15:14:24 - [MESSAGE][PASSED] - Object '' is not checked

2020-07-22 15:14:25 - [MESSAGE][PASSED] - Object '' is present

2020-07-22 15:14:25 - [MESSAGE][PASSED] - Object '' is not checked

2020-07-22 15:14:25 - [MESSAGE][PASSED] - Object '' is present

2020-07-22 15:14:26 - [MESSAGE][PASSED] - Object: '' is clicked on

2020-07-22 15:14:26 - [MESSAGE][PASSED] - Object '' is present

2020-07-22 15:14:26 - [MESSAGE][PASSED] - Object '' is not checked

2020-07-22 15:14:27 - [MESSAGE][PASSED] - Object '' is present

2020-07-22 15:14:27 - [MESSAGE][PASSED] - Object '' is not checked

2020-07-22 15:14:27 - [MESSAGE][PASSED] - Object '' is present

2020-07-22 15:14:27 - [MESSAGE][PASSED] - Object '' is not checked

2020-07-22 15:14:28 - [MESSAGE][PASSED] - Object '' is present

2020-07-22 15:14:28 - [MESSAGE][PASSED] - Object '' is not checked

2020-07-22 15:14:28 - [MESSAGE][PASSED] - Object '' is present

2020-07-22 15:14:28 - [MESSAGE][PASSED] - Object '' is not checked

2020-07-22 15:14:29 - [MESSAGE][PASSED] - Object '' is present

2020-07-22 15:14:29 - [MESSAGE][PASSED] - Object '' is not checked

2020-07-22 15:14:29 - [MESSAGE][PASSED] - Object '' is present

2020-07-22 15:14:30 - [MESSAGE][PASSED] - Object '' is not checked

2020-07-22 15:14:30 - [MESSAGE][PASSED] - Object '' is present

2020-07-22 15:14:30 - [MESSAGE][PASSED] - Object: '' is clicked on

2020-07-22 15:14:31 - [MESSAGE][PASSED] - Object '' is present

2020-07-22 15:14:31 - [MESSAGE][PASSED] - Object '' is not checked

2020-07-22 15:14:31 - [MESSAGE][PASSED] - Object '' is present

2020-07-22 15:14:31 - [MESSAGE][PASSED] - Object '' is not checked

2020-07-22 15:14:32 - [MESSAGE][PASSED] - Object '' is present

2020-07-22 15:14:32 - [MESSAGE][PASSED] - Object '' is not checked

2020-07-22 15:14:32 - [MESSAGE][PASSED] - Object '' is present

2020-07-22 15:14:32 - [MESSAGE][PASSED] - Object '' is not checked

2020-07-22 15:14:33 - [MESSAGE][PASSED] - Object '' is present

2020-07-22 15:14:33 - [MESSAGE][PASSED] - Object '' is not checked

2020-07-22 15:14:33 - [MESSAGE][PASSED] - Object '' is present

2020-07-22 15:14:34 - [MESSAGE][PASSED] - Object '' is not checked

2020-07-22 15:14:34 - [MESSAGE][PASSED] - Object '' is present

2020-07-22 15:14:34 - [MESSAGE][PASSED] - Object '' is not checked

2020-07-22 15:14:34 - [MESSAGE][PASSED] - Object '' is present

2020-07-22 15:14:35 - [MESSAGE][PASSED] - Object: '' is clicked on

2020-07-22 15:14:35 - [MESSAGE][PASSED] - Object '' is present

2020-07-22 15:14:36 - [MESSAGE][PASSED] - Object '' is not checked

2020-07-22 15:14:36 - [MESSAGE][PASSED] - Object '' is present

2020-07-22 15:14:36 - [MESSAGE][PASSED] - Object '' is not checked

2020-07-22 15:14:37 - [MESSAGE][PASSED] - Object '' is present

2020-07-22 15:14:37 - [MESSAGE][PASSED] - Object '' is not checked

2020-07-22 15:14:37 - [MESSAGE][PASSED] - Object '' is present

2020-07-22 15:14:38 - [MESSAGE][PASSED] - Object '' is not checked

2020-07-22 15:14:38 - [MESSAGE][PASSED] - Object '' is present

2020-07-22 15:14:38 - [MESSAGE][PASSED] - Object: '' is clicked on

2020-07-22 15:14:39 - [MESSAGE][PASSED] - Object '' is present

2020-07-22 15:14:39 - [MESSAGE][PASSED] - Object '' is not checked

2020-07-22 15:14:39 - [MESSAGE][PASSED] - Object '' is present

2020-07-22 15:14:40 - [MESSAGE][PASSED] - Object '' is not checked

2020-07-22 15:14:40 - [MESSAGE][PASSED] - Object '' is present

2020-07-22 15:14:40 - [MESSAGE][PASSED] - Object '' is not checked

2020-07-22 15:14:40 - [MESSAGE][PASSED] - Object '' is present

2020-07-22 15:14:41 - [MESSAGE][PASSED] - Object: '' is clicked on

2020-07-22 15:14:41 - [MESSAGE][PASSED] - Object '' is present

2020-07-22 15:14:41 - [MESSAGE][PASSED] - Object '' is not checked

2020-07-22 15:14:42 - [MESSAGE][PASSED] - Object '' is present

2020-07-22 15:14:42 - [MESSAGE][PASSED] - Object '' is not checked

2020-07-22 15:14:42 - [MESSAGE][PASSED] - Object '' is present

2020-07-22 15:14:43 - [MESSAGE][PASSED] - Object '' is not checked

2020-07-22 15:14:43 - [MESSAGE][PASSED] - Object '' is present

2020-07-22 15:14:43 - [MESSAGE][PASSED] - Object: '' is clicked on

2020-07-22 15:14:44 - [MESSAGE][PASSED] - Object '' is present

2020-07-22 15:14:44 - [MESSAGE][PASSED] - Object '' is not checked

2020-07-22 15:14:44 - [MESSAGE][PASSED] - Object '' is present

2020-07-22 15:14:45 - [MESSAGE][PASSED] - Object '' is not checked

2020-07-22 15:14:45 - [MESSAGE][PASSED] - Object '' is present

2020-07-22 15:14:45 - [MESSAGE][PASSED] - Object '' is not checked

2020-07-22 15:14:46 - [MESSAGE][PASSED] - Object '' is present

2020-07-22 15:14:46 - [MESSAGE][PASSED] - Object '' is not checked

2020-07-22 15:14:46 - [MESSAGE][PASSED] - Object '' is present

2020-07-22 15:14:46 - [MESSAGE][PASSED] - Object: '' is clicked on

2020-07-22 15:14:47 - [MESSAGE][PASSED] - Object '' is present

2020-07-22 15:14:47 - [MESSAGE][PASSED] - Object '' is not checked

2020-07-22 15:14:48 - [MESSAGE][PASSED] - Object '' is present

2020-07-22 15:14:48 - [MESSAGE][PASSED] - Object '' is not checked

2020-07-22 15:14:48 - [MESSAGE][PASSED] - Object '' is present

2020-07-22 15:14:49 - [MESSAGE][PASSED] - Object '' is not checked

2020-07-22 15:14:49 - [MESSAGE][PASSED] - Object '' is present

2020-07-22 15:14:49 - [MESSAGE][PASSED] - Object '' is not checked

2020-07-22 15:14:49 - [MESSAGE][PASSED] - Object '' is present

2020-07-22 15:14:50 - [MESSAGE][PASSED] - Object '' is not checked

2020-07-22 15:14:50 - [MESSAGE][PASSED] - Object '' is present

2020-07-22 15:14:50 - [MESSAGE][PASSED] - Object '' is not checked

2020-07-22 15:14:51 - [MESSAGE][PASSED] - Object '' is present

2020-07-22 15:14:51 - [MESSAGE][PASSED] - Object '' is not checked

2020-07-22 15:14:51 - [MESSAGE][PASSED] - Object '' is present

2020-07-22 15:14:52 - [MESSAGE][PASSED] - Object: '' is clicked on

2020-07-22 15:14:52 - [MESSAGE][PASSED] - Object '' is present

2020-07-22 15:14:52 - [MESSAGE][PASSED] - Object '' is not checked

2020-07-22 15:14:53 - [MESSAGE][PASSED] - Object '' is present

2020-07-22 15:14:53 - [MESSAGE][PASSED] - Object '' is not checked

2020-07-22 15:14:53 - [MESSAGE][PASSED] - Object '' is present

2020-07-22 15:14:54 - [MESSAGE][PASSED] - Object '' is not checked

2020-07-22 15:14:54 - [MESSAGE][PASSED] - Object '' is present

2020-07-22 15:14:54 - [MESSAGE][PASSED] - Object '' is not checked

2020-07-22 15:14:54 - [MESSAGE][PASSED] - Object '' is present

2020-07-22 15:14:55 - [MESSAGE][PASSED] - Object '' is not checked

2020-07-22 15:14:55 - [MESSAGE][PASSED] - Object '' is present

2020-07-22 15:14:55 - [MESSAGE][PASSED] - Object '' is not checked

2020-07-22 15:14:56 - [MESSAGE][PASSED] - Object '' is present

2020-07-22 15:14:56 - [MESSAGE][PASSED] - Object '' is not checked

2020-07-22 15:14:56 - [MESSAGE][PASSED] - Object: '' is clicked on

2020-07-22 15:14:56 - [MESSAGE][PASSED] - Object: '' is clicked on

2020-07-22 15:14:57 - [MESSAGE][PASSED] - Object: '' is clicked on

2020-07-22 15:14:57 - [MESSAGE][PASSED] - Object '' is present

2020-07-22 15:14:57 - [MESSAGE][PASSED] - Object: '' is clicked on

2020-07-22 15:14:58 - [MESSAGE][PASSED] - Object '' is present

2020-07-22 15:14:58 - [MESSAGE][PASSED] - Object '' is not checked

2020-07-22 15:14:58 - [MESSAGE][PASSED] - Object '' is present

2020-07-22 15:14:59 - [MESSAGE][PASSED] - Object '' is not checked

2020-07-22 15:14:59 - [MESSAGE][PASSED] - Object '' is present

2020-07-22 15:14:59 - [MESSAGE][PASSED] - Object: '' is clicked on

2020-07-22 15:15:00 - [MESSAGE][PASSED] - Object '' is present

2020-07-22 15:15:00 - [MESSAGE][PASSED] - Object '' is not checked

2020-07-22 15:15:00 - [MESSAGE][PASSED] - Object '' is present

2020-07-22 15:15:01 - [MESSAGE][PASSED] - Object '' is not checked

2020-07-22 15:15:01 - [MESSAGE][PASSED] - Object '' is present

2020-07-22 15:15:01 - [MESSAGE][PASSED] - Object '' is not checked

2020-07-22 15:15:01 - [MESSAGE][PASSED] - Object '' is present

2020-07-22 15:15:02 - [MESSAGE][PASSED] - Object '' is not checked

2020-07-22 15:15:02 - [MESSAGE][PASSED] - Object '' is present

2020-07-22 15:15:02 - [MESSAGE][PASSED] - Object: '' is clicked on

2020-07-22 15:15:03 - [MESSAGE][PASSED] - Object '' is present

2020-07-22 15:15:03 - [MESSAGE][PASSED] - Object '' is not checked

2020-07-22 15:15:03 - [MESSAGE][PASSED] - Object '' is present

2020-07-22 15:15:04 - [MESSAGE][PASSED] - Object '' is not checked

2020-07-22 15:15:04 - [MESSAGE][PASSED] - Object '' is present

2020-07-22 15:15:04 - [MESSAGE][PASSED] - Object '' is not checked

2020-07-22 15:15:04 - [MESSAGE][PASSED] - Object '' is present

2020-07-22 15:15:05 - [MESSAGE][PASSED] - Object '' is not checked

2020-07-22 15:15:05 - [MESSAGE][PASSED] - Object '' is present

2020-07-22 15:15:05 - [MESSAGE][PASSED] - Object '' is not checked

2020-07-22 15:15:06 - [MESSAGE][PASSED] - Object: '' is clicked on

2020-07-22 15:15:06 - [MESSAGE][PASSED] - Object: '' is clicked on

2020-07-22 15:15:06 - [MESSAGE][PASSED] - Object: '' is clicked on

2020-07-22 15:15:06 - [MESSAGE][PASSED] - Varify the mistake detail already match with the matrix Base on Type Contract

2020-07-22 15:15:06 - [TEST_STEP][PASSED] - Click on Tab "KTP": Click on Tab "KTP"

2020-07-22 15:15:07 - [MESSAGE][PASSED] - Object '' is present

2020-07-22 15:15:07 - [MESSAGE][PASSED] - Object: '' is clicked on

2020-07-22 15:15:07 - [MESSAGE][PASSED] - Click on Tab "KTP"

2020-07-22 15:15:07 - [TEST_STEP][PASSED] - Checkbox General Mistake "20. KTP atau Resi - Alamat tetap pemohon pada sistem (HoS) berbeda dengan KTP": Checkbox General Mistake "20. KTP atau Resi - Alamat tetap pemohon pada sistem (HoS) berbeda dengan KTP"

2020-07-22 15:15:07 - [MESSAGE][PASSED] - Object: '' is clicked on

2020-07-22 15:15:07 - [MESSAGE][PASSED] - Wait for page load successfully

2020-07-22 15:15:07 - [MESSAGE][PASSED] - Checkbox General Mistake "20. KTP atau Resi - Alamat tetap pemohon pada sistem (HoS) berbeda dengan KTP"

2020-07-22 15:15:07 - [TEST_STEP][PASSED] - Choose Dropdown mistake type "Beda RT" from mistake name "20. KTP atau Resi - Alamat tetap pemohon pada sistem (HoS) berbeda dengan KTP": Choose Dropdown mistake type "Beda RT" from mistake name "20. KTP atau Resi - Alamat tetap pemohon pada sistem (HoS) berbeda dengan KTP"

2020-07-22 15:15:09 - [MESSAGE][PASSED] - All options with index in [1] are selected on object ''

2020-07-22 15:15:09 - [MESSAGE][PASSED] - Wait for page load successfully

2020-07-22 15:15:09 - [MESSAGE][PASSED] - Choose Dropdown mistake type "Beda RT" from mistake name "20. KTP atau Resi - Alamat tetap pemohon pada sistem (HoS) berbeda dengan KTP"

2020-07-22 15:15:09 - [TEST_STEP][PASSED] - Type on textarea note before based on mistake name "20. KTP atau Resi - Alamat tetap pemohon pada sistem (HoS) berbeda dengan KTP" with value "TESTING": Type on textarea note before based on mistake name "20. KTP atau Resi - Alamat tetap pemohon pada sistem (HoS) berbeda dengan KTP" with value "TESTING"

2020-07-22 15:15:10 - [MESSAGE][PASSED] - Text 'TESTING' is set on object ''

2020-07-22 15:15:10 - [MESSAGE][PASSED] - Wait for page load successfully

2020-07-22 15:15:10 - [MESSAGE][PASSED] - Type on textarea note before based on mistake name "20. KTP atau Resi - Alamat tetap pemohon pada sistem (HoS) berbeda dengan KTP" with value "TESTING"

2020-07-22 15:15:10 - [TEST_STEP][PASSED] - Type on textarea note after based on mistake name "20. KTP atau Resi - Alamat tetap pemohon pada sistem (HoS) berbeda dengan KTP" with value "TESTING after": Type on textarea note after based on mistake name "20. KTP atau Resi - Alamat tetap pemohon pada sistem (HoS) berbeda dengan KTP" with value "TESTING after"

2020-07-22 15:15:11 - [MESSAGE][PASSED] - Text 'TESTING after' is set on object ''

2020-07-22 15:15:11 - [MESSAGE][PASSED] - Wait for page load successfully

2020-07-22 15:15:11 - [MESSAGE][PASSED] - Type on textarea note after based on mistake name "20. KTP atau Resi - Alamat tetap pemohon pada sistem (HoS) berbeda dengan KTP" with value "TESTING after"

2020-07-22 15:15:11 - [TEST_STEP][PASSED] - Click button "Save": Click button "Save"

2020-07-22 15:15:11 - [MESSAGE][INFO] - >>>>>//Button[contains(text(),'Save')]

2020-07-22 15:15:14 - [MESSAGE][PASSED] - Object: '' is clicked on

2020-07-22 15:15:14 - [MESSAGE][PASSED] - Click button "Save"

2020-07-22 15:15:14 - [TEST_STEP][PASSED] - Get text from pop up "IT Supporting Tools" with text "Mistake has been saved": Get text from pop up "IT Supporting Tools" with text "Mistake has been saved"

2020-07-22 15:15:18 - [MESSAGE][PASSED] - Object '' is present

2020-07-22 15:15:18 - [MESSAGE][PASSED] - Wait for page load successfully

2020-07-22 15:15:18 - [MESSAGE][PASSED] - Wait for page load successfully

2020-07-22 15:15:18 - [MESSAGE][PASSED] - Get text from pop up "IT Supporting Tools" with text "Mistake has been saved"

2020-07-22 15:15:18 - [TEST_STEP][PASSED] - Click button "OK": Click button "OK"

2020-07-22 15:15:18 - [MESSAGE][INFO] - >>>>>//Button[contains(text(),'OK')]

2020-07-22 15:15:21 - [MESSAGE][PASSED] - Object: '' is clicked on

2020-07-22 15:15:21 - [MESSAGE][PASSED] - Click button "OK"

2020-07-22 15:15:21 - [TEST_STEP][PASSED] - Click button "Logout": Click button "Logout"

2020-07-22 15:15:21 - [MESSAGE][INFO] - >>>>>//Button[contains(text(),'Logout')]

2020-07-22 15:15:25 - [MESSAGE][PASSED] - Object: '' is clicked on

2020-07-22 15:15:25 - [MESSAGE][PASSED] - Click button "Logout"

2020-07-22 15:15:25 - [TEST_STEP][PASSED] - Close browser: Close browser

2020-07-22 15:15:25 - [MESSAGE][PASSED] - Browser is closed

2020-07-22 15:15:25 - [MESSAGE][PASSED] - Close browser

2020-07-22 15:15:25 - [MESSAGE][PASSED] - Feature file: 'Include/features/IST_Real/CONTRACT_DISPATCHER_TWO_WHEELERS/DEV/Contract_Dispatcher_TW.feature' was passed]]></system-out>
         <system-err><![CDATA[]]></system-err>
      </testcase>
      <testcase name="Test Cases/IST_Real/CONTRACT_DISPATCHER_TWO_WHEELERS/DEV/Update_Tbl_CDS_CDC" time="0.732" classname="Test Cases/IST_Real/CONTRACT_DISPATCHER_TWO_WHEELERS/DEV/Update_Tbl_CDS_CDC" status="PASSED">
         <system-out><![CDATA[2020-07-22 15:15:25 - [TEST_CASE][PASSED] - Test Cases/IST_Real/CONTRACT_DISPATCHER_TWO_WHEELERS/DEV/Update_Tbl_CDS_CDC: Test Cases/IST_Real/CONTRACT_DISPATCHER_TWO_WHEELERS/DEV/Update_Tbl_CDS_CDC

2020-07-22 15:15:25 - [TEST_STEP][PASSED] - runFeatureFile("Include/features/IST_Real/CONTRACT_DISPATCHER_TWO_WHEELERS/DEV/Update_Tbl_CDS_CDC.feature"): Feature file: 'Include/features/IST_Real/CONTRACT_DISPATCHER_TWO_WHEELERS/DEV/Update_Tbl_CDS_CDC.feature' was passed

2020-07-22 15:15:25 - [MESSAGE][INFO] - Starting run keyword runFeatureFile: 'Include/features/IST_Real/CONTRACT_DISPATCHER_TWO_WHEELERS/DEV/Update_Tbl_CDS_CDC.feature' and extract report to folder: '/Users/chaidir.pratama01/Katalon Studio/IST_Automation_Git/Reports/20200722_151330/CONTRACT_DISPATCHER_TWO_WHEELERS/DEV/TS_Contract_Dispatcher_Two_Wheelers/20200722_151330/cucumber_report/1595405725422'...

2020-07-22 15:15:25 - [TEST_CASE][PASSED] - Start Test Case : SCENARIO Update Table CONTRACT_DISPATCHER_SOURCE and CONTRACT_DISPTACHER_CLAIM: SCENARIO Update Table CONTRACT_DISPATCHER_SOURCE and CONTRACT_DISPTACHER_CLAIM

2020-07-22 15:15:25 - [TEST_STEP][PASSED] - Connect to APP_ACCOUNT C1: Connect to APP_ACCOUNT C1

2020-07-22 15:15:25 - [MESSAGE][PASSED] - Connect to APP_ACCOUNT C1

2020-07-22 15:15:25 - [TEST_STEP][PASSED] - Update Tbl CONTRACT DISPATCHER SOURCE To Change PROCESSED From Y to N: Update Tbl CONTRACT DISPATCHER SOURCE To Change PROCESSED From Y to N

2020-07-22 15:15:25 - [MESSAGE][PASSED] - Update Tbl CONTRACT DISPATCHER SOURCE To Change PROCESSED From Y to N

2020-07-22 15:15:25 - [TEST_STEP][PASSED] - Update Tbl CONTRACT DISPATCHER CLAIM To Delete PROCESS From Column STATUS: Update Tbl CONTRACT DISPATCHER CLAIM To Delete PROCESS From Column STATUS

2020-07-22 15:15:26 - [MESSAGE][PASSED] - Update Tbl CONTRACT DISPATCHER CLAIM To Delete PROCESS From Column STATUS

2020-07-22 15:15:26 - [MESSAGE][PASSED] - Feature file: 'Include/features/IST_Real/CONTRACT_DISPATCHER_TWO_WHEELERS/DEV/Update_Tbl_CDS_CDC.feature' was passed]]></system-out>
         <system-err><![CDATA[]]></system-err>
      </testcase>
      <testcase name="Test Cases/IST_Real/CONTRACT_DISPATCHER_TWO_WHEELERS/DEV/Delete_ContractNumber_from_TRK_REGISTRATION_MISTAKE" time="0.94" classname="Test Cases/IST_Real/CONTRACT_DISPATCHER_TWO_WHEELERS/DEV/Delete_ContractNumber_from_TRK_REGISTRATION_MISTAKE" status="PASSED">
         <system-out><![CDATA[2020-07-22 15:15:26 - [TEST_CASE][PASSED] - Test Cases/IST_Real/CONTRACT_DISPATCHER_TWO_WHEELERS/DEV/Delete_ContractNumber_from_TRK_REGISTRATION_MISTAKE: Test Cases/IST_Real/CONTRACT_DISPATCHER_TWO_WHEELERS/DEV/Delete_ContractNumber_from_TRK_REGISTRATION_MISTAKE

2020-07-22 15:15:26 - [TEST_STEP][PASSED] - runFeatureFile("Include/features/IST_Real/CONTRACT_DISPATCHER_TWO_WHEELERS/DEV/Delete_ContractNumber_from_TRK_REGISTRATION_MISTAKE.feature"): Feature file: 'Include/features/IST_Real/CONTRACT_DISPATCHER_TWO_WHEELERS/DEV/Delete_ContractNumber_from_TRK_REGISTRATION_MISTAKE.feature' was passed

2020-07-22 15:15:26 - [MESSAGE][INFO] - Starting run keyword runFeatureFile: 'Include/features/IST_Real/CONTRACT_DISPATCHER_TWO_WHEELERS/DEV/Delete_ContractNumber_from_TRK_REGISTRATION_MISTAKE.feature' and extract report to folder: '/Users/chaidir.pratama01/Katalon Studio/IST_Automation_Git/Reports/20200722_151330/CONTRACT_DISPATCHER_TWO_WHEELERS/DEV/TS_Contract_Dispatcher_Two_Wheelers/20200722_151330/cucumber_report/1595405726229'...

2020-07-22 15:15:26 - [TEST_CASE][PASSED] - Start Test Case : SCENARIO Delete Contract from TRK_REGISTRATION_MISTAKE: SCENARIO Delete Contract from TRK_REGISTRATION_MISTAKE

2020-07-22 15:15:26 - [TEST_STEP][PASSED] - Connect to APP_ACCOUNT C1: Connect to APP_ACCOUNT C1

2020-07-22 15:15:26 - [MESSAGE][PASSED] - Connect to APP_ACCOUNT C1

2020-07-22 15:15:26 - [TEST_STEP][PASSED] - Delete Contract From TRK_REGISTRATION_MISTAKE: Delete Contract From TRK_REGISTRATION_MISTAKE

2020-07-22 15:15:27 - [MESSAGE][PASSED] - Delete Contract From TRK_REGISTRATION_MISTAKE

2020-07-22 15:15:27 - [MESSAGE][PASSED] - Feature file: 'Include/features/IST_Real/CONTRACT_DISPATCHER_TWO_WHEELERS/DEV/Delete_ContractNumber_from_TRK_REGISTRATION_MISTAKE.feature' was passed]]></system-out>
         <system-err><![CDATA[]]></system-err>
      </testcase>
      <testcase name="Test Cases/IST_Real/CONTRACT_DISPATCHER_TWO_WHEELERS/DEV/Claim_Contract_Two_Wheelers_then_Save_it_Without_Register_Any_Mistakes" time="112.95" classname="Test Cases/IST_Real/CONTRACT_DISPATCHER_TWO_WHEELERS/DEV/Claim_Contract_Two_Wheelers_then_Save_it_Without_Register_Any_Mistakes" status="FAILED">
         <failure type="FAILED" message="Test Cases/IST_Real/CONTRACT_DISPATCHER_TWO_WHEELERS/DEV/Claim_Contract_Two_Wheelers_then_Save_it_Without_Register_Any_Mistakes FAILED.
Reason:
com.kms.katalon.core.exception.StepFailedException: Feature file 'Include/features/IST_Real/CONTRACT_DISPATCHER_TWO_WHEELERS/DEV/Claim_Contract_Two_Wheelers_then_Save_it_Without_Register_Any_Mistakes.feature' was failed
	at com.kms.katalon.core.keyword.internal.KeywordMain.stepFailed(KeywordMain.groovy:50)
	at com.kms.katalon.core.keyword.internal.KeywordMain.stepFailed(KeywordMain.groovy)
	at com.kms.katalon.core.keyword.internal.KeywordMain.stepFailed(KeywordMain.groovy:23)
	at com.kms.katalon.core.keyword.internal.KeywordMain$stepFailed$0.call(Unknown Source)
	at com.kms.katalon.core.cucumber.keyword.CucumberBuiltinKeywords$_runFeatureFile_closure1.doCall(CucumberBuiltinKeywords.groovy:82)
	at com.kms.katalon.core.cucumber.keyword.CucumberBuiltinKeywords$_runFeatureFile_closure1.doCall(CucumberBuiltinKeywords.groovy)
	at com.kms.katalon.core.keyword.internal.KeywordMain.runKeyword(KeywordMain.groovy:68)
	at com.kms.katalon.core.keyword.internal.KeywordMain$runKeyword.call(Unknown Source)
	at com.kms.katalon.core.cucumber.keyword.CucumberBuiltinKeywords.runFeatureFile(CucumberBuiltinKeywords.groovy:46)
	at com.kms.katalon.core.cucumber.keyword.CucumberBuiltinKeywords$runFeatureFile$0.callStatic(Unknown Source)
	at com.kms.katalon.core.cucumber.keyword.CucumberBuiltinKeywords.runFeatureFile(CucumberBuiltinKeywords.groovy:169)
	at com.kms.katalon.core.cucumber.keyword.CucumberBuiltinKeywords$runFeatureFile.call(Unknown Source)
	at Claim_Contract_Two_Wheelers_then_Save_it_Without_Register_Any_Mistakes.run(Claim_Contract_Two_Wheelers_then_Save_it_Without_Register_Any_Mistakes:16)
	at com.kms.katalon.core.main.ScriptEngine.run(ScriptEngine.java:194)
	at com.kms.katalon.core.main.ScriptEngine.runScriptAsRawText(ScriptEngine.java:119)
	at com.kms.katalon.core.main.TestCaseExecutor.runScript(TestCaseExecutor.java:339)
	at com.kms.katalon.core.main.TestCaseExecutor.doExecute(TestCaseExecutor.java:330)
	at com.kms.katalon.core.main.TestCaseExecutor.processExecutionPhase(TestCaseExecutor.java:309)
	at com.kms.katalon.core.main.TestCaseExecutor.accessMainPhase(TestCaseExecutor.java:301)
	at com.kms.katalon.core.main.TestCaseExecutor.execute(TestCaseExecutor.java:235)
	at com.kms.katalon.core.main.TestSuiteExecutor.accessTestCaseMainPhase(TestSuiteExecutor.java:191)
	at com.kms.katalon.core.main.TestSuiteExecutor.accessTestSuiteMainPhase(TestSuiteExecutor.java:141)
	at com.kms.katalon.core.main.TestSuiteExecutor.execute(TestSuiteExecutor.java:90)
	at com.kms.katalon.core.main.TestCaseMain.startTestSuite(TestCaseMain.java:157)
	at com.kms.katalon.core.main.TestCaseMain$startTestSuite$0.call(Unknown Source)
	at TempTestSuite1595405610477.run(TempTestSuite1595405610477.groovy:39)
"/>
         <system-out><![CDATA[2020-07-22 15:15:27 - [TEST_CASE][FAILED] - Test Cases/IST_Real/CONTRACT_DISPATCHER_TWO_WHEELERS/DEV/Claim_Contract_Two_Wheelers_then_Save_it_Without_Register_Any_Mistakes: Test Cases/IST_Real/CONTRACT_DISPATCHER_TWO_WHEELERS/DEV/Claim_Contract_Two_Wheelers_then_Save_it_Without_Register_Any_Mistakes FAILED.
Reason:
com.kms.katalon.core.exception.StepFailedException: Feature file 'Include/features/IST_Real/CONTRACT_DISPATCHER_TWO_WHEELERS/DEV/Claim_Contract_Two_Wheelers_then_Save_it_Without_Register_Any_Mistakes.feature' was failed
	at com.kms.katalon.core.keyword.internal.KeywordMain.stepFailed(KeywordMain.groovy:50)
	at com.kms.katalon.core.keyword.internal.KeywordMain.stepFailed(KeywordMain.groovy)
	at com.kms.katalon.core.keyword.internal.KeywordMain.stepFailed(KeywordMain.groovy:23)
	at com.kms.katalon.core.keyword.internal.KeywordMain$stepFailed$0.call(Unknown Source)
	at com.kms.katalon.core.cucumber.keyword.CucumberBuiltinKeywords$_runFeatureFile_closure1.doCall(CucumberBuiltinKeywords.groovy:82)
	at com.kms.katalon.core.cucumber.keyword.CucumberBuiltinKeywords$_runFeatureFile_closure1.doCall(CucumberBuiltinKeywords.groovy)
	at com.kms.katalon.core.keyword.internal.KeywordMain.runKeyword(KeywordMain.groovy:68)
	at com.kms.katalon.core.keyword.internal.KeywordMain$runKeyword.call(Unknown Source)
	at com.kms.katalon.core.cucumber.keyword.CucumberBuiltinKeywords.runFeatureFile(CucumberBuiltinKeywords.groovy:46)
	at com.kms.katalon.core.cucumber.keyword.CucumberBuiltinKeywords$runFeatureFile$0.callStatic(Unknown Source)
	at com.kms.katalon.core.cucumber.keyword.CucumberBuiltinKeywords.runFeatureFile(CucumberBuiltinKeywords.groovy:169)
	at com.kms.katalon.core.cucumber.keyword.CucumberBuiltinKeywords$runFeatureFile.call(Unknown Source)
	at Claim_Contract_Two_Wheelers_then_Save_it_Without_Register_Any_Mistakes.run(Claim_Contract_Two_Wheelers_then_Save_it_Without_Register_Any_Mistakes:16)
	at com.kms.katalon.core.main.ScriptEngine.run(ScriptEngine.java:194)
	at com.kms.katalon.core.main.ScriptEngine.runScriptAsRawText(ScriptEngine.java:119)
	at com.kms.katalon.core.main.TestCaseExecutor.runScript(TestCaseExecutor.java:339)
	at com.kms.katalon.core.main.TestCaseExecutor.doExecute(TestCaseExecutor.java:330)
	at com.kms.katalon.core.main.TestCaseExecutor.processExecutionPhase(TestCaseExecutor.java:309)
	at com.kms.katalon.core.main.TestCaseExecutor.accessMainPhase(TestCaseExecutor.java:301)
	at com.kms.katalon.core.main.TestCaseExecutor.execute(TestCaseExecutor.java:235)
	at com.kms.katalon.core.main.TestSuiteExecutor.accessTestCaseMainPhase(TestSuiteExecutor.java:191)
	at com.kms.katalon.core.main.TestSuiteExecutor.accessTestSuiteMainPhase(TestSuiteExecutor.java:141)
	at com.kms.katalon.core.main.TestSuiteExecutor.execute(TestSuiteExecutor.java:90)
	at com.kms.katalon.core.main.TestCaseMain.startTestSuite(TestCaseMain.java:157)
	at com.kms.katalon.core.main.TestCaseMain$startTestSuite$0.call(Unknown Source)
	at TempTestSuite1595405610477.run(TempTestSuite1595405610477.groovy:39)


2020-07-22 15:15:27 - [TEST_STEP][FAILED] - runFeatureFile("Include/features/IST_Real/CONTRACT_DISPATCHER_TWO_WHEELERS/DEV/Claim_Contract_Two_Wheelers_then_Save_it_Without_Register_Any_Mistakes.feature"): Keyword runFeatureFile was failed (Root cause: com.kms.katalon.core.exception.StepFailedException: Feature file 'Include/features/IST_Real/CONTRACT_DISPATCHER_TWO_WHEELERS/DEV/Claim_Contract_Two_Wheelers_then_Save_it_Without_Register_Any_Mistakes.feature' was failed
	at com.kms.katalon.core.keyword.internal.KeywordMain.stepFailed(KeywordMain.groovy:50)
	at com.kms.katalon.core.keyword.internal.KeywordMain.stepFailed(KeywordMain.groovy)
	at com.kms.katalon.core.keyword.internal.KeywordMain.stepFailed(KeywordMain.groovy:23)
	at com.kms.katalon.core.keyword.internal.KeywordMain$stepFailed$0.call(Unknown Source)
	at com.kms.katalon.core.cucumber.keyword.CucumberBuiltinKeywords$_runFeatureFile_closure1.doCall(CucumberBuiltinKeywords.groovy:82)
	at com.kms.katalon.core.cucumber.keyword.CucumberBuiltinKeywords$_runFeatureFile_closure1.doCall(CucumberBuiltinKeywords.groovy)
	at com.kms.katalon.core.keyword.internal.KeywordMain.runKeyword(KeywordMain.groovy:68)
	at com.kms.katalon.core.keyword.internal.KeywordMain$runKeyword.call(Unknown Source)
	at com.kms.katalon.core.cucumber.keyword.CucumberBuiltinKeywords.runFeatureFile(CucumberBuiltinKeywords.groovy:46)
	at com.kms.katalon.core.cucumber.keyword.CucumberBuiltinKeywords$runFeatureFile$0.callStatic(Unknown Source)
	at com.kms.katalon.core.cucumber.keyword.CucumberBuiltinKeywords.runFeatureFile(CucumberBuiltinKeywords.groovy:169)
	at com.kms.katalon.core.cucumber.keyword.CucumberBuiltinKeywords$runFeatureFile.call(Unknown Source)
	at Claim_Contract_Two_Wheelers_then_Save_it_Without_Register_Any_Mistakes.run(Claim_Contract_Two_Wheelers_then_Save_it_Without_Register_Any_Mistakes:16)
	at com.kms.katalon.core.main.ScriptEngine.run(ScriptEngine.java:194)
	at com.kms.katalon.core.main.ScriptEngine.runScriptAsRawText(ScriptEngine.java:119)
	at com.kms.katalon.core.main.TestCaseExecutor.runScript(TestCaseExecutor.java:339)
	at com.kms.katalon.core.main.TestCaseExecutor.doExecute(TestCaseExecutor.java:330)
	at com.kms.katalon.core.main.TestCaseExecutor.processExecutionPhase(TestCaseExecutor.java:309)
	at com.kms.katalon.core.main.TestCaseExecutor.accessMainPhase(TestCaseExecutor.java:301)
	at com.kms.katalon.core.main.TestCaseExecutor.execute(TestCaseExecutor.java:235)
	at com.kms.katalon.core.main.TestSuiteExecutor.accessTestCaseMainPhase(TestSuiteExecutor.java:191)
	at com.kms.katalon.core.main.TestSuiteExecutor.accessTestSuiteMainPhase(TestSuiteExecutor.java:141)
	at com.kms.katalon.core.main.TestSuiteExecutor.execute(TestSuiteExecutor.java:90)
	at com.kms.katalon.core.main.TestCaseMain.startTestSuite(TestCaseMain.java:157)
	at com.kms.katalon.core.main.TestCaseMain$startTestSuite$0.call(Unknown Source)
	at TempTestSuite1595405610477.run(TempTestSuite1595405610477.groovy:39)
)

2020-07-22 15:15:27 - [MESSAGE][INFO] - Starting run keyword runFeatureFile: 'Include/features/IST_Real/CONTRACT_DISPATCHER_TWO_WHEELERS/DEV/Claim_Contract_Two_Wheelers_then_Save_it_Without_Register_Any_Mistakes.feature' and extract report to folder: '/Users/chaidir.pratama01/Katalon Studio/IST_Automation_Git/Reports/20200722_151330/CONTRACT_DISPATCHER_TWO_WHEELERS/DEV/TS_Contract_Dispatcher_Two_Wheelers/20200722_151330/cucumber_report/1595405727180'...

2020-07-22 15:15:27 - [TEST_CASE][FAILED] - Start Test Case : SCENARIO Select Menu Contract Dispatcher and Select Contract based on type contract Two Wheelers: SCENARIO Select Menu Contract Dispatcher and Select Contract based on type contract Two Wheelers FAILED.
Reason:
com.kms.katalon.core.exception.StepFailedException: Unable to verify object '' is present
	at com.kms.katalon.core.webui.keyword.internal.WebUIKeywordMain.stepFailed(WebUIKeywordMain.groovy:64)
	at com.kms.katalon.core.webui.keyword.internal.WebUIKeywordMain.runKeyword(WebUIKeywordMain.groovy:26)
	at com.kms.katalon.core.webui.keyword.builtin.VerifyElementPresentKeyword.verifyElementPresent(VerifyElementPresentKeyword.groovy:92)
	at com.kms.katalon.core.webui.keyword.builtin.VerifyElementPresentKeyword.execute(VerifyElementPresentKeyword.groovy:68)
	at com.kms.katalon.core.keyword.internal.KeywordExecutor.executeKeywordForPlatform(KeywordExecutor.groovy:73)
	at com.kms.katalon.core.webui.keyword.WebUiBuiltInKeywords.verifyElementPresent(WebUiBuiltInKeywords.groovy:1460)
	at com.kms.katalon.core.webui.keyword.WebUiBuiltInKeywords$verifyElementPresent$5.call(Unknown Source)
	at ist_real.Contract_Dispatcher.gettextconfirmationadd(Contract_Dispatcher.groovy:390)
	at âœ½.Get text from pop up "IT Supporting Tools" with text "Mistake has been saved"(/Users/chaidir.pratama01/Katalon Studio/IST_Automation_Git/Include/features/IST_Real/CONTRACT_DISPATCHER_TWO_WHEELERS/DEV/Claim_Contract_Two_Wheelers_then_Save_it_Without_Register_Any_Mistakes.feature:35)
Caused by: com.kms.katalon.core.exception.StepFailedException: com.kms.katalon.core.webui.exception.WebElementNotFoundException: Web element with id: '' located by '//div[contains(text(),"IT Supporting Tools")]/following-sibling::div/table/tbody/tr/td/table/tbody/tr/td[5]/div/span[contains(text(),"Mistake has been saved")]' not found
	at com.kms.katalon.core.webui.keyword.internal.WebUIKeywordMain.stepFailed(WebUIKeywordMain.groovy:64)
	at com.kms.katalon.core.webui.keyword.builtin.VerifyElementPresentKeyword$_verifyElementPresent_closure1.doCall(VerifyElementPresentKeyword.groovy:85)
	at com.kms.katalon.core.webui.keyword.builtin.VerifyElementPresentKeyword$_verifyElementPresent_closure1.call(VerifyElementPresentKeyword.groovy)
	at com.kms.katalon.core.webui.keyword.internal.WebUIKeywordMain.runKeyword(WebUIKeywordMain.groovy:20)
	at com.kms.katalon.core.webui.keyword.builtin.VerifyElementPresentKeyword.verifyElementPresent(VerifyElementPresentKeyword.groovy:92)
	at com.kms.katalon.core.webui.keyword.builtin.VerifyElementPresentKeyword.execute(VerifyElementPresentKeyword.groovy:68)
	at com.kms.katalon.core.keyword.internal.KeywordExecutor.executeKeywordForPlatform(KeywordExecutor.groovy:73)
	at com.kms.katalon.core.webui.keyword.WebUiBuiltInKeywords.verifyElementPresent(WebUiBuiltInKeywords.groovy:1460)
	at com.kms.katalon.core.webui.keyword.WebUiBuiltInKeywords$verifyElementPresent$5.call(Unknown Source)
	at ist_real.Contract_Dispatcher.gettextconfirmationadd(Contract_Dispatcher.groovy:390)
	at cucumber.runtime.Utils$1.call(Utils.java:26)
	at cucumber.runtime.Timeout.timeout(Timeout.java:16)
	at cucumber.runtime.Utils.invoke(Utils.java:20)
	at cucumber.runtime.java.JavaStepDefinition.execute(JavaStepDefinition.java:48)
	at cucumber.runtime.PickleStepDefinitionMatch.runStep(PickleStepDefinitionMatch.java:50)
	at cucumber.runner.TestStep.executeStep(TestStep.java:55)
	at cucumber.runner.TestStep.run(TestStep.java:42)
	at cucumber.runner.PickleStepTestStep.run(PickleStepTestStep.java:53)
	at cucumber.runner.TestCase.run(TestCase.java:47)
	at cucumber.runner.Runner.runPickle(Runner.java:44)
	at cucumber.runtime.Runtime.runFeature(Runtime.java:120)
	at cucumber.runtime.Runtime.run(Runtime.java:106)
	at cucumber.api.cli.Main.run(Main.java:35)
	at cucumber.api.cli.Main$run.call(Unknown Source)
	at com.kms.katalon.core.cucumber.keyword.CucumberBuiltinKeywords$_runFeatureFile_closure1.doCall(CucumberBuiltinKeywords.groovy:76)
	at com.kms.katalon.core.cucumber.keyword.CucumberBuiltinKeywords$_runFeatureFile_closure1.doCall(CucumberBuiltinKeywords.groovy)
	at com.kms.katalon.core.keyword.internal.KeywordMain.runKeyword(KeywordMain.groovy:68)
	at com.kms.katalon.core.keyword.internal.KeywordMain$runKeyword.call(Unknown Source)
	at com.kms.katalon.core.cucumber.keyword.CucumberBuiltinKeywords.runFeatureFile(CucumberBuiltinKeywords.groovy:46)
	at com.kms.katalon.core.cucumber.keyword.CucumberBuiltinKeywords$runFeatureFile$0.callStatic(Unknown Source)
	at com.kms.katalon.core.cucumber.keyword.CucumberBuiltinKeywords.runFeatureFile(CucumberBuiltinKeywords.groovy:169)
	at com.kms.katalon.core.cucumber.keyword.CucumberBuiltinKeywords$runFeatureFile.call(Unknown Source)
	at Claim_Contract_Two_Wheelers_then_Save_it_Without_Register_Any_Mistakes.run(Claim_Contract_Two_Wheelers_then_Save_it_Without_Register_Any_Mistakes:16)
	at com.kms.katalon.core.main.ScriptEngine.run(ScriptEngine.java:194)
	at com.kms.katalon.core.main.ScriptEngine.runScriptAsRawText(ScriptEngine.java:119)
	at com.kms.katalon.core.main.TestCaseExecutor.runScript(TestCaseExecutor.java:339)
	at com.kms.katalon.core.main.TestCaseExecutor.doExecute(TestCaseExecutor.java:330)
	at com.kms.katalon.core.main.TestCaseExecutor.processExecutionPhase(TestCaseExecutor.java:309)
	at com.kms.katalon.core.main.TestCaseExecutor.accessMainPhase(TestCaseExecutor.java:301)
	at com.kms.katalon.core.main.TestCaseExecutor.execute(TestCaseExecutor.java:235)
	at com.kms.katalon.core.main.TestSuiteExecutor.accessTestCaseMainPhase(TestSuiteExecutor.java:191)
	at com.kms.katalon.core.main.TestSuiteExecutor.accessTestSuiteMainPhase(TestSuiteExecutor.java:141)
	at com.kms.katalon.core.main.TestSuiteExecutor.execute(TestSuiteExecutor.java:90)
	at com.kms.katalon.core.main.TestCaseMain.startTestSuite(TestCaseMain.java:157)
	at com.kms.katalon.core.main.TestCaseMain$startTestSuite$0.call(Unknown Source)
	at TempTestSuite1595405610477.run(TempTestSuite1595405610477.groovy:39)


2020-07-22 15:15:27 - [TEST_STEP][PASSED] - Go to IST: Go to IST

2020-07-22 15:15:27 - [MESSAGE][INFO] - Starting 'Chrome' driver

2020-07-22 15:15:27 - [MESSAGE][INFO] - Action delay is set to 0 milliseconds

2020-07-22 15:15:27 - [MESSAGE][PASSED] - Browser is opened with url: ''

2020-07-22 15:15:31 - [MESSAGE][PASSED] - Navigate to 'https://dev-istools.homecredit.id/foundation/login.zul' successfully

2020-07-22 15:15:31 - [MESSAGE][PASSED] - Go to IST

2020-07-22 15:15:31 - [TEST_STEP][PASSED] - Login IST with valid credentials: Login IST with valid credentials

2020-07-22 15:15:32 - [MESSAGE][PASSED] - Text 'mobile.test' is set on object 'Object Repository/Page_/input_Username_j_username'

2020-07-22 15:15:32 - [MESSAGE][PASSED] - Text ****** has been set on object 'Object Repository/Page_/input_Password_j_password'

2020-07-22 15:15:34 - [MESSAGE][PASSED] - Object: 'Object Repository/Page_/button_Login' is clicked on

2020-07-22 15:15:34 - [MESSAGE][PASSED] - Login IST with valid credentials

2020-07-22 15:15:34 - [TEST_STEP][PASSED] - Login Success for contract dispatcher: Login Success for contract dispatcher

2020-07-22 15:15:34 - [MESSAGE][INFO] - Login Success

2020-07-22 15:15:35 - [MESSAGE][PASSED] - Current window maximized

2020-07-22 15:15:35 - [MESSAGE][PASSED] - Object 'Object Repository/Page_/h1_Welcome to IT Supporting Tools' is present

2020-07-22 15:15:35 - [MESSAGE][PASSED] - Login Success for contract dispatcher

2020-07-22 15:15:35 - [TEST_STEP][PASSED] - Select Menu "Contract Dispatcher": Select Menu "Contract Dispatcher"

2020-07-22 15:15:35 - [MESSAGE][PASSED] - Object '' is present

2020-07-22 15:15:35 - [MESSAGE][PASSED] - Object: '' is clicked on

2020-07-22 15:15:35 - [MESSAGE][PASSED] - Wait for page load successfully

2020-07-22 15:15:35 - [MESSAGE][PASSED] - Select Menu "Contract Dispatcher"

2020-07-22 15:15:35 - [TEST_STEP][PASSED] - Select Contract Number based on Type Contract "TWO_WHEELERS": Select Contract Number based on Type Contract "TWO_WHEELERS"

2020-07-22 15:15:39 - [MESSAGE][PASSED] - Object '' is present

2020-07-22 15:15:39 - [MESSAGE][PASSED] - Object '' is present

2020-07-22 15:15:39 - [MESSAGE][PASSED] - Object: '' is clicked on

2020-07-22 15:15:40 - [MESSAGE][PASSED] - Object '' is checked

2020-07-22 15:15:40 - [MESSAGE][PASSED] - Select Contract Number based on Type Contract "TWO_WHEELERS"

2020-07-22 15:15:40 - [TEST_STEP][PASSED] - Click button "Claim": Click button "Claim"

2020-07-22 15:15:40 - [MESSAGE][INFO] - >>>>>//Button[contains(text(),'Claim')]

2020-07-22 15:15:43 - [MESSAGE][PASSED] - Object: '' is clicked on

2020-07-22 15:15:43 - [MESSAGE][PASSED] - Click button "Claim"

2020-07-22 15:15:43 - [TEST_STEP][PASSED] - Varify the mistake detail already match with the matrix Base on Type Contract: Varify the mistake detail already match with the matrix Base on Type Contract

2020-07-22 15:15:46 - [MESSAGE][PASSED] - Object '' is present

2020-07-22 15:15:46 - [MESSAGE][PASSED] - Object: '' is clicked on

2020-07-22 15:15:47 - [MESSAGE][PASSED] - Object '' is present

2020-07-22 15:15:47 - [MESSAGE][PASSED] - Object '' is not checked

2020-07-22 15:15:47 - [MESSAGE][PASSED] - Object '' is present

2020-07-22 15:15:48 - [MESSAGE][PASSED] - Object '' is not checked

2020-07-22 15:15:48 - [MESSAGE][PASSED] - Object '' is present

2020-07-22 15:15:48 - [MESSAGE][PASSED] - Object '' is not checked

2020-07-22 15:15:48 - [MESSAGE][PASSED] - Object '' is present

2020-07-22 15:15:49 - [MESSAGE][PASSED] - Object '' is not checked

2020-07-22 15:15:49 - [MESSAGE][PASSED] - Object '' is present

2020-07-22 15:15:49 - [MESSAGE][PASSED] - Object '' is not checked

2020-07-22 15:15:49 - [MESSAGE][PASSED] - Object '' is present

2020-07-22 15:15:50 - [MESSAGE][PASSED] - Object '' is not checked

2020-07-22 15:15:50 - [MESSAGE][PASSED] - Object '' is present

2020-07-22 15:15:50 - [MESSAGE][PASSED] - Object '' is not checked

2020-07-22 15:15:51 - [MESSAGE][PASSED] - Object '' is present

2020-07-22 15:15:51 - [MESSAGE][PASSED] - Object '' is not checked

2020-07-22 15:15:51 - [MESSAGE][PASSED] - Object '' is present

2020-07-22 15:15:51 - [MESSAGE][PASSED] - Object '' is not checked

2020-07-22 15:15:52 - [MESSAGE][PASSED] - Object '' is present

2020-07-22 15:15:52 - [MESSAGE][PASSED] - Object '' is not checked

2020-07-22 15:15:52 - [MESSAGE][PASSED] - Object '' is present

2020-07-22 15:15:53 - [MESSAGE][PASSED] - Object '' is not checked

2020-07-22 15:15:53 - [MESSAGE][PASSED] - Object '' is present

2020-07-22 15:15:53 - [MESSAGE][PASSED] - Object '' is not checked

2020-07-22 15:15:54 - [MESSAGE][PASSED] - Object '' is present

2020-07-22 15:15:54 - [MESSAGE][PASSED] - Object '' is not checked

2020-07-22 15:15:54 - [MESSAGE][PASSED] - Object '' is present

2020-07-22 15:15:55 - [MESSAGE][PASSED] - Object '' is not checked

2020-07-22 15:15:55 - [MESSAGE][PASSED] - Object '' is present

2020-07-22 15:15:55 - [MESSAGE][PASSED] - Object '' is not checked

2020-07-22 15:15:55 - [MESSAGE][PASSED] - Object '' is present

2020-07-22 15:15:56 - [MESSAGE][PASSED] - Object '' is not checked

2020-07-22 15:15:56 - [MESSAGE][PASSED] - Object '' is present

2020-07-22 15:15:56 - [MESSAGE][PASSED] - Object '' is not checked

2020-07-22 15:15:56 - [MESSAGE][PASSED] - Object '' is present

2020-07-22 15:15:57 - [MESSAGE][PASSED] - Object '' is not checked

2020-07-22 15:15:57 - [MESSAGE][PASSED] - Object '' is present

2020-07-22 15:15:57 - [MESSAGE][PASSED] - Object '' is not checked

2020-07-22 15:15:58 - [MESSAGE][PASSED] - Object '' is present

2020-07-22 15:15:58 - [MESSAGE][PASSED] - Object '' is not checked

2020-07-22 15:15:58 - [MESSAGE][PASSED] - Object '' is present

2020-07-22 15:15:58 - [MESSAGE][PASSED] - Object: '' is clicked on

2020-07-22 15:15:59 - [MESSAGE][PASSED] - Object '' is present

2020-07-22 15:15:59 - [MESSAGE][PASSED] - Object '' is not checked

2020-07-22 15:15:59 - [MESSAGE][PASSED] - Object '' is present

2020-07-22 15:16:00 - [MESSAGE][PASSED] - Object '' is not checked

2020-07-22 15:16:00 - [MESSAGE][PASSED] - Object '' is present

2020-07-22 15:16:00 - [MESSAGE][PASSED] - Object '' is not checked

2020-07-22 15:16:01 - [MESSAGE][PASSED] - Object '' is present

2020-07-22 15:16:01 - [MESSAGE][PASSED] - Object '' is not checked

2020-07-22 15:16:01 - [MESSAGE][PASSED] - Object '' is present

2020-07-22 15:16:01 - [MESSAGE][PASSED] - Object '' is not checked

2020-07-22 15:16:02 - [MESSAGE][PASSED] - Object '' is present

2020-07-22 15:16:02 - [MESSAGE][PASSED] - Object '' is not checked

2020-07-22 15:16:02 - [MESSAGE][PASSED] - Object '' is present

2020-07-22 15:16:03 - [MESSAGE][PASSED] - Object: '' is clicked on

2020-07-22 15:16:03 - [MESSAGE][PASSED] - Object '' is present

2020-07-22 15:16:03 - [MESSAGE][PASSED] - Object '' is not checked

2020-07-22 15:16:04 - [MESSAGE][PASSED] - Object '' is present

2020-07-22 15:16:04 - [MESSAGE][PASSED] - Object '' is not checked

2020-07-22 15:16:04 - [MESSAGE][PASSED] - Object '' is present

2020-07-22 15:16:05 - [MESSAGE][PASSED] - Object '' is not checked

2020-07-22 15:16:05 - [MESSAGE][PASSED] - Object '' is present

2020-07-22 15:16:05 - [MESSAGE][PASSED] - Object: '' is clicked on

2020-07-22 15:16:06 - [MESSAGE][PASSED] - Object '' is present

2020-07-22 15:16:06 - [MESSAGE][PASSED] - Object '' is not checked

2020-07-22 15:16:06 - [MESSAGE][PASSED] - Object '' is present

2020-07-22 15:16:06 - [MESSAGE][PASSED] - Object '' is not checked

2020-07-22 15:16:07 - [MESSAGE][PASSED] - Object '' is present

2020-07-22 15:16:07 - [MESSAGE][PASSED] - Object '' is not checked

2020-07-22 15:16:07 - [MESSAGE][PASSED] - Object '' is present

2020-07-22 15:16:08 - [MESSAGE][PASSED] - Object '' is not checked

2020-07-22 15:16:08 - [MESSAGE][PASSED] - Object '' is present

2020-07-22 15:16:08 - [MESSAGE][PASSED] - Object '' is not checked

2020-07-22 15:16:09 - [MESSAGE][PASSED] - Object '' is present

2020-07-22 15:16:09 - [MESSAGE][PASSED] - Object '' is not checked

2020-07-22 15:16:09 - [MESSAGE][PASSED] - Object '' is present

2020-07-22 15:16:10 - [MESSAGE][PASSED] - Object '' is not checked

2020-07-22 15:16:10 - [MESSAGE][PASSED] - Object '' is present

2020-07-22 15:16:10 - [MESSAGE][PASSED] - Object: '' is clicked on

2020-07-22 15:16:11 - [MESSAGE][PASSED] - Object '' is present

2020-07-22 15:16:11 - [MESSAGE][PASSED] - Object '' is not checked

2020-07-22 15:16:11 - [MESSAGE][PASSED] - Object '' is present

2020-07-22 15:16:11 - [MESSAGE][PASSED] - Object '' is not checked

2020-07-22 15:16:12 - [MESSAGE][PASSED] - Object '' is present

2020-07-22 15:16:12 - [MESSAGE][PASSED] - Object '' is not checked

2020-07-22 15:16:12 - [MESSAGE][PASSED] - Object '' is present

2020-07-22 15:16:13 - [MESSAGE][PASSED] - Object '' is not checked

2020-07-22 15:16:13 - [MESSAGE][PASSED] - Object '' is present

2020-07-22 15:16:13 - [MESSAGE][PASSED] - Object '' is not checked

2020-07-22 15:16:13 - [MESSAGE][PASSED] - Object '' is present

2020-07-22 15:16:14 - [MESSAGE][PASSED] - Object '' is not checked

2020-07-22 15:16:14 - [MESSAGE][PASSED] - Object '' is present

2020-07-22 15:16:14 - [MESSAGE][PASSED] - Object '' is not checked

2020-07-22 15:16:15 - [MESSAGE][PASSED] - Object '' is present

2020-07-22 15:16:15 - [MESSAGE][PASSED] - Object: '' is clicked on

2020-07-22 15:16:15 - [MESSAGE][PASSED] - Object '' is present

2020-07-22 15:16:16 - [MESSAGE][PASSED] - Object '' is not checked

2020-07-22 15:16:16 - [MESSAGE][PASSED] - Object '' is present

2020-07-22 15:16:16 - [MESSAGE][PASSED] - Object '' is not checked

2020-07-22 15:16:17 - [MESSAGE][PASSED] - Object '' is present

2020-07-22 15:16:17 - [MESSAGE][PASSED] - Object '' is not checked

2020-07-22 15:16:17 - [MESSAGE][PASSED] - Object '' is present

2020-07-22 15:16:17 - [MESSAGE][PASSED] - Object '' is not checked

2020-07-22 15:16:18 - [MESSAGE][PASSED] - Object '' is present

2020-07-22 15:16:18 - [MESSAGE][PASSED] - Object: '' is clicked on

2020-07-22 15:16:18 - [MESSAGE][PASSED] - Object '' is present

2020-07-22 15:16:19 - [MESSAGE][PASSED] - Object '' is not checked

2020-07-22 15:16:19 - [MESSAGE][PASSED] - Object '' is present

2020-07-22 15:16:19 - [MESSAGE][PASSED] - Object '' is not checked

2020-07-22 15:16:19 - [MESSAGE][PASSED] - Object '' is present

2020-07-22 15:16:20 - [MESSAGE][PASSED] - Object '' is not checked

2020-07-22 15:16:20 - [MESSAGE][PASSED] - Object '' is present

2020-07-22 15:16:20 - [MESSAGE][PASSED] - Object: '' is clicked on

2020-07-22 15:16:21 - [MESSAGE][PASSED] - Object '' is present

2020-07-22 15:16:21 - [MESSAGE][PASSED] - Object '' is not checked

2020-07-22 15:16:21 - [MESSAGE][PASSED] - Object '' is present

2020-07-22 15:16:22 - [MESSAGE][PASSED] - Object '' is not checked

2020-07-22 15:16:22 - [MESSAGE][PASSED] - Object '' is present

2020-07-22 15:16:22 - [MESSAGE][PASSED] - Object '' is not checked

2020-07-22 15:16:22 - [MESSAGE][PASSED] - Object '' is present

2020-07-22 15:16:23 - [MESSAGE][PASSED] - Object: '' is clicked on

2020-07-22 15:16:23 - [MESSAGE][PASSED] - Object '' is present

2020-07-22 15:16:23 - [MESSAGE][PASSED] - Object '' is not checked

2020-07-22 15:16:24 - [MESSAGE][PASSED] - Object '' is present

2020-07-22 15:16:24 - [MESSAGE][PASSED] - Object '' is not checked

2020-07-22 15:16:24 - [MESSAGE][PASSED] - Object '' is present

2020-07-22 15:16:24 - [MESSAGE][PASSED] - Object '' is not checked

2020-07-22 15:16:25 - [MESSAGE][PASSED] - Object '' is present

2020-07-22 15:16:25 - [MESSAGE][PASSED] - Object '' is not checked

2020-07-22 15:16:25 - [MESSAGE][PASSED] - Object '' is present

2020-07-22 15:16:26 - [MESSAGE][PASSED] - Object: '' is clicked on

2020-07-22 15:16:26 - [MESSAGE][PASSED] - Object '' is present

2020-07-22 15:16:26 - [MESSAGE][PASSED] - Object '' is not checked

2020-07-22 15:16:27 - [MESSAGE][PASSED] - Object '' is present

2020-07-22 15:16:27 - [MESSAGE][PASSED] - Object '' is not checked

2020-07-22 15:16:27 - [MESSAGE][PASSED] - Object '' is present

2020-07-22 15:16:27 - [MESSAGE][PASSED] - Object '' is not checked

2020-07-22 15:16:28 - [MESSAGE][PASSED] - Object '' is present

2020-07-22 15:16:28 - [MESSAGE][PASSED] - Object '' is not checked

2020-07-22 15:16:28 - [MESSAGE][PASSED] - Object '' is present

2020-07-22 15:16:28 - [MESSAGE][PASSED] - Object '' is not checked

2020-07-22 15:16:29 - [MESSAGE][PASSED] - Object '' is present

2020-07-22 15:16:29 - [MESSAGE][PASSED] - Object '' is not checked

2020-07-22 15:16:29 - [MESSAGE][PASSED] - Object '' is present

2020-07-22 15:16:29 - [MESSAGE][PASSED] - Object '' is not checked

2020-07-22 15:16:30 - [MESSAGE][PASSED] - Object '' is present

2020-07-22 15:16:30 - [MESSAGE][PASSED] - Object: '' is clicked on

2020-07-22 15:16:30 - [MESSAGE][PASSED] - Object '' is present

2020-07-22 15:16:31 - [MESSAGE][PASSED] - Object '' is not checked

2020-07-22 15:16:31 - [MESSAGE][PASSED] - Object '' is present

2020-07-22 15:16:31 - [MESSAGE][PASSED] - Object '' is not checked

2020-07-22 15:16:32 - [MESSAGE][PASSED] - Object '' is present

2020-07-22 15:16:32 - [MESSAGE][PASSED] - Object '' is not checked

2020-07-22 15:16:32 - [MESSAGE][PASSED] - Object '' is present

2020-07-22 15:16:32 - [MESSAGE][PASSED] - Object '' is not checked

2020-07-22 15:16:33 - [MESSAGE][PASSED] - Object '' is present

2020-07-22 15:16:33 - [MESSAGE][PASSED] - Object '' is not checked

2020-07-22 15:16:33 - [MESSAGE][PASSED] - Object '' is present

2020-07-22 15:16:34 - [MESSAGE][PASSED] - Object '' is not checked

2020-07-22 15:16:34 - [MESSAGE][PASSED] - Object '' is present

2020-07-22 15:16:34 - [MESSAGE][PASSED] - Object '' is not checked

2020-07-22 15:16:35 - [MESSAGE][PASSED] - Object: '' is clicked on

2020-07-22 15:16:35 - [MESSAGE][PASSED] - Object: '' is clicked on

2020-07-22 15:16:35 - [MESSAGE][PASSED] - Object: '' is clicked on

2020-07-22 15:16:35 - [MESSAGE][PASSED] - Object '' is present

2020-07-22 15:16:36 - [MESSAGE][PASSED] - Object: '' is clicked on

2020-07-22 15:16:36 - [MESSAGE][PASSED] - Object '' is present

2020-07-22 15:16:36 - [MESSAGE][PASSED] - Object '' is not checked

2020-07-22 15:16:37 - [MESSAGE][PASSED] - Object '' is present

2020-07-22 15:16:37 - [MESSAGE][PASSED] - Object '' is not checked

2020-07-22 15:16:37 - [MESSAGE][PASSED] - Object '' is present

2020-07-22 15:16:37 - [MESSAGE][PASSED] - Object: '' is clicked on

2020-07-22 15:16:38 - [MESSAGE][PASSED] - Object '' is present

2020-07-22 15:16:38 - [MESSAGE][PASSED] - Object '' is not checked

2020-07-22 15:16:38 - [MESSAGE][PASSED] - Object '' is present

2020-07-22 15:16:39 - [MESSAGE][PASSED] - Object '' is not checked

2020-07-22 15:16:39 - [MESSAGE][PASSED] - Object '' is present

2020-07-22 15:16:39 - [MESSAGE][PASSED] - Object '' is not checked

2020-07-22 15:16:39 - [MESSAGE][PASSED] - Object '' is present

2020-07-22 15:16:40 - [MESSAGE][PASSED] - Object '' is not checked

2020-07-22 15:16:40 - [MESSAGE][PASSED] - Object '' is present

2020-07-22 15:16:40 - [MESSAGE][PASSED] - Object: '' is clicked on

2020-07-22 15:16:41 - [MESSAGE][PASSED] - Object '' is present

2020-07-22 15:16:41 - [MESSAGE][PASSED] - Object '' is not checked

2020-07-22 15:16:41 - [MESSAGE][PASSED] - Object '' is present

2020-07-22 15:16:42 - [MESSAGE][PASSED] - Object '' is not checked

2020-07-22 15:16:42 - [MESSAGE][PASSED] - Object '' is present

2020-07-22 15:16:42 - [MESSAGE][PASSED] - Object '' is not checked

2020-07-22 15:16:42 - [MESSAGE][PASSED] - Object '' is present

2020-07-22 15:16:42 - [MESSAGE][PASSED] - Object '' is not checked

2020-07-22 15:16:43 - [MESSAGE][PASSED] - Object '' is present

2020-07-22 15:16:43 - [MESSAGE][PASSED] - Object '' is not checked

2020-07-22 15:16:43 - [MESSAGE][PASSED] - Object: '' is clicked on

2020-07-22 15:16:44 - [MESSAGE][PASSED] - Object: '' is clicked on

2020-07-22 15:16:44 - [MESSAGE][PASSED] - Object: '' is clicked on

2020-07-22 15:16:44 - [MESSAGE][PASSED] - Varify the mistake detail already match with the matrix Base on Type Contract

2020-07-22 15:16:44 - [TEST_STEP][PASSED] - Click button "Save": Click button "Save"

2020-07-22 15:16:44 - [MESSAGE][INFO] - >>>>>//Button[contains(text(),'Save')]

2020-07-22 15:16:47 - [MESSAGE][PASSED] - Object: '' is clicked on

2020-07-22 15:16:47 - [MESSAGE][PASSED] - Click button "Save"

2020-07-22 15:16:47 - [TEST_STEP][FAILED] - Get text from pop up "IT Supporting Tools" with text "Mistake has been saved": Get text from pop up "IT Supporting Tools" with text "Mistake has been saved" FAILED.
Reason:
com.kms.katalon.core.exception.StepFailedException: Unable to verify object '' is present
	at com.kms.katalon.core.webui.keyword.internal.WebUIKeywordMain.stepFailed(WebUIKeywordMain.groovy:64)
	at com.kms.katalon.core.webui.keyword.internal.WebUIKeywordMain.runKeyword(WebUIKeywordMain.groovy:26)
	at com.kms.katalon.core.webui.keyword.builtin.VerifyElementPresentKeyword.verifyElementPresent(VerifyElementPresentKeyword.groovy:92)
	at com.kms.katalon.core.webui.keyword.builtin.VerifyElementPresentKeyword.execute(VerifyElementPresentKeyword.groovy:68)
	at com.kms.katalon.core.keyword.internal.KeywordExecutor.executeKeywordForPlatform(KeywordExecutor.groovy:73)
	at com.kms.katalon.core.webui.keyword.WebUiBuiltInKeywords.verifyElementPresent(WebUiBuiltInKeywords.groovy:1460)
	at com.kms.katalon.core.webui.keyword.WebUiBuiltInKeywords$verifyElementPresent$5.call(Unknown Source)
	at ist_real.Contract_Dispatcher.gettextconfirmationadd(Contract_Dispatcher.groovy:390)
	at âœ½.Get text from pop up "IT Supporting Tools" with text "Mistake has been saved"(/Users/chaidir.pratama01/Katalon Studio/IST_Automation_Git/Include/features/IST_Real/CONTRACT_DISPATCHER_TWO_WHEELERS/DEV/Claim_Contract_Two_Wheelers_then_Save_it_Without_Register_Any_Mistakes.feature:35)
Caused by: com.kms.katalon.core.exception.StepFailedException: com.kms.katalon.core.webui.exception.WebElementNotFoundException: Web element with id: '' located by '//div[contains(text(),"IT Supporting Tools")]/following-sibling::div/table/tbody/tr/td/table/tbody/tr/td[5]/div/span[contains(text(),"Mistake has been saved")]' not found
	at com.kms.katalon.core.webui.keyword.internal.WebUIKeywordMain.stepFailed(WebUIKeywordMain.groovy:64)
	at com.kms.katalon.core.webui.keyword.builtin.VerifyElementPresentKeyword$_verifyElementPresent_closure1.doCall(VerifyElementPresentKeyword.groovy:85)
	at com.kms.katalon.core.webui.keyword.builtin.VerifyElementPresentKeyword$_verifyElementPresent_closure1.call(VerifyElementPresentKeyword.groovy)
	at com.kms.katalon.core.webui.keyword.internal.WebUIKeywordMain.runKeyword(WebUIKeywordMain.groovy:20)
	at com.kms.katalon.core.webui.keyword.builtin.VerifyElementPresentKeyword.verifyElementPresent(VerifyElementPresentKeyword.groovy:92)
	at com.kms.katalon.core.webui.keyword.builtin.VerifyElementPresentKeyword.execute(VerifyElementPresentKeyword.groovy:68)
	at com.kms.katalon.core.keyword.internal.KeywordExecutor.executeKeywordForPlatform(KeywordExecutor.groovy:73)
	at com.kms.katalon.core.webui.keyword.WebUiBuiltInKeywords.verifyElementPresent(WebUiBuiltInKeywords.groovy:1460)
	at com.kms.katalon.core.webui.keyword.WebUiBuiltInKeywords$verifyElementPresent$5.call(Unknown Source)
	at ist_real.Contract_Dispatcher.gettextconfirmationadd(Contract_Dispatcher.groovy:390)
	at cucumber.runtime.Utils$1.call(Utils.java:26)
	at cucumber.runtime.Timeout.timeout(Timeout.java:16)
	at cucumber.runtime.Utils.invoke(Utils.java:20)
	at cucumber.runtime.java.JavaStepDefinition.execute(JavaStepDefinition.java:48)
	at cucumber.runtime.PickleStepDefinitionMatch.runStep(PickleStepDefinitionMatch.java:50)
	at cucumber.runner.TestStep.executeStep(TestStep.java:55)
	at cucumber.runner.TestStep.run(TestStep.java:42)
	at cucumber.runner.PickleStepTestStep.run(PickleStepTestStep.java:53)
	at cucumber.runner.TestCase.run(TestCase.java:47)
	at cucumber.runner.Runner.runPickle(Runner.java:44)
	at cucumber.runtime.Runtime.runFeature(Runtime.java:120)
	at cucumber.runtime.Runtime.run(Runtime.java:106)
	at cucumber.api.cli.Main.run(Main.java:35)
	at cucumber.api.cli.Main$run.call(Unknown Source)
	at com.kms.katalon.core.cucumber.keyword.CucumberBuiltinKeywords$_runFeatureFile_closure1.doCall(CucumberBuiltinKeywords.groovy:76)
	at com.kms.katalon.core.cucumber.keyword.CucumberBuiltinKeywords$_runFeatureFile_closure1.doCall(CucumberBuiltinKeywords.groovy)
	at com.kms.katalon.core.keyword.internal.KeywordMain.runKeyword(KeywordMain.groovy:68)
	at com.kms.katalon.core.keyword.internal.KeywordMain$runKeyword.call(Unknown Source)
	at com.kms.katalon.core.cucumber.keyword.CucumberBuiltinKeywords.runFeatureFile(CucumberBuiltinKeywords.groovy:46)
	at com.kms.katalon.core.cucumber.keyword.CucumberBuiltinKeywords$runFeatureFile$0.callStatic(Unknown Source)
	at com.kms.katalon.core.cucumber.keyword.CucumberBuiltinKeywords.runFeatureFile(CucumberBuiltinKeywords.groovy:169)
	at com.kms.katalon.core.cucumber.keyword.CucumberBuiltinKeywords$runFeatureFile.call(Unknown Source)
	at Claim_Contract_Two_Wheelers_then_Save_it_Without_Register_Any_Mistakes.run(Claim_Contract_Two_Wheelers_then_Save_it_Without_Register_Any_Mistakes:16)
	at com.kms.katalon.core.main.ScriptEngine.run(ScriptEngine.java:194)
	at com.kms.katalon.core.main.ScriptEngine.runScriptAsRawText(ScriptEngine.java:119)
	at com.kms.katalon.core.main.TestCaseExecutor.runScript(TestCaseExecutor.java:339)
	at com.kms.katalon.core.main.TestCaseExecutor.doExecute(TestCaseExecutor.java:330)
	at com.kms.katalon.core.main.TestCaseExecutor.processExecutionPhase(TestCaseExecutor.java:309)
	at com.kms.katalon.core.main.TestCaseExecutor.accessMainPhase(TestCaseExecutor.java:301)
	at com.kms.katalon.core.main.TestCaseExecutor.execute(TestCaseExecutor.java:235)
	at com.kms.katalon.core.main.TestSuiteExecutor.accessTestCaseMainPhase(TestSuiteExecutor.java:191)
	at com.kms.katalon.core.main.TestSuiteExecutor.accessTestSuiteMainPhase(TestSuiteExecutor.java:141)
	at com.kms.katalon.core.main.TestSuiteExecutor.execute(TestSuiteExecutor.java:90)
	at com.kms.katalon.core.main.TestCaseMain.startTestSuite(TestCaseMain.java:157)
	at com.kms.katalon.core.main.TestCaseMain$startTestSuite$0.call(Unknown Source)
	at TempTestSuite1595405610477.run(TempTestSuite1595405610477.groovy:39)


2020-07-22 15:17:18 - [MESSAGE][INFO] - Unable to find the element located by 'By.xpath: //div[contains(text(),"IT Supporting Tools")]/following-sibling::div/table/tbody/tr/td/table/tbody/tr/td[5]/div/span[contains(text(),"Mistake has been saved")]'. Please recheck the objects properties to make sure the desired element is located. 

2020-07-22 15:17:19 - [MESSAGE][FAILED] - com.kms.katalon.core.webui.exception.WebElementNotFoundException: Web element with id: '' located by '//div[contains(text(),"IT Supporting Tools")]/following-sibling::div/table/tbody/tr/td/table/tbody/tr/td[5]/div/span[contains(text(),"Mistake has been saved")]' not found (Root cause: com.kms.katalon.core.exception.StepFailedException: com.kms.katalon.core.webui.exception.WebElementNotFoundException: Web element with id: '' located by '//div[contains(text(),"IT Supporting Tools")]/following-sibling::div/table/tbody/tr/td/table/tbody/tr/td[5]/div/span[contains(text(),"Mistake has been saved")]' not found
	at com.kms.katalon.core.webui.keyword.internal.WebUIKeywordMain.stepFailed(WebUIKeywordMain.groovy:64)
	at com.kms.katalon.core.webui.keyword.builtin.VerifyElementPresentKeyword$_verifyElementPresent_closure1.doCall(VerifyElementPresentKeyword.groovy:85)
	at com.kms.katalon.core.webui.keyword.builtin.VerifyElementPresentKeyword$_verifyElementPresent_closure1.call(VerifyElementPresentKeyword.groovy)
	at com.kms.katalon.core.webui.keyword.internal.WebUIKeywordMain.runKeyword(WebUIKeywordMain.groovy:20)
	at com.kms.katalon.core.webui.keyword.builtin.VerifyElementPresentKeyword.verifyElementPresent(VerifyElementPresentKeyword.groovy:92)
	at com.kms.katalon.core.webui.keyword.builtin.VerifyElementPresentKeyword.execute(VerifyElementPresentKeyword.groovy:68)
	at com.kms.katalon.core.keyword.internal.KeywordExecutor.executeKeywordForPlatform(KeywordExecutor.groovy:73)
	at com.kms.katalon.core.webui.keyword.WebUiBuiltInKeywords.verifyElementPresent(WebUiBuiltInKeywords.groovy:1460)
	at com.kms.katalon.core.webui.keyword.WebUiBuiltInKeywords$verifyElementPresent$5.call(Unknown Source)
	at ist_real.Contract_Dispatcher.gettextconfirmationadd(Contract_Dispatcher.groovy:390)
	at cucumber.runtime.Utils$1.call(Utils.java:26)
	at cucumber.runtime.Timeout.timeout(Timeout.java:16)
	at cucumber.runtime.Utils.invoke(Utils.java:20)
	at cucumber.runtime.java.JavaStepDefinition.execute(JavaStepDefinition.java:48)
	at cucumber.runtime.PickleStepDefinitionMatch.runStep(PickleStepDefinitionMatch.java:50)
	at cucumber.runner.TestStep.executeStep(TestStep.java:55)
	at cucumber.runner.TestStep.run(TestStep.java:42)
	at cucumber.runner.PickleStepTestStep.run(PickleStepTestStep.java:53)
	at cucumber.runner.TestCase.run(TestCase.java:47)
	at cucumber.runner.Runner.runPickle(Runner.java:44)
	at cucumber.runtime.Runtime.runFeature(Runtime.java:120)
	at cucumber.runtime.Runtime.run(Runtime.java:106)
	at cucumber.api.cli.Main.run(Main.java:35)
	at cucumber.api.cli.Main$run.call(Unknown Source)
	at com.kms.katalon.core.cucumber.keyword.CucumberBuiltinKeywords$_runFeatureFile_closure1.doCall(CucumberBuiltinKeywords.groovy:76)
	at com.kms.katalon.core.cucumber.keyword.CucumberBuiltinKeywords$_runFeatureFile_closure1.doCall(CucumberBuiltinKeywords.groovy)
	at com.kms.katalon.core.keyword.internal.KeywordMain.runKeyword(KeywordMain.groovy:68)
	at com.kms.katalon.core.keyword.internal.KeywordMain$runKeyword.call(Unknown Source)
	at com.kms.katalon.core.cucumber.keyword.CucumberBuiltinKeywords.runFeatureFile(CucumberBuiltinKeywords.groovy:46)
	at com.kms.katalon.core.cucumber.keyword.CucumberBuiltinKeywords$runFeatureFile$0.callStatic(Unknown Source)
	at com.kms.katalon.core.cucumber.keyword.CucumberBuiltinKeywords.runFeatureFile(CucumberBuiltinKeywords.groovy:169)
	at com.kms.katalon.core.cucumber.keyword.CucumberBuiltinKeywords$runFeatureFile.call(Unknown Source)
	at Claim_Contract_Two_Wheelers_then_Save_it_Without_Register_Any_Mistakes.run(Claim_Contract_Two_Wheelers_then_Save_it_Without_Register_Any_Mistakes:16)
	at com.kms.katalon.core.main.ScriptEngine.run(ScriptEngine.java:194)
	at com.kms.katalon.core.main.ScriptEngine.runScriptAsRawText(ScriptEngine.java:119)
	at com.kms.katalon.core.main.TestCaseExecutor.runScript(TestCaseExecutor.java:339)
	at com.kms.katalon.core.main.TestCaseExecutor.doExecute(TestCaseExecutor.java:330)
	at com.kms.katalon.core.main.TestCaseExecutor.processExecutionPhase(TestCaseExecutor.java:309)
	at com.kms.katalon.core.main.TestCaseExecutor.accessMainPhase(TestCaseExecutor.java:301)
	at com.kms.katalon.core.main.TestCaseExecutor.execute(TestCaseExecutor.java:235)
	at com.kms.katalon.core.main.TestSuiteExecutor.accessTestCaseMainPhase(TestSuiteExecutor.java:191)
	at com.kms.katalon.core.main.TestSuiteExecutor.accessTestSuiteMainPhase(TestSuiteExecutor.java:141)
	at com.kms.katalon.core.main.TestSuiteExecutor.execute(TestSuiteExecutor.java:90)
	at com.kms.katalon.core.main.TestCaseMain.startTestSuite(TestCaseMain.java:157)
	at com.kms.katalon.core.main.TestCaseMain$startTestSuite$0.call(Unknown Source)
	at TempTestSuite1595405610477.run(TempTestSuite1595405610477.groovy:39)
)
[[ATTACHMENT|/Users/chaidir.pratama01/Katalon Studio/IST_Automation_Git/Reports/20200722_151330/CONTRACT_DISPATCHER_TWO_WHEELERS/DEV/TS_Contract_Dispatcher_Two_Wheelers/20200722_151330/1595405838915.png]]

2020-07-22 15:17:20 - [MESSAGE][FAILED] - Unable to verify object '' is present (Root cause: com.kms.katalon.core.exception.StepFailedException: Unable to verify object '' is present
	at com.kms.katalon.core.webui.keyword.internal.WebUIKeywordMain.stepFailed(WebUIKeywordMain.groovy:64)
	at com.kms.katalon.core.webui.keyword.internal.WebUIKeywordMain.runKeyword(WebUIKeywordMain.groovy:26)
	at com.kms.katalon.core.webui.keyword.builtin.VerifyElementPresentKeyword.verifyElementPresent(VerifyElementPresentKeyword.groovy:92)
	at com.kms.katalon.core.webui.keyword.builtin.VerifyElementPresentKeyword.execute(VerifyElementPresentKeyword.groovy:68)
	at com.kms.katalon.core.keyword.internal.KeywordExecutor.executeKeywordForPlatform(KeywordExecutor.groovy:73)
	at com.kms.katalon.core.webui.keyword.WebUiBuiltInKeywords.verifyElementPresent(WebUiBuiltInKeywords.groovy:1460)
	at com.kms.katalon.core.webui.keyword.WebUiBuiltInKeywords$verifyElementPresent$5.call(Unknown Source)
	at ist_real.Contract_Dispatcher.gettextconfirmationadd(Contract_Dispatcher.groovy:390)
	at cucumber.runtime.Utils$1.call(Utils.java:26)
	at cucumber.runtime.Timeout.timeout(Timeout.java:16)
	at cucumber.runtime.Utils.invoke(Utils.java:20)
	at cucumber.runtime.java.JavaStepDefinition.execute(JavaStepDefinition.java:48)
	at cucumber.runtime.PickleStepDefinitionMatch.runStep(PickleStepDefinitionMatch.java:50)
	at cucumber.runner.TestStep.executeStep(TestStep.java:55)
	at cucumber.runner.TestStep.run(TestStep.java:42)
	at cucumber.runner.PickleStepTestStep.run(PickleStepTestStep.java:53)
	at cucumber.runner.TestCase.run(TestCase.java:47)
	at cucumber.runner.Runner.runPickle(Runner.java:44)
	at cucumber.runtime.Runtime.runFeature(Runtime.java:120)
	at cucumber.runtime.Runtime.run(Runtime.java:106)
	at cucumber.api.cli.Main.run(Main.java:35)
	at cucumber.api.cli.Main$run.call(Unknown Source)
	at com.kms.katalon.core.cucumber.keyword.CucumberBuiltinKeywords$_runFeatureFile_closure1.doCall(CucumberBuiltinKeywords.groovy:76)
	at com.kms.katalon.core.cucumber.keyword.CucumberBuiltinKeywords$_runFeatureFile_closure1.doCall(CucumberBuiltinKeywords.groovy)
	at com.kms.katalon.core.keyword.internal.KeywordMain.runKeyword(KeywordMain.groovy:68)
	at com.kms.katalon.core.keyword.internal.KeywordMain$runKeyword.call(Unknown Source)
	at com.kms.katalon.core.cucumber.keyword.CucumberBuiltinKeywords.runFeatureFile(CucumberBuiltinKeywords.groovy:46)
	at com.kms.katalon.core.cucumber.keyword.CucumberBuiltinKeywords$runFeatureFile$0.callStatic(Unknown Source)
	at com.kms.katalon.core.cucumber.keyword.CucumberBuiltinKeywords.runFeatureFile(CucumberBuiltinKeywords.groovy:169)
	at com.kms.katalon.core.cucumber.keyword.CucumberBuiltinKeywords$runFeatureFile.call(Unknown Source)
	at Claim_Contract_Two_Wheelers_then_Save_it_Without_Register_Any_Mistakes.run(Claim_Contract_Two_Wheelers_then_Save_it_Without_Register_Any_Mistakes:16)
	at com.kms.katalon.core.main.ScriptEngine.run(ScriptEngine.java:194)
	at com.kms.katalon.core.main.ScriptEngine.runScriptAsRawText(ScriptEngine.java:119)
	at com.kms.katalon.core.main.TestCaseExecutor.runScript(TestCaseExecutor.java:339)
	at com.kms.katalon.core.main.TestCaseExecutor.doExecute(TestCaseExecutor.java:330)
	at com.kms.katalon.core.main.TestCaseExecutor.processExecutionPhase(TestCaseExecutor.java:309)
	at com.kms.katalon.core.main.TestCaseExecutor.accessMainPhase(TestCaseExecutor.java:301)
	at com.kms.katalon.core.main.TestCaseExecutor.execute(TestCaseExecutor.java:235)
	at com.kms.katalon.core.main.TestSuiteExecutor.accessTestCaseMainPhase(TestSuiteExecutor.java:191)
	at com.kms.katalon.core.main.TestSuiteExecutor.accessTestSuiteMainPhase(TestSuiteExecutor.java:141)
	at com.kms.katalon.core.main.TestSuiteExecutor.execute(TestSuiteExecutor.java:90)
	at com.kms.katalon.core.main.TestCaseMain.startTestSuite(TestCaseMain.java:157)
	at com.kms.katalon.core.main.TestCaseMain$startTestSuite$0.call(Unknown Source)
	at TempTestSuite1595405610477.run(TempTestSuite1595405610477.groovy:39)
Caused by: com.kms.katalon.core.exception.StepFailedException: com.kms.katalon.core.webui.exception.WebElementNotFoundException: Web element with id: '' located by '//div[contains(text(),"IT Supporting Tools")]/following-sibling::div/table/tbody/tr/td/table/tbody/tr/td[5]/div/span[contains(text(),"Mistake has been saved")]' not found
	at com.kms.katalon.core.webui.keyword.internal.WebUIKeywordMain.stepFailed(WebUIKeywordMain.groovy:64)
	at com.kms.katalon.core.webui.keyword.builtin.VerifyElementPresentKeyword$_verifyElementPresent_closure1.doCall(VerifyElementPresentKeyword.groovy:85)
	at com.kms.katalon.core.webui.keyword.builtin.VerifyElementPresentKeyword$_verifyElementPresent_closure1.call(VerifyElementPresentKeyword.groovy)
	at com.kms.katalon.core.webui.keyword.internal.WebUIKeywordMain.runKeyword(WebUIKeywordMain.groovy:20)
	... 42 more
)
[[ATTACHMENT|/Users/chaidir.pratama01/Katalon Studio/IST_Automation_Git/Reports/20200722_151330/CONTRACT_DISPATCHER_TWO_WHEELERS/DEV/TS_Contract_Dispatcher_Two_Wheelers/20200722_151330/1595405839517.png]]

2020-07-22 15:17:20 - [MESSAGE][FAILED] - Get text from pop up "IT Supporting Tools" with text "Mistake has been saved" FAILED.
Reason:
com.kms.katalon.core.exception.StepFailedException: Unable to verify object '' is present
	at com.kms.katalon.core.webui.keyword.internal.WebUIKeywordMain.stepFailed(WebUIKeywordMain.groovy:64)
	at com.kms.katalon.core.webui.keyword.internal.WebUIKeywordMain.runKeyword(WebUIKeywordMain.groovy:26)
	at com.kms.katalon.core.webui.keyword.builtin.VerifyElementPresentKeyword.verifyElementPresent(VerifyElementPresentKeyword.groovy:92)
	at com.kms.katalon.core.webui.keyword.builtin.VerifyElementPresentKeyword.execute(VerifyElementPresentKeyword.groovy:68)
	at com.kms.katalon.core.keyword.internal.KeywordExecutor.executeKeywordForPlatform(KeywordExecutor.groovy:73)
	at com.kms.katalon.core.webui.keyword.WebUiBuiltInKeywords.verifyElementPresent(WebUiBuiltInKeywords.groovy:1460)
	at com.kms.katalon.core.webui.keyword.WebUiBuiltInKeywords$verifyElementPresent$5.call(Unknown Source)
	at ist_real.Contract_Dispatcher.gettextconfirmationadd(Contract_Dispatcher.groovy:390)
	at âœ½.Get text from pop up "IT Supporting Tools" with text "Mistake has been saved"(/Users/chaidir.pratama01/Katalon Studio/IST_Automation_Git/Include/features/IST_Real/CONTRACT_DISPATCHER_TWO_WHEELERS/DEV/Claim_Contract_Two_Wheelers_then_Save_it_Without_Register_Any_Mistakes.feature:35)
Caused by: com.kms.katalon.core.exception.StepFailedException: com.kms.katalon.core.webui.exception.WebElementNotFoundException: Web element with id: '' located by '//div[contains(text(),"IT Supporting Tools")]/following-sibling::div/table/tbody/tr/td/table/tbody/tr/td[5]/div/span[contains(text(),"Mistake has been saved")]' not found
	at com.kms.katalon.core.webui.keyword.internal.WebUIKeywordMain.stepFailed(WebUIKeywordMain.groovy:64)
	at com.kms.katalon.core.webui.keyword.builtin.VerifyElementPresentKeyword$_verifyElementPresent_closure1.doCall(VerifyElementPresentKeyword.groovy:85)
	at com.kms.katalon.core.webui.keyword.builtin.VerifyElementPresentKeyword$_verifyElementPresent_closure1.call(VerifyElementPresentKeyword.groovy)
	at com.kms.katalon.core.webui.keyword.internal.WebUIKeywordMain.runKeyword(WebUIKeywordMain.groovy:20)
	at com.kms.katalon.core.webui.keyword.builtin.VerifyElementPresentKeyword.verifyElementPresent(VerifyElementPresentKeyword.groovy:92)
	at com.kms.katalon.core.webui.keyword.builtin.VerifyElementPresentKeyword.execute(VerifyElementPresentKeyword.groovy:68)
	at com.kms.katalon.core.keyword.internal.KeywordExecutor.executeKeywordForPlatform(KeywordExecutor.groovy:73)
	at com.kms.katalon.core.webui.keyword.WebUiBuiltInKeywords.verifyElementPresent(WebUiBuiltInKeywords.groovy:1460)
	at com.kms.katalon.core.webui.keyword.WebUiBuiltInKeywords$verifyElementPresent$5.call(Unknown Source)
	at ist_real.Contract_Dispatcher.gettextconfirmationadd(Contract_Dispatcher.groovy:390)
	at cucumber.runtime.Utils$1.call(Utils.java:26)
	at cucumber.runtime.Timeout.timeout(Timeout.java:16)
	at cucumber.runtime.Utils.invoke(Utils.java:20)
	at cucumber.runtime.java.JavaStepDefinition.execute(JavaStepDefinition.java:48)
	at cucumber.runtime.PickleStepDefinitionMatch.runStep(PickleStepDefinitionMatch.java:50)
	at cucumber.runner.TestStep.executeStep(TestStep.java:55)
	at cucumber.runner.TestStep.run(TestStep.java:42)
	at cucumber.runner.PickleStepTestStep.run(PickleStepTestStep.java:53)
	at cucumber.runner.TestCase.run(TestCase.java:47)
	at cucumber.runner.Runner.runPickle(Runner.java:44)
	at cucumber.runtime.Runtime.runFeature(Runtime.java:120)
	at cucumber.runtime.Runtime.run(Runtime.java:106)
	at cucumber.api.cli.Main.run(Main.java:35)
	at cucumber.api.cli.Main$run.call(Unknown Source)
	at com.kms.katalon.core.cucumber.keyword.CucumberBuiltinKeywords$_runFeatureFile_closure1.doCall(CucumberBuiltinKeywords.groovy:76)
	at com.kms.katalon.core.cucumber.keyword.CucumberBuiltinKeywords$_runFeatureFile_closure1.doCall(CucumberBuiltinKeywords.groovy)
	at com.kms.katalon.core.keyword.internal.KeywordMain.runKeyword(KeywordMain.groovy:68)
	at com.kms.katalon.core.keyword.internal.KeywordMain$runKeyword.call(Unknown Source)
	at com.kms.katalon.core.cucumber.keyword.CucumberBuiltinKeywords.runFeatureFile(CucumberBuiltinKeywords.groovy:46)
	at com.kms.katalon.core.cucumber.keyword.CucumberBuiltinKeywords$runFeatureFile$0.callStatic(Unknown Source)
	at com.kms.katalon.core.cucumber.keyword.CucumberBuiltinKeywords.runFeatureFile(CucumberBuiltinKeywords.groovy:169)
	at com.kms.katalon.core.cucumber.keyword.CucumberBuiltinKeywords$runFeatureFile.call(Unknown Source)
	at Claim_Contract_Two_Wheelers_then_Save_it_Without_Register_Any_Mistakes.run(Claim_Contract_Two_Wheelers_then_Save_it_Without_Register_Any_Mistakes:16)
	at com.kms.katalon.core.main.ScriptEngine.run(ScriptEngine.java:194)
	at com.kms.katalon.core.main.ScriptEngine.runScriptAsRawText(ScriptEngine.java:119)
	at com.kms.katalon.core.main.TestCaseExecutor.runScript(TestCaseExecutor.java:339)
	at com.kms.katalon.core.main.TestCaseExecutor.doExecute(TestCaseExecutor.java:330)
	at com.kms.katalon.core.main.TestCaseExecutor.processExecutionPhase(TestCaseExecutor.java:309)
	at com.kms.katalon.core.main.TestCaseExecutor.accessMainPhase(TestCaseExecutor.java:301)
	at com.kms.katalon.core.main.TestCaseExecutor.execute(TestCaseExecutor.java:235)
	at com.kms.katalon.core.main.TestSuiteExecutor.accessTestCaseMainPhase(TestSuiteExecutor.java:191)
	at com.kms.katalon.core.main.TestSuiteExecutor.accessTestSuiteMainPhase(TestSuiteExecutor.java:141)
	at com.kms.katalon.core.main.TestSuiteExecutor.execute(TestSuiteExecutor.java:90)
	at com.kms.katalon.core.main.TestCaseMain.startTestSuite(TestCaseMain.java:157)
	at com.kms.katalon.core.main.TestCaseMain$startTestSuite$0.call(Unknown Source)
	at TempTestSuite1595405610477.run(TempTestSuite1595405610477.groovy:39)


2020-07-22 15:17:20 - [TEST_STEP][NOT_RUN] - Click button "OK": Click button "OK"

2020-07-22 15:17:20 - [MESSAGE][NOT_RUN] - Click button "OK"

2020-07-22 15:17:20 - [TEST_STEP][NOT_RUN] - Click button "Logout": Click button "Logout"

2020-07-22 15:17:20 - [MESSAGE][NOT_RUN] - Click button "Logout"

2020-07-22 15:17:20 - [TEST_STEP][NOT_RUN] - Close browser: Close browser

2020-07-22 15:17:20 - [MESSAGE][NOT_RUN] - Close browser

2020-07-22 15:17:20 - [MESSAGE][FAILED] - Feature file 'Include/features/IST_Real/CONTRACT_DISPATCHER_TWO_WHEELERS/DEV/Claim_Contract_Two_Wheelers_then_Save_it_Without_Register_Any_Mistakes.feature' was failed

2020-07-22 15:17:20 - [MESSAGE][FAILED] - Keyword runFeatureFile was failed (Root cause: com.kms.katalon.core.exception.StepFailedException: Feature file 'Include/features/IST_Real/CONTRACT_DISPATCHER_TWO_WHEELERS/DEV/Claim_Contract_Two_Wheelers_then_Save_it_Without_Register_Any_Mistakes.feature' was failed
	at com.kms.katalon.core.keyword.internal.KeywordMain.stepFailed(KeywordMain.groovy:50)
	at com.kms.katalon.core.keyword.internal.KeywordMain.stepFailed(KeywordMain.groovy)
	at com.kms.katalon.core.keyword.internal.KeywordMain.stepFailed(KeywordMain.groovy:23)
	at com.kms.katalon.core.keyword.internal.KeywordMain$stepFailed$0.call(Unknown Source)
	at com.kms.katalon.core.cucumber.keyword.CucumberBuiltinKeywords$_runFeatureFile_closure1.doCall(CucumberBuiltinKeywords.groovy:82)
	at com.kms.katalon.core.cucumber.keyword.CucumberBuiltinKeywords$_runFeatureFile_closure1.doCall(CucumberBuiltinKeywords.groovy)
	at com.kms.katalon.core.keyword.internal.KeywordMain.runKeyword(KeywordMain.groovy:68)
	at com.kms.katalon.core.keyword.internal.KeywordMain$runKeyword.call(Unknown Source)
	at com.kms.katalon.core.cucumber.keyword.CucumberBuiltinKeywords.runFeatureFile(CucumberBuiltinKeywords.groovy:46)
	at com.kms.katalon.core.cucumber.keyword.CucumberBuiltinKeywords$runFeatureFile$0.callStatic(Unknown Source)
	at com.kms.katalon.core.cucumber.keyword.CucumberBuiltinKeywords.runFeatureFile(CucumberBuiltinKeywords.groovy:169)
	at com.kms.katalon.core.cucumber.keyword.CucumberBuiltinKeywords$runFeatureFile.call(Unknown Source)
	at Claim_Contract_Two_Wheelers_then_Save_it_Without_Register_Any_Mistakes.run(Claim_Contract_Two_Wheelers_then_Save_it_Without_Register_Any_Mistakes:16)
	at com.kms.katalon.core.main.ScriptEngine.run(ScriptEngine.java:194)
	at com.kms.katalon.core.main.ScriptEngine.runScriptAsRawText(ScriptEngine.java:119)
	at com.kms.katalon.core.main.TestCaseExecutor.runScript(TestCaseExecutor.java:339)
	at com.kms.katalon.core.main.TestCaseExecutor.doExecute(TestCaseExecutor.java:330)
	at com.kms.katalon.core.main.TestCaseExecutor.processExecutionPhase(TestCaseExecutor.java:309)
	at com.kms.katalon.core.main.TestCaseExecutor.accessMainPhase(TestCaseExecutor.java:301)
	at com.kms.katalon.core.main.TestCaseExecutor.execute(TestCaseExecutor.java:235)
	at com.kms.katalon.core.main.TestSuiteExecutor.accessTestCaseMainPhase(TestSuiteExecutor.java:191)
	at com.kms.katalon.core.main.TestSuiteExecutor.accessTestSuiteMainPhase(TestSuiteExecutor.java:141)
	at com.kms.katalon.core.main.TestSuiteExecutor.execute(TestSuiteExecutor.java:90)
	at com.kms.katalon.core.main.TestCaseMain.startTestSuite(TestCaseMain.java:157)
	at com.kms.katalon.core.main.TestCaseMain$startTestSuite$0.call(Unknown Source)
	at TempTestSuite1595405610477.run(TempTestSuite1595405610477.groovy:39)
)]]></system-out>
         <system-err><![CDATA[2020-07-22 15:15:27 - [TEST_CASE][FAILED] - Test Cases/IST_Real/CONTRACT_DISPATCHER_TWO_WHEELERS/DEV/Claim_Contract_Two_Wheelers_then_Save_it_Without_Register_Any_Mistakes: Test Cases/IST_Real/CONTRACT_DISPATCHER_TWO_WHEELERS/DEV/Claim_Contract_Two_Wheelers_then_Save_it_Without_Register_Any_Mistakes FAILED.
Reason:
com.kms.katalon.core.exception.StepFailedException: Feature file 'Include/features/IST_Real/CONTRACT_DISPATCHER_TWO_WHEELERS/DEV/Claim_Contract_Two_Wheelers_then_Save_it_Without_Register_Any_Mistakes.feature' was failed
	at com.kms.katalon.core.keyword.internal.KeywordMain.stepFailed(KeywordMain.groovy:50)
	at com.kms.katalon.core.keyword.internal.KeywordMain.stepFailed(KeywordMain.groovy)
	at com.kms.katalon.core.keyword.internal.KeywordMain.stepFailed(KeywordMain.groovy:23)
	at com.kms.katalon.core.keyword.internal.KeywordMain$stepFailed$0.call(Unknown Source)
	at com.kms.katalon.core.cucumber.keyword.CucumberBuiltinKeywords$_runFeatureFile_closure1.doCall(CucumberBuiltinKeywords.groovy:82)
	at com.kms.katalon.core.cucumber.keyword.CucumberBuiltinKeywords$_runFeatureFile_closure1.doCall(CucumberBuiltinKeywords.groovy)
	at com.kms.katalon.core.keyword.internal.KeywordMain.runKeyword(KeywordMain.groovy:68)
	at com.kms.katalon.core.keyword.internal.KeywordMain$runKeyword.call(Unknown Source)
	at com.kms.katalon.core.cucumber.keyword.CucumberBuiltinKeywords.runFeatureFile(CucumberBuiltinKeywords.groovy:46)
	at com.kms.katalon.core.cucumber.keyword.CucumberBuiltinKeywords$runFeatureFile$0.callStatic(Unknown Source)
	at com.kms.katalon.core.cucumber.keyword.CucumberBuiltinKeywords.runFeatureFile(CucumberBuiltinKeywords.groovy:169)
	at com.kms.katalon.core.cucumber.keyword.CucumberBuiltinKeywords$runFeatureFile.call(Unknown Source)
	at Claim_Contract_Two_Wheelers_then_Save_it_Without_Register_Any_Mistakes.run(Claim_Contract_Two_Wheelers_then_Save_it_Without_Register_Any_Mistakes:16)
	at com.kms.katalon.core.main.ScriptEngine.run(ScriptEngine.java:194)
	at com.kms.katalon.core.main.ScriptEngine.runScriptAsRawText(ScriptEngine.java:119)
	at com.kms.katalon.core.main.TestCaseExecutor.runScript(TestCaseExecutor.java:339)
	at com.kms.katalon.core.main.TestCaseExecutor.doExecute(TestCaseExecutor.java:330)
	at com.kms.katalon.core.main.TestCaseExecutor.processExecutionPhase(TestCaseExecutor.java:309)
	at com.kms.katalon.core.main.TestCaseExecutor.accessMainPhase(TestCaseExecutor.java:301)
	at com.kms.katalon.core.main.TestCaseExecutor.execute(TestCaseExecutor.java:235)
	at com.kms.katalon.core.main.TestSuiteExecutor.accessTestCaseMainPhase(TestSuiteExecutor.java:191)
	at com.kms.katalon.core.main.TestSuiteExecutor.accessTestSuiteMainPhase(TestSuiteExecutor.java:141)
	at com.kms.katalon.core.main.TestSuiteExecutor.execute(TestSuiteExecutor.java:90)
	at com.kms.katalon.core.main.TestCaseMain.startTestSuite(TestCaseMain.java:157)
	at com.kms.katalon.core.main.TestCaseMain$startTestSuite$0.call(Unknown Source)
	at TempTestSuite1595405610477.run(TempTestSuite1595405610477.groovy:39)]]></system-err>
      </testcase>
      <testcase name="Test Cases/IST_Real/CONTRACT_DISPATCHER_TWO_WHEELERS/DEV/Update_Tbl_CDS_CDC" time="2.18" classname="Test Cases/IST_Real/CONTRACT_DISPATCHER_TWO_WHEELERS/DEV/Update_Tbl_CDS_CDC" status="PASSED">
         <system-out><![CDATA[2020-07-22 15:17:20 - [TEST_CASE][PASSED] - Test Cases/IST_Real/CONTRACT_DISPATCHER_TWO_WHEELERS/DEV/Update_Tbl_CDS_CDC: Test Cases/IST_Real/CONTRACT_DISPATCHER_TWO_WHEELERS/DEV/Update_Tbl_CDS_CDC

2020-07-22 15:17:20 - [TEST_STEP][PASSED] - runFeatureFile("Include/features/IST_Real/CONTRACT_DISPATCHER_TWO_WHEELERS/DEV/Update_Tbl_CDS_CDC.feature"): Feature file: 'Include/features/IST_Real/CONTRACT_DISPATCHER_TWO_WHEELERS/DEV/Update_Tbl_CDS_CDC.feature' was passed

2020-07-22 15:17:20 - [MESSAGE][INFO] - Starting run keyword runFeatureFile: 'Include/features/IST_Real/CONTRACT_DISPATCHER_TWO_WHEELERS/DEV/Update_Tbl_CDS_CDC.feature' and extract report to folder: '/Users/chaidir.pratama01/Katalon Studio/IST_Automation_Git/Reports/20200722_151330/CONTRACT_DISPATCHER_TWO_WHEELERS/DEV/TS_Contract_Dispatcher_Two_Wheelers/20200722_151330/cucumber_report/1595405840051'...

2020-07-22 15:17:20 - [TEST_CASE][PASSED] - Start Test Case : SCENARIO Update Table CONTRACT_DISPATCHER_SOURCE and CONTRACT_DISPTACHER_CLAIM: SCENARIO Update Table CONTRACT_DISPATCHER_SOURCE and CONTRACT_DISPTACHER_CLAIM

2020-07-22 15:17:20 - [TEST_STEP][PASSED] - Connect to APP_ACCOUNT C1: Connect to APP_ACCOUNT C1

2020-07-22 15:17:20 - [MESSAGE][PASSED] - Connect to APP_ACCOUNT C1

2020-07-22 15:17:20 - [TEST_STEP][PASSED] - Update Tbl CONTRACT DISPATCHER SOURCE To Change PROCESSED From Y to N: Update Tbl CONTRACT DISPATCHER SOURCE To Change PROCESSED From Y to N

2020-07-22 15:17:21 - [MESSAGE][PASSED] - Update Tbl CONTRACT DISPATCHER SOURCE To Change PROCESSED From Y to N

2020-07-22 15:17:21 - [TEST_STEP][PASSED] - Update Tbl CONTRACT DISPATCHER CLAIM To Delete PROCESS From Column STATUS: Update Tbl CONTRACT DISPATCHER CLAIM To Delete PROCESS From Column STATUS

2020-07-22 15:17:22 - [MESSAGE][PASSED] - Update Tbl CONTRACT DISPATCHER CLAIM To Delete PROCESS From Column STATUS

2020-07-22 15:17:22 - [MESSAGE][PASSED] - Feature file: 'Include/features/IST_Real/CONTRACT_DISPATCHER_TWO_WHEELERS/DEV/Update_Tbl_CDS_CDC.feature' was passed]]></system-out>
         <system-err><![CDATA[]]></system-err>
      </testcase>
      <testcase name="Test Cases/IST_Real/CONTRACT_DISPATCHER_TWO_WHEELERS/DEV/Delete_ContractNumber_from_TRK_REGISTRATION_MISTAKE" time="0.362" classname="Test Cases/IST_Real/CONTRACT_DISPATCHER_TWO_WHEELERS/DEV/Delete_ContractNumber_from_TRK_REGISTRATION_MISTAKE" status="PASSED">
         <system-out><![CDATA[2020-07-22 15:17:22 - [TEST_CASE][PASSED] - Test Cases/IST_Real/CONTRACT_DISPATCHER_TWO_WHEELERS/DEV/Delete_ContractNumber_from_TRK_REGISTRATION_MISTAKE: Test Cases/IST_Real/CONTRACT_DISPATCHER_TWO_WHEELERS/DEV/Delete_ContractNumber_from_TRK_REGISTRATION_MISTAKE

2020-07-22 15:17:22 - [TEST_STEP][PASSED] - runFeatureFile("Include/features/IST_Real/CONTRACT_DISPATCHER_TWO_WHEELERS/DEV/Delete_ContractNumber_from_TRK_REGISTRATION_MISTAKE.feature"): Feature file: 'Include/features/IST_Real/CONTRACT_DISPATCHER_TWO_WHEELERS/DEV/Delete_ContractNumber_from_TRK_REGISTRATION_MISTAKE.feature' was passed

2020-07-22 15:17:22 - [MESSAGE][INFO] - Starting run keyword runFeatureFile: 'Include/features/IST_Real/CONTRACT_DISPATCHER_TWO_WHEELERS/DEV/Delete_ContractNumber_from_TRK_REGISTRATION_MISTAKE.feature' and extract report to folder: '/Users/chaidir.pratama01/Katalon Studio/IST_Automation_Git/Reports/20200722_151330/CONTRACT_DISPATCHER_TWO_WHEELERS/DEV/TS_Contract_Dispatcher_Two_Wheelers/20200722_151330/cucumber_report/1595405842232'...

2020-07-22 15:17:22 - [TEST_CASE][PASSED] - Start Test Case : SCENARIO Delete Contract from TRK_REGISTRATION_MISTAKE: SCENARIO Delete Contract from TRK_REGISTRATION_MISTAKE

2020-07-22 15:17:22 - [TEST_STEP][PASSED] - Connect to APP_ACCOUNT C1: Connect to APP_ACCOUNT C1

2020-07-22 15:17:22 - [MESSAGE][PASSED] - Connect to APP_ACCOUNT C1

2020-07-22 15:17:22 - [TEST_STEP][PASSED] - Delete Contract From TRK_REGISTRATION_MISTAKE: Delete Contract From TRK_REGISTRATION_MISTAKE

2020-07-22 15:17:22 - [MESSAGE][PASSED] - Delete Contract From TRK_REGISTRATION_MISTAKE

2020-07-22 15:17:22 - [MESSAGE][PASSED] - Feature file: 'Include/features/IST_Real/CONTRACT_DISPATCHER_TWO_WHEELERS/DEV/Delete_ContractNumber_from_TRK_REGISTRATION_MISTAKE.feature' was passed]]></system-out>
         <system-err><![CDATA[]]></system-err>
      </testcase>
      <testcase name="Test Cases/IST_Real/CONTRACT_DISPATCHER_TWO_WHEELERS/DEV/Pick_Mistake_Without_Choose_Dropdown_Mistake_Type" time="129.413" classname="Test Cases/IST_Real/CONTRACT_DISPATCHER_TWO_WHEELERS/DEV/Pick_Mistake_Without_Choose_Dropdown_Mistake_Type" status="FAILED">
         <failure type="FAILED" message="Test Cases/IST_Real/CONTRACT_DISPATCHER_TWO_WHEELERS/DEV/Pick_Mistake_Without_Choose_Dropdown_Mistake_Type FAILED.
Reason:
com.kms.katalon.core.exception.StepFailedException: Feature file 'Include/features/IST_Real/CONTRACT_DISPATCHER_TWO_WHEELERS/DEV/Pick_Mistake_Without_Choose_Dropdown_Mistake_Type.feature' was failed
	at com.kms.katalon.core.keyword.internal.KeywordMain.stepFailed(KeywordMain.groovy:50)
	at com.kms.katalon.core.keyword.internal.KeywordMain.stepFailed(KeywordMain.groovy)
	at com.kms.katalon.core.keyword.internal.KeywordMain.stepFailed(KeywordMain.groovy:23)
	at com.kms.katalon.core.keyword.internal.KeywordMain$stepFailed$0.call(Unknown Source)
	at com.kms.katalon.core.cucumber.keyword.CucumberBuiltinKeywords$_runFeatureFile_closure1.doCall(CucumberBuiltinKeywords.groovy:82)
	at com.kms.katalon.core.cucumber.keyword.CucumberBuiltinKeywords$_runFeatureFile_closure1.doCall(CucumberBuiltinKeywords.groovy)
	at com.kms.katalon.core.keyword.internal.KeywordMain.runKeyword(KeywordMain.groovy:68)
	at com.kms.katalon.core.keyword.internal.KeywordMain$runKeyword.call(Unknown Source)
	at com.kms.katalon.core.cucumber.keyword.CucumberBuiltinKeywords.runFeatureFile(CucumberBuiltinKeywords.groovy:46)
	at com.kms.katalon.core.cucumber.keyword.CucumberBuiltinKeywords$runFeatureFile$0.callStatic(Unknown Source)
	at com.kms.katalon.core.cucumber.keyword.CucumberBuiltinKeywords.runFeatureFile(CucumberBuiltinKeywords.groovy:169)
	at com.kms.katalon.core.cucumber.keyword.CucumberBuiltinKeywords$runFeatureFile.call(Unknown Source)
	at Pick_Mistake_Without_Choose_Dropdown_Mistake_Type.run(Pick_Mistake_Without_Choose_Dropdown_Mistake_Type:16)
	at com.kms.katalon.core.main.ScriptEngine.run(ScriptEngine.java:194)
	at com.kms.katalon.core.main.ScriptEngine.runScriptAsRawText(ScriptEngine.java:119)
	at com.kms.katalon.core.main.TestCaseExecutor.runScript(TestCaseExecutor.java:339)
	at com.kms.katalon.core.main.TestCaseExecutor.doExecute(TestCaseExecutor.java:330)
	at com.kms.katalon.core.main.TestCaseExecutor.processExecutionPhase(TestCaseExecutor.java:309)
	at com.kms.katalon.core.main.TestCaseExecutor.accessMainPhase(TestCaseExecutor.java:301)
	at com.kms.katalon.core.main.TestCaseExecutor.execute(TestCaseExecutor.java:235)
	at com.kms.katalon.core.main.TestSuiteExecutor.accessTestCaseMainPhase(TestSuiteExecutor.java:191)
	at com.kms.katalon.core.main.TestSuiteExecutor.accessTestSuiteMainPhase(TestSuiteExecutor.java:141)
	at com.kms.katalon.core.main.TestSuiteExecutor.execute(TestSuiteExecutor.java:90)
	at com.kms.katalon.core.main.TestCaseMain.startTestSuite(TestCaseMain.java:157)
	at com.kms.katalon.core.main.TestCaseMain$startTestSuite$0.call(Unknown Source)
	at TempTestSuite1595405610477.run(TempTestSuite1595405610477.groovy:39)
"/>
         <system-out><![CDATA[2020-07-22 15:17:22 - [TEST_CASE][FAILED] - Test Cases/IST_Real/CONTRACT_DISPATCHER_TWO_WHEELERS/DEV/Pick_Mistake_Without_Choose_Dropdown_Mistake_Type: Test Cases/IST_Real/CONTRACT_DISPATCHER_TWO_WHEELERS/DEV/Pick_Mistake_Without_Choose_Dropdown_Mistake_Type FAILED.
Reason:
com.kms.katalon.core.exception.StepFailedException: Feature file 'Include/features/IST_Real/CONTRACT_DISPATCHER_TWO_WHEELERS/DEV/Pick_Mistake_Without_Choose_Dropdown_Mistake_Type.feature' was failed
	at com.kms.katalon.core.keyword.internal.KeywordMain.stepFailed(KeywordMain.groovy:50)
	at com.kms.katalon.core.keyword.internal.KeywordMain.stepFailed(KeywordMain.groovy)
	at com.kms.katalon.core.keyword.internal.KeywordMain.stepFailed(KeywordMain.groovy:23)
	at com.kms.katalon.core.keyword.internal.KeywordMain$stepFailed$0.call(Unknown Source)
	at com.kms.katalon.core.cucumber.keyword.CucumberBuiltinKeywords$_runFeatureFile_closure1.doCall(CucumberBuiltinKeywords.groovy:82)
	at com.kms.katalon.core.cucumber.keyword.CucumberBuiltinKeywords$_runFeatureFile_closure1.doCall(CucumberBuiltinKeywords.groovy)
	at com.kms.katalon.core.keyword.internal.KeywordMain.runKeyword(KeywordMain.groovy:68)
	at com.kms.katalon.core.keyword.internal.KeywordMain$runKeyword.call(Unknown Source)
	at com.kms.katalon.core.cucumber.keyword.CucumberBuiltinKeywords.runFeatureFile(CucumberBuiltinKeywords.groovy:46)
	at com.kms.katalon.core.cucumber.keyword.CucumberBuiltinKeywords$runFeatureFile$0.callStatic(Unknown Source)
	at com.kms.katalon.core.cucumber.keyword.CucumberBuiltinKeywords.runFeatureFile(CucumberBuiltinKeywords.groovy:169)
	at com.kms.katalon.core.cucumber.keyword.CucumberBuiltinKeywords$runFeatureFile.call(Unknown Source)
	at Pick_Mistake_Without_Choose_Dropdown_Mistake_Type.run(Pick_Mistake_Without_Choose_Dropdown_Mistake_Type:16)
	at com.kms.katalon.core.main.ScriptEngine.run(ScriptEngine.java:194)
	at com.kms.katalon.core.main.ScriptEngine.runScriptAsRawText(ScriptEngine.java:119)
	at com.kms.katalon.core.main.TestCaseExecutor.runScript(TestCaseExecutor.java:339)
	at com.kms.katalon.core.main.TestCaseExecutor.doExecute(TestCaseExecutor.java:330)
	at com.kms.katalon.core.main.TestCaseExecutor.processExecutionPhase(TestCaseExecutor.java:309)
	at com.kms.katalon.core.main.TestCaseExecutor.accessMainPhase(TestCaseExecutor.java:301)
	at com.kms.katalon.core.main.TestCaseExecutor.execute(TestCaseExecutor.java:235)
	at com.kms.katalon.core.main.TestSuiteExecutor.accessTestCaseMainPhase(TestSuiteExecutor.java:191)
	at com.kms.katalon.core.main.TestSuiteExecutor.accessTestSuiteMainPhase(TestSuiteExecutor.java:141)
	at com.kms.katalon.core.main.TestSuiteExecutor.execute(TestSuiteExecutor.java:90)
	at com.kms.katalon.core.main.TestCaseMain.startTestSuite(TestCaseMain.java:157)
	at com.kms.katalon.core.main.TestCaseMain$startTestSuite$0.call(Unknown Source)
	at TempTestSuite1595405610477.run(TempTestSuite1595405610477.groovy:39)


2020-07-22 15:17:22 - [TEST_STEP][FAILED] - runFeatureFile("Include/features/IST_Real/CONTRACT_DISPATCHER_TWO_WHEELERS/DEV/Pick_Mistake_Without_Choose_Dropdown_Mistake_Type.feature"): Keyword runFeatureFile was failed (Root cause: com.kms.katalon.core.exception.StepFailedException: Feature file 'Include/features/IST_Real/CONTRACT_DISPATCHER_TWO_WHEELERS/DEV/Pick_Mistake_Without_Choose_Dropdown_Mistake_Type.feature' was failed
	at com.kms.katalon.core.keyword.internal.KeywordMain.stepFailed(KeywordMain.groovy:50)
	at com.kms.katalon.core.keyword.internal.KeywordMain.stepFailed(KeywordMain.groovy)
	at com.kms.katalon.core.keyword.internal.KeywordMain.stepFailed(KeywordMain.groovy:23)
	at com.kms.katalon.core.keyword.internal.KeywordMain$stepFailed$0.call(Unknown Source)
	at com.kms.katalon.core.cucumber.keyword.CucumberBuiltinKeywords$_runFeatureFile_closure1.doCall(CucumberBuiltinKeywords.groovy:82)
	at com.kms.katalon.core.cucumber.keyword.CucumberBuiltinKeywords$_runFeatureFile_closure1.doCall(CucumberBuiltinKeywords.groovy)
	at com.kms.katalon.core.keyword.internal.KeywordMain.runKeyword(KeywordMain.groovy:68)
	at com.kms.katalon.core.keyword.internal.KeywordMain$runKeyword.call(Unknown Source)
	at com.kms.katalon.core.cucumber.keyword.CucumberBuiltinKeywords.runFeatureFile(CucumberBuiltinKeywords.groovy:46)
	at com.kms.katalon.core.cucumber.keyword.CucumberBuiltinKeywords$runFeatureFile$0.callStatic(Unknown Source)
	at com.kms.katalon.core.cucumber.keyword.CucumberBuiltinKeywords.runFeatureFile(CucumberBuiltinKeywords.groovy:169)
	at com.kms.katalon.core.cucumber.keyword.CucumberBuiltinKeywords$runFeatureFile.call(Unknown Source)
	at Pick_Mistake_Without_Choose_Dropdown_Mistake_Type.run(Pick_Mistake_Without_Choose_Dropdown_Mistake_Type:16)
	at com.kms.katalon.core.main.ScriptEngine.run(ScriptEngine.java:194)
	at com.kms.katalon.core.main.ScriptEngine.runScriptAsRawText(ScriptEngine.java:119)
	at com.kms.katalon.core.main.TestCaseExecutor.runScript(TestCaseExecutor.java:339)
	at com.kms.katalon.core.main.TestCaseExecutor.doExecute(TestCaseExecutor.java:330)
	at com.kms.katalon.core.main.TestCaseExecutor.processExecutionPhase(TestCaseExecutor.java:309)
	at com.kms.katalon.core.main.TestCaseExecutor.accessMainPhase(TestCaseExecutor.java:301)
	at com.kms.katalon.core.main.TestCaseExecutor.execute(TestCaseExecutor.java:235)
	at com.kms.katalon.core.main.TestSuiteExecutor.accessTestCaseMainPhase(TestSuiteExecutor.java:191)
	at com.kms.katalon.core.main.TestSuiteExecutor.accessTestSuiteMainPhase(TestSuiteExecutor.java:141)
	at com.kms.katalon.core.main.TestSuiteExecutor.execute(TestSuiteExecutor.java:90)
	at com.kms.katalon.core.main.TestCaseMain.startTestSuite(TestCaseMain.java:157)
	at com.kms.katalon.core.main.TestCaseMain$startTestSuite$0.call(Unknown Source)
	at TempTestSuite1595405610477.run(TempTestSuite1595405610477.groovy:39)
)

2020-07-22 15:17:22 - [MESSAGE][INFO] - Starting run keyword runFeatureFile: 'Include/features/IST_Real/CONTRACT_DISPATCHER_TWO_WHEELERS/DEV/Pick_Mistake_Without_Choose_Dropdown_Mistake_Type.feature' and extract report to folder: '/Users/chaidir.pratama01/Katalon Studio/IST_Automation_Git/Reports/20200722_151330/CONTRACT_DISPATCHER_TWO_WHEELERS/DEV/TS_Contract_Dispatcher_Two_Wheelers/20200722_151330/cucumber_report/1595405842669'...

2020-07-22 15:17:22 - [TEST_CASE][PASSED] - Start Test Case : SCENARIO Assign User to Contract Two Wheelers: SCENARIO Assign User to Contract Two Wheelers

2020-07-22 15:17:22 - [TEST_STEP][PASSED] - Go to IST: Go to IST

2020-07-22 15:17:22 - [MESSAGE][WARNING] - A browser is already opened. Closing browser and opening a new one

2020-07-22 15:17:22 - [MESSAGE][INFO] - Starting 'Chrome' driver

2020-07-22 15:17:22 - [MESSAGE][INFO] - Action delay is set to 0 milliseconds

2020-07-22 15:17:23 - [MESSAGE][PASSED] - Browser is opened with url: ''

2020-07-22 15:17:26 - [MESSAGE][PASSED] - Navigate to 'https://dev-istools.homecredit.id/foundation/login.zul' successfully

2020-07-22 15:17:26 - [MESSAGE][PASSED] - Go to IST

2020-07-22 15:17:26 - [TEST_STEP][PASSED] - Login IST with valid credentials: Login IST with valid credentials

2020-07-22 15:17:30 - [MESSAGE][PASSED] - Text 'mobile.test' is set on object 'Object Repository/Page_/input_Username_j_username'

2020-07-22 15:17:32 - [MESSAGE][PASSED] - Text ****** has been set on object 'Object Repository/Page_/input_Password_j_password'

2020-07-22 15:17:34 - [MESSAGE][PASSED] - Object: 'Object Repository/Page_/button_Login' is clicked on

2020-07-22 15:17:34 - [MESSAGE][PASSED] - Login IST with valid credentials

2020-07-22 15:17:34 - [TEST_STEP][PASSED] - Login Success for contract dispatcher: Login Success for contract dispatcher

2020-07-22 15:17:34 - [MESSAGE][INFO] - Login Success

2020-07-22 15:17:34 - [MESSAGE][PASSED] - Current window maximized

2020-07-22 15:17:35 - [MESSAGE][PASSED] - Object 'Object Repository/Page_/h1_Welcome to IT Supporting Tools' is present

2020-07-22 15:17:35 - [MESSAGE][PASSED] - Login Success for contract dispatcher

2020-07-22 15:17:35 - [TEST_STEP][PASSED] - Select Arrow Menu "Contract Dispatcher Admin": Select Arrow Menu "Contract Dispatcher Admin"

2020-07-22 15:17:35 - [MESSAGE][PASSED] - Object: '' is clicked on

2020-07-22 15:17:35 - [MESSAGE][PASSED] - Select Arrow Menu "Contract Dispatcher Admin"

2020-07-22 15:17:35 - [TEST_STEP][PASSED] - Select Menu "Management Assignment": Select Menu "Management Assignment"

2020-07-22 15:17:36 - [MESSAGE][PASSED] - Object '' is present

2020-07-22 15:17:36 - [MESSAGE][PASSED] - Object: '' is clicked on

2020-07-22 15:17:36 - [MESSAGE][PASSED] - Wait for page load successfully

2020-07-22 15:17:36 - [MESSAGE][PASSED] - Select Menu "Management Assignment"

2020-07-22 15:17:36 - [TEST_STEP][PASSED] - Select Username "mobile.test" of Management Assignment: Select Username "mobile.test" of Management Assignment

2020-07-22 15:17:38 - [MESSAGE][PASSED] - All options with value 'mobile.test' are selected in object 'Object Repository/Page_/dropdown_list_username_assignment'  using regular expression

2020-07-22 15:17:38 - [MESSAGE][PASSED] - Select Username "mobile.test" of Management Assignment

2020-07-22 15:17:38 - [TEST_STEP][PASSED] - Check for username if already assigned to "Two Wheelers": Check for username if already assigned to "Two Wheelers"

2020-07-22 15:17:42 - [MESSAGE][PASSED] - Scroll to object '' successfully

2020-07-22 15:17:42 - [MESSAGE][PASSED] - Object '' is present

2020-07-22 15:17:42 - [MESSAGE][PASSED] - Object '' is checked

2020-07-22 15:17:42 - [MESSAGE][INFO] - Element is already Checked

2020-07-22 15:17:42 - [MESSAGE][PASSED] - Check for username if already assigned to "Two Wheelers"

2020-07-22 15:17:42 - [TEST_STEP][PASSED] - Wait page for load: Wait page for load

2020-07-22 15:17:42 - [MESSAGE][PASSED] - Wait for page load successfully

2020-07-22 15:17:42 - [MESSAGE][PASSED] - Wait page for load

2020-07-22 15:17:42 - [TEST_STEP][PASSED] - Click button "Logout": Click button "Logout"

2020-07-22 15:17:42 - [MESSAGE][INFO] - >>>>>//Button[contains(text(),'Logout')]

2020-07-22 15:17:46 - [MESSAGE][PASSED] - Object: '' is clicked on

2020-07-22 15:17:46 - [MESSAGE][PASSED] - Click button "Logout"

2020-07-22 15:17:46 - [TEST_STEP][PASSED] - Close browser: Close browser

2020-07-22 15:17:46 - [MESSAGE][PASSED] - Browser is closed

2020-07-22 15:17:46 - [MESSAGE][PASSED] - Close browser

2020-07-22 15:17:46 - [TEST_CASE][FAILED] - Start Test Case : SCENARIO Select Menu Contract Dispatcher and Select Contract based on type contract Two Wheelers: SCENARIO Select Menu Contract Dispatcher and Select Contract based on type contract Two Wheelers FAILED.
Reason:
com.kms.katalon.core.exception.StepFailedException: Unable to click on object ''
	at com.kms.katalon.core.webui.keyword.internal.WebUIKeywordMain.stepFailed(WebUIKeywordMain.groovy:64)
	at com.kms.katalon.core.webui.keyword.internal.WebUIKeywordMain.runKeyword(WebUIKeywordMain.groovy:26)
	at com.kms.katalon.core.webui.keyword.builtin.ClickKeyword.click(ClickKeyword.groovy:76)
	at com.kms.katalon.core.webui.keyword.builtin.ClickKeyword.execute(ClickKeyword.groovy:43)
	at com.kms.katalon.core.keyword.internal.KeywordExecutor.executeKeywordForPlatform(KeywordExecutor.groovy:73)
	at com.kms.katalon.core.webui.keyword.WebUiBuiltInKeywords.click(WebUiBuiltInKeywords.groovy:616)
	at com.kms.katalon.core.webui.keyword.WebUiBuiltInKeywords$click$3.call(Unknown Source)
	at ist_real.Contract_Dispatcher.checkboxGeneralMistake(Contract_Dispatcher.groovy:938)
	at âœ½.Checkbox General Mistake "KTP Foto Komponen Tidak Ada"(/Users/chaidir.pratama01/Katalon Studio/IST_Automation_Git/Include/features/IST_Real/CONTRACT_DISPATCHER_TWO_WHEELERS/DEV/Pick_Mistake_Without_Choose_Dropdown_Mistake_Type.feature:48)
Caused by: java.lang.IndexOutOfBoundsException: Index: 0, Size: 0
	at com.kms.katalon.core.webui.common.WebUiCommonHelper.buildLocator(WebUiCommonHelper.java:519)
	at com.kms.katalon.core.webui.common.WebUiCommonHelper.findElementByNormalMethods(WebUiCommonHelper.java:985)
	at com.kms.katalon.core.webui.common.WebUiCommonHelper.findElementsBySelectedMethod(WebUiCommonHelper.java:894)
	at com.kms.katalon.core.webui.common.WebUiCommonHelper.findElementsWithSelfHealing(WebUiCommonHelper.java:791)
	at com.kms.katalon.core.webui.common.WebUiCommonHelper.findWebElements(WebUiCommonHelper.java:717)
	at com.kms.katalon.core.webui.common.WebUiCommonHelper.findWebElement(WebUiCommonHelper.java:1349)
	at com.kms.katalon.core.webui.keyword.internal.WebUIAbstractKeyword.findWebElement(WebUIAbstractKeyword.groovy:27)
	at com.kms.katalon.core.webui.keyword.internal.WebUIAbstractKeyword.findWebElement(WebUIAbstractKeyword.groovy:26)
	at com.kms.katalon.core.webui.keyword.builtin.ClickKeyword$_click_closure1.doCall(ClickKeyword.groovy:67)
	at com.kms.katalon.core.webui.keyword.builtin.ClickKeyword$_click_closure1.call(ClickKeyword.groovy)
	at com.kms.katalon.core.webui.keyword.internal.WebUIKeywordMain.runKeyword(WebUIKeywordMain.groovy:20)
	at com.kms.katalon.core.webui.keyword.builtin.ClickKeyword.click(ClickKeyword.groovy:76)
	at com.kms.katalon.core.webui.keyword.builtin.ClickKeyword.execute(ClickKeyword.groovy:43)
	at com.kms.katalon.core.keyword.internal.KeywordExecutor.executeKeywordForPlatform(KeywordExecutor.groovy:73)
	at com.kms.katalon.core.webui.keyword.WebUiBuiltInKeywords.click(WebUiBuiltInKeywords.groovy:616)
	at com.kms.katalon.core.webui.keyword.WebUiBuiltInKeywords$click$3.call(Unknown Source)
	at ist_real.Contract_Dispatcher.checkboxGeneralMistake(Contract_Dispatcher.groovy:938)
	at cucumber.runtime.Utils$1.call(Utils.java:26)
	at cucumber.runtime.Timeout.timeout(Timeout.java:16)
	at cucumber.runtime.Utils.invoke(Utils.java:20)
	at cucumber.runtime.java.JavaStepDefinition.execute(JavaStepDefinition.java:48)
	at cucumber.runtime.PickleStepDefinitionMatch.runStep(PickleStepDefinitionMatch.java:50)
	at cucumber.runner.TestStep.executeStep(TestStep.java:55)
	at cucumber.runner.TestStep.run(TestStep.java:42)
	at cucumber.runner.PickleStepTestStep.run(PickleStepTestStep.java:53)
	at cucumber.runner.TestCase.run(TestCase.java:47)
	at cucumber.runner.Runner.runPickle(Runner.java:44)
	at cucumber.runtime.Runtime.runFeature(Runtime.java:120)
	at cucumber.runtime.Runtime.run(Runtime.java:106)
	at cucumber.api.cli.Main.run(Main.java:35)
	at cucumber.api.cli.Main$run.call(Unknown Source)
	at com.kms.katalon.core.cucumber.keyword.CucumberBuiltinKeywords$_runFeatureFile_closure1.doCall(CucumberBuiltinKeywords.groovy:76)
	at com.kms.katalon.core.cucumber.keyword.CucumberBuiltinKeywords$_runFeatureFile_closure1.doCall(CucumberBuiltinKeywords.groovy)
	at com.kms.katalon.core.keyword.internal.KeywordMain.runKeyword(KeywordMain.groovy:68)
	at com.kms.katalon.core.keyword.internal.KeywordMain$runKeyword.call(Unknown Source)
	at com.kms.katalon.core.cucumber.keyword.CucumberBuiltinKeywords.runFeatureFile(CucumberBuiltinKeywords.groovy:46)
	at com.kms.katalon.core.cucumber.keyword.CucumberBuiltinKeywords$runFeatureFile$0.callStatic(Unknown Source)
	at com.kms.katalon.core.cucumber.keyword.CucumberBuiltinKeywords.runFeatureFile(CucumberBuiltinKeywords.groovy:169)
	at com.kms.katalon.core.cucumber.keyword.CucumberBuiltinKeywords$runFeatureFile.call(Unknown Source)
	at Pick_Mistake_Without_Choose_Dropdown_Mistake_Type.run(Pick_Mistake_Without_Choose_Dropdown_Mistake_Type:16)
	at com.kms.katalon.core.main.ScriptEngine.run(ScriptEngine.java:194)
	at com.kms.katalon.core.main.ScriptEngine.runScriptAsRawText(ScriptEngine.java:119)
	at com.kms.katalon.core.main.TestCaseExecutor.runScript(TestCaseExecutor.java:339)
	at com.kms.katalon.core.main.TestCaseExecutor.doExecute(TestCaseExecutor.java:330)
	at com.kms.katalon.core.main.TestCaseExecutor.processExecutionPhase(TestCaseExecutor.java:309)
	at com.kms.katalon.core.main.TestCaseExecutor.accessMainPhase(TestCaseExecutor.java:301)
	at com.kms.katalon.core.main.TestCaseExecutor.execute(TestCaseExecutor.java:235)
	at com.kms.katalon.core.main.TestSuiteExecutor.accessTestCaseMainPhase(TestSuiteExecutor.java:191)
	at com.kms.katalon.core.main.TestSuiteExecutor.accessTestSuiteMainPhase(TestSuiteExecutor.java:141)
	at com.kms.katalon.core.main.TestSuiteExecutor.execute(TestSuiteExecutor.java:90)
	at com.kms.katalon.core.main.TestCaseMain.startTestSuite(TestCaseMain.java:157)
	at com.kms.katalon.core.main.TestCaseMain$startTestSuite$0.call(Unknown Source)
	at TempTestSuite1595405610477.run(TempTestSuite1595405610477.groovy:39)


2020-07-22 15:17:46 - [TEST_STEP][PASSED] - Go to IST: Go to IST

2020-07-22 15:17:46 - [MESSAGE][INFO] - Starting 'Chrome' driver

2020-07-22 15:17:46 - [MESSAGE][INFO] - Action delay is set to 0 milliseconds

2020-07-22 15:17:47 - [MESSAGE][PASSED] - Browser is opened with url: ''

2020-07-22 15:17:49 - [MESSAGE][PASSED] - Navigate to 'https://dev-istools.homecredit.id/foundation/login.zul' successfully

2020-07-22 15:17:49 - [MESSAGE][PASSED] - Go to IST

2020-07-22 15:17:49 - [TEST_STEP][PASSED] - Login IST with valid credentials: Login IST with valid credentials

2020-07-22 15:17:50 - [MESSAGE][PASSED] - Text 'mobile.test' is set on object 'Object Repository/Page_/input_Username_j_username'

2020-07-22 15:17:50 - [MESSAGE][PASSED] - Text ****** has been set on object 'Object Repository/Page_/input_Password_j_password'

2020-07-22 15:17:52 - [MESSAGE][PASSED] - Object: 'Object Repository/Page_/button_Login' is clicked on

2020-07-22 15:17:52 - [MESSAGE][PASSED] - Login IST with valid credentials

2020-07-22 15:17:52 - [TEST_STEP][PASSED] - Login Success for contract dispatcher: Login Success for contract dispatcher

2020-07-22 15:17:52 - [MESSAGE][INFO] - Login Success

2020-07-22 15:17:52 - [MESSAGE][PASSED] - Current window maximized

2020-07-22 15:17:52 - [MESSAGE][PASSED] - Object 'Object Repository/Page_/h1_Welcome to IT Supporting Tools' is present

2020-07-22 15:17:52 - [MESSAGE][PASSED] - Login Success for contract dispatcher

2020-07-22 15:17:52 - [TEST_STEP][PASSED] - Select Menu "Contract Dispatcher": Select Menu "Contract Dispatcher"

2020-07-22 15:17:53 - [MESSAGE][PASSED] - Object '' is present

2020-07-22 15:17:53 - [MESSAGE][PASSED] - Object: '' is clicked on

2020-07-22 15:17:53 - [MESSAGE][PASSED] - Wait for page load successfully

2020-07-22 15:17:53 - [MESSAGE][PASSED] - Select Menu "Contract Dispatcher"

2020-07-22 15:17:53 - [TEST_STEP][PASSED] - Select Contract Number based on Type Contract "TWO_WHEELERS": Select Contract Number based on Type Contract "TWO_WHEELERS"

2020-07-22 15:17:56 - [MESSAGE][PASSED] - Object '' is present

2020-07-22 15:17:56 - [MESSAGE][PASSED] - Object '' is present

2020-07-22 15:17:56 - [MESSAGE][PASSED] - Object: '' is clicked on

2020-07-22 15:17:57 - [MESSAGE][PASSED] - Object '' is checked

2020-07-22 15:17:57 - [MESSAGE][PASSED] - Select Contract Number based on Type Contract "TWO_WHEELERS"

2020-07-22 15:17:57 - [TEST_STEP][PASSED] - Click button "Claim": Click button "Claim"

2020-07-22 15:17:57 - [MESSAGE][INFO] - >>>>>//Button[contains(text(),'Claim')]

2020-07-22 15:18:00 - [MESSAGE][PASSED] - Object: '' is clicked on

2020-07-22 15:18:00 - [MESSAGE][PASSED] - Click button "Claim"

2020-07-22 15:18:00 - [TEST_STEP][PASSED] - Varify the mistake detail already match with the matrix Base on Type Contract: Varify the mistake detail already match with the matrix Base on Type Contract

2020-07-22 15:18:04 - [MESSAGE][PASSED] - Object '' is present

2020-07-22 15:18:04 - [MESSAGE][PASSED] - Object: '' is clicked on

2020-07-22 15:18:04 - [MESSAGE][PASSED] - Object '' is present

2020-07-22 15:18:04 - [MESSAGE][PASSED] - Object '' is not checked

2020-07-22 15:18:05 - [MESSAGE][PASSED] - Object '' is present

2020-07-22 15:18:05 - [MESSAGE][PASSED] - Object '' is not checked

2020-07-22 15:18:05 - [MESSAGE][PASSED] - Object '' is present

2020-07-22 15:18:05 - [MESSAGE][PASSED] - Object '' is not checked

2020-07-22 15:18:06 - [MESSAGE][PASSED] - Object '' is present

2020-07-22 15:18:06 - [MESSAGE][PASSED] - Object '' is not checked

2020-07-22 15:18:06 - [MESSAGE][PASSED] - Object '' is present

2020-07-22 15:18:07 - [MESSAGE][PASSED] - Object '' is not checked

2020-07-22 15:18:07 - [MESSAGE][PASSED] - Object '' is present

2020-07-22 15:18:07 - [MESSAGE][PASSED] - Object '' is not checked

2020-07-22 15:18:07 - [MESSAGE][PASSED] - Object '' is present

2020-07-22 15:18:08 - [MESSAGE][PASSED] - Object '' is not checked

2020-07-22 15:18:08 - [MESSAGE][PASSED] - Object '' is present

2020-07-22 15:18:08 - [MESSAGE][PASSED] - Object '' is not checked

2020-07-22 15:18:09 - [MESSAGE][PASSED] - Object '' is present

2020-07-22 15:18:09 - [MESSAGE][PASSED] - Object '' is not checked

2020-07-22 15:18:09 - [MESSAGE][PASSED] - Object '' is present

2020-07-22 15:18:10 - [MESSAGE][PASSED] - Object '' is not checked

2020-07-22 15:18:10 - [MESSAGE][PASSED] - Object '' is present

2020-07-22 15:18:10 - [MESSAGE][PASSED] - Object '' is not checked

2020-07-22 15:18:11 - [MESSAGE][PASSED] - Object '' is present

2020-07-22 15:18:11 - [MESSAGE][PASSED] - Object '' is not checked

2020-07-22 15:18:11 - [MESSAGE][PASSED] - Object '' is present

2020-07-22 15:18:11 - [MESSAGE][PASSED] - Object '' is not checked

2020-07-22 15:18:12 - [MESSAGE][PASSED] - Object '' is present

2020-07-22 15:18:12 - [MESSAGE][PASSED] - Object '' is not checked

2020-07-22 15:18:12 - [MESSAGE][PASSED] - Object '' is present

2020-07-22 15:18:12 - [MESSAGE][PASSED] - Object '' is not checked

2020-07-22 15:18:13 - [MESSAGE][PASSED] - Object '' is present

2020-07-22 15:18:13 - [MESSAGE][PASSED] - Object '' is not checked

2020-07-22 15:18:13 - [MESSAGE][PASSED] - Object '' is present

2020-07-22 15:18:14 - [MESSAGE][PASSED] - Object '' is not checked

2020-07-22 15:18:14 - [MESSAGE][PASSED] - Object '' is present

2020-07-22 15:18:14 - [MESSAGE][PASSED] - Object '' is not checked

2020-07-22 15:18:14 - [MESSAGE][PASSED] - Object '' is present

2020-07-22 15:18:15 - [MESSAGE][PASSED] - Object '' is not checked

2020-07-22 15:18:15 - [MESSAGE][PASSED] - Object '' is present

2020-07-22 15:18:15 - [MESSAGE][PASSED] - Object '' is not checked

2020-07-22 15:18:15 - [MESSAGE][PASSED] - Object '' is present

2020-07-22 15:18:16 - [MESSAGE][PASSED] - Object: '' is clicked on

2020-07-22 15:18:16 - [MESSAGE][PASSED] - Object '' is present

2020-07-22 15:18:16 - [MESSAGE][PASSED] - Object '' is not checked

2020-07-22 15:18:17 - [MESSAGE][PASSED] - Object '' is present

2020-07-22 15:18:17 - [MESSAGE][PASSED] - Object '' is not checked

2020-07-22 15:18:17 - [MESSAGE][PASSED] - Object '' is present

2020-07-22 15:18:17 - [MESSAGE][PASSED] - Object '' is not checked

2020-07-22 15:18:18 - [MESSAGE][PASSED] - Object '' is present

2020-07-22 15:18:18 - [MESSAGE][PASSED] - Object '' is not checked

2020-07-22 15:18:18 - [MESSAGE][PASSED] - Object '' is present

2020-07-22 15:18:18 - [MESSAGE][PASSED] - Object '' is not checked

2020-07-22 15:18:19 - [MESSAGE][PASSED] - Object '' is present

2020-07-22 15:18:19 - [MESSAGE][PASSED] - Object '' is not checked

2020-07-22 15:18:19 - [MESSAGE][PASSED] - Object '' is present

2020-07-22 15:18:19 - [MESSAGE][PASSED] - Object: '' is clicked on

2020-07-22 15:18:20 - [MESSAGE][PASSED] - Object '' is present

2020-07-22 15:18:20 - [MESSAGE][PASSED] - Object '' is not checked

2020-07-22 15:18:20 - [MESSAGE][PASSED] - Object '' is present

2020-07-22 15:18:21 - [MESSAGE][PASSED] - Object '' is not checked

2020-07-22 15:18:21 - [MESSAGE][PASSED] - Object '' is present

2020-07-22 15:18:21 - [MESSAGE][PASSED] - Object '' is not checked

2020-07-22 15:18:21 - [MESSAGE][PASSED] - Object '' is present

2020-07-22 15:18:22 - [MESSAGE][PASSED] - Object: '' is clicked on

2020-07-22 15:18:22 - [MESSAGE][PASSED] - Object '' is present

2020-07-22 15:18:22 - [MESSAGE][PASSED] - Object '' is not checked

2020-07-22 15:18:23 - [MESSAGE][PASSED] - Object '' is present

2020-07-22 15:18:23 - [MESSAGE][PASSED] - Object '' is not checked

2020-07-22 15:18:23 - [MESSAGE][PASSED] - Object '' is present

2020-07-22 15:18:23 - [MESSAGE][PASSED] - Object '' is not checked

2020-07-22 15:18:24 - [MESSAGE][PASSED] - Object '' is present

2020-07-22 15:18:24 - [MESSAGE][PASSED] - Object '' is not checked

2020-07-22 15:18:24 - [MESSAGE][PASSED] - Object '' is present

2020-07-22 15:18:25 - [MESSAGE][PASSED] - Object '' is not checked

2020-07-22 15:18:25 - [MESSAGE][PASSED] - Object '' is present

2020-07-22 15:18:25 - [MESSAGE][PASSED] - Object '' is not checked

2020-07-22 15:18:25 - [MESSAGE][PASSED] - Object '' is present

2020-07-22 15:18:26 - [MESSAGE][PASSED] - Object '' is not checked

2020-07-22 15:18:26 - [MESSAGE][PASSED] - Object '' is present

2020-07-22 15:18:26 - [MESSAGE][PASSED] - Object: '' is clicked on

2020-07-22 15:18:27 - [MESSAGE][PASSED] - Object '' is present

2020-07-22 15:18:27 - [MESSAGE][PASSED] - Object '' is not checked

2020-07-22 15:18:27 - [MESSAGE][PASSED] - Object '' is present

2020-07-22 15:18:28 - [MESSAGE][PASSED] - Object '' is not checked

2020-07-22 15:18:28 - [MESSAGE][PASSED] - Object '' is present

2020-07-22 15:18:28 - [MESSAGE][PASSED] - Object '' is not checked

2020-07-22 15:18:28 - [MESSAGE][PASSED] - Object '' is present

2020-07-22 15:18:29 - [MESSAGE][PASSED] - Object '' is not checked

2020-07-22 15:18:29 - [MESSAGE][PASSED] - Object '' is present

2020-07-22 15:18:29 - [MESSAGE][PASSED] - Object '' is not checked

2020-07-22 15:18:29 - [MESSAGE][PASSED] - Object '' is present

2020-07-22 15:18:30 - [MESSAGE][PASSED] - Object '' is not checked

2020-07-22 15:18:30 - [MESSAGE][PASSED] - Object '' is present

2020-07-22 15:18:30 - [MESSAGE][PASSED] - Object '' is not checked

2020-07-22 15:18:30 - [MESSAGE][PASSED] - Object '' is present

2020-07-22 15:18:31 - [MESSAGE][PASSED] - Object: '' is clicked on

2020-07-22 15:18:31 - [MESSAGE][PASSED] - Object '' is present

2020-07-22 15:18:32 - [MESSAGE][PASSED] - Object '' is not checked

2020-07-22 15:18:32 - [MESSAGE][PASSED] - Object '' is present

2020-07-22 15:18:32 - [MESSAGE][PASSED] - Object '' is not checked

2020-07-22 15:18:32 - [MESSAGE][PASSED] - Object '' is present

2020-07-22 15:18:33 - [MESSAGE][PASSED] - Object '' is not checked

2020-07-22 15:18:33 - [MESSAGE][PASSED] - Object '' is present

2020-07-22 15:18:33 - [MESSAGE][PASSED] - Object '' is not checked

2020-07-22 15:18:33 - [MESSAGE][PASSED] - Object '' is present

2020-07-22 15:18:34 - [MESSAGE][PASSED] - Object: '' is clicked on

2020-07-22 15:18:34 - [MESSAGE][PASSED] - Object '' is present

2020-07-22 15:18:34 - [MESSAGE][PASSED] - Object '' is not checked

2020-07-22 15:18:35 - [MESSAGE][PASSED] - Object '' is present

2020-07-22 15:18:35 - [MESSAGE][PASSED] - Object '' is not checked

2020-07-22 15:18:35 - [MESSAGE][PASSED] - Object '' is present

2020-07-22 15:18:35 - [MESSAGE][PASSED] - Object '' is not checked

2020-07-22 15:18:36 - [MESSAGE][PASSED] - Object '' is present

2020-07-22 15:18:36 - [MESSAGE][PASSED] - Object: '' is clicked on

2020-07-22 15:18:36 - [MESSAGE][PASSED] - Object '' is present

2020-07-22 15:18:37 - [MESSAGE][PASSED] - Object '' is not checked

2020-07-22 15:18:37 - [MESSAGE][PASSED] - Object '' is present

2020-07-22 15:18:37 - [MESSAGE][PASSED] - Object '' is not checked

2020-07-22 15:18:37 - [MESSAGE][PASSED] - Object '' is present

2020-07-22 15:18:38 - [MESSAGE][PASSED] - Object '' is not checked

2020-07-22 15:18:38 - [MESSAGE][PASSED] - Object '' is present

2020-07-22 15:18:38 - [MESSAGE][PASSED] - Object: '' is clicked on

2020-07-22 15:18:39 - [MESSAGE][PASSED] - Object '' is present

2020-07-22 15:18:39 - [MESSAGE][PASSED] - Object '' is not checked

2020-07-22 15:18:39 - [MESSAGE][PASSED] - Object '' is present

2020-07-22 15:18:40 - [MESSAGE][PASSED] - Object '' is not checked

2020-07-22 15:18:40 - [MESSAGE][PASSED] - Object '' is present

2020-07-22 15:18:40 - [MESSAGE][PASSED] - Object '' is not checked

2020-07-22 15:18:40 - [MESSAGE][PASSED] - Object '' is present

2020-07-22 15:18:41 - [MESSAGE][PASSED] - Object '' is not checked

2020-07-22 15:18:41 - [MESSAGE][PASSED] - Object '' is present

2020-07-22 15:18:41 - [MESSAGE][PASSED] - Object: '' is clicked on

2020-07-22 15:18:42 - [MESSAGE][PASSED] - Object '' is present

2020-07-22 15:18:42 - [MESSAGE][PASSED] - Object '' is not checked

2020-07-22 15:18:42 - [MESSAGE][PASSED] - Object '' is present

2020-07-22 15:18:43 - [MESSAGE][PASSED] - Object '' is not checked

2020-07-22 15:18:43 - [MESSAGE][PASSED] - Object '' is present

2020-07-22 15:18:43 - [MESSAGE][PASSED] - Object '' is not checked

2020-07-22 15:18:43 - [MESSAGE][PASSED] - Object '' is present

2020-07-22 15:18:44 - [MESSAGE][PASSED] - Object '' is not checked

2020-07-22 15:18:44 - [MESSAGE][PASSED] - Object '' is present

2020-07-22 15:18:44 - [MESSAGE][PASSED] - Object '' is not checked

2020-07-22 15:18:44 - [MESSAGE][PASSED] - Object '' is present

2020-07-22 15:18:45 - [MESSAGE][PASSED] - Object '' is not checked

2020-07-22 15:18:45 - [MESSAGE][PASSED] - Object '' is present

2020-07-22 15:18:45 - [MESSAGE][PASSED] - Object '' is not checked

2020-07-22 15:18:46 - [MESSAGE][PASSED] - Object '' is present

2020-07-22 15:18:46 - [MESSAGE][PASSED] - Object: '' is clicked on

2020-07-22 15:18:46 - [MESSAGE][PASSED] - Object '' is present

2020-07-22 15:18:47 - [MESSAGE][PASSED] - Object '' is not checked

2020-07-22 15:18:47 - [MESSAGE][PASSED] - Object '' is present

2020-07-22 15:18:47 - [MESSAGE][PASSED] - Object '' is not checked

2020-07-22 15:18:48 - [MESSAGE][PASSED] - Object '' is present

2020-07-22 15:18:48 - [MESSAGE][PASSED] - Object '' is not checked

2020-07-22 15:18:48 - [MESSAGE][PASSED] - Object '' is present

2020-07-22 15:18:48 - [MESSAGE][PASSED] - Object '' is not checked

2020-07-22 15:18:49 - [MESSAGE][PASSED] - Object '' is present

2020-07-22 15:18:49 - [MESSAGE][PASSED] - Object '' is not checked

2020-07-22 15:18:49 - [MESSAGE][PASSED] - Object '' is present

2020-07-22 15:18:49 - [MESSAGE][PASSED] - Object '' is not checked

2020-07-22 15:18:50 - [MESSAGE][PASSED] - Object '' is present

2020-07-22 15:18:50 - [MESSAGE][PASSED] - Object '' is not checked

2020-07-22 15:18:50 - [MESSAGE][PASSED] - Object: '' is clicked on

2020-07-22 15:18:50 - [MESSAGE][PASSED] - Object: '' is clicked on

2020-07-22 15:18:51 - [MESSAGE][PASSED] - Object: '' is clicked on

2020-07-22 15:18:51 - [MESSAGE][PASSED] - Object '' is present

2020-07-22 15:18:51 - [MESSAGE][PASSED] - Object: '' is clicked on

2020-07-22 15:18:52 - [MESSAGE][PASSED] - Object '' is present

2020-07-22 15:18:52 - [MESSAGE][PASSED] - Object '' is not checked

2020-07-22 15:18:52 - [MESSAGE][PASSED] - Object '' is present

2020-07-22 15:18:52 - [MESSAGE][PASSED] - Object '' is not checked

2020-07-22 15:18:53 - [MESSAGE][PASSED] - Object '' is present

2020-07-22 15:18:53 - [MESSAGE][PASSED] - Object: '' is clicked on

2020-07-22 15:18:53 - [MESSAGE][PASSED] - Object '' is present

2020-07-22 15:18:54 - [MESSAGE][PASSED] - Object '' is not checked

2020-07-22 15:18:54 - [MESSAGE][PASSED] - Object '' is present

2020-07-22 15:18:54 - [MESSAGE][PASSED] - Object '' is not checked

2020-07-22 15:18:54 - [MESSAGE][PASSED] - Object '' is present

2020-07-22 15:18:55 - [MESSAGE][PASSED] - Object '' is not checked

2020-07-22 15:18:55 - [MESSAGE][PASSED] - Object '' is present

2020-07-22 15:18:55 - [MESSAGE][PASSED] - Object '' is not checked

2020-07-22 15:18:56 - [MESSAGE][PASSED] - Object '' is present

2020-07-22 15:18:56 - [MESSAGE][PASSED] - Object: '' is clicked on

2020-07-22 15:18:56 - [MESSAGE][PASSED] - Object '' is present

2020-07-22 15:18:57 - [MESSAGE][PASSED] - Object '' is not checked

2020-07-22 15:18:57 - [MESSAGE][PASSED] - Object '' is present

2020-07-22 15:18:57 - [MESSAGE][PASSED] - Object '' is not checked

2020-07-22 15:18:57 - [MESSAGE][PASSED] - Object '' is present

2020-07-22 15:18:58 - [MESSAGE][PASSED] - Object '' is not checked

2020-07-22 15:18:58 - [MESSAGE][PASSED] - Object '' is present

2020-07-22 15:18:58 - [MESSAGE][PASSED] - Object '' is not checked

2020-07-22 15:18:59 - [MESSAGE][PASSED] - Object '' is present

2020-07-22 15:18:59 - [MESSAGE][PASSED] - Object '' is not checked

2020-07-22 15:18:59 - [MESSAGE][PASSED] - Object: '' is clicked on

2020-07-22 15:18:59 - [MESSAGE][PASSED] - Object: '' is clicked on

2020-07-22 15:19:00 - [MESSAGE][PASSED] - Object: '' is clicked on

2020-07-22 15:19:00 - [MESSAGE][PASSED] - Varify the mistake detail already match with the matrix Base on Type Contract

2020-07-22 15:19:00 - [TEST_STEP][FAILED] - Checkbox General Mistake "KTP Foto Komponen Tidak Ada": Checkbox General Mistake "KTP Foto Komponen Tidak Ada" FAILED.
Reason:
com.kms.katalon.core.exception.StepFailedException: Unable to click on object ''
	at com.kms.katalon.core.webui.keyword.internal.WebUIKeywordMain.stepFailed(WebUIKeywordMain.groovy:64)
	at com.kms.katalon.core.webui.keyword.internal.WebUIKeywordMain.runKeyword(WebUIKeywordMain.groovy:26)
	at com.kms.katalon.core.webui.keyword.builtin.ClickKeyword.click(ClickKeyword.groovy:76)
	at com.kms.katalon.core.webui.keyword.builtin.ClickKeyword.execute(ClickKeyword.groovy:43)
	at com.kms.katalon.core.keyword.internal.KeywordExecutor.executeKeywordForPlatform(KeywordExecutor.groovy:73)
	at com.kms.katalon.core.webui.keyword.WebUiBuiltInKeywords.click(WebUiBuiltInKeywords.groovy:616)
	at com.kms.katalon.core.webui.keyword.WebUiBuiltInKeywords$click$3.call(Unknown Source)
	at ist_real.Contract_Dispatcher.checkboxGeneralMistake(Contract_Dispatcher.groovy:938)
	at âœ½.Checkbox General Mistake "KTP Foto Komponen Tidak Ada"(/Users/chaidir.pratama01/Katalon Studio/IST_Automation_Git/Include/features/IST_Real/CONTRACT_DISPATCHER_TWO_WHEELERS/DEV/Pick_Mistake_Without_Choose_Dropdown_Mistake_Type.feature:48)
Caused by: java.lang.IndexOutOfBoundsException: Index: 0, Size: 0
	at com.kms.katalon.core.webui.common.WebUiCommonHelper.buildLocator(WebUiCommonHelper.java:519)
	at com.kms.katalon.core.webui.common.WebUiCommonHelper.findElementByNormalMethods(WebUiCommonHelper.java:985)
	at com.kms.katalon.core.webui.common.WebUiCommonHelper.findElementsBySelectedMethod(WebUiCommonHelper.java:894)
	at com.kms.katalon.core.webui.common.WebUiCommonHelper.findElementsWithSelfHealing(WebUiCommonHelper.java:791)
	at com.kms.katalon.core.webui.common.WebUiCommonHelper.findWebElements(WebUiCommonHelper.java:717)
	at com.kms.katalon.core.webui.common.WebUiCommonHelper.findWebElement(WebUiCommonHelper.java:1349)
	at com.kms.katalon.core.webui.keyword.internal.WebUIAbstractKeyword.findWebElement(WebUIAbstractKeyword.groovy:27)
	at com.kms.katalon.core.webui.keyword.internal.WebUIAbstractKeyword.findWebElement(WebUIAbstractKeyword.groovy:26)
	at com.kms.katalon.core.webui.keyword.builtin.ClickKeyword$_click_closure1.doCall(ClickKeyword.groovy:67)
	at com.kms.katalon.core.webui.keyword.builtin.ClickKeyword$_click_closure1.call(ClickKeyword.groovy)
	at com.kms.katalon.core.webui.keyword.internal.WebUIKeywordMain.runKeyword(WebUIKeywordMain.groovy:20)
	at com.kms.katalon.core.webui.keyword.builtin.ClickKeyword.click(ClickKeyword.groovy:76)
	at com.kms.katalon.core.webui.keyword.builtin.ClickKeyword.execute(ClickKeyword.groovy:43)
	at com.kms.katalon.core.keyword.internal.KeywordExecutor.executeKeywordForPlatform(KeywordExecutor.groovy:73)
	at com.kms.katalon.core.webui.keyword.WebUiBuiltInKeywords.click(WebUiBuiltInKeywords.groovy:616)
	at com.kms.katalon.core.webui.keyword.WebUiBuiltInKeywords$click$3.call(Unknown Source)
	at ist_real.Contract_Dispatcher.checkboxGeneralMistake(Contract_Dispatcher.groovy:938)
	at cucumber.runtime.Utils$1.call(Utils.java:26)
	at cucumber.runtime.Timeout.timeout(Timeout.java:16)
	at cucumber.runtime.Utils.invoke(Utils.java:20)
	at cucumber.runtime.java.JavaStepDefinition.execute(JavaStepDefinition.java:48)
	at cucumber.runtime.PickleStepDefinitionMatch.runStep(PickleStepDefinitionMatch.java:50)
	at cucumber.runner.TestStep.executeStep(TestStep.java:55)
	at cucumber.runner.TestStep.run(TestStep.java:42)
	at cucumber.runner.PickleStepTestStep.run(PickleStepTestStep.java:53)
	at cucumber.runner.TestCase.run(TestCase.java:47)
	at cucumber.runner.Runner.runPickle(Runner.java:44)
	at cucumber.runtime.Runtime.runFeature(Runtime.java:120)
	at cucumber.runtime.Runtime.run(Runtime.java:106)
	at cucumber.api.cli.Main.run(Main.java:35)
	at cucumber.api.cli.Main$run.call(Unknown Source)
	at com.kms.katalon.core.cucumber.keyword.CucumberBuiltinKeywords$_runFeatureFile_closure1.doCall(CucumberBuiltinKeywords.groovy:76)
	at com.kms.katalon.core.cucumber.keyword.CucumberBuiltinKeywords$_runFeatureFile_closure1.doCall(CucumberBuiltinKeywords.groovy)
	at com.kms.katalon.core.keyword.internal.KeywordMain.runKeyword(KeywordMain.groovy:68)
	at com.kms.katalon.core.keyword.internal.KeywordMain$runKeyword.call(Unknown Source)
	at com.kms.katalon.core.cucumber.keyword.CucumberBuiltinKeywords.runFeatureFile(CucumberBuiltinKeywords.groovy:46)
	at com.kms.katalon.core.cucumber.keyword.CucumberBuiltinKeywords$runFeatureFile$0.callStatic(Unknown Source)
	at com.kms.katalon.core.cucumber.keyword.CucumberBuiltinKeywords.runFeatureFile(CucumberBuiltinKeywords.groovy:169)
	at com.kms.katalon.core.cucumber.keyword.CucumberBuiltinKeywords$runFeatureFile.call(Unknown Source)
	at Pick_Mistake_Without_Choose_Dropdown_Mistake_Type.run(Pick_Mistake_Without_Choose_Dropdown_Mistake_Type:16)
	at com.kms.katalon.core.main.ScriptEngine.run(ScriptEngine.java:194)
	at com.kms.katalon.core.main.ScriptEngine.runScriptAsRawText(ScriptEngine.java:119)
	at com.kms.katalon.core.main.TestCaseExecutor.runScript(TestCaseExecutor.java:339)
	at com.kms.katalon.core.main.TestCaseExecutor.doExecute(TestCaseExecutor.java:330)
	at com.kms.katalon.core.main.TestCaseExecutor.processExecutionPhase(TestCaseExecutor.java:309)
	at com.kms.katalon.core.main.TestCaseExecutor.accessMainPhase(TestCaseExecutor.java:301)
	at com.kms.katalon.core.main.TestCaseExecutor.execute(TestCaseExecutor.java:235)
	at com.kms.katalon.core.main.TestSuiteExecutor.accessTestCaseMainPhase(TestSuiteExecutor.java:191)
	at com.kms.katalon.core.main.TestSuiteExecutor.accessTestSuiteMainPhase(TestSuiteExecutor.java:141)
	at com.kms.katalon.core.main.TestSuiteExecutor.execute(TestSuiteExecutor.java:90)
	at com.kms.katalon.core.main.TestCaseMain.startTestSuite(TestCaseMain.java:157)
	at com.kms.katalon.core.main.TestCaseMain$startTestSuite$0.call(Unknown Source)
	at TempTestSuite1595405610477.run(TempTestSuite1595405610477.groovy:39)


2020-07-22 15:19:31 - [MESSAGE][INFO] - Unable to find the element located by 'By.xpath: //span[text()='KTP Foto Komponen Tidak Ada' and @class='z-label']/../../preceding-sibling::td//input[@type='checkbox']'. Please recheck the objects properties to make sure the desired element is located. 

2020-07-22 15:19:31 - [MESSAGE][WARNING] - [SELF-HEALING] Failed to find element with id ''. Try using Self-healing.

2020-07-22 15:19:31 - [MESSAGE][FAILED] - Unable to click on object '' (Root cause: com.kms.katalon.core.exception.StepFailedException: Unable to click on object ''
	at com.kms.katalon.core.webui.keyword.internal.WebUIKeywordMain.stepFailed(WebUIKeywordMain.groovy:64)
	at com.kms.katalon.core.webui.keyword.internal.WebUIKeywordMain.runKeyword(WebUIKeywordMain.groovy:26)
	at com.kms.katalon.core.webui.keyword.builtin.ClickKeyword.click(ClickKeyword.groovy:76)
	at com.kms.katalon.core.webui.keyword.builtin.ClickKeyword.execute(ClickKeyword.groovy:43)
	at com.kms.katalon.core.keyword.internal.KeywordExecutor.executeKeywordForPlatform(KeywordExecutor.groovy:73)
	at com.kms.katalon.core.webui.keyword.WebUiBuiltInKeywords.click(WebUiBuiltInKeywords.groovy:616)
	at com.kms.katalon.core.webui.keyword.WebUiBuiltInKeywords$click$3.call(Unknown Source)
	at ist_real.Contract_Dispatcher.checkboxGeneralMistake(Contract_Dispatcher.groovy:938)
	at cucumber.runtime.Utils$1.call(Utils.java:26)
	at cucumber.runtime.Timeout.timeout(Timeout.java:16)
	at cucumber.runtime.Utils.invoke(Utils.java:20)
	at cucumber.runtime.java.JavaStepDefinition.execute(JavaStepDefinition.java:48)
	at cucumber.runtime.PickleStepDefinitionMatch.runStep(PickleStepDefinitionMatch.java:50)
	at cucumber.runner.TestStep.executeStep(TestStep.java:55)
	at cucumber.runner.TestStep.run(TestStep.java:42)
	at cucumber.runner.PickleStepTestStep.run(PickleStepTestStep.java:53)
	at cucumber.runner.TestCase.run(TestCase.java:47)
	at cucumber.runner.Runner.runPickle(Runner.java:44)
	at cucumber.runtime.Runtime.runFeature(Runtime.java:120)
	at cucumber.runtime.Runtime.run(Runtime.java:106)
	at cucumber.api.cli.Main.run(Main.java:35)
	at cucumber.api.cli.Main$run.call(Unknown Source)
	at com.kms.katalon.core.cucumber.keyword.CucumberBuiltinKeywords$_runFeatureFile_closure1.doCall(CucumberBuiltinKeywords.groovy:76)
	at com.kms.katalon.core.cucumber.keyword.CucumberBuiltinKeywords$_runFeatureFile_closure1.doCall(CucumberBuiltinKeywords.groovy)
	at com.kms.katalon.core.keyword.internal.KeywordMain.runKeyword(KeywordMain.groovy:68)
	at com.kms.katalon.core.keyword.internal.KeywordMain$runKeyword.call(Unknown Source)
	at com.kms.katalon.core.cucumber.keyword.CucumberBuiltinKeywords.runFeatureFile(CucumberBuiltinKeywords.groovy:46)
	at com.kms.katalon.core.cucumber.keyword.CucumberBuiltinKeywords$runFeatureFile$0.callStatic(Unknown Source)
	at com.kms.katalon.core.cucumber.keyword.CucumberBuiltinKeywords.runFeatureFile(CucumberBuiltinKeywords.groovy:169)
	at com.kms.katalon.core.cucumber.keyword.CucumberBuiltinKeywords$runFeatureFile.call(Unknown Source)
	at Pick_Mistake_Without_Choose_Dropdown_Mistake_Type.run(Pick_Mistake_Without_Choose_Dropdown_Mistake_Type:16)
	at com.kms.katalon.core.main.ScriptEngine.run(ScriptEngine.java:194)
	at com.kms.katalon.core.main.ScriptEngine.runScriptAsRawText(ScriptEngine.java:119)
	at com.kms.katalon.core.main.TestCaseExecutor.runScript(TestCaseExecutor.java:339)
	at com.kms.katalon.core.main.TestCaseExecutor.doExecute(TestCaseExecutor.java:330)
	at com.kms.katalon.core.main.TestCaseExecutor.processExecutionPhase(TestCaseExecutor.java:309)
	at com.kms.katalon.core.main.TestCaseExecutor.accessMainPhase(TestCaseExecutor.java:301)
	at com.kms.katalon.core.main.TestCaseExecutor.execute(TestCaseExecutor.java:235)
	at com.kms.katalon.core.main.TestSuiteExecutor.accessTestCaseMainPhase(TestSuiteExecutor.java:191)
	at com.kms.katalon.core.main.TestSuiteExecutor.accessTestSuiteMainPhase(TestSuiteExecutor.java:141)
	at com.kms.katalon.core.main.TestSuiteExecutor.execute(TestSuiteExecutor.java:90)
	at com.kms.katalon.core.main.TestCaseMain.startTestSuite(TestCaseMain.java:157)
	at com.kms.katalon.core.main.TestCaseMain$startTestSuite$0.call(Unknown Source)
	at TempTestSuite1595405610477.run(TempTestSuite1595405610477.groovy:39)
Caused by: java.lang.IndexOutOfBoundsException: Index: 0, Size: 0
	at com.kms.katalon.core.webui.common.WebUiCommonHelper.buildLocator(WebUiCommonHelper.java:519)
	at com.kms.katalon.core.webui.common.WebUiCommonHelper.findElementByNormalMethods(WebUiCommonHelper.java:985)
	at com.kms.katalon.core.webui.common.WebUiCommonHelper.findElementsBySelectedMethod(WebUiCommonHelper.java:894)
	at com.kms.katalon.core.webui.common.WebUiCommonHelper.findElementsWithSelfHealing(WebUiCommonHelper.java:791)
	at com.kms.katalon.core.webui.common.WebUiCommonHelper.findWebElements(WebUiCommonHelper.java:717)
	at com.kms.katalon.core.webui.common.WebUiCommonHelper.findWebElement(WebUiCommonHelper.java:1349)
	at com.kms.katalon.core.webui.keyword.internal.WebUIAbstractKeyword.findWebElement(WebUIAbstractKeyword.groovy:27)
	at com.kms.katalon.core.webui.keyword.internal.WebUIAbstractKeyword.findWebElement(WebUIAbstractKeyword.groovy:26)
	at com.kms.katalon.core.webui.keyword.builtin.ClickKeyword$_click_closure1.doCall(ClickKeyword.groovy:67)
	at com.kms.katalon.core.webui.keyword.builtin.ClickKeyword$_click_closure1.call(ClickKeyword.groovy)
	at com.kms.katalon.core.webui.keyword.internal.WebUIKeywordMain.runKeyword(WebUIKeywordMain.groovy:20)
	at com.kms.katalon.core.webui.keyword.builtin.ClickKeyword.click(ClickKeyword.groovy:76)
	at com.kms.katalon.core.webui.keyword.builtin.ClickKeyword.execute(ClickKeyword.groovy:43)
	at com.kms.katalon.core.keyword.internal.KeywordExecutor.executeKeywordForPlatform(KeywordExecutor.groovy:73)
	at com.kms.katalon.core.webui.keyword.WebUiBuiltInKeywords.click(WebUiBuiltInKeywords.groovy:616)
	at com.kms.katalon.core.webui.keyword.WebUiBuiltInKeywords$click$3.call(Unknown Source)
	at ist_real.Contract_Dispatcher.checkboxGeneralMistake(Contract_Dispatcher.groovy:938)
	at cucumber.runtime.Utils$1.call(Utils.java:26)
	at cucumber.runtime.Timeout.timeout(Timeout.java:16)
	at cucumber.runtime.Utils.invoke(Utils.java:20)
	at cucumber.runtime.java.JavaStepDefinition.execute(JavaStepDefinition.java:48)
	at cucumber.runtime.PickleStepDefinitionMatch.runStep(PickleStepDefinitionMatch.java:50)
	at cucumber.runner.TestStep.executeStep(TestStep.java:55)
	at cucumber.runner.TestStep.run(TestStep.java:42)
	at cucumber.runner.PickleStepTestStep.run(PickleStepTestStep.java:53)
	at cucumber.runner.TestCase.run(TestCase.java:47)
	at cucumber.runner.Runner.runPickle(Runner.java:44)
	at cucumber.runtime.Runtime.runFeature(Runtime.java:120)
	at cucumber.runtime.Runtime.run(Runtime.java:106)
	at cucumber.api.cli.Main.run(Main.java:35)
	at cucumber.api.cli.Main$run.call(Unknown Source)
	at com.kms.katalon.core.cucumber.keyword.CucumberBuiltinKeywords$_runFeatureFile_closure1.doCall(CucumberBuiltinKeywords.groovy:76)
	at com.kms.katalon.core.cucumber.keyword.CucumberBuiltinKeywords$_runFeatureFile_closure1.doCall(CucumberBuiltinKeywords.groovy)
	at com.kms.katalon.core.keyword.internal.KeywordMain.runKeyword(KeywordMain.groovy:68)
	at com.kms.katalon.core.keyword.internal.KeywordMain$runKeyword.call(Unknown Source)
	at com.kms.katalon.core.cucumber.keyword.CucumberBuiltinKeywords.runFeatureFile(CucumberBuiltinKeywords.groovy:46)
	at com.kms.katalon.core.cucumber.keyword.CucumberBuiltinKeywords$runFeatureFile$0.callStatic(Unknown Source)
	at com.kms.katalon.core.cucumber.keyword.CucumberBuiltinKeywords.runFeatureFile(CucumberBuiltinKeywords.groovy:169)
	at com.kms.katalon.core.cucumber.keyword.CucumberBuiltinKeywords$runFeatureFile.call(Unknown Source)
	at Script1582710851139.run(Script1582710851139.groovy:16)
	... 13 more
)
[[ATTACHMENT|/Users/chaidir.pratama01/Katalon Studio/IST_Automation_Git/Reports/20200722_151330/CONTRACT_DISPATCHER_TWO_WHEELERS/DEV/TS_Contract_Dispatcher_Two_Wheelers/20200722_151330/1595405971390.png]]

2020-07-22 15:19:31 - [MESSAGE][FAILED] - Checkbox General Mistake "KTP Foto Komponen Tidak Ada" FAILED.
Reason:
com.kms.katalon.core.exception.StepFailedException: Unable to click on object ''
	at com.kms.katalon.core.webui.keyword.internal.WebUIKeywordMain.stepFailed(WebUIKeywordMain.groovy:64)
	at com.kms.katalon.core.webui.keyword.internal.WebUIKeywordMain.runKeyword(WebUIKeywordMain.groovy:26)
	at com.kms.katalon.core.webui.keyword.builtin.ClickKeyword.click(ClickKeyword.groovy:76)
	at com.kms.katalon.core.webui.keyword.builtin.ClickKeyword.execute(ClickKeyword.groovy:43)
	at com.kms.katalon.core.keyword.internal.KeywordExecutor.executeKeywordForPlatform(KeywordExecutor.groovy:73)
	at com.kms.katalon.core.webui.keyword.WebUiBuiltInKeywords.click(WebUiBuiltInKeywords.groovy:616)
	at com.kms.katalon.core.webui.keyword.WebUiBuiltInKeywords$click$3.call(Unknown Source)
	at ist_real.Contract_Dispatcher.checkboxGeneralMistake(Contract_Dispatcher.groovy:938)
	at âœ½.Checkbox General Mistake "KTP Foto Komponen Tidak Ada"(/Users/chaidir.pratama01/Katalon Studio/IST_Automation_Git/Include/features/IST_Real/CONTRACT_DISPATCHER_TWO_WHEELERS/DEV/Pick_Mistake_Without_Choose_Dropdown_Mistake_Type.feature:48)
Caused by: java.lang.IndexOutOfBoundsException: Index: 0, Size: 0
	at com.kms.katalon.core.webui.common.WebUiCommonHelper.buildLocator(WebUiCommonHelper.java:519)
	at com.kms.katalon.core.webui.common.WebUiCommonHelper.findElementByNormalMethods(WebUiCommonHelper.java:985)
	at com.kms.katalon.core.webui.common.WebUiCommonHelper.findElementsBySelectedMethod(WebUiCommonHelper.java:894)
	at com.kms.katalon.core.webui.common.WebUiCommonHelper.findElementsWithSelfHealing(WebUiCommonHelper.java:791)
	at com.kms.katalon.core.webui.common.WebUiCommonHelper.findWebElements(WebUiCommonHelper.java:717)
	at com.kms.katalon.core.webui.common.WebUiCommonHelper.findWebElement(WebUiCommonHelper.java:1349)
	at com.kms.katalon.core.webui.keyword.internal.WebUIAbstractKeyword.findWebElement(WebUIAbstractKeyword.groovy:27)
	at com.kms.katalon.core.webui.keyword.internal.WebUIAbstractKeyword.findWebElement(WebUIAbstractKeyword.groovy:26)
	at com.kms.katalon.core.webui.keyword.builtin.ClickKeyword$_click_closure1.doCall(ClickKeyword.groovy:67)
	at com.kms.katalon.core.webui.keyword.builtin.ClickKeyword$_click_closure1.call(ClickKeyword.groovy)
	at com.kms.katalon.core.webui.keyword.internal.WebUIKeywordMain.runKeyword(WebUIKeywordMain.groovy:20)
	at com.kms.katalon.core.webui.keyword.builtin.ClickKeyword.click(ClickKeyword.groovy:76)
	at com.kms.katalon.core.webui.keyword.builtin.ClickKeyword.execute(ClickKeyword.groovy:43)
	at com.kms.katalon.core.keyword.internal.KeywordExecutor.executeKeywordForPlatform(KeywordExecutor.groovy:73)
	at com.kms.katalon.core.webui.keyword.WebUiBuiltInKeywords.click(WebUiBuiltInKeywords.groovy:616)
	at com.kms.katalon.core.webui.keyword.WebUiBuiltInKeywords$click$3.call(Unknown Source)
	at ist_real.Contract_Dispatcher.checkboxGeneralMistake(Contract_Dispatcher.groovy:938)
	at cucumber.runtime.Utils$1.call(Utils.java:26)
	at cucumber.runtime.Timeout.timeout(Timeout.java:16)
	at cucumber.runtime.Utils.invoke(Utils.java:20)
	at cucumber.runtime.java.JavaStepDefinition.execute(JavaStepDefinition.java:48)
	at cucumber.runtime.PickleStepDefinitionMatch.runStep(PickleStepDefinitionMatch.java:50)
	at cucumber.runner.TestStep.executeStep(TestStep.java:55)
	at cucumber.runner.TestStep.run(TestStep.java:42)
	at cucumber.runner.PickleStepTestStep.run(PickleStepTestStep.java:53)
	at cucumber.runner.TestCase.run(TestCase.java:47)
	at cucumber.runner.Runner.runPickle(Runner.java:44)
	at cucumber.runtime.Runtime.runFeature(Runtime.java:120)
	at cucumber.runtime.Runtime.run(Runtime.java:106)
	at cucumber.api.cli.Main.run(Main.java:35)
	at cucumber.api.cli.Main$run.call(Unknown Source)
	at com.kms.katalon.core.cucumber.keyword.CucumberBuiltinKeywords$_runFeatureFile_closure1.doCall(CucumberBuiltinKeywords.groovy:76)
	at com.kms.katalon.core.cucumber.keyword.CucumberBuiltinKeywords$_runFeatureFile_closure1.doCall(CucumberBuiltinKeywords.groovy)
	at com.kms.katalon.core.keyword.internal.KeywordMain.runKeyword(KeywordMain.groovy:68)
	at com.kms.katalon.core.keyword.internal.KeywordMain$runKeyword.call(Unknown Source)
	at com.kms.katalon.core.cucumber.keyword.CucumberBuiltinKeywords.runFeatureFile(CucumberBuiltinKeywords.groovy:46)
	at com.kms.katalon.core.cucumber.keyword.CucumberBuiltinKeywords$runFeatureFile$0.callStatic(Unknown Source)
	at com.kms.katalon.core.cucumber.keyword.CucumberBuiltinKeywords.runFeatureFile(CucumberBuiltinKeywords.groovy:169)
	at com.kms.katalon.core.cucumber.keyword.CucumberBuiltinKeywords$runFeatureFile.call(Unknown Source)
	at Pick_Mistake_Without_Choose_Dropdown_Mistake_Type.run(Pick_Mistake_Without_Choose_Dropdown_Mistake_Type:16)
	at com.kms.katalon.core.main.ScriptEngine.run(ScriptEngine.java:194)
	at com.kms.katalon.core.main.ScriptEngine.runScriptAsRawText(ScriptEngine.java:119)
	at com.kms.katalon.core.main.TestCaseExecutor.runScript(TestCaseExecutor.java:339)
	at com.kms.katalon.core.main.TestCaseExecutor.doExecute(TestCaseExecutor.java:330)
	at com.kms.katalon.core.main.TestCaseExecutor.processExecutionPhase(TestCaseExecutor.java:309)
	at com.kms.katalon.core.main.TestCaseExecutor.accessMainPhase(TestCaseExecutor.java:301)
	at com.kms.katalon.core.main.TestCaseExecutor.execute(TestCaseExecutor.java:235)
	at com.kms.katalon.core.main.TestSuiteExecutor.accessTestCaseMainPhase(TestSuiteExecutor.java:191)
	at com.kms.katalon.core.main.TestSuiteExecutor.accessTestSuiteMainPhase(TestSuiteExecutor.java:141)
	at com.kms.katalon.core.main.TestSuiteExecutor.execute(TestSuiteExecutor.java:90)
	at com.kms.katalon.core.main.TestCaseMain.startTestSuite(TestCaseMain.java:157)
	at com.kms.katalon.core.main.TestCaseMain$startTestSuite$0.call(Unknown Source)
	at TempTestSuite1595405610477.run(TempTestSuite1595405610477.groovy:39)


2020-07-22 15:19:31 - [TEST_STEP][NOT_RUN] - Click button "Save": Click button "Save"

2020-07-22 15:19:31 - [MESSAGE][NOT_RUN] - Click button "Save"

2020-07-22 15:19:31 - [TEST_STEP][NOT_RUN] - Get text from pop up "IT Supporting Tools" with text "Mistake Type cannot be empty": Get text from pop up "IT Supporting Tools" with text "Mistake Type cannot be empty"

2020-07-22 15:19:31 - [MESSAGE][NOT_RUN] - Get text from pop up "IT Supporting Tools" with text "Mistake Type cannot be empty"

2020-07-22 15:19:31 - [TEST_STEP][NOT_RUN] - Click button "OK": Click button "OK"

2020-07-22 15:19:31 - [MESSAGE][NOT_RUN] - Click button "OK"

2020-07-22 15:19:31 - [TEST_STEP][NOT_RUN] - Click button "Logout": Click button "Logout"

2020-07-22 15:19:31 - [MESSAGE][NOT_RUN] - Click button "Logout"

2020-07-22 15:19:31 - [TEST_STEP][NOT_RUN] - Comment "Register Mistake failed because Dropdown Mistake type didn't choose": Comment "Register Mistake failed because Dropdown Mistake type didn't choose"

2020-07-22 15:19:31 - [MESSAGE][NOT_RUN] - Comment "Register Mistake failed because Dropdown Mistake type didn't choose"

2020-07-22 15:19:31 - [TEST_STEP][NOT_RUN] - Close browser: Close browser

2020-07-22 15:19:31 - [MESSAGE][NOT_RUN] - Close browser

2020-07-22 15:19:32 - [MESSAGE][FAILED] - Feature file 'Include/features/IST_Real/CONTRACT_DISPATCHER_TWO_WHEELERS/DEV/Pick_Mistake_Without_Choose_Dropdown_Mistake_Type.feature' was failed

2020-07-22 15:19:32 - [MESSAGE][FAILED] - Keyword runFeatureFile was failed (Root cause: com.kms.katalon.core.exception.StepFailedException: Feature file 'Include/features/IST_Real/CONTRACT_DISPATCHER_TWO_WHEELERS/DEV/Pick_Mistake_Without_Choose_Dropdown_Mistake_Type.feature' was failed
	at com.kms.katalon.core.keyword.internal.KeywordMain.stepFailed(KeywordMain.groovy:50)
	at com.kms.katalon.core.keyword.internal.KeywordMain.stepFailed(KeywordMain.groovy)
	at com.kms.katalon.core.keyword.internal.KeywordMain.stepFailed(KeywordMain.groovy:23)
	at com.kms.katalon.core.keyword.internal.KeywordMain$stepFailed$0.call(Unknown Source)
	at com.kms.katalon.core.cucumber.keyword.CucumberBuiltinKeywords$_runFeatureFile_closure1.doCall(CucumberBuiltinKeywords.groovy:82)
	at com.kms.katalon.core.cucumber.keyword.CucumberBuiltinKeywords$_runFeatureFile_closure1.doCall(CucumberBuiltinKeywords.groovy)
	at com.kms.katalon.core.keyword.internal.KeywordMain.runKeyword(KeywordMain.groovy:68)
	at com.kms.katalon.core.keyword.internal.KeywordMain$runKeyword.call(Unknown Source)
	at com.kms.katalon.core.cucumber.keyword.CucumberBuiltinKeywords.runFeatureFile(CucumberBuiltinKeywords.groovy:46)
	at com.kms.katalon.core.cucumber.keyword.CucumberBuiltinKeywords$runFeatureFile$0.callStatic(Unknown Source)
	at com.kms.katalon.core.cucumber.keyword.CucumberBuiltinKeywords.runFeatureFile(CucumberBuiltinKeywords.groovy:169)
	at com.kms.katalon.core.cucumber.keyword.CucumberBuiltinKeywords$runFeatureFile.call(Unknown Source)
	at Pick_Mistake_Without_Choose_Dropdown_Mistake_Type.run(Pick_Mistake_Without_Choose_Dropdown_Mistake_Type:16)
	at com.kms.katalon.core.main.ScriptEngine.run(ScriptEngine.java:194)
	at com.kms.katalon.core.main.ScriptEngine.runScriptAsRawText(ScriptEngine.java:119)
	at com.kms.katalon.core.main.TestCaseExecutor.runScript(TestCaseExecutor.java:339)
	at com.kms.katalon.core.main.TestCaseExecutor.doExecute(TestCaseExecutor.java:330)
	at com.kms.katalon.core.main.TestCaseExecutor.processExecutionPhase(TestCaseExecutor.java:309)
	at com.kms.katalon.core.main.TestCaseExecutor.accessMainPhase(TestCaseExecutor.java:301)
	at com.kms.katalon.core.main.TestCaseExecutor.execute(TestCaseExecutor.java:235)
	at com.kms.katalon.core.main.TestSuiteExecutor.accessTestCaseMainPhase(TestSuiteExecutor.java:191)
	at com.kms.katalon.core.main.TestSuiteExecutor.accessTestSuiteMainPhase(TestSuiteExecutor.java:141)
	at com.kms.katalon.core.main.TestSuiteExecutor.execute(TestSuiteExecutor.java:90)
	at com.kms.katalon.core.main.TestCaseMain.startTestSuite(TestCaseMain.java:157)
	at com.kms.katalon.core.main.TestCaseMain$startTestSuite$0.call(Unknown Source)
	at TempTestSuite1595405610477.run(TempTestSuite1595405610477.groovy:39)
)]]></system-out>
         <system-err><![CDATA[2020-07-22 15:17:22 - [TEST_CASE][FAILED] - Test Cases/IST_Real/CONTRACT_DISPATCHER_TWO_WHEELERS/DEV/Pick_Mistake_Without_Choose_Dropdown_Mistake_Type: Test Cases/IST_Real/CONTRACT_DISPATCHER_TWO_WHEELERS/DEV/Pick_Mistake_Without_Choose_Dropdown_Mistake_Type FAILED.
Reason:
com.kms.katalon.core.exception.StepFailedException: Feature file 'Include/features/IST_Real/CONTRACT_DISPATCHER_TWO_WHEELERS/DEV/Pick_Mistake_Without_Choose_Dropdown_Mistake_Type.feature' was failed
	at com.kms.katalon.core.keyword.internal.KeywordMain.stepFailed(KeywordMain.groovy:50)
	at com.kms.katalon.core.keyword.internal.KeywordMain.stepFailed(KeywordMain.groovy)
	at com.kms.katalon.core.keyword.internal.KeywordMain.stepFailed(KeywordMain.groovy:23)
	at com.kms.katalon.core.keyword.internal.KeywordMain$stepFailed$0.call(Unknown Source)
	at com.kms.katalon.core.cucumber.keyword.CucumberBuiltinKeywords$_runFeatureFile_closure1.doCall(CucumberBuiltinKeywords.groovy:82)
	at com.kms.katalon.core.cucumber.keyword.CucumberBuiltinKeywords$_runFeatureFile_closure1.doCall(CucumberBuiltinKeywords.groovy)
	at com.kms.katalon.core.keyword.internal.KeywordMain.runKeyword(KeywordMain.groovy:68)
	at com.kms.katalon.core.keyword.internal.KeywordMain$runKeyword.call(Unknown Source)
	at com.kms.katalon.core.cucumber.keyword.CucumberBuiltinKeywords.runFeatureFile(CucumberBuiltinKeywords.groovy:46)
	at com.kms.katalon.core.cucumber.keyword.CucumberBuiltinKeywords$runFeatureFile$0.callStatic(Unknown Source)
	at com.kms.katalon.core.cucumber.keyword.CucumberBuiltinKeywords.runFeatureFile(CucumberBuiltinKeywords.groovy:169)
	at com.kms.katalon.core.cucumber.keyword.CucumberBuiltinKeywords$runFeatureFile.call(Unknown Source)
	at Pick_Mistake_Without_Choose_Dropdown_Mistake_Type.run(Pick_Mistake_Without_Choose_Dropdown_Mistake_Type:16)
	at com.kms.katalon.core.main.ScriptEngine.run(ScriptEngine.java:194)
	at com.kms.katalon.core.main.ScriptEngine.runScriptAsRawText(ScriptEngine.java:119)
	at com.kms.katalon.core.main.TestCaseExecutor.runScript(TestCaseExecutor.java:339)
	at com.kms.katalon.core.main.TestCaseExecutor.doExecute(TestCaseExecutor.java:330)
	at com.kms.katalon.core.main.TestCaseExecutor.processExecutionPhase(TestCaseExecutor.java:309)
	at com.kms.katalon.core.main.TestCaseExecutor.accessMainPhase(TestCaseExecutor.java:301)
	at com.kms.katalon.core.main.TestCaseExecutor.execute(TestCaseExecutor.java:235)
	at com.kms.katalon.core.main.TestSuiteExecutor.accessTestCaseMainPhase(TestSuiteExecutor.java:191)
	at com.kms.katalon.core.main.TestSuiteExecutor.accessTestSuiteMainPhase(TestSuiteExecutor.java:141)
	at com.kms.katalon.core.main.TestSuiteExecutor.execute(TestSuiteExecutor.java:90)
	at com.kms.katalon.core.main.TestCaseMain.startTestSuite(TestCaseMain.java:157)
	at com.kms.katalon.core.main.TestCaseMain$startTestSuite$0.call(Unknown Source)
	at TempTestSuite1595405610477.run(TempTestSuite1595405610477.groovy:39)]]></system-err>
      </testcase>
      <testcase name="Test Cases/IST_Real/CONTRACT_DISPATCHER_TWO_WHEELERS/DEV/Update_Tbl_CDS_CDC" time="2.319" classname="Test Cases/IST_Real/CONTRACT_DISPATCHER_TWO_WHEELERS/DEV/Update_Tbl_CDS_CDC" status="PASSED">
         <system-out><![CDATA[2020-07-22 15:19:32 - [TEST_CASE][PASSED] - Test Cases/IST_Real/CONTRACT_DISPATCHER_TWO_WHEELERS/DEV/Update_Tbl_CDS_CDC: Test Cases/IST_Real/CONTRACT_DISPATCHER_TWO_WHEELERS/DEV/Update_Tbl_CDS_CDC

2020-07-22 15:19:32 - [TEST_STEP][PASSED] - runFeatureFile("Include/features/IST_Real/CONTRACT_DISPATCHER_TWO_WHEELERS/DEV/Update_Tbl_CDS_CDC.feature"): Feature file: 'Include/features/IST_Real/CONTRACT_DISPATCHER_TWO_WHEELERS/DEV/Update_Tbl_CDS_CDC.feature' was passed

2020-07-22 15:19:32 - [MESSAGE][INFO] - Starting run keyword runFeatureFile: 'Include/features/IST_Real/CONTRACT_DISPATCHER_TWO_WHEELERS/DEV/Update_Tbl_CDS_CDC.feature' and extract report to folder: '/Users/chaidir.pratama01/Katalon Studio/IST_Automation_Git/Reports/20200722_151330/CONTRACT_DISPATCHER_TWO_WHEELERS/DEV/TS_Contract_Dispatcher_Two_Wheelers/20200722_151330/cucumber_report/1595405972011'...

2020-07-22 15:19:32 - [TEST_CASE][PASSED] - Start Test Case : SCENARIO Update Table CONTRACT_DISPATCHER_SOURCE and CONTRACT_DISPTACHER_CLAIM: SCENARIO Update Table CONTRACT_DISPATCHER_SOURCE and CONTRACT_DISPTACHER_CLAIM

2020-07-22 15:19:32 - [TEST_STEP][PASSED] - Connect to APP_ACCOUNT C1: Connect to APP_ACCOUNT C1

2020-07-22 15:19:32 - [MESSAGE][PASSED] - Connect to APP_ACCOUNT C1

2020-07-22 15:19:32 - [TEST_STEP][PASSED] - Update Tbl CONTRACT DISPATCHER SOURCE To Change PROCESSED From Y to N: Update Tbl CONTRACT DISPATCHER SOURCE To Change PROCESSED From Y to N

2020-07-22 15:19:32 - [MESSAGE][PASSED] - Update Tbl CONTRACT DISPATCHER SOURCE To Change PROCESSED From Y to N

2020-07-22 15:19:32 - [TEST_STEP][PASSED] - Update Tbl CONTRACT DISPATCHER CLAIM To Delete PROCESS From Column STATUS: Update Tbl CONTRACT DISPATCHER CLAIM To Delete PROCESS From Column STATUS

2020-07-22 15:19:34 - [MESSAGE][PASSED] - Update Tbl CONTRACT DISPATCHER CLAIM To Delete PROCESS From Column STATUS

2020-07-22 15:19:34 - [MESSAGE][PASSED] - Feature file: 'Include/features/IST_Real/CONTRACT_DISPATCHER_TWO_WHEELERS/DEV/Update_Tbl_CDS_CDC.feature' was passed]]></system-out>
         <system-err><![CDATA[]]></system-err>
      </testcase>
      <testcase name="Test Cases/IST_Real/CONTRACT_DISPATCHER_TWO_WHEELERS/DEV/Pick_Mistake_Without_Write_Textarea_Note_After" time="44.648" classname="Test Cases/IST_Real/CONTRACT_DISPATCHER_TWO_WHEELERS/DEV/Pick_Mistake_Without_Write_Textarea_Note_After" status="FAILED">
         <failure type="FAILED" message="Test Cases/IST_Real/CONTRACT_DISPATCHER_TWO_WHEELERS/DEV/Pick_Mistake_Without_Write_Textarea_Note_After FAILED.
Reason:
com.kms.katalon.core.exception.StepFailedException: Feature file 'Include/features/IST_Real/CONTRACT_DISPATCHER_TWO_WHEELERS/DEV/Pick_Mistake_Without_Write_Textarea_Note_After.feature' was failed
	at com.kms.katalon.core.keyword.internal.KeywordMain.stepFailed(KeywordMain.groovy:50)
	at com.kms.katalon.core.keyword.internal.KeywordMain.stepFailed(KeywordMain.groovy)
	at com.kms.katalon.core.keyword.internal.KeywordMain.stepFailed(KeywordMain.groovy:23)
	at com.kms.katalon.core.keyword.internal.KeywordMain$stepFailed$0.call(Unknown Source)
	at com.kms.katalon.core.cucumber.keyword.CucumberBuiltinKeywords$_runFeatureFile_closure1.doCall(CucumberBuiltinKeywords.groovy:82)
	at com.kms.katalon.core.cucumber.keyword.CucumberBuiltinKeywords$_runFeatureFile_closure1.doCall(CucumberBuiltinKeywords.groovy)
	at com.kms.katalon.core.keyword.internal.KeywordMain.runKeyword(KeywordMain.groovy:68)
	at com.kms.katalon.core.keyword.internal.KeywordMain$runKeyword.call(Unknown Source)
	at com.kms.katalon.core.cucumber.keyword.CucumberBuiltinKeywords.runFeatureFile(CucumberBuiltinKeywords.groovy:46)
	at com.kms.katalon.core.cucumber.keyword.CucumberBuiltinKeywords$runFeatureFile$0.callStatic(Unknown Source)
	at com.kms.katalon.core.cucumber.keyword.CucumberBuiltinKeywords.runFeatureFile(CucumberBuiltinKeywords.groovy:169)
	at com.kms.katalon.core.cucumber.keyword.CucumberBuiltinKeywords$runFeatureFile.call(Unknown Source)
	at Pick_Mistake_Without_Write_Textarea_Note_After.run(Pick_Mistake_Without_Write_Textarea_Note_After:16)
	at com.kms.katalon.core.main.ScriptEngine.run(ScriptEngine.java:194)
	at com.kms.katalon.core.main.ScriptEngine.runScriptAsRawText(ScriptEngine.java:119)
	at com.kms.katalon.core.main.TestCaseExecutor.runScript(TestCaseExecutor.java:339)
	at com.kms.katalon.core.main.TestCaseExecutor.doExecute(TestCaseExecutor.java:330)
	at com.kms.katalon.core.main.TestCaseExecutor.processExecutionPhase(TestCaseExecutor.java:309)
	at com.kms.katalon.core.main.TestCaseExecutor.accessMainPhase(TestCaseExecutor.java:301)
	at com.kms.katalon.core.main.TestCaseExecutor.execute(TestCaseExecutor.java:235)
	at com.kms.katalon.core.main.TestSuiteExecutor.accessTestCaseMainPhase(TestSuiteExecutor.java:191)
	at com.kms.katalon.core.main.TestSuiteExecutor.accessTestSuiteMainPhase(TestSuiteExecutor.java:141)
	at com.kms.katalon.core.main.TestSuiteExecutor.execute(TestSuiteExecutor.java:90)
	at com.kms.katalon.core.main.TestCaseMain.startTestSuite(TestCaseMain.java:157)
	at com.kms.katalon.core.main.TestCaseMain$startTestSuite$0.call(Unknown Source)
	at TempTestSuite1595405610477.run(TempTestSuite1595405610477.groovy:39)
"/>
         <system-out><![CDATA[2020-07-22 15:19:34 - [TEST_CASE][FAILED] - Test Cases/IST_Real/CONTRACT_DISPATCHER_TWO_WHEELERS/DEV/Pick_Mistake_Without_Write_Textarea_Note_After: Test Cases/IST_Real/CONTRACT_DISPATCHER_TWO_WHEELERS/DEV/Pick_Mistake_Without_Write_Textarea_Note_After FAILED.
Reason:
com.kms.katalon.core.exception.StepFailedException: Feature file 'Include/features/IST_Real/CONTRACT_DISPATCHER_TWO_WHEELERS/DEV/Pick_Mistake_Without_Write_Textarea_Note_After.feature' was failed
	at com.kms.katalon.core.keyword.internal.KeywordMain.stepFailed(KeywordMain.groovy:50)
	at com.kms.katalon.core.keyword.internal.KeywordMain.stepFailed(KeywordMain.groovy)
	at com.kms.katalon.core.keyword.internal.KeywordMain.stepFailed(KeywordMain.groovy:23)
	at com.kms.katalon.core.keyword.internal.KeywordMain$stepFailed$0.call(Unknown Source)
	at com.kms.katalon.core.cucumber.keyword.CucumberBuiltinKeywords$_runFeatureFile_closure1.doCall(CucumberBuiltinKeywords.groovy:82)
	at com.kms.katalon.core.cucumber.keyword.CucumberBuiltinKeywords$_runFeatureFile_closure1.doCall(CucumberBuiltinKeywords.groovy)
	at com.kms.katalon.core.keyword.internal.KeywordMain.runKeyword(KeywordMain.groovy:68)
	at com.kms.katalon.core.keyword.internal.KeywordMain$runKeyword.call(Unknown Source)
	at com.kms.katalon.core.cucumber.keyword.CucumberBuiltinKeywords.runFeatureFile(CucumberBuiltinKeywords.groovy:46)
	at com.kms.katalon.core.cucumber.keyword.CucumberBuiltinKeywords$runFeatureFile$0.callStatic(Unknown Source)
	at com.kms.katalon.core.cucumber.keyword.CucumberBuiltinKeywords.runFeatureFile(CucumberBuiltinKeywords.groovy:169)
	at com.kms.katalon.core.cucumber.keyword.CucumberBuiltinKeywords$runFeatureFile.call(Unknown Source)
	at Pick_Mistake_Without_Write_Textarea_Note_After.run(Pick_Mistake_Without_Write_Textarea_Note_After:16)
	at com.kms.katalon.core.main.ScriptEngine.run(ScriptEngine.java:194)
	at com.kms.katalon.core.main.ScriptEngine.runScriptAsRawText(ScriptEngine.java:119)
	at com.kms.katalon.core.main.TestCaseExecutor.runScript(TestCaseExecutor.java:339)
	at com.kms.katalon.core.main.TestCaseExecutor.doExecute(TestCaseExecutor.java:330)
	at com.kms.katalon.core.main.TestCaseExecutor.processExecutionPhase(TestCaseExecutor.java:309)
	at com.kms.katalon.core.main.TestCaseExecutor.accessMainPhase(TestCaseExecutor.java:301)
	at com.kms.katalon.core.main.TestCaseExecutor.execute(TestCaseExecutor.java:235)
	at com.kms.katalon.core.main.TestSuiteExecutor.accessTestCaseMainPhase(TestSuiteExecutor.java:191)
	at com.kms.katalon.core.main.TestSuiteExecutor.accessTestSuiteMainPhase(TestSuiteExecutor.java:141)
	at com.kms.katalon.core.main.TestSuiteExecutor.execute(TestSuiteExecutor.java:90)
	at com.kms.katalon.core.main.TestCaseMain.startTestSuite(TestCaseMain.java:157)
	at com.kms.katalon.core.main.TestCaseMain$startTestSuite$0.call(Unknown Source)
	at TempTestSuite1595405610477.run(TempTestSuite1595405610477.groovy:39)


2020-07-22 15:19:34 - [TEST_STEP][FAILED] - runFeatureFile("Include/features/IST_Real/CONTRACT_DISPATCHER_TWO_WHEELERS/DEV/Pick_Mistake_Without_Write_Textarea_Note_After.feature"): Keyword runFeatureFile was failed (Root cause: com.kms.katalon.core.exception.StepFailedException: Feature file 'Include/features/IST_Real/CONTRACT_DISPATCHER_TWO_WHEELERS/DEV/Pick_Mistake_Without_Write_Textarea_Note_After.feature' was failed
	at com.kms.katalon.core.keyword.internal.KeywordMain.stepFailed(KeywordMain.groovy:50)
	at com.kms.katalon.core.keyword.internal.KeywordMain.stepFailed(KeywordMain.groovy)
	at com.kms.katalon.core.keyword.internal.KeywordMain.stepFailed(KeywordMain.groovy:23)
	at com.kms.katalon.core.keyword.internal.KeywordMain$stepFailed$0.call(Unknown Source)
	at com.kms.katalon.core.cucumber.keyword.CucumberBuiltinKeywords$_runFeatureFile_closure1.doCall(CucumberBuiltinKeywords.groovy:82)
	at com.kms.katalon.core.cucumber.keyword.CucumberBuiltinKeywords$_runFeatureFile_closure1.doCall(CucumberBuiltinKeywords.groovy)
	at com.kms.katalon.core.keyword.internal.KeywordMain.runKeyword(KeywordMain.groovy:68)
	at com.kms.katalon.core.keyword.internal.KeywordMain$runKeyword.call(Unknown Source)
	at com.kms.katalon.core.cucumber.keyword.CucumberBuiltinKeywords.runFeatureFile(CucumberBuiltinKeywords.groovy:46)
	at com.kms.katalon.core.cucumber.keyword.CucumberBuiltinKeywords$runFeatureFile$0.callStatic(Unknown Source)
	at com.kms.katalon.core.cucumber.keyword.CucumberBuiltinKeywords.runFeatureFile(CucumberBuiltinKeywords.groovy:169)
	at com.kms.katalon.core.cucumber.keyword.CucumberBuiltinKeywords$runFeatureFile.call(Unknown Source)
	at Pick_Mistake_Without_Write_Textarea_Note_After.run(Pick_Mistake_Without_Write_Textarea_Note_After:16)
	at com.kms.katalon.core.main.ScriptEngine.run(ScriptEngine.java:194)
	at com.kms.katalon.core.main.ScriptEngine.runScriptAsRawText(ScriptEngine.java:119)
	at com.kms.katalon.core.main.TestCaseExecutor.runScript(TestCaseExecutor.java:339)
	at com.kms.katalon.core.main.TestCaseExecutor.doExecute(TestCaseExecutor.java:330)
	at com.kms.katalon.core.main.TestCaseExecutor.processExecutionPhase(TestCaseExecutor.java:309)
	at com.kms.katalon.core.main.TestCaseExecutor.accessMainPhase(TestCaseExecutor.java:301)
	at com.kms.katalon.core.main.TestCaseExecutor.execute(TestCaseExecutor.java:235)
	at com.kms.katalon.core.main.TestSuiteExecutor.accessTestCaseMainPhase(TestSuiteExecutor.java:191)
	at com.kms.katalon.core.main.TestSuiteExecutor.accessTestSuiteMainPhase(TestSuiteExecutor.java:141)
	at com.kms.katalon.core.main.TestSuiteExecutor.execute(TestSuiteExecutor.java:90)
	at com.kms.katalon.core.main.TestCaseMain.startTestSuite(TestCaseMain.java:157)
	at com.kms.katalon.core.main.TestCaseMain$startTestSuite$0.call(Unknown Source)
	at TempTestSuite1595405610477.run(TempTestSuite1595405610477.groovy:39)
)

2020-07-22 15:19:34 - [MESSAGE][INFO] - Starting run keyword runFeatureFile: 'Include/features/IST_Real/CONTRACT_DISPATCHER_TWO_WHEELERS/DEV/Pick_Mistake_Without_Write_Textarea_Note_After.feature' and extract report to folder: '/Users/chaidir.pratama01/Katalon Studio/IST_Automation_Git/Reports/20200722_151330/CONTRACT_DISPATCHER_TWO_WHEELERS/DEV/TS_Contract_Dispatcher_Two_Wheelers/20200722_151330/cucumber_report/1595405974415'...

2020-07-22 15:19:34 - [TEST_CASE][PASSED] - Start Test Case : SCENARIO Assign User to Contract Two Wheelers: SCENARIO Assign User to Contract Two Wheelers

2020-07-22 15:19:34 - [TEST_STEP][PASSED] - Go to IST: Go to IST

2020-07-22 15:19:34 - [MESSAGE][WARNING] - A browser is already opened. Closing browser and opening a new one

2020-07-22 15:19:34 - [MESSAGE][INFO] - Starting 'Chrome' driver

2020-07-22 15:19:34 - [MESSAGE][INFO] - Action delay is set to 0 milliseconds

2020-07-22 15:19:35 - [MESSAGE][PASSED] - Browser is opened with url: ''

2020-07-22 15:19:39 - [MESSAGE][PASSED] - Navigate to 'https://dev-istools.homecredit.id/foundation/login.zul' successfully

2020-07-22 15:19:39 - [MESSAGE][PASSED] - Go to IST

2020-07-22 15:19:39 - [TEST_STEP][PASSED] - Login IST with valid credentials: Login IST with valid credentials

2020-07-22 15:19:43 - [MESSAGE][PASSED] - Text 'mobile.test' is set on object 'Object Repository/Page_/input_Username_j_username'

2020-07-22 15:19:45 - [MESSAGE][PASSED] - Text ****** has been set on object 'Object Repository/Page_/input_Password_j_password'

2020-07-22 15:19:50 - [MESSAGE][PASSED] - Object: 'Object Repository/Page_/button_Login' is clicked on

2020-07-22 15:19:50 - [MESSAGE][PASSED] - Login IST with valid credentials

2020-07-22 15:19:50 - [TEST_STEP][PASSED] - Login Success for contract dispatcher: Login Success for contract dispatcher

2020-07-22 15:19:50 - [MESSAGE][INFO] - Login Success

2020-07-22 15:19:50 - [MESSAGE][PASSED] - Current window maximized

2020-07-22 15:19:51 - [MESSAGE][PASSED] - Object 'Object Repository/Page_/h1_Welcome to IT Supporting Tools' is present

2020-07-22 15:19:51 - [MESSAGE][PASSED] - Login Success for contract dispatcher

2020-07-22 15:19:51 - [TEST_STEP][PASSED] - Select Arrow Menu "Contract Dispatcher Admin": Select Arrow Menu "Contract Dispatcher Admin"

2020-07-22 15:19:51 - [MESSAGE][PASSED] - Object: '' is clicked on

2020-07-22 15:19:51 - [MESSAGE][PASSED] - Select Arrow Menu "Contract Dispatcher Admin"

2020-07-22 15:19:51 - [TEST_STEP][PASSED] - Select Menu "Management Assignment": Select Menu "Management Assignment"

2020-07-22 15:19:51 - [MESSAGE][PASSED] - Object '' is present

2020-07-22 15:19:52 - [MESSAGE][PASSED] - Object: '' is clicked on

2020-07-22 15:19:52 - [MESSAGE][PASSED] - Wait for page load successfully

2020-07-22 15:19:52 - [MESSAGE][PASSED] - Select Menu "Management Assignment"

2020-07-22 15:19:52 - [TEST_STEP][PASSED] - Select Username "mobile.test" of Management Assignment: Select Username "mobile.test" of Management Assignment

2020-07-22 15:19:54 - [MESSAGE][PASSED] - All options with value 'mobile.test' are selected in object 'Object Repository/Page_/dropdown_list_username_assignment'  using regular expression

2020-07-22 15:19:54 - [MESSAGE][PASSED] - Select Username "mobile.test" of Management Assignment

2020-07-22 15:19:54 - [TEST_STEP][PASSED] - Check for username if already assigned to "Two Wheelers": Check for username if already assigned to "Two Wheelers"

2020-07-22 15:19:58 - [MESSAGE][PASSED] - Scroll to object '' successfully

2020-07-22 15:19:58 - [MESSAGE][PASSED] - Object '' is present

2020-07-22 15:19:58 - [MESSAGE][PASSED] - Object '' is checked

2020-07-22 15:19:58 - [MESSAGE][INFO] - Element is already Checked

2020-07-22 15:19:58 - [MESSAGE][PASSED] - Check for username if already assigned to "Two Wheelers"

2020-07-22 15:19:58 - [TEST_STEP][PASSED] - Wait page for load: Wait page for load

2020-07-22 15:19:58 - [MESSAGE][PASSED] - Wait for page load successfully

2020-07-22 15:19:58 - [MESSAGE][PASSED] - Wait page for load

2020-07-22 15:19:58 - [TEST_STEP][PASSED] - Click button "Logout": Click button "Logout"

2020-07-22 15:19:58 - [MESSAGE][INFO] - >>>>>//Button[contains(text(),'Logout')]

2020-07-22 15:20:02 - [MESSAGE][PASSED] - Object: '' is clicked on

2020-07-22 15:20:02 - [MESSAGE][PASSED] - Click button "Logout"

2020-07-22 15:20:02 - [TEST_STEP][PASSED] - Close browser: Close browser

2020-07-22 15:20:02 - [MESSAGE][PASSED] - Browser is closed

2020-07-22 15:20:02 - [MESSAGE][PASSED] - Close browser

2020-07-22 15:20:02 - [TEST_CASE][PASSED] - Start Test Case : SCENARIO Select Menu Contract Dispatcher and Select Contract based on type contract Two Wheelers EFP: SCENARIO Select Menu Contract Dispatcher and Select Contract based on type contract Two Wheelers EFP

2020-07-22 15:20:02 - [TEST_STEP][PASSED] - Go to IST: Go to IST

2020-07-22 15:20:02 - [MESSAGE][INFO] - Starting 'Chrome' driver

2020-07-22 15:20:02 - [MESSAGE][INFO] - Action delay is set to 0 milliseconds

2020-07-22 15:20:03 - [MESSAGE][PASSED] - Browser is opened with url: ''

2020-07-22 15:20:06 - [MESSAGE][PASSED] - Navigate to 'https://dev-istools.homecredit.id/foundation/login.zul' successfully

2020-07-22 15:20:06 - [MESSAGE][PASSED] - Go to IST

2020-07-22 15:20:06 - [TEST_STEP][PASSED] - Login IST with valid credentials: Login IST with valid credentials

2020-07-22 15:20:06 - [MESSAGE][PASSED] - Text 'mobile.test' is set on object 'Object Repository/Page_/input_Username_j_username'

2020-07-22 15:20:07 - [MESSAGE][PASSED] - Text ****** has been set on object 'Object Repository/Page_/input_Password_j_password'

2020-07-22 15:20:10 - [MESSAGE][PASSED] - Object: 'Object Repository/Page_/button_Login' is clicked on

2020-07-22 15:20:10 - [MESSAGE][PASSED] - Login IST with valid credentials

2020-07-22 15:20:10 - [TEST_STEP][PASSED] - Login Success for contract dispatcher: Login Success for contract dispatcher

2020-07-22 15:20:10 - [MESSAGE][INFO] - Login Success

2020-07-22 15:20:10 - [MESSAGE][PASSED] - Current window maximized

2020-07-22 15:20:10 - [MESSAGE][PASSED] - Object 'Object Repository/Page_/h1_Welcome to IT Supporting Tools' is present

2020-07-22 15:20:10 - [MESSAGE][PASSED] - Login Success for contract dispatcher

2020-07-22 15:20:10 - [TEST_STEP][PASSED] - Select Menu "Contract Dispatcher": Select Menu "Contract Dispatcher"

2020-07-22 15:20:11 - [MESSAGE][PASSED] - Object '' is present

2020-07-22 15:20:11 - [MESSAGE][PASSED] - Object: '' is clicked on

2020-07-22 15:20:11 - [MESSAGE][PASSED] - Wait for page load successfully

2020-07-22 15:20:11 - [MESSAGE][PASSED] - Select Menu "Contract Dispatcher"

2020-07-22 15:20:11 - [TEST_STEP][PASSED] - Select Contract Number based on Type Contract "TWO_WHEELERS": Select Contract Number based on Type Contract "TWO_WHEELERS"

2020-07-22 15:20:14 - [MESSAGE][PASSED] - Object '' is present

2020-07-22 15:20:14 - [MESSAGE][PASSED] - Object '' is present

2020-07-22 15:20:15 - [MESSAGE][PASSED] - Object: '' is clicked on

2020-07-22 15:20:15 - [MESSAGE][PASSED] - Object '' is checked

2020-07-22 15:20:15 - [MESSAGE][PASSED] - Select Contract Number based on Type Contract "TWO_WHEELERS"

2020-07-22 15:20:15 - [TEST_STEP][PASSED] - Click button "Claim": Click button "Claim"

2020-07-22 15:20:15 - [MESSAGE][INFO] - >>>>>//Button[contains(text(),'Claim')]

2020-07-22 15:20:18 - [MESSAGE][PASSED] - Object: '' is clicked on

2020-07-22 15:20:18 - [MESSAGE][PASSED] - Click button "Claim"

2020-07-22 15:20:18 - [TEST_STEP][NOT_RUN] - Verify Tab Matrix for "TWO_WHEELERS": Verify Tab Matrix for "TWO_WHEELERS"

2020-07-22 15:20:18 - [MESSAGE][NOT_RUN] - Verify Tab Matrix for "TWO_WHEELERS"

2020-07-22 15:20:18 - [TEST_STEP][NOT_RUN] - Checkbox General Mistake "KTP / Resi - Alamat tetap pemohon pada sistem (HoS) berbeda dengan KTP": Checkbox General Mistake "KTP / Resi - Alamat tetap pemohon pada sistem (HoS) berbeda dengan KTP"

2020-07-22 15:20:18 - [MESSAGE][NOT_RUN] - Checkbox General Mistake "KTP / Resi - Alamat tetap pemohon pada sistem (HoS) berbeda dengan KTP"

2020-07-22 15:20:18 - [TEST_STEP][NOT_RUN] - Choose Dropdown mistake type "Beda RT" from mistake name "KTP / Resi - Alamat tetap pemohon pada sistem (HoS) berbeda dengan KTP": Choose Dropdown mistake type "Beda RT" from mistake name "KTP / Resi - Alamat tetap pemohon pada sistem (HoS) berbeda dengan KTP"

2020-07-22 15:20:18 - [MESSAGE][NOT_RUN] - Choose Dropdown mistake type "Beda RT" from mistake name "KTP / Resi - Alamat tetap pemohon pada sistem (HoS) berbeda dengan KTP"

2020-07-22 15:20:18 - [TEST_STEP][NOT_RUN] - Type on textarea note before based on mistake name "KTP / Resi - Alamat tetap pemohon pada sistem (HoS) berbeda dengan KTP" with value "TESTING": Type on textarea note before based on mistake name "KTP / Resi - Alamat tetap pemohon pada sistem (HoS) berbeda dengan KTP" with value "TESTING"

2020-07-22 15:20:18 - [MESSAGE][NOT_RUN] - Type on textarea note before based on mistake name "KTP / Resi - Alamat tetap pemohon pada sistem (HoS) berbeda dengan KTP" with value "TESTING"

2020-07-22 15:20:18 - [TEST_STEP][NOT_RUN] - Click button "Save": Click button "Save"

2020-07-22 15:20:18 - [MESSAGE][NOT_RUN] - Click button "Save"

2020-07-22 15:20:18 - [TEST_STEP][NOT_RUN] - Get text from pop up "IT Supporting Tools" with text "Note-after cannot be empty": Get text from pop up "IT Supporting Tools" with text "Note-after cannot be empty"

2020-07-22 15:20:18 - [MESSAGE][NOT_RUN] - Get text from pop up "IT Supporting Tools" with text "Note-after cannot be empty"

2020-07-22 15:20:18 - [TEST_STEP][NOT_RUN] - Click button "OK": Click button "OK"

2020-07-22 15:20:18 - [MESSAGE][NOT_RUN] - Click button "OK"

2020-07-22 15:20:18 - [TEST_STEP][NOT_RUN] - Click button "Logout": Click button "Logout"

2020-07-22 15:20:18 - [MESSAGE][NOT_RUN] - Click button "Logout"

2020-07-22 15:20:18 - [TEST_STEP][NOT_RUN] - Comment "Register Mistake failed because Note-after empty": Comment "Register Mistake failed because Note-after empty"

2020-07-22 15:20:18 - [MESSAGE][NOT_RUN] - Comment "Register Mistake failed because Note-after empty"

2020-07-22 15:20:18 - [TEST_STEP][NOT_RUN] - Close browser: Close browser

2020-07-22 15:20:18 - [MESSAGE][NOT_RUN] - Close browser

2020-07-22 15:20:18 - [MESSAGE][FAILED] - Feature file 'Include/features/IST_Real/CONTRACT_DISPATCHER_TWO_WHEELERS/DEV/Pick_Mistake_Without_Write_Textarea_Note_After.feature' was failed

2020-07-22 15:20:18 - [MESSAGE][FAILED] - Keyword runFeatureFile was failed (Root cause: com.kms.katalon.core.exception.StepFailedException: Feature file 'Include/features/IST_Real/CONTRACT_DISPATCHER_TWO_WHEELERS/DEV/Pick_Mistake_Without_Write_Textarea_Note_After.feature' was failed
	at com.kms.katalon.core.keyword.internal.KeywordMain.stepFailed(KeywordMain.groovy:50)
	at com.kms.katalon.core.keyword.internal.KeywordMain.stepFailed(KeywordMain.groovy)
	at com.kms.katalon.core.keyword.internal.KeywordMain.stepFailed(KeywordMain.groovy:23)
	at com.kms.katalon.core.keyword.internal.KeywordMain$stepFailed$0.call(Unknown Source)
	at com.kms.katalon.core.cucumber.keyword.CucumberBuiltinKeywords$_runFeatureFile_closure1.doCall(CucumberBuiltinKeywords.groovy:82)
	at com.kms.katalon.core.cucumber.keyword.CucumberBuiltinKeywords$_runFeatureFile_closure1.doCall(CucumberBuiltinKeywords.groovy)
	at com.kms.katalon.core.keyword.internal.KeywordMain.runKeyword(KeywordMain.groovy:68)
	at com.kms.katalon.core.keyword.internal.KeywordMain$runKeyword.call(Unknown Source)
	at com.kms.katalon.core.cucumber.keyword.CucumberBuiltinKeywords.runFeatureFile(CucumberBuiltinKeywords.groovy:46)
	at com.kms.katalon.core.cucumber.keyword.CucumberBuiltinKeywords$runFeatureFile$0.callStatic(Unknown Source)
	at com.kms.katalon.core.cucumber.keyword.CucumberBuiltinKeywords.runFeatureFile(CucumberBuiltinKeywords.groovy:169)
	at com.kms.katalon.core.cucumber.keyword.CucumberBuiltinKeywords$runFeatureFile.call(Unknown Source)
	at Pick_Mistake_Without_Write_Textarea_Note_After.run(Pick_Mistake_Without_Write_Textarea_Note_After:16)
	at com.kms.katalon.core.main.ScriptEngine.run(ScriptEngine.java:194)
	at com.kms.katalon.core.main.ScriptEngine.runScriptAsRawText(ScriptEngine.java:119)
	at com.kms.katalon.core.main.TestCaseExecutor.runScript(TestCaseExecutor.java:339)
	at com.kms.katalon.core.main.TestCaseExecutor.doExecute(TestCaseExecutor.java:330)
	at com.kms.katalon.core.main.TestCaseExecutor.processExecutionPhase(TestCaseExecutor.java:309)
	at com.kms.katalon.core.main.TestCaseExecutor.accessMainPhase(TestCaseExecutor.java:301)
	at com.kms.katalon.core.main.TestCaseExecutor.execute(TestCaseExecutor.java:235)
	at com.kms.katalon.core.main.TestSuiteExecutor.accessTestCaseMainPhase(TestSuiteExecutor.java:191)
	at com.kms.katalon.core.main.TestSuiteExecutor.accessTestSuiteMainPhase(TestSuiteExecutor.java:141)
	at com.kms.katalon.core.main.TestSuiteExecutor.execute(TestSuiteExecutor.java:90)
	at com.kms.katalon.core.main.TestCaseMain.startTestSuite(TestCaseMain.java:157)
	at com.kms.katalon.core.main.TestCaseMain$startTestSuite$0.call(Unknown Source)
	at TempTestSuite1595405610477.run(TempTestSuite1595405610477.groovy:39)
)]]></system-out>
         <system-err><![CDATA[2020-07-22 15:19:34 - [TEST_CASE][FAILED] - Test Cases/IST_Real/CONTRACT_DISPATCHER_TWO_WHEELERS/DEV/Pick_Mistake_Without_Write_Textarea_Note_After: Test Cases/IST_Real/CONTRACT_DISPATCHER_TWO_WHEELERS/DEV/Pick_Mistake_Without_Write_Textarea_Note_After FAILED.
Reason:
com.kms.katalon.core.exception.StepFailedException: Feature file 'Include/features/IST_Real/CONTRACT_DISPATCHER_TWO_WHEELERS/DEV/Pick_Mistake_Without_Write_Textarea_Note_After.feature' was failed
	at com.kms.katalon.core.keyword.internal.KeywordMain.stepFailed(KeywordMain.groovy:50)
	at com.kms.katalon.core.keyword.internal.KeywordMain.stepFailed(KeywordMain.groovy)
	at com.kms.katalon.core.keyword.internal.KeywordMain.stepFailed(KeywordMain.groovy:23)
	at com.kms.katalon.core.keyword.internal.KeywordMain$stepFailed$0.call(Unknown Source)
	at com.kms.katalon.core.cucumber.keyword.CucumberBuiltinKeywords$_runFeatureFile_closure1.doCall(CucumberBuiltinKeywords.groovy:82)
	at com.kms.katalon.core.cucumber.keyword.CucumberBuiltinKeywords$_runFeatureFile_closure1.doCall(CucumberBuiltinKeywords.groovy)
	at com.kms.katalon.core.keyword.internal.KeywordMain.runKeyword(KeywordMain.groovy:68)
	at com.kms.katalon.core.keyword.internal.KeywordMain$runKeyword.call(Unknown Source)
	at com.kms.katalon.core.cucumber.keyword.CucumberBuiltinKeywords.runFeatureFile(CucumberBuiltinKeywords.groovy:46)
	at com.kms.katalon.core.cucumber.keyword.CucumberBuiltinKeywords$runFeatureFile$0.callStatic(Unknown Source)
	at com.kms.katalon.core.cucumber.keyword.CucumberBuiltinKeywords.runFeatureFile(CucumberBuiltinKeywords.groovy:169)
	at com.kms.katalon.core.cucumber.keyword.CucumberBuiltinKeywords$runFeatureFile.call(Unknown Source)
	at Pick_Mistake_Without_Write_Textarea_Note_After.run(Pick_Mistake_Without_Write_Textarea_Note_After:16)
	at com.kms.katalon.core.main.ScriptEngine.run(ScriptEngine.java:194)
	at com.kms.katalon.core.main.ScriptEngine.runScriptAsRawText(ScriptEngine.java:119)
	at com.kms.katalon.core.main.TestCaseExecutor.runScript(TestCaseExecutor.java:339)
	at com.kms.katalon.core.main.TestCaseExecutor.doExecute(TestCaseExecutor.java:330)
	at com.kms.katalon.core.main.TestCaseExecutor.processExecutionPhase(TestCaseExecutor.java:309)
	at com.kms.katalon.core.main.TestCaseExecutor.accessMainPhase(TestCaseExecutor.java:301)
	at com.kms.katalon.core.main.TestCaseExecutor.execute(TestCaseExecutor.java:235)
	at com.kms.katalon.core.main.TestSuiteExecutor.accessTestCaseMainPhase(TestSuiteExecutor.java:191)
	at com.kms.katalon.core.main.TestSuiteExecutor.accessTestSuiteMainPhase(TestSuiteExecutor.java:141)
	at com.kms.katalon.core.main.TestSuiteExecutor.execute(TestSuiteExecutor.java:90)
	at com.kms.katalon.core.main.TestCaseMain.startTestSuite(TestCaseMain.java:157)
	at com.kms.katalon.core.main.TestCaseMain$startTestSuite$0.call(Unknown Source)
	at TempTestSuite1595405610477.run(TempTestSuite1595405610477.groovy:39)]]></system-err>
      </testcase>
      <testcase name="Test Cases/IST_Real/CONTRACT_DISPATCHER_TWO_WHEELERS/DEV/Update_Tbl_CDS_CDC" time="1.849" classname="Test Cases/IST_Real/CONTRACT_DISPATCHER_TWO_WHEELERS/DEV/Update_Tbl_CDS_CDC" status="PASSED">
         <system-out><![CDATA[2020-07-22 15:20:18 - [TEST_CASE][PASSED] - Test Cases/IST_Real/CONTRACT_DISPATCHER_TWO_WHEELERS/DEV/Update_Tbl_CDS_CDC: Test Cases/IST_Real/CONTRACT_DISPATCHER_TWO_WHEELERS/DEV/Update_Tbl_CDS_CDC

2020-07-22 15:20:18 - [TEST_STEP][PASSED] - runFeatureFile("Include/features/IST_Real/CONTRACT_DISPATCHER_TWO_WHEELERS/DEV/Update_Tbl_CDS_CDC.feature"): Feature file: 'Include/features/IST_Real/CONTRACT_DISPATCHER_TWO_WHEELERS/DEV/Update_Tbl_CDS_CDC.feature' was passed

2020-07-22 15:20:18 - [MESSAGE][INFO] - Starting run keyword runFeatureFile: 'Include/features/IST_Real/CONTRACT_DISPATCHER_TWO_WHEELERS/DEV/Update_Tbl_CDS_CDC.feature' and extract report to folder: '/Users/chaidir.pratama01/Katalon Studio/IST_Automation_Git/Reports/20200722_151330/CONTRACT_DISPATCHER_TWO_WHEELERS/DEV/TS_Contract_Dispatcher_Two_Wheelers/20200722_151330/cucumber_report/1595406018982'...

2020-07-22 15:20:19 - [TEST_CASE][PASSED] - Start Test Case : SCENARIO Update Table CONTRACT_DISPATCHER_SOURCE and CONTRACT_DISPTACHER_CLAIM: SCENARIO Update Table CONTRACT_DISPATCHER_SOURCE and CONTRACT_DISPTACHER_CLAIM

2020-07-22 15:20:19 - [TEST_STEP][PASSED] - Connect to APP_ACCOUNT C1: Connect to APP_ACCOUNT C1

2020-07-22 15:20:19 - [MESSAGE][PASSED] - Connect to APP_ACCOUNT C1

2020-07-22 15:20:19 - [TEST_STEP][PASSED] - Update Tbl CONTRACT DISPATCHER SOURCE To Change PROCESSED From Y to N: Update Tbl CONTRACT DISPATCHER SOURCE To Change PROCESSED From Y to N

2020-07-22 15:20:19 - [MESSAGE][PASSED] - Update Tbl CONTRACT DISPATCHER SOURCE To Change PROCESSED From Y to N

2020-07-22 15:20:19 - [TEST_STEP][PASSED] - Update Tbl CONTRACT DISPATCHER CLAIM To Delete PROCESS From Column STATUS: Update Tbl CONTRACT DISPATCHER CLAIM To Delete PROCESS From Column STATUS

2020-07-22 15:20:20 - [MESSAGE][PASSED] - Update Tbl CONTRACT DISPATCHER CLAIM To Delete PROCESS From Column STATUS

2020-07-22 15:20:20 - [MESSAGE][PASSED] - Feature file: 'Include/features/IST_Real/CONTRACT_DISPATCHER_TWO_WHEELERS/DEV/Update_Tbl_CDS_CDC.feature' was passed]]></system-out>
         <system-err><![CDATA[]]></system-err>
      </testcase>
      <testcase name="Test Cases/IST_Real/CONTRACT_DISPATCHER_TWO_WHEELERS/DEV/Pick_Mistake_Without_Write_Textarea_Note_Before" time="33.329" classname="Test Cases/IST_Real/CONTRACT_DISPATCHER_TWO_WHEELERS/DEV/Pick_Mistake_Without_Write_Textarea_Note_Before" status="FAILED">
         <failure type="FAILED" message="Test Cases/IST_Real/CONTRACT_DISPATCHER_TWO_WHEELERS/DEV/Pick_Mistake_Without_Write_Textarea_Note_Before FAILED.
Reason:
com.kms.katalon.core.exception.StepFailedException: Feature file 'Include/features/IST_Real/CONTRACT_DISPATCHER_TWO_WHEELERS/DEV/Pick_Mistake_Without_Write_Textarea_Note_Before.feature' was failed
	at com.kms.katalon.core.keyword.internal.KeywordMain.stepFailed(KeywordMain.groovy:50)
	at com.kms.katalon.core.keyword.internal.KeywordMain.stepFailed(KeywordMain.groovy)
	at com.kms.katalon.core.keyword.internal.KeywordMain.stepFailed(KeywordMain.groovy:23)
	at com.kms.katalon.core.keyword.internal.KeywordMain$stepFailed$0.call(Unknown Source)
	at com.kms.katalon.core.cucumber.keyword.CucumberBuiltinKeywords$_runFeatureFile_closure1.doCall(CucumberBuiltinKeywords.groovy:82)
	at com.kms.katalon.core.cucumber.keyword.CucumberBuiltinKeywords$_runFeatureFile_closure1.doCall(CucumberBuiltinKeywords.groovy)
	at com.kms.katalon.core.keyword.internal.KeywordMain.runKeyword(KeywordMain.groovy:68)
	at com.kms.katalon.core.keyword.internal.KeywordMain$runKeyword.call(Unknown Source)
	at com.kms.katalon.core.cucumber.keyword.CucumberBuiltinKeywords.runFeatureFile(CucumberBuiltinKeywords.groovy:46)
	at com.kms.katalon.core.cucumber.keyword.CucumberBuiltinKeywords$runFeatureFile$0.callStatic(Unknown Source)
	at com.kms.katalon.core.cucumber.keyword.CucumberBuiltinKeywords.runFeatureFile(CucumberBuiltinKeywords.groovy:169)
	at com.kms.katalon.core.cucumber.keyword.CucumberBuiltinKeywords$runFeatureFile.call(Unknown Source)
	at Pick_Mistake_Without_Write_Textarea_Note_Before.run(Pick_Mistake_Without_Write_Textarea_Note_Before:16)
	at com.kms.katalon.core.main.ScriptEngine.run(ScriptEngine.java:194)
	at com.kms.katalon.core.main.ScriptEngine.runScriptAsRawText(ScriptEngine.java:119)
	at com.kms.katalon.core.main.TestCaseExecutor.runScript(TestCaseExecutor.java:339)
	at com.kms.katalon.core.main.TestCaseExecutor.doExecute(TestCaseExecutor.java:330)
	at com.kms.katalon.core.main.TestCaseExecutor.processExecutionPhase(TestCaseExecutor.java:309)
	at com.kms.katalon.core.main.TestCaseExecutor.accessMainPhase(TestCaseExecutor.java:301)
	at com.kms.katalon.core.main.TestCaseExecutor.execute(TestCaseExecutor.java:235)
	at com.kms.katalon.core.main.TestSuiteExecutor.accessTestCaseMainPhase(TestSuiteExecutor.java:191)
	at com.kms.katalon.core.main.TestSuiteExecutor.accessTestSuiteMainPhase(TestSuiteExecutor.java:141)
	at com.kms.katalon.core.main.TestSuiteExecutor.execute(TestSuiteExecutor.java:90)
	at com.kms.katalon.core.main.TestCaseMain.startTestSuite(TestCaseMain.java:157)
	at com.kms.katalon.core.main.TestCaseMain$startTestSuite$0.call(Unknown Source)
	at TempTestSuite1595405610477.run(TempTestSuite1595405610477.groovy:39)
"/>
         <system-out><![CDATA[2020-07-22 15:20:20 - [TEST_CASE][FAILED] - Test Cases/IST_Real/CONTRACT_DISPATCHER_TWO_WHEELERS/DEV/Pick_Mistake_Without_Write_Textarea_Note_Before: Test Cases/IST_Real/CONTRACT_DISPATCHER_TWO_WHEELERS/DEV/Pick_Mistake_Without_Write_Textarea_Note_Before FAILED.
Reason:
com.kms.katalon.core.exception.StepFailedException: Feature file 'Include/features/IST_Real/CONTRACT_DISPATCHER_TWO_WHEELERS/DEV/Pick_Mistake_Without_Write_Textarea_Note_Before.feature' was failed
	at com.kms.katalon.core.keyword.internal.KeywordMain.stepFailed(KeywordMain.groovy:50)
	at com.kms.katalon.core.keyword.internal.KeywordMain.stepFailed(KeywordMain.groovy)
	at com.kms.katalon.core.keyword.internal.KeywordMain.stepFailed(KeywordMain.groovy:23)
	at com.kms.katalon.core.keyword.internal.KeywordMain$stepFailed$0.call(Unknown Source)
	at com.kms.katalon.core.cucumber.keyword.CucumberBuiltinKeywords$_runFeatureFile_closure1.doCall(CucumberBuiltinKeywords.groovy:82)
	at com.kms.katalon.core.cucumber.keyword.CucumberBuiltinKeywords$_runFeatureFile_closure1.doCall(CucumberBuiltinKeywords.groovy)
	at com.kms.katalon.core.keyword.internal.KeywordMain.runKeyword(KeywordMain.groovy:68)
	at com.kms.katalon.core.keyword.internal.KeywordMain$runKeyword.call(Unknown Source)
	at com.kms.katalon.core.cucumber.keyword.CucumberBuiltinKeywords.runFeatureFile(CucumberBuiltinKeywords.groovy:46)
	at com.kms.katalon.core.cucumber.keyword.CucumberBuiltinKeywords$runFeatureFile$0.callStatic(Unknown Source)
	at com.kms.katalon.core.cucumber.keyword.CucumberBuiltinKeywords.runFeatureFile(CucumberBuiltinKeywords.groovy:169)
	at com.kms.katalon.core.cucumber.keyword.CucumberBuiltinKeywords$runFeatureFile.call(Unknown Source)
	at Pick_Mistake_Without_Write_Textarea_Note_Before.run(Pick_Mistake_Without_Write_Textarea_Note_Before:16)
	at com.kms.katalon.core.main.ScriptEngine.run(ScriptEngine.java:194)
	at com.kms.katalon.core.main.ScriptEngine.runScriptAsRawText(ScriptEngine.java:119)
	at com.kms.katalon.core.main.TestCaseExecutor.runScript(TestCaseExecutor.java:339)
	at com.kms.katalon.core.main.TestCaseExecutor.doExecute(TestCaseExecutor.java:330)
	at com.kms.katalon.core.main.TestCaseExecutor.processExecutionPhase(TestCaseExecutor.java:309)
	at com.kms.katalon.core.main.TestCaseExecutor.accessMainPhase(TestCaseExecutor.java:301)
	at com.kms.katalon.core.main.TestCaseExecutor.execute(TestCaseExecutor.java:235)
	at com.kms.katalon.core.main.TestSuiteExecutor.accessTestCaseMainPhase(TestSuiteExecutor.java:191)
	at com.kms.katalon.core.main.TestSuiteExecutor.accessTestSuiteMainPhase(TestSuiteExecutor.java:141)
	at com.kms.katalon.core.main.TestSuiteExecutor.execute(TestSuiteExecutor.java:90)
	at com.kms.katalon.core.main.TestCaseMain.startTestSuite(TestCaseMain.java:157)
	at com.kms.katalon.core.main.TestCaseMain$startTestSuite$0.call(Unknown Source)
	at TempTestSuite1595405610477.run(TempTestSuite1595405610477.groovy:39)


2020-07-22 15:20:20 - [TEST_STEP][FAILED] - runFeatureFile("Include/features/IST_Real/CONTRACT_DISPATCHER_TWO_WHEELERS/DEV/Pick_Mistake_Without_Write_Textarea_Note_Before.feature"): Keyword runFeatureFile was failed (Root cause: com.kms.katalon.core.exception.StepFailedException: Feature file 'Include/features/IST_Real/CONTRACT_DISPATCHER_TWO_WHEELERS/DEV/Pick_Mistake_Without_Write_Textarea_Note_Before.feature' was failed
	at com.kms.katalon.core.keyword.internal.KeywordMain.stepFailed(KeywordMain.groovy:50)
	at com.kms.katalon.core.keyword.internal.KeywordMain.stepFailed(KeywordMain.groovy)
	at com.kms.katalon.core.keyword.internal.KeywordMain.stepFailed(KeywordMain.groovy:23)
	at com.kms.katalon.core.keyword.internal.KeywordMain$stepFailed$0.call(Unknown Source)
	at com.kms.katalon.core.cucumber.keyword.CucumberBuiltinKeywords$_runFeatureFile_closure1.doCall(CucumberBuiltinKeywords.groovy:82)
	at com.kms.katalon.core.cucumber.keyword.CucumberBuiltinKeywords$_runFeatureFile_closure1.doCall(CucumberBuiltinKeywords.groovy)
	at com.kms.katalon.core.keyword.internal.KeywordMain.runKeyword(KeywordMain.groovy:68)
	at com.kms.katalon.core.keyword.internal.KeywordMain$runKeyword.call(Unknown Source)
	at com.kms.katalon.core.cucumber.keyword.CucumberBuiltinKeywords.runFeatureFile(CucumberBuiltinKeywords.groovy:46)
	at com.kms.katalon.core.cucumber.keyword.CucumberBuiltinKeywords$runFeatureFile$0.callStatic(Unknown Source)
	at com.kms.katalon.core.cucumber.keyword.CucumberBuiltinKeywords.runFeatureFile(CucumberBuiltinKeywords.groovy:169)
	at com.kms.katalon.core.cucumber.keyword.CucumberBuiltinKeywords$runFeatureFile.call(Unknown Source)
	at Pick_Mistake_Without_Write_Textarea_Note_Before.run(Pick_Mistake_Without_Write_Textarea_Note_Before:16)
	at com.kms.katalon.core.main.ScriptEngine.run(ScriptEngine.java:194)
	at com.kms.katalon.core.main.ScriptEngine.runScriptAsRawText(ScriptEngine.java:119)
	at com.kms.katalon.core.main.TestCaseExecutor.runScript(TestCaseExecutor.java:339)
	at com.kms.katalon.core.main.TestCaseExecutor.doExecute(TestCaseExecutor.java:330)
	at com.kms.katalon.core.main.TestCaseExecutor.processExecutionPhase(TestCaseExecutor.java:309)
	at com.kms.katalon.core.main.TestCaseExecutor.accessMainPhase(TestCaseExecutor.java:301)
	at com.kms.katalon.core.main.TestCaseExecutor.execute(TestCaseExecutor.java:235)
	at com.kms.katalon.core.main.TestSuiteExecutor.accessTestCaseMainPhase(TestSuiteExecutor.java:191)
	at com.kms.katalon.core.main.TestSuiteExecutor.accessTestSuiteMainPhase(TestSuiteExecutor.java:141)
	at com.kms.katalon.core.main.TestSuiteExecutor.execute(TestSuiteExecutor.java:90)
	at com.kms.katalon.core.main.TestCaseMain.startTestSuite(TestCaseMain.java:157)
	at com.kms.katalon.core.main.TestCaseMain$startTestSuite$0.call(Unknown Source)
	at TempTestSuite1595405610477.run(TempTestSuite1595405610477.groovy:39)
)

2020-07-22 15:20:20 - [MESSAGE][INFO] - Starting run keyword runFeatureFile: 'Include/features/IST_Real/CONTRACT_DISPATCHER_TWO_WHEELERS/DEV/Pick_Mistake_Without_Write_Textarea_Note_Before.feature' and extract report to folder: '/Users/chaidir.pratama01/Katalon Studio/IST_Automation_Git/Reports/20200722_151330/CONTRACT_DISPATCHER_TWO_WHEELERS/DEV/TS_Contract_Dispatcher_Two_Wheelers/20200722_151330/cucumber_report/1595406020899'...

2020-07-22 15:20:20 - [TEST_CASE][PASSED] - Start Test Case : SCENARIO Assign User to Contract Two Wheelers: SCENARIO Assign User to Contract Two Wheelers

2020-07-22 15:20:20 - [TEST_STEP][PASSED] - Go to IST: Go to IST

2020-07-22 15:20:20 - [MESSAGE][WARNING] - A browser is already opened. Closing browser and opening a new one

2020-07-22 15:20:21 - [MESSAGE][INFO] - Starting 'Chrome' driver

2020-07-22 15:20:21 - [MESSAGE][INFO] - Action delay is set to 0 milliseconds

2020-07-22 15:20:21 - [MESSAGE][PASSED] - Browser is opened with url: ''

2020-07-22 15:20:23 - [MESSAGE][PASSED] - Navigate to 'https://dev-istools.homecredit.id/foundation/login.zul' successfully

2020-07-22 15:20:23 - [MESSAGE][PASSED] - Go to IST

2020-07-22 15:20:23 - [TEST_STEP][PASSED] - Login IST with valid credentials: Login IST with valid credentials

2020-07-22 15:20:24 - [MESSAGE][PASSED] - Text 'mobile.test' is set on object 'Object Repository/Page_/input_Username_j_username'

2020-07-22 15:20:24 - [MESSAGE][PASSED] - Text ****** has been set on object 'Object Repository/Page_/input_Password_j_password'

2020-07-22 15:20:26 - [MESSAGE][PASSED] - Object: 'Object Repository/Page_/button_Login' is clicked on

2020-07-22 15:20:26 - [MESSAGE][PASSED] - Login IST with valid credentials

2020-07-22 15:20:26 - [TEST_STEP][PASSED] - Login Success for contract dispatcher: Login Success for contract dispatcher

2020-07-22 15:20:26 - [MESSAGE][INFO] - Login Success

2020-07-22 15:20:26 - [MESSAGE][PASSED] - Current window maximized

2020-07-22 15:20:26 - [MESSAGE][PASSED] - Object 'Object Repository/Page_/h1_Welcome to IT Supporting Tools' is present

2020-07-22 15:20:26 - [MESSAGE][PASSED] - Login Success for contract dispatcher

2020-07-22 15:20:26 - [TEST_STEP][PASSED] - Select Arrow Menu "Contract Dispatcher Admin": Select Arrow Menu "Contract Dispatcher Admin"

2020-07-22 15:20:27 - [MESSAGE][PASSED] - Object: '' is clicked on

2020-07-22 15:20:27 - [MESSAGE][PASSED] - Select Arrow Menu "Contract Dispatcher Admin"

2020-07-22 15:20:27 - [TEST_STEP][PASSED] - Select Menu "Management Assignment": Select Menu "Management Assignment"

2020-07-22 15:20:27 - [MESSAGE][PASSED] - Object '' is present

2020-07-22 15:20:27 - [MESSAGE][PASSED] - Object: '' is clicked on

2020-07-22 15:20:27 - [MESSAGE][PASSED] - Wait for page load successfully

2020-07-22 15:20:27 - [MESSAGE][PASSED] - Select Menu "Management Assignment"

2020-07-22 15:20:27 - [TEST_STEP][PASSED] - Select Username "mobile.test" of Management Assignment: Select Username "mobile.test" of Management Assignment

2020-07-22 15:20:30 - [MESSAGE][PASSED] - All options with value 'mobile.test' are selected in object 'Object Repository/Page_/dropdown_list_username_assignment'  using regular expression

2020-07-22 15:20:30 - [MESSAGE][PASSED] - Select Username "mobile.test" of Management Assignment

2020-07-22 15:20:30 - [TEST_STEP][PASSED] - Check for username if already assigned to "Two Wheelers": Check for username if already assigned to "Two Wheelers"

2020-07-22 15:20:33 - [MESSAGE][PASSED] - Scroll to object '' successfully

2020-07-22 15:20:34 - [MESSAGE][PASSED] - Object '' is present

2020-07-22 15:20:34 - [MESSAGE][PASSED] - Object '' is checked

2020-07-22 15:20:34 - [MESSAGE][INFO] - Element is already Checked

2020-07-22 15:20:34 - [MESSAGE][PASSED] - Check for username if already assigned to "Two Wheelers"

2020-07-22 15:20:34 - [TEST_STEP][PASSED] - Wait page for load: Wait page for load

2020-07-22 15:20:34 - [MESSAGE][PASSED] - Wait for page load successfully

2020-07-22 15:20:34 - [MESSAGE][PASSED] - Wait page for load

2020-07-22 15:20:34 - [TEST_STEP][PASSED] - Click button "Logout": Click button "Logout"

2020-07-22 15:20:34 - [MESSAGE][INFO] - >>>>>//Button[contains(text(),'Logout')]

2020-07-22 15:20:38 - [MESSAGE][PASSED] - Object: '' is clicked on

2020-07-22 15:20:38 - [MESSAGE][PASSED] - Click button "Logout"

2020-07-22 15:20:38 - [TEST_STEP][PASSED] - Close browser: Close browser

2020-07-22 15:20:38 - [MESSAGE][PASSED] - Browser is closed

2020-07-22 15:20:38 - [MESSAGE][PASSED] - Close browser

2020-07-22 15:20:38 - [TEST_CASE][PASSED] - Start Test Case : SCENARIO Select Menu Contract Dispatcher and Select Contract based on type contract Two Wheelers: SCENARIO Select Menu Contract Dispatcher and Select Contract based on type contract Two Wheelers

2020-07-22 15:20:38 - [TEST_STEP][PASSED] - Go to IST: Go to IST

2020-07-22 15:20:38 - [MESSAGE][INFO] - Starting 'Chrome' driver

2020-07-22 15:20:38 - [MESSAGE][INFO] - Action delay is set to 0 milliseconds

2020-07-22 15:20:39 - [MESSAGE][PASSED] - Browser is opened with url: ''

2020-07-22 15:20:42 - [MESSAGE][PASSED] - Navigate to 'https://dev-istools.homecredit.id/foundation/login.zul' successfully

2020-07-22 15:20:42 - [MESSAGE][PASSED] - Go to IST

2020-07-22 15:20:42 - [TEST_STEP][PASSED] - Login IST with valid credentials: Login IST with valid credentials

2020-07-22 15:20:43 - [MESSAGE][PASSED] - Text 'mobile.test' is set on object 'Object Repository/Page_/input_Username_j_username'

2020-07-22 15:20:43 - [MESSAGE][PASSED] - Text ****** has been set on object 'Object Repository/Page_/input_Password_j_password'

2020-07-22 15:20:45 - [MESSAGE][PASSED] - Object: 'Object Repository/Page_/button_Login' is clicked on

2020-07-22 15:20:45 - [MESSAGE][PASSED] - Login IST with valid credentials

2020-07-22 15:20:45 - [TEST_STEP][PASSED] - Login Success for contract dispatcher: Login Success for contract dispatcher

2020-07-22 15:20:45 - [MESSAGE][INFO] - Login Success

2020-07-22 15:20:45 - [MESSAGE][PASSED] - Current window maximized

2020-07-22 15:20:46 - [MESSAGE][PASSED] - Object 'Object Repository/Page_/h1_Welcome to IT Supporting Tools' is present

2020-07-22 15:20:46 - [MESSAGE][PASSED] - Login Success for contract dispatcher

2020-07-22 15:20:46 - [TEST_STEP][PASSED] - Select Menu "Contract Dispatcher": Select Menu "Contract Dispatcher"

2020-07-22 15:20:46 - [MESSAGE][PASSED] - Object '' is present

2020-07-22 15:20:46 - [MESSAGE][PASSED] - Object: '' is clicked on

2020-07-22 15:20:46 - [MESSAGE][PASSED] - Wait for page load successfully

2020-07-22 15:20:46 - [MESSAGE][PASSED] - Select Menu "Contract Dispatcher"

2020-07-22 15:20:46 - [TEST_STEP][PASSED] - Select Contract Number based on Type Contract "TWO_WHEELERS": Select Contract Number based on Type Contract "TWO_WHEELERS"

2020-07-22 15:20:49 - [MESSAGE][PASSED] - Object '' is present

2020-07-22 15:20:49 - [MESSAGE][PASSED] - Object '' is present

2020-07-22 15:20:50 - [MESSAGE][PASSED] - Object: '' is clicked on

2020-07-22 15:20:50 - [MESSAGE][PASSED] - Object '' is checked

2020-07-22 15:20:50 - [MESSAGE][PASSED] - Select Contract Number based on Type Contract "TWO_WHEELERS"

2020-07-22 15:20:50 - [TEST_STEP][PASSED] - Click button "Claim": Click button "Claim"

2020-07-22 15:20:50 - [MESSAGE][INFO] - >>>>>//Button[contains(text(),'Claim')]

2020-07-22 15:20:54 - [MESSAGE][PASSED] - Object: '' is clicked on

2020-07-22 15:20:54 - [MESSAGE][PASSED] - Click button "Claim"

2020-07-22 15:20:54 - [TEST_STEP][NOT_RUN] - Verify Tab Matrix for "TWO_WHEELERS": Verify Tab Matrix for "TWO_WHEELERS"

2020-07-22 15:20:54 - [MESSAGE][NOT_RUN] - Verify Tab Matrix for "TWO_WHEELERS"

2020-07-22 15:20:54 - [TEST_STEP][NOT_RUN] - Checkbox General Mistake "KTP Foto Komponen Tidak Ada": Checkbox General Mistake "KTP Foto Komponen Tidak Ada"

2020-07-22 15:20:54 - [MESSAGE][NOT_RUN] - Checkbox General Mistake "KTP Foto Komponen Tidak Ada"

2020-07-22 15:20:54 - [TEST_STEP][NOT_RUN] - Choose Dropdown mistake type "Upload Dokumen" from mistake name "KTP Foto Komponen Tidak Ada": Choose Dropdown mistake type "Upload Dokumen" from mistake name "KTP Foto Komponen Tidak Ada"

2020-07-22 15:20:54 - [MESSAGE][NOT_RUN] - Choose Dropdown mistake type "Upload Dokumen" from mistake name "KTP Foto Komponen Tidak Ada"

2020-07-22 15:20:54 - [TEST_STEP][NOT_RUN] - Click button "Save": Click button "Save"

2020-07-22 15:20:54 - [MESSAGE][NOT_RUN] - Click button "Save"

2020-07-22 15:20:54 - [TEST_STEP][NOT_RUN] - Get text from pop up "IT Supporting Tools" with text "Note-before cannot be empty": Get text from pop up "IT Supporting Tools" with text "Note-before cannot be empty"

2020-07-22 15:20:54 - [MESSAGE][NOT_RUN] - Get text from pop up "IT Supporting Tools" with text "Note-before cannot be empty"

2020-07-22 15:20:54 - [TEST_STEP][NOT_RUN] - Click button "OK": Click button "OK"

2020-07-22 15:20:54 - [MESSAGE][NOT_RUN] - Click button "OK"

2020-07-22 15:20:54 - [TEST_STEP][NOT_RUN] - Click button "Logout": Click button "Logout"

2020-07-22 15:20:54 - [MESSAGE][NOT_RUN] - Click button "Logout"

2020-07-22 15:20:54 - [TEST_STEP][NOT_RUN] - Comment "Register Mistake failed because Note-before empty": Comment "Register Mistake failed because Note-before empty"

2020-07-22 15:20:54 - [MESSAGE][NOT_RUN] - Comment "Register Mistake failed because Note-before empty"

2020-07-22 15:20:54 - [TEST_STEP][NOT_RUN] - Close browser: Close browser

2020-07-22 15:20:54 - [MESSAGE][NOT_RUN] - Close browser

2020-07-22 15:20:54 - [MESSAGE][FAILED] - Feature file 'Include/features/IST_Real/CONTRACT_DISPATCHER_TWO_WHEELERS/DEV/Pick_Mistake_Without_Write_Textarea_Note_Before.feature' was failed

2020-07-22 15:20:54 - [MESSAGE][FAILED] - Keyword runFeatureFile was failed (Root cause: com.kms.katalon.core.exception.StepFailedException: Feature file 'Include/features/IST_Real/CONTRACT_DISPATCHER_TWO_WHEELERS/DEV/Pick_Mistake_Without_Write_Textarea_Note_Before.feature' was failed
	at com.kms.katalon.core.keyword.internal.KeywordMain.stepFailed(KeywordMain.groovy:50)
	at com.kms.katalon.core.keyword.internal.KeywordMain.stepFailed(KeywordMain.groovy)
	at com.kms.katalon.core.keyword.internal.KeywordMain.stepFailed(KeywordMain.groovy:23)
	at com.kms.katalon.core.keyword.internal.KeywordMain$stepFailed$0.call(Unknown Source)
	at com.kms.katalon.core.cucumber.keyword.CucumberBuiltinKeywords$_runFeatureFile_closure1.doCall(CucumberBuiltinKeywords.groovy:82)
	at com.kms.katalon.core.cucumber.keyword.CucumberBuiltinKeywords$_runFeatureFile_closure1.doCall(CucumberBuiltinKeywords.groovy)
	at com.kms.katalon.core.keyword.internal.KeywordMain.runKeyword(KeywordMain.groovy:68)
	at com.kms.katalon.core.keyword.internal.KeywordMain$runKeyword.call(Unknown Source)
	at com.kms.katalon.core.cucumber.keyword.CucumberBuiltinKeywords.runFeatureFile(CucumberBuiltinKeywords.groovy:46)
	at com.kms.katalon.core.cucumber.keyword.CucumberBuiltinKeywords$runFeatureFile$0.callStatic(Unknown Source)
	at com.kms.katalon.core.cucumber.keyword.CucumberBuiltinKeywords.runFeatureFile(CucumberBuiltinKeywords.groovy:169)
	at com.kms.katalon.core.cucumber.keyword.CucumberBuiltinKeywords$runFeatureFile.call(Unknown Source)
	at Pick_Mistake_Without_Write_Textarea_Note_Before.run(Pick_Mistake_Without_Write_Textarea_Note_Before:16)
	at com.kms.katalon.core.main.ScriptEngine.run(ScriptEngine.java:194)
	at com.kms.katalon.core.main.ScriptEngine.runScriptAsRawText(ScriptEngine.java:119)
	at com.kms.katalon.core.main.TestCaseExecutor.runScript(TestCaseExecutor.java:339)
	at com.kms.katalon.core.main.TestCaseExecutor.doExecute(TestCaseExecutor.java:330)
	at com.kms.katalon.core.main.TestCaseExecutor.processExecutionPhase(TestCaseExecutor.java:309)
	at com.kms.katalon.core.main.TestCaseExecutor.accessMainPhase(TestCaseExecutor.java:301)
	at com.kms.katalon.core.main.TestCaseExecutor.execute(TestCaseExecutor.java:235)
	at com.kms.katalon.core.main.TestSuiteExecutor.accessTestCaseMainPhase(TestSuiteExecutor.java:191)
	at com.kms.katalon.core.main.TestSuiteExecutor.accessTestSuiteMainPhase(TestSuiteExecutor.java:141)
	at com.kms.katalon.core.main.TestSuiteExecutor.execute(TestSuiteExecutor.java:90)
	at com.kms.katalon.core.main.TestCaseMain.startTestSuite(TestCaseMain.java:157)
	at com.kms.katalon.core.main.TestCaseMain$startTestSuite$0.call(Unknown Source)
	at TempTestSuite1595405610477.run(TempTestSuite1595405610477.groovy:39)
)]]></system-out>
         <system-err><![CDATA[2020-07-22 15:20:20 - [TEST_CASE][FAILED] - Test Cases/IST_Real/CONTRACT_DISPATCHER_TWO_WHEELERS/DEV/Pick_Mistake_Without_Write_Textarea_Note_Before: Test Cases/IST_Real/CONTRACT_DISPATCHER_TWO_WHEELERS/DEV/Pick_Mistake_Without_Write_Textarea_Note_Before FAILED.
Reason:
com.kms.katalon.core.exception.StepFailedException: Feature file 'Include/features/IST_Real/CONTRACT_DISPATCHER_TWO_WHEELERS/DEV/Pick_Mistake_Without_Write_Textarea_Note_Before.feature' was failed
	at com.kms.katalon.core.keyword.internal.KeywordMain.stepFailed(KeywordMain.groovy:50)
	at com.kms.katalon.core.keyword.internal.KeywordMain.stepFailed(KeywordMain.groovy)
	at com.kms.katalon.core.keyword.internal.KeywordMain.stepFailed(KeywordMain.groovy:23)
	at com.kms.katalon.core.keyword.internal.KeywordMain$stepFailed$0.call(Unknown Source)
	at com.kms.katalon.core.cucumber.keyword.CucumberBuiltinKeywords$_runFeatureFile_closure1.doCall(CucumberBuiltinKeywords.groovy:82)
	at com.kms.katalon.core.cucumber.keyword.CucumberBuiltinKeywords$_runFeatureFile_closure1.doCall(CucumberBuiltinKeywords.groovy)
	at com.kms.katalon.core.keyword.internal.KeywordMain.runKeyword(KeywordMain.groovy:68)
	at com.kms.katalon.core.keyword.internal.KeywordMain$runKeyword.call(Unknown Source)
	at com.kms.katalon.core.cucumber.keyword.CucumberBuiltinKeywords.runFeatureFile(CucumberBuiltinKeywords.groovy:46)
	at com.kms.katalon.core.cucumber.keyword.CucumberBuiltinKeywords$runFeatureFile$0.callStatic(Unknown Source)
	at com.kms.katalon.core.cucumber.keyword.CucumberBuiltinKeywords.runFeatureFile(CucumberBuiltinKeywords.groovy:169)
	at com.kms.katalon.core.cucumber.keyword.CucumberBuiltinKeywords$runFeatureFile.call(Unknown Source)
	at Pick_Mistake_Without_Write_Textarea_Note_Before.run(Pick_Mistake_Without_Write_Textarea_Note_Before:16)
	at com.kms.katalon.core.main.ScriptEngine.run(ScriptEngine.java:194)
	at com.kms.katalon.core.main.ScriptEngine.runScriptAsRawText(ScriptEngine.java:119)
	at com.kms.katalon.core.main.TestCaseExecutor.runScript(TestCaseExecutor.java:339)
	at com.kms.katalon.core.main.TestCaseExecutor.doExecute(TestCaseExecutor.java:330)
	at com.kms.katalon.core.main.TestCaseExecutor.processExecutionPhase(TestCaseExecutor.java:309)
	at com.kms.katalon.core.main.TestCaseExecutor.accessMainPhase(TestCaseExecutor.java:301)
	at com.kms.katalon.core.main.TestCaseExecutor.execute(TestCaseExecutor.java:235)
	at com.kms.katalon.core.main.TestSuiteExecutor.accessTestCaseMainPhase(TestSuiteExecutor.java:191)
	at com.kms.katalon.core.main.TestSuiteExecutor.accessTestSuiteMainPhase(TestSuiteExecutor.java:141)
	at com.kms.katalon.core.main.TestSuiteExecutor.execute(TestSuiteExecutor.java:90)
	at com.kms.katalon.core.main.TestCaseMain.startTestSuite(TestCaseMain.java:157)
	at com.kms.katalon.core.main.TestCaseMain$startTestSuite$0.call(Unknown Source)
	at TempTestSuite1595405610477.run(TempTestSuite1595405610477.groovy:39)]]></system-err>
      </testcase>
      <system-out><![CDATA[2020-07-22 15:13:39 - [TEST_SUITE][FAILED] - TS_Contract_Dispatcher_Two_Wheelers: Test Cases/IST_Real/CONTRACT_DISPATCHER_TWO_WHEELERS/DEV/Claim_Contract_Two_Wheelers_then_Save_it_Without_Register_Any_Mistakes FAILED.
Reason:
com.kms.katalon.core.exception.StepFailedException: Feature file 'Include/features/IST_Real/CONTRACT_DISPATCHER_TWO_WHEELERS/DEV/Claim_Contract_Two_Wheelers_then_Save_it_Without_Register_Any_Mistakes.feature' was failed
	at com.kms.katalon.core.keyword.internal.KeywordMain.stepFailed(KeywordMain.groovy:50)
	at com.kms.katalon.core.keyword.internal.KeywordMain.stepFailed(KeywordMain.groovy)
	at com.kms.katalon.core.keyword.internal.KeywordMain.stepFailed(KeywordMain.groovy:23)
	at com.kms.katalon.core.keyword.internal.KeywordMain$stepFailed$0.call(Unknown Source)
	at com.kms.katalon.core.cucumber.keyword.CucumberBuiltinKeywords$_runFeatureFile_closure1.doCall(CucumberBuiltinKeywords.groovy:82)
	at com.kms.katalon.core.cucumber.keyword.CucumberBuiltinKeywords$_runFeatureFile_closure1.doCall(CucumberBuiltinKeywords.groovy)
	at com.kms.katalon.core.keyword.internal.KeywordMain.runKeyword(KeywordMain.groovy:68)
	at com.kms.katalon.core.keyword.internal.KeywordMain$runKeyword.call(Unknown Source)
	at com.kms.katalon.core.cucumber.keyword.CucumberBuiltinKeywords.runFeatureFile(CucumberBuiltinKeywords.groovy:46)
	at com.kms.katalon.core.cucumber.keyword.CucumberBuiltinKeywords$runFeatureFile$0.callStatic(Unknown Source)
	at com.kms.katalon.core.cucumber.keyword.CucumberBuiltinKeywords.runFeatureFile(CucumberBuiltinKeywords.groovy:169)
	at com.kms.katalon.core.cucumber.keyword.CucumberBuiltinKeywords$runFeatureFile.call(Unknown Source)
	at Claim_Contract_Two_Wheelers_then_Save_it_Without_Register_Any_Mistakes.run(Claim_Contract_Two_Wheelers_then_Save_it_Without_Register_Any_Mistakes:16)
	at com.kms.katalon.core.main.ScriptEngine.run(ScriptEngine.java:194)
	at com.kms.katalon.core.main.ScriptEngine.runScriptAsRawText(ScriptEngine.java:119)
	at com.kms.katalon.core.main.TestCaseExecutor.runScript(TestCaseExecutor.java:339)
	at com.kms.katalon.core.main.TestCaseExecutor.doExecute(TestCaseExecutor.java:330)
	at com.kms.katalon.core.main.TestCaseExecutor.processExecutionPhase(TestCaseExecutor.java:309)
	at com.kms.katalon.core.main.TestCaseExecutor.accessMainPhase(TestCaseExecutor.java:301)
	at com.kms.katalon.core.main.TestCaseExecutor.execute(TestCaseExecutor.java:235)
	at com.kms.katalon.core.main.TestSuiteExecutor.accessTestCaseMainPhase(TestSuiteExecutor.java:191)
	at com.kms.katalon.core.main.TestSuiteExecutor.accessTestSuiteMainPhase(TestSuiteExecutor.java:141)
	at com.kms.katalon.core.main.TestSuiteExecutor.execute(TestSuiteExecutor.java:90)
	at com.kms.katalon.core.main.TestCaseMain.startTestSuite(TestCaseMain.java:157)
	at com.kms.katalon.core.main.TestCaseMain$startTestSuite$0.call(Unknown Source)
	at TempTestSuite1595405610477.run(TempTestSuite1595405610477.groovy:39)]]></system-out>
      <system-err><![CDATA[2020-07-22 15:13:39 - [TEST_SUITE][FAILED] - TS_Contract_Dispatcher_Two_Wheelers: Test Cases/IST_Real/CONTRACT_DISPATCHER_TWO_WHEELERS/DEV/Claim_Contract_Two_Wheelers_then_Save_it_Without_Register_Any_Mistakes FAILED.
Reason:
com.kms.katalon.core.exception.StepFailedException: Feature file 'Include/features/IST_Real/CONTRACT_DISPATCHER_TWO_WHEELERS/DEV/Claim_Contract_Two_Wheelers_then_Save_it_Without_Register_Any_Mistakes.feature' was failed
	at com.kms.katalon.core.keyword.internal.KeywordMain.stepFailed(KeywordMain.groovy:50)
	at com.kms.katalon.core.keyword.internal.KeywordMain.stepFailed(KeywordMain.groovy)
	at com.kms.katalon.core.keyword.internal.KeywordMain.stepFailed(KeywordMain.groovy:23)
	at com.kms.katalon.core.keyword.internal.KeywordMain$stepFailed$0.call(Unknown Source)
	at com.kms.katalon.core.cucumber.keyword.CucumberBuiltinKeywords$_runFeatureFile_closure1.doCall(CucumberBuiltinKeywords.groovy:82)
	at com.kms.katalon.core.cucumber.keyword.CucumberBuiltinKeywords$_runFeatureFile_closure1.doCall(CucumberBuiltinKeywords.groovy)
	at com.kms.katalon.core.keyword.internal.KeywordMain.runKeyword(KeywordMain.groovy:68)
	at com.kms.katalon.core.keyword.internal.KeywordMain$runKeyword.call(Unknown Source)
	at com.kms.katalon.core.cucumber.keyword.CucumberBuiltinKeywords.runFeatureFile(CucumberBuiltinKeywords.groovy:46)
	at com.kms.katalon.core.cucumber.keyword.CucumberBuiltinKeywords$runFeatureFile$0.callStatic(Unknown Source)
	at com.kms.katalon.core.cucumber.keyword.CucumberBuiltinKeywords.runFeatureFile(CucumberBuiltinKeywords.groovy:169)
	at com.kms.katalon.core.cucumber.keyword.CucumberBuiltinKeywords$runFeatureFile.call(Unknown Source)
	at Claim_Contract_Two_Wheelers_then_Save_it_Without_Register_Any_Mistakes.run(Claim_Contract_Two_Wheelers_then_Save_it_Without_Register_Any_Mistakes:16)
	at com.kms.katalon.core.main.ScriptEngine.run(ScriptEngine.java:194)
	at com.kms.katalon.core.main.ScriptEngine.runScriptAsRawText(ScriptEngine.java:119)
	at com.kms.katalon.core.main.TestCaseExecutor.runScript(TestCaseExecutor.java:339)
	at com.kms.katalon.core.main.TestCaseExecutor.doExecute(TestCaseExecutor.java:330)
	at com.kms.katalon.core.main.TestCaseExecutor.processExecutionPhase(TestCaseExecutor.java:309)
	at com.kms.katalon.core.main.TestCaseExecutor.accessMainPhase(TestCaseExecutor.java:301)
	at com.kms.katalon.core.main.TestCaseExecutor.execute(TestCaseExecutor.java:235)
	at com.kms.katalon.core.main.TestSuiteExecutor.accessTestCaseMainPhase(TestSuiteExecutor.java:191)
	at com.kms.katalon.core.main.TestSuiteExecutor.accessTestSuiteMainPhase(TestSuiteExecutor.java:141)
	at com.kms.katalon.core.main.TestSuiteExecutor.execute(TestSuiteExecutor.java:90)
	at com.kms.katalon.core.main.TestCaseMain.startTestSuite(TestCaseMain.java:157)
	at com.kms.katalon.core.main.TestCaseMain$startTestSuite$0.call(Unknown Source)
	at TempTestSuite1595405610477.run(TempTestSuite1595405610477.groovy:39)]]></system-err>
   </testsuite>
</testsuites>
