<?xml version="1.0" encoding="UTF-8"?>
<testsuites name="TS_SLIK_Gateway_Non_Customer" time="436.019" tests="17" failures="1" errors="0">
   <testsuite name="TS_SLIK_Gateway_Non_Customer" tests="17" failures="1" errors="0" time="436.019" timestamp="2020-10-28 18:50:43" hostname="chaidir.pratama01 - localhost" id="Test Suites/SLIK/TS_SLIK_Gateway_Non_Customer">
      <properties>
         <property name="deviceName" value=""/>
         <property name="devicePlatform" value=""/>
         <property name="logFolder" value="/Users/chaidir.pratama01/Katalon Studio/IST_Automation_Git/Reports/20201028_185036/SLIK/TS_SLIK_Gateway_Non_Customer/20201028_185036"/>
         <property name="logFiles" value="/Users/chaidir.pratama01/Katalon Studio/IST_Automation_Git/Reports/20201028_185036/SLIK/TS_SLIK_Gateway_Non_Customer/20201028_185036/execution0.log"/>
         <property name="attachments" value="/Users/chaidir.pratama01/Documents/Docs/Katalon Studio/Screenshot/test-SLIK Gateway Non Customer.png, /Users/chaidir.pratama01/Documents/Docs/Katalon Studio/Screenshot/slik.png, /Users/chaidir.pratama01/Documents/Docs/Katalon Studio/Screenshot/slik.png, /Users/chaidir.pratama01/Documents/Docs/Katalon Studio/Screenshot/slik.png, /Users/chaidir.pratama01/Documents/Docs/Katalon Studio/Screenshot/errorpopup.png, /Users/chaidir.pratama01/Katalon Studio/IST_Automation_Git/img/View_detail_NonCutomer.png, /Users/chaidir.pratama01/Documents/Docs/Katalon Studio/Screenshot/test-SLIK Gateway Approval Non Customer.png, /Users/chaidir.pratama01/Documents/Docs/Katalon Studio/Screenshot/errorpopup.png, /Users/chaidir.pratama01/Documents/Docs/Katalon Studio/Screenshot/errorpopup.png, /Users/chaidir.pratama01/Katalon Studio/IST_Automation_Git/Reports/20201028_185036/SLIK/TS_SLIK_Gateway_Non_Customer/20201028_185036/1603886048723.png, /Users/chaidir.pratama01/Katalon Studio/IST_Automation_Git/Reports/20201028_185036/SLIK/TS_SLIK_Gateway_Non_Customer/20201028_185036/1603886049638.png, /Users/chaidir.pratama01/Documents/Docs/Katalon Studio/Screenshot/slik.png, /Users/chaidir.pratama01/Documents/Docs/Katalon Studio/Screenshot/slik.png, /Users/chaidir.pratama01/Documents/Docs/Katalon Studio/Screenshot/slik.png, /Users/chaidir.pratama01/Documents/Docs/Katalon Studio/Screenshot/errorpopup.png, /Users/chaidir.pratama01/Documents/Docs/Katalon Studio/Screenshot/test-SLIK Gateway Approval Non Customer.png, /Users/chaidir.pratama01/Documents/Docs/Katalon Studio/Screenshot/errorpopup.png, /Users/chaidir.pratama01/Documents/Docs/Katalon Studio/Screenshot/errorpopup.png, /Users/chaidir.pratama01/Katalon Studio/IST_Automation_Git/img/View_detail_NonCutomer.png, /Users/chaidir.pratama01/Documents/Docs/Katalon Studio/Screenshot/errorpopup.png, /Users/chaidir.pratama01/Documents/Docs/Katalon Studio/Screenshot/errorpopup.png, /Users/chaidir.pratama01/Katalon Studio/IST_Automation_Git/Reports/20201028_185036/SLIK/TS_SLIK_Gateway_Non_Customer/20201028_185036/1603886275408.png"/>
         <property name="hostName" value="chaidir.pratama01 - localhost"/>
         <property name="os" value="Mac OS X 64bit"/>
         <property name="katalonVersion" value="7.6.0.${buildNumber}"/>
         <property name="browser" value="Chrome 86.0.4240.111"/>
         <property name="hostAddress" value="127.0.0.1"/>
         <property name="sessionId" value="6a0791adb03f2e1ed7ce139ff5444ad4"/>
         <property name="seleniumVersion" value="3.141.59"/>
         <property name="proxyInformation" value="ProxyInformation { proxyOption=NO_PROXY, proxyServerType=HTTP, username=, password=********, proxyServerAddress=, proxyServerPort=0, executionList=\&quot;\&quot;, isApplyToDesiredCapabilities=true }"/>
         <property name="platform" value="Mac OS X"/>
      </properties>
      <testcase name="Test Cases/IST_Real/SLIK/SLIK_Gateway_Non_Customer/Open Menu SLIK Gateway Non Customer" time="42.59" classname="Test Cases/IST_Real/SLIK/SLIK_Gateway_Non_Customer/Open Menu SLIK Gateway Non Customer" status="PASSED">
         <system-out><![CDATA[2020-10-28 18:50:43 - [TEST_CASE][PASSED] - Test Cases/IST_Real/SLIK/SLIK_Gateway_Non_Customer/Open Menu SLIK Gateway Non Customer: Test Cases/IST_Real/SLIK/SLIK_Gateway_Non_Customer/Open Menu SLIK Gateway Non Customer

2020-10-28 18:50:44 - [TEST_STEP][PASSED] - runFeatureFile("Include/features/IST_Real/SLIK/SLIK Gateway Non Customer/Open_Menu_SLIK_Gateway_Non_Customer.feature"): Feature file: 'Include/features/IST_Real/SLIK/SLIK Gateway Non Customer/Open_Menu_SLIK_Gateway_Non_Customer.feature' was passed

2020-10-28 18:50:44 - [MESSAGE][INFO] - Starting run keyword runFeatureFile: 'Include/features/IST_Real/SLIK/SLIK Gateway Non Customer/Open_Menu_SLIK_Gateway_Non_Customer.feature' and extract report to folder: '/Users/chaidir.pratama01/Katalon Studio/IST_Automation_Git/Reports/20201028_185036/SLIK/TS_SLIK_Gateway_Non_Customer/20201028_185036/cucumber_report/1603885844259'...

2020-10-28 18:50:44 - [TEST_CASE][PASSED] - Start Test Case : SCENARIO Menu SLIK Gateway Non Customer in IST and Verify Element Needed Exist: SCENARIO Menu SLIK Gateway Non Customer in IST and Verify Element Needed Exist

2020-10-28 18:50:44 - [TEST_STEP][PASSED] - Go to ISTools: Go to ISTools

2020-10-28 18:50:45 - [MESSAGE][INFO] - Starting 'Chrome' driver

2020-10-28 18:50:45 - [MESSAGE][INFO] - User set preference: ['AcceptInsecureCerts', 'true']

2020-10-28 18:50:45 - [MESSAGE][INFO] - User set preference: ['args', '[ignore-certificate-errors]']

2020-10-28 18:50:45 - [MESSAGE][INFO] - Action delay is set to 0 milliseconds

2020-10-28 18:50:47 - [MESSAGE][PASSED] - Browser is opened with url: ''

2020-10-28 18:50:48 - [MESSAGE][PASSED] - Navigate to 'https://id-ist01preprod.id.nonprod/ist/' successfully

2020-10-28 18:50:48 - [MESSAGE][PASSED] - Go to ISTools

2020-10-28 18:50:48 - [TEST_STEP][PASSED] - Login IST with valid credentials: Login IST with valid credentials

2020-10-28 18:50:49 - [MESSAGE][PASSED] - Text 'mobile.test' is set on object 'Object Repository/Page_/input_Username_j_username'

2020-10-28 18:50:50 - [MESSAGE][PASSED] - Text ****** has been set on object 'Object Repository/Page_/input_Password_j_password'

2020-10-28 18:50:50 - [MESSAGE][PASSED] - Object: 'Object Repository/Page_/button_Login' is clicked on

2020-10-28 18:50:50 - [MESSAGE][PASSED] - Login IST with valid credentials

2020-10-28 18:50:50 - [TEST_STEP][PASSED] - Login Success for contract dispatcher: Login Success for contract dispatcher

2020-10-28 18:50:50 - [MESSAGE][INFO] - Login Success

2020-10-28 18:50:50 - [MESSAGE][PASSED] - Current window maximized

2020-10-28 18:50:51 - [MESSAGE][PASSED] - Object 'Object Repository/Page_/h1_Welcome to IT Supporting Tools' is present

2020-10-28 18:50:51 - [MESSAGE][PASSED] - Login Success for contract dispatcher

2020-10-28 18:50:51 - [TEST_STEP][PASSED] - Select Menu "SLIK Gateway Non Customer": Select Menu "SLIK Gateway Non Customer"

2020-10-28 18:50:52 - [MESSAGE][PASSED] - Taking screenshot successfully
[[ATTACHMENT|/Users/chaidir.pratama01/Documents/Docs/Katalon Studio/Screenshot/test-SLIK Gateway Non Customer.png]]

2020-10-28 18:50:52 - [MESSAGE][PASSED] - Object '' is present

2020-10-28 18:50:52 - [MESSAGE][PASSED] - Object: '' is clicked on

2020-10-28 18:50:52 - [MESSAGE][PASSED] - Wait for page load successfully

2020-10-28 18:50:52 - [MESSAGE][PASSED] - Select Menu "SLIK Gateway Non Customer"

2020-10-28 18:50:52 - [TEST_STEP][PASSED] - Verify Title "SLIK Gateway Non Customer" Exists: Verify Title "SLIK Gateway Non Customer" Exists

2020-10-28 18:50:53 - [MESSAGE][PASSED] - Object '' is present

2020-10-28 18:50:53 - [MESSAGE][PASSED] - Object: '' is focused

2020-10-28 18:50:53 - [MESSAGE][PASSED] - Verify Title "SLIK Gateway Non Customer" Exists

2020-10-28 18:50:53 - [TEST_STEP][PASSED] - Verify Title "Check SLIK" Exists: Verify Title "Check SLIK" Exists

2020-10-28 18:50:54 - [MESSAGE][PASSED] - Object '' is present

2020-10-28 18:50:54 - [MESSAGE][PASSED] - Object: '' is focused

2020-10-28 18:50:54 - [MESSAGE][PASSED] - Verify Title "Check SLIK" Exists

2020-10-28 18:50:54 - [TEST_STEP][PASSED] - Verify Contents of Check SLIK Label in SLIK Gateway Non Customer Menu Exist: Verify Contents of Check SLIK Label in SLIK Gateway Non Customer Menu Exist

2020-10-28 18:50:54 - [MESSAGE][PASSED] - Object '' is present

2020-10-28 18:50:55 - [MESSAGE][PASSED] - Object: '' is focused

2020-10-28 18:50:55 - [MESSAGE][PASSED] - Object '' is present

2020-10-28 18:50:56 - [MESSAGE][PASSED] - Object: '' is focused

2020-10-28 18:50:56 - [MESSAGE][PASSED] - Object '' is present

2020-10-28 18:50:56 - [MESSAGE][PASSED] - Object: '' is focused

2020-10-28 18:50:57 - [MESSAGE][PASSED] - Object '' is present

2020-10-28 18:50:57 - [MESSAGE][PASSED] - Object: '' is focused

2020-10-28 18:50:57 - [MESSAGE][PASSED] - Object '' is present

2020-10-28 18:50:58 - [MESSAGE][PASSED] - Object: '' is focused

2020-10-28 18:50:58 - [MESSAGE][PASSED] - Object '' is present

2020-10-28 18:50:59 - [MESSAGE][PASSED] - Object: '' is focused

2020-10-28 18:50:59 - [MESSAGE][PASSED] - Object '' is present

2020-10-28 18:50:59 - [MESSAGE][PASSED] - Object: '' is focused

2020-10-28 18:51:00 - [MESSAGE][PASSED] - Object '' is present

2020-10-28 18:51:00 - [MESSAGE][PASSED] - Object: '' is focused

2020-10-28 18:51:00 - [MESSAGE][PASSED] - Object '' is present

2020-10-28 18:51:01 - [MESSAGE][PASSED] - Object: '' is focused

2020-10-28 18:51:01 - [MESSAGE][PASSED] - Object '' is present

2020-10-28 18:51:02 - [MESSAGE][PASSED] - Object: '' is focused

2020-10-28 18:51:02 - [MESSAGE][PASSED] - Object '' is present

2020-10-28 18:51:02 - [MESSAGE][PASSED] - Object: '' is focused

2020-10-28 18:51:03 - [MESSAGE][PASSED] - Object '' is present

2020-10-28 18:51:03 - [MESSAGE][PASSED] - Object: '' is focused

2020-10-28 18:51:03 - [MESSAGE][PASSED] - Object '' is present

2020-10-28 18:51:04 - [MESSAGE][PASSED] - Object: '' is focused

2020-10-28 18:51:04 - [MESSAGE][PASSED] - Object '' is present

2020-10-28 18:51:04 - [MESSAGE][PASSED] - Object: '' is focused

2020-10-28 18:51:05 - [MESSAGE][PASSED] - Object '' is present

2020-10-28 18:51:05 - [MESSAGE][PASSED] - Object: '' is focused

2020-10-28 18:51:05 - [MESSAGE][PASSED] - Object '' is present

2020-10-28 18:51:06 - [MESSAGE][PASSED] - Object: '' is focused

2020-10-28 18:51:06 - [MESSAGE][PASSED] - Object '' is present

2020-10-28 18:51:06 - [MESSAGE][PASSED] - Object: '' is focused

2020-10-28 18:51:06 - [MESSAGE][PASSED] - Object '' is present

2020-10-28 18:51:07 - [MESSAGE][PASSED] - Object: '' is focused

2020-10-28 18:51:07 - [MESSAGE][PASSED] - Object '' is present

2020-10-28 18:51:10 - [MESSAGE][PASSED] - Delayed 3 second(s)

2020-10-28 18:51:11 - [MESSAGE][PASSED] - Object: '' is focused

2020-10-28 18:51:14 - [MESSAGE][PASSED] - Delayed 3 second(s)

2020-10-28 18:51:14 - [MESSAGE][PASSED] - Object '' is present

2020-10-28 18:51:14 - [MESSAGE][PASSED] - Object: '' is focused

2020-10-28 18:51:15 - [MESSAGE][PASSED] - Object '' is present

2020-10-28 18:51:15 - [MESSAGE][PASSED] - Object: '' is focused

2020-10-28 18:51:15 - [MESSAGE][PASSED] - Object '' is present

2020-10-28 18:51:16 - [MESSAGE][PASSED] - Object: '' is focused

2020-10-28 18:51:16 - [MESSAGE][PASSED] - Verify Contents of Check SLIK Label in SLIK Gateway Non Customer Menu Exist

2020-10-28 18:51:16 - [TEST_STEP][PASSED] - Verify Title "Search Result" Exists: Verify Title "Search Result" Exists

2020-10-28 18:51:16 - [MESSAGE][PASSED] - Object '' is present

2020-10-28 18:51:16 - [MESSAGE][PASSED] - Object: '' is focused

2020-10-28 18:51:16 - [MESSAGE][PASSED] - Verify Title "Search Result" Exists

2020-10-28 18:51:16 - [TEST_STEP][PASSED] - Verify Contents of Search Result: Verify Contents of Search Result

2020-10-28 18:51:17 - [MESSAGE][PASSED] - Object '' is present

2020-10-28 18:51:17 - [MESSAGE][PASSED] - Object: '' is focused

2020-10-28 18:51:17 - [MESSAGE][PASSED] - Object '' is present

2020-10-28 18:51:18 - [MESSAGE][PASSED] - Object: '' is focused

2020-10-28 18:51:18 - [MESSAGE][PASSED] - Object '' is present

2020-10-28 18:51:19 - [MESSAGE][PASSED] - Object: '' is focused

2020-10-28 18:51:19 - [MESSAGE][PASSED] - Object '' is present

2020-10-28 18:51:19 - [MESSAGE][PASSED] - Object: '' is focused

2020-10-28 18:51:20 - [MESSAGE][PASSED] - Object '' is present

2020-10-28 18:51:20 - [MESSAGE][PASSED] - Object: '' is focused

2020-10-28 18:51:20 - [MESSAGE][PASSED] - Object '' is present

2020-10-28 18:51:21 - [MESSAGE][PASSED] - Object: '' is focused

2020-10-28 18:51:21 - [MESSAGE][PASSED] - Object '' is present

2020-10-28 18:51:21 - [MESSAGE][PASSED] - Object: '' is focused

2020-10-28 18:51:22 - [MESSAGE][PASSED] - Object '' is present

2020-10-28 18:51:22 - [MESSAGE][PASSED] - Object: '' is focused

2020-10-28 18:51:22 - [MESSAGE][PASSED] - Object '' is present

2020-10-28 18:51:23 - [MESSAGE][PASSED] - Object: '' is focused

2020-10-28 18:51:23 - [MESSAGE][PASSED] - Verify Contents of Search Result

2020-10-28 18:51:23 - [TEST_STEP][PASSED] - Click button "Logout": Click button "Logout"

2020-10-28 18:51:23 - [MESSAGE][INFO] - >>>>>//Button[contains(text(),'Logout')]

2020-10-28 18:51:26 - [MESSAGE][PASSED] - Object: '' is clicked on

2020-10-28 18:51:26 - [MESSAGE][PASSED] - Click button "Logout"

2020-10-28 18:51:26 - [TEST_STEP][PASSED] - Close browser: Close browser

2020-10-28 18:51:26 - [MESSAGE][PASSED] - Browser is closed

2020-10-28 18:51:26 - [MESSAGE][PASSED] - Close browser

2020-10-28 18:51:26 - [MESSAGE][PASSED] - Feature file: 'Include/features/IST_Real/SLIK/SLIK Gateway Non Customer/Open_Menu_SLIK_Gateway_Non_Customer.feature' was passed]]></system-out>
         <system-err><![CDATA[]]></system-err>
      </testcase>
      <testcase name="Test Cases/IST_Real/SLIK/SLIK_Gateway_Non_Customer/SLIK Gateway Non Customer Checking" time="72.84" classname="Test Cases/IST_Real/SLIK/SLIK_Gateway_Non_Customer/SLIK Gateway Non Customer Checking" status="PASSED">
         <system-out><![CDATA[2020-10-28 18:51:26 - [TEST_CASE][PASSED] - Test Cases/IST_Real/SLIK/SLIK_Gateway_Non_Customer/SLIK Gateway Non Customer Checking: Test Cases/IST_Real/SLIK/SLIK_Gateway_Non_Customer/SLIK Gateway Non Customer Checking

2020-10-28 18:51:26 - [TEST_STEP][PASSED] - runFeatureFile("Include/features/IST_Real/SLIK/SLIK Gateway Non Customer/SLIK Gateway Non Customer Checking.feature"): Feature file: 'Include/features/IST_Real/SLIK/SLIK Gateway Non Customer/SLIK Gateway Non Customer Checking.feature' was passed

2020-10-28 18:51:26 - [MESSAGE][INFO] - Starting run keyword runFeatureFile: 'Include/features/IST_Real/SLIK/SLIK Gateway Non Customer/SLIK Gateway Non Customer Checking.feature' and extract report to folder: '/Users/chaidir.pratama01/Katalon Studio/IST_Automation_Git/Reports/20201028_185036/SLIK/TS_SLIK_Gateway_Non_Customer/20201028_185036/cucumber_report/1603885886707'...

2020-10-28 18:51:26 - [TEST_CASE][PASSED] - Start Test Case : SCENARIO SLIK Gateway Non Customer Checking: SCENARIO SLIK Gateway Non Customer Checking

2020-10-28 18:51:26 - [TEST_STEP][PASSED] - Go to ISTools: Go to ISTools

2020-10-28 18:51:26 - [MESSAGE][INFO] - Starting 'Chrome' driver

2020-10-28 18:51:26 - [MESSAGE][INFO] - User set preference: ['AcceptInsecureCerts', 'true']

2020-10-28 18:51:26 - [MESSAGE][INFO] - User set preference: ['args', '[ignore-certificate-errors]']

2020-10-28 18:51:26 - [MESSAGE][INFO] - Action delay is set to 0 milliseconds

2020-10-28 18:51:28 - [MESSAGE][PASSED] - Browser is opened with url: ''

2020-10-28 18:51:28 - [MESSAGE][PASSED] - Navigate to 'https://id-ist01preprod.id.nonprod/ist/' successfully

2020-10-28 18:51:28 - [MESSAGE][PASSED] - Go to ISTools

2020-10-28 18:51:28 - [TEST_STEP][PASSED] - Login IST with valid credentials: Login IST with valid credentials

2020-10-28 18:51:29 - [MESSAGE][PASSED] - Text 'mobile.test' is set on object 'Object Repository/Page_/input_Username_j_username'

2020-10-28 18:51:29 - [MESSAGE][PASSED] - Text ****** has been set on object 'Object Repository/Page_/input_Password_j_password'

2020-10-28 18:51:30 - [MESSAGE][PASSED] - Object: 'Object Repository/Page_/button_Login' is clicked on

2020-10-28 18:51:30 - [MESSAGE][PASSED] - Login IST with valid credentials

2020-10-28 18:51:30 - [TEST_STEP][PASSED] - Login Success for contract dispatcher: Login Success for contract dispatcher

2020-10-28 18:51:30 - [MESSAGE][INFO] - Login Success

2020-10-28 18:51:30 - [MESSAGE][PASSED] - Current window maximized

2020-10-28 18:51:30 - [MESSAGE][PASSED] - Object 'Object Repository/Page_/h1_Welcome to IT Supporting Tools' is present

2020-10-28 18:51:30 - [MESSAGE][PASSED] - Login Success for contract dispatcher

2020-10-28 18:51:30 - [TEST_STEP][PASSED] - Select Menu SLIK Gateway NonCustomer: Select Menu SLIK Gateway NonCustomer

2020-10-28 18:51:31 - [MESSAGE][PASSED] - Object '' is present

2020-10-28 18:51:31 - [MESSAGE][PASSED] - Object: '' is clicked on

2020-10-28 18:51:31 - [MESSAGE][PASSED] - Wait for page load successfully

2020-10-28 18:51:31 - [MESSAGE][PASSED] - Select Menu SLIK Gateway NonCustomer

2020-10-28 18:51:31 - [TEST_STEP][PASSED] - Input Data KTP Number: Input Data KTP Number

2020-10-28 18:51:32 - [MESSAGE][PASSED] - Text '8888888888888888' is set on object ''

2020-10-28 18:51:32 - [MESSAGE][PASSED] - Input Data KTP Number

2020-10-28 18:51:32 - [TEST_STEP][PASSED] - Input Data "Name *" with value "OPEX TestingAuto" for Check SLIK: Input Data "Name *" with value "OPEX TestingAuto" for Check SLIK

2020-10-28 18:51:33 - [MESSAGE][PASSED] - Taking screenshot successfully
[[ATTACHMENT|/Users/chaidir.pratama01/Documents/Docs/Katalon Studio/Screenshot/slik.png]]

2020-10-28 18:51:33 - [MESSAGE][PASSED] - Object '' is visible

2020-10-28 18:51:33 - [MESSAGE][PASSED] - Object: '' is focused

2020-10-28 18:51:34 - [MESSAGE][PASSED] - Text 'OPEX TestingAuto' is set on object ''

2020-10-28 18:51:34 - [MESSAGE][PASSED] - Input Data "Name *" with value "OPEX TestingAuto" for Check SLIK

2020-10-28 18:51:34 - [TEST_STEP][PASSED] - Input Date of Birth "20-02-1990": Input Date of Birth "20-02-1990"

2020-10-28 18:51:34 - [MESSAGE][PASSED] - Text '20-02-1990' is set on object ''

2020-10-28 18:51:37 - [MESSAGE][PASSED] - Delayed 3 second(s)

2020-10-28 18:51:37 - [MESSAGE][PASSED] - Input Date of Birth "20-02-1990"

2020-10-28 18:51:37 - [TEST_STEP][PASSED] - Select Gender "Laki-laki": Select Gender "Laki-laki"

2020-10-28 18:51:38 - [MESSAGE][PASSED] - Object: '' is clicked on

2020-10-28 18:51:38 - [MESSAGE][PASSED] - Select Gender "Laki-laki"

2020-10-28 18:51:38 - [TEST_STEP][PASSED] - Select Purpose is "Penilaian Calon Kemitraan": Select Purpose is "Penilaian Calon Kemitraan"

2020-10-28 18:51:39 - [MESSAGE][PASSED] - All options with value 'Penilaian Calon Kemitraan' are selected in object ''  using regular expression

2020-10-28 18:51:39 - [MESSAGE][PASSED] - Select Purpose is "Penilaian Calon Kemitraan"

2020-10-28 18:51:39 - [TEST_STEP][PASSED] - Input Data "Place of Birth" with value "Jakarta" for Check SLIK: Input Data "Place of Birth" with value "Jakarta" for Check SLIK

2020-10-28 18:51:40 - [MESSAGE][PASSED] - Taking screenshot successfully
[[ATTACHMENT|/Users/chaidir.pratama01/Documents/Docs/Katalon Studio/Screenshot/slik.png]]

2020-10-28 18:51:40 - [MESSAGE][PASSED] - Object '' is visible

2020-10-28 18:51:41 - [MESSAGE][PASSED] - Object: '' is focused

2020-10-28 18:51:41 - [MESSAGE][PASSED] - Text 'Jakarta' is set on object ''

2020-10-28 18:51:41 - [MESSAGE][PASSED] - Input Data "Place of Birth" with value "Jakarta" for Check SLIK

2020-10-28 18:51:41 - [TEST_STEP][PASSED] - Input Data "Mother Maternity Name" with value "Tester Auto" for Check SLIK: Input Data "Mother Maternity Name" with value "Tester Auto" for Check SLIK

2020-10-28 18:51:42 - [MESSAGE][PASSED] - Taking screenshot successfully
[[ATTACHMENT|/Users/chaidir.pratama01/Documents/Docs/Katalon Studio/Screenshot/slik.png]]

2020-10-28 18:51:42 - [MESSAGE][PASSED] - Object '' is visible

2020-10-28 18:51:43 - [MESSAGE][PASSED] - Object: '' is focused

2020-10-28 18:51:43 - [MESSAGE][PASSED] - Text 'Tester Auto' is set on object ''

2020-10-28 18:51:43 - [MESSAGE][PASSED] - Input Data "Mother Maternity Name" with value "Tester Auto" for Check SLIK

2020-10-28 18:51:43 - [TEST_STEP][PASSED] - Input KTP Address "TESTING AUTO JAKARTA": Input KTP Address "TESTING AUTO JAKARTA"

2020-10-28 18:51:44 - [MESSAGE][PASSED] - Text 'TESTING AUTO JAKARTA' is set on object ''

2020-10-28 18:51:44 - [MESSAGE][PASSED] - Input KTP Address "TESTING AUTO JAKARTA"

2020-10-28 18:51:44 - [TEST_STEP][PASSED] - Click button "Upload": Click button "Upload"

2020-10-28 18:51:44 - [MESSAGE][INFO] - >>>>>//Button[contains(text(),'Upload')]

2020-10-28 18:51:49 - [MESSAGE][PASSED] - Object: '' is clicked on

2020-10-28 18:51:49 - [MESSAGE][PASSED] - Click button "Upload"

2020-10-28 18:51:49 - [TEST_STEP][PASSED] - Upload file "new_captcha1500.png": Upload file "new_captcha1500.png"

2020-10-28 18:51:49 - [MESSAGE][PASSED] - Switched to window with index: '0'

2020-10-28 18:52:03 - [MESSAGE][PASSED] - Upload file "new_captcha1500.png"

2020-10-28 18:52:03 - [TEST_STEP][PASSED] - Click button "Check SLIK": Click button "Check SLIK"

2020-10-28 18:52:03 - [MESSAGE][INFO] - >>>>>//Button[contains(text(),'Check SLIK')]

2020-10-28 18:52:07 - [MESSAGE][PASSED] - Object: '' is clicked on

2020-10-28 18:52:07 - [MESSAGE][PASSED] - Click button "Check SLIK"

2020-10-28 18:52:07 - [TEST_STEP][PASSED] - Get text from pop up "Confirmation Submit Request" with text "Are you sure to submit this data ?": Get text from pop up "Confirmation Submit Request" with text "Are you sure to submit this data ?"

2020-10-28 18:52:08 - [MESSAGE][PASSED] - Taking screenshot successfully
[[ATTACHMENT|/Users/chaidir.pratama01/Documents/Docs/Katalon Studio/Screenshot/errorpopup.png]]

2020-10-28 18:52:08 - [MESSAGE][PASSED] - Object '' is present

2020-10-28 18:52:08 - [MESSAGE][PASSED] - Wait for page load successfully

2020-10-28 18:52:08 - [MESSAGE][PASSED] - Wait for page load successfully

2020-10-28 18:52:08 - [MESSAGE][PASSED] - Get text from pop up "Confirmation Submit Request" with text "Are you sure to submit this data ?"

2020-10-28 18:52:08 - [TEST_STEP][PASSED] - Click button "Yes": Click button "Yes"

2020-10-28 18:52:08 - [MESSAGE][INFO] - >>>>>//Button[contains(text(),'Yes')]

2020-10-28 18:52:12 - [MESSAGE][PASSED] - Object: '' is clicked on

2020-10-28 18:52:12 - [MESSAGE][PASSED] - Click button "Yes"

2020-10-28 18:52:12 - [TEST_STEP][PASSED] - Verify KTP Number Request Success: Verify KTP Number Request Success

2020-10-28 18:52:32 - [MESSAGE][PASSED] - Object '' is present

2020-10-28 18:52:32 - [MESSAGE][PASSED] - Verify KTP Number Request Success

2020-10-28 18:52:32 - [TEST_STEP][PASSED] - Click button "OK": Click button "OK"

2020-10-28 18:52:32 - [MESSAGE][INFO] - >>>>>//Button[contains(text(),'OK')]

2020-10-28 18:52:35 - [MESSAGE][PASSED] - Object: '' is clicked on

2020-10-28 18:52:35 - [MESSAGE][PASSED] - Click button "OK"

2020-10-28 18:52:35 - [TEST_STEP][PASSED] - Click button "Logout": Click button "Logout"

2020-10-28 18:52:35 - [MESSAGE][INFO] - >>>>>//Button[contains(text(),'Logout')]

2020-10-28 18:52:39 - [MESSAGE][PASSED] - Object: '' is clicked on

2020-10-28 18:52:39 - [MESSAGE][PASSED] - Click button "Logout"

2020-10-28 18:52:39 - [TEST_STEP][PASSED] - Close browser: Close browser

2020-10-28 18:52:39 - [MESSAGE][PASSED] - Browser is closed

2020-10-28 18:52:39 - [MESSAGE][PASSED] - Close browser

2020-10-28 18:52:39 - [MESSAGE][PASSED] - Feature file: 'Include/features/IST_Real/SLIK/SLIK Gateway Non Customer/SLIK Gateway Non Customer Checking.feature' was passed]]></system-out>
         <system-err><![CDATA[]]></system-err>
      </testcase>
      <testcase name="Test Cases/IST_Real/SLIK/SLIK_Gateway_Non_Customer/SELECT KTP NUMBER NON CUSTOMER from DB" time="1.415" classname="Test Cases/IST_Real/SLIK/SLIK_Gateway_Non_Customer/SELECT KTP NUMBER NON CUSTOMER from DB" status="PASSED">
         <system-out><![CDATA[2020-10-28 18:52:39 - [TEST_CASE][PASSED] - Test Cases/IST_Real/SLIK/SLIK_Gateway_Non_Customer/SELECT KTP NUMBER NON CUSTOMER from DB: Test Cases/IST_Real/SLIK/SLIK_Gateway_Non_Customer/SELECT KTP NUMBER NON CUSTOMER from DB

2020-10-28 18:52:39 - [TEST_STEP][PASSED] - runFeatureFile("Include/features/IST_Real/SLIK/SLIK Gateway Non Customer/SELECT_KTP_NUMBER_NON_CUSTOMER_from_DB.feature"): Feature file: 'Include/features/IST_Real/SLIK/SLIK Gateway Non Customer/SELECT_KTP_NUMBER_NON_CUSTOMER_from_DB.feature' was passed

2020-10-28 18:52:39 - [MESSAGE][INFO] - Starting run keyword runFeatureFile: 'Include/features/IST_Real/SLIK/SLIK Gateway Non Customer/SELECT_KTP_NUMBER_NON_CUSTOMER_from_DB.feature' and extract report to folder: '/Users/chaidir.pratama01/Katalon Studio/IST_Automation_Git/Reports/20201028_185036/SLIK/TS_SLIK_Gateway_Non_Customer/20201028_185036/cucumber_report/1603885959517'...

2020-10-28 18:52:39 - [TEST_CASE][PASSED] - Start Test Case : SCENARIO SELECT KTP Number Non Customer From Table SLIK_DATA_CUSTOMER: SCENARIO SELECT KTP Number Non Customer From Table SLIK_DATA_CUSTOMER

2020-10-28 18:52:39 - [TEST_STEP][PASSED] - Connect to Database: Connect to Database

2020-10-28 18:52:40 - [MESSAGE][PASSED] - Connect to Database

2020-10-28 18:52:40 - [TEST_STEP][PASSED] - Check KTP Number Non Customer in DB: Check KTP Number Non Customer in DB

2020-10-28 18:52:40 - [MESSAGE][PASSED] - Check KTP Number Non Customer in DB

2020-10-28 18:52:40 - [MESSAGE][PASSED] - Feature file: 'Include/features/IST_Real/SLIK/SLIK Gateway Non Customer/SELECT_KTP_NUMBER_NON_CUSTOMER_from_DB.feature' was passed]]></system-out>
         <system-err><![CDATA[]]></system-err>
      </testcase>
      <testcase name="Test Cases/IST_Real/SLIK/SLIK_Gateway_Non_Customer/SLIK Gateway Non Customer Search By KTP" time="14.234" classname="Test Cases/IST_Real/SLIK/SLIK_Gateway_Non_Customer/SLIK Gateway Non Customer Search By KTP" status="PASSED">
         <system-out><![CDATA[2020-10-28 18:52:40 - [TEST_CASE][PASSED] - Test Cases/IST_Real/SLIK/SLIK_Gateway_Non_Customer/SLIK Gateway Non Customer Search By KTP: Test Cases/IST_Real/SLIK/SLIK_Gateway_Non_Customer/SLIK Gateway Non Customer Search By KTP

2020-10-28 18:52:40 - [TEST_STEP][PASSED] - runFeatureFile("Include/features/IST_Real/SLIK/SLIK Gateway Non Customer/SLIK_Gateaway_Non_Customer_Search_By_KTP.feature"): Feature file: 'Include/features/IST_Real/SLIK/SLIK Gateway Non Customer/SLIK_Gateaway_Non_Customer_Search_By_KTP.feature' was passed

2020-10-28 18:52:40 - [MESSAGE][INFO] - Starting run keyword runFeatureFile: 'Include/features/IST_Real/SLIK/SLIK Gateway Non Customer/SLIK_Gateaway_Non_Customer_Search_By_KTP.feature' and extract report to folder: '/Users/chaidir.pratama01/Katalon Studio/IST_Automation_Git/Reports/20201028_185036/SLIK/TS_SLIK_Gateway_Non_Customer/20201028_185036/cucumber_report/1603885960924'...

2020-10-28 18:52:41 - [TEST_CASE][PASSED] - Start Test Case : SCENARIO SLIK Gateway Non Customer Search Result: SCENARIO SLIK Gateway Non Customer Search Result

2020-10-28 18:52:41 - [TEST_STEP][PASSED] - Go to ISTools: Go to ISTools

2020-10-28 18:52:41 - [MESSAGE][INFO] - Starting 'Chrome' driver

2020-10-28 18:52:41 - [MESSAGE][INFO] - User set preference: ['AcceptInsecureCerts', 'true']

2020-10-28 18:52:41 - [MESSAGE][INFO] - User set preference: ['args', '[ignore-certificate-errors]']

2020-10-28 18:52:41 - [MESSAGE][INFO] - Action delay is set to 0 milliseconds

2020-10-28 18:52:42 - [MESSAGE][PASSED] - Browser is opened with url: ''

2020-10-28 18:52:42 - [MESSAGE][PASSED] - Navigate to 'https://id-ist01preprod.id.nonprod/ist/' successfully

2020-10-28 18:52:42 - [MESSAGE][PASSED] - Go to ISTools

2020-10-28 18:52:42 - [TEST_STEP][PASSED] - Login IST with valid credentials: Login IST with valid credentials

2020-10-28 18:52:43 - [MESSAGE][PASSED] - Text 'mobile.test' is set on object 'Object Repository/Page_/input_Username_j_username'

2020-10-28 18:52:44 - [MESSAGE][PASSED] - Text ****** has been set on object 'Object Repository/Page_/input_Password_j_password'

2020-10-28 18:52:44 - [MESSAGE][PASSED] - Object: 'Object Repository/Page_/button_Login' is clicked on

2020-10-28 18:52:44 - [MESSAGE][PASSED] - Login IST with valid credentials

2020-10-28 18:52:44 - [TEST_STEP][PASSED] - Login Success for contract dispatcher: Login Success for contract dispatcher

2020-10-28 18:52:44 - [MESSAGE][INFO] - Login Success

2020-10-28 18:52:44 - [MESSAGE][PASSED] - Current window maximized

2020-10-28 18:52:45 - [MESSAGE][PASSED] - Object 'Object Repository/Page_/h1_Welcome to IT Supporting Tools' is present

2020-10-28 18:52:45 - [MESSAGE][PASSED] - Login Success for contract dispatcher

2020-10-28 18:52:45 - [TEST_STEP][PASSED] - Select Menu SLIK Gateway NonCustomer: Select Menu SLIK Gateway NonCustomer

2020-10-28 18:52:45 - [MESSAGE][PASSED] - Object '' is present

2020-10-28 18:52:45 - [MESSAGE][PASSED] - Object: '' is clicked on

2020-10-28 18:52:45 - [MESSAGE][PASSED] - Wait for page load successfully

2020-10-28 18:52:45 - [MESSAGE][PASSED] - Select Menu SLIK Gateway NonCustomer

2020-10-28 18:52:45 - [TEST_STEP][PASSED] - Input Data KTP Number for Search Result: Input Data KTP Number for Search Result

2020-10-28 18:52:46 - [MESSAGE][PASSED] - Scroll to object '' successfully

2020-10-28 18:52:46 - [MESSAGE][PASSED] - Text '8888888888888888' is set on object ''

2020-10-28 18:52:46 - [MESSAGE][PASSED] - Input Data KTP Number for Search Result

2020-10-28 18:52:46 - [TEST_STEP][PASSED] - Click button "Search": Click button "Search"

2020-10-28 18:52:46 - [MESSAGE][INFO] - >>>>>//Button[contains(text(),'Search')]

2020-10-28 18:52:50 - [MESSAGE][PASSED] - Object: '' is clicked on

2020-10-28 18:52:50 - [MESSAGE][PASSED] - Click button "Search"

2020-10-28 18:52:50 - [TEST_STEP][PASSED] - Verify Search Result with KTP Number: Verify Search Result with KTP Number

2020-10-28 18:52:51 - [MESSAGE][PASSED] - Object '' is present

2020-10-28 18:52:51 - [MESSAGE][PASSED] - Verify Search Result with KTP Number

2020-10-28 18:52:51 - [TEST_STEP][PASSED] - Verify Search Result data: Verify Search Result data

2020-10-28 18:52:51 - [MESSAGE][PASSED] - Scroll to object '' successfully

2020-10-28 18:52:51 - [MESSAGE][PASSED] - Object '' is present

2020-10-28 18:52:51 - [MESSAGE][PASSED] - Verify Search Result data

2020-10-28 18:52:51 - [TEST_STEP][PASSED] - Click button "Logout": Click button "Logout"

2020-10-28 18:52:51 - [MESSAGE][INFO] - >>>>>//Button[contains(text(),'Logout')]

2020-10-28 18:52:54 - [MESSAGE][PASSED] - Object: '' is clicked on

2020-10-28 18:52:54 - [MESSAGE][PASSED] - Click button "Logout"

2020-10-28 18:52:54 - [TEST_STEP][PASSED] - Close browser: Close browser

2020-10-28 18:52:55 - [MESSAGE][PASSED] - Browser is closed

2020-10-28 18:52:55 - [MESSAGE][PASSED] - Close browser

2020-10-28 18:52:55 - [MESSAGE][PASSED] - Feature file: 'Include/features/IST_Real/SLIK/SLIK Gateway Non Customer/SLIK_Gateaway_Non_Customer_Search_By_KTP.feature' was passed]]></system-out>
         <system-err><![CDATA[]]></system-err>
      </testcase>
      <testcase name="Test Cases/IST_Real/SLIK/SLIK_Gateway_Non_Customer/SLIK Gateway Non Customer Search By Status REQUESTED" time="14.827" classname="Test Cases/IST_Real/SLIK/SLIK_Gateway_Non_Customer/SLIK Gateway Non Customer Search By Status REQUESTED" status="PASSED">
         <system-out><![CDATA[2020-10-28 18:52:55 - [TEST_CASE][PASSED] - Test Cases/IST_Real/SLIK/SLIK_Gateway_Non_Customer/SLIK Gateway Non Customer Search By Status REQUESTED: Test Cases/IST_Real/SLIK/SLIK_Gateway_Non_Customer/SLIK Gateway Non Customer Search By Status REQUESTED

2020-10-28 18:52:55 - [TEST_STEP][PASSED] - runFeatureFile("Include/features/IST_Real/SLIK/SLIK Gateway Non Customer/SLIK_Gateway_Non_Customer_Search_By_Status_REQUESTED.feature"): Feature file: 'Include/features/IST_Real/SLIK/SLIK Gateway Non Customer/SLIK_Gateway_Non_Customer_Search_By_Status_REQUESTED.feature' was passed

2020-10-28 18:52:55 - [MESSAGE][INFO] - Starting run keyword runFeatureFile: 'Include/features/IST_Real/SLIK/SLIK Gateway Non Customer/SLIK_Gateway_Non_Customer_Search_By_Status_REQUESTED.feature' and extract report to folder: '/Users/chaidir.pratama01/Katalon Studio/IST_Automation_Git/Reports/20201028_185036/SLIK/TS_SLIK_Gateway_Non_Customer/20201028_185036/cucumber_report/1603885975245'...

2020-10-28 18:52:55 - [TEST_CASE][PASSED] - Start Test Case : SCENARIO Search Result by Status: SCENARIO Search Result by Status

2020-10-28 18:52:55 - [TEST_STEP][PASSED] - Go to ISTools: Go to ISTools

2020-10-28 18:52:55 - [MESSAGE][INFO] - Starting 'Chrome' driver

2020-10-28 18:52:55 - [MESSAGE][INFO] - User set preference: ['AcceptInsecureCerts', 'true']

2020-10-28 18:52:55 - [MESSAGE][INFO] - User set preference: ['args', '[ignore-certificate-errors]']

2020-10-28 18:52:55 - [MESSAGE][INFO] - Action delay is set to 0 milliseconds

2020-10-28 18:52:56 - [MESSAGE][PASSED] - Browser is opened with url: ''

2020-10-28 18:52:57 - [MESSAGE][PASSED] - Navigate to 'https://id-ist01preprod.id.nonprod/ist/' successfully

2020-10-28 18:52:57 - [MESSAGE][PASSED] - Go to ISTools

2020-10-28 18:52:57 - [TEST_STEP][PASSED] - Login IST with valid credentials: Login IST with valid credentials

2020-10-28 18:52:58 - [MESSAGE][PASSED] - Text 'mobile.test' is set on object 'Object Repository/Page_/input_Username_j_username'

2020-10-28 18:52:58 - [MESSAGE][PASSED] - Text ****** has been set on object 'Object Repository/Page_/input_Password_j_password'

2020-10-28 18:52:59 - [MESSAGE][PASSED] - Object: 'Object Repository/Page_/button_Login' is clicked on

2020-10-28 18:52:59 - [MESSAGE][PASSED] - Login IST with valid credentials

2020-10-28 18:52:59 - [TEST_STEP][PASSED] - Login Success for contract dispatcher: Login Success for contract dispatcher

2020-10-28 18:52:59 - [MESSAGE][INFO] - Login Success

2020-10-28 18:52:59 - [MESSAGE][PASSED] - Current window maximized

2020-10-28 18:52:59 - [MESSAGE][PASSED] - Object 'Object Repository/Page_/h1_Welcome to IT Supporting Tools' is present

2020-10-28 18:52:59 - [MESSAGE][PASSED] - Login Success for contract dispatcher

2020-10-28 18:52:59 - [TEST_STEP][PASSED] - Select Menu SLIK Gateway NonCustomer: Select Menu SLIK Gateway NonCustomer

2020-10-28 18:52:59 - [MESSAGE][PASSED] - Object '' is present

2020-10-28 18:53:00 - [MESSAGE][PASSED] - Object: '' is clicked on

2020-10-28 18:53:00 - [MESSAGE][PASSED] - Wait for page load successfully

2020-10-28 18:53:00 - [MESSAGE][PASSED] - Select Menu SLIK Gateway NonCustomer

2020-10-28 18:53:00 - [TEST_STEP][PASSED] - Select Status is "REQUESTED": Select Status is "REQUESTED"

2020-10-28 18:53:01 - [MESSAGE][PASSED] - All options with value 'REQUESTED' are selected in object ''  using regular expression

2020-10-28 18:53:01 - [MESSAGE][PASSED] - Select Status is "REQUESTED"

2020-10-28 18:53:01 - [TEST_STEP][PASSED] - Click button "Search": Click button "Search"

2020-10-28 18:53:01 - [MESSAGE][INFO] - >>>>>//Button[contains(text(),'Search')]

2020-10-28 18:53:04 - [MESSAGE][PASSED] - Object: '' is clicked on

2020-10-28 18:53:04 - [MESSAGE][PASSED] - Click button "Search"

2020-10-28 18:53:04 - [TEST_STEP][PASSED] - Verify Search Result Based on Result Status: Verify Search Result Based on Result Status

2020-10-28 18:53:05 - [MESSAGE][PASSED] - Scroll to object '' successfully

2020-10-28 18:53:05 - [MESSAGE][PASSED] - Actual text and expected text of test object '' are matched.

2020-10-28 18:53:05 - [MESSAGE][PASSED] - Text of object '' is: 'REQUESTED -'

2020-10-28 18:53:06 - [MESSAGE][PASSED] - Text of object '' is: '8888888888888888'

2020-10-28 18:53:06 - [MESSAGE][PASSED] - Verify Search Result Based on Result Status

2020-10-28 18:53:06 - [TEST_STEP][PASSED] - Click button "Logout": Click button "Logout"

2020-10-28 18:53:06 - [MESSAGE][INFO] - >>>>>//Button[contains(text(),'Logout')]

2020-10-28 18:53:09 - [MESSAGE][PASSED] - Object: '' is clicked on

2020-10-28 18:53:09 - [MESSAGE][PASSED] - Click button "Logout"

2020-10-28 18:53:09 - [TEST_STEP][PASSED] - Close browser: Close browser

2020-10-28 18:53:09 - [MESSAGE][PASSED] - Browser is closed

2020-10-28 18:53:09 - [MESSAGE][PASSED] - Close browser

2020-10-28 18:53:09 - [MESSAGE][PASSED] - Feature file: 'Include/features/IST_Real/SLIK/SLIK Gateway Non Customer/SLIK_Gateway_Non_Customer_Search_By_Status_REQUESTED.feature' was passed]]></system-out>
         <system-err><![CDATA[]]></system-err>
      </testcase>
      <testcase name="Test Cases/IST_Real/SLIK/SLIK_Gateway_Non_Customer/SLIK Gateway Non Customer View Detail when Status REQUESTED" time="15.682" classname="Test Cases/IST_Real/SLIK/SLIK_Gateway_Non_Customer/SLIK Gateway Non Customer View Detail when Status REQUESTED" status="PASSED">
         <system-out><![CDATA[2020-10-28 18:53:09 - [TEST_CASE][PASSED] - Test Cases/IST_Real/SLIK/SLIK_Gateway_Non_Customer/SLIK Gateway Non Customer View Detail when Status REQUESTED: Test Cases/IST_Real/SLIK/SLIK_Gateway_Non_Customer/SLIK Gateway Non Customer View Detail when Status REQUESTED

2020-10-28 18:53:09 - [TEST_STEP][PASSED] - runFeatureFile("Include/features/IST_Real/SLIK/SLIK Gateway Non Customer/SLIK_Gateway_Non_Customer_View_Detail_when_Status_REQUESTED.feature"): Feature file: 'Include/features/IST_Real/SLIK/SLIK Gateway Non Customer/SLIK_Gateway_Non_Customer_View_Detail_when_Status_REQUESTED.feature' was passed

2020-10-28 18:53:09 - [MESSAGE][INFO] - Starting run keyword runFeatureFile: 'Include/features/IST_Real/SLIK/SLIK Gateway Non Customer/SLIK_Gateway_Non_Customer_View_Detail_when_Status_REQUESTED.feature' and extract report to folder: '/Users/chaidir.pratama01/Katalon Studio/IST_Automation_Git/Reports/20201028_185036/SLIK/TS_SLIK_Gateway_Non_Customer/20201028_185036/cucumber_report/1603885989998'...

2020-10-28 18:53:10 - [TEST_CASE][PASSED] - Start Test Case : SCENARIO SLIK Gateway Non Customer View Detail Link: SCENARIO SLIK Gateway Non Customer View Detail Link

2020-10-28 18:53:10 - [TEST_STEP][PASSED] - Go to ISTools: Go to ISTools

2020-10-28 18:53:10 - [MESSAGE][INFO] - Starting 'Chrome' driver

2020-10-28 18:53:10 - [MESSAGE][INFO] - User set preference: ['AcceptInsecureCerts', 'true']

2020-10-28 18:53:10 - [MESSAGE][INFO] - User set preference: ['args', '[ignore-certificate-errors]']

2020-10-28 18:53:10 - [MESSAGE][INFO] - Action delay is set to 0 milliseconds

2020-10-28 18:53:11 - [MESSAGE][PASSED] - Browser is opened with url: ''

2020-10-28 18:53:11 - [MESSAGE][PASSED] - Navigate to 'https://id-ist01preprod.id.nonprod/ist/' successfully

2020-10-28 18:53:11 - [MESSAGE][PASSED] - Go to ISTools

2020-10-28 18:53:11 - [TEST_STEP][PASSED] - Login IST with valid credentials: Login IST with valid credentials

2020-10-28 18:53:12 - [MESSAGE][PASSED] - Text 'mobile.test' is set on object 'Object Repository/Page_/input_Username_j_username'

2020-10-28 18:53:13 - [MESSAGE][PASSED] - Text ****** has been set on object 'Object Repository/Page_/input_Password_j_password'

2020-10-28 18:53:13 - [MESSAGE][PASSED] - Object: 'Object Repository/Page_/button_Login' is clicked on

2020-10-28 18:53:13 - [MESSAGE][PASSED] - Login IST with valid credentials

2020-10-28 18:53:13 - [TEST_STEP][PASSED] - Login Success for contract dispatcher: Login Success for contract dispatcher

2020-10-28 18:53:13 - [MESSAGE][INFO] - Login Success

2020-10-28 18:53:13 - [MESSAGE][PASSED] - Current window maximized

2020-10-28 18:53:14 - [MESSAGE][PASSED] - Object 'Object Repository/Page_/h1_Welcome to IT Supporting Tools' is present

2020-10-28 18:53:14 - [MESSAGE][PASSED] - Login Success for contract dispatcher

2020-10-28 18:53:14 - [TEST_STEP][PASSED] - Select Menu SLIK Gateway NonCustomer: Select Menu SLIK Gateway NonCustomer

2020-10-28 18:53:14 - [MESSAGE][PASSED] - Object '' is present

2020-10-28 18:53:14 - [MESSAGE][PASSED] - Object: '' is clicked on

2020-10-28 18:53:14 - [MESSAGE][PASSED] - Wait for page load successfully

2020-10-28 18:53:14 - [MESSAGE][PASSED] - Select Menu SLIK Gateway NonCustomer

2020-10-28 18:53:14 - [TEST_STEP][PASSED] - Select Status is "REQUESTED": Select Status is "REQUESTED"

2020-10-28 18:53:16 - [MESSAGE][PASSED] - All options with value 'REQUESTED' are selected in object ''  using regular expression

2020-10-28 18:53:16 - [MESSAGE][PASSED] - Select Status is "REQUESTED"

2020-10-28 18:53:16 - [TEST_STEP][PASSED] - Click button "Search": Click button "Search"

2020-10-28 18:53:16 - [MESSAGE][INFO] - >>>>>//Button[contains(text(),'Search')]

2020-10-28 18:53:19 - [MESSAGE][PASSED] - Object: '' is clicked on

2020-10-28 18:53:19 - [MESSAGE][PASSED] - Click button "Search"

2020-10-28 18:53:19 - [TEST_STEP][PASSED] - Verify Search Result Based on Result Status: Verify Search Result Based on Result Status

2020-10-28 18:53:20 - [MESSAGE][PASSED] - Scroll to object '' successfully

2020-10-28 18:53:20 - [MESSAGE][PASSED] - Actual text and expected text of test object '' are matched.

2020-10-28 18:53:20 - [MESSAGE][PASSED] - Text of object '' is: 'REQUESTED -'

2020-10-28 18:53:20 - [MESSAGE][PASSED] - Text of object '' is: '8888888888888888'

2020-10-28 18:53:20 - [MESSAGE][PASSED] - Verify Search Result Based on Result Status

2020-10-28 18:53:20 - [TEST_STEP][PASSED] - Click View Detail Link: Click View Detail Link

2020-10-28 18:53:21 - [MESSAGE][PASSED] - Web element with id: '' located by 'By.xpath: //span[text()='Search Result']/../../../following-sibling::div[@class='z-groupbox-content']/div[@class='z-grid']/div[@class='z-grid-body']/table/tbody/tr/td[7]/div/div/span' is not present after '3' second(s)

2020-10-28 18:53:21 - [MESSAGE][PASSED] - Click View Detail Link

2020-10-28 18:53:21 - [TEST_STEP][PASSED] - Take Screenshot "View_detail_NonCutomer.png": Take Screenshot "View_detail_NonCutomer.png"

2020-10-28 18:53:22 - [MESSAGE][PASSED] - Taking screenshot successfully
[[ATTACHMENT|/Users/chaidir.pratama01/Katalon Studio/IST_Automation_Git/img/View_detail_NonCutomer.png]]

2020-10-28 18:53:22 - [MESSAGE][PASSED] - Take Screenshot "View_detail_NonCutomer.png"

2020-10-28 18:53:22 - [TEST_STEP][PASSED] - Verify Slik Result Detail Link: Verify Slik Result Detail Link

2020-10-28 18:53:22 - [MESSAGE][PASSED] - Verify Slik Result Detail Link

2020-10-28 18:53:22 - [TEST_STEP][PASSED] - Click button "Logout": Click button "Logout"

2020-10-28 18:53:22 - [MESSAGE][INFO] - >>>>>//Button[contains(text(),'Logout')]

2020-10-28 18:53:25 - [MESSAGE][PASSED] - Object: '' is clicked on

2020-10-28 18:53:25 - [MESSAGE][PASSED] - Click button "Logout"

2020-10-28 18:53:25 - [TEST_STEP][PASSED] - Close browser: Close browser

2020-10-28 18:53:25 - [MESSAGE][PASSED] - Browser is closed

2020-10-28 18:53:25 - [MESSAGE][PASSED] - Close browser

2020-10-28 18:53:25 - [MESSAGE][PASSED] - Feature file: 'Include/features/IST_Real/SLIK/SLIK Gateway Non Customer/SLIK_Gateway_Non_Customer_View_Detail_when_Status_REQUESTED.feature' was passed]]></system-out>
         <system-err><![CDATA[]]></system-err>
      </testcase>
      <testcase name="Test Cases/IST_Real/SLIK/SLIK_Gateway_Approval_Non_Customer/Approve KTP Number" time="31.138" classname="Test Cases/IST_Real/SLIK/SLIK_Gateway_Approval_Non_Customer/Approve KTP Number" status="PASSED">
         <system-out><![CDATA[2020-10-28 18:53:25 - [TEST_CASE][PASSED] - Test Cases/IST_Real/SLIK/SLIK_Gateway_Approval_Non_Customer/Approve KTP Number: Test Cases/IST_Real/SLIK/SLIK_Gateway_Approval_Non_Customer/Approve KTP Number

2020-10-28 18:53:25 - [TEST_STEP][PASSED] - runFeatureFile("Include/features/IST_Real/SLIK/SLIK Gateway Approval Non Customer/Approve_KTP_Number.feature"): Feature file: 'Include/features/IST_Real/SLIK/SLIK Gateway Approval Non Customer/Approve_KTP_Number.feature' was passed

2020-10-28 18:53:25 - [MESSAGE][INFO] - Starting run keyword runFeatureFile: 'Include/features/IST_Real/SLIK/SLIK Gateway Approval Non Customer/Approve_KTP_Number.feature' and extract report to folder: '/Users/chaidir.pratama01/Katalon Studio/IST_Automation_Git/Reports/20201028_185036/SLIK/TS_SLIK_Gateway_Non_Customer/20201028_185036/cucumber_report/1603886005757'...

2020-10-28 18:53:25 - [TEST_CASE][PASSED] - Start Test Case : SCENARIO Approve KTP Number by Checker: SCENARIO Approve KTP Number by Checker

2020-10-28 18:53:25 - [TEST_STEP][PASSED] - Go to ISTools: Go to ISTools

2020-10-28 18:53:25 - [MESSAGE][INFO] - Starting 'Chrome' driver

2020-10-28 18:53:25 - [MESSAGE][INFO] - User set preference: ['AcceptInsecureCerts', 'true']

2020-10-28 18:53:25 - [MESSAGE][INFO] - User set preference: ['args', '[ignore-certificate-errors]']

2020-10-28 18:53:25 - [MESSAGE][INFO] - Action delay is set to 0 milliseconds

2020-10-28 18:53:27 - [MESSAGE][PASSED] - Browser is opened with url: ''

2020-10-28 18:53:27 - [MESSAGE][PASSED] - Navigate to 'https://id-ist01preprod.id.nonprod/ist/' successfully

2020-10-28 18:53:27 - [MESSAGE][PASSED] - Go to ISTools

2020-10-28 18:53:27 - [TEST_STEP][PASSED] - Login IST with valid credentials: Login IST with valid credentials

2020-10-28 18:53:28 - [MESSAGE][PASSED] - Text 'mobile.test' is set on object 'Object Repository/Page_/input_Username_j_username'

2020-10-28 18:53:28 - [MESSAGE][PASSED] - Text ****** has been set on object 'Object Repository/Page_/input_Password_j_password'

2020-10-28 18:53:29 - [MESSAGE][PASSED] - Object: 'Object Repository/Page_/button_Login' is clicked on

2020-10-28 18:53:29 - [MESSAGE][PASSED] - Login IST with valid credentials

2020-10-28 18:53:29 - [TEST_STEP][PASSED] - Login Success for contract dispatcher: Login Success for contract dispatcher

2020-10-28 18:53:29 - [MESSAGE][INFO] - Login Success

2020-10-28 18:53:29 - [MESSAGE][PASSED] - Current window maximized

2020-10-28 18:53:29 - [MESSAGE][PASSED] - Object 'Object Repository/Page_/h1_Welcome to IT Supporting Tools' is present

2020-10-28 18:53:29 - [MESSAGE][PASSED] - Login Success for contract dispatcher

2020-10-28 18:53:29 - [TEST_STEP][PASSED] - Select Menu "SLIK Gateway Approval Non Customer": Select Menu "SLIK Gateway Approval Non Customer"

2020-10-28 18:53:30 - [MESSAGE][PASSED] - Taking screenshot successfully
[[ATTACHMENT|/Users/chaidir.pratama01/Documents/Docs/Katalon Studio/Screenshot/test-SLIK Gateway Approval Non Customer.png]]

2020-10-28 18:53:31 - [MESSAGE][PASSED] - Object '' is present

2020-10-28 18:53:31 - [MESSAGE][PASSED] - Object: '' is clicked on

2020-10-28 18:53:31 - [MESSAGE][PASSED] - Wait for page load successfully

2020-10-28 18:53:31 - [MESSAGE][PASSED] - Select Menu "SLIK Gateway Approval Non Customer"

2020-10-28 18:53:31 - [TEST_STEP][PASSED] - Verify Table Result Exist: Verify Table Result Exist

2020-10-28 18:53:32 - [MESSAGE][PASSED] - Object '' is present

2020-10-28 18:53:32 - [MESSAGE][PASSED] - Verify Table Result Exist

2020-10-28 18:53:32 - [TEST_STEP][PASSED] - Get Data From Table: Get Data From Table

2020-10-28 18:53:32 - [MESSAGE][PASSED] - Object '' is present

2020-10-28 18:53:33 - [MESSAGE][PASSED] - Text of object '' is: '1'

2020-10-28 18:53:33 - [MESSAGE][PASSED] - Text of object '' is: '8888888888888888'

2020-10-28 18:53:34 - [MESSAGE][PASSED] - Text of object '' is: 'OPEX TestingAuto'

2020-10-28 18:53:34 - [MESSAGE][PASSED] - Text of object '' is: 'View Document'

2020-10-28 18:53:34 - [MESSAGE][PASSED] - Text of object '' is: ''

2020-10-28 18:53:34 - [MESSAGE][PASSED] - Get Data From Table

2020-10-28 18:53:34 - [TEST_STEP][PASSED] - Click Checkbox Validate: Click Checkbox Validate

2020-10-28 18:53:35 - [MESSAGE][PASSED] - Text of object '' is: '8888888888888888'

2020-10-28 18:53:35 - [MESSAGE][PASSED] - Object: '' is clicked on

2020-10-28 18:53:35 - [MESSAGE][PASSED] - Click Checkbox Validate

2020-10-28 18:53:35 - [TEST_STEP][PASSED] - Click button "Continue": Click button "Continue"

2020-10-28 18:53:35 - [MESSAGE][INFO] - >>>>>//Button[contains(text(),'Continue')]

2020-10-28 18:53:38 - [MESSAGE][PASSED] - Object: '' is clicked on

2020-10-28 18:53:38 - [MESSAGE][PASSED] - Click button "Continue"

2020-10-28 18:53:38 - [TEST_STEP][PASSED] - Click Checkbox Saya Setuju: Click Checkbox Saya Setuju

2020-10-28 18:53:39 - [MESSAGE][PASSED] - Object '' is present

2020-10-28 18:53:39 - [MESSAGE][PASSED] - Object: '' is clicked on

2020-10-28 18:53:39 - [MESSAGE][PASSED] - Click Checkbox Saya Setuju

2020-10-28 18:53:39 - [TEST_STEP][PASSED] - Click button "Check SLIK": Click button "Check SLIK"

2020-10-28 18:53:39 - [MESSAGE][INFO] - >>>>>//Button[contains(text(),'Check SLIK')]

2020-10-28 18:53:43 - [MESSAGE][PASSED] - Object: '' is clicked on

2020-10-28 18:53:43 - [MESSAGE][PASSED] - Click button "Check SLIK"

2020-10-28 18:53:43 - [TEST_STEP][PASSED] - Get text from pop up "Confirmation Approve Data" with text "Are you sure to SUBMIT this data ?": Get text from pop up "Confirmation Approve Data" with text "Are you sure to SUBMIT this data ?"

2020-10-28 18:53:44 - [MESSAGE][PASSED] - Taking screenshot successfully
[[ATTACHMENT|/Users/chaidir.pratama01/Documents/Docs/Katalon Studio/Screenshot/errorpopup.png]]

2020-10-28 18:53:44 - [MESSAGE][PASSED] - Object '' is present

2020-10-28 18:53:44 - [MESSAGE][PASSED] - Wait for page load successfully

2020-10-28 18:53:44 - [MESSAGE][PASSED] - Wait for page load successfully

2020-10-28 18:53:44 - [MESSAGE][PASSED] - Get text from pop up "Confirmation Approve Data" with text "Are you sure to SUBMIT this data ?"

2020-10-28 18:53:44 - [TEST_STEP][PASSED] - Click button "Yes": Click button "Yes"

2020-10-28 18:53:44 - [MESSAGE][INFO] - >>>>>//Button[contains(text(),'Yes')]

2020-10-28 18:53:48 - [MESSAGE][PASSED] - Object: '' is clicked on

2020-10-28 18:53:48 - [MESSAGE][PASSED] - Click button "Yes"

2020-10-28 18:53:48 - [TEST_STEP][PASSED] - Get text from pop up "IT Supporting Tools" with text "Data is processed": Get text from pop up "IT Supporting Tools" with text "Data is processed"

2020-10-28 18:53:49 - [MESSAGE][PASSED] - Taking screenshot successfully
[[ATTACHMENT|/Users/chaidir.pratama01/Documents/Docs/Katalon Studio/Screenshot/errorpopup.png]]

2020-10-28 18:53:49 - [MESSAGE][PASSED] - Object '' is present

2020-10-28 18:53:49 - [MESSAGE][PASSED] - Wait for page load successfully

2020-10-28 18:53:49 - [MESSAGE][PASSED] - Wait for page load successfully

2020-10-28 18:53:49 - [MESSAGE][PASSED] - Get text from pop up "IT Supporting Tools" with text "Data is processed"

2020-10-28 18:53:49 - [TEST_STEP][PASSED] - Click button "OK": Click button "OK"

2020-10-28 18:53:49 - [MESSAGE][INFO] - >>>>>//Button[contains(text(),'OK')]

2020-10-28 18:53:53 - [MESSAGE][PASSED] - Object: '' is clicked on

2020-10-28 18:53:53 - [MESSAGE][PASSED] - Click button "OK"

2020-10-28 18:53:53 - [TEST_STEP][PASSED] - Click button "Logout": Click button "Logout"

2020-10-28 18:53:53 - [MESSAGE][INFO] - >>>>>//Button[contains(text(),'Logout')]

2020-10-28 18:53:56 - [MESSAGE][PASSED] - Object: '' is clicked on

2020-10-28 18:53:56 - [MESSAGE][PASSED] - Click button "Logout"

2020-10-28 18:53:56 - [TEST_STEP][PASSED] - Close browser: Close browser

2020-10-28 18:53:56 - [MESSAGE][PASSED] - Browser is closed

2020-10-28 18:53:56 - [MESSAGE][PASSED] - Close browser

2020-10-28 18:53:56 - [MESSAGE][PASSED] - Feature file: 'Include/features/IST_Real/SLIK/SLIK Gateway Approval Non Customer/Approve_KTP_Number.feature' was passed]]></system-out>
         <system-err><![CDATA[]]></system-err>
      </testcase>
      <testcase name="Test Cases/IST_Real/SLIK/SLIK_Gateway_Non_Customer/SLIK Gateway Non Customer Search By Status APPROVED" time="18.015" classname="Test Cases/IST_Real/SLIK/SLIK_Gateway_Non_Customer/SLIK Gateway Non Customer Search By Status APPROVED" status="PASSED">
         <system-out><![CDATA[2020-10-28 18:53:56 - [TEST_CASE][PASSED] - Test Cases/IST_Real/SLIK/SLIK_Gateway_Non_Customer/SLIK Gateway Non Customer Search By Status APPROVED: Test Cases/IST_Real/SLIK/SLIK_Gateway_Non_Customer/SLIK Gateway Non Customer Search By Status APPROVED

2020-10-28 18:53:56 - [TEST_STEP][PASSED] - runFeatureFile("Include/features/IST_Real/SLIK/SLIK Gateway Non Customer/SLIK_Gateway_Non_Customer_Search_By_Status_APPROVED.feature"): Feature file: 'Include/features/IST_Real/SLIK/SLIK Gateway Non Customer/SLIK_Gateway_Non_Customer_Search_By_Status_APPROVED.feature' was passed

2020-10-28 18:53:56 - [MESSAGE][INFO] - Starting run keyword runFeatureFile: 'Include/features/IST_Real/SLIK/SLIK Gateway Non Customer/SLIK_Gateway_Non_Customer_Search_By_Status_APPROVED.feature' and extract report to folder: '/Users/chaidir.pratama01/Katalon Studio/IST_Automation_Git/Reports/20201028_185036/SLIK/TS_SLIK_Gateway_Non_Customer/20201028_185036/cucumber_report/1603886036840'...

2020-10-28 18:53:57 - [TEST_CASE][PASSED] - Start Test Case : SCENARIO Search Result by Status: SCENARIO Search Result by Status

2020-10-28 18:53:57 - [TEST_STEP][PASSED] - Go to ISTools: Go to ISTools

2020-10-28 18:53:57 - [MESSAGE][INFO] - Starting 'Chrome' driver

2020-10-28 18:53:57 - [MESSAGE][INFO] - User set preference: ['AcceptInsecureCerts', 'true']

2020-10-28 18:53:57 - [MESSAGE][INFO] - User set preference: ['args', '[ignore-certificate-errors]']

2020-10-28 18:53:57 - [MESSAGE][INFO] - Action delay is set to 0 milliseconds

2020-10-28 18:53:58 - [MESSAGE][PASSED] - Browser is opened with url: ''

2020-10-28 18:54:00 - [MESSAGE][PASSED] - Navigate to 'https://id-ist01preprod.id.nonprod/ist/' successfully

2020-10-28 18:54:00 - [MESSAGE][PASSED] - Go to ISTools

2020-10-28 18:54:00 - [TEST_STEP][PASSED] - Login IST with valid credentials: Login IST with valid credentials

2020-10-28 18:54:00 - [MESSAGE][PASSED] - Text 'mobile.test' is set on object 'Object Repository/Page_/input_Username_j_username'

2020-10-28 18:54:01 - [MESSAGE][PASSED] - Text ****** has been set on object 'Object Repository/Page_/input_Password_j_password'

2020-10-28 18:54:01 - [MESSAGE][PASSED] - Object: 'Object Repository/Page_/button_Login' is clicked on

2020-10-28 18:54:01 - [MESSAGE][PASSED] - Login IST with valid credentials

2020-10-28 18:54:01 - [TEST_STEP][PASSED] - Login Success for contract dispatcher: Login Success for contract dispatcher

2020-10-28 18:54:01 - [MESSAGE][INFO] - Login Success

2020-10-28 18:54:02 - [MESSAGE][PASSED] - Current window maximized

2020-10-28 18:54:02 - [MESSAGE][PASSED] - Object 'Object Repository/Page_/h1_Welcome to IT Supporting Tools' is present

2020-10-28 18:54:02 - [MESSAGE][PASSED] - Login Success for contract dispatcher

2020-10-28 18:54:02 - [TEST_STEP][PASSED] - Select Menu SLIK Gateway NonCustomer: Select Menu SLIK Gateway NonCustomer

2020-10-28 18:54:02 - [MESSAGE][PASSED] - Object '' is present

2020-10-28 18:54:03 - [MESSAGE][PASSED] - Object: '' is clicked on

2020-10-28 18:54:03 - [MESSAGE][PASSED] - Wait for page load successfully

2020-10-28 18:54:03 - [MESSAGE][PASSED] - Select Menu SLIK Gateway NonCustomer

2020-10-28 18:54:03 - [TEST_STEP][PASSED] - Select Status is "APPROVED": Select Status is "APPROVED"

2020-10-28 18:54:04 - [MESSAGE][PASSED] - All options with value 'APPROVED' are selected in object ''  using regular expression

2020-10-28 18:54:04 - [MESSAGE][PASSED] - Select Status is "APPROVED"

2020-10-28 18:54:04 - [TEST_STEP][PASSED] - Click button "Search": Click button "Search"

2020-10-28 18:54:04 - [MESSAGE][INFO] - >>>>>//Button[contains(text(),'Search')]

2020-10-28 18:54:07 - [MESSAGE][PASSED] - Object: '' is clicked on

2020-10-28 18:54:07 - [MESSAGE][PASSED] - Click button "Search"

2020-10-28 18:54:07 - [TEST_STEP][PASSED] - Verify Search Result Based on Result Status: Verify Search Result Based on Result Status

2020-10-28 18:54:08 - [MESSAGE][PASSED] - Scroll to object '' successfully

2020-10-28 18:54:09 - [MESSAGE][WARNING] - Actual text 'APPROVED -' and expected text 'APPROVED - FAILED' of test object '' are NOT matched. (Root cause: com.kms.katalon.core.exception.StepFailedException: Actual text 'APPROVED -' and expected text 'APPROVED - FAILED' of test object '' are NOT matched.
	at com.kms.katalon.core.webui.keyword.internal.WebUIKeywordMain.stepFailed(WebUIKeywordMain.groovy:64)
	at com.kms.katalon.core.webui.keyword.builtin.VerifyElementTextKeyword$_verifyElementText_closure1.doCall(VerifyElementTextKeyword.groovy:57)
	at com.kms.katalon.core.webui.keyword.builtin.VerifyElementTextKeyword$_verifyElementText_closure1.call(VerifyElementTextKeyword.groovy)
	at com.kms.katalon.core.webui.keyword.internal.WebUIKeywordMain.runKeyword(WebUIKeywordMain.groovy:20)
	at com.kms.katalon.core.webui.keyword.builtin.VerifyElementTextKeyword.verifyElementText(VerifyElementTextKeyword.groovy:72)
	at com.kms.katalon.core.webui.keyword.builtin.VerifyElementTextKeyword.execute(VerifyElementTextKeyword.groovy:40)
	at com.kms.katalon.core.keyword.internal.KeywordExecutor.executeKeywordForPlatform(KeywordExecutor.groovy:73)
	at com.kms.katalon.core.webui.keyword.WebUiBuiltInKeywords.verifyElementText(WebUiBuiltInKeywords.groovy:3673)
	at com.kms.katalon.core.webui.keyword.WebUiBuiltInKeywords$verifyElementText$21.call(Unknown Source)
	at Slik_Script.Verify_Result_Status(Slik_Script.groovy:369)
	at cucumber.runtime.Utils$1.call(Utils.java:26)
	at cucumber.runtime.Timeout.timeout(Timeout.java:16)
	at cucumber.runtime.Utils.invoke(Utils.java:20)
	at cucumber.runtime.java.JavaStepDefinition.execute(JavaStepDefinition.java:48)
	at cucumber.runtime.PickleStepDefinitionMatch.runStep(PickleStepDefinitionMatch.java:50)
	at cucumber.runner.TestStep.executeStep(TestStep.java:55)
	at cucumber.runner.TestStep.run(TestStep.java:42)
	at cucumber.runner.PickleStepTestStep.run(PickleStepTestStep.java:53)
	at cucumber.runner.TestCase.run(TestCase.java:47)
	at cucumber.runner.Runner.runPickle(Runner.java:44)
	at cucumber.runtime.Runtime.runFeature(Runtime.java:120)
	at cucumber.runtime.Runtime.run(Runtime.java:106)
	at cucumber.api.cli.Main.run(Main.java:35)
	at cucumber.api.cli.Main$run.call(Unknown Source)
	at com.kms.katalon.core.cucumber.keyword.CucumberBuiltinKeywords$_runFeatureFile_closure1.doCall(CucumberBuiltinKeywords.groovy:76)
	at com.kms.katalon.core.cucumber.keyword.CucumberBuiltinKeywords$_runFeatureFile_closure1.doCall(CucumberBuiltinKeywords.groovy)
	at com.kms.katalon.core.keyword.internal.KeywordMain.runKeyword(KeywordMain.groovy:68)
	at com.kms.katalon.core.keyword.internal.KeywordMain$runKeyword.call(Unknown Source)
	at com.kms.katalon.core.cucumber.keyword.CucumberBuiltinKeywords.runFeatureFile(CucumberBuiltinKeywords.groovy:46)
	at com.kms.katalon.core.cucumber.keyword.CucumberBuiltinKeywords$runFeatureFile$0.callStatic(Unknown Source)
	at com.kms.katalon.core.cucumber.keyword.CucumberBuiltinKeywords.runFeatureFile(CucumberBuiltinKeywords.groovy:169)
	at com.kms.katalon.core.cucumber.keyword.CucumberBuiltinKeywords$runFeatureFile.call(Unknown Source)
	at SLIK Gateway Non Customer Search By Status APPROVED.run(SLIK Gateway Non Customer Search By Status APPROVED:18)
	at com.kms.katalon.core.main.ScriptEngine.run(ScriptEngine.java:194)
	at com.kms.katalon.core.main.ScriptEngine.runScriptAsRawText(ScriptEngine.java:119)
	at com.kms.katalon.core.main.TestCaseExecutor.runScript(TestCaseExecutor.java:339)
	at com.kms.katalon.core.main.TestCaseExecutor.doExecute(TestCaseExecutor.java:330)
	at com.kms.katalon.core.main.TestCaseExecutor.processExecutionPhase(TestCaseExecutor.java:309)
	at com.kms.katalon.core.main.TestCaseExecutor.accessMainPhase(TestCaseExecutor.java:301)
	at com.kms.katalon.core.main.TestCaseExecutor.execute(TestCaseExecutor.java:235)
	at com.kms.katalon.core.main.TestSuiteExecutor.accessTestCaseMainPhase(TestSuiteExecutor.java:191)
	at com.kms.katalon.core.main.TestSuiteExecutor.accessTestSuiteMainPhase(TestSuiteExecutor.java:141)
	at com.kms.katalon.core.main.TestSuiteExecutor.execute(TestSuiteExecutor.java:90)
	at com.kms.katalon.core.main.TestCaseMain.startTestSuite(TestCaseMain.java:157)
	at com.kms.katalon.core.main.TestCaseMain$startTestSuite$0.call(Unknown Source)
	at TempTestSuite1603885836893.run(TempTestSuite1603885836893.groovy:39)
)
[[ATTACHMENT|/Users/chaidir.pratama01/Katalon Studio/IST_Automation_Git/Reports/20201028_185036/SLIK/TS_SLIK_Gateway_Non_Customer/20201028_185036/1603886048723.png]]

2020-10-28 18:54:10 - [MESSAGE][WARNING] - Actual text 'APPROVED -' and expected text 'APPROVED - SUCCESS' of test object '' are NOT matched. (Root cause: com.kms.katalon.core.exception.StepFailedException: Actual text 'APPROVED -' and expected text 'APPROVED - SUCCESS' of test object '' are NOT matched.
	at com.kms.katalon.core.webui.keyword.internal.WebUIKeywordMain.stepFailed(WebUIKeywordMain.groovy:64)
	at com.kms.katalon.core.webui.keyword.builtin.VerifyElementTextKeyword$_verifyElementText_closure1.doCall(VerifyElementTextKeyword.groovy:57)
	at com.kms.katalon.core.webui.keyword.builtin.VerifyElementTextKeyword$_verifyElementText_closure1.call(VerifyElementTextKeyword.groovy)
	at com.kms.katalon.core.webui.keyword.internal.WebUIKeywordMain.runKeyword(WebUIKeywordMain.groovy:20)
	at com.kms.katalon.core.webui.keyword.builtin.VerifyElementTextKeyword.verifyElementText(VerifyElementTextKeyword.groovy:72)
	at com.kms.katalon.core.webui.keyword.builtin.VerifyElementTextKeyword.execute(VerifyElementTextKeyword.groovy:40)
	at com.kms.katalon.core.keyword.internal.KeywordExecutor.executeKeywordForPlatform(KeywordExecutor.groovy:73)
	at com.kms.katalon.core.webui.keyword.WebUiBuiltInKeywords.verifyElementText(WebUiBuiltInKeywords.groovy:3673)
	at com.kms.katalon.core.webui.keyword.WebUiBuiltInKeywords$verifyElementText$21.call(Unknown Source)
	at Slik_Script.Verify_Result_Status(Slik_Script.groovy:369)
	at cucumber.runtime.Utils$1.call(Utils.java:26)
	at cucumber.runtime.Timeout.timeout(Timeout.java:16)
	at cucumber.runtime.Utils.invoke(Utils.java:20)
	at cucumber.runtime.java.JavaStepDefinition.execute(JavaStepDefinition.java:48)
	at cucumber.runtime.PickleStepDefinitionMatch.runStep(PickleStepDefinitionMatch.java:50)
	at cucumber.runner.TestStep.executeStep(TestStep.java:55)
	at cucumber.runner.TestStep.run(TestStep.java:42)
	at cucumber.runner.PickleStepTestStep.run(PickleStepTestStep.java:53)
	at cucumber.runner.TestCase.run(TestCase.java:47)
	at cucumber.runner.Runner.runPickle(Runner.java:44)
	at cucumber.runtime.Runtime.runFeature(Runtime.java:120)
	at cucumber.runtime.Runtime.run(Runtime.java:106)
	at cucumber.api.cli.Main.run(Main.java:35)
	at cucumber.api.cli.Main$run.call(Unknown Source)
	at com.kms.katalon.core.cucumber.keyword.CucumberBuiltinKeywords$_runFeatureFile_closure1.doCall(CucumberBuiltinKeywords.groovy:76)
	at com.kms.katalon.core.cucumber.keyword.CucumberBuiltinKeywords$_runFeatureFile_closure1.doCall(CucumberBuiltinKeywords.groovy)
	at com.kms.katalon.core.keyword.internal.KeywordMain.runKeyword(KeywordMain.groovy:68)
	at com.kms.katalon.core.keyword.internal.KeywordMain$runKeyword.call(Unknown Source)
	at com.kms.katalon.core.cucumber.keyword.CucumberBuiltinKeywords.runFeatureFile(CucumberBuiltinKeywords.groovy:46)
	at com.kms.katalon.core.cucumber.keyword.CucumberBuiltinKeywords$runFeatureFile$0.callStatic(Unknown Source)
	at com.kms.katalon.core.cucumber.keyword.CucumberBuiltinKeywords.runFeatureFile(CucumberBuiltinKeywords.groovy:169)
	at com.kms.katalon.core.cucumber.keyword.CucumberBuiltinKeywords$runFeatureFile.call(Unknown Source)
	at SLIK Gateway Non Customer Search By Status APPROVED.run(SLIK Gateway Non Customer Search By Status APPROVED:18)
	at com.kms.katalon.core.main.ScriptEngine.run(ScriptEngine.java:194)
	at com.kms.katalon.core.main.ScriptEngine.runScriptAsRawText(ScriptEngine.java:119)
	at com.kms.katalon.core.main.TestCaseExecutor.runScript(TestCaseExecutor.java:339)
	at com.kms.katalon.core.main.TestCaseExecutor.doExecute(TestCaseExecutor.java:330)
	at com.kms.katalon.core.main.TestCaseExecutor.processExecutionPhase(TestCaseExecutor.java:309)
	at com.kms.katalon.core.main.TestCaseExecutor.accessMainPhase(TestCaseExecutor.java:301)
	at com.kms.katalon.core.main.TestCaseExecutor.execute(TestCaseExecutor.java:235)
	at com.kms.katalon.core.main.TestSuiteExecutor.accessTestCaseMainPhase(TestSuiteExecutor.java:191)
	at com.kms.katalon.core.main.TestSuiteExecutor.accessTestSuiteMainPhase(TestSuiteExecutor.java:141)
	at com.kms.katalon.core.main.TestSuiteExecutor.execute(TestSuiteExecutor.java:90)
	at com.kms.katalon.core.main.TestCaseMain.startTestSuite(TestCaseMain.java:157)
	at com.kms.katalon.core.main.TestCaseMain$startTestSuite$0.call(Unknown Source)
	at TempTestSuite1603885836893.run(TempTestSuite1603885836893.groovy:39)
)
[[ATTACHMENT|/Users/chaidir.pratama01/Katalon Studio/IST_Automation_Git/Reports/20201028_185036/SLIK/TS_SLIK_Gateway_Non_Customer/20201028_185036/1603886049638.png]]

2020-10-28 18:54:10 - [MESSAGE][PASSED] - Actual text and expected text of test object '' are matched.

2020-10-28 18:54:10 - [MESSAGE][PASSED] - Text of object '' is: 'APPROVED -'

2020-10-28 18:54:11 - [MESSAGE][PASSED] - Text of object '' is: '8888888888888888'

2020-10-28 18:54:11 - [MESSAGE][PASSED] - Verify Search Result Based on Result Status

2020-10-28 18:54:11 - [TEST_STEP][PASSED] - Click button "Logout": Click button "Logout"

2020-10-28 18:54:11 - [MESSAGE][INFO] - >>>>>//Button[contains(text(),'Logout')]

2020-10-28 18:54:14 - [MESSAGE][PASSED] - Object: '' is clicked on

2020-10-28 18:54:14 - [MESSAGE][PASSED] - Click button "Logout"

2020-10-28 18:54:14 - [TEST_STEP][PASSED] - Close browser: Close browser

2020-10-28 18:54:14 - [MESSAGE][PASSED] - Browser is closed

2020-10-28 18:54:14 - [MESSAGE][PASSED] - Close browser

2020-10-28 18:54:14 - [MESSAGE][PASSED] - Feature file: 'Include/features/IST_Real/SLIK/SLIK Gateway Non Customer/SLIK_Gateway_Non_Customer_Search_By_Status_APPROVED.feature' was passed]]></system-out>
         <system-err><![CDATA[]]></system-err>
      </testcase>
      <testcase name="Test Cases/IST_Real/SLIK/SLIK_Gateway_Non_Customer/Delete KTPNumber From DB" time="0.608" classname="Test Cases/IST_Real/SLIK/SLIK_Gateway_Non_Customer/Delete KTPNumber From DB" status="PASSED">
         <system-out><![CDATA[2020-10-28 18:54:14 - [TEST_CASE][PASSED] - Test Cases/IST_Real/SLIK/SLIK_Gateway_Non_Customer/Delete KTPNumber From DB: Test Cases/IST_Real/SLIK/SLIK_Gateway_Non_Customer/Delete KTPNumber From DB

2020-10-28 18:54:14 - [TEST_STEP][PASSED] - runFeatureFile("Include/features/IST_Real/SLIK/SLIK Gateway Non Customer/Delete_KTPNumber_From_DB.feature"): Feature file: 'Include/features/IST_Real/SLIK/SLIK Gateway Non Customer/Delete_KTPNumber_From_DB.feature' was passed

2020-10-28 18:54:14 - [MESSAGE][INFO] - Starting run keyword runFeatureFile: 'Include/features/IST_Real/SLIK/SLIK Gateway Non Customer/Delete_KTPNumber_From_DB.feature' and extract report to folder: '/Users/chaidir.pratama01/Katalon Studio/IST_Automation_Git/Reports/20201028_185036/SLIK/TS_SLIK_Gateway_Non_Customer/20201028_185036/cucumber_report/1603886054868'...

2020-10-28 18:54:15 - [TEST_CASE][PASSED] - Start Test Case : SCENARIO Delete_KTPNumber_From_DB: SCENARIO Delete_KTPNumber_From_DB

2020-10-28 18:54:15 - [TEST_STEP][PASSED] - Connect to Database: Connect to Database

2020-10-28 18:54:15 - [MESSAGE][PASSED] - Connect to Database

2020-10-28 18:54:15 - [TEST_STEP][PASSED] - Delete Contract From SLIK_DATA_NonCUSTOMER: Delete Contract From SLIK_DATA_NonCUSTOMER

2020-10-28 18:54:15 - [MESSAGE][PASSED] - Delete Contract From SLIK_DATA_NonCUSTOMER

2020-10-28 18:54:15 - [MESSAGE][PASSED] - Feature file: 'Include/features/IST_Real/SLIK/SLIK Gateway Non Customer/Delete_KTPNumber_From_DB.feature' was passed]]></system-out>
         <system-err><![CDATA[]]></system-err>
      </testcase>
      <testcase name="Test Cases/IST_Real/SLIK/SLIK_Gateway_Non_Customer/SLIK Gateway Non Customer Checking" time="72.332" classname="Test Cases/IST_Real/SLIK/SLIK_Gateway_Non_Customer/SLIK Gateway Non Customer Checking" status="PASSED">
         <system-out><![CDATA[2020-10-28 18:54:15 - [TEST_CASE][PASSED] - Test Cases/IST_Real/SLIK/SLIK_Gateway_Non_Customer/SLIK Gateway Non Customer Checking: Test Cases/IST_Real/SLIK/SLIK_Gateway_Non_Customer/SLIK Gateway Non Customer Checking

2020-10-28 18:54:15 - [TEST_STEP][PASSED] - runFeatureFile("Include/features/IST_Real/SLIK/SLIK Gateway Non Customer/SLIK Gateway Non Customer Checking.feature"): Feature file: 'Include/features/IST_Real/SLIK/SLIK Gateway Non Customer/SLIK Gateway Non Customer Checking.feature' was passed

2020-10-28 18:54:15 - [MESSAGE][INFO] - Starting run keyword runFeatureFile: 'Include/features/IST_Real/SLIK/SLIK Gateway Non Customer/SLIK Gateway Non Customer Checking.feature' and extract report to folder: '/Users/chaidir.pratama01/Katalon Studio/IST_Automation_Git/Reports/20201028_185036/SLIK/TS_SLIK_Gateway_Non_Customer/20201028_185036/cucumber_report/1603886055375'...

2020-10-28 18:54:15 - [TEST_CASE][PASSED] - Start Test Case : SCENARIO SLIK Gateway Non Customer Checking: SCENARIO SLIK Gateway Non Customer Checking

2020-10-28 18:54:15 - [TEST_STEP][PASSED] - Go to ISTools: Go to ISTools

2020-10-28 18:54:15 - [MESSAGE][INFO] - Starting 'Chrome' driver

2020-10-28 18:54:15 - [MESSAGE][INFO] - User set preference: ['AcceptInsecureCerts', 'true']

2020-10-28 18:54:15 - [MESSAGE][INFO] - User set preference: ['args', '[ignore-certificate-errors]']

2020-10-28 18:54:15 - [MESSAGE][INFO] - Action delay is set to 0 milliseconds

2020-10-28 18:54:16 - [MESSAGE][PASSED] - Browser is opened with url: ''

2020-10-28 18:54:17 - [MESSAGE][PASSED] - Navigate to 'https://id-ist01preprod.id.nonprod/ist/' successfully

2020-10-28 18:54:17 - [MESSAGE][PASSED] - Go to ISTools

2020-10-28 18:54:17 - [TEST_STEP][PASSED] - Login IST with valid credentials: Login IST with valid credentials

2020-10-28 18:54:18 - [MESSAGE][PASSED] - Text 'mobile.test' is set on object 'Object Repository/Page_/input_Username_j_username'

2020-10-28 18:54:18 - [MESSAGE][PASSED] - Text ****** has been set on object 'Object Repository/Page_/input_Password_j_password'

2020-10-28 18:54:19 - [MESSAGE][PASSED] - Object: 'Object Repository/Page_/button_Login' is clicked on

2020-10-28 18:54:19 - [MESSAGE][PASSED] - Login IST with valid credentials

2020-10-28 18:54:19 - [TEST_STEP][PASSED] - Login Success for contract dispatcher: Login Success for contract dispatcher

2020-10-28 18:54:19 - [MESSAGE][INFO] - Login Success

2020-10-28 18:54:19 - [MESSAGE][PASSED] - Current window maximized

2020-10-28 18:54:19 - [MESSAGE][PASSED] - Object 'Object Repository/Page_/h1_Welcome to IT Supporting Tools' is present

2020-10-28 18:54:19 - [MESSAGE][PASSED] - Login Success for contract dispatcher

2020-10-28 18:54:19 - [TEST_STEP][PASSED] - Select Menu SLIK Gateway NonCustomer: Select Menu SLIK Gateway NonCustomer

2020-10-28 18:54:19 - [MESSAGE][PASSED] - Object '' is present

2020-10-28 18:54:20 - [MESSAGE][PASSED] - Object: '' is clicked on

2020-10-28 18:54:20 - [MESSAGE][PASSED] - Wait for page load successfully

2020-10-28 18:54:20 - [MESSAGE][PASSED] - Select Menu SLIK Gateway NonCustomer

2020-10-28 18:54:20 - [TEST_STEP][PASSED] - Input Data KTP Number: Input Data KTP Number

2020-10-28 18:54:21 - [MESSAGE][PASSED] - Text '8888888888888888' is set on object ''

2020-10-28 18:54:21 - [MESSAGE][PASSED] - Input Data KTP Number

2020-10-28 18:54:21 - [TEST_STEP][PASSED] - Input Data "Name *" with value "OPEX TestingAuto" for Check SLIK: Input Data "Name *" with value "OPEX TestingAuto" for Check SLIK

2020-10-28 18:54:21 - [MESSAGE][PASSED] - Taking screenshot successfully
[[ATTACHMENT|/Users/chaidir.pratama01/Documents/Docs/Katalon Studio/Screenshot/slik.png]]

2020-10-28 18:54:22 - [MESSAGE][PASSED] - Object '' is visible

2020-10-28 18:54:22 - [MESSAGE][PASSED] - Object: '' is focused

2020-10-28 18:54:22 - [MESSAGE][PASSED] - Text 'OPEX TestingAuto' is set on object ''

2020-10-28 18:54:22 - [MESSAGE][PASSED] - Input Data "Name *" with value "OPEX TestingAuto" for Check SLIK

2020-10-28 18:54:22 - [TEST_STEP][PASSED] - Input Date of Birth "20-02-1990": Input Date of Birth "20-02-1990"

2020-10-28 18:54:23 - [MESSAGE][PASSED] - Text '20-02-1990' is set on object ''

2020-10-28 18:54:26 - [MESSAGE][PASSED] - Delayed 3 second(s)

2020-10-28 18:54:26 - [MESSAGE][PASSED] - Input Date of Birth "20-02-1990"

2020-10-28 18:54:26 - [TEST_STEP][PASSED] - Select Gender "Laki-laki": Select Gender "Laki-laki"

2020-10-28 18:54:26 - [MESSAGE][PASSED] - Object: '' is clicked on

2020-10-28 18:54:26 - [MESSAGE][PASSED] - Select Gender "Laki-laki"

2020-10-28 18:54:26 - [TEST_STEP][PASSED] - Select Purpose is "Penilaian Calon Kemitraan": Select Purpose is "Penilaian Calon Kemitraan"

2020-10-28 18:54:28 - [MESSAGE][PASSED] - All options with value 'Penilaian Calon Kemitraan' are selected in object ''  using regular expression

2020-10-28 18:54:28 - [MESSAGE][PASSED] - Select Purpose is "Penilaian Calon Kemitraan"

2020-10-28 18:54:28 - [TEST_STEP][PASSED] - Input Data "Place of Birth" with value "Jakarta" for Check SLIK: Input Data "Place of Birth" with value "Jakarta" for Check SLIK

2020-10-28 18:54:29 - [MESSAGE][PASSED] - Taking screenshot successfully
[[ATTACHMENT|/Users/chaidir.pratama01/Documents/Docs/Katalon Studio/Screenshot/slik.png]]

2020-10-28 18:54:29 - [MESSAGE][PASSED] - Object '' is visible

2020-10-28 18:54:29 - [MESSAGE][PASSED] - Object: '' is focused

2020-10-28 18:54:30 - [MESSAGE][PASSED] - Text 'Jakarta' is set on object ''

2020-10-28 18:54:30 - [MESSAGE][PASSED] - Input Data "Place of Birth" with value "Jakarta" for Check SLIK

2020-10-28 18:54:30 - [TEST_STEP][PASSED] - Input Data "Mother Maternity Name" with value "Tester Auto" for Check SLIK: Input Data "Mother Maternity Name" with value "Tester Auto" for Check SLIK

2020-10-28 18:54:31 - [MESSAGE][PASSED] - Taking screenshot successfully
[[ATTACHMENT|/Users/chaidir.pratama01/Documents/Docs/Katalon Studio/Screenshot/slik.png]]

2020-10-28 18:54:31 - [MESSAGE][PASSED] - Object '' is visible

2020-10-28 18:54:32 - [MESSAGE][PASSED] - Object: '' is focused

2020-10-28 18:54:32 - [MESSAGE][PASSED] - Text 'Tester Auto' is set on object ''

2020-10-28 18:54:32 - [MESSAGE][PASSED] - Input Data "Mother Maternity Name" with value "Tester Auto" for Check SLIK

2020-10-28 18:54:32 - [TEST_STEP][PASSED] - Input KTP Address "TESTING AUTO JAKARTA": Input KTP Address "TESTING AUTO JAKARTA"

2020-10-28 18:54:33 - [MESSAGE][PASSED] - Text 'TESTING AUTO JAKARTA' is set on object ''

2020-10-28 18:54:33 - [MESSAGE][PASSED] - Input KTP Address "TESTING AUTO JAKARTA"

2020-10-28 18:54:33 - [TEST_STEP][PASSED] - Click button "Upload": Click button "Upload"

2020-10-28 18:54:33 - [MESSAGE][INFO] - >>>>>//Button[contains(text(),'Upload')]

2020-10-28 18:54:36 - [MESSAGE][PASSED] - Object: '' is clicked on

2020-10-28 18:54:36 - [MESSAGE][PASSED] - Click button "Upload"

2020-10-28 18:54:36 - [TEST_STEP][PASSED] - Upload file "new_captcha1500.png": Upload file "new_captcha1500.png"

2020-10-28 18:54:38 - [MESSAGE][PASSED] - Switched to window with index: '0'

2020-10-28 18:54:52 - [MESSAGE][PASSED] - Upload file "new_captcha1500.png"

2020-10-28 18:54:52 - [TEST_STEP][PASSED] - Click button "Check SLIK": Click button "Check SLIK"

2020-10-28 18:54:52 - [MESSAGE][INFO] - >>>>>//Button[contains(text(),'Check SLIK')]

2020-10-28 18:54:55 - [MESSAGE][PASSED] - Object: '' is clicked on

2020-10-28 18:54:55 - [MESSAGE][PASSED] - Click button "Check SLIK"

2020-10-28 18:54:55 - [TEST_STEP][PASSED] - Get text from pop up "Confirmation Submit Request" with text "Are you sure to submit this data ?": Get text from pop up "Confirmation Submit Request" with text "Are you sure to submit this data ?"

2020-10-28 18:54:56 - [MESSAGE][PASSED] - Taking screenshot successfully
[[ATTACHMENT|/Users/chaidir.pratama01/Documents/Docs/Katalon Studio/Screenshot/errorpopup.png]]

2020-10-28 18:54:57 - [MESSAGE][PASSED] - Object '' is present

2020-10-28 18:54:57 - [MESSAGE][PASSED] - Wait for page load successfully

2020-10-28 18:54:57 - [MESSAGE][PASSED] - Wait for page load successfully

2020-10-28 18:54:57 - [MESSAGE][PASSED] - Get text from pop up "Confirmation Submit Request" with text "Are you sure to submit this data ?"

2020-10-28 18:54:57 - [TEST_STEP][PASSED] - Click button "Yes": Click button "Yes"

2020-10-28 18:54:57 - [MESSAGE][INFO] - >>>>>//Button[contains(text(),'Yes')]

2020-10-28 18:55:00 - [MESSAGE][PASSED] - Object: '' is clicked on

2020-10-28 18:55:00 - [MESSAGE][PASSED] - Click button "Yes"

2020-10-28 18:55:00 - [TEST_STEP][PASSED] - Verify KTP Number Request Success: Verify KTP Number Request Success

2020-10-28 18:55:20 - [MESSAGE][PASSED] - Object '' is present

2020-10-28 18:55:20 - [MESSAGE][PASSED] - Verify KTP Number Request Success

2020-10-28 18:55:20 - [TEST_STEP][PASSED] - Click button "OK": Click button "OK"

2020-10-28 18:55:20 - [MESSAGE][INFO] - >>>>>//Button[contains(text(),'OK')]

2020-10-28 18:55:23 - [MESSAGE][PASSED] - Object: '' is clicked on

2020-10-28 18:55:23 - [MESSAGE][PASSED] - Click button "OK"

2020-10-28 18:55:24 - [TEST_STEP][PASSED] - Click button "Logout": Click button "Logout"

2020-10-28 18:55:24 - [MESSAGE][INFO] - >>>>>//Button[contains(text(),'Logout')]

2020-10-28 18:55:27 - [MESSAGE][PASSED] - Object: '' is clicked on

2020-10-28 18:55:27 - [MESSAGE][PASSED] - Click button "Logout"

2020-10-28 18:55:27 - [TEST_STEP][PASSED] - Close browser: Close browser

2020-10-28 18:55:27 - [MESSAGE][PASSED] - Browser is closed

2020-10-28 18:55:27 - [MESSAGE][PASSED] - Close browser

2020-10-28 18:55:27 - [MESSAGE][PASSED] - Feature file: 'Include/features/IST_Real/SLIK/SLIK Gateway Non Customer/SLIK Gateway Non Customer Checking.feature' was passed]]></system-out>
         <system-err><![CDATA[]]></system-err>
      </testcase>
      <testcase name="Test Cases/IST_Real/SLIK/SLIK_Gateway_Approval_Non_Customer/Reject KTP Number" time="23.001" classname="Test Cases/IST_Real/SLIK/SLIK_Gateway_Approval_Non_Customer/Reject KTP Number" status="PASSED">
         <system-out><![CDATA[2020-10-28 18:55:27 - [TEST_CASE][PASSED] - Test Cases/IST_Real/SLIK/SLIK_Gateway_Approval_Non_Customer/Reject KTP Number: Test Cases/IST_Real/SLIK/SLIK_Gateway_Approval_Non_Customer/Reject KTP Number

2020-10-28 18:55:27 - [TEST_STEP][PASSED] - runFeatureFile("Include/features/IST_Real/SLIK/SLIK Gateway Approval Non Customer/Reject_KTP_Number.feature"): Feature file: 'Include/features/IST_Real/SLIK/SLIK Gateway Approval Non Customer/Reject_KTP_Number.feature' was passed

2020-10-28 18:55:27 - [MESSAGE][INFO] - Starting run keyword runFeatureFile: 'Include/features/IST_Real/SLIK/SLIK Gateway Approval Non Customer/Reject_KTP_Number.feature' and extract report to folder: '/Users/chaidir.pratama01/Katalon Studio/IST_Automation_Git/Reports/20201028_185036/SLIK/TS_SLIK_Gateway_Non_Customer/20201028_185036/cucumber_report/1603886127799'...

2020-10-28 18:55:28 - [TEST_CASE][PASSED] - Start Test Case : SCENARIO Reject KTP Number by Checker: SCENARIO Reject KTP Number by Checker

2020-10-28 18:55:28 - [TEST_STEP][PASSED] - Go to ISTools: Go to ISTools

2020-10-28 18:55:28 - [MESSAGE][INFO] - Starting 'Chrome' driver

2020-10-28 18:55:28 - [MESSAGE][INFO] - User set preference: ['AcceptInsecureCerts', 'true']

2020-10-28 18:55:28 - [MESSAGE][INFO] - User set preference: ['args', '[ignore-certificate-errors]']

2020-10-28 18:55:28 - [MESSAGE][INFO] - Action delay is set to 0 milliseconds

2020-10-28 18:55:29 - [MESSAGE][PASSED] - Browser is opened with url: ''

2020-10-28 18:55:29 - [MESSAGE][PASSED] - Navigate to 'https://id-ist01preprod.id.nonprod/ist/' successfully

2020-10-28 18:55:29 - [MESSAGE][PASSED] - Go to ISTools

2020-10-28 18:55:29 - [TEST_STEP][PASSED] - Login IST with valid credentials: Login IST with valid credentials

2020-10-28 18:55:30 - [MESSAGE][PASSED] - Text 'mobile.test' is set on object 'Object Repository/Page_/input_Username_j_username'

2020-10-28 18:55:31 - [MESSAGE][PASSED] - Text ****** has been set on object 'Object Repository/Page_/input_Password_j_password'

2020-10-28 18:55:31 - [MESSAGE][PASSED] - Object: 'Object Repository/Page_/button_Login' is clicked on

2020-10-28 18:55:31 - [MESSAGE][PASSED] - Login IST with valid credentials

2020-10-28 18:55:31 - [TEST_STEP][PASSED] - Login Success for contract dispatcher: Login Success for contract dispatcher

2020-10-28 18:55:31 - [MESSAGE][INFO] - Login Success

2020-10-28 18:55:32 - [MESSAGE][PASSED] - Current window maximized

2020-10-28 18:55:32 - [MESSAGE][PASSED] - Object 'Object Repository/Page_/h1_Welcome to IT Supporting Tools' is present

2020-10-28 18:55:32 - [MESSAGE][PASSED] - Login Success for contract dispatcher

2020-10-28 18:55:32 - [TEST_STEP][PASSED] - Select Menu "SLIK Gateway Approval Non Customer": Select Menu "SLIK Gateway Approval Non Customer"

2020-10-28 18:55:33 - [MESSAGE][PASSED] - Taking screenshot successfully
[[ATTACHMENT|/Users/chaidir.pratama01/Documents/Docs/Katalon Studio/Screenshot/test-SLIK Gateway Approval Non Customer.png]]

2020-10-28 18:55:33 - [MESSAGE][PASSED] - Object '' is present

2020-10-28 18:55:33 - [MESSAGE][PASSED] - Object: '' is clicked on

2020-10-28 18:55:33 - [MESSAGE][PASSED] - Wait for page load successfully

2020-10-28 18:55:33 - [MESSAGE][PASSED] - Select Menu "SLIK Gateway Approval Non Customer"

2020-10-28 18:55:33 - [TEST_STEP][PASSED] - Verify Table Result Exist: Verify Table Result Exist

2020-10-28 18:55:34 - [MESSAGE][PASSED] - Object '' is present

2020-10-28 18:55:34 - [MESSAGE][PASSED] - Verify Table Result Exist

2020-10-28 18:55:34 - [TEST_STEP][PASSED] - Get Data From Table: Get Data From Table

2020-10-28 18:55:34 - [MESSAGE][PASSED] - Object '' is present

2020-10-28 18:55:35 - [MESSAGE][PASSED] - Text of object '' is: '1'

2020-10-28 18:55:36 - [MESSAGE][PASSED] - Text of object '' is: '8888888888888888'

2020-10-28 18:55:36 - [MESSAGE][PASSED] - Text of object '' is: 'OPEX TestingAuto'

2020-10-28 18:55:36 - [MESSAGE][PASSED] - Text of object '' is: 'View Document'

2020-10-28 18:55:37 - [MESSAGE][PASSED] - Text of object '' is: ''

2020-10-28 18:55:37 - [MESSAGE][PASSED] - Get Data From Table

2020-10-28 18:55:37 - [TEST_STEP][PASSED] - Click Checkbox Validate: Click Checkbox Validate

2020-10-28 18:55:37 - [MESSAGE][PASSED] - Text of object '' is: '8888888888888888'

2020-10-28 18:55:37 - [MESSAGE][PASSED] - Object: '' is clicked on

2020-10-28 18:55:37 - [MESSAGE][PASSED] - Click Checkbox Validate

2020-10-28 18:55:37 - [TEST_STEP][PASSED] - Click button "Reject": Click button "Reject"

2020-10-28 18:55:37 - [MESSAGE][INFO] - >>>>>//Button[contains(text(),'Reject')]

2020-10-28 18:55:41 - [MESSAGE][PASSED] - Object: '' is clicked on

2020-10-28 18:55:41 - [MESSAGE][PASSED] - Click button "Reject"

2020-10-28 18:55:41 - [TEST_STEP][PASSED] - Get text from pop up "Confirmation Submit Request" with text "Are you sure to Reject this data ?": Get text from pop up "Confirmation Submit Request" with text "Are you sure to Reject this data ?"

2020-10-28 18:55:42 - [MESSAGE][PASSED] - Taking screenshot successfully
[[ATTACHMENT|/Users/chaidir.pratama01/Documents/Docs/Katalon Studio/Screenshot/errorpopup.png]]

2020-10-28 18:55:42 - [MESSAGE][PASSED] - Object '' is present

2020-10-28 18:55:42 - [MESSAGE][PASSED] - Wait for page load successfully

2020-10-28 18:55:42 - [MESSAGE][PASSED] - Wait for page load successfully

2020-10-28 18:55:42 - [MESSAGE][PASSED] - Get text from pop up "Confirmation Submit Request" with text "Are you sure to Reject this data ?"

2020-10-28 18:55:42 - [TEST_STEP][PASSED] - Click button "Yes": Click button "Yes"

2020-10-28 18:55:42 - [MESSAGE][INFO] - >>>>>//Button[contains(text(),'Yes')]

2020-10-28 18:55:45 - [MESSAGE][PASSED] - Object: '' is clicked on

2020-10-28 18:55:45 - [MESSAGE][PASSED] - Click button "Yes"

2020-10-28 18:55:45 - [TEST_STEP][PASSED] - Get text from pop up "IT Supporting Tools" with text "1 data successfully rejected": Get text from pop up "IT Supporting Tools" with text "1 data successfully rejected"

2020-10-28 18:55:46 - [MESSAGE][PASSED] - Taking screenshot successfully
[[ATTACHMENT|/Users/chaidir.pratama01/Documents/Docs/Katalon Studio/Screenshot/errorpopup.png]]

2020-10-28 18:55:47 - [MESSAGE][PASSED] - Object '' is present

2020-10-28 18:55:47 - [MESSAGE][PASSED] - Wait for page load successfully

2020-10-28 18:55:47 - [MESSAGE][PASSED] - Wait for page load successfully

2020-10-28 18:55:47 - [MESSAGE][PASSED] - Get text from pop up "IT Supporting Tools" with text "1 data successfully rejected"

2020-10-28 18:55:47 - [TEST_STEP][PASSED] - Click button "OK": Click button "OK"

2020-10-28 18:55:47 - [MESSAGE][INFO] - >>>>>//Button[contains(text(),'OK')]

2020-10-28 18:55:50 - [MESSAGE][PASSED] - Object: '' is clicked on

2020-10-28 18:55:50 - [MESSAGE][PASSED] - Click button "OK"

2020-10-28 18:55:50 - [TEST_STEP][PASSED] - Close browser: Close browser

2020-10-28 18:55:50 - [MESSAGE][PASSED] - Browser is closed

2020-10-28 18:55:50 - [MESSAGE][PASSED] - Close browser

2020-10-28 18:55:50 - [MESSAGE][PASSED] - Feature file: 'Include/features/IST_Real/SLIK/SLIK Gateway Approval Non Customer/Reject_KTP_Number.feature' was passed]]></system-out>
         <system-err><![CDATA[]]></system-err>
      </testcase>
      <testcase name="Test Cases/IST_Real/SLIK/SLIK_Gateway_Non_Customer/SLIK Gateway Non Customer Search By Status NOT_APPROVED" time="15.002" classname="Test Cases/IST_Real/SLIK/SLIK_Gateway_Non_Customer/SLIK Gateway Non Customer Search By Status NOT_APPROVED" status="PASSED">
         <system-out><![CDATA[2020-10-28 18:55:50 - [TEST_CASE][PASSED] - Test Cases/IST_Real/SLIK/SLIK_Gateway_Non_Customer/SLIK Gateway Non Customer Search By Status NOT_APPROVED: Test Cases/IST_Real/SLIK/SLIK_Gateway_Non_Customer/SLIK Gateway Non Customer Search By Status NOT_APPROVED

2020-10-28 18:55:50 - [TEST_STEP][PASSED] - runFeatureFile("Include/features/IST_Real/SLIK/SLIK Gateway Non Customer/SLIK_Gateway_Non_Customer_Search_By_Status_NOT_APPROVED.feature"): Feature file: 'Include/features/IST_Real/SLIK/SLIK Gateway Non Customer/SLIK_Gateway_Non_Customer_Search_By_Status_NOT_APPROVED.feature' was passed

2020-10-28 18:55:50 - [MESSAGE][INFO] - Starting run keyword runFeatureFile: 'Include/features/IST_Real/SLIK/SLIK Gateway Non Customer/SLIK_Gateway_Non_Customer_Search_By_Status_NOT_APPROVED.feature' and extract report to folder: '/Users/chaidir.pratama01/Katalon Studio/IST_Automation_Git/Reports/20201028_185036/SLIK/TS_SLIK_Gateway_Non_Customer/20201028_185036/cucumber_report/1603886150815'...

2020-10-28 18:55:50 - [TEST_CASE][PASSED] - Start Test Case : SCENARIO Search Result by Status: SCENARIO Search Result by Status

2020-10-28 18:55:50 - [TEST_STEP][PASSED] - Go to ISTools: Go to ISTools

2020-10-28 18:55:51 - [MESSAGE][INFO] - Starting 'Chrome' driver

2020-10-28 18:55:51 - [MESSAGE][INFO] - User set preference: ['AcceptInsecureCerts', 'true']

2020-10-28 18:55:51 - [MESSAGE][INFO] - User set preference: ['args', '[ignore-certificate-errors]']

2020-10-28 18:55:51 - [MESSAGE][INFO] - Action delay is set to 0 milliseconds

2020-10-28 18:55:52 - [MESSAGE][PASSED] - Browser is opened with url: ''

2020-10-28 18:55:52 - [MESSAGE][PASSED] - Navigate to 'https://id-ist01preprod.id.nonprod/ist/' successfully

2020-10-28 18:55:52 - [MESSAGE][PASSED] - Go to ISTools

2020-10-28 18:55:52 - [TEST_STEP][PASSED] - Login IST with valid credentials: Login IST with valid credentials

2020-10-28 18:55:53 - [MESSAGE][PASSED] - Text 'mobile.test' is set on object 'Object Repository/Page_/input_Username_j_username'

2020-10-28 18:55:53 - [MESSAGE][PASSED] - Text ****** has been set on object 'Object Repository/Page_/input_Password_j_password'

2020-10-28 18:55:54 - [MESSAGE][PASSED] - Object: 'Object Repository/Page_/button_Login' is clicked on

2020-10-28 18:55:54 - [MESSAGE][PASSED] - Login IST with valid credentials

2020-10-28 18:55:54 - [TEST_STEP][PASSED] - Login Success for contract dispatcher: Login Success for contract dispatcher

2020-10-28 18:55:54 - [MESSAGE][INFO] - Login Success

2020-10-28 18:55:54 - [MESSAGE][PASSED] - Current window maximized

2020-10-28 18:55:55 - [MESSAGE][PASSED] - Object 'Object Repository/Page_/h1_Welcome to IT Supporting Tools' is present

2020-10-28 18:55:55 - [MESSAGE][PASSED] - Login Success for contract dispatcher

2020-10-28 18:55:55 - [TEST_STEP][PASSED] - Select Menu SLIK Gateway NonCustomer: Select Menu SLIK Gateway NonCustomer

2020-10-28 18:55:55 - [MESSAGE][PASSED] - Object '' is present

2020-10-28 18:55:56 - [MESSAGE][PASSED] - Object: '' is clicked on

2020-10-28 18:55:56 - [MESSAGE][PASSED] - Wait for page load successfully

2020-10-28 18:55:56 - [MESSAGE][PASSED] - Select Menu SLIK Gateway NonCustomer

2020-10-28 18:55:56 - [TEST_STEP][PASSED] - Select Status is "NOT_APPROVED": Select Status is "NOT_APPROVED"

2020-10-28 18:55:57 - [MESSAGE][PASSED] - All options with value 'NOT_APPROVED' are selected in object ''  using regular expression

2020-10-28 18:55:57 - [MESSAGE][PASSED] - Select Status is "NOT_APPROVED"

2020-10-28 18:55:57 - [TEST_STEP][PASSED] - Click button "Search": Click button "Search"

2020-10-28 18:55:57 - [MESSAGE][INFO] - >>>>>//Button[contains(text(),'Search')]

2020-10-28 18:56:00 - [MESSAGE][PASSED] - Object: '' is clicked on

2020-10-28 18:56:00 - [MESSAGE][PASSED] - Click button "Search"

2020-10-28 18:56:00 - [TEST_STEP][PASSED] - Verify Search Result Based on Result Status: Verify Search Result Based on Result Status

2020-10-28 18:56:01 - [MESSAGE][PASSED] - Scroll to object '' successfully

2020-10-28 18:56:01 - [MESSAGE][PASSED] - Actual text and expected text of test object '' are matched.

2020-10-28 18:56:01 - [MESSAGE][PASSED] - Text of object '' is: 'NOT_APPROVED -'

2020-10-28 18:56:02 - [MESSAGE][PASSED] - Text of object '' is: '8888888888888888'

2020-10-28 18:56:02 - [MESSAGE][PASSED] - Verify Search Result Based on Result Status

2020-10-28 18:56:02 - [TEST_STEP][PASSED] - Click button "Logout": Click button "Logout"

2020-10-28 18:56:02 - [MESSAGE][INFO] - >>>>>//Button[contains(text(),'Logout')]

2020-10-28 18:56:05 - [MESSAGE][PASSED] - Object: '' is clicked on

2020-10-28 18:56:05 - [MESSAGE][PASSED] - Click button "Logout"

2020-10-28 18:56:05 - [TEST_STEP][PASSED] - Close browser: Close browser

2020-10-28 18:56:05 - [MESSAGE][PASSED] - Browser is closed

2020-10-28 18:56:05 - [MESSAGE][PASSED] - Close browser

2020-10-28 18:56:05 - [MESSAGE][PASSED] - Feature file: 'Include/features/IST_Real/SLIK/SLIK Gateway Non Customer/SLIK_Gateway_Non_Customer_Search_By_Status_NOT_APPROVED.feature' was passed]]></system-out>
         <system-err><![CDATA[]]></system-err>
      </testcase>
      <testcase name="Test Cases/IST_Real/SLIK/SLIK_Gateway_Non_Customer/SLIK Gateway Non Customer View Detail when Status NOT_APPROVED" time="15.376" classname="Test Cases/IST_Real/SLIK/SLIK_Gateway_Non_Customer/SLIK Gateway Non Customer View Detail when Status NOT_APPROVED" status="PASSED">
         <system-out><![CDATA[2020-10-28 18:56:05 - [TEST_CASE][PASSED] - Test Cases/IST_Real/SLIK/SLIK_Gateway_Non_Customer/SLIK Gateway Non Customer View Detail when Status NOT_APPROVED: Test Cases/IST_Real/SLIK/SLIK_Gateway_Non_Customer/SLIK Gateway Non Customer View Detail when Status NOT_APPROVED

2020-10-28 18:56:05 - [TEST_STEP][PASSED] - runFeatureFile("Include/features/IST_Real/SLIK/SLIK Gateway Non Customer/SLIK_Gateway_Non_Customer_View_Detail_when_Status_NOT_APPROVED.feature"): Feature file: 'Include/features/IST_Real/SLIK/SLIK Gateway Non Customer/SLIK_Gateway_Non_Customer_View_Detail_when_Status_NOT_APPROVED.feature' was passed

2020-10-28 18:56:05 - [MESSAGE][INFO] - Starting run keyword runFeatureFile: 'Include/features/IST_Real/SLIK/SLIK Gateway Non Customer/SLIK_Gateway_Non_Customer_View_Detail_when_Status_NOT_APPROVED.feature' and extract report to folder: '/Users/chaidir.pratama01/Katalon Studio/IST_Automation_Git/Reports/20201028_185036/SLIK/TS_SLIK_Gateway_Non_Customer/20201028_185036/cucumber_report/1603886165801'...

2020-10-28 18:56:05 - [TEST_CASE][PASSED] - Start Test Case : SCENARIO SLIK Gateway Non Customer View Detail Link: SCENARIO SLIK Gateway Non Customer View Detail Link

2020-10-28 18:56:05 - [TEST_STEP][PASSED] - Go to ISTools: Go to ISTools

2020-10-28 18:56:05 - [MESSAGE][INFO] - Starting 'Chrome' driver

2020-10-28 18:56:05 - [MESSAGE][INFO] - User set preference: ['AcceptInsecureCerts', 'true']

2020-10-28 18:56:05 - [MESSAGE][INFO] - User set preference: ['args', '[ignore-certificate-errors]']

2020-10-28 18:56:05 - [MESSAGE][INFO] - Action delay is set to 0 milliseconds

2020-10-28 18:56:07 - [MESSAGE][PASSED] - Browser is opened with url: ''

2020-10-28 18:56:07 - [MESSAGE][PASSED] - Navigate to 'https://id-ist01preprod.id.nonprod/ist/' successfully

2020-10-28 18:56:07 - [MESSAGE][PASSED] - Go to ISTools

2020-10-28 18:56:07 - [TEST_STEP][PASSED] - Login IST with valid credentials: Login IST with valid credentials

2020-10-28 18:56:08 - [MESSAGE][PASSED] - Text 'mobile.test' is set on object 'Object Repository/Page_/input_Username_j_username'

2020-10-28 18:56:08 - [MESSAGE][PASSED] - Text ****** has been set on object 'Object Repository/Page_/input_Password_j_password'

2020-10-28 18:56:09 - [MESSAGE][PASSED] - Object: 'Object Repository/Page_/button_Login' is clicked on

2020-10-28 18:56:09 - [MESSAGE][PASSED] - Login IST with valid credentials

2020-10-28 18:56:09 - [TEST_STEP][PASSED] - Login Success for contract dispatcher: Login Success for contract dispatcher

2020-10-28 18:56:09 - [MESSAGE][INFO] - Login Success

2020-10-28 18:56:09 - [MESSAGE][PASSED] - Current window maximized

2020-10-28 18:56:09 - [MESSAGE][PASSED] - Object 'Object Repository/Page_/h1_Welcome to IT Supporting Tools' is present

2020-10-28 18:56:09 - [MESSAGE][PASSED] - Login Success for contract dispatcher

2020-10-28 18:56:09 - [TEST_STEP][PASSED] - Select Menu SLIK Gateway NonCustomer: Select Menu SLIK Gateway NonCustomer

2020-10-28 18:56:10 - [MESSAGE][PASSED] - Object '' is present

2020-10-28 18:56:10 - [MESSAGE][PASSED] - Object: '' is clicked on

2020-10-28 18:56:10 - [MESSAGE][PASSED] - Wait for page load successfully

2020-10-28 18:56:10 - [MESSAGE][PASSED] - Select Menu SLIK Gateway NonCustomer

2020-10-28 18:56:10 - [TEST_STEP][PASSED] - Select Status is "NOT_APPROVED": Select Status is "NOT_APPROVED"

2020-10-28 18:56:11 - [MESSAGE][PASSED] - All options with value 'NOT_APPROVED' are selected in object ''  using regular expression

2020-10-28 18:56:11 - [MESSAGE][PASSED] - Select Status is "NOT_APPROVED"

2020-10-28 18:56:11 - [TEST_STEP][PASSED] - Click button "Search": Click button "Search"

2020-10-28 18:56:11 - [MESSAGE][INFO] - >>>>>//Button[contains(text(),'Search')]

2020-10-28 18:56:15 - [MESSAGE][PASSED] - Object: '' is clicked on

2020-10-28 18:56:15 - [MESSAGE][PASSED] - Click button "Search"

2020-10-28 18:56:15 - [TEST_STEP][PASSED] - Verify Search Result Based on Result Status: Verify Search Result Based on Result Status

2020-10-28 18:56:15 - [MESSAGE][PASSED] - Scroll to object '' successfully

2020-10-28 18:56:15 - [MESSAGE][PASSED] - Actual text and expected text of test object '' are matched.

2020-10-28 18:56:16 - [MESSAGE][PASSED] - Text of object '' is: 'NOT_APPROVED -'

2020-10-28 18:56:16 - [MESSAGE][PASSED] - Text of object '' is: '8888888888888888'

2020-10-28 18:56:16 - [MESSAGE][PASSED] - Verify Search Result Based on Result Status

2020-10-28 18:56:16 - [TEST_STEP][PASSED] - Click View Detail Link: Click View Detail Link

2020-10-28 18:56:16 - [MESSAGE][PASSED] - Web element with id: '' located by 'By.xpath: //span[text()='Search Result']/../../../following-sibling::div[@class='z-groupbox-content']/div[@class='z-grid']/div[@class='z-grid-body']/table/tbody/tr/td[7]/div/div/span' is not present after '3' second(s)

2020-10-28 18:56:16 - [MESSAGE][PASSED] - Click View Detail Link

2020-10-28 18:56:16 - [TEST_STEP][PASSED] - Take Screenshot "View_detail_NonCutomer.png": Take Screenshot "View_detail_NonCutomer.png"

2020-10-28 18:56:17 - [MESSAGE][PASSED] - Taking screenshot successfully
[[ATTACHMENT|/Users/chaidir.pratama01/Katalon Studio/IST_Automation_Git/img/View_detail_NonCutomer.png]]

2020-10-28 18:56:17 - [MESSAGE][PASSED] - Take Screenshot "View_detail_NonCutomer.png"

2020-10-28 18:56:17 - [TEST_STEP][PASSED] - Verify Slik Result Detail Link: Verify Slik Result Detail Link

2020-10-28 18:56:17 - [MESSAGE][PASSED] - Verify Slik Result Detail Link

2020-10-28 18:56:17 - [TEST_STEP][PASSED] - Click button "Logout": Click button "Logout"

2020-10-28 18:56:17 - [MESSAGE][INFO] - >>>>>//Button[contains(text(),'Logout')]

2020-10-28 18:56:20 - [MESSAGE][PASSED] - Object: '' is clicked on

2020-10-28 18:56:20 - [MESSAGE][PASSED] - Click button "Logout"

2020-10-28 18:56:20 - [TEST_STEP][PASSED] - Close browser: Close browser

2020-10-28 18:56:21 - [MESSAGE][PASSED] - Browser is closed

2020-10-28 18:56:21 - [MESSAGE][PASSED] - Close browser

2020-10-28 18:56:21 - [MESSAGE][PASSED] - Feature file: 'Include/features/IST_Real/SLIK/SLIK Gateway Non Customer/SLIK_Gateway_Non_Customer_View_Detail_when_Status_NOT_APPROVED.feature' was passed]]></system-out>
         <system-err><![CDATA[]]></system-err>
      </testcase>
      <testcase name="Test Cases/IST_Real/SLIK/SLIK_Gateway_Non_Customer/SLIK Gateway Non Customer Search By DateStart DateEnd" time="16.515" classname="Test Cases/IST_Real/SLIK/SLIK_Gateway_Non_Customer/SLIK Gateway Non Customer Search By DateStart DateEnd" status="PASSED">
         <system-out><![CDATA[2020-10-28 18:56:21 - [TEST_CASE][PASSED] - Test Cases/IST_Real/SLIK/SLIK_Gateway_Non_Customer/SLIK Gateway Non Customer Search By DateStart DateEnd: Test Cases/IST_Real/SLIK/SLIK_Gateway_Non_Customer/SLIK Gateway Non Customer Search By DateStart DateEnd

2020-10-28 18:56:21 - [TEST_STEP][PASSED] - runFeatureFile("Include/features/IST_Real/SLIK/SLIK Gateway Non Customer/SLIK_Gateway_Non_Customer_Search_By_DateStart_DateEnd.feature"): Feature file: 'Include/features/IST_Real/SLIK/SLIK Gateway Non Customer/SLIK_Gateway_Non_Customer_Search_By_DateStart_DateEnd.feature' was passed

2020-10-28 18:56:21 - [MESSAGE][INFO] - Starting run keyword runFeatureFile: 'Include/features/IST_Real/SLIK/SLIK Gateway Non Customer/SLIK_Gateway_Non_Customer_Search_By_DateStart_DateEnd.feature' and extract report to folder: '/Users/chaidir.pratama01/Katalon Studio/IST_Automation_Git/Reports/20201028_185036/SLIK/TS_SLIK_Gateway_Non_Customer/20201028_185036/cucumber_report/1603886181194'...

2020-10-28 18:56:21 - [TEST_CASE][PASSED] - Start Test Case : SCENARIO Search Result by Date Start and Date End: SCENARIO Search Result by Date Start and Date End

2020-10-28 18:56:21 - [TEST_STEP][PASSED] - Go to ISTools: Go to ISTools

2020-10-28 18:56:21 - [MESSAGE][INFO] - Starting 'Chrome' driver

2020-10-28 18:56:21 - [MESSAGE][INFO] - User set preference: ['AcceptInsecureCerts', 'true']

2020-10-28 18:56:21 - [MESSAGE][INFO] - User set preference: ['args', '[ignore-certificate-errors]']

2020-10-28 18:56:21 - [MESSAGE][INFO] - Action delay is set to 0 milliseconds

2020-10-28 18:56:22 - [MESSAGE][PASSED] - Browser is opened with url: ''

2020-10-28 18:56:23 - [MESSAGE][PASSED] - Navigate to 'https://id-ist01preprod.id.nonprod/ist/' successfully

2020-10-28 18:56:23 - [MESSAGE][PASSED] - Go to ISTools

2020-10-28 18:56:23 - [TEST_STEP][PASSED] - Login IST with valid credentials: Login IST with valid credentials

2020-10-28 18:56:24 - [MESSAGE][PASSED] - Text 'mobile.test' is set on object 'Object Repository/Page_/input_Username_j_username'

2020-10-28 18:56:24 - [MESSAGE][PASSED] - Text ****** has been set on object 'Object Repository/Page_/input_Password_j_password'

2020-10-28 18:56:25 - [MESSAGE][PASSED] - Object: 'Object Repository/Page_/button_Login' is clicked on

2020-10-28 18:56:25 - [MESSAGE][PASSED] - Login IST with valid credentials

2020-10-28 18:56:25 - [TEST_STEP][PASSED] - Login Success for contract dispatcher: Login Success for contract dispatcher

2020-10-28 18:56:25 - [MESSAGE][INFO] - Login Success

2020-10-28 18:56:25 - [MESSAGE][PASSED] - Current window maximized

2020-10-28 18:56:25 - [MESSAGE][PASSED] - Object 'Object Repository/Page_/h1_Welcome to IT Supporting Tools' is present

2020-10-28 18:56:25 - [MESSAGE][PASSED] - Login Success for contract dispatcher

2020-10-28 18:56:25 - [TEST_STEP][PASSED] - Select Menu SLIK Gateway NonCustomer: Select Menu SLIK Gateway NonCustomer

2020-10-28 18:56:25 - [MESSAGE][PASSED] - Object '' is present

2020-10-28 18:56:26 - [MESSAGE][PASSED] - Object: '' is clicked on

2020-10-28 18:56:26 - [MESSAGE][PASSED] - Wait for page load successfully

2020-10-28 18:56:26 - [MESSAGE][PASSED] - Select Menu SLIK Gateway NonCustomer

2020-10-28 18:56:26 - [TEST_STEP][PASSED] - Set Start Date with value "01-10-2020" and End Date with value "30-12-2020": Set Start Date with value "01-10-2020" and End Date with value "30-12-2020"

2020-10-28 18:56:26 - [MESSAGE][PASSED] - Scroll to object '' successfully

2020-10-28 18:56:27 - [MESSAGE][PASSED] - Object '' is present

2020-10-28 18:56:27 - [MESSAGE][PASSED] - Text '01-10-2020' is set on object ''

2020-10-28 18:56:27 - [MESSAGE][PASSED] - Object '' is present

2020-10-28 18:56:28 - [MESSAGE][PASSED] - Text '30-12-2020' is set on object ''

2020-10-28 18:56:28 - [MESSAGE][PASSED] - Set Start Date with value "01-10-2020" and End Date with value "30-12-2020"

2020-10-28 18:56:28 - [TEST_STEP][PASSED] - Click button "Search": Click button "Search"

2020-10-28 18:56:28 - [MESSAGE][INFO] - >>>>>//Button[contains(text(),'Search')]

2020-10-28 18:56:31 - [MESSAGE][PASSED] - Object: '' is clicked on

2020-10-28 18:56:31 - [MESSAGE][PASSED] - Click button "Search"

2020-10-28 18:56:31 - [TEST_STEP][PASSED] - Verify Search Result Based on Created Date: Verify Search Result Based on Created Date

2020-10-28 18:56:32 - [MESSAGE][PASSED] - Object '' is present

2020-10-28 18:56:33 - [MESSAGE][PASSED] - Text of object '' is: '28 October 2020 18:55:00'

2020-10-28 18:56:33 - [MESSAGE][PASSED] - Verify Search Result Based on Created Date

2020-10-28 18:56:33 - [TEST_STEP][PASSED] - Verify Search Result Based on Result Status: Verify Search Result Based on Result Status

2020-10-28 18:56:33 - [MESSAGE][PASSED] - Scroll to object '' successfully

2020-10-28 18:56:33 - [MESSAGE][PASSED] - Text of object '' is: 'NOT_APPROVED -'

2020-10-28 18:56:34 - [MESSAGE][PASSED] - Text of object '' is: '8888888888888888'

2020-10-28 18:56:34 - [MESSAGE][PASSED] - Verify Search Result Based on Result Status

2020-10-28 18:56:34 - [TEST_STEP][PASSED] - Click button "Logout": Click button "Logout"

2020-10-28 18:56:34 - [MESSAGE][INFO] - >>>>>//Button[contains(text(),'Logout')]

2020-10-28 18:56:37 - [MESSAGE][PASSED] - Object: '' is clicked on

2020-10-28 18:56:37 - [MESSAGE][PASSED] - Click button "Logout"

2020-10-28 18:56:37 - [TEST_STEP][PASSED] - Close browser: Close browser

2020-10-28 18:56:37 - [MESSAGE][PASSED] - Browser is closed

2020-10-28 18:56:37 - [MESSAGE][PASSED] - Close browser

2020-10-28 18:56:37 - [MESSAGE][PASSED] - Feature file: 'Include/features/IST_Real/SLIK/SLIK Gateway Non Customer/SLIK_Gateway_Non_Customer_Search_By_DateStart_DateEnd.feature' was passed]]></system-out>
         <system-err><![CDATA[]]></system-err>
      </testcase>
      <testcase name="Test Cases/IST_Real/SLIK/SLIK_Gateway_Non_Customer/SLIK Gateway Non Customer Search By DateStart ONLY" time="19.733" classname="Test Cases/IST_Real/SLIK/SLIK_Gateway_Non_Customer/SLIK Gateway Non Customer Search By DateStart ONLY" status="PASSED">
         <system-out><![CDATA[2020-10-28 18:56:37 - [TEST_CASE][PASSED] - Test Cases/IST_Real/SLIK/SLIK_Gateway_Non_Customer/SLIK Gateway Non Customer Search By DateStart ONLY: Test Cases/IST_Real/SLIK/SLIK_Gateway_Non_Customer/SLIK Gateway Non Customer Search By DateStart ONLY

2020-10-28 18:56:37 - [TEST_STEP][PASSED] - runFeatureFile("Include/features/IST_Real/SLIK/SLIK Gateway Non Customer/SLIK_Gateway_Non_Customer_Search_By_DateStart_ONLY.feature"): Feature file: 'Include/features/IST_Real/SLIK/SLIK Gateway Non Customer/SLIK_Gateway_Non_Customer_Search_By_DateStart_ONLY.feature' was passed

2020-10-28 18:56:37 - [MESSAGE][INFO] - Starting run keyword runFeatureFile: 'Include/features/IST_Real/SLIK/SLIK Gateway Non Customer/SLIK_Gateway_Non_Customer_Search_By_DateStart_ONLY.feature' and extract report to folder: '/Users/chaidir.pratama01/Katalon Studio/IST_Automation_Git/Reports/20201028_185036/SLIK/TS_SLIK_Gateway_Non_Customer/20201028_185036/cucumber_report/1603886197715'...

2020-10-28 18:56:37 - [TEST_CASE][PASSED] - Start Test Case : SCENARIO Search Result by Date Start ONLY: SCENARIO Search Result by Date Start ONLY

2020-10-28 18:56:37 - [TEST_STEP][PASSED] - Go to ISTools: Go to ISTools

2020-10-28 18:56:37 - [MESSAGE][INFO] - Starting 'Chrome' driver

2020-10-28 18:56:37 - [MESSAGE][INFO] - User set preference: ['AcceptInsecureCerts', 'true']

2020-10-28 18:56:37 - [MESSAGE][INFO] - User set preference: ['args', '[ignore-certificate-errors]']

2020-10-28 18:56:37 - [MESSAGE][INFO] - Action delay is set to 0 milliseconds

2020-10-28 18:56:39 - [MESSAGE][PASSED] - Browser is opened with url: ''

2020-10-28 18:56:39 - [MESSAGE][PASSED] - Navigate to 'https://id-ist01preprod.id.nonprod/ist/' successfully

2020-10-28 18:56:39 - [MESSAGE][PASSED] - Go to ISTools

2020-10-28 18:56:39 - [TEST_STEP][PASSED] - Login IST with valid credentials: Login IST with valid credentials

2020-10-28 18:56:40 - [MESSAGE][PASSED] - Text 'mobile.test' is set on object 'Object Repository/Page_/input_Username_j_username'

2020-10-28 18:56:40 - [MESSAGE][PASSED] - Text ****** has been set on object 'Object Repository/Page_/input_Password_j_password'

2020-10-28 18:56:41 - [MESSAGE][PASSED] - Object: 'Object Repository/Page_/button_Login' is clicked on

2020-10-28 18:56:41 - [MESSAGE][PASSED] - Login IST with valid credentials

2020-10-28 18:56:41 - [TEST_STEP][PASSED] - Login Success for contract dispatcher: Login Success for contract dispatcher

2020-10-28 18:56:41 - [MESSAGE][INFO] - Login Success

2020-10-28 18:56:41 - [MESSAGE][PASSED] - Current window maximized

2020-10-28 18:56:41 - [MESSAGE][PASSED] - Object 'Object Repository/Page_/h1_Welcome to IT Supporting Tools' is present

2020-10-28 18:56:41 - [MESSAGE][PASSED] - Login Success for contract dispatcher

2020-10-28 18:56:41 - [TEST_STEP][PASSED] - Select Menu SLIK Gateway NonCustomer: Select Menu SLIK Gateway NonCustomer

2020-10-28 18:56:42 - [MESSAGE][PASSED] - Object '' is present

2020-10-28 18:56:42 - [MESSAGE][PASSED] - Object: '' is clicked on

2020-10-28 18:56:42 - [MESSAGE][PASSED] - Wait for page load successfully

2020-10-28 18:56:42 - [MESSAGE][PASSED] - Select Menu SLIK Gateway NonCustomer

2020-10-28 18:56:42 - [TEST_STEP][PASSED] - Set Start Date with value "01-10-2020" and End Date with value "": Set Start Date with value "01-10-2020" and End Date with value ""

2020-10-28 18:56:42 - [MESSAGE][PASSED] - Scroll to object '' successfully

2020-10-28 18:56:43 - [MESSAGE][PASSED] - Object '' is present

2020-10-28 18:56:43 - [MESSAGE][PASSED] - Text '01-10-2020' is set on object ''

2020-10-28 18:56:44 - [MESSAGE][PASSED] - Object '' is present

2020-10-28 18:56:45 - [MESSAGE][PASSED] - Text '' is set on object ''

2020-10-28 18:56:45 - [MESSAGE][PASSED] - Set Start Date with value "01-10-2020" and End Date with value ""

2020-10-28 18:56:45 - [TEST_STEP][PASSED] - Click button "Search": Click button "Search"

2020-10-28 18:56:45 - [MESSAGE][INFO] - >>>>>//Button[contains(text(),'Search')]

2020-10-28 18:56:48 - [MESSAGE][PASSED] - Object: '' is clicked on

2020-10-28 18:56:48 - [MESSAGE][PASSED] - Click button "Search"

2020-10-28 18:56:48 - [TEST_STEP][PASSED] - Get text from pop up "Error Message" with text "Error : End Date is mandatory !": Get text from pop up "Error Message" with text "Error : End Date is mandatory !"

2020-10-28 18:56:49 - [MESSAGE][PASSED] - Taking screenshot successfully
[[ATTACHMENT|/Users/chaidir.pratama01/Documents/Docs/Katalon Studio/Screenshot/errorpopup.png]]

2020-10-28 18:56:49 - [MESSAGE][PASSED] - Object '' is present

2020-10-28 18:56:49 - [MESSAGE][PASSED] - Wait for page load successfully

2020-10-28 18:56:49 - [MESSAGE][PASSED] - Wait for page load successfully

2020-10-28 18:56:49 - [MESSAGE][PASSED] - Get text from pop up "Error Message" with text "Error : End Date is mandatory !"

2020-10-28 18:56:49 - [TEST_STEP][PASSED] - Click button "OK": Click button "OK"

2020-10-28 18:56:49 - [MESSAGE][INFO] - >>>>>//Button[contains(text(),'OK')]

2020-10-28 18:56:53 - [MESSAGE][PASSED] - Object: '' is clicked on

2020-10-28 18:56:53 - [MESSAGE][PASSED] - Click button "OK"

2020-10-28 18:56:53 - [TEST_STEP][PASSED] - Get Error Notification "Error : End Date is mandatory !": Get Error Notification "Error : End Date is mandatory !"

2020-10-28 18:56:53 - [MESSAGE][PASSED] - Object '' is present

2020-10-28 18:56:53 - [MESSAGE][PASSED] - Get Error Notification "Error : End Date is mandatory !"

2020-10-28 18:56:53 - [TEST_STEP][PASSED] - Click button "Logout": Click button "Logout"

2020-10-28 18:56:53 - [MESSAGE][INFO] - >>>>>//Button[contains(text(),'Logout')]

2020-10-28 18:56:57 - [MESSAGE][PASSED] - Object: '' is clicked on

2020-10-28 18:56:57 - [MESSAGE][PASSED] - Click button "Logout"

2020-10-28 18:56:57 - [TEST_STEP][PASSED] - Close browser: Close browser

2020-10-28 18:56:57 - [MESSAGE][PASSED] - Browser is closed

2020-10-28 18:56:57 - [MESSAGE][PASSED] - Close browser

2020-10-28 18:56:57 - [MESSAGE][PASSED] - Feature file: 'Include/features/IST_Real/SLIK/SLIK Gateway Non Customer/SLIK_Gateway_Non_Customer_Search_By_DateStart_ONLY.feature' was passed]]></system-out>
         <system-err><![CDATA[]]></system-err>
      </testcase>
      <testcase name="Test Cases/IST_Real/SLIK/SLIK_Gateway_Non_Customer/SLIK Gateway Non Customer Search by DateEnd ONLY" time="20.309" classname="Test Cases/IST_Real/SLIK/SLIK_Gateway_Non_Customer/SLIK Gateway Non Customer Search by DateEnd ONLY" status="PASSED">
         <system-out><![CDATA[2020-10-28 18:56:57 - [TEST_CASE][PASSED] - Test Cases/IST_Real/SLIK/SLIK_Gateway_Non_Customer/SLIK Gateway Non Customer Search by DateEnd ONLY: Test Cases/IST_Real/SLIK/SLIK_Gateway_Non_Customer/SLIK Gateway Non Customer Search by DateEnd ONLY

2020-10-28 18:56:57 - [TEST_STEP][PASSED] - runFeatureFile("Include/features/IST_Real/SLIK/SLIK Gateway Non Customer/SLIK_Gateway_Non_Customer_Search_By_DateEnd_ONLY.feature"): Feature file: 'Include/features/IST_Real/SLIK/SLIK Gateway Non Customer/SLIK_Gateway_Non_Customer_Search_By_DateEnd_ONLY.feature' was passed

2020-10-28 18:56:57 - [MESSAGE][INFO] - Starting run keyword runFeatureFile: 'Include/features/IST_Real/SLIK/SLIK Gateway Non Customer/SLIK_Gateway_Non_Customer_Search_By_DateEnd_ONLY.feature' and extract report to folder: '/Users/chaidir.pratama01/Katalon Studio/IST_Automation_Git/Reports/20201028_185036/SLIK/TS_SLIK_Gateway_Non_Customer/20201028_185036/cucumber_report/1603886217449'...

2020-10-28 18:56:57 - [TEST_CASE][PASSED] - Start Test Case : SCENARIO Search Result by Date End ONLY: SCENARIO Search Result by Date End ONLY

2020-10-28 18:56:57 - [TEST_STEP][PASSED] - Go to ISTools: Go to ISTools

2020-10-28 18:56:57 - [MESSAGE][INFO] - Starting 'Chrome' driver

2020-10-28 18:56:57 - [MESSAGE][INFO] - User set preference: ['AcceptInsecureCerts', 'true']

2020-10-28 18:56:57 - [MESSAGE][INFO] - User set preference: ['args', '[ignore-certificate-errors]']

2020-10-28 18:56:57 - [MESSAGE][INFO] - Action delay is set to 0 milliseconds

2020-10-28 18:56:58 - [MESSAGE][PASSED] - Browser is opened with url: ''

2020-10-28 18:56:59 - [MESSAGE][PASSED] - Navigate to 'https://id-ist01preprod.id.nonprod/ist/' successfully

2020-10-28 18:56:59 - [MESSAGE][PASSED] - Go to ISTools

2020-10-28 18:56:59 - [TEST_STEP][PASSED] - Login IST with valid credentials: Login IST with valid credentials

2020-10-28 18:57:00 - [MESSAGE][PASSED] - Text 'mobile.test' is set on object 'Object Repository/Page_/input_Username_j_username'

2020-10-28 18:57:00 - [MESSAGE][PASSED] - Text ****** has been set on object 'Object Repository/Page_/input_Password_j_password'

2020-10-28 18:57:01 - [MESSAGE][PASSED] - Object: 'Object Repository/Page_/button_Login' is clicked on

2020-10-28 18:57:01 - [MESSAGE][PASSED] - Login IST with valid credentials

2020-10-28 18:57:01 - [TEST_STEP][PASSED] - Login Success for contract dispatcher: Login Success for contract dispatcher

2020-10-28 18:57:01 - [MESSAGE][INFO] - Login Success

2020-10-28 18:57:01 - [MESSAGE][PASSED] - Current window maximized

2020-10-28 18:57:01 - [MESSAGE][PASSED] - Object 'Object Repository/Page_/h1_Welcome to IT Supporting Tools' is present

2020-10-28 18:57:01 - [MESSAGE][PASSED] - Login Success for contract dispatcher

2020-10-28 18:57:01 - [TEST_STEP][PASSED] - Select Menu SLIK Gateway NonCustomer: Select Menu SLIK Gateway NonCustomer

2020-10-28 18:57:02 - [MESSAGE][PASSED] - Object '' is present

2020-10-28 18:57:02 - [MESSAGE][PASSED] - Object: '' is clicked on

2020-10-28 18:57:02 - [MESSAGE][PASSED] - Wait for page load successfully

2020-10-28 18:57:02 - [MESSAGE][PASSED] - Select Menu SLIK Gateway NonCustomer

2020-10-28 18:57:02 - [TEST_STEP][PASSED] - Set Start Date with value "" and End Date with value "24-10-2020": Set Start Date with value "" and End Date with value "24-10-2020"

2020-10-28 18:57:03 - [MESSAGE][PASSED] - Scroll to object '' successfully

2020-10-28 18:57:03 - [MESSAGE][PASSED] - Object '' is present

2020-10-28 18:57:04 - [MESSAGE][PASSED] - Text '' is set on object ''

2020-10-28 18:57:04 - [MESSAGE][PASSED] - Object '' is present

2020-10-28 18:57:05 - [MESSAGE][PASSED] - Text '24-10-2020' is set on object ''

2020-10-28 18:57:05 - [MESSAGE][PASSED] - Set Start Date with value "" and End Date with value "24-10-2020"

2020-10-28 18:57:05 - [TEST_STEP][PASSED] - Click button "Search": Click button "Search"

2020-10-28 18:57:05 - [MESSAGE][INFO] - >>>>>//Button[contains(text(),'Search')]

2020-10-28 18:57:08 - [MESSAGE][PASSED] - Object: '' is clicked on

2020-10-28 18:57:08 - [MESSAGE][PASSED] - Click button "Search"

2020-10-28 18:57:08 - [TEST_STEP][PASSED] - Get text from pop up "Error Message" with text "Error : Start Date is mandatory !": Get text from pop up "Error Message" with text "Error : Start Date is mandatory !"

2020-10-28 18:57:09 - [MESSAGE][PASSED] - Taking screenshot successfully
[[ATTACHMENT|/Users/chaidir.pratama01/Documents/Docs/Katalon Studio/Screenshot/errorpopup.png]]

2020-10-28 18:57:10 - [MESSAGE][PASSED] - Object '' is present

2020-10-28 18:57:10 - [MESSAGE][PASSED] - Wait for page load successfully

2020-10-28 18:57:10 - [MESSAGE][PASSED] - Wait for page load successfully

2020-10-28 18:57:10 - [MESSAGE][PASSED] - Get text from pop up "Error Message" with text "Error : Start Date is mandatory !"

2020-10-28 18:57:10 - [TEST_STEP][PASSED] - Click button "OK": Click button "OK"

2020-10-28 18:57:10 - [MESSAGE][INFO] - >>>>>//Button[contains(text(),'OK')]

2020-10-28 18:57:13 - [MESSAGE][PASSED] - Object: '' is clicked on

2020-10-28 18:57:13 - [MESSAGE][PASSED] - Click button "OK"

2020-10-28 18:57:13 - [TEST_STEP][PASSED] - Get Error Notification "Error : Start Date is mandatory !": Get Error Notification "Error : Start Date is mandatory !"

2020-10-28 18:57:14 - [MESSAGE][PASSED] - Object '' is present

2020-10-28 18:57:14 - [MESSAGE][PASSED] - Get Error Notification "Error : Start Date is mandatory !"

2020-10-28 18:57:14 - [TEST_STEP][PASSED] - Click button "Logout": Click button "Logout"

2020-10-28 18:57:14 - [MESSAGE][INFO] - >>>>>//Button[contains(text(),'Logout')]

2020-10-28 18:57:17 - [MESSAGE][PASSED] - Object: '' is clicked on

2020-10-28 18:57:17 - [MESSAGE][PASSED] - Click button "Logout"

2020-10-28 18:57:17 - [TEST_STEP][PASSED] - Close browser: Close browser

2020-10-28 18:57:17 - [MESSAGE][PASSED] - Browser is closed

2020-10-28 18:57:17 - [MESSAGE][PASSED] - Close browser

2020-10-28 18:57:17 - [MESSAGE][PASSED] - Feature file: 'Include/features/IST_Real/SLIK/SLIK Gateway Non Customer/SLIK_Gateway_Non_Customer_Search_By_DateEnd_ONLY.feature' was passed]]></system-out>
         <system-err><![CDATA[]]></system-err>
      </testcase>
      <testcase name="Test Cases/IST_Real/SLIK/SLIK_Gateway_Non_Customer/SLIK Gateway Non Customer View Detal when Status APPROVED-SUCCESS" time="38.273" classname="Test Cases/IST_Real/SLIK/SLIK_Gateway_Non_Customer/SLIK Gateway Non Customer View Detal when Status APPROVED-SUCCESS" status="FAILED">
         <failure type="FAILED" message="Test Cases/IST_Real/SLIK/SLIK_Gateway_Non_Customer/SLIK Gateway Non Customer View Detal when Status APPROVED-SUCCESS FAILED.
Reason:
com.kms.katalon.core.exception.StepFailedException: Feature file 'Include/features/IST_Real/SLIK/SLIK Gateway Non Customer/SLIK_Gateway_Non_Customer_View_Detail_when_Status_APPROVED-SUCCESS.feature' was failed
	at com.kms.katalon.core.keyword.internal.KeywordMain.stepFailed(KeywordMain.groovy:50)
	at com.kms.katalon.core.keyword.internal.KeywordMain.stepFailed(KeywordMain.groovy)
	at com.kms.katalon.core.keyword.internal.KeywordMain.stepFailed(KeywordMain.groovy:23)
	at com.kms.katalon.core.keyword.internal.KeywordMain$stepFailed$0.call(Unknown Source)
	at com.kms.katalon.core.cucumber.keyword.CucumberBuiltinKeywords$_runFeatureFile_closure1.doCall(CucumberBuiltinKeywords.groovy:82)
	at com.kms.katalon.core.cucumber.keyword.CucumberBuiltinKeywords$_runFeatureFile_closure1.doCall(CucumberBuiltinKeywords.groovy)
	at com.kms.katalon.core.keyword.internal.KeywordMain.runKeyword(KeywordMain.groovy:68)
	at com.kms.katalon.core.keyword.internal.KeywordMain$runKeyword.call(Unknown Source)
	at com.kms.katalon.core.cucumber.keyword.CucumberBuiltinKeywords.runFeatureFile(CucumberBuiltinKeywords.groovy:46)
	at com.kms.katalon.core.cucumber.keyword.CucumberBuiltinKeywords$runFeatureFile$0.callStatic(Unknown Source)
	at com.kms.katalon.core.cucumber.keyword.CucumberBuiltinKeywords.runFeatureFile(CucumberBuiltinKeywords.groovy:169)
	at com.kms.katalon.core.cucumber.keyword.CucumberBuiltinKeywords$runFeatureFile.call(Unknown Source)
	at SLIK Gateway Non Customer View Detal when Status APPROVED-SUCCESS.run(SLIK Gateway Non Customer View Detal when Status APPROVED-SUCCESS:18)
	at com.kms.katalon.core.main.ScriptEngine.run(ScriptEngine.java:194)
	at com.kms.katalon.core.main.ScriptEngine.runScriptAsRawText(ScriptEngine.java:119)
	at com.kms.katalon.core.main.TestCaseExecutor.runScript(TestCaseExecutor.java:339)
	at com.kms.katalon.core.main.TestCaseExecutor.doExecute(TestCaseExecutor.java:330)
	at com.kms.katalon.core.main.TestCaseExecutor.processExecutionPhase(TestCaseExecutor.java:309)
	at com.kms.katalon.core.main.TestCaseExecutor.accessMainPhase(TestCaseExecutor.java:301)
	at com.kms.katalon.core.main.TestCaseExecutor.execute(TestCaseExecutor.java:235)
	at com.kms.katalon.core.main.TestSuiteExecutor.accessTestCaseMainPhase(TestSuiteExecutor.java:191)
	at com.kms.katalon.core.main.TestSuiteExecutor.accessTestSuiteMainPhase(TestSuiteExecutor.java:141)
	at com.kms.katalon.core.main.TestSuiteExecutor.execute(TestSuiteExecutor.java:90)
	at com.kms.katalon.core.main.TestCaseMain.startTestSuite(TestCaseMain.java:157)
	at com.kms.katalon.core.main.TestCaseMain$startTestSuite$0.call(Unknown Source)
	at TempTestSuite1603885836893.run(TempTestSuite1603885836893.groovy:39)
"/>
         <system-out><![CDATA[2020-10-28 18:57:17 - [TEST_CASE][FAILED] - Test Cases/IST_Real/SLIK/SLIK_Gateway_Non_Customer/SLIK Gateway Non Customer View Detal when Status APPROVED-SUCCESS: Test Cases/IST_Real/SLIK/SLIK_Gateway_Non_Customer/SLIK Gateway Non Customer View Detal when Status APPROVED-SUCCESS FAILED.
Reason:
com.kms.katalon.core.exception.StepFailedException: Feature file 'Include/features/IST_Real/SLIK/SLIK Gateway Non Customer/SLIK_Gateway_Non_Customer_View_Detail_when_Status_APPROVED-SUCCESS.feature' was failed
	at com.kms.katalon.core.keyword.internal.KeywordMain.stepFailed(KeywordMain.groovy:50)
	at com.kms.katalon.core.keyword.internal.KeywordMain.stepFailed(KeywordMain.groovy)
	at com.kms.katalon.core.keyword.internal.KeywordMain.stepFailed(KeywordMain.groovy:23)
	at com.kms.katalon.core.keyword.internal.KeywordMain$stepFailed$0.call(Unknown Source)
	at com.kms.katalon.core.cucumber.keyword.CucumberBuiltinKeywords$_runFeatureFile_closure1.doCall(CucumberBuiltinKeywords.groovy:82)
	at com.kms.katalon.core.cucumber.keyword.CucumberBuiltinKeywords$_runFeatureFile_closure1.doCall(CucumberBuiltinKeywords.groovy)
	at com.kms.katalon.core.keyword.internal.KeywordMain.runKeyword(KeywordMain.groovy:68)
	at com.kms.katalon.core.keyword.internal.KeywordMain$runKeyword.call(Unknown Source)
	at com.kms.katalon.core.cucumber.keyword.CucumberBuiltinKeywords.runFeatureFile(CucumberBuiltinKeywords.groovy:46)
	at com.kms.katalon.core.cucumber.keyword.CucumberBuiltinKeywords$runFeatureFile$0.callStatic(Unknown Source)
	at com.kms.katalon.core.cucumber.keyword.CucumberBuiltinKeywords.runFeatureFile(CucumberBuiltinKeywords.groovy:169)
	at com.kms.katalon.core.cucumber.keyword.CucumberBuiltinKeywords$runFeatureFile.call(Unknown Source)
	at SLIK Gateway Non Customer View Detal when Status APPROVED-SUCCESS.run(SLIK Gateway Non Customer View Detal when Status APPROVED-SUCCESS:18)
	at com.kms.katalon.core.main.ScriptEngine.run(ScriptEngine.java:194)
	at com.kms.katalon.core.main.ScriptEngine.runScriptAsRawText(ScriptEngine.java:119)
	at com.kms.katalon.core.main.TestCaseExecutor.runScript(TestCaseExecutor.java:339)
	at com.kms.katalon.core.main.TestCaseExecutor.doExecute(TestCaseExecutor.java:330)
	at com.kms.katalon.core.main.TestCaseExecutor.processExecutionPhase(TestCaseExecutor.java:309)
	at com.kms.katalon.core.main.TestCaseExecutor.accessMainPhase(TestCaseExecutor.java:301)
	at com.kms.katalon.core.main.TestCaseExecutor.execute(TestCaseExecutor.java:235)
	at com.kms.katalon.core.main.TestSuiteExecutor.accessTestCaseMainPhase(TestSuiteExecutor.java:191)
	at com.kms.katalon.core.main.TestSuiteExecutor.accessTestSuiteMainPhase(TestSuiteExecutor.java:141)
	at com.kms.katalon.core.main.TestSuiteExecutor.execute(TestSuiteExecutor.java:90)
	at com.kms.katalon.core.main.TestCaseMain.startTestSuite(TestCaseMain.java:157)
	at com.kms.katalon.core.main.TestCaseMain$startTestSuite$0.call(Unknown Source)
	at TempTestSuite1603885836893.run(TempTestSuite1603885836893.groovy:39)


2020-10-28 18:57:17 - [TEST_STEP][FAILED] - runFeatureFile("Include/features/IST_Real/SLIK/SLIK Gateway Non Customer/SLIK_Gateway_Non_Customer_View_Detail_when_Status_APPROVED-SUCCESS.feature"): Keyword runFeatureFile was failed (Root cause: com.kms.katalon.core.exception.StepFailedException: Feature file 'Include/features/IST_Real/SLIK/SLIK Gateway Non Customer/SLIK_Gateway_Non_Customer_View_Detail_when_Status_APPROVED-SUCCESS.feature' was failed
	at com.kms.katalon.core.keyword.internal.KeywordMain.stepFailed(KeywordMain.groovy:50)
	at com.kms.katalon.core.keyword.internal.KeywordMain.stepFailed(KeywordMain.groovy)
	at com.kms.katalon.core.keyword.internal.KeywordMain.stepFailed(KeywordMain.groovy:23)
	at com.kms.katalon.core.keyword.internal.KeywordMain$stepFailed$0.call(Unknown Source)
	at com.kms.katalon.core.cucumber.keyword.CucumberBuiltinKeywords$_runFeatureFile_closure1.doCall(CucumberBuiltinKeywords.groovy:82)
	at com.kms.katalon.core.cucumber.keyword.CucumberBuiltinKeywords$_runFeatureFile_closure1.doCall(CucumberBuiltinKeywords.groovy)
	at com.kms.katalon.core.keyword.internal.KeywordMain.runKeyword(KeywordMain.groovy:68)
	at com.kms.katalon.core.keyword.internal.KeywordMain$runKeyword.call(Unknown Source)
	at com.kms.katalon.core.cucumber.keyword.CucumberBuiltinKeywords.runFeatureFile(CucumberBuiltinKeywords.groovy:46)
	at com.kms.katalon.core.cucumber.keyword.CucumberBuiltinKeywords$runFeatureFile$0.callStatic(Unknown Source)
	at com.kms.katalon.core.cucumber.keyword.CucumberBuiltinKeywords.runFeatureFile(CucumberBuiltinKeywords.groovy:169)
	at com.kms.katalon.core.cucumber.keyword.CucumberBuiltinKeywords$runFeatureFile.call(Unknown Source)
	at SLIK Gateway Non Customer View Detal when Status APPROVED-SUCCESS.run(SLIK Gateway Non Customer View Detal when Status APPROVED-SUCCESS:18)
	at com.kms.katalon.core.main.ScriptEngine.run(ScriptEngine.java:194)
	at com.kms.katalon.core.main.ScriptEngine.runScriptAsRawText(ScriptEngine.java:119)
	at com.kms.katalon.core.main.TestCaseExecutor.runScript(TestCaseExecutor.java:339)
	at com.kms.katalon.core.main.TestCaseExecutor.doExecute(TestCaseExecutor.java:330)
	at com.kms.katalon.core.main.TestCaseExecutor.processExecutionPhase(TestCaseExecutor.java:309)
	at com.kms.katalon.core.main.TestCaseExecutor.accessMainPhase(TestCaseExecutor.java:301)
	at com.kms.katalon.core.main.TestCaseExecutor.execute(TestCaseExecutor.java:235)
	at com.kms.katalon.core.main.TestSuiteExecutor.accessTestCaseMainPhase(TestSuiteExecutor.java:191)
	at com.kms.katalon.core.main.TestSuiteExecutor.accessTestSuiteMainPhase(TestSuiteExecutor.java:141)
	at com.kms.katalon.core.main.TestSuiteExecutor.execute(TestSuiteExecutor.java:90)
	at com.kms.katalon.core.main.TestCaseMain.startTestSuite(TestCaseMain.java:157)
	at com.kms.katalon.core.main.TestCaseMain$startTestSuite$0.call(Unknown Source)
	at TempTestSuite1603885836893.run(TempTestSuite1603885836893.groovy:39)
)

2020-10-28 18:57:17 - [MESSAGE][INFO] - Starting run keyword runFeatureFile: 'Include/features/IST_Real/SLIK/SLIK Gateway Non Customer/SLIK_Gateway_Non_Customer_View_Detail_when_Status_APPROVED-SUCCESS.feature' and extract report to folder: '/Users/chaidir.pratama01/Katalon Studio/IST_Automation_Git/Reports/20201028_185036/SLIK/TS_SLIK_Gateway_Non_Customer/20201028_185036/cucumber_report/1603886237763'...

2020-10-28 18:57:17 - [TEST_CASE][FAILED] - Start Test Case : SCENARIO SLIK Gateway Non Customer View Detail Link: SCENARIO SLIK Gateway Non Customer View Detail Link FAILED.
Reason:
com.kms.katalon.core.exception.StepFailedException: Unable to set text 'mobile.test' of object 'Object Repository/Page_/input_Username_j_username'
	at com.kms.katalon.core.webui.keyword.internal.WebUIKeywordMain.stepFailed(WebUIKeywordMain.groovy:64)
	at com.kms.katalon.core.webui.keyword.internal.WebUIKeywordMain.runKeyword(WebUIKeywordMain.groovy:26)
	at com.kms.katalon.core.webui.keyword.builtin.SetTextKeyword.setText(SetTextKeyword.groovy:66)
	at com.kms.katalon.core.webui.keyword.builtin.SetTextKeyword.execute(SetTextKeyword.groovy:37)
	at com.kms.katalon.core.keyword.internal.KeywordExecutor.executeKeywordForPlatform(KeywordExecutor.groovy:73)
	at com.kms.katalon.core.webui.keyword.WebUiBuiltInKeywords.setText(WebUiBuiltInKeywords.groovy:976)
	at com.kms.katalon.core.webui.keyword.WebUiBuiltInKeywords$setText$1.call(Unknown Source)
	at ist_real.Login_IST.I_want_to_login_to_IST(Login_IST.groovy:128)
	at .Login IST with valid credentials(/Users/chaidir.pratama01/Katalon Studio/IST_Automation_Git/Include/features/IST_Real/SLIK/SLIK Gateway Non Customer/SLIK_Gateway_Non_Customer_View_Detail_when_Status_APPROVED-SUCCESS.feature:26)
Caused by: java.lang.IllegalArgumentException: Cannot find elements when the selector is null
	at org.openqa.selenium.By$ByCssSelector.<init>(By.java:422)
	at org.openqa.selenium.By.cssSelector(By.java:116)
	at com.kms.katalon.core.webui.common.WebUiCommonHelper.buildLocator(WebUiCommonHelper.java:515)
	at com.kms.katalon.core.webui.common.WebUiCommonHelper.findElementByNormalMethods(WebUiCommonHelper.java:985)
	at com.kms.katalon.core.webui.common.WebUiCommonHelper.findElementsBySelectedMethod(WebUiCommonHelper.java:890)
	at com.kms.katalon.core.webui.common.WebUiCommonHelper.findElementsWithSelfHealing(WebUiCommonHelper.java:794)
	at com.kms.katalon.core.webui.common.WebUiCommonHelper.findWebElements(WebUiCommonHelper.java:717)
	at com.kms.katalon.core.webui.common.WebUiCommonHelper.findWebElement(WebUiCommonHelper.java:1349)
	at com.kms.katalon.core.webui.keyword.internal.WebUIAbstractKeyword.findWebElement(WebUIAbstractKeyword.groovy:27)
	at com.kms.katalon.core.webui.keyword.internal.WebUIAbstractKeyword.findWebElement(WebUIAbstractKeyword.groovy:26)
	at com.kms.katalon.core.webui.keyword.builtin.SetTextKeyword$_setText_closure1.doCall(SetTextKeyword.groovy:51)
	at com.kms.katalon.core.webui.keyword.builtin.SetTextKeyword$_setText_closure1.call(SetTextKeyword.groovy)
	at com.kms.katalon.core.webui.keyword.internal.WebUIKeywordMain.runKeyword(WebUIKeywordMain.groovy:20)
	at com.kms.katalon.core.webui.keyword.builtin.SetTextKeyword.setText(SetTextKeyword.groovy:66)
	at com.kms.katalon.core.webui.keyword.builtin.SetTextKeyword.execute(SetTextKeyword.groovy:37)
	at com.kms.katalon.core.keyword.internal.KeywordExecutor.executeKeywordForPlatform(KeywordExecutor.groovy:73)
	at com.kms.katalon.core.webui.keyword.WebUiBuiltInKeywords.setText(WebUiBuiltInKeywords.groovy:976)
	at com.kms.katalon.core.webui.keyword.WebUiBuiltInKeywords$setText$1.call(Unknown Source)
	at ist_real.Login_IST.I_want_to_login_to_IST(Login_IST.groovy:128)
	at cucumber.runtime.Utils$1.call(Utils.java:26)
	at cucumber.runtime.Timeout.timeout(Timeout.java:16)
	at cucumber.runtime.Utils.invoke(Utils.java:20)
	at cucumber.runtime.java.JavaStepDefinition.execute(JavaStepDefinition.java:48)
	at cucumber.runtime.PickleStepDefinitionMatch.runStep(PickleStepDefinitionMatch.java:50)
	at cucumber.runner.TestStep.executeStep(TestStep.java:55)
	at cucumber.runner.TestStep.run(TestStep.java:42)
	at cucumber.runner.PickleStepTestStep.run(PickleStepTestStep.java:53)
	at cucumber.runner.TestCase.run(TestCase.java:47)
	at cucumber.runner.Runner.runPickle(Runner.java:44)
	at cucumber.runtime.Runtime.runFeature(Runtime.java:120)
	at cucumber.runtime.Runtime.run(Runtime.java:106)
	at cucumber.api.cli.Main.run(Main.java:35)
	at cucumber.api.cli.Main$run.call(Unknown Source)
	at com.kms.katalon.core.cucumber.keyword.CucumberBuiltinKeywords$_runFeatureFile_closure1.doCall(CucumberBuiltinKeywords.groovy:76)
	at com.kms.katalon.core.cucumber.keyword.CucumberBuiltinKeywords$_runFeatureFile_closure1.doCall(CucumberBuiltinKeywords.groovy)
	at com.kms.katalon.core.keyword.internal.KeywordMain.runKeyword(KeywordMain.groovy:68)
	at com.kms.katalon.core.keyword.internal.KeywordMain$runKeyword.call(Unknown Source)
	at com.kms.katalon.core.cucumber.keyword.CucumberBuiltinKeywords.runFeatureFile(CucumberBuiltinKeywords.groovy:46)
	at com.kms.katalon.core.cucumber.keyword.CucumberBuiltinKeywords$runFeatureFile$0.callStatic(Unknown Source)
	at com.kms.katalon.core.cucumber.keyword.CucumberBuiltinKeywords.runFeatureFile(CucumberBuiltinKeywords.groovy:169)
	at com.kms.katalon.core.cucumber.keyword.CucumberBuiltinKeywords$runFeatureFile.call(Unknown Source)
	at SLIK Gateway Non Customer View Detal when Status APPROVED-SUCCESS.run(SLIK Gateway Non Customer View Detal when Status APPROVED-SUCCESS:18)
	at com.kms.katalon.core.main.ScriptEngine.run(ScriptEngine.java:194)
	at com.kms.katalon.core.main.ScriptEngine.runScriptAsRawText(ScriptEngine.java:119)
	at com.kms.katalon.core.main.TestCaseExecutor.runScript(TestCaseExecutor.java:339)
	at com.kms.katalon.core.main.TestCaseExecutor.doExecute(TestCaseExecutor.java:330)
	at com.kms.katalon.core.main.TestCaseExecutor.processExecutionPhase(TestCaseExecutor.java:309)
	at com.kms.katalon.core.main.TestCaseExecutor.accessMainPhase(TestCaseExecutor.java:301)
	at com.kms.katalon.core.main.TestCaseExecutor.execute(TestCaseExecutor.java:235)
	at com.kms.katalon.core.main.TestSuiteExecutor.accessTestCaseMainPhase(TestSuiteExecutor.java:191)
	at com.kms.katalon.core.main.TestSuiteExecutor.accessTestSuiteMainPhase(TestSuiteExecutor.java:141)
	at com.kms.katalon.core.main.TestSuiteExecutor.execute(TestSuiteExecutor.java:90)
	at com.kms.katalon.core.main.TestCaseMain.startTestSuite(TestCaseMain.java:157)
	at com.kms.katalon.core.main.TestCaseMain$startTestSuite$0.call(Unknown Source)
	at TempTestSuite1603885836893.run(TempTestSuite1603885836893.groovy:39)


2020-10-28 18:57:17 - [TEST_STEP][PASSED] - Go to ISTools: Go to ISTools

2020-10-28 18:57:17 - [MESSAGE][INFO] - Starting 'Chrome' driver

2020-10-28 18:57:17 - [MESSAGE][INFO] - User set preference: ['AcceptInsecureCerts', 'true']

2020-10-28 18:57:17 - [MESSAGE][INFO] - User set preference: ['args', '[ignore-certificate-errors]']

2020-10-28 18:57:17 - [MESSAGE][INFO] - Action delay is set to 0 milliseconds

2020-10-28 18:57:19 - [MESSAGE][PASSED] - Browser is opened with url: ''

2020-10-28 18:57:19 - [MESSAGE][PASSED] - Navigate to 'https://id-ist01preprod.id.nonprod/ist/' successfully

2020-10-28 18:57:19 - [MESSAGE][PASSED] - Go to ISTools

2020-10-28 18:57:19 - [TEST_STEP][FAILED] - Login IST with valid credentials: Login IST with valid credentials FAILED.
Reason:
com.kms.katalon.core.exception.StepFailedException: Unable to set text 'mobile.test' of object 'Object Repository/Page_/input_Username_j_username'
	at com.kms.katalon.core.webui.keyword.internal.WebUIKeywordMain.stepFailed(WebUIKeywordMain.groovy:64)
	at com.kms.katalon.core.webui.keyword.internal.WebUIKeywordMain.runKeyword(WebUIKeywordMain.groovy:26)
	at com.kms.katalon.core.webui.keyword.builtin.SetTextKeyword.setText(SetTextKeyword.groovy:66)
	at com.kms.katalon.core.webui.keyword.builtin.SetTextKeyword.execute(SetTextKeyword.groovy:37)
	at com.kms.katalon.core.keyword.internal.KeywordExecutor.executeKeywordForPlatform(KeywordExecutor.groovy:73)
	at com.kms.katalon.core.webui.keyword.WebUiBuiltInKeywords.setText(WebUiBuiltInKeywords.groovy:976)
	at com.kms.katalon.core.webui.keyword.WebUiBuiltInKeywords$setText$1.call(Unknown Source)
	at ist_real.Login_IST.I_want_to_login_to_IST(Login_IST.groovy:128)
	at .Login IST with valid credentials(/Users/chaidir.pratama01/Katalon Studio/IST_Automation_Git/Include/features/IST_Real/SLIK/SLIK Gateway Non Customer/SLIK_Gateway_Non_Customer_View_Detail_when_Status_APPROVED-SUCCESS.feature:26)
Caused by: java.lang.IllegalArgumentException: Cannot find elements when the selector is null
	at org.openqa.selenium.By$ByCssSelector.<init>(By.java:422)
	at org.openqa.selenium.By.cssSelector(By.java:116)
	at com.kms.katalon.core.webui.common.WebUiCommonHelper.buildLocator(WebUiCommonHelper.java:515)
	at com.kms.katalon.core.webui.common.WebUiCommonHelper.findElementByNormalMethods(WebUiCommonHelper.java:985)
	at com.kms.katalon.core.webui.common.WebUiCommonHelper.findElementsBySelectedMethod(WebUiCommonHelper.java:890)
	at com.kms.katalon.core.webui.common.WebUiCommonHelper.findElementsWithSelfHealing(WebUiCommonHelper.java:794)
	at com.kms.katalon.core.webui.common.WebUiCommonHelper.findWebElements(WebUiCommonHelper.java:717)
	at com.kms.katalon.core.webui.common.WebUiCommonHelper.findWebElement(WebUiCommonHelper.java:1349)
	at com.kms.katalon.core.webui.keyword.internal.WebUIAbstractKeyword.findWebElement(WebUIAbstractKeyword.groovy:27)
	at com.kms.katalon.core.webui.keyword.internal.WebUIAbstractKeyword.findWebElement(WebUIAbstractKeyword.groovy:26)
	at com.kms.katalon.core.webui.keyword.builtin.SetTextKeyword$_setText_closure1.doCall(SetTextKeyword.groovy:51)
	at com.kms.katalon.core.webui.keyword.builtin.SetTextKeyword$_setText_closure1.call(SetTextKeyword.groovy)
	at com.kms.katalon.core.webui.keyword.internal.WebUIKeywordMain.runKeyword(WebUIKeywordMain.groovy:20)
	at com.kms.katalon.core.webui.keyword.builtin.SetTextKeyword.setText(SetTextKeyword.groovy:66)
	at com.kms.katalon.core.webui.keyword.builtin.SetTextKeyword.execute(SetTextKeyword.groovy:37)
	at com.kms.katalon.core.keyword.internal.KeywordExecutor.executeKeywordForPlatform(KeywordExecutor.groovy:73)
	at com.kms.katalon.core.webui.keyword.WebUiBuiltInKeywords.setText(WebUiBuiltInKeywords.groovy:976)
	at com.kms.katalon.core.webui.keyword.WebUiBuiltInKeywords$setText$1.call(Unknown Source)
	at ist_real.Login_IST.I_want_to_login_to_IST(Login_IST.groovy:128)
	at cucumber.runtime.Utils$1.call(Utils.java:26)
	at cucumber.runtime.Timeout.timeout(Timeout.java:16)
	at cucumber.runtime.Utils.invoke(Utils.java:20)
	at cucumber.runtime.java.JavaStepDefinition.execute(JavaStepDefinition.java:48)
	at cucumber.runtime.PickleStepDefinitionMatch.runStep(PickleStepDefinitionMatch.java:50)
	at cucumber.runner.TestStep.executeStep(TestStep.java:55)
	at cucumber.runner.TestStep.run(TestStep.java:42)
	at cucumber.runner.PickleStepTestStep.run(PickleStepTestStep.java:53)
	at cucumber.runner.TestCase.run(TestCase.java:47)
	at cucumber.runner.Runner.runPickle(Runner.java:44)
	at cucumber.runtime.Runtime.runFeature(Runtime.java:120)
	at cucumber.runtime.Runtime.run(Runtime.java:106)
	at cucumber.api.cli.Main.run(Main.java:35)
	at cucumber.api.cli.Main$run.call(Unknown Source)
	at com.kms.katalon.core.cucumber.keyword.CucumberBuiltinKeywords$_runFeatureFile_closure1.doCall(CucumberBuiltinKeywords.groovy:76)
	at com.kms.katalon.core.cucumber.keyword.CucumberBuiltinKeywords$_runFeatureFile_closure1.doCall(CucumberBuiltinKeywords.groovy)
	at com.kms.katalon.core.keyword.internal.KeywordMain.runKeyword(KeywordMain.groovy:68)
	at com.kms.katalon.core.keyword.internal.KeywordMain$runKeyword.call(Unknown Source)
	at com.kms.katalon.core.cucumber.keyword.CucumberBuiltinKeywords.runFeatureFile(CucumberBuiltinKeywords.groovy:46)
	at com.kms.katalon.core.cucumber.keyword.CucumberBuiltinKeywords$runFeatureFile$0.callStatic(Unknown Source)
	at com.kms.katalon.core.cucumber.keyword.CucumberBuiltinKeywords.runFeatureFile(CucumberBuiltinKeywords.groovy:169)
	at com.kms.katalon.core.cucumber.keyword.CucumberBuiltinKeywords$runFeatureFile.call(Unknown Source)
	at SLIK Gateway Non Customer View Detal when Status APPROVED-SUCCESS.run(SLIK Gateway Non Customer View Detal when Status APPROVED-SUCCESS:18)
	at com.kms.katalon.core.main.ScriptEngine.run(ScriptEngine.java:194)
	at com.kms.katalon.core.main.ScriptEngine.runScriptAsRawText(ScriptEngine.java:119)
	at com.kms.katalon.core.main.TestCaseExecutor.runScript(TestCaseExecutor.java:339)
	at com.kms.katalon.core.main.TestCaseExecutor.doExecute(TestCaseExecutor.java:330)
	at com.kms.katalon.core.main.TestCaseExecutor.processExecutionPhase(TestCaseExecutor.java:309)
	at com.kms.katalon.core.main.TestCaseExecutor.accessMainPhase(TestCaseExecutor.java:301)
	at com.kms.katalon.core.main.TestCaseExecutor.execute(TestCaseExecutor.java:235)
	at com.kms.katalon.core.main.TestSuiteExecutor.accessTestCaseMainPhase(TestSuiteExecutor.java:191)
	at com.kms.katalon.core.main.TestSuiteExecutor.accessTestSuiteMainPhase(TestSuiteExecutor.java:141)
	at com.kms.katalon.core.main.TestSuiteExecutor.execute(TestSuiteExecutor.java:90)
	at com.kms.katalon.core.main.TestCaseMain.startTestSuite(TestCaseMain.java:157)
	at com.kms.katalon.core.main.TestCaseMain$startTestSuite$0.call(Unknown Source)
	at TempTestSuite1603885836893.run(TempTestSuite1603885836893.groovy:39)


2020-10-28 18:57:50 - [MESSAGE][INFO] - Unable to find the element located by 'By.xpath: //input[@name='j_username']'. Please recheck the objects properties to make sure the desired element is located. 

2020-10-28 18:57:50 - [MESSAGE][WARNING] - [SELF-HEALING] Failed to find element with id 'Object Repository/Page_/input_Username_j_username'. Try using Self-healing.

2020-10-28 18:57:51 - [MESSAGE][INFO] - [SELF-HEALING] Failed Locator: '//input[@id='kCKQn']'.

2020-10-28 18:57:51 - [MESSAGE][INFO] - [SELF-HEALING] Failed Locator: '//div[@id='kCKQk']/input'.

2020-10-28 18:57:51 - [MESSAGE][INFO] - [SELF-HEALING] Failed Locator: '(.//*[normalize-space(text()) and normalize-space(.)='Username'])[1]/following::input[1]'.

2020-10-28 18:57:51 - [MESSAGE][INFO] - [SELF-HEALING] Failed Locator: '(.//*[normalize-space(text()) and normalize-space(.)='Login with your LDAP (Windows)'])[1]/following::input[1]'.

2020-10-28 18:57:52 - [MESSAGE][INFO] - [SELF-HEALING] Failed Locator: '(.//*[normalize-space(text()) and normalize-space(.)='Password'])[1]/preceding::input[1]'.

2020-10-28 18:57:52 - [MESSAGE][INFO] - [SELF-HEALING] Failed Locator: '(.//*[normalize-space(text()) and normalize-space(.)='Login'])[1]/preceding::input[2]'.

2020-10-28 18:57:52 - [MESSAGE][INFO] - [SELF-HEALING] Failed Locator: '//input'.

2020-10-28 18:57:53 - [MESSAGE][INFO] - [SELF-HEALING] Failed Locator: '//input[@id='gUxPn']'.

2020-10-28 18:57:53 - [MESSAGE][INFO] - [SELF-HEALING] Failed Locator: '//div[@id='gUxPk']/input'.

2020-10-28 18:57:53 - [MESSAGE][INFO] - [SELF-HEALING] Failed Locator: '//input[@id='wUTCn']'.

2020-10-28 18:57:53 - [MESSAGE][INFO] - [SELF-HEALING] Failed Locator: '//div[@id='wUTCk']/input'.

2020-10-28 18:57:53 - [MESSAGE][INFO] - [SELF-HEALING] Failed Locator: '//input[@id='n17Qn']'.

2020-10-28 18:57:54 - [MESSAGE][INFO] - [SELF-HEALING] Failed Locator: '//div[@id='n17Qk']/input'.

2020-10-28 18:57:55 - [MESSAGE][INFO] - Unable to find the element located by 'By.xpath: //*[@id = 'kCKQn' and @type = 'text' and @name = 'j_username' and @placeholder = 'User Name']'. Please recheck the objects properties to make sure the desired element is located. 

2020-10-28 18:57:55 - [MESSAGE][FAILED] - Unable to set text 'mobile.test' of object 'Object Repository/Page_/input_Username_j_username' (Root cause: com.kms.katalon.core.exception.StepFailedException: Unable to set text 'mobile.test' of object 'Object Repository/Page_/input_Username_j_username'
	at com.kms.katalon.core.webui.keyword.internal.WebUIKeywordMain.stepFailed(WebUIKeywordMain.groovy:64)
	at com.kms.katalon.core.webui.keyword.internal.WebUIKeywordMain.runKeyword(WebUIKeywordMain.groovy:26)
	at com.kms.katalon.core.webui.keyword.builtin.SetTextKeyword.setText(SetTextKeyword.groovy:66)
	at com.kms.katalon.core.webui.keyword.builtin.SetTextKeyword.execute(SetTextKeyword.groovy:37)
	at com.kms.katalon.core.keyword.internal.KeywordExecutor.executeKeywordForPlatform(KeywordExecutor.groovy:73)
	at com.kms.katalon.core.webui.keyword.WebUiBuiltInKeywords.setText(WebUiBuiltInKeywords.groovy:976)
	at com.kms.katalon.core.webui.keyword.WebUiBuiltInKeywords$setText$1.call(Unknown Source)
	at ist_real.Login_IST.I_want_to_login_to_IST(Login_IST.groovy:128)
	at cucumber.runtime.Utils$1.call(Utils.java:26)
	at cucumber.runtime.Timeout.timeout(Timeout.java:16)
	at cucumber.runtime.Utils.invoke(Utils.java:20)
	at cucumber.runtime.java.JavaStepDefinition.execute(JavaStepDefinition.java:48)
	at cucumber.runtime.PickleStepDefinitionMatch.runStep(PickleStepDefinitionMatch.java:50)
	at cucumber.runner.TestStep.executeStep(TestStep.java:55)
	at cucumber.runner.TestStep.run(TestStep.java:42)
	at cucumber.runner.PickleStepTestStep.run(PickleStepTestStep.java:53)
	at cucumber.runner.TestCase.run(TestCase.java:47)
	at cucumber.runner.Runner.runPickle(Runner.java:44)
	at cucumber.runtime.Runtime.runFeature(Runtime.java:120)
	at cucumber.runtime.Runtime.run(Runtime.java:106)
	at cucumber.api.cli.Main.run(Main.java:35)
	at cucumber.api.cli.Main$run.call(Unknown Source)
	at com.kms.katalon.core.cucumber.keyword.CucumberBuiltinKeywords$_runFeatureFile_closure1.doCall(CucumberBuiltinKeywords.groovy:76)
	at com.kms.katalon.core.cucumber.keyword.CucumberBuiltinKeywords$_runFeatureFile_closure1.doCall(CucumberBuiltinKeywords.groovy)
	at com.kms.katalon.core.keyword.internal.KeywordMain.runKeyword(KeywordMain.groovy:68)
	at com.kms.katalon.core.keyword.internal.KeywordMain$runKeyword.call(Unknown Source)
	at com.kms.katalon.core.cucumber.keyword.CucumberBuiltinKeywords.runFeatureFile(CucumberBuiltinKeywords.groovy:46)
	at com.kms.katalon.core.cucumber.keyword.CucumberBuiltinKeywords$runFeatureFile$0.callStatic(Unknown Source)
	at com.kms.katalon.core.cucumber.keyword.CucumberBuiltinKeywords.runFeatureFile(CucumberBuiltinKeywords.groovy:169)
	at com.kms.katalon.core.cucumber.keyword.CucumberBuiltinKeywords$runFeatureFile.call(Unknown Source)
	at SLIK Gateway Non Customer View Detal when Status APPROVED-SUCCESS.run(SLIK Gateway Non Customer View Detal when Status APPROVED-SUCCESS:18)
	at com.kms.katalon.core.main.ScriptEngine.run(ScriptEngine.java:194)
	at com.kms.katalon.core.main.ScriptEngine.runScriptAsRawText(ScriptEngine.java:119)
	at com.kms.katalon.core.main.TestCaseExecutor.runScript(TestCaseExecutor.java:339)
	at com.kms.katalon.core.main.TestCaseExecutor.doExecute(TestCaseExecutor.java:330)
	at com.kms.katalon.core.main.TestCaseExecutor.processExecutionPhase(TestCaseExecutor.java:309)
	at com.kms.katalon.core.main.TestCaseExecutor.accessMainPhase(TestCaseExecutor.java:301)
	at com.kms.katalon.core.main.TestCaseExecutor.execute(TestCaseExecutor.java:235)
	at com.kms.katalon.core.main.TestSuiteExecutor.accessTestCaseMainPhase(TestSuiteExecutor.java:191)
	at com.kms.katalon.core.main.TestSuiteExecutor.accessTestSuiteMainPhase(TestSuiteExecutor.java:141)
	at com.kms.katalon.core.main.TestSuiteExecutor.execute(TestSuiteExecutor.java:90)
	at com.kms.katalon.core.main.TestCaseMain.startTestSuite(TestCaseMain.java:157)
	at com.kms.katalon.core.main.TestCaseMain$startTestSuite$0.call(Unknown Source)
	at TempTestSuite1603885836893.run(TempTestSuite1603885836893.groovy:39)
Caused by: java.lang.IllegalArgumentException: Cannot find elements when the selector is null
	at org.openqa.selenium.By$ByCssSelector.<init>(By.java:422)
	at org.openqa.selenium.By.cssSelector(By.java:116)
	at com.kms.katalon.core.webui.common.WebUiCommonHelper.buildLocator(WebUiCommonHelper.java:515)
	at com.kms.katalon.core.webui.common.WebUiCommonHelper.findElementByNormalMethods(WebUiCommonHelper.java:985)
	at com.kms.katalon.core.webui.common.WebUiCommonHelper.findElementsBySelectedMethod(WebUiCommonHelper.java:890)
	at com.kms.katalon.core.webui.common.WebUiCommonHelper.findElementsWithSelfHealing(WebUiCommonHelper.java:794)
	at com.kms.katalon.core.webui.common.WebUiCommonHelper.findWebElements(WebUiCommonHelper.java:717)
	at com.kms.katalon.core.webui.common.WebUiCommonHelper.findWebElement(WebUiCommonHelper.java:1349)
	at com.kms.katalon.core.webui.keyword.internal.WebUIAbstractKeyword.findWebElement(WebUIAbstractKeyword.groovy:27)
	at com.kms.katalon.core.webui.keyword.internal.WebUIAbstractKeyword.findWebElement(WebUIAbstractKeyword.groovy:26)
	at com.kms.katalon.core.webui.keyword.builtin.SetTextKeyword$_setText_closure1.doCall(SetTextKeyword.groovy:51)
	at com.kms.katalon.core.webui.keyword.builtin.SetTextKeyword$_setText_closure1.call(SetTextKeyword.groovy)
	at com.kms.katalon.core.webui.keyword.internal.WebUIKeywordMain.runKeyword(WebUIKeywordMain.groovy:20)
	at com.kms.katalon.core.webui.keyword.builtin.SetTextKeyword.setText(SetTextKeyword.groovy:66)
	at com.kms.katalon.core.webui.keyword.builtin.SetTextKeyword.execute(SetTextKeyword.groovy:37)
	at com.kms.katalon.core.keyword.internal.KeywordExecutor.executeKeywordForPlatform(KeywordExecutor.groovy:73)
	at com.kms.katalon.core.webui.keyword.WebUiBuiltInKeywords.setText(WebUiBuiltInKeywords.groovy:976)
	at com.kms.katalon.core.webui.keyword.WebUiBuiltInKeywords$setText$1.call(Unknown Source)
	at ist_real.Login_IST.I_want_to_login_to_IST(Login_IST.groovy:128)
	at cucumber.runtime.Utils$1.call(Utils.java:26)
	at cucumber.runtime.Timeout.timeout(Timeout.java:16)
	at cucumber.runtime.Utils.invoke(Utils.java:20)
	at cucumber.runtime.java.JavaStepDefinition.execute(JavaStepDefinition.java:48)
	at cucumber.runtime.PickleStepDefinitionMatch.runStep(PickleStepDefinitionMatch.java:50)
	at cucumber.runner.TestStep.executeStep(TestStep.java:55)
	at cucumber.runner.TestStep.run(TestStep.java:42)
	at cucumber.runner.PickleStepTestStep.run(PickleStepTestStep.java:53)
	at cucumber.runner.TestCase.run(TestCase.java:47)
	at cucumber.runner.Runner.runPickle(Runner.java:44)
	at cucumber.runtime.Runtime.runFeature(Runtime.java:120)
	at cucumber.runtime.Runtime.run(Runtime.java:106)
	at cucumber.api.cli.Main.run(Main.java:35)
	at cucumber.api.cli.Main$run.call(Unknown Source)
	at com.kms.katalon.core.cucumber.keyword.CucumberBuiltinKeywords$_runFeatureFile_closure1.doCall(CucumberBuiltinKeywords.groovy:76)
	at com.kms.katalon.core.cucumber.keyword.CucumberBuiltinKeywords$_runFeatureFile_closure1.doCall(CucumberBuiltinKeywords.groovy)
	at com.kms.katalon.core.keyword.internal.KeywordMain.runKeyword(KeywordMain.groovy:68)
	at com.kms.katalon.core.keyword.internal.KeywordMain$runKeyword.call(Unknown Source)
	at com.kms.katalon.core.cucumber.keyword.CucumberBuiltinKeywords.runFeatureFile(CucumberBuiltinKeywords.groovy:46)
	at com.kms.katalon.core.cucumber.keyword.CucumberBuiltinKeywords$runFeatureFile$0.callStatic(Unknown Source)
	at com.kms.katalon.core.cucumber.keyword.CucumberBuiltinKeywords.runFeatureFile(CucumberBuiltinKeywords.groovy:169)
	at com.kms.katalon.core.cucumber.keyword.CucumberBuiltinKeywords$runFeatureFile.call(Unknown Source)
	at Script1601314249788.run(Script1601314249788.groovy:18)
	... 13 more
)
[[ATTACHMENT|/Users/chaidir.pratama01/Katalon Studio/IST_Automation_Git/Reports/20201028_185036/SLIK/TS_SLIK_Gateway_Non_Customer/20201028_185036/1603886275408.png]]

2020-10-28 18:57:55 - [MESSAGE][FAILED] - Login IST with valid credentials FAILED.
Reason:
com.kms.katalon.core.exception.StepFailedException: Unable to set text 'mobile.test' of object 'Object Repository/Page_/input_Username_j_username'
	at com.kms.katalon.core.webui.keyword.internal.WebUIKeywordMain.stepFailed(WebUIKeywordMain.groovy:64)
	at com.kms.katalon.core.webui.keyword.internal.WebUIKeywordMain.runKeyword(WebUIKeywordMain.groovy:26)
	at com.kms.katalon.core.webui.keyword.builtin.SetTextKeyword.setText(SetTextKeyword.groovy:66)
	at com.kms.katalon.core.webui.keyword.builtin.SetTextKeyword.execute(SetTextKeyword.groovy:37)
	at com.kms.katalon.core.keyword.internal.KeywordExecutor.executeKeywordForPlatform(KeywordExecutor.groovy:73)
	at com.kms.katalon.core.webui.keyword.WebUiBuiltInKeywords.setText(WebUiBuiltInKeywords.groovy:976)
	at com.kms.katalon.core.webui.keyword.WebUiBuiltInKeywords$setText$1.call(Unknown Source)
	at ist_real.Login_IST.I_want_to_login_to_IST(Login_IST.groovy:128)
	at .Login IST with valid credentials(/Users/chaidir.pratama01/Katalon Studio/IST_Automation_Git/Include/features/IST_Real/SLIK/SLIK Gateway Non Customer/SLIK_Gateway_Non_Customer_View_Detail_when_Status_APPROVED-SUCCESS.feature:26)
Caused by: java.lang.IllegalArgumentException: Cannot find elements when the selector is null
	at org.openqa.selenium.By$ByCssSelector.<init>(By.java:422)
	at org.openqa.selenium.By.cssSelector(By.java:116)
	at com.kms.katalon.core.webui.common.WebUiCommonHelper.buildLocator(WebUiCommonHelper.java:515)
	at com.kms.katalon.core.webui.common.WebUiCommonHelper.findElementByNormalMethods(WebUiCommonHelper.java:985)
	at com.kms.katalon.core.webui.common.WebUiCommonHelper.findElementsBySelectedMethod(WebUiCommonHelper.java:890)
	at com.kms.katalon.core.webui.common.WebUiCommonHelper.findElementsWithSelfHealing(WebUiCommonHelper.java:794)
	at com.kms.katalon.core.webui.common.WebUiCommonHelper.findWebElements(WebUiCommonHelper.java:717)
	at com.kms.katalon.core.webui.common.WebUiCommonHelper.findWebElement(WebUiCommonHelper.java:1349)
	at com.kms.katalon.core.webui.keyword.internal.WebUIAbstractKeyword.findWebElement(WebUIAbstractKeyword.groovy:27)
	at com.kms.katalon.core.webui.keyword.internal.WebUIAbstractKeyword.findWebElement(WebUIAbstractKeyword.groovy:26)
	at com.kms.katalon.core.webui.keyword.builtin.SetTextKeyword$_setText_closure1.doCall(SetTextKeyword.groovy:51)
	at com.kms.katalon.core.webui.keyword.builtin.SetTextKeyword$_setText_closure1.call(SetTextKeyword.groovy)
	at com.kms.katalon.core.webui.keyword.internal.WebUIKeywordMain.runKeyword(WebUIKeywordMain.groovy:20)
	at com.kms.katalon.core.webui.keyword.builtin.SetTextKeyword.setText(SetTextKeyword.groovy:66)
	at com.kms.katalon.core.webui.keyword.builtin.SetTextKeyword.execute(SetTextKeyword.groovy:37)
	at com.kms.katalon.core.keyword.internal.KeywordExecutor.executeKeywordForPlatform(KeywordExecutor.groovy:73)
	at com.kms.katalon.core.webui.keyword.WebUiBuiltInKeywords.setText(WebUiBuiltInKeywords.groovy:976)
	at com.kms.katalon.core.webui.keyword.WebUiBuiltInKeywords$setText$1.call(Unknown Source)
	at ist_real.Login_IST.I_want_to_login_to_IST(Login_IST.groovy:128)
	at cucumber.runtime.Utils$1.call(Utils.java:26)
	at cucumber.runtime.Timeout.timeout(Timeout.java:16)
	at cucumber.runtime.Utils.invoke(Utils.java:20)
	at cucumber.runtime.java.JavaStepDefinition.execute(JavaStepDefinition.java:48)
	at cucumber.runtime.PickleStepDefinitionMatch.runStep(PickleStepDefinitionMatch.java:50)
	at cucumber.runner.TestStep.executeStep(TestStep.java:55)
	at cucumber.runner.TestStep.run(TestStep.java:42)
	at cucumber.runner.PickleStepTestStep.run(PickleStepTestStep.java:53)
	at cucumber.runner.TestCase.run(TestCase.java:47)
	at cucumber.runner.Runner.runPickle(Runner.java:44)
	at cucumber.runtime.Runtime.runFeature(Runtime.java:120)
	at cucumber.runtime.Runtime.run(Runtime.java:106)
	at cucumber.api.cli.Main.run(Main.java:35)
	at cucumber.api.cli.Main$run.call(Unknown Source)
	at com.kms.katalon.core.cucumber.keyword.CucumberBuiltinKeywords$_runFeatureFile_closure1.doCall(CucumberBuiltinKeywords.groovy:76)
	at com.kms.katalon.core.cucumber.keyword.CucumberBuiltinKeywords$_runFeatureFile_closure1.doCall(CucumberBuiltinKeywords.groovy)
	at com.kms.katalon.core.keyword.internal.KeywordMain.runKeyword(KeywordMain.groovy:68)
	at com.kms.katalon.core.keyword.internal.KeywordMain$runKeyword.call(Unknown Source)
	at com.kms.katalon.core.cucumber.keyword.CucumberBuiltinKeywords.runFeatureFile(CucumberBuiltinKeywords.groovy:46)
	at com.kms.katalon.core.cucumber.keyword.CucumberBuiltinKeywords$runFeatureFile$0.callStatic(Unknown Source)
	at com.kms.katalon.core.cucumber.keyword.CucumberBuiltinKeywords.runFeatureFile(CucumberBuiltinKeywords.groovy:169)
	at com.kms.katalon.core.cucumber.keyword.CucumberBuiltinKeywords$runFeatureFile.call(Unknown Source)
	at SLIK Gateway Non Customer View Detal when Status APPROVED-SUCCESS.run(SLIK Gateway Non Customer View Detal when Status APPROVED-SUCCESS:18)
	at com.kms.katalon.core.main.ScriptEngine.run(ScriptEngine.java:194)
	at com.kms.katalon.core.main.ScriptEngine.runScriptAsRawText(ScriptEngine.java:119)
	at com.kms.katalon.core.main.TestCaseExecutor.runScript(TestCaseExecutor.java:339)
	at com.kms.katalon.core.main.TestCaseExecutor.doExecute(TestCaseExecutor.java:330)
	at com.kms.katalon.core.main.TestCaseExecutor.processExecutionPhase(TestCaseExecutor.java:309)
	at com.kms.katalon.core.main.TestCaseExecutor.accessMainPhase(TestCaseExecutor.java:301)
	at com.kms.katalon.core.main.TestCaseExecutor.execute(TestCaseExecutor.java:235)
	at com.kms.katalon.core.main.TestSuiteExecutor.accessTestCaseMainPhase(TestSuiteExecutor.java:191)
	at com.kms.katalon.core.main.TestSuiteExecutor.accessTestSuiteMainPhase(TestSuiteExecutor.java:141)
	at com.kms.katalon.core.main.TestSuiteExecutor.execute(TestSuiteExecutor.java:90)
	at com.kms.katalon.core.main.TestCaseMain.startTestSuite(TestCaseMain.java:157)
	at com.kms.katalon.core.main.TestCaseMain$startTestSuite$0.call(Unknown Source)
	at TempTestSuite1603885836893.run(TempTestSuite1603885836893.groovy:39)


2020-10-28 18:57:55 - [TEST_STEP][NOT_RUN] - Login Success for contract dispatcher: Login Success for contract dispatcher

2020-10-28 18:57:55 - [MESSAGE][NOT_RUN] - Login Success for contract dispatcher

2020-10-28 18:57:55 - [TEST_STEP][NOT_RUN] - Select Menu SLIK Gateway NonCustomer: Select Menu SLIK Gateway NonCustomer

2020-10-28 18:57:55 - [MESSAGE][NOT_RUN] - Select Menu SLIK Gateway NonCustomer

2020-10-28 18:57:55 - [TEST_STEP][NOT_RUN] - Select Status is "APPROVED": Select Status is "APPROVED"

2020-10-28 18:57:55 - [MESSAGE][NOT_RUN] - Select Status is "APPROVED"

2020-10-28 18:57:55 - [TEST_STEP][NOT_RUN] - Click button "Search": Click button "Search"

2020-10-28 18:57:55 - [MESSAGE][NOT_RUN] - Click button "Search"

2020-10-28 18:57:55 - [TEST_STEP][NOT_RUN] - Verify Search Result Based on Result Status: Verify Search Result Based on Result Status

2020-10-28 18:57:55 - [MESSAGE][NOT_RUN] - Verify Search Result Based on Result Status

2020-10-28 18:57:55 - [TEST_STEP][NOT_RUN] - Click View Detail Link: Click View Detail Link

2020-10-28 18:57:55 - [MESSAGE][NOT_RUN] - Click View Detail Link

2020-10-28 18:57:55 - [TEST_STEP][NOT_RUN] - Take Screenshot "View_detail_NonCutomer.png": Take Screenshot "View_detail_NonCutomer.png"

2020-10-28 18:57:55 - [MESSAGE][NOT_RUN] - Take Screenshot "View_detail_NonCutomer.png"

2020-10-28 18:57:55 - [TEST_STEP][NOT_RUN] - Verify Slik Result Detail Link: Verify Slik Result Detail Link

2020-10-28 18:57:55 - [MESSAGE][NOT_RUN] - Verify Slik Result Detail Link

2020-10-28 18:57:55 - [TEST_STEP][NOT_RUN] - Click button "Logout": Click button "Logout"

2020-10-28 18:57:55 - [MESSAGE][NOT_RUN] - Click button "Logout"

2020-10-28 18:57:55 - [TEST_STEP][NOT_RUN] - Close browser: Close browser

2020-10-28 18:57:55 - [MESSAGE][NOT_RUN] - Close browser

2020-10-28 18:57:55 - [MESSAGE][FAILED] - Feature file 'Include/features/IST_Real/SLIK/SLIK Gateway Non Customer/SLIK_Gateway_Non_Customer_View_Detail_when_Status_APPROVED-SUCCESS.feature' was failed

2020-10-28 18:57:55 - [MESSAGE][FAILED] - Keyword runFeatureFile was failed (Root cause: com.kms.katalon.core.exception.StepFailedException: Feature file 'Include/features/IST_Real/SLIK/SLIK Gateway Non Customer/SLIK_Gateway_Non_Customer_View_Detail_when_Status_APPROVED-SUCCESS.feature' was failed
	at com.kms.katalon.core.keyword.internal.KeywordMain.stepFailed(KeywordMain.groovy:50)
	at com.kms.katalon.core.keyword.internal.KeywordMain.stepFailed(KeywordMain.groovy)
	at com.kms.katalon.core.keyword.internal.KeywordMain.stepFailed(KeywordMain.groovy:23)
	at com.kms.katalon.core.keyword.internal.KeywordMain$stepFailed$0.call(Unknown Source)
	at com.kms.katalon.core.cucumber.keyword.CucumberBuiltinKeywords$_runFeatureFile_closure1.doCall(CucumberBuiltinKeywords.groovy:82)
	at com.kms.katalon.core.cucumber.keyword.CucumberBuiltinKeywords$_runFeatureFile_closure1.doCall(CucumberBuiltinKeywords.groovy)
	at com.kms.katalon.core.keyword.internal.KeywordMain.runKeyword(KeywordMain.groovy:68)
	at com.kms.katalon.core.keyword.internal.KeywordMain$runKeyword.call(Unknown Source)
	at com.kms.katalon.core.cucumber.keyword.CucumberBuiltinKeywords.runFeatureFile(CucumberBuiltinKeywords.groovy:46)
	at com.kms.katalon.core.cucumber.keyword.CucumberBuiltinKeywords$runFeatureFile$0.callStatic(Unknown Source)
	at com.kms.katalon.core.cucumber.keyword.CucumberBuiltinKeywords.runFeatureFile(CucumberBuiltinKeywords.groovy:169)
	at com.kms.katalon.core.cucumber.keyword.CucumberBuiltinKeywords$runFeatureFile.call(Unknown Source)
	at SLIK Gateway Non Customer View Detal when Status APPROVED-SUCCESS.run(SLIK Gateway Non Customer View Detal when Status APPROVED-SUCCESS:18)
	at com.kms.katalon.core.main.ScriptEngine.run(ScriptEngine.java:194)
	at com.kms.katalon.core.main.ScriptEngine.runScriptAsRawText(ScriptEngine.java:119)
	at com.kms.katalon.core.main.TestCaseExecutor.runScript(TestCaseExecutor.java:339)
	at com.kms.katalon.core.main.TestCaseExecutor.doExecute(TestCaseExecutor.java:330)
	at com.kms.katalon.core.main.TestCaseExecutor.processExecutionPhase(TestCaseExecutor.java:309)
	at com.kms.katalon.core.main.TestCaseExecutor.accessMainPhase(TestCaseExecutor.java:301)
	at com.kms.katalon.core.main.TestCaseExecutor.execute(TestCaseExecutor.java:235)
	at com.kms.katalon.core.main.TestSuiteExecutor.accessTestCaseMainPhase(TestSuiteExecutor.java:191)
	at com.kms.katalon.core.main.TestSuiteExecutor.accessTestSuiteMainPhase(TestSuiteExecutor.java:141)
	at com.kms.katalon.core.main.TestSuiteExecutor.execute(TestSuiteExecutor.java:90)
	at com.kms.katalon.core.main.TestCaseMain.startTestSuite(TestCaseMain.java:157)
	at com.kms.katalon.core.main.TestCaseMain$startTestSuite$0.call(Unknown Source)
	at TempTestSuite1603885836893.run(TempTestSuite1603885836893.groovy:39)
)]]></system-out>
         <system-err><![CDATA[2020-10-28 18:57:17 - [TEST_CASE][FAILED] - Test Cases/IST_Real/SLIK/SLIK_Gateway_Non_Customer/SLIK Gateway Non Customer View Detal when Status APPROVED-SUCCESS: Test Cases/IST_Real/SLIK/SLIK_Gateway_Non_Customer/SLIK Gateway Non Customer View Detal when Status APPROVED-SUCCESS FAILED.
Reason:
com.kms.katalon.core.exception.StepFailedException: Feature file 'Include/features/IST_Real/SLIK/SLIK Gateway Non Customer/SLIK_Gateway_Non_Customer_View_Detail_when_Status_APPROVED-SUCCESS.feature' was failed
	at com.kms.katalon.core.keyword.internal.KeywordMain.stepFailed(KeywordMain.groovy:50)
	at com.kms.katalon.core.keyword.internal.KeywordMain.stepFailed(KeywordMain.groovy)
	at com.kms.katalon.core.keyword.internal.KeywordMain.stepFailed(KeywordMain.groovy:23)
	at com.kms.katalon.core.keyword.internal.KeywordMain$stepFailed$0.call(Unknown Source)
	at com.kms.katalon.core.cucumber.keyword.CucumberBuiltinKeywords$_runFeatureFile_closure1.doCall(CucumberBuiltinKeywords.groovy:82)
	at com.kms.katalon.core.cucumber.keyword.CucumberBuiltinKeywords$_runFeatureFile_closure1.doCall(CucumberBuiltinKeywords.groovy)
	at com.kms.katalon.core.keyword.internal.KeywordMain.runKeyword(KeywordMain.groovy:68)
	at com.kms.katalon.core.keyword.internal.KeywordMain$runKeyword.call(Unknown Source)
	at com.kms.katalon.core.cucumber.keyword.CucumberBuiltinKeywords.runFeatureFile(CucumberBuiltinKeywords.groovy:46)
	at com.kms.katalon.core.cucumber.keyword.CucumberBuiltinKeywords$runFeatureFile$0.callStatic(Unknown Source)
	at com.kms.katalon.core.cucumber.keyword.CucumberBuiltinKeywords.runFeatureFile(CucumberBuiltinKeywords.groovy:169)
	at com.kms.katalon.core.cucumber.keyword.CucumberBuiltinKeywords$runFeatureFile.call(Unknown Source)
	at SLIK Gateway Non Customer View Detal when Status APPROVED-SUCCESS.run(SLIK Gateway Non Customer View Detal when Status APPROVED-SUCCESS:18)
	at com.kms.katalon.core.main.ScriptEngine.run(ScriptEngine.java:194)
	at com.kms.katalon.core.main.ScriptEngine.runScriptAsRawText(ScriptEngine.java:119)
	at com.kms.katalon.core.main.TestCaseExecutor.runScript(TestCaseExecutor.java:339)
	at com.kms.katalon.core.main.TestCaseExecutor.doExecute(TestCaseExecutor.java:330)
	at com.kms.katalon.core.main.TestCaseExecutor.processExecutionPhase(TestCaseExecutor.java:309)
	at com.kms.katalon.core.main.TestCaseExecutor.accessMainPhase(TestCaseExecutor.java:301)
	at com.kms.katalon.core.main.TestCaseExecutor.execute(TestCaseExecutor.java:235)
	at com.kms.katalon.core.main.TestSuiteExecutor.accessTestCaseMainPhase(TestSuiteExecutor.java:191)
	at com.kms.katalon.core.main.TestSuiteExecutor.accessTestSuiteMainPhase(TestSuiteExecutor.java:141)
	at com.kms.katalon.core.main.TestSuiteExecutor.execute(TestSuiteExecutor.java:90)
	at com.kms.katalon.core.main.TestCaseMain.startTestSuite(TestCaseMain.java:157)
	at com.kms.katalon.core.main.TestCaseMain$startTestSuite$0.call(Unknown Source)
	at TempTestSuite1603885836893.run(TempTestSuite1603885836893.groovy:39)]]></system-err>
      </testcase>
      <system-out><![CDATA[2020-10-28 18:50:43 - [TEST_SUITE][FAILED] - TS_SLIK_Gateway_Non_Customer: Test Cases/IST_Real/SLIK/SLIK_Gateway_Non_Customer/SLIK Gateway Non Customer View Detal when Status APPROVED-SUCCESS FAILED.
Reason:
com.kms.katalon.core.exception.StepFailedException: Feature file 'Include/features/IST_Real/SLIK/SLIK Gateway Non Customer/SLIK_Gateway_Non_Customer_View_Detail_when_Status_APPROVED-SUCCESS.feature' was failed
	at com.kms.katalon.core.keyword.internal.KeywordMain.stepFailed(KeywordMain.groovy:50)
	at com.kms.katalon.core.keyword.internal.KeywordMain.stepFailed(KeywordMain.groovy)
	at com.kms.katalon.core.keyword.internal.KeywordMain.stepFailed(KeywordMain.groovy:23)
	at com.kms.katalon.core.keyword.internal.KeywordMain$stepFailed$0.call(Unknown Source)
	at com.kms.katalon.core.cucumber.keyword.CucumberBuiltinKeywords$_runFeatureFile_closure1.doCall(CucumberBuiltinKeywords.groovy:82)
	at com.kms.katalon.core.cucumber.keyword.CucumberBuiltinKeywords$_runFeatureFile_closure1.doCall(CucumberBuiltinKeywords.groovy)
	at com.kms.katalon.core.keyword.internal.KeywordMain.runKeyword(KeywordMain.groovy:68)
	at com.kms.katalon.core.keyword.internal.KeywordMain$runKeyword.call(Unknown Source)
	at com.kms.katalon.core.cucumber.keyword.CucumberBuiltinKeywords.runFeatureFile(CucumberBuiltinKeywords.groovy:46)
	at com.kms.katalon.core.cucumber.keyword.CucumberBuiltinKeywords$runFeatureFile$0.callStatic(Unknown Source)
	at com.kms.katalon.core.cucumber.keyword.CucumberBuiltinKeywords.runFeatureFile(CucumberBuiltinKeywords.groovy:169)
	at com.kms.katalon.core.cucumber.keyword.CucumberBuiltinKeywords$runFeatureFile.call(Unknown Source)
	at SLIK Gateway Non Customer View Detal when Status APPROVED-SUCCESS.run(SLIK Gateway Non Customer View Detal when Status APPROVED-SUCCESS:18)
	at com.kms.katalon.core.main.ScriptEngine.run(ScriptEngine.java:194)
	at com.kms.katalon.core.main.ScriptEngine.runScriptAsRawText(ScriptEngine.java:119)
	at com.kms.katalon.core.main.TestCaseExecutor.runScript(TestCaseExecutor.java:339)
	at com.kms.katalon.core.main.TestCaseExecutor.doExecute(TestCaseExecutor.java:330)
	at com.kms.katalon.core.main.TestCaseExecutor.processExecutionPhase(TestCaseExecutor.java:309)
	at com.kms.katalon.core.main.TestCaseExecutor.accessMainPhase(TestCaseExecutor.java:301)
	at com.kms.katalon.core.main.TestCaseExecutor.execute(TestCaseExecutor.java:235)
	at com.kms.katalon.core.main.TestSuiteExecutor.accessTestCaseMainPhase(TestSuiteExecutor.java:191)
	at com.kms.katalon.core.main.TestSuiteExecutor.accessTestSuiteMainPhase(TestSuiteExecutor.java:141)
	at com.kms.katalon.core.main.TestSuiteExecutor.execute(TestSuiteExecutor.java:90)
	at com.kms.katalon.core.main.TestCaseMain.startTestSuite(TestCaseMain.java:157)
	at com.kms.katalon.core.main.TestCaseMain$startTestSuite$0.call(Unknown Source)
	at TempTestSuite1603885836893.run(TempTestSuite1603885836893.groovy:39)]]></system-out>
      <system-err><![CDATA[2020-10-28 18:50:43 - [TEST_SUITE][FAILED] - TS_SLIK_Gateway_Non_Customer: Test Cases/IST_Real/SLIK/SLIK_Gateway_Non_Customer/SLIK Gateway Non Customer View Detal when Status APPROVED-SUCCESS FAILED.
Reason:
com.kms.katalon.core.exception.StepFailedException: Feature file 'Include/features/IST_Real/SLIK/SLIK Gateway Non Customer/SLIK_Gateway_Non_Customer_View_Detail_when_Status_APPROVED-SUCCESS.feature' was failed
	at com.kms.katalon.core.keyword.internal.KeywordMain.stepFailed(KeywordMain.groovy:50)
	at com.kms.katalon.core.keyword.internal.KeywordMain.stepFailed(KeywordMain.groovy)
	at com.kms.katalon.core.keyword.internal.KeywordMain.stepFailed(KeywordMain.groovy:23)
	at com.kms.katalon.core.keyword.internal.KeywordMain$stepFailed$0.call(Unknown Source)
	at com.kms.katalon.core.cucumber.keyword.CucumberBuiltinKeywords$_runFeatureFile_closure1.doCall(CucumberBuiltinKeywords.groovy:82)
	at com.kms.katalon.core.cucumber.keyword.CucumberBuiltinKeywords$_runFeatureFile_closure1.doCall(CucumberBuiltinKeywords.groovy)
	at com.kms.katalon.core.keyword.internal.KeywordMain.runKeyword(KeywordMain.groovy:68)
	at com.kms.katalon.core.keyword.internal.KeywordMain$runKeyword.call(Unknown Source)
	at com.kms.katalon.core.cucumber.keyword.CucumberBuiltinKeywords.runFeatureFile(CucumberBuiltinKeywords.groovy:46)
	at com.kms.katalon.core.cucumber.keyword.CucumberBuiltinKeywords$runFeatureFile$0.callStatic(Unknown Source)
	at com.kms.katalon.core.cucumber.keyword.CucumberBuiltinKeywords.runFeatureFile(CucumberBuiltinKeywords.groovy:169)
	at com.kms.katalon.core.cucumber.keyword.CucumberBuiltinKeywords$runFeatureFile.call(Unknown Source)
	at SLIK Gateway Non Customer View Detal when Status APPROVED-SUCCESS.run(SLIK Gateway Non Customer View Detal when Status APPROVED-SUCCESS:18)
	at com.kms.katalon.core.main.ScriptEngine.run(ScriptEngine.java:194)
	at com.kms.katalon.core.main.ScriptEngine.runScriptAsRawText(ScriptEngine.java:119)
	at com.kms.katalon.core.main.TestCaseExecutor.runScript(TestCaseExecutor.java:339)
	at com.kms.katalon.core.main.TestCaseExecutor.doExecute(TestCaseExecutor.java:330)
	at com.kms.katalon.core.main.TestCaseExecutor.processExecutionPhase(TestCaseExecutor.java:309)
	at com.kms.katalon.core.main.TestCaseExecutor.accessMainPhase(TestCaseExecutor.java:301)
	at com.kms.katalon.core.main.TestCaseExecutor.execute(TestCaseExecutor.java:235)
	at com.kms.katalon.core.main.TestSuiteExecutor.accessTestCaseMainPhase(TestSuiteExecutor.java:191)
	at com.kms.katalon.core.main.TestSuiteExecutor.accessTestSuiteMainPhase(TestSuiteExecutor.java:141)
	at com.kms.katalon.core.main.TestSuiteExecutor.execute(TestSuiteExecutor.java:90)
	at com.kms.katalon.core.main.TestCaseMain.startTestSuite(TestCaseMain.java:157)
	at com.kms.katalon.core.main.TestCaseMain$startTestSuite$0.call(Unknown Source)
	at TempTestSuite1603885836893.run(TempTestSuite1603885836893.groovy:39)]]></system-err>
   </testsuite>
</testsuites>
